----------------------- Start VH IOR 2024-03-21_17-55-15 -----------------------

 Intel(r) Performance Counter Monitor (2022-11-24 10:18:12 +0100 ID=1b16bb4e)


PCM Info: setrlimit for file limit 1000000 failed with error Operation not permitted

=====  Processor information  =====

 Intel(r) Performance Counter Monitor (2022-11-24 10:18:12 +0100 ID=1b16bb4e)


PCM Info: setrlimit for file limit 1000000 failed with error Operation not permitted


=====  Processor information  =====
 Intel(r) Performance Counter Monitor 
(2022-11-24 10:18:12 +0100 ID=1b16bb4e) Intel(r) Performance Counter Monitor 

(2022-11-24 10:18:12 +0100 ID=1b16bb4e) Intel(r) Performance Counter Monitor 

(2022-11-24 10:18:12 +0100 ID=1b16bb4e)






 Intel(r) Performance Counter Monitor (2022-11-24 10:18:12 +0100 ID=1b16bb4e)PCM Info: setrlimit for file limit 

1000000
 failed with error PCM Info: setrlimit for file limit 1000000PCM Info: setrlimit for file limit Operation not permitted failed with error Linux arch_perfmon flag  : Operation not permitted
PCM Info: setrlimit for file limit 10000001000000
yes failed with error  failed with error Operation not permitted

Hybrid processor         : noOperation not permitted

IBRS and IBPB supported  : 
=====  Processor information  =====
yes
=====  Processor information  =====

STIBP supported          : yes
=====  Processor information  =====

Spec arch caps supported : yes
Max CPUID level          : 22
CPU model number         : 85
=====  Processor information  =====


 Intel(r) Performance Counter Monitor Linux arch_perfmon flag  : (2022-11-24 10:18:12 +0100 ID=1b16bb4e)
yes

Linux arch_perfmon flag  : 
Hybrid processor         : Linux arch_perfmon flag  : yesno
yes Intel(r) Performance Counter Monitor Number of physical cores: 

PCM Info: setrlimit for file limit 
(2022-11-24 10:18:12 +0100 ID=1b16bb4e)Hybrid processor         : 16IBRS and IBPB supported  : 1000000Hybrid processor         : 
no
yes failed with error no

Number of logical cores: 
Operation not permitted

IBRS and IBPB supported  : 16STIBP supported          : 
IBRS and IBPB supported  : yes
yesyes
PCM Info: setrlimit for file limit Number of online logical cores: 

STIBP supported          : 1000000
=====  Processor information  =====
16Spec arch caps supported : STIBP supported          : yes failed with error 
yesyes
Threads (logical cores) per physical core: Operation not permitted

Spec arch caps supported : 1
Max CPUID level          : Spec arch caps supported : yes
22yes
Num sockets: 

Max CPUID level          : 2
=====  Processor information  =====
CPU model number         : Max CPUID level          : 22
8522
CPU model number         : Physical cores per socket: 858



Last level cache slices per socket: 0Linux arch_perfmon flag  : CPU model number         : 
yes85Core PMU (perfmon) version: 

4Hybrid processor         : 
noNumber of core PMU generic (programmable) counters: 
8IBRS and IBPB supported  : 
yesWidth of generic (programmable) counters: 
48STIBP supported          :  bits
yesNumber of core PMU fixed counters: 
3Spec arch caps supported : 
yesWidth of fixed counters: 
48Max CPUID level          :  bits
22Nominal core frequency: 
2100000000CPU model number         :  Hz
85IBRS enabled in the kernel   : 
no
STIBP enabled in the kernel  : no
The processor is not susceptible to Rogue Data Cache Load: no
The processor supports enhanced IBRS                     : no

=====  Processor topology  =====
OS_Processor    Thread_Id       Core_Id         Tile_Id         Package_Id      Core_Type   Native_CPU_Model
0               0               0               0               0               invalid         -1              
1               0               1               1               0               invalid       Number of physical cores:   Number of physical cores: 16-1              
Number of physical cores: 
162               Number of logical cores: 16
0               16
Number of logical cores: 2               
Number of logical cores: 162               Number of online logical cores: 16
0               16
Number of online logical cores: invalid
Number of online logical cores: 16 Threads (logical cores) per physical core: 16
 1
Threads (logical cores) per physical core:  
Threads (logical cores) per physical core: 1 Num sockets: 1
 2
Num sockets:  
Num sockets: 2 Physical cores per socket: 2
 8
Physical cores per socket:  -1              
3               0               3               3               0               invalid 
  Physical cores per socket: Last level cache slices per socket:  880 


 Last level cache slices per socket: Last level cache slices per socket: Core PMU (perfmon) version:  004 


 Core PMU (perfmon) version: Core PMU (perfmon) version: Number of core PMU generic (programmable) counters: -1              44
8

Number of core PMU generic (programmable) counters: 
4               Number of core PMU generic (programmable) counters: 8Width of generic (programmable) counters: 0               8
484               
Width of generic (programmable) counters:  bits
4               Width of generic (programmable) counters: 48Number of core PMU fixed counters: 0               48 bits
Number of core PMU fixed counters: 3invalid bits
3
 Number of core PMU fixed counters: 
Width of fixed counters:  3Width of fixed counters: 48 
48 bits
 Width of fixed counters:  bits
Nominal core frequency:  48Nominal core frequency: 2100000000  bits
2100000000 Hz
 Nominal core frequency:  Hz
IBRS enabled in the kernel   :  2100000000IBRS enabled in the kernel   : no  Hz
no
-1              IBRS enabled in the kernel   : 
STIBP enabled in the kernel  : 
noSTIBP enabled in the kernel  : nono5               

The processor is not susceptible to Rogue Data Cache Load: no
The processor supports enhanced IBRS                     : no

=====  Processor topology  =====
OS_Processor    Thread_Id       Core_Id         Tile_Id         Package_Id      Core_Type   Native_CPU_Model
0               0               0               0               0               invalid        
 -1              0               
The processor is not susceptible to Rogue Data Cache Load: STIBP enabled in the kernel  : 5               1               nono5               0               

0               1               The processor supports enhanced IBRS                     : The processor is not susceptible to Rogue Data Cache Load: invalid1               nono 0               

 invalid
=====  Processor topology  =====
The processor supports enhanced IBRS                     :   OS_Processor    Thread_Id       Core_Id         Tile_Id         Package_Id      Core_Type   Native_CPU_Model
no  0               
  0               
=====  Processor topology  =====
  0               OS_Processor    Thread_Id       Core_Id         Tile_Id         Package_Id      Core_Type   Native_CPU_Model
   0               0                 0               0               -1               invalid0               
  0                  0               6               -1                invalid0               
   6               2                  6               0               -1                0               2               
 1               invalid2                 0                0                 1                invalid         -1              
3               0               3               3               0               invalid      -1                 -1              

4               1               0               0               4               1               4               1               0               0               invalidinvalid1                    Linux arch_perfmon flag  : 0                  yesinvalid   
    Hybrid processor         :     no     
     IBRS and IBPB supported  :    -1               yes -1              
5               
-1              
-1              0               7               
STIBP supported          : yes

5               0               2               Spec arch caps supported : 2               5               7               0               yes0               0               7               2               
2               invalid0               2               Max CPUID level          : 2                invalid0               220                 invalid
invalid       CPU model number         :       85     
    -1                 
   3               -1                0               
  3               6               -1               3               0               
-1              0               6               8               
invalid 6               0               3                    0               0               0                 invalid8               3                 1               3               -1               invalid0               
   invalid4                   0                  4                  4                  0                  invalid-1                 
       7               -1                 0               
  7               9               -1              -1              7               0               

0               1               4               5               invalid9               0               0                 1               4               5                invalid4               5                 0               0                 invalidinvalid                     -1              -1                

  6               8                 0               0               -1               6               6               0               
 0               8               10              -1              invalid    1               0               
  invalid2               5                  10              0                 1               5               -1               invalid5               
  0               7                 invalid0                  7                  7                  0                  invalid    -1                 
    9                   0               -1               -1              1               
 
9               11              -1              8               1               0               
0               invalid3               6               0                11              0               8                1               6               1                invalid6               invalid     0                  invalid           -1                 
   9               -1                0               
  1               10                9               0               -1               1               2               
 invalid  10              12              -1                  1               0               
  invalid4               7                 12              0               -1               1               7               
 invalid7               10                0               0                 invalid2                   10                 1                  invalid -1                     
    11                 0                 -1              3               -1               
11              
 11              1               13              -1              0               invalid0               
3               11               5               8               1                  13              0               invalid 1               0                     invalid8                   1                  invalid    -1              -1                

  12              12                0               0                 4               4                 12              12                1               1               -1               invalid    invalid
    14              -1                0               
   6               9               -1               14              0               
 1               1               13               invalid9               0                 1               5                 invalid13                 1               -1                invalid  
      13                  0                  5                 -1              13                
1               -1               14              invalid
 0                15              -1              6                0               
14               7               10              1                15              0               invalid     1               2                 invalid10                   1                   -1               invalid
 -1               14               Linux arch_perfmon flag  :  
0               Number of physical cores:   15              Linux arch_perfmon flag  : 6               yes 16 0               14              
 yes
 7               1               Hybrid processor         :  
Number of logical cores:  15              invalidno-1              Hybrid processor         : 16 1                 

no
 invalid  IBRS and IBPB supported  : =====  Placement on packages  =====

Number of online logical cores:   -1                yesPackage Id.    Core Id.     Processors
IBRS and IBPB supported  : 16 
  
0              yes
 11               STIBP supported          : 0
Threads (logical cores) per physical core:  0               -1              yes,STIBP supported          : 1 3               

1yes
 11              15              Spec arch caps supported : yes,
Num sockets:  1               0               
2Spec arch caps supported : 2 invalid7               Max CPUID level          : ,yes
  15              223
Physical cores per socket: -1               1               
,Max CPUID level          : 8
 invalid    CPU model number         : 422
=====  Placement on packages  =====
   85,
Last level cache slices per socket: Package Id.    Core Id.     Processors
   
5CPU model number         : 00                 ,85
0  -1              6
Core PMU (perfmon) version: ,-1              
,41
=====  Placement on packages  =====
7
,12              Package Id.    Core Id.     Processors

Number of core PMU generic (programmable) counters: 20               0              1              8,4               00
312              ,,Width of generic (programmable) counters: ,1               11484invalid   ,, bits
,   22Number of core PMU fixed counters: 5  ,,3, 33
6-1              ,,Width of fixed counters: ,
4448713              ,, bits

0               55Nominal core frequency: 1              5               ,,2100000000013              66 Hz
,1               ,,IBRS enabled in the kernel   : 1invalid    77no,   


2  1              
=====  Core/Tile sharing  =====
STIBP enabled in the kernel  : ,-1              0Level      Processors
Core       no3
,(
,14              10The processor is not susceptible to Rogue Data Cache Load: 40               ,)no,6               2(
514              ,1The processor supports enhanced IBRS                     : ,1               3)no6invalid ,(
,     42
=====  Processor topology  =====
7  ,)OS_Processor    Thread_Id       Core_Id         Tile_Id         Package_Id      Core_Type   Native_CPU_Model

 5(0               
=====  Core/Tile sharing  =====
-1              ,30               Level      Processors
Core       
6)0               (15              ,(0               00               740               )7               15              
)invalid(1               
=====  Core/Tile sharing  =====
( 1invalidLevel      Processors
Core       5 )     () (  0( 2 )6 ) () (-1              1( 3
)7 )=====  Placement on packages  =====
() (Package Id.    Core Id.     Processors
2(-1              40              )8
)0()1               (,3(0               51)91               ),()1               (24(0               6,)10invalid)3() (,5( 74)11 ),() (56( 8,)12 )6() (,7( 97)13 )
()-1              (1              8(
100)142               ),()0               (19(2               11,)152               )2()0               (,10
Tile / L2$ invalid123)( ),(0 (411) 13,)( )5(1 (,12) 146,)( )7(132 (
)) 15
=====  Core/Tile sharing  =====
((-1              )Level      Processors
Core       143

Tile / L2$ ())3               (0((0               0)1543               )())3               (1
Tile / L2$ (0               1)(5invalid)(0) (2)( 2)(6 )(1) (3)( 3)(7 )(2) (4))( 4((8 )53)-1              ())(
5((94               )6)4)0               (()(4               67(104               ))5)0               (()(invalid78)(11 )(6) (9)( 8)(12 )(7) (10))( 9((13 )118) ())( 10((14-1              )129)
()()(5               1113(150               ))10)5               (()
5               1214(
0               ))11invalidPackage thermal spec power: (() 01315(  Watt; ))12 Package minimum power: (
Tile / L2$ ) 014((13  Watt; )0) Package maximum power: ()( 015(14  Watt;
)1) 
)(-1              
(15
2)Package thermal spec power: 6               )
00               (
 Watt; 6               3Package minimum power: Package thermal spec power: 6               )000               ( Watt;  Watt; invalid4Package maximum power: Package minimum power:  )00 ( Watt;
 Watt;  5Package maximum power:  )0 ( Watt;
 6 ) ( 7-1              )
(7               80               )7               (7               90               )invalid( 10 ) ( 11 ) ( 12 ) (-1              13
)8               (0               140               )8               (1               15invalid
) 
 
  Package thermal spec power:  0  Watt;  Can't open MCFG table. Check permission of Package minimum power:  /sys/firmware/acpi/tables/MCFG0 
 Watt; -1              Can't open MCFG table. Check permission of Package maximum power: 


/sys/firmware/acpi/tables/MCFG109               
Can't open MCFG table. Check permission of  Watt;
0               Can't open MCFG table. Check permission of /sys/firmware/acpi/tables/MCFGCan't open MCFG table. Check permission of 1               /pcm/sys/firmware/acpi/tables/MCFG
/sys/firmware/acpi/tables/MCFG9               
Can't open MCFG table. Check permission of 
1               Can't open MCFG table. Check permission of /sys/firmware/acpi/tables/MCFG1Can't open MCFG table. Check permission of invalid/pcm/sys/firmware/acpi/tables/MCFG1
/sys/firmware/acpi/tables/MCFG1 
Can't open MCFG table. Check permission of 
 /pcm/sys/firmware/acpi/tables/MCFGCan't open MCFG table. Check permission of  
/pcm/sys/firmware/acpi/tables/MCFG Can't open MCFG table. Check permission of 
 /pcm/sys/firmware/acpi/tables/MCFG1Can't open MCFG table. Check permission of WARNING: enumeration of devices in UncorePMUDiscovery failed
 
/pcm/sys/firmware/acpi/tables/MCFG1 
  -1              
10              0               2               10              WARNING: enumeration of devices in UncorePMUDiscovery failed
1               invalid    WARNING: enumeration of devices in UncorePMUDiscovery failed
     -1              
11              0               
3               11              1               invalid         -1              
12              Can't open MCFG table. Check permission of 0               4               /sys/firmware/acpi/tables/MCFG12              
1               INFO: Linux perf interface to program uncore PMUs is Can't open MCFG table. Check permission of invalidINFO: Linux perf interface to program uncore PMUs is present
/sys/firmware/acpi/tables/MCFG1INFO: Linux perf interface to program uncore PMUs is  present
INFO: using Linux perf interface to program uncore PMUs because env variable PCM_USE_UNCORE_PERF=1

present
  INFO: using Linux perf interface to program uncore PMUs because env variable PCM_USE_UNCORE_PERF=1
INFO: Secure Boot detected. Using Linux perf for uncore PMU programming.
Can't open MCFG table. Check permission of INFO: using Linux perf interface to program uncore PMUs because env variable PCM_USE_UNCORE_PERF=1
 INFO: Secure Boot detected. Using Linux perf for uncore PMU programming.
/pcm/sys/firmware/acpi/tables/MCFGINFO: Secure Boot detected. Using Linux perf for uncore PMU programming.
 
 Can't open MCFG table. Check permission of  /pcm/sys/firmware/acpi/tables/MCFG1 
 -1              
13              0               5               13              1               invalid   WARNING: enumeration of devices in UncorePMUDiscovery failed
      -1              
14              0               6               14              1               invalid         -1              
15              0               7               15              1               invalid         -1              
=====  Placement on packages  =====
Package Id.    Core Id.     Processors
0              0,1,2,3,4,5,6,7
1              0,1,2,3,4,5,6,7

=====  Core/Tile sharing  =====
Level      Processors
Core       (0)(1)(2)(3)(4)(5)(6)(7)(8)(9)(10)(11)(12)(13)(14)(15)
Tile / L2$ (0)(1)(2)(3)(4)(5)(6)(7)(8)(9)(10)(11)(12)(13)(14)(15)

Package thermal spec power: 0 Watt; Package minimum power: 0 Watt; Package maximum power: 0 Watt;

Can't open MCFG table. Check permission of /sys/firmware/acpi/tables/MCFG
Can't open MCFG table. Check permission of /sys/firmware/acpi/tables/MCFG1
Can't open MCFG table. Check permission of /pcm/sys/firmware/acpi/tables/MCFG
Can't open MCFG table. Check permission of /pcm/sys/firmware/acpi/tables/MCFG1
WARNING: enumeration of devices in UncorePMUDiscovery failed
INFO: Linux perf interface to program uncore PMUs is present
INFO: using Linux perf interface to program uncore PMUs because env variable PCM_USE_UNCORE_PERF=1
INFO: Secure Boot detected. Using Linux perf for uncore PMU programming.
INFO: Linux perf interface to program uncore PMUs is present
INFO: using Linux perf interface to program uncore PMUs because env variable PCM_USE_UNCORE_PERF=1
INFO: Secure Boot detected. Using Linux perf for uncore PMU programming.
Socket 0: 2 memory controllers detected with total number of 6 channels. 2 UPI ports detected. 2 M2M (mesh to memory) blocks detected. 0 Home Agents detected. 2 M3UPI blocks detected.
Socket 0Socket : 02:  memory controllers detected with total number of 26 memory controllers detected with total number of  channels. 62 channels.  2UPI  ports detected.UPI  ports detected.2  M2M (mesh to memory) blocks detected. 20 M2M (mesh to memory) blocks detected.  Home Agents detected. 02 Home Agents detected.  M3UPI blocks detected.
2 M3UPI blocks detected.
Socket 0: 2 memory controllers detected with total number of 6 channels. 2 UPI ports detected. 2 M2M (mesh to memory) blocks detected. 0 Home Agents detected. 2 M3UPI blocks detected.
Socket 0: 2 memory controllers detected with total number of 6 channels. 2 UPI ports detected. 2 M2M (mesh to memory) blocks detected. 0 Home Agents detected. 2 M3UPI blocks detected.
Socket 1: 2 memory controllers detected with total number of 6 channels. 2 UPI ports detected. 2 M2M (mesh to memory) blocks detected. 0 Home Agents detected. 2 M3UPI blocks detected.
Socket 1: 2 memory controllers detected with total number of 6 channels. 2 UPI ports detected. 2 M2M (mesh to memory) blocks detected. 0 Home Agents detected. 2 M3UPI blocks detected.
Socket 1: 2 memory controllers detected with total number of 6 channels. 2 UPI ports detected. 2 M2M (mesh to memory) blocks detected. 0 Home Agents detected. 2 M3UPI blocks detected.
Socket 1: 2 memory controllers detected with total number of 6 channels. 2 UPI ports detected. 2 M2M (mesh to memory) blocks detected. 0 Home Agents detected. 2 M3UPI blocks detected.
Socket 1: 2 memory controllers detected with total number of 6 channels. 2 UPI ports detected. 2 M2M (mesh to memory) blocks detected. 0 Home Agents detected. 2 M3UPI blocks detected.
Number of physical cores: 16
Number of logical cores: 16
Number of online logical cores: 16
Threads (logical cores) per physical core: 1
Num sockets: 2
Physical cores per socket: Number of physical cores: 8
Last level cache slices per socket: 160

Number of logical cores: Core PMU (perfmon) version: 164

Number of online logical cores: Number of core PMU generic (programmable) counters: 168

Threads (logical cores) per physical core: Width of generic (programmable) counters: 148
 bits
Num sockets: Number of core PMU fixed counters: 23

Physical cores per socket: Width of fixed counters: 848
 bits
Last level cache slices per socket: Nominal core frequency: 02100000000
 Hz
Core PMU (perfmon) version: IBRS enabled in the kernel   : 4no

Number of core PMU generic (programmable) counters: STIBP enabled in the kernel  : 8no

Width of generic (programmable) counters: The processor is not susceptible to Rogue Data Cache Load: 48no bits

Number of core PMU fixed counters: The processor supports enhanced IBRS                     : 3no

Width of fixed counters: 48 bits

=====  Processor topology  =====
Nominal core frequency: OS_Processor    Thread_Id       Core_Id         Tile_Id         Package_Id      Core_Type   Native_CPU_Model
21000000000                Hz
0               IBRS enabled in the kernel   : 0               no0               
0               STIBP enabled in the kernel  : invalidno 
 The processor is not susceptible to Rogue Data Cache Load:  no 
 The processor supports enhanced IBRS                     :  no 
  
=====  Processor topology  =====
-1              OS_Processor    Thread_Id       Core_Id         Tile_Id         Package_Id      Core_Type   Native_CPU_Model

0               0               1               0               0               0               1               0               1               invalid0                invalid                -1               
-1              
1               2               0               0               1               2               1               2               0               0               invalidinvalid                  -1              -1              

2               3               0               0               2               3               2               3               0               0               invalidinvalid                  -1              -1              

3               4               0               0               3               4               3               4               0               0               invalidinvalid                  -1              -1              

4               5               0               0               4               5               4               5               0               0               invalidinvalid                  -1              -1              

5               6               0               0               5               6               5               6               0               0               invalidinvalid                  -1              -1              

6               7               0               0               6               7               6               7               0               0               invalidinvalid                Number of physical cores:  16 -1              
-1              
Number of logical cores: 
7               168               0               
0               7               Number of online logical cores: 0               7               168               0               
1               invalidThreads (logical cores) per physical core: invalid  1   
   Num sockets:    2   
-1               Physical cores per socket: 
 89                
0                Last level cache slices per socket: 1               -1              09               

1               8               Core PMU (perfmon) version: invalid 0               4     0               
  8               Number of core PMU generic (programmable) counters:  1               8-1              invalid

 Width of generic (programmable) counters: 10               480               2                 bits
10               Number of core PMU fixed counters: 1                3invalid 
     Width of fixed counters:    48    bits
 -1              Nominal core frequency: -1              
2100000000
9                Hz
11              0               IBRS enabled in the kernel   : 0               1               no3               9               
11              1               STIBP enabled in the kernel  : 1               invalidnoinvalid    
   The processor is not susceptible to Rogue Data Cache Load:    no   
-1               The processor supports enhanced IBRS                     : 
 no12               
0                
=====  Processor topology  =====
4                OS_Processor    Thread_Id       Core_Id         Tile_Id         Package_Id      Core_Type   Native_CPU_Model
12              -1              0               1               
0               invalid    10              0                 0               0                 2               0                10              invalid-1              1                
invalid 13                0                 5                 13                1                 invalid            -1                 
-1              -1              
1               
14              0               11              0               1               0               6               1               3               14              0               11              1               invalid1               invalid invalid                   -1                
  12                0                -1              4               -1              
12              
2               1               15              0               invalid0               2                   7               2                 15              1               0                invalidinvalid    -1                
  13                0                 5                 13                1                 invalid        -1              -1               

 =====  Placement on packages  =====
3                Package Id.    Core Id.     Processors
0               -1              0              3               
03               14              ,0               0               1invalid6               , 14              2 1               , invalid     3   ,   4 -1              ,5 
, 15              6 0               ,-1              7               7
15              
4               1               1              0               invalid    04                  ,4                10                ,invalid-1              2 
, =====  Placement on packages  =====
3 Package Id.    Core Id.     Processors
, 0              4 0, ,5 1, ,6 2,-1              ,7
3
5               ,
=====  Core/Tile sharing  =====
0               4Level      Processors
Core       5               ,(5               5,600               ,)invalid7( 
1 1              ) 0( ,2 1) ,( 23 ,) 3(-1              ,4
4)6               ,(0               556               ,)6               6(0               ,6invalid7) 
( 
=====  Core/Tile sharing  =====
7 Level      Processors
Core       ) (( 08 )) (( 19 )()-1              2(
)107               ()0               3(7               )117               ()0               4(invalid)(12 5) )( (13 6) )( (14 7) )( (15-1              8)
)
Tile / L2$ 8               ((0               900               ))8               ((1               101invalid)) (( 112 )) (12( )3 () 13( )4 ()-1              14(
)59               ()0               15(1               )69               
Tile / L2$ )1               ((invalid07 )) (( 18 )) (( 29 )) (( 310-1              ))
((10              4110               ))2               ((10              5121               ))invalid ( 13 ) ( 14 ) (( 156 ))-1              
(

711              )Package thermal spec power: 0               (803               ) Watt; 11              (Package minimum power: 1               90invalid) Watt;  (Package maximum power:  100 ) Watt;
 ( 11 ) ( 12 )-1              (13)
(12              140               )4               (12              151               )invalid
 
  Package thermal spec power:  0  Watt;  Package minimum power:  0  Watt;  Package maximum power: -1              0
 Watt;
13              
0               5               13              1               invalid         -1              
14              0               6               14              1               invalid         -1              
15              0               7               Can't open MCFG table. Check permission of 15              /sys/firmware/acpi/tables/MCFG1               
invalidCan't open MCFG table. Check permission of  /sys/firmware/acpi/tables/MCFG1 
 Can't open MCFG table. Check permission of  /pcm/sys/firmware/acpi/tables/MCFG 
 Can't open MCFG table. Check permission of  /pcm/sys/firmware/acpi/tables/MCFG1 
 -1              
=====  Placement on packages  =====
Package Id.    Core Id.     Processors
0              0,1,2,3,
4WARNING: enumeration of devices in UncorePMUDiscovery failed
,5,6,7
1              0,1,2,3,4,5,6,7

=====  Core/Tile sharing  =====
Level      Processors
Core       (0)(1)(2)Can't open MCFG table. Check permission of (/sys/firmware/acpi/tables/MCFG3
)Can't open MCFG table. Check permission of (/sys/firmware/acpi/tables/MCFG14
)Can't open MCFG table. Check permission of (/pcm/sys/firmware/acpi/tables/MCFG5
)Can't open MCFG table. Check permission of (/pcm/sys/firmware/acpi/tables/MCFG16
)(7)(8)(9)(10)(11)(12WARNING: enumeration of devices in UncorePMUDiscovery failed
)(13)(14)(15)
Tile / L2$ (0)(1)(2)(3)(4)(5)(6)(7)(8)(9)(10)(11)(12)(13)(14)(15)

Package thermal spec power: 0 Watt; Package minimum power: 0 Watt; Package maximum power: 0 Watt;

Can't open MCFG table. Check permission of /sys/firmware/acpi/tables/MCFG
Can't open MCFG table. Check permission of /sys/firmware/acpi/tables/MCFG1
Can't open MCFG table. Check permission of /pcm/sys/firmware/acpi/tables/MCFG
Can't open MCFG table. Check permission of /pcm/sys/firmware/acpi/tables/MCFG1
WARNING: enumeration of devices in UncorePMUDiscovery failed
INFO: Linux perf interface to program uncore PMUs is present
INFO: using Linux perf interface to program uncore PMUs because env variable PCM_USE_UNCORE_PERF=1
INFO: Secure Boot detected. Using Linux perf for uncore PMU programming.
INFO: Linux perf interface to program uncore PMUs is present
INFO: using Linux perf interface to program uncore PMUs because env variable PCM_USE_UNCORE_PERF=1
INFO: Secure Boot detected. Using Linux perf for uncore PMU programming.
INFO: Linux perf interface to program uncore PMUs is present
INFO: using Linux perf interface to program uncore PMUs because env variable PCM_USE_UNCORE_PERF=1
INFO: Secure Boot detected. Using Linux perf for uncore PMU programming.
INFO: using Linux resctrl driver for RDT metrics (L3OCC, LMB, RMB) because environment variable PCM_USE_RESCTRL=1
ERROR: /sys/fs/resctrl is not mounted
ERROR: RDT metrics (L3OCC,LMB,RMB) will not be available
Mount it to make it work: mount -t resctrl resctrl /sys/fs/resctrl
Socket 0: 2 memory controllers detected with total number of 6 channels. 2 UPI ports detected. 2 M2M (mesh to memory) blocks detected. 0 Home Agents detected. 2 M3UPI blocks detected.
Socket 0: 2 memory controllers detected with total number of 6 channels. 2 UPI ports detected. 2 M2M (mesh to memory) blocks detected. 0 Home Agents detected. 2 M3UPI blocks detected.

 Closed perf event handles
Trying to use Linux perf events...
Socket 0: 2 memory controllers detected with total number of 6 channels. 2 UPI ports detected. 2 M2M (mesh to memory) blocks detected. 0 Home Agents detected. 2 M3UPI blocks detected.
Socket Socket 1: 12:  memory controllers detected with total number of 26 memory controllers detected with total number of  channels. 62 channels.  2UPI  ports detected.UPI  ports detected.2  M2M (mesh to memory) blocks detected. 20 M2M (mesh to memory) blocks detected.  Home Agents detected. 02 Home Agents detected.  M3UPI blocks detected.
2 M3UPI blocks detected.
Successfully programmed on-core PMU using Linux perf
INFO: using Linux resctrl driver for RDT metrics (L3OCC, LMB, RMB) because environment variable PCM_USE_RESCTRL=1
ERROR: /sys/fs/resctrl is not mounted
ERROR: RDT metrics (L3OCC,LMB,RMB) will not be available
Mount it to make it work: mount -t resctrl resctrl /sys/fs/resctrl
INFO: using Linux resctrl driver for RDT metrics (L3OCC, LMB, RMB) because environment variable PCM_USE_RESCTRL=1
ERROR: /sys/fs/resctrl is not mounted
ERROR: RDT metrics (L3OCC,LMB,RMB) will not be available
Mount it to make it work: mount -t resctrl resctrl /sys/fs/resctrl

INFO: using Linux resctrl driver for RDT metrics (L3OCC, LMB, RMB) because environment variable PCM_USE_RESCTRL=1
ERROR: /sys/fs/resctrl is not mounted
ERROR: RDT metrics (L3OCC,LMB,RMB) will not be available
Mount it to make it work: mount -t resctrl resctrl /sys/fs/resctrl

Socket 1: 2 memory controllers detected with total number of 6 channels. 2 UPI ports detected. 2 M2M (mesh to memory) blocks detected. 0 Home Agents detected. 2 M3UPI blocks detected.
 Closed perf event handles
Trying to use Linux perf events...

 Closed perf event handles
Trying to use Linux perf events...
 Closed perf event handles
Trying to use Linux perf events...
INFO: using Linux resctrl driver for RDT metrics (L3OCC, LMB, RMB) because environment variable PCM_USE_RESCTRL=1
ERROR: /sys/fs/resctrl is not mounted
ERROR: RDT metrics (L3OCC,LMB,RMB) will not be available
Mount it to make it work: mount -t resctrl resctrl /sys/fs/resctrl
Successfully programmed on-core PMU using Linux perf
Successfully programmed on-core PMU using Linux perf

 Closed perf event handles
Trying to use Linux perf events...
INFO: using Linux resctrl driver for RDT metrics (L3OCC, LMB, RMB) because environment variable PCM_USE_RESCTRL=1
ERROR: /sys/fs/resctrl is not mounted
ERROR: RDT metrics (L3OCC,LMB,RMB) will not be available
Mount it to make it work: mount -t resctrl resctrl /sys/fs/resctrl
Successfully programmed on-core PMU using Linux perf
INFO: using Linux resctrl driver for RDT metrics (L3OCC, LMB, RMB) because environment variable PCM_USE_RESCTRL=1
ERROR: /sys/fs/resctrl is not mounted
ERROR: RDT metrics (L3OCC,LMB,RMB) will not be available
Mount it to make it work: mount -t resctrl resctrl /sys/fs/resctrl

 Closed perf event handles
Trying to use Linux perf events...

 Closed perf event handles
Trying to use Linux perf events...
INFO: using Linux resctrl driver for RDT metrics (L3OCC, LMB, RMB) because environment variable PCM_USE_RESCTRL=1
ERROR: /sys/fs/resctrl is not mounted
ERROR: RDT metrics (L3OCC,LMB,RMB) will not be available
Mount it to make it work: mount -t resctrl resctrl /sys/fs/resctrl

 Closed perf event handles
Trying to use Linux perf events...
Successfully programmed on-core PMU using Linux perf
Successfully programmed on-core PMU using Linux perf
Successfully programmed on-core PMU using Linux perf
Successfully programmed on-core PMU using Linux perf
Socket 0
Max UPI link 0 speed: 4.0 GBytes/second (1.8 GT/second)
Max UPI link 1 speed: 4.0 GBytes/second (1.8 GT/second)
Socket 1
Max UPI link 0 speed: 4.1 GBytes/second (1.8 GT/second)
Max UPI link 1 speed: 4.1 GBytes/second (1.8 GT/second)

Detected Intel(R) Xeon(R) Silver 4208 CPU @ 2.10GHz "Intel(r) microarchitecture codename Cascade Lake-SP" stepping 7

Executing "./VH/ior/src/ior" command:
Socket 0
Max UPI link 0 speed: 1.1 GBytes/second (0.5 GT/second)
Max UPI link 1 speed: 1.1 GBytes/second (0.5 GT/second)
Socket 1
Max UPI link 0 speed: 1.3 GBytes/second (0.6 GT/second)
Max UPI link 1 speed: 1.3 GBytes/second (0.6 GT/second)

Detected Intel(R) Xeon(R) Silver 4208 CPU @ 2.10GHz "Intel(r) microarchitecture codename Cascade Lake-SP" stepping 7
Socket 0
Max UPI link 0 speed: 1.0 GBytes/second (0.5 GT/second)
Max UPI link 1 speed: 1.0 GBytes/second (0.5 GT/second)
Socket 1
Max UPI link 0 speed: 1.3 GBytes/second (0.6 GT/second)
Max UPI link 1 speed: 1.3 GBytes/second (0.6 GT/second)

Detected Intel(R) Xeon(R) Silver 4208 CPU @ 2.10GHz "Intel(r) microarchitecture codename Cascade Lake-SP" stepping 7

Executing "./VH/ior/src/ior
Executing "" command:
./VH/ior/src/ior" command:
Socket 0
Max UPI link 0 speed: 1.3 GBytes/second (0.6 GT/second)
Max UPI link 1 speed: 1.3 GBytes/second (0.6 GT/second)
Socket 1
Max UPI link 0 speed: 1.6 GBytes/second (0.7 GT/second)
Max UPI link 1 speed: 1.6 GBytes/second (0.7 GT/second)

Detected Intel(R) Xeon(R) Silver 4208 CPU @ 2.10GHz "Intel(r) microarchitecture codename Cascade Lake-SP" stepping 7

Executing "./VH/ior/src/ior" command:
Socket 0
Max UPI link 0 speed: 1.4 GBytes/second (0.6 GT/second)
Max UPI link 1 speed: 1.4 GBytes/second (0.6 GT/second)
Socket 1
Max UPI link 0 speed: 1.5 GBytes/second (0.7 GT/second)
Max UPI link 1 speed: 1.5 GBytes/second (0.7 GT/second)

Detected Socket Intel(R) Xeon(R) Silver 4208 CPU @ 2.10GHz "Intel(r) microarchitecture codename 0Cascade Lake-SP
" stepping Max UPI7 link 
0 speed: 1.6 GBytes/second (0.7 GT/second)
Max UPI link 1 speed: 1.6 GBytes/second (0.7 GT/second)
Socket 1
Max UPI link 0 speed: 1.2 GBytes/second (0.6 GT/second)
Max UPI link 1 speed: 1.2 GBytes/second (0.6 GT/second)

Detected Intel(R) Xeon(R) Silver 4208 CPU @ 2.10GHz "Intel(r) microarchitecture codename Cascade Lake-SP" stepping 7

Executing "./VH/ior/src/ior" command:

Executing "./VH/ior/src/ior" command:
Socket 0
Max UPI link 0 speed: 1.1 GBytes/second (0.5 GT/second)
Max UPI link 1 speed: 1.1 GBytes/second (0.5 GT/second)
Socket 1
Max UPI link 0 speed: 1.2 GBytes/second (0.6 GT/second)
Max UPI link 1 speed: 1.2 GBytes/second (0.6 GT/second)

Detected Intel(R) Xeon(R) Silver 4208 CPU @ 2.10GHz "Intel(r) microarchitecture codename Cascade Lake-SP" stepping 7

Executing "./VH/ior/src/ior" command:
Socket 0
Max UPI link 0 speed: 1.3 GBytes/second (0.6 GT/second)
Max UPI link 1 speed: 1.3 GBytes/second (0.6 GT/second)
Socket 1
Max UPI link 0 speed: 1.4 GBytes/second (0.6 GT/second)
Max UPI link 1 speed: 1.4 GBytes/second (0.6 GT/second)

Detected Intel(R) Xeon(R) Silver 4208 CPU @ 2.10GHz "Intel(r) microarchitecture codename Cascade Lake-SP" stepping 7

Executing "./VH/ior/src/ior" command:
IOR-4.1.0+dev: MPI Coordinated Test of Parallel I/O
Began               : Thu Mar 21 17:55:16 2024
Command line        : ./VH/ior/src/ior -t 1m -b 8m -s 8 -o test_actual -F
Machine             : Linux muffin
TestID              : 0
StartTime           : Thu Mar 21 17:55:16 2024
Path                : test_actual.00000000
FS                  : 79.0 TiB   Used FS: 12.7%   Inodes: 16179.2 Mi   Used Inodes: 0.2%

Options: 
api                 : POSIX
apiVersion          : 
test filename       : test_actual
access              : file-per-process
type                : independent
segments            : 8
ordering in a file  : sequential
ordering inter file : no tasks offsets
nodes               : 1
tasks               : 8
clients per node    : 8
memoryBuffer        : CPU
dataAccess          : CPU
GPUDirect           : 0
repetitions         : 1
xfersize            : 1 MiB
blocksize           : 8 MiB
aggregate filesize  : 512 MiB

Results: 

access    bw(MiB/s)  IOPS       Latency(s)  block(KiB) xfer(KiB)  open(s)    wr/rd(s)   close(s)   total(s)   iter
------    ---------  ----       ----------  ---------- ---------  --------   --------   --------   --------   ----
write     11.00      153.43     0.004570    8192       1024.00    3.30       3.34       46.49      46.52      0   
read      8.25       8.37       7.64        8192       1024.00    0.889762   61.17      0.313657   62.06      0   

Summary of all tests:
Operation   Max(MiB)   Min(MiB)  Mean(MiB)     StdDev   Max(OPs)   Min(OPs)  Mean(OPs)     StdDev    Mean(s) Stonewall(s) Stonewall(MiB) Test# #Tasks tPN reps fPP reord reordoff reordrand seed segcnt   blksiz    xsize aggs(MiB)   API RefNum
write          11.00      11.00      11.00       0.00      11.00      11.00      11.00       0.00   46.52438         NA            NA     0      8   8    1   1     0        1         0    0      8  8388608  1048576     512.0 POSIX      0
read            8.25       8.25       8.25       0.00       8.25       8.25       8.25       0.00   62.06482         NA            NA     0      8   8    1   1     0        1         0    0      8  8388608  1048576     512.0 POSIX      0
Finished            : Thu Mar 21 17:57:06 2024
DEBUG: caught signal to interrupt (Child exited).
Cleaning up
 Closed perf event handles
DEBUG: caught signal to interrupt (Child exited).
DEBUG: caught signal to interrupt (Cleaning up
DEBUG: caught signal to interrupt (Child exited).
Child exited).
DEBUG: caught signal to interrupt (Cleaning up
Cleaning up
Child exited).
Cleaning up
 Closed perf event handles
 Closed perf event handles
 Closed perf event handles
 Closed perf event handles
DEBUG: caught signal to interrupt (Child exited).
Cleaning up
 Closed perf event handles
DEBUG: caught signal to interrupt (Child exited).
Cleaning up
 Closed perf event handles
DEBUG: caught signal to interrupt (Child exited).
Cleaning up
 Closed perf event handles
 Zeroed uncore PMU registers
 Zeroed uncore PMU registers
 Zeroed uncore PMU registers
 Zeroed uncore PMU registers
 Zeroed uncore PMU registers
 Zeroed uncore PMU registers
 Zeroed uncore PMU registers
 Zeroed uncore PMU registers
	Command being timed: "mpirun -vh -np 8 /usr/sbin/pcm 0.1 -csv=./output/0/vh_IOR_VH_0.csv -- ./VH/ior/src/ior -t 1m -b 8m -s 8 -o test_actual -F"
	User time (seconds): 5.57
	System time (seconds): 2.75
	Percent of CPU this job got: 7%
	Elapsed (wall clock) time (h:mm:ss or m:ss): 1:51.22
	Average shared text size (kbytes): 0
	Average unshared data size (kbytes): 0
	Average stack size (kbytes): 0
	Average total size (kbytes): 0
	Maximum resident set size (kbytes): 141480
	Average resident set size (kbytes): 0
	Major (requiring I/O) page faults: 2
	Minor (reclaiming a frame) page faults: 5223
	Voluntary context switches: 142408
	Involuntary context switches: 10942
	Swaps: 0
	File system inputs: 0
	File system outputs: 5832
	Socket messages sent: 0
	Socket messages received: 0
	Signals delivered: 0
	Page size (bytes): 4096
	Exit status: 0
