

 Intel(r) Performance Counter Monitor 
 Intel(r) Performance Counter Monitor 
(2022-11-24 10:18:12 +0100 ID=1b16bb4e) Intel(r) Performance Counter Monitor (2022-11-24 10:18:12 +0100 ID=1b16bb4e)
 Intel(r) Performance Counter Monitor (2022-11-24 10:18:12 +0100 ID=1b16bb4e)


(2022-11-24 10:18:12 +0100 ID=1b16bb4e)


 Intel(r) Performance Counter Monitor 


(2022-11-24 10:18:12 +0100 ID=1b16bb4e)
PCM Info: setrlimit for file limit 

PCM Info: setrlimit for file limit 
1000000
1000000PCM Info: setrlimit for file limit  failed with error 
 failed with error 1000000PCM Info: setrlimit for file limit PCM Info: setrlimit for file limit Operation not permittedOperation not permitted failed with error 10000001000000

Operation not permitted failed with error  failed with error 
Operation not permittedOperation not permitted
=====  Processor information  =====


=====  Processor information  =====


=====  Processor information  =====

=====  Processor information  =====

=====  Processor information  =====
Linux arch_perfmon flag  : Linux arch_perfmon flag  : yesyesLinux arch_perfmon flag  : 

Linux arch_perfmon flag  : yesHybrid processor         : Hybrid processor         : Linux arch_perfmon flag  : yes
nonoyes
Hybrid processor         : 


Hybrid processor         : noIBRS and IBPB supported  : IBRS and IBPB supported  : Hybrid processor         : no
yesyesno
IBRS and IBPB supported  : 


IBRS and IBPB supported  : yesSTIBP supported          : STIBP supported          : IBRS and IBPB supported  : yes
yesyesyes
STIBP supported          : 


STIBP supported          : yesSpec arch caps supported : Spec arch caps supported : STIBP supported          : yes
yesyesyes
Spec arch caps supported : 


Spec arch caps supported : yesMax CPUID level          : Max CPUID level          : Spec arch caps supported : yes
2222yes
Max CPUID level          : 


Max CPUID level          : 22CPU model number         : CPU model number         : Max CPUID level          : 22
858522
CPU model number         : 


CPU model number         : 85CPU model number         : 85
85


 Intel(r) Performance Counter Monitor (2022-11-24 10:18:12 +0100 ID=1b16bb4e)


PCM Info: setrlimit for file limit 1000000
 failed with error  Intel(r) Performance Counter Monitor 
(2022-11-24 10:18:12 +0100 ID=1b16bb4e)Operation not permittedNumber of physical cores: 
 Intel(r) Performance Counter Monitor Number of physical cores: 
Number of physical cores: 
16(2022-11-24 10:18:12 +0100 ID=1b16bb4e)
=====  Processor information  =====
16
16



PCM Info: setrlimit for file limit 1000000Number of logical cores: 
Number of logical cores: Number of logical cores:  failed with error 16
1616
Operation not permitted

Number of online logical cores: PCM Info: setrlimit for file limit 
Number of online logical cores: Number of online logical cores: 16100000016Linux arch_perfmon flag  : 16
 failed with error 

=====  Processor information  =====
yes
Threads (logical cores) per physical core: Operation not permittedThreads (logical cores) per physical core: 
Threads (logical cores) per physical core: 1
1Hybrid processor         : 1

no

=====  Processor information  =====
Num sockets: Num sockets: 
Num sockets: 22IBRS and IBPB supported  : 2

yes
Physical cores per socket: Physical cores per socket: 
Physical cores per socket: Linux arch_perfmon flag  : 88STIBP supported          : 8yes

yes

Last level cache slices per socket: Linux arch_perfmon flag  : Last level cache slices per socket: 
Last level cache slices per socket: Hybrid processor         : 0yes0Spec arch caps supported : 0no


yes

Core PMU (perfmon) version: Hybrid processor         : Core PMU (perfmon) version: 
Core PMU (perfmon) version: IBRS and IBPB supported  : 4no4Max CPUID level          : 4yes


22

Number of core PMU generic (programmable) counters: IBRS and IBPB supported  : Number of core PMU generic (programmable) counters: 
CPU model number         : Number of core PMU generic (programmable) counters: STIBP supported          : 8yes8858yes





Width of generic (programmable) counters: STIBP supported          : Width of generic (programmable) counters: Width of generic (programmable) counters: Spec arch caps supported : 48yes4848yes bits

 bits
 bits

Number of core PMU fixed counters: Spec arch caps supported : Number of core PMU fixed counters: Number of core PMU fixed counters: Max CPUID level          : 3yes3322




Width of fixed counters: Max CPUID level          : Width of fixed counters: Width of fixed counters: CPU model number         : 48 bits
22484885Nominal core frequency: 
 bits
 bits

2100000000CPU model number         : Nominal core frequency: Nominal core frequency:  Hz
8521000000002100000000IBRS enabled in the kernel   : 
 Hz
 Hz
noIBRS enabled in the kernel   : IBRS enabled in the kernel   : 
nonoSTIBP enabled in the kernel  : 

noSTIBP enabled in the kernel  : STIBP enabled in the kernel  : 
nonoThe processor is not susceptible to Rogue Data Cache Load: 

noThe processor is not susceptible to Rogue Data Cache Load: The processor is not susceptible to Rogue Data Cache Load: 
nonoThe processor supports enhanced IBRS                     : 

noThe processor supports enhanced IBRS                     : The processor supports enhanced IBRS                     : 
nono

=====  Processor topology  =====


=====  Processor topology  =====
OS_Processor    Thread_Id       Core_Id         Tile_Id         Package_Id      Core_Type   Native_CPU_Model

=====  Processor topology  =====
OS_Processor    Thread_Id       Core_Id         Tile_Id         Package_Id      Core_Type   Native_CPU_Model
0               OS_Processor    Thread_Id       Core_Id         Tile_Id         Package_Id      Core_Type   Native_CPU_Model
0               0               0               0               0               0               0               0               0               0               0               0               0               invalid0               invalid invalid                         -1               -1              
-1              

1               1               0               1               0               1               0               1               1               1               1               0               1               0               invalid0               invalid invalid                         -1               -1              
-1              
2               
2               0               2               0               2               0               2               2               2               2               0               2               0               invalid0               invalid invalid                         -1               -1              
-1              
3               
3               0               3               0               3               0               3               3               3               3               0               3               0               invalid0               invalid invalid                         -1               -1              
-1              
4               
4               0               4               0               4               0               4               4               4               4               0               4               0               invalid0               invalid invalid                         -1               -1              
-1              
5               
5               0               5               0               5               0               5               5               5               5               0               5               0               invalid0               invalid invalid                         -1               -1              
-1              
6               
6               0               6               0               6               0               6               6               6               6               0               6               0               invalid0               invalid invalid                         -1               -1              
-1              
7               
7               0               7               0               7               0               7               7               7               7               0               7               0               invalid0               invalid invalid                         -1               -1              
-1              
8               
8               0               8               0               0               0               0               8               0               8               1               8               1               invalid1               invalid invalid                         -1               -1              
-1              
9               
9               0               9               0               1               0               1               9               1               9               1               9               1               invalid1               invalid invalid                         -1               -1              
-1              
10              
10              0               10              0               2               0               2               10              2               10              1               10              1               invalid1               invalid invalid                         -1               -1              
-1              
11              
11              0               11              0               3               0               3               11              3               11              1               11              1               invalid1               invalid invalid                         -1               -1              
-1              
12              
12              0               12              0               4               0               4               12              4               12              1               12              1               invalid1               invalid invalid                         -1               -1              
-1              
13              
13              0               13              0               5               0               5               13              5               13              1               13              1               invalid1               invalid invalid                         -1               -1              
-1              
14              
14              0               14              0               6               0               6               14              6               14              1               14              1               invalid1               invalid invalid                         -1               -1              
-1              
15              
15              0               15              0               7               0               7               15              7               15              1               15              1               invalid1               invalid invalid                         -1               -1              
-1              
=====  Placement on packages  =====

=====  Placement on packages  =====
Package Id.    Core Id.     Processors
=====  Placement on packages  =====
Package Id.    Core Id.     Processors
0              Package Id.    Core Id.     Processors
0              00              0,0,1,1,1,2,2,2,3,3,3,4,4,4,5,5,5,6,6,6,7,7
7
1              
1              01              0,0,1,1,1,2,2,2,3,3,3,4,4,4,5,5,5,6,6,6,7,7
7

=====  Core/Tile sharing  =====


=====  Core/Tile sharing  =====
Level      Processors
Core       
=====  Core/Tile sharing  =====
Level      Processors
Core       (Level      Processors
Core       (0(0)0)()(1(1)1)()(2(2)2)()(3(3)3)()(4(4)4)()(5(5)5)()(6(6)6)()(7(7)7)()(8(8)8)()(9(9)9)()(10(10)10)()(11(11)11)()(12(12)12)()(13(13)13)()(14(14)14)()(15(15)15)
Tile / L2$ )
Tile / L2$ (
Tile / L2$ (0(0)0)()(1(1)1)()(2(2)2)()(3(3)3)()(4(4)4)()(5(5)5)()(6(6)6)()(7(7)7)()(8(8)8)()(9(9)9)()(10(10)10)()(11(11)11)()(12(12)12)()(13(13)13)()(14(14)14)()(15(15)15)
)



Package thermal spec power: 
Package thermal spec power: 0Package thermal spec power: 0 Watt; 0 Watt; Package minimum power:  Watt; Package minimum power: 0Package minimum power: 0 Watt; 0 Watt; Package maximum power:  Watt; Package maximum power: 0Package maximum power: 0 Watt;
0 Watt;
 Watt;



Can't open MCFG table. Check permission of /sys/firmware/acpi/tables/MCFGCan't open MCFG table. Check permission of 
Can't open MCFG table. Check permission of /sys/firmware/acpi/tables/MCFGCan't open MCFG table. Check permission of /sys/firmware/acpi/tables/MCFG
/sys/firmware/acpi/tables/MCFG1
Can't open MCFG table. Check permission of 
Can't open MCFG table. Check permission of /sys/firmware/acpi/tables/MCFG1Can't open MCFG table. Check permission of /sys/firmware/acpi/tables/MCFG1
/pcm/sys/firmware/acpi/tables/MCFG
Can't open MCFG table. Check permission of 
Can't open MCFG table. Check permission of /pcm/sys/firmware/acpi/tables/MCFGCan't open MCFG table. Check permission of /pcm/sys/firmware/acpi/tables/MCFG
/pcm/sys/firmware/acpi/tables/MCFG1
Can't open MCFG table. Check permission of 
Can't open MCFG table. Check permission of /pcm/sys/firmware/acpi/tables/MCFG1/pcm/sys/firmware/acpi/tables/MCFG1

WARNING: enumeration of devices in UncorePMUDiscovery failed
WARNING: enumeration of devices in UncorePMUDiscovery failed
WARNING: enumeration of devices in UncorePMUDiscovery failed
INFO: Linux perf interface to program uncore PMUs is present
INFO: using Linux perf interface to program uncore PMUs because env variable PCM_USE_UNCORE_PERF=1
INFO: Secure Boot detected. Using Linux perf for uncore PMU programming.
INFO: Linux perf interface to program uncore PMUs is INFO: Linux perf interface to program uncore PMUs is present
present
INFO: using Linux perf interface to program uncore PMUs because env variable PCM_USE_UNCORE_PERF=1
INFO: using Linux perf interface to program uncore PMUs because env variable PCM_USE_UNCORE_PERF=1
INFO: Secure Boot detected. Using Linux perf for uncore PMU programming.
INFO: Secure Boot detected. Using Linux perf for uncore PMU programming.
Socket Number of physical cores: Number of physical cores: 16Socket 
16Socket 0Number of logical cores: 0
: 016: Number of logical cores: 2: 
216 memory controllers detected with total number of 2Number of online logical cores:  memory controllers detected with total number of 
6 memory controllers detected with total number of 166Number of online logical cores:  channels. 6
 channels. 162 channels. Threads (logical cores) per physical core: 2
 21 Threads (logical cores) per physical core: UPI 
UPI1 ports detected.UPINum sockets:  ports detected.
  ports detected.2 Num sockets: 2 
22 M2M (mesh to memory) blocks detected. 2Physical cores per socket:  M2M (mesh to memory) blocks detected. 
0 M2M (mesh to memory) blocks detected. 80Physical cores per socket:  Home Agents detected. 0
 Home Agents detected. 82 Home Agents detected. Last level cache slices per socket: 2
 M3UPI blocks detected.
20 M3UPI blocks detected.
Last level cache slices per socket:  M3UPI blocks detected.

0Core PMU (perfmon) version: 
4Core PMU (perfmon) version: 
4Number of core PMU generic (programmable) counters: 
8Number of core PMU generic (programmable) counters: 
8Width of generic (programmable) counters: 
48Width of generic (programmable) counters:  bits
48Number of core PMU fixed counters:  bits
3Number of core PMU fixed counters: 
3Width of fixed counters: 
48Width of fixed counters:  bits
48Nominal core frequency:  bits
2100000000Nominal core frequency:  Hz
2100000000IBRS enabled in the kernel   :  Hz
noIBRS enabled in the kernel   : 
noSTIBP enabled in the kernel  : 
noSTIBP enabled in the kernel  : 
noThe processor is not susceptible to Rogue Data Cache Load: 
noThe processor is not susceptible to Rogue Data Cache Load: 
noThe processor supports enhanced IBRS                     : 
noThe processor supports enhanced IBRS                     : 
no
=====  Processor topology  =====

OS_Processor    Thread_Id       Core_Id         Tile_Id         Package_Id      Core_Type   Native_CPU_Model

=====  Processor topology  =====
0               OS_Processor    Thread_Id       Core_Id         Tile_Id         Package_Id      Core_Type   Native_CPU_Model
0               0               0               0               0               0               0               0               invalid0                invalid                -1               
-1              
1               1               0               0               1               1               1               1               0               0               invalidinvalid                  -1              -1              

2               2               0               0               2               2               2               2               0               0               invalidinvalid                  -1              -1              

3               3               0               0               3               3               3               3               0               0               invalidinvalid                  -1              -1              

4               4               0               0               4               4               4               4               0               0               invalidinvalid                -1              
5               0               5               5               0               invalid         -1              
6               0               6               6               0               invalid         -1              
7               0               7               7               0               invalid         -1              
8               0               0               8               1               invalid         -1              
9               0               1               9               1               invalid         -1              
10              0               2               10              1               invalid         -1              
11              0               3               11              1               invalid         -1              
12              0               4               12              1               invalid         -1              
13              0               5               13              1               invalid         -1              
14              0               6               14              1               invalid         -1              
15              0               7               15              1               invalid         -1              
=====  Placement on packages  =====
Package Id.    Core Id.     Processors
0              0,1,2,3,4,5,6,7
1              0,1,2,3,4,5,6,7

=====  Core/Tile sharing  =====
Level      Processors
Core       (0)(1)(2)(3)(4)(5)(6)(7)(8)(9)(10)(11)(12)(13)(14)(15)
Tile / L2$ (0)(1)(2)(3)(4)(5)(6)(7)(8)(9)(10)(11)(12)(13)(14)(15)

Package thermal spec power: 0 Watt; Package minimum power: 0 Watt; Package maximum power: 0 Watt;

Can't open MCFG table. Check permission of /sys/firmware/acpi/tables/MCFG
Can't open MCFG table. Check permission of /sys/firmware/acpi/tables/MCFG1
Can't open MCFG table. Check permission of /pcm/sys/firmware/acpi/tables/MCFG
Can't open MCFG table. Check permission of /pcm/sys/firmware/acpi/tables/MCFG1
WARNING: enumeration of devices in UncorePMUDiscovery failed
Socket 1: 2 memory controllers detected with total number of Socket 61 channels. : 22  memory controllers detected with total number of Socket UPI61 ports detected. channels. :  222  memory controllers detected with total number of  M2M (mesh to memory) blocks detected. UPI60 ports detected. channels.  Home Agents detected.  222  M3UPI blocks detected.
 M2M (mesh to memory) blocks detected. UPI0 ports detected. Home Agents detected.  22 M3UPI blocks detected.
 M2M (mesh to memory) blocks detected. 0 Home Agents detected. 2 M3UPI blocks detected.
INFO: Linux perf interface to program uncore PMUs is present
INFO: using Linux perf interface to program uncore PMUs because env variable PCM_USE_UNCORE_PERF=1
INFO: Secure Boot detected. Using Linux perf for uncore PMU programming.
  -1              
5               0               5               5               0               invalid         -1              
6               0               6               6               0               invalid         -1              
7               0               7               7               0               invalid         -1              
8               0               0               8               1               invalid         -1              
9               0               1               9               1               invalid         -1              
10              0               2               10              1               invalid         -1              
11              0               3               11              1               invalid         -1              
12              0               4               12              1               invalid         -1              
13              0               5               13              1               invalid         -1              
14              0               6               14              1               invalid         -1              
15              0               7               15              1               invalid         -1              
=====  Placement on packages  =====
Package Id.    Core Id.     Processors
0              0,1,2,3,4,5,6,7
1              0,1,2,3,4,5,6,7

=====  Core/Tile sharing  =====
Level      Processors
Core       (0)(1)(2)(3)(4)(5)(6)(7)(8)(9)(10)(11)(12)(13)(14)(15)
Tile / L2$ (0)(1)(2)(3)(4)(5)(6)(7)(8)(9)(10)(11)(12)(13)(14)(15)

Package thermal spec power: 0 Watt; Package minimum power: 0 Watt; Package maximum power: 0 Watt;

Can't open MCFG table. Check permission of /sys/firmware/acpi/tables/MCFG
Can't open MCFG table. Check permission of /sys/firmware/acpi/tables/MCFG1
Can't open MCFG table. Check permission of /pcm/sys/firmware/acpi/tables/MCFG
Can't open MCFG table. Check permission of /pcm/sys/firmware/acpi/tables/MCFG1
WARNING: enumeration of devices in UncorePMUDiscovery failed
INFO: Linux perf interface to program uncore PMUs is present
INFO: using Linux perf interface to program uncore PMUs because env variable PCM_USE_UNCORE_PERF=1
INFO: Secure Boot detected. Using Linux perf for uncore PMU programming.
Number of physical cores: 16
Number of logical cores: 16
Number of online logical cores: 16
Threads (logical cores) per physical core: 1
Num sockets: 2
Physical cores per socket: 8
Last level cache slices per socket: 0
Core PMU (perfmon) version: 4
Number of core PMU generic (programmable) counters: 8
Width of generic (programmable) counters: 48 bits
Number of core PMU fixed counters: 3
Width of fixed counters: 48 bits
Nominal core frequency: 2100000000 Hz
IBRS enabled in the kernel   : no
STIBP enabled in the kernel  : no
The processor is not susceptible to Rogue Data Cache Load: no
The processor supports enhanced IBRS                     : no

=====  Processor topology  =====
OS_Processor    Thread_Id       Core_Id         Tile_Id         Package_Id      Core_Type   Native_CPU_Model
0               0               0               0               0               invalid         -1              
1               0               1               1               0               invalid         -1              
2               0               2               2               0               invalid         -1              
3               0               3               3               0               invalid         -1              
4               0               4               4               0               invalid         -1              
5               0               5               5               0               invalid         -1              
6               0               6               6               0               invalid         -1              
7               0               7               7               0               invalid         -1              
8               0               0               8               1               invalid         -1              
9               0               1               9               1               invalid         -1              
10              0               2               10              1               invalid         -1              
11              0               3               11              1               invalid         -1              
12              0               4               12              1               invalid         -1              
13              0               5               13              1               invalid         -1              
14              0               6               14              1               invalid         -1              
15              0               7               15              1               invalid         -1              
=====  Placement on packages  =====
Package Id.    Core Id.     Processors
0              0,1,2,3,4,5,6,7
1              0,1,2,3,4,5,6,7

=====  Core/Tile sharing  =====
Level      Processors
Core       (0)(1)(2)(3)(4)(5)(6)(7)(8)(9)(10)(11)(12)(13)(14)(15)
Tile / L2$ (0)(1)(2)(3)(4)(5)(6)(7)(8)(9)(10)(11)(12)(13)(14)(15)

Package thermal spec power: 0 Watt; Package minimum power: 0 Watt; Package maximum power: 0 Watt;

Can't open MCFG table. Check permission of /sys/firmware/acpi/tables/MCFG
Can't open MCFG table. Check permission of /sys/firmware/acpi/tables/MCFG1
Can't open MCFG table. Check permission of /pcm/sys/firmware/acpi/tables/MCFG
Can't open MCFG table. Check permission of /pcm/sys/firmware/acpi/tables/MCFG1
WARNING: enumeration of devices in UncorePMUDiscovery failed
Number of physical cores: 16
Number of logical coSocket Socket 0: 02:  memory controllers detected with total number of 26 memory controllers detected with total number of  channels. 62 channels.  2UPI  ports detected.UPI  ports detected.2  M2M (mesh to memory) blocks detected. 20 M2M (mesh to memory) blocks detected.  Home Agents detected. 02 Home Agents detected.  M3UPI blocks detected.
2 M3UPI blocks detected.
Number of physical cores: 16
Number of logical cores: 16
Number of online logical cores: 16
Threads (logical cores) per physical core: 1
Num sockets: 2
Physical cores per socket: 8
Last level cache slices per socket: 0
Core PMU (perfmon) version: 4
Number of core PMU generic (programmable) counters: 8
Width of generic (programmable) counters: 48 bits
Number of core PMU fixed counters: 3
Width of fixed counters: 48 bits
Nominal core frequency: 2100000000 Hz
IBRS enabled in the kernel   : no
STIBP enabled in the kernel  : no
The processor is not susceptible to Rogue Data Cache Load: no
The processor supports enhanced IBRS                     : no

=====  Processor topology  =====
OS_Processor    Thread_Id       Core_Id         Tile_Id         Package_Id      Core_Type   Native_CPU_Model
0               0               0               0               0               invalid         -1              
1               0               1               1               0               invalid         -1              
2               0               2               2               0               invalid         -1              
3               0               3               3               0               invalid         -1              
4               0               4               4               0               invalid         -1              
5               0               5               5               0               invalid         -1              
6               0               6               6               0               invalid         -1              
7               0               7               7               0               invalid         -1              
8               0               0               8               1               invalid         -1              
9               0               1               9               1               invalid         -1              
10              0               2               10              1               invalid         -1              
11              0               3               11              1               invalid         -1              
12              0               4               12              1               invalid         -1              
13              0               5               13              1               invalid         -1              
14              0               6               14              1               invalid         -1              
15              0               7               15              1               invalid         -1              
=====  Placement on packages  =====
Package Id.    Core Id.     Processors
0              0,1,2,3,4,5,6,7
1              0,1,2,3,4,5,6,7

=====  Core/Tile sharing  =====
Level      Processors
Core       (0)(1)(2)(3)(4)(5)(6)(7)(8)(9)(10)(11)(12)(13)(14)(15)
Tile / L2$ (0)(1)(2)(3)(4)(5)(6)(7)(8)(9)(10)(11)(12)(13)(14)(15)

Package thermal spec power: 0 Watt; Package minimum power: 0 Watt; Package maximum power: 0 Watt;
Socket 0: 2 memory controllers detected with total number of 6 channels. 2 UPI ports detected. 2 M2M (mesh to memory) blocks detected. 0 Home Agents detected. 2 M3UPI blocks detected.

Can't open MCFG table. Check permission of /sys/firmware/acpi/tables/MCFG
Can't open MCFG table. Check permission of /sys/firmware/acpi/tables/MCFG1
Can't open MCFG table. Check permission of /pcm/sys/firmware/acpi/tables/MCFG
Can't open MCFG table. Check permission of /pcm/sys/firmware/acpi/tables/MCFG1
WARNING: enumeration of devices in UncorePMUDiscovery failed
Number of physical cores: 16
Number of logical cores: 16
Number of online logical cores: 16
Threads (logical cores) per physical core: 1
Num sockets: 2
Physical cores per socket: 8
Last level cache slices per socket: 0
Core PMU (perfmon) version: 4
Number of core PMU generic (programmable) counters: 8
Width of generic (programmable) counters: 48 bits
Number of core PMU fixed counters: 3
Width of fixed counters: 48 bits
Nominal core frequency: 2100000000 Hz
IBRS enabled in the kernel   : no
STIBP enabled in the kernel  : no
The processor is not susceptible to Rogue Data Cache Load: no
The processor supports enhanced IBRS                     : no

=====  Processor topology  =====
OS_Processor    Thread_Id       Core_Id         Tile_Id         Package_Id      Core_Type   Native_CPU_Model
0               0               0               0               0               invalid         -1              
1               0               1               1               0               invalid         -1              
2               0               2               2               0               invalid         -1              
3               0               3               3               0               invalid         -1              
4               0               4               4               0               invalid         -1              
5               0               5               5               0               invalid         -1              
6               0               6               6               0               invalid         -1              
7               0               7               7               0               invalid         -1              
8               0               0               8               1               invalid         -1              
9               0               1               9               1               invalid         -1              
10              0               2               10              1               invalid         -1              
11              0               3               11              1               invalid         -1              
12              0               4               12              1               invalid         -1              
13              0               5               13              1               invalid         -1              
14              0               6               14              1               invalid         -1              
15              0               7               15              1               invalid         -1              
=====  Placement on packages  =====
Package Id.    Core Id.     Processors
0              0,1,2,3,4,5,6,7
1              0,1,2,3,4,5,6,7

=====  Core/Tile sharing  =====
Level      Processors
Core       (0)(1)(2)(3)(4)(5)(6)(7)(8)(9)(10)(11)(12)(13)(14)(15)
Tile / L2$ (0)(1)(2)(3)(4)(5)(6)(7)(8)(9)(10)(11)(12)(13)(14)(15)

Package thermal spec power: 0 Watt; Package minimum power: 0 Watt; Package maximum power: 0 Watt;

Can't open MCFG table. Check permission of /sys/firmware/acpi/tables/MCFG
Can't open MCFG table. Check permission of /sys/firmware/acpi/tables/MCFG1
Can't open MCFG table. Check permission of /pcm/sys/firmware/acpi/tables/MCFG
Can't open MCFG table. Check permission of /pcm/sys/firmware/acpi/tables/MCFG1
WARNING: enumeration of devices in UncorePMUDiscovery failed
Socket 1: 2 memory controllers detected with total number of 6 channels. 2 UPI ports detected. 2 M2M (mesh to memory) blocks detected. 0 Home Agents detected. 2 M3UPI blocks detected.
INFO: Linux perf interface to program uncore PMUs is present
INFO: using Linux perf interface to program uncore PMUs because env variable PCM_USE_UNCORE_PERF=1
INFO: Secure Boot detected. Using Linux perf for uncore PMU programming.
INFO: Linux perf interface to program uncore PMUs is present
INFO: using Linux perf interface to program uncore PMUs because env variable PCM_USE_UNCORE_PERF=1
INFO: Secure Boot detected. Using Linux perf for uncore PMU programming.
INFO: using Linux resctrl driver for RDT metrics (L3OCC, LMB, RMB) because environment variable PCM_USE_RESCTRL=1
ERROR: /sys/fs/resctrl is not mounted
ERROR: RDT metrics (L3OCC,LMB,RMINFO: using Linux resctrl driver for RDT metrics (L3OCC, LMB, RMB) because environment variable PCM_USE_RESCTRL=1
ERROR: /sys/fs/resctrl is not mounted
ERROR: RDT metrics (L3OCC,LMB,RMB) will not be available
Mount it to make it work: mount -t resctrl resctrl /sys/fs/resctrl
INFO: using Linux resc memory controllers detected with total number of  memory controllers detected with total nuERROR: /sy channels.  channels. 22  UPIUPI ports detected. ports detected.  22 M2M (mesh to memory) blocks detected.  M2M (mesh to memory) blocks detected. 00 Home Agents detected.  Home Agents detected. 22 M3UPI blocks detected.
 M3UPI blocks detected.

Socket 0: 2 memory controllers detected with total number of 6 channels. 2 UPI ports detected. 2 M2M (mesh to memory) blocks detected. 0 Home Agents detected. 2 M3UPI blocks detected.
INFO: using Linux resctrl driver for RDT metrics (L3OCC, LMB, RMB) because environment variable PCM_USE_RESCTRL=1
ERROR: /sys/fs/resctrl is not mounted
ERROR: RDT metrics (L3OCC,LMB,RMB) will not be available
Mount it to make it work: mount -t resctrl resctrl /sys/fs/resctrl
Socket 0: 2 memory controllers detected with total number of 6 channels. 2 UPI ports detected. 2 M2M (mesh to memory) blocks detected. 0 Home Agents detected. 2 M3UPI blocks detected.

 Closed perf event handles
Trying to use Linux perf events...
Socket 1: 2 memory controllers detected with total number of 6 channels. 2 UPI ports detected. 2 M2M (mesh to memory) blocks detected. 0 Home Agents detected. 2 M3UPI blocks detected.
 Closed perf event handles
Trying to use Linux perf events...
Socket 1: 2 memory controllers detected with total number of 6 channels. 2 UPI ports detected. 2 M2M (mesh to memory) blocks detected. 0 Home Agents detected. 2 M3UPI blocks detected.
INFO: using Linux resctrl driver for RDT metrics (L3OCC, LMB, RMB) because environment variable PCM_USE_RESCTRL=1
ERROR: /sys/fs/resctrl is not mounted
ERROR: RDT metrics (L3OCC,LMB,RMB) will not be available
Mount it to make it work: mount -t resctrl resctrl /sys/fs/resctrl

 Closed perf event handles
Trying to use Linux perf events...
INFO: using Linux resctrl driver for RDT metrics (L3OCC, LMB, RMB) because environment variable PCM_USE_RESCTRL=1
ERROR: /sys/fs/resctrl is not mounted
ERROR: RDT metrics (L3OCC,LMB,RMB) will not be available
Mount it to make it work: mount -t resctrl resctrl /sys/fs/resctrl

 Closed perf event handles
Trying to use Linux perf events...
Successfully programmed on-core PMU using Linux perf
INFO: using Linux resctrl driver for RDT metrics (L3OCC, LMB, RMB) because environment variable PCM_USE_RESCTRL=1
ERROR: /sys/fs/resctrl is not mounted
ERROR: RDT metrics (L3OCC,LMB,RMB) will not be available
Mount it to mak Closed perf event handles
Trying to use Linux perf events...
INFO: using Linux resctrl driver for RDT metrics (L3OSuccessfully programmed on-core PMU using Linux perf
INFO: using Linux resctrl driver for RDT metrics (L3OCC, LMB, RMB) because environment variable PCM_USE_RESCTRL=1
ERROR: /sys/fs/resctrl is not mounted
ERROR: RDT metrics (L3OCC,LMB,RMB) will not be available
Mount it to make it workSuccessfully programmed on-core PMU using LINFO: usinINFO: using Linux resctrl driver for RDT metrics (L3OCC, LMB, RMB) because environment variable PCM_USE_RESCTRL=1
ERROR: /sys/fs/resctrl is not mounted
ERROR: RDT metrics (L3OCC,LMB,RMB) will not be available
Mount it to make it work: mount -t resctrl resctrl /sys/f

 Closed perf event handles
Trying to use Linux perf events...
 Closed perf event handles
Trying to use Linux perf eSuccessfuSuccessfully programmed on-core PMU using Linux perf
Successfully programmed on-core PMU using Linux perf
INFO: using Linux resctrl driver for RDT metrics (L3OCC, LMB, RMB) because environment variable PCM_USE_RESCTRL=1
ERROR: /sys/fs/resctrl is not mounted
ERROR: RDT metrics (L3OCC,LMB,RMB) will not be available
Mount it to make it work: mount -t resctrl resctrl /sys/fs/resctrl

 Closed perf event handles
Trying to use Linux perf events...
Successfully programmed on-core PMU using Linux perf
Successfully programmed on-core PMU using Linux perf
Successfully programmed on-core PMU using Linux perf
Successfully programmed on-core PMU using Linux perf
Socket 0
Max UPI link 0 speed: 0.8 GBytes/second (0.4 GT/second)
Max UPI link 1 speed: 0.8 GBytes/second (0.4 GT/second)
Socket 1
Max UPI link 0 speed: 0.7 GBytes/second (0.3 GT/second)
Max UPI link 1 speed: 0.7 GBytes/second (0.3 GT/second)

Detected Intel(R) Xeon(R) Silver 4208 CPU @ 2.10GHz "Intel(r) microarchitecture codename Cascade Lake-SP" stepping 7

Executing "./VE/ior-main/src/ior" command:
Socket 0
Max UPI link 0 speed: 0.9 GBytes/second (0.4 GT/second)
Max UPI link 1 speed: 0.9 GBytes/second (0.4 GT/second)
Socket 1
Max UPI link 0 speed: 0.7 GBytes/second (0.3 GT/second)
Max UPI link 1 speed: 0.7 GBytes/second (0.3 GT/second)

Detected Intel(R) Xeon(R) Silver 4208 CPU @ 2.10GHz "Intel(r) microarchitecture codename Cascade Lake-SP" stepping 7

Executing "./VE/ior-main/src/ior" command:
Socket 0
Max UPI link 0 speed: 0.4 GBytes/second (0.2 GT/second)
Max UPI link 1 speed: 0.4 GBytes/second (0.2 GT/second)
Socket 1
Max UPI link 0 speed: 0.7 GBytes/second (0.3 GT/second)
Max UPI link 1 speed: 0.7 GBytes/second (0.3 GT/second)

Detected Intel(R) Xeon(R) Silver 4208 CPU @ 2.10GHz "Intel(r) microarchitecture codename Cascade Lake-SP" stepping 7

Executing "./VE/ior-main/src/ior" command:
Socket 0
Max UPI link 0 speed: 0.5 GBytes/second (0.2 GT/second)
Max UPI link 1 speed: 0.5 GBytes/second (0.2 GT/second)
Socket 1
Max UPI link Socket 0 speed: 00.7
 GBytes/second (0.3Max  GT/second)
UPIMax  link UPI0 link  speed: 1 speed: 0.50.7 GBytes/second ( GBytes/second (0.20.3 GT/second)
 GT/second)
Max 
Detected UPI link Intel(R) Xeon(R) Silver 4208 CPU @ 2.10GHz1 "Intel(r) microarchitecture codename  speed: Cascade Lake-SP" stepping 70.5
 GBytes/second (0.2 GT/second)
Socket 1
Max UPI link 0 speed: 0.6 GBytes/second (0.3 GT/second)
Max UPI link 1 speed: 0.6 GBytes/second (0.3 GT/second)

Detected Intel(R) Xeon(R) Silver 4208 CPU @ 2.10GHz "Intel(r) microarchitecture codename Cascade Lake-SP" stepping 7

Executing "
Executing "./VE/ior-main/src/ior./VE/ior-main/src/ior" command:
" command:
Socket 0
Max UPI link 0 speed: 0.7 GBytes/second (0.3 GT/second)
Max UPI link 1 speed: 0.7 GBytes/second (0.3 GT/second)
Socket 1
Max UPI link 0 speed: 0.6 GBytes/second (0.3 GT/second)
Max UPI link 1 speed: 0.6 GBytes/second (0.3 GT/second)

Detected Intel(R) Xeon(R) Silver 4208 CPU @ 2.10GHz "Intel(r) microarchitecture codename Cascade Lake-SP" stepping 7

Executing "./VE/ior-main/src/ior" command:
Socket 0
Max UPI link 0 speed: 0.8 GBytes/second (0.4 GT/second)
Max UPI link 1 speed: 0.8 GBytes/second (0.4 GT/second)
Socket 1
Max UPI link 0 speed: 0.7 GBytes/second (0.3 GT/second)
Max UPI link 1 speed: 0.7 GBytes/second (0.3 GT/second)

Detected Intel(R) Xeon(R) Silver 4208 CPU @ 2.10GHz "Intel(r) microarchitecture codename Cascade Lake-SP" stepping 7

Executing "./VE/ior-main/src/ior" command:
Socket 0
Max UPI link 0 speed: 0.7 GBytes/second (0.3 GT/second)
Max UPI link 1 speed: 0.7 GBytes/second (0.3 GT/second)
Socket 1
Max UPI link 0 speed: 0.7 GBytes/second (0.3 GT/second)
Max UPI link 1 speed: 0.7 GBytes/second (0.3 GT/second)

Detected Intel(R) Xeon(R) Silver 4208 CPU @ 2.10GHz "Intel(r) microarchitecture codename Cascade Lake-SP" stepping 7

Executing "./VE/ior-main/src/ior" command:
IOR-4.1.0+dev: MPI Coordinated Test of Parallel I/O
Began               : Wed Feb 14 16:02:52 2024
Command line        : ./VE/ior-main/src/ior -t 1m -b 8m -s 8 -F
Machine             : Linux muffin
WARNING: The file "testFile.00000006" exists already and will be deleted
TestID              : 0
StartTime           : Wed Feb 14 16:03:01 2024
Path                : testFile.00000000
FS                  : 21.8 TiB   Used FS: 46.9%   Inodes: 4457.5 Mi   Used Inodes: 0.8%

Options: 
api                 : POSIX
apiVersion          : 
test filename       : testFile
access              : file-per-process
type                : independent
segments            : 8
ordering in a file  : sequential
ordering inter file : no tasks offsets
nodes               : 1
tasks               : 8
clients per node    : 8
memoryBuffer        : CPU
dataAccess          : CPU
GPUDirect           : 0
repetitions         : 1
xfersize            : 1 MiB
blocksize           : 8 MiB
aggregate filesize  : 512 MiB

Results: 
WARNING: The file "testFile.00000000" exists already and will be deleted
WARNING: The file "testFile.00000004" exists already and will be deleted
WARNING: The file "testFile.00000003" exists already and will be deleted
WARNING: The file "testFile.00000002" exists already aWARNING: Expected aggregate file size       = 536870912
WARNING: Stat() of aggregate file size      = 487587840
WARNING: Using actual aggregate bytes moved = 536870912
read      8.85       9.02       4.67        8192       1024.00    2.17ERROR: stat("testFile.00000005", ...) failed,
Summary of all tests:
Operation   Max(MiB)   Min(MiB)  Mean(MiB)     StdDev   Max(OPs)   Min(OPs)  Mean(OPs)     StdDev    Mean(s) Stonewall(s) Stonewall(MiB) Test# #Tasks tPN reps fPP reord reordoff reordrand seed segcnt   blksiz    xsize aggs(MiB)   API RefNum
write          38.73      38.73      38.73       0.00      38.73      38.73      38.73       0.00   13.21974         NA            NA     0      8   8    1   1     0        1         0    0      8  8388608  1048576     512.0 POSIX      0
read            8.85       8.85       8.85       0.00       8.85       8.85       8.85       0.00   57.88542         NA            NA     0      8   8    1   1     0        1         0    0      8  8388608  1048576     512.0 POSIX      0
Finished            : Wed Feb 14 16:03:54 2024
DEBUG: caught signal to interrupt (Child exited).
Cleaning up
 Closed perf event handles
DEBUG: caught signal to interrupt (Child exited).
Cleaning up
 Closed perf event handles
 Zeroed uncore PMU registers
 Zeroed uncore PMU registers
DEBUG: caught signal to interrupt (Child exited).
Cleaning up
 Closed perf event handles
DEBUG: caught signal to interrupt (Child exited).
Cleaning up
 Closed perf event handles
 Zeroed uncore PMU registers
DEBUG: caught signal to interrupt (Child exited).
Cleaning up
 Closed perf event handles
DEBUG: caught signal to interrupt (Child exited).
Cleaning up
 Closed perf event handles
 Zeroed uncore PMU registers
DEBUG: caught signal to interrupt (Child exited).
Cleaning up
DEBUG: caught signal to interrupt (Child exited).
Cleaning up
 Closed perf event handles
 Zeroed uncore PMU registers
 Zeroed uncore PMU registers
 Closed perf event handles
 Zeroed uncore PMU registers
 Zeroed uncore PMU registers
	Command being timed: "/opt/nec/ve/bin/mpirun -n 8 /usr/sbin/pcm Command exited with non-zero status 1
	Command being timed: "/opt/nec/ve/bin/mpirun -n 8 /usr/sbin/pcm 0.1 -csv=ve_IOR_0.csv -- ./VE/ior-main/src/ior -t 1m -b 8m -s 8 -F"
	User time (seconds): 9.27
	System time (seconds): 11.24
	Percent of CPU this job got: 14%
	Elapsed (wall clock) time (h:mm:ss or m:ss): 2:20.64
	Average shared text size (kbytes): 0
	Average unshared data size (kbytes): 0
	Average stack size (kbytes): 0
	Average total size (kbytes): 0
	Maximum resident set size (kbytes): 141508
	Average resident set size (kbytes): 0
	Major (requiring I/O) page faults: 2
	Minor (reclaiming a frame) page faults: 6409
	Voluntary context switches: 202787
	Involuntary context switches: 11840
	Swaps: 0
	File system inputs: 0
	File system outputs: 65296
	Socket messages sent: 0
	Socket messages received: 0
	Signals delivered: 0
	Page size (bytes): 4096
	Exit status: 1
