
 Intel(r) Performance Counter Monitor (2022-11-24 10:18:12 +0100 ID=1b16bb4e)


PCM Info: setrlimit for file limit 1000000 failed with error Operation not permitted

=====  Processor information  =====

 Intel(r) Performance Counter Monitor (2022-11-24 10:18:12 +0100 ID=1b16bb4e)

 Intel(r) Performance Counter Monitor 

(2022-11-24 10:18:12 +0100 ID=1b16bb4e) Intel(r) Performance Counter Monitor 


(2022-11-24 10:18:12 +0100 ID=1b16bb4e)
 Intel(r) Performance Counter Monitor 

 Intel(r) Performance Counter Monitor (2022-11-24 10:18:12 +0100 ID=1b16bb4e)

PCM Info: setrlimit for file limit (2022-11-24 10:18:12 +0100 ID=1b16bb4e)

1000000

PCM Info: setrlimit for file limit  failed with error 

1000000PCM Info: setrlimit for file limit 
Operation not permitted failed with error 1000000
Operation not permitted failed with error PCM Info: setrlimit for file limit 
1000000 failed with error PCM Info: setrlimit for file limit Operation not permitted1000000Operation not permitted
 failed with error 
=====  Processor information  =====

Operation not permitted

=====  Processor information  =====

=====  Processor information  =====

=====  Processor information  =====

=====  Processor information  =====

Linux arch_perfmon flag  :  Intel(r) Performance Counter Monitor Linux arch_perfmon flag  : yes(2022-11-24 10:18:12 +0100 ID=1b16bb4e)Linux arch_perfmon flag  : yesyes

Linux arch_perfmon flag  : 

Hybrid processor         : 

yesHybrid processor         : Hybrid processor         : no
 Intel(r) Performance Counter Monitor 
nono
(2022-11-24 10:18:12 +0100 ID=1b16bb4e)Hybrid processor         : 

IBRS and IBPB supported  : 
noIBRS and IBPB supported  : IBRS and IBPB supported  : yes
PCM Info: setrlimit for file limit 
yesyes

1000000IBRS and IBPB supported  : 

STIBP supported          :  failed with error yesSTIBP supported          : STIBP supported          : yes
yesyesOperation not permitted
PCM Info: setrlimit for file limit STIBP supported          : 


Spec arch caps supported : yes1000000
 failed with error yesMax CPUID level          : Operation not permittedSpec arch caps supported : 
22Spec arch caps supported : 
yes
=====  Processor information  =====
Spec arch caps supported : 
yes
yesCPU model number         : 

=====  Processor information  =====
Max CPUID level          : 
85Max CPUID level          : 22Max CPUID level          : 
22
22
CPU model number         : 
CPU model number         : 85CPU model number         : 85
85

Linux arch_perfmon flag  : yes
Hybrid processor         : no
IBRS and IBPB supported  : yes
STIBP supported          : yes
Spec arch caps supported : yes
Max CPUID level          : 22
CPU model number         : 85
Number of physical cores: Number of physical cores: 16
Number of physical cores: Number of logical cores: 1616Number of physical cores: 

16Number of logical cores: Number of online logical cores: 16
1616
Number of logical cores: 

Number of logical cores: 16Number of online logical cores: Threads (logical cores) per physical core: 16
161
Number of online logical cores: 

Number of online logical cores: 16Threads (logical cores) per physical core: Num sockets: 16
12
Threads (logical cores) per physical core: 

Threads (logical cores) per physical core: 1Num sockets: Physical cores per socket: 1
28
Num sockets: 

Num sockets: 2Physical cores per socket: Last level cache slices per socket: 2
80
Physical cores per socket: 

Physical cores per socket: 8Last level cache slices per socket: Core PMU (perfmon) version: 8
04
Last level cache slices per socket: 

Last level cache slices per socket: 0Core PMU (perfmon) version: Number of core PMU generic (programmable) counters: 0
48
Core PMU (perfmon) version: 

Core PMU (perfmon) version: 4Number of core PMU generic (programmable) counters: Width of generic (programmable) counters: 4
8
Number of core PMU generic (programmable) counters: 
48Number of core PMU generic (programmable) counters: 8Width of generic (programmable) counters:  bits
8
48Number of core PMU fixed counters: 
Width of generic (programmable) counters:  bits
3Width of generic (programmable) counters: 48Number of core PMU fixed counters: 
48 bits
3Width of fixed counters:  bits
Number of core PMU fixed counters: 
48Number of core PMU fixed counters: 3Width of fixed counters: 
48 bits
Width of fixed counters:  bits
483Nominal core frequency: Nominal core frequency: 
 bits
21000000002100000000Width of fixed counters: Nominal core frequency:  Hz
 Hz
482100000000IBRS enabled in the kernel   : IBRS enabled in the kernel   :  bits
 Hz
nonoNominal core frequency: IBRS enabled in the kernel   : 

2100000000noSTIBP enabled in the kernel  : STIBP enabled in the kernel  :  Hz

nonoIBRS enabled in the kernel   : STIBP enabled in the kernel  : 

nonoThe processor is not susceptible to Rogue Data Cache Load: The processor is not susceptible to Rogue Data Cache Load: 

nonoSTIBP enabled in the kernel  : The processor is not susceptible to Rogue Data Cache Load: 

nonoThe processor supports enhanced IBRS                     : The processor supports enhanced IBRS                     : 

nonoThe processor is not susceptible to Rogue Data Cache Load: The processor supports enhanced IBRS                     : 

nono
=====  Processor topology  =====

=====  Processor topology  =====


OS_Processor    Thread_Id       Core_Id         Tile_Id         Package_Id      Core_Type   Native_CPU_Model
OS_Processor    Thread_Id       Core_Id         Tile_Id         Package_Id      Core_Type   Native_CPU_Model
The processor supports enhanced IBRS                     : 0               
=====  Processor topology  =====
0               no0               OS_Processor    Thread_Id       Core_Id         Tile_Id         Package_Id      Core_Type   Native_CPU_Model
0               
0               0               0               0               
=====  Processor topology  =====
0               0               0               OS_Processor    Thread_Id       Core_Id         Tile_Id         Package_Id      Core_Type   Native_CPU_Model
0               0               invalid0               0               invalid 0               0                 0               invalid  0                  0                  invalid                  -1                -1              
  
 -1               1               
 1               0               -1              1               0               1               
0               1               1               1               1               1               0               1               0               0               invalid0               1               invalid invalid1                  0                  invalid                         -1                -1              
-1               
2               
 2               0               2               -1              0               2               0               
2               2               2               2               2               0               2               0               0               invalid0               2               invalid invalid2                  0                  invalid                         -1                -1              
-1               
3               
 3               0               3               -1              0               3               0               
3               3               3               3               3               0               3               0               0               invalid0               3               invalid invalid3                  0                  invalid                         -1                -1              
-1               
4               
 4               0               4               -1              0               4               0               
4               4               4               4               4               0               4               0               0               invalid0               4               invalid invalid4                  0                  invalid                         -1                -1              
-1               
5               
 5               0               5               -1              0               5               0               
5               5               5               5               5               0               5               0               0               invalid0               5               invalid invalid5                  0                  invalid                         -1                -1              
-1               
6               
 6               0               6               -1              0               6               0               
6               6               6               6               6               0               6               0               0               invalid0               6               invalid invalid6                  0                  invalid                         -1                -1              
-1               
7               
 7               0               7               -1              0               7               0               
7               7               7               7               7               0               7               0               0               invalid0               7               invalid invalid7                  0                   invalid                        -1              -1                

-1               8               8               
 0               0               8               -1              0               0               0               
8               8               0               8               1               1               8               0               invalidinvalid1               0                 invalid8                  1                  invalid                        -1              -1                

-1               9               9               
 0               0               9               -1              1               1               0               
9               9               1               9               1               1               9               0               invalidinvalid1               1                 invalid9                  1                  invalid                        -1              -1                

-1               10              10              
 0               0               10              -1              2               2               0               
10              10              2               10              1               1               10              0               invalidinvalid1               2                 invalid10                 1                  invalid                        -1              -1                

-1               11              11              
 0               0               11              -1              
3               3               0               11              11              11              3               0               1               1               11              3               invalidinvalid1               11                invalid1                  invalid                            -1              -1                

-1               12              12              
-1              0               0               12              
4               4               0               12              12              12              4               0               1               1               12              4               invalidinvalid1               12                invalid1                  invalid                            -1              -1                

-1               13              13              
-1              0               0               13              
5               5               0               13              13              13              5               0               1               1               13              5               invalidinvalid1               13                invalid1                  invalid                             -1              -1              -1               


 14              14              14              -1              0               0               0               
6               6               6               14              14              14              14              0               1               1               1               6               invalidinvalidinvalid14                 1                  invalid                            -1              -1              -1               


 15              15              15              -1              0               0               0               
7               7               7               15              15              15              15              0               1               1               1               7               invalidinvalidinvalid15                 1                  invalid                            -1              -1              -1               


 =====  Placement on packages  =====
=====  Placement on packages  =====
=====  Placement on packages  =====
-1              Package Id.    Core Id.     Processors
Package Id.    Core Id.     Processors
Package Id.    Core Id.     Processors

0              0              0              =====  Placement on packages  =====
000Package Id.    Core Id.     Processors
,,,0              1110,,,,2221,,,,3332,,,,4443,,,,5554,,,,6665,,,,7776


,1              1              1              7000
,,,1              1110,,,,2221,,,,3332,,,,4443,,,,5554,,,,6665,,,,7776


,
=====  Core/Tile sharing  =====

=====  Core/Tile sharing  =====

=====  Core/Tile sharing  =====
7Level      Processors
Core       Level      Processors
Core       Level      Processors
Core       
(((
=====  Core/Tile sharing  =====
000Level      Processors
Core       )))((((0111))))((((1222))))((((2333))))((((3444))))((((4555))))((((5666))))((((6777))))((((7888))))((((8999))))((((9101010))))((((10111111))))((((11121212))))((((12131313))))((((13141414))))((((14151515))))(
Tile / L2$ 
Tile / L2$ 
Tile / L2$ 15((()000
Tile / L2$ )))((((0111))))((((1222))))((((2333))))((((3444))))((((4555))))((((5666))))((((6777))))((((7888))))((((8999))))((((9101010))))((((10111111))))((((11121212))))((((12131313))))((((13141414))))((((14151515))))(


15


)Package thermal spec power: Package thermal spec power: 
Package thermal spec power: 00
0 Watt;  Watt;  Watt; Package thermal spec power: Package minimum power: Package minimum power: Package minimum power: 0000 Watt;  Watt;  Watt;  Watt; Package minimum power: Package maximum power: Package maximum power: Package maximum power: 0000 Watt;  Watt;
 Watt;
 Watt;
Package maximum power: 0 Watt;



Can't open MCFG table. Check permission of 
/sys/firmware/acpi/tables/MCFGCan't open MCFG table. Check permission of 
/sys/firmware/acpi/tables/MCFGCan't open MCFG table. Check permission of 
/sys/firmware/acpi/tables/MCFG1Can't open MCFG table. Check permission of Can't open MCFG table. Check permission of 
/sys/firmware/acpi/tables/MCFG/sys/firmware/acpi/tables/MCFG1Can't open MCFG table. Check permission of Can't open MCFG table. Check permission of 

/pcm/sys/firmware/acpi/tables/MCFG/sys/firmware/acpi/tables/MCFGCan't open MCFG table. Check permission of Can't open MCFG table. Check permission of 

/sys/firmware/acpi/tables/MCFG1/pcm/sys/firmware/acpi/tables/MCFGCan't open MCFG table. Check permission of Can't open MCFG table. Check permission of 

/pcm/sys/firmware/acpi/tables/MCFG1/sys/firmware/acpi/tables/MCFG1Can't open MCFG table. Check permission of Can't open MCFG table. Check permission of 

/pcm/sys/firmware/acpi/tables/MCFG/pcm/sys/firmware/acpi/tables/MCFG1Can't open MCFG table. Check permission of 

/pcm/sys/firmware/acpi/tables/MCFGCan't open MCFG table. Check permission of 
/pcm/sys/firmware/acpi/tables/MCFG1Can't open MCFG table. Check permission of 
/pcm/sys/firmware/acpi/tables/MCFG1
WARNING: enumeration of devices in UncorePMUDiscovery failed
WARNING: enumeration of devices in UncorePMUDiscovery failed
WARNING: enumeration of devices in UncorePMUDiscovery failed
WARNING: enumeration of devices in UncorePMUDiscovery failed
INFO: Linux perf interface to program uncore PMUs is INFO: Linux perf interface to program uncore PMUs is present
INFO: Linux perf interface to program uncore PMUs is present
INFO: Linux perf interface to program uncore PMUs is INFO: using Linux perf interface to program uncore PMUs because env variable PCM_USE_UNCORE_PERF=1
present
INFO: using Linux perf interface to program uncore PMUs because env variable PCM_USE_UNCORE_PERF=1
present
INFO: Secure Boot detected. Using Linux perf for uncore PMU programming.
INFO: using Linux perf interface to program uncore PMUs because env variable PCM_USE_UNCORE_PERF=1
INFO: Secure Boot detected. Using Linux perf for uncore PMU programming.
INFO: using Linux perf interface to program uncore PMUs because env variable PCM_USE_UNCORE_PERF=1
INFO: Secure Boot detected. Using Linux perf for uncore PMU programming.
INFO: Secure Boot detected. Using Linux perf for uncore PMU programming.
Linux arch_perfmon flag  : yes
Hybrid processor         : no
IBRS and IBPB supported  : yesLinux arch_perfmon flag  : 
yesSTIBP supported          : 
yesHybrid processor         : 
noSpec arch caps supported : 
yesIBRS and IBPB supported  : 
yesMax CPUID level          : 
22STIBP supported          : 
yesCPU model number         : 
85Spec arch caps supported : 
yes
Max CPUID level          : 22
CPU model number         : 85
Linux arch_perfmon flag  : yes
Hybrid processor         : no
IBRS and IBPB supported  : yes
STIBP supported          : yes
Spec arch caps supported : yes
Max CPUID level          : 22
CPU model number         : 85
Socket 0: 2 memory controllers detected with total number of 6Socket  channels. Socket Socket 0200:  : : 2UPI22 memory controllers detected with total number of  ports detected. memory controllers detected with total number of  memory controllers detected with total number of 6 66 channels. 2 channels.  channels. 2 M2M (mesh to memory) blocks detected. 22 0  UPI Home Agents detected. UPIUPI ports detected.2 ports detected. ports detected.  M3UPI blocks detected.
  222 M2M (mesh to memory) blocks detected.  M2M (mesh to memory) blocks detected.  M2M (mesh to memory) blocks detected. 000 Home Agents detected.  Home Agents detected.  Home Agents detected. 222 M3UPI blocks detected.
 M3UPI blocks detected.
 M3UPI blocks detected.
Socket 1: 2 memory controllers detected with total number of 6 channels. 2 UPI ports detected. 2 M2M (mesh to memory) blocks detected. 0 Home Agents detected. 2 M3UPI blocks detected.
Socket 1: 2 memory controllers detected with total number of 6 channels. 2 UPI ports detected. 2 M2M (mesh to memory) blocks detected. 0 Home Agents detected. 2 M3UPI blocks detected.
Socket 1: 2 memory controllers detected with total number of 6 channels. 2 UPI ports detected. 2 M2M (mesh to memory) blocks detected. 0 Home Agents detected. 2 M3UPI blocks detected.
Socket 1: 2 memory controllers detected with total number of 6 channels. 2 UPI ports detected. 2 M2M (mesh to memory) blocks detected. 0 Home Agents detected. 2 M3UPI blocks detected.
INFO: using Linux resctrl driver for RDT metrics (L3OCC, LMB, RMB) because environment variable PCM_USE_RESCTRL=1
ERROR: /sys/fs/resctrl is not mounted
ERROR: RDT metrics (L3OCC,LMB,RMB) will not be available
Mount it to make it work: mount -t resctrl resctrl /sys/fs/resctrl
INFO: using Linux resctrl driver for RDT metrics (L3OCC, LMB, RMB) because environment variable PCM_USE_RESCTRL=1
INFO: using Linux resctrl driver for RDT metrics (L3OCC, LMB, RMB) because environment variable PCM_USE_RESCTRL=1

ERROR: /sys/fs/resctrl is not mounted
ERROR: RDT metrics (L3OCC,LMB,RMB) will not be available
Mount it to make it work: mount -t resctrl resctrl /sys/fs/resctrl
ERROR: /sys/fs/resctrl is not mounted
ERROR: RDT metrics (L3OCC,LMB,RMB) will not be available
Mount it to make it work: mount -t resctrl resctrl /sys/fs/resctrl
INFO: using Linux resctrl driver for RDT metrics (L3OCC, LMB, RMB) because environment variable PCM_USE_RESCTRL=1
ERROR: /sys/fs/resctrl is not mounted
Number of physical cores: ERROR: RDT metrics (L3OCC,LMB,RMB) will not be available
Mount it to make it work: mount -t resctrl resctrl /sys/fs/resctrl
Number of physical cores: 16
Number of logical cores: 1616

Number of online logical cores: Number of logical cores: 1616

Threads (logical cores) per physical core: Number of online logical cores: 116

Num sockets: Threads (logical cores) per physical core: 21

Physical cores per socket: Num sockets: 82

Last level cache slices per socket: Physical cores per socket: 08

Core PMU (perfmon) version: Last level cache slices per socket: 40

Number of core PMU generic (programmable) counters: Core PMU (perfmon) version: 84

Width of generic (programmable) counters: Number of core PMU generic (programmable) counters: 488 bits

Number of core PMU fixed counters: Width of generic (programmable) counters: 348
 bits
Width of fixed counters: Number of core PMU fixed counters: 483 bits

Nominal core frequency: Width of fixed counters: 210000000048 Hz
 bits
IBRS enabled in the kernel   : Nominal core frequency: no2100000000
 Hz
STIBP enabled in the kernel  : IBRS enabled in the kernel   : nono

The processor is not susceptible to Rogue Data Cache Load: STIBP enabled in the kernel  : nono
The processor is not susceptible to Rogue Data Cache Load: no

The processor supports enhanced IBRS                     : The processor supports enhanced IBRS                     : nono


=====  Processor topology  =====
OS_Processor    Thread_Id       Core_Id         Tile_Id         Package_Id      Core_Type   Native_CPU_Model

=====  Processor topology  =====
0               OS_Processor    Thread_Id       Core_Id         Tile_Id         Package_Id      Core_Type   Native_CPU_Model
0               0               0               0               0               0               0               0               invalid0                invalid                -1               
-1              
1               0               1               1               0               1               1               0               1               invalid0                invalid                -1               
-1              2               
0               2               2               0               2               2               0               2               invalid0                invalid                -1               
-1              3               
0               3               3               0               3               3               0               3               invalid0                invalid                -1               
-1              4               
0               4               4               0               4               4               0               4               invalid0                invalid                -1               
-1              5               
0               5               5               0               5               5               0               5               invalid0                invalid                -1               
-1              6               
0               6               6               0               6               6               0               6               invalid0                invalid                Number of physical cores: -1               

-1              167               

0               7               Number of logical cores: 7               0               167               7               
0               7               Number of online logical cores: invalid0               16 invalid
  Threads (logical cores) per physical core:  Closed perf event handles
  
1 Trying to use Linux perf events...
 
  Num sockets:   2   
  Physical cores per socket: -1               8
 
8               -1              Last level cache slices per socket: 0               
00               8               
8               0               Core PMU (perfmon) version: 1               0               4invalid8               
 1               Number of core PMU generic (programmable) counters:  invalid8  
  Width of generic (programmable) counters:   48   bits
  Number of core PMU fixed counters:   3  
-1               Width of fixed counters: 
 489               -1               bits
0               
Nominal core frequency: 1               9               21000000009               0                Hz
1               1               IBRS enabled in the kernel   : invalid9               no 1               
 invalidSTIBP enabled in the kernel  :   no  
  The processor is not susceptible to Rogue Data Cache Load:   no  
  The processor supports enhanced IBRS                     :   no-1               

 
=====  Processor topology  =====
10              -1              OS_Processor    Thread_Id       Core_Id         Tile_Id         Package_Id      Core_Type   Native_CPU_Model
0               
0               2               10              0               10              0               0               1               2               0               invalid10              0                1               invalid invalid                      -1                
 -1              11              -1              
0               
3               1               11              11              0               0               1               1               3               invalid1               11               0               1                invalidinvalid                     -1                
  12              -1              -1              0               

4               2               12              12              0               0               1               2               4               invalid2               12               0               1                invalidinvalid                     -1                
  13              -1              -1              0               

5               3               13              13              0               0               1               3               5               invalid3               13               0               1                invalidinvalid                      -1                
-1               14              
-1              0               4               
6               0               14              14              4               0               1               4               6               invalid0               14               invalid1                 invalid                     -1                
-1               15              
-1              0               5               
7               0               15              15              5               0               1               5               7               invalid0               15               invalid1                 invalid                     -1                
-1               =====  Placement on packages  =====

-1              Package Id.    Core Id.     Processors
6               
0              0               =====  Placement on packages  =====
0,6               Package Id.    Core Id.     Processors
16               0              ,0               02invalid,, 13 ,, 24 ,, 35 ,, 46 ,, 57-1              ,

61              7               ,00               7,7               
17               1              ,0               02invalid,, 13 ,, 24 ,, 35 ,, 46 ,, 57-1              ,

6 Closed perf event handles

=====  Core/Tile sharing  =====
8               ,Trying to use Linux perf events...
Level      Processors
Core       0               7(0               
08               
=====  Core/Tile sharing  =====
)1               Level      Processors
Core       (invalid(1 0) )( (2 1) )( (3 2) )( (4-1              3)
)(9               (50               4)1               )(9               (61               5)invalid)( (7 6) )( (8 7) )( (9 8) )(-1              (10
9)10              )(0               (112               10)10              )(1               (12invalid11) )( (13 12 Closed perf event handles
) )Trying to use Linux perf events...
( (14 13) )( (15 14)-1              )
Tile / L2$ 
((11              1500               ))3               
Tile / L2$ (11              (11               0)invalid)( (2 1) )( (3 2) )( (4 3) )(-1              (5
4)12              )(0               (64               5)12              )(1               (7invalid6) )( (8 7) )( (9 8) )( (10 9)-1              )(
(1113              10)0               )(5               (1213              11)1               )(invalid(13 12) )( (14 13) )( (15 14) )
 (
-1              15
Package thermal spec power: )14              0
0                Watt; 
6               Package minimum power: 14              Package thermal spec power: 01               0 Watt; invalid Watt; Package maximum power:  Package minimum power: 0 0 Watt;
  Watt;  Package maximum power:  0  Watt;
   -1              
15              0               7               15              1               invalid         -1              
=====  Placement on packages  =====
Package Id.    Core Id.     Processors
0              0,1,2,3,4,5,6,7
1              0,1,2,3,4,5,6,7

=====  Core/Tile sharing  =====
Level      Processors
Core       (0)(1)(2)(3)(4)(5)(6)(7)(8)(9)(10)(11)(12)(13)(14
)(15)
Tile / L2$ (0)(1)(2)(3Can't open MCFG table. Check permission of )/sys/firmware/acpi/tables/MCFG
(
4Can't open MCFG table. Check permission of )/sys/firmware/acpi/tables/MCFG1(
5Can't open MCFG table. Check permission of )/pcm/sys/firmware/acpi/tables/MCFG(Can't open MCFG table. Check permission of 
6/sys/firmware/acpi/tables/MCFGCan't open MCFG table. Check permission of )
/pcm/sys/firmware/acpi/tables/MCFG1(Can't open MCFG table. Check permission of 
7/sys/firmware/acpi/tables/MCFG1)
(Can't open MCFG table. Check permission of 8/pcm/sys/firmware/acpi/tables/MCFG)
(Can't open MCFG table. Check permission of 9/pcm/sys/firmware/acpi/tables/MCFG1)
(WARNING: enumeration of devices in UncorePMUDiscovery failed
10)(11)(12)(13)(14)(15)WARNING: enumeration of devices in UncorePMUDiscovery failed


Package thermal spec power: 0 Watt; Package minimum power: 0 Watt; Package maximum power: 0 Watt;

Can't open MCFG table. Check permission of /sys/firmware/acpi/tables/MCFG
Can't open MCFG table. Check permission of /sys/firmware/acpi/tables/MCFG1
Can't open MCFG table. Check permission of /pcm/sys/firmware/acpi/tables/MCFG
Can't open MCFG table. Check permission of /pcm/sys/firmware/acpi/tables/MCFG1
WARNING: enumeration of devices in UncorePMUDiscovery failed
INFO: Linux perf interface to program uncore PMUs is INFO: Linux perf interface to program uncore PMUs is present
present
INFO: Linux perf interface to program uncore PMUs is INFO: using Linux perf interface to program uncore PMUs because env variable PCM_USE_UNCORE_PERF=1
INFO: using Linux perf interface to program uncore PMUs because env variable PCM_USE_UNCORE_PERF=1
INFO: Secure Boot detected. Using Linux perf for uncore PMU programming.
present
INFO: Secure Boot detected. Using Linux perf for uncore PMU programming.
INFO: using Linux perf interface to program uncore PMUs because env variable PCM_USE_UNCORE_PERF=1
INFO: Secure Boot detected. Using Linux perf for uncore PMU programming.

 Closed perf event handles
Trying to use Linux perf events...
Number of physical cores: 16
Number of logical cores: 16
Number of online logical cores: 16
Threads (logical cores) per physical core: 1
Num sockets: 2
Physical cores per socket: 8
Last level cache slices per socket: 0
Core PMU (perfmon) version: 4
Number of core PMU generic (programmable) counters: 8
Width of generic (programmable) counters: 48 bits
Number of core PMU fixed counters: 3
Width of fixed counters: 48 bits
Nominal core frequency: 2100000000 Hz
IBRS enabled in the kernel   : no
STIBP enabled in the kernel  : no
The processor is not susceptible to Rogue Data Cache Load: no
The processor supports enhanced IBRS                     : no

=====  Processor topology  =====
OS_Processor    Thread_Id       Core_Id         Tile_Id         Package_Id      Core_Type   Native_CPU_Model
0               0               0               0               0               invalid         -1              
1               0               1               1               0               invalid         -1              
2               0               2               2               0               invalid         -1              
3               0               3               3               0               invalid         -1              
4               0               4               4               0               invalid         -1              
5               0               5               5               0               invalid         -1              
6               0               6               6               0               invalid         -1              
7               0               7               7               0               invalid         -1              
8               0               0               8               1               invalid         -1              
9               0               1               9               1               invalid         -1              
10              0               2               10              1               invalid         -1              
11              0               3               11              1               invalid         -1              
12              0               4               12              1               invalid         -1              
13              0               5               13              1               invalid         -1              
14              0               6               14              1               invalid         -1              
15              0               7               15              1               invalid         -1              
=====  Placement on packages  =====
Package Id.    Core Id.     Processors
0              0,1,2,3,4,5,6,7
1              0,1,2,3,4,5,6,7

=====  Core/Tile sharing  =====
Level      Processors
Core       (0)(1)(2)(3)(4)(5)(6)(7)(8)(9)(10)(11)(12)(13)(14)(15)
Tile / L2$ (0)(1)(2)(3)(4)(5)(6)(7)(8)(9)(10)(11)(12)(13)(14)(15)

Package thermal spec power: 0 Watt; Package minimum power: 0 Watt; Package maximum power: 0 Watt;

Can't open MCFG table. Check permission of /sys/firmware/acpi/tables/MCFG
Can't open MCFG table. Check permission of /sys/firmware/acpi/tables/MCFG1
Can't open MCFG table. Check permission of /pcm/sys/firmware/acpi/tables/MCFG
Can't open MCFG table. Check permission of /pcm/sys/firmware/acpi/tables/MCFG1
WARNING: enumeration of devices in UncorePMUDiscovery failed
Socket 0: 2 memory controllers detected with total number of 6 channels. 2 UPI ports detected. 2 M2M (mesh to memory) blocks detected. 0 Home Agents detected. 2 M3UPI blocks detected.
Socket 0Socket : 02:  memory controllers detected with total number of 2 memory controllers detected with total number of 66 channels.  channels. INFO: Linux perf interface to program uncore PMUs is 22  UPIpresent
UPIINFO: using Linux perf interface to program uncore PMUs because env variable PCM_USE_UNCORE_PERF=1
 ports detected. ports detected.INFO: Secure Boot detected. Using Linux perf for uncore PMU programming.
  22 M2M (mesh to memory) blocks detected.  M2M (mesh to memory) blocks detected. 00 Home Agents detected.  Home Agents detected. 22 M3UPI blocks detected.
 M3UPI blocks detected.
Socket 1: 2 memory controllers detected with total number of 6 channels. 2 UPI ports detected. 2 M2M (mesh to memory) blocks detected. 0 Home Agents detected. 2 M3UPI blocks detected.
Socket 1Socket : 1Socket 2:  memory controllers detected with total number of 026:  memory controllers detected with total number of  channels. 262 memory controllers detected with total number of  channels.  62UPI channels.   ports detected.2UPI   ports detected.2UPI  M2M (mesh to memory) blocks detected.  ports detected.20  M2M (mesh to memory) blocks detected.  Home Agents detected. 202 M2M (mesh to memory) blocks detected.  Home Agents detected.  M3UPI blocks detected.
02 Home Agents detected.  M3UPI blocks detected.
2 M3UPI blocks detected.
Successfully programmed on-core PMU using Linux perf
Successfully programmed on-core PMU using Linux perf
Successfully programmed on-core PMU using Linux perf
Socket 1: 2 memory controllers detected with total number of 6 channels. 2 UPI ports detected. 2 M2M (mesh to memory) blocks detected. 0 Home Agents detected. 2 M3UPI blocks detected.
Successfully programmed on-core PMU using Linux perf
INFO: using Linux resctrl driver for RDT metrics (L3OCC, LMB, RMB) because environment variable PCM_USE_RESCTRL=1
ERROR: /sys/fs/resctrl is not mounted
ERROR: RDT metrics (L3OCC,LMB,RMB) will not be available
Mount it to make it work: mount -t resctrl resctrl /sys/fs/resctrl
INFO: using Linux resctrl driver for RDT metrics (L3OCC, LMB, RMB) because environment variable PCM_USE_RESCTRL=1
ERROR: /sys/fs/resctrl is not mounted
ERROR: RDT metrics (L3OCC,LMB,RMB) will not be available
Mount it to make it work: mount -t resctrl resctrl /sys/fs/resctrl


 Closed perf event handles
Trying to use Linux perf events...
 Closed perf event handles
Trying to use Linux perf events...
INFO: using Linux resctrl driver for RDT metrics (L3OCC, LMB, RMB) because environment variable PCM_USE_RESCTRL=1
INFO: using Linux resctrl driver for RDT metrics (L3OCC, LMB, RMB) because environment variable PCM_USE_RESCTRL=1
ERROR: /sys/fs/resctrl is not mounted
ERROR: RDT metrics (L3OCC,LMB,RMB) will not be available
Mount it to make it work: mount -t resctrl resctrl /sys/fs/resctrl
ERROR: /sys/fs/resctrl is not mounted
ERROR: RDT metrics (L3OCC,LMB,RMB) will not be available
Mount it to make it work: mount -t resctrl resctrl /sys/fs/resctrl


 Closed perf event handles
Trying to use Linux perf events...
 Closed perf event handles
Trying to use Linux perf events...
Successfully programmed on-core PMU using Linux perf
Successfully programmed on-core PMU using Linux perf
Successfully programmed on-core PMU using Linux perf
Successfully programmed on-core PMU using Linux perf
Socket 0
Max UPI link 0 speed: 2.5 GBytes/second (1.1 GT/second)
Max UPI link 1 speed: 2.5 GBytes/second (1.1 GT/second)
Socket 1
Max UPI link 0 speed: 3.0 GBytes/second (1.3 GT/second)
Max UPI link 1 speed: 3.0 GBytes/second (1.3 GT/second)

Detected Intel(R) Xeon(R) Silver 4208 CPU @ 2.10GHz "Intel(r) microarchitecture codename Cascade Lake-SP" stepping 7

Executing "./VE/ior-main/src/ior" command:
Socket 0
Max UPI link 0 speed: 1.5 GBytes/second (0.7 GT/second)
Max UPI link 1 speed: 1.5 GBytes/second (0.7 GT/second)
Socket 1
Max UPI link 0 speed: 1.6 GBytes/second (0.7 GT/second)
Max UPI link 1 speed: 1.6 GBytes/second (0.7 GT/second)

Detected Intel(R) Xeon(R) Silver 4208 CPU @ 2.10GHz "Intel(r) microarchitecture codename Cascade Lake-SP" stepping 7

Executing "./VE/ior-main/src/ior" command:
Socket 0
Max UPI link 0 speed: 2.1 GBytes/second (0.9 GT/second)
Max UPI link 1 speed: 2.1 GBytes/second (0.9 GT/second)
Socket 1
Max UPI link 0 speed: 1.4 GBytes/second (0.6 GT/second)
Max UPI link 1 speed: 1.4 GBytes/second (0.6 GT/second)

Detected Intel(R) Xeon(R) Silver 4208 CPU @ 2.10GHz "Intel(r) microarchitecture codename Cascade Lake-SP" stepping 7

Executing "./VE/ior-main/src/ior" command:
Socket 0
Max UPI link 0 speed: 1.2 GBytes/second (0.5 GT/second)
Max UPI link 1 speed: 1.2 GBytes/second (0.5 GT/second)
Socket 1
Max UPI link 0 speed: 1.2 GBytes/second (0.5 GT/second)
Max UPI link 1 speed: 1.2 GBytes/second (0.5 GT/second)

Detected Intel(R) Xeon(R) Silver 4208 CPU @ 2.10GHz "Intel(r) microarchitecture codename Cascade Lake-SP" stepping 7

Executing "./VE/ior-main/src/ior" command:
Socket 0
Max UPI link 0 speed: 1.2 GBytes/second (0.5 GT/second)
Max UPI link 1 speed: 1.2 GBytes/second (0.5 GT/second)
Socket 1
Max UPI link 0 speed: 1.3 GBytes/second (0.6 GT/second)
Max UPI link 1 speed: 1.3 GBytes/second (0.6 GT/second)

Detected Intel(R) Xeon(R) Silver 4208 CPU @ 2.10GHz "Intel(r) microarchitecture codename Cascade Lake-SP" stepping 7

Executing "./VE/ior-main/src/ior" command:
Socket 0
Max UPI link 0 speed: 1.3 GBytes/second (0.6 GT/second)
Max UPI link 1 speed: 1.3 GBytes/second (0.6 GT/second)
Socket 1
Max UPI link 0 speed: 1.4 GBytes/second (0.6 GT/second)
Max UPI link 1 speed: 1.4 GBytes/second (0.6 GT/second)

Detected Intel(R) Xeon(R) Silver 4208 CPU @ 2.10GHz "Intel(r) microarchitecture codename Cascade Lake-SP" stepping 7

Executing "./VE/ior-main/src/ior" command:
Socket 0Socket 
Max UPI link 00
 speed: Max UPI link 0 speed: 1.2 GBytes/second (0.51.1 GT/second)
 GBytes/second (Max 0.5UPI GT/second)
 link Max 1UPI speed:  link 1.21 GBytes/second ( speed: 0.51.1 GT/second)
 GBytes/second (Socket 0.51 GT/second)

Socket Max 1UPI
 link Max 0UPI speed:  link 1.10 GBytes/second ( speed: 0.51.2 GT/second)
 GBytes/second (Max 0.6UPI GT/second)
 link Max 1UPI speed:  link 1.11 GBytes/second ( speed: 0.51.2 GT/second)
 GBytes/second (0.6 GT/second)

Detected 
Detected Intel(R) Xeon(R) Silver 4208 CPU @ 2.10GHz "Intel(r) microarchitecture codename Intel(R) Xeon(R) Silver 4208 CPU @ 2.10GHzCascade Lake-SP "Intel(r) microarchitecture codename " stepping Cascade Lake-SP7" stepping 
7

Executing "./VE/ior-main/src/ior" command:

Executing "./VE/ior-main/src/ior" command:
IOR-4.1.0+dev: MPI Coordinated Test of Parallel I/O
Began               : Mon Mar 25 11:33:10 2024
Command line        : ./VE/ior-main/src/ior -t 1m -b 8m -s 8 -o hpl_test -F
Machine             : Linux muffin
TestID              : 0
StartTime           : Mon Mar 25 11:33:10 2024
Path                : hpl_test.00000000
FS                  : 79.0 TiB   Used FS: 12.7%   Inodes: 16179.2 Mi   Used Inodes: 0.2%

Options: 
api                 : POSIX
apiVersion          : 
test filename       : hpl_test
access              : file-per-process
type                : independent
segments            : 8
ordering in a file  : sequential
ordering inter file : no tasks offsets
nodes               : 1
tasks               : 8
clients per node    : 8
memoryBuffer        : CPU
dataAccess          : CPU
GPUDirect           : 0
repetitions         : 1
xfersize            : 1 MiB
blocksize           : 8 MiB
aggregate filesize  : 512 MiB

Results: 

access    bw(MiB/s)  IOPS       Latency(s)  block(KiB) xfer(KiB)  open(s)    wr/rd(s)   close(s)   total(s)   iter
------    ---------  ----       ----------  ---------- ---------  --------   --------   --------   --------   ----
write     11.16      103.27     0.006537    8192       1024.00    4.91       4.96       45.82      45.88      0   
read      6014       6189       0.008737    8192       1024.00    0.006627   0.082727   0.038720   0.085140   0   

Summary of all tests:
Operation   Max(MiB)   Min(MiB)  Mean(MiB)     StdDev   Max(OPs)   Min(OPs)  Mean(OPs)     StdDev    Mean(s) Stonewall(s) Stonewall(MiB) Test# #Tasks tPN reps fPP reord reordoff reordrand seed segcnt   blksiz    xsize aggs(MiB)   API RefNum
write          11.16      11.16      11.16       0.00      11.16      11.16      11.16       0.00   45.87753         NA            NA     0      8   8    1   1     0        1         0    0      8  8388608  1048576     512.0 POSIX      0
read         6013.63    6013.63    6013.63       0.00    6013.63    6013.63    6013.63       0.00    0.08514         NA            NA     0      8   8    1   1     0        1         0    0      8  8388608  1048576     512.0 POSIX      0
Finished            : Mon Mar 25 11:33:56 2024
DEBUG: caught signal to interrupt (Child exited).
Cleaning up
 Closed perf event handles
 Zeroed uncore PMU registers
DEBUG: caught signal to interrupt (Child exited).
Cleaning up
 Closed perf event handles
DEBUG: caught signal to interrupt (Child exited).
Cleaning up
 Closed perf event handles
DEBUG: caught signal to interrupt (Child exited).
Cleaning up
DEBUG: caught signal to interrupt (Child exited).
Cleaning up
 Closed perf event handles
 Closed perf event handles
DEBUG: caught signal to interrupt (Child exited).
Cleaning up
 Closed perf event handles
DEBUG: caught signal to interrupt (Child exited).
Cleaning up
 Closed perf event handles
 Zeroed uncore PMU registers
DEBUG: caught signal to interrupt (Child exited).
Cleaning up
 Closed perf event handles
 Zeroed uncore PMU registers
 Zeroed uncore PMU registers
 Zeroed uncore PMU registers
 Zeroed uncore PMU registers
 Zeroed uncore PMU registers
 Zeroed uncore PMU registers
	Command being timed: "/opt/nec/ve/bin/mpirun -n 8 /usr/sbin/pcm 0.1 -csv=./output/8/ve_IOR_VE_8.csv -- ./VE/ior-main/src/ior -t 1m -b 8m -s 8 -o hpl_test -F"
	User time (seconds): 2.50
	System time (seconds): 2.32
	Percent of CPU this job got: 10%
	Elapsed (wall clock) time (h:mm:ss or m:ss): 0:47.98
	Average shared text size (kbytes): 0
	Average unshared data size (kbytes): 0
	Average stack size (kbytes): 0
	Average total size (kbytes): 0
	Maximum resident set size (kbytes): 141592
	Average resident set size (kbytes): 0
	Major (requiring I/O) page faults: 2
	Minor (reclaiming a frame) page faults: 5842
	Voluntary context switches: 66175
	Involuntary context switches: 3718
	Swaps: 0
	File system inputs: 0
	File system outputs: 3624
	Socket messages sent: 0
	Socket messages received: 0
	Signals delivered: 0
	Page size (bytes): 4096
	Exit status: 0

 Intel(r) Performance Counter Monitor (2022-11-24 10:18:12 +0100 ID=1b16bb4e)


PCM Info: setrlimit for file limit 1000000 failed with error Operation not permitted

=====  Processor information  =====

 Intel(r) Performance Counter Monitor 
(2022-11-24 10:18:12 +0100 ID=1b16bb4e)
 Intel(r) Performance Counter Monitor 

(2022-11-24 10:18:12 +0100 ID=1b16bb4e) Intel(r) Performance Counter Monitor 

(2022-11-24 10:18:12 +0100 ID=1b16bb4e)



PCM Info: setrlimit for file limit 
1000000 failed with error Operation not permittedPCM Info: setrlimit for file limit 
1000000 failed with error Operation not permittedPCM Info: setrlimit for file limit 
1000000 failed with error 
=====  Processor information  =====
Operation not permitted

=====  Processor information  =====

=====  Processor information  =====
Linux arch_perfmon flag  : Linux arch_perfmon flag  : yesLinux arch_perfmon flag  : yes

yes

 Intel(r) Performance Counter Monitor Hybrid processor         : 
Hybrid processor         :  Intel(r) Performance Counter Monitor Hybrid processor         : (2022-11-24 10:18:12 +0100 ID=1b16bb4e)nono(2022-11-24 10:18:12 +0100 ID=1b16bb4e)no





IBRS and IBPB supported  : IBRS and IBPB supported  : 
IBRS and IBPB supported  : 
yesyes
yes


STIBP supported          : STIBP supported          : STIBP supported          : PCM Info: setrlimit for file limit yesPCM Info: setrlimit for file limit yesyes1000000
1000000

 failed with error Spec arch caps supported :  failed with error Operation not permittedOperation not permittedSpec arch caps supported : Spec arch caps supported : yes

yesyes


Max CPUID level          : Max CPUID level          : Max CPUID level          : 
=====  Processor information  =====
22
=====  Processor information  =====
22
22
CPU model number         : 
CPU model number         : 85CPU model number         : 85
85

Linux arch_perfmon flag  : Linux arch_perfmon flag  : yesyes

Hybrid processor         : no

Hybrid processor         : IBRS and IBPB supported  : 
 Intel(r) Performance Counter Monitor noyes Intel(r) Performance Counter Monitor (2022-11-24 10:18:12 +0100 ID=1b16bb4e)

(2022-11-24 10:18:12 +0100 ID=1b16bb4e)
IBRS and IBPB supported  : STIBP supported          : 

yes
yes

STIBP supported          : 

yesSpec arch caps supported : 
yesPCM Info: setrlimit for file limit Spec arch caps supported : 
1000000yesMax CPUID level          : PCM Info: setrlimit for file limit  failed with error 
Max CPUID level          : 22100000022Operation not permitted
 failed with error 

CPU model number         : Operation not permittedCPU model number         : 85
85


=====  Processor information  =====

=====  Processor information  =====
Linux arch_perfmon flag  : yes
Hybrid processor         : no
IBRS and IBPB supported  : yes
STIBP supported          : yes
Linux arch_perfmon flag  : Spec arch caps supported : yesyes

Hybrid processor         : Max CPUID level          : no22

IBRS and IBPB supported  : CPU model number         : yes85

STIBP supported          : yes
Spec arch caps supported : yes
Max CPUID level          : 22
CPU model number         : 85
Linux arch_perfmon flag  : yes
Hybrid processor         : no
IBRS and IBPB supported  : yes
STIBP supported          : yes
Spec arch caps supported : yes
Max CPUID level          : 22
CPU model number         : 85
Number of physical cores: 16
Number of logical cores: 16
Number of online logical cores: 16
Threads (logical cores) per physical core: 1
Num sockets: 2
Physical cores per socket: 8
Last level cache slices per socket: 0
Core PMU (perfmon) version: 4
Number of core PMU generic (programmable) counters: 8
Width of generic (programmable) counters: 48 bits
Number of core PMU fixed counters: 3
Width of fixed counters: 48 bits
Nominal core frequency: 2100000000 Hz
IBRS enabled in the kernel   : no
STIBP enabled in the kernel  : no
The processor is not susceptible to Rogue Data Cache Load: no
The processor supports enhanced IBRS                     : no

=====  Processor topology  =====
OS_Processor    Thread_Id       Core_Id         Tile_Id         Package_Id      Core_Type   Native_CPU_Model
0               0               0               0               0               invalid         -1              
1               0               1               1               0               invalid         -1              
2               0               2               2               0               invalid         -1              
3               0               3               3               0               invalid         -1              
4               0               4               4               0               invalid         -1              
5               0               5               5               0               invalid         -1              
6               0               6               6               0               invalid         -1              
7               0               7               7               0               invalid         -1              
8               0               0               8               1               invalid         -1              
9               0               1               9               1               invalid         -1              
10              0               2               10              1               invalid         -1              
11              0               3               11              1               invalid         -1              
12              0               4               12              1               invalid         -1              
13              0               5               13              1               invalid         -1              
14              0               6               14              1               invalid         -1              
15              0               7               15              1               invalid         -1              
=====  Placement on packages  =====
Package Id.    Core Id.     Processors
0              0,1,2,Number of physical cores: 3,Number of physical cores: 416,
5Number of logical cores: 16,16
6
Number of logical cores: ,Number of online logical cores: 16716


Number of online logical cores: 1              Threads (logical cores) per physical core: 1601
,
Threads (logical cores) per physical core: 1Num sockets: 1,2
2
Num sockets: ,Physical cores per socket: 238
,
Physical cores per socket: 4Last level cache slices per socket: 8,0
5
Last level cache slices per socket: ,Core PMU (perfmon) version: 064
,
Core PMU (perfmon) version: 7Number of core PMU generic (programmable) counters: 4
8

=====  Core/Tile sharing  =====

Number of core PMU generic (programmable) counters: Level      Processors
Core       Width of generic (programmable) counters: 8(48
0 bits
Width of generic (programmable) counters: )Number of core PMU fixed counters: 48(3 bits
1
Number of core PMU fixed counters: )Width of fixed counters: 3(48
2 bits
Width of fixed counters: )Nominal core frequency: 48(2100000000 bits
3 Hz
Nominal core frequency: )IBRS enabled in the kernel   : 2100000000(no Hz
4
IBRS enabled in the kernel   : )STIBP enabled in the kernel  : no(no
5
STIBP enabled in the kernel  : )The processor is not susceptible to Rogue Data Cache Load: no(no
6
The processor is not susceptible to Rogue Data Cache Load: )The processor supports enhanced IBRS                     : no(no
7
The processor supports enhanced IBRS                     : )no
=====  Processor topology  =====
(
OS_Processor    Thread_Id       Core_Id         Tile_Id         Package_Id      Core_Type   Native_CPU_Model
8
=====  Processor topology  =====
0               )OS_Processor    Thread_Id       Core_Id         Tile_Id         Package_Id      Core_Type   Native_CPU_Model
0               (0               0               90               Number of physical cores: 0               )0               0               (0               invalid10160                )
invalid (Number of logical cores:   1116  )
  (Number of online logical cores:   1216  )
  (Threads (logical cores) per physical core:   131 -1              )
 
(Num sockets: -1              141               2
)0               
(1               1               Physical cores per socket: 150               1               8)1               0               

Tile / L2$ 1               invalidLast level cache slices per socket: (0                00invalid 
)  Core PMU (perfmon) version: (  41  
)  Number of core PMU generic (programmable) counters: (  82  
)  Width of generic (programmable) counters: ( -1              483 
 bits
)-1              2               Number of core PMU fixed counters: (
0               342               2               
)0               2               Width of fixed counters: (2               0               4852               invalid bits
)0                Nominal core frequency: (invalid 21000000006   Hz
)  IBRS enabled in the kernel   : (  no7  
)  STIBP enabled in the kernel  : (  no8  
) -1              The processor is not susceptible to Rogue Data Cache Load: ( 
no9-1              3               
)
0               The processor supports enhanced IBRS                     : (3               3               no100               3               
)
=====  Processor topology  =====
3               0               (OS_Processor    Thread_Id       Core_Id         Tile_Id         Package_Id      Core_Type   Native_CPU_Model
3               invalid110               0                )0               invalid (12)(13)(14)(15)

Package thermal spec power: 0 Watt; Package minimum power: 0 Watt; Package maximum power: 0 Watt;

Can't open MCFG table. Check permission of /sys/firmware/acpi/tables/MCFG
Can't open MCFG table. Check permission of /sys/firmware/acpi/tables/MCFG1
Can't open MCFG table. Check permission of /pcm/sys/firmware/acpi/tables/MCFG
Can't open MCFG table. Check permission of /pcm/sys/firmware/acpi/tables/MCFG1
WARNING: enumeration of devices in UncorePMUDiscovery failed
0                 0                 0                 invalid             -1                
 -1              4                
0                4               4                0               4               -1              4               0               
4               invalid0               1                invalid0                 1                 1                 0                 invalid            -1                
-1               5               
 0               5                5               0                5               5               -1              0               5               
invalid2               0                0               invalid 2                 2                 0                 invalid             -1                
 -1              6                
0                6               6                0               6               -1              6               0               
6               invalid3               0                0               invalid 3                 3                 0                 invalid             -1                
 -1              7                
0                7               7                0               7               -1              7               0               INFO: Linux perf interface to program uncore PMUs is 
7               invalidpresent
4               0                INFO: using Linux perf interface to program uncore PMUs because env variable PCM_USE_UNCORE_PERF=1
0               invalid INFO: Secure Boot detected. Using Linux perf for uncore PMU programming.
4                 4                 0                 invalid             -1                
 -1              8                
0                8               0                0               8               -1              0               1               
8               invalid5               1                0               invalid 5                 5                 0                 invalid             -1                
 -1              9                
0                9               1                0               9               -1              1               1               
9               invalid6               1                0               invalid 6                 6                 0                 invalid             -1                
 -1              10               
0                10              2                0               10              -1              2               1               
10              invalid7               1                0               invalid 7                 7                 0                 invalid             -1                
 -1              11               
0                11              3                0               11              -1              3               1               
11              invalid8               1                0               invalid 0                 8                 1                 invalid             -1                
 -1              12               
0                12              4                0               12              -1              4               1               
12              invalid9               1                0               invalid        -1              
13              0               5               13              1               invalid         -1              
14              0               6               14              1               invalid         -1              
15              0               7               15              1               invalid         -1              
=====  Placement on packages  =====
Package Id.    Core Id.     Processors
0              0,1,2,3,4,5,6,7
1              0,1,2,3,4,5,6,7

=====  Core/Tile sharing  =====
Level      Processors
Core       (0)(1)(2)(3)(4)(5)(6)(7)(8)(9)(10)(11)(12)(13)(14)(15)
Tile / L2$ (0)(1)(2)(3)(4)(5)(6)(7)(8)(9)(10)(11)(12)(13)(14)(15)

Package thermal spec power: 0 Watt; Package minimum power: 0 Watt; Package maximum power: 0 Watt;
1                9                1                invalid  
          -1               Can't open MCFG table. Check permission of 
 /sys/firmware/acpi/tables/MCFG13               
0               -1              Can't open MCFG table. Check permission of 5               
/sys/firmware/acpi/tables/MCFG113              10              
1               0               Can't open MCFG table. Check permission of invalid2               /pcm/sys/firmware/acpi/tables/MCFG 10              
 1               Can't open MCFG table. Check permission of  invalid/pcm/sys/firmware/acpi/tables/MCFG1  
          -1               
 14               0               WARNING: enumeration of devices in UncorePMUDiscovery failed
-1              6               
14              11              1               0               invalid3                11               1                invalid            -1               
 15               0               -1              7               
15              12              1               0               invalid4                12               1                invalid            -1               
 =====  Placement on packages  =====
 Package Id.    Core Id.     Processors
-1              0              
013              ,0               15               ,13              21               ,invalid3 , 4 , 5 , 6 , 7 
-1              1              
014              ,0               16               ,14              21               ,invalid3 , 4 , 5 , 6 , 7 
-1              
=====  Core/Tile sharing  =====

Level      Processors
Core       15              (0               07               )15              (1               1invalid) ( 2 ) ( 3 ) ( 4 )-1              (INFO: Linux perf interface to program uncore PMUs is 
5present
=====  Placement on packages  =====
)INFO: using Linux perf interface to program uncore PMUs because env variable PCM_USE_UNCORE_PERF=1
Package Id.    Core Id.     Processors
(INFO: Secure Boot detected. Using Linux perf for uncore PMU programming.
0              60),(17,)2(,83),(49,)5(,106),(711
)1              (012,)1(,132),(314,)4(,155),
Tile / L2$ 6(,07)
(
=====  Core/Tile sharing  =====
1Level      Processors
Core       )((02))((13))((24))((35))((46))((57))((68))((79))((810))((911))((1012))((1113))((1214))((1315))(
14
)(Package thermal spec power: 150) Watt; 
Tile / L2$ Package minimum power: (00 Watt; )Package maximum power: (01 Watt;
)(2)(3)(4)(5)(6)(7)(8)(9)(10)(11)(12)(13)(14)(15)

Package thermal spec power: 0 Watt; Package minimum power: 0 Watt; Package maximum power: 0 Watt;

Can't open MCFG table. Check permission of /sys/firmware/acpi/tables/MCFG
Can't open MCFG table. Check permission of /sys/firmware/acpi/tables/MCFG1
Can't open MCFG table. Check permission of /pcm/sys/firmware/acpi/tables/MCFG
Can't open MCFG table. Check permission of /pcm/sys/firmware/acpi/tables/MCFG1
WARNING: enumeration of devices in UncorePMUDiscovery failed

Socket 0: Can't open MCFG table. Check permission of 2/sys/firmware/acpi/tables/MCFG memory controllers detected with total number of 
6Can't open MCFG table. Check permission of  channels. /sys/firmware/acpi/tables/MCFG12
 Can't open MCFG table. Check permission of UPI/pcm/sys/firmware/acpi/tables/MCFG ports detected.
 Can't open MCFG table. Check permission of 2/pcm/sys/firmware/acpi/tables/MCFG1 M2M (mesh to memory) blocks detected. 
0 Home Agents detected. 2 M3UPI blocks detected.
WARNING: enumeration of devices in UncorePMUDiscovery failed
INFO: Linux perf interface to program uncore PMUs is present
INFO: using Linux perf interface to program uncore PMUs because env variable PCM_USE_UNCORE_PERF=1
INFO: Secure Boot detected. Using Linux perf for uncore PMU programming.
INFO: Linux perf interface to program uncore PMUs is Number of physical cores: Number of physical cores: 16
Number of logical cores: 1616

Number of logical cores: Number of online logical cores: 1616

Number of online logical cores: Threads (logical cores) per physical core: 161

Threads (logical cores) per physical core: Num sockets: 12

Num sockets: Physical cores per socket: 28

Physical cores per socket: Socket Last level cache slices per socket: 800
: 
Last level cache slices per socket: 2Core PMU (perfmon) version: 0 memory controllers detected with total number of 4
6
Core PMU (perfmon) version:  channels. Number of core PMU generic (programmable) counters: 428
 
Number of core PMU generic (programmable) counters: UPIWidth of generic (programmable) counters: 8 ports detected.48
  bits
Width of generic (programmable) counters: 2Number of core PMU fixed counters: 48 M2M (mesh to memory) blocks detected. 3 bits
0
Number of core PMU fixed counters:  Home Agents detected. Width of fixed counters: 3248
 M3UPI blocks detected.
 bits
Width of fixed counters: Nominal core frequency: 482100000000 bits
 Hz
Nominal core frequency: IBRS enabled in the kernel   : 2100000000no Hz

IBRS enabled in the kernel   : STIBP enabled in the kernel  : nono

STIBP enabled in the kernel  : The processor is not susceptible to Rogue Data Cache Load: nono

The processor is not susceptible to Rogue Data Cache Load: The processor supports enhanced IBRS                     : nono

The processor supports enhanced IBRS                     : 
=====  Processor topology  =====
noOS_Processor    Thread_Id       Core_Id         Tile_Id         Package_Id      Core_Type   Native_CPU_Model

0               
=====  Processor topology  =====
0               OS_Processor    Thread_Id       Core_Id         Tile_Id         Package_Id      Core_Type   Native_CPU_Model
0               0               0               0               0               0               invalid0                0                invalid              -1              
1               0               1               1               0               invalid         -1              
2               0               2               2               0               invalid         -1              
3               0               3               3               0               invalid         -1              
4               0               4               4               0               invalid         -1              
5               0               5               5               0               invalid         -1              
6               0               6               6               0               invalid         -1              
7               0               7               7               0               invalid         -1              
8               0               0               8               1               invalid         -1              
9               0               1               9               1               invalid         -1              
10              0               2               10              1               invalid         -1              
11              0               3               11              1               invalid         -1              
12              0               4               12              1               invalid         -1              
13              0               5               13              1               invalid         -1              
14              0               6               14              1               invalid         -1              
15              0               7               15              1               invalid         -1              
=====  Placement on packages  =====
Package Id.    Core Id.     Processors
0              0,1,2,3,4,5,6,7
1              0,1,2 , 3-1              ,
41               ,0               51               ,1               60               ,invalid7 
 
=====  Core/Tile sharing  =====
 Level      Processors
Core        ( 0 ) ( 1 )-1              (
22               )0               (2               32               )0               (invalid4 ) Number of physical cores: ( 5 16) 
( Number of logical cores: 6 16) 
( Number of online logical cores: 7-1              16)

(3               Threads (logical cores) per physical core: 80               1)3               
(3               Num sockets: 90               2)invalid
Number of physical cores: ( Physical cores per socket: 10 168Socket ) 

1( Number of logical cores: Last level cache slices per socket: : 11 1602) 

 memory controllers detected with total number of ( Number of online logical cores: Core PMU (perfmon) version: 612 164 channels. ) 

2(-1              Threads (logical cores) per physical core: Number of core PMU generic (programmable) counters:  13Socket 
18UPI)04               

 ports detected.(: 0               Num sockets: Width of generic (programmable) counters:  1424               2482) memory controllers detected with total number of 4               
 bits
 M2M (mesh to memory) blocks detected. (60               present
invalid Physical cores per socket: INFO: using Linux perf interface to program uncore PMUs because env variable PCM_USE_UNCORE_PERF=1
 Number of core PMU fixed counters: 8INFO: Secure Boot detected. Using Linux perf for uncore PMU programming.
 0
315 Last level cache slices per socket:  channels.  Home Agents detected. 
) 022Width of fixed counters: 
Tile / L2$  
 M3UPI blocks detected.
 48( Core PMU (perfmon) version: UPI ports detected.  bits
0 42Nominal core frequency: ) 
 M2M (mesh to memory) blocks detected. 2100000000(-1              Number of core PMU generic (programmable) counters: 0 Hz
1
8 Home Agents detected. IBRS enabled in the kernel   : )5               
2no(0               Width of generic (programmable) counters:  M3UPI blocks detected.

25               48STIBP enabled in the kernel  : )5                bits
no(0               Number of core PMU fixed counters: 
3invalid3The processor is not susceptible to Rogue Data Cache Load: ) 
no( Width of fixed counters: 
4 48The processor supports enhanced IBRS                     : )  bits
no( Nominal core frequency: 
5 2100000000
=====  Processor topology  =====
)  Hz
OS_Processor    Thread_Id       Core_Id         Tile_Id         Package_Id      Core_Type   Native_CPU_Model
( IBRS enabled in the kernel   : 0               6 no0               )(-1              
0               7
STIBP enabled in the kernel  : 0               )6               no0               (0               
invalid86               The processor is not susceptible to Rogue Data Cache Load:  )6               no (0               
 9invalidThe processor supports enhanced IBRS                     :  ) no ( 
 10 
=====  Processor topology  =====
 ) OS_Processor    Thread_Id       Core_Id         Tile_Id         Package_Id      Core_Type   Native_CPU_Model
 ( 0                11 0               -1              ) 0               
( 0               1               12 0               0               )-1              invalid1               (
 1               137                0               )0                invalid(7                 147                 )0                 (invalid  15   )   
 -1               
 
 Package thermal spec power:  1                0 0               -1               Watt;  1               
Package minimum power:  1               2               0 0               0                Watt; -1              invalid2               Package maximum power: 
 2               08                0                Watt;
0                invalid0                 8                 1                 invalid         -1                
  2                 0               -1               2               
Socket 1: 2 memory controllers detected with total number of 6  channels.  2               2-1              
0                3               
invalidUPI0               9                 ports detected.3               0                 3               1                Can't open MCFG table. Check permission of 20               9                /sys/firmware/acpi/tables/MCFG M2M (mesh to memory) blocks detected. invalid1                
0 invalid Can't open MCFG table. Check permission of  Home Agents detected.    /sys/firmware/acpi/tables/MCFG12   
 M3UPI blocks detected.
   Can't open MCFG table. Check permission of   -1              /pcm/sys/firmware/acpi/tables/MCFG  

  3               Can't open MCFG table. Check permission of   0               /pcm/sys/firmware/acpi/tables/MCFG1  3               
-1               3               
-1              0               4               
invalid 0               10              WARNING: enumeration of devices in UncorePMUDiscovery failed
  4               0                 4               2                 0               10                invalid1               -1               invalid
  4                 0                 4                 4                 0                 invalid            -1                
-1              -1              5               

0               11              5               5               0               0               5               3               5               0               11              5               invalid1               0                invalidinvalid                 -1                
  6                 0                 6               -1               6               
-1              0               6               
invalid    0               12                6               0                 6               4                0               12              -1              invalid1               
 invalid7                 0                 7                 7                   0                 invalid        -1                 
  7                -1              
0               -1              8               7               
0               7               13              0               0               8               invalid1                invalid                -1               
-1              8               
0               9               0               0               8               1               1               9               invalid1                invalid                -1               
-1              9               
0               10              1               0               9               2               1               10              invalid1                invalid                -1               
-1              10              
0               11              2               0               10              3               1               11              invalid1                invalid                -1               
-1              11              
0               12              3               0               11              4               1               12              invalid1                invalid                -1               
-1              12              
0               13              4               0               12              5               1               13              invalid1                invalid                -1               
-1              13              
0               14              5               0               13              6               1               14              invalid1                invalid                -1               
-1              14              
0               15              6               0               14              7               1               15              invalid1                invalid                -1               
-1              15              
0               =====  Placement on packages  =====
7               Package Id.    Core Id.     Processors
15              0              1               0invalid, 1 , 2 , 3 , 4 , 5-1              ,
6=====  Placement on packages  =====
,Package Id.    Core Id.     Processors
0               70              5               
013              1              ,1               01invalid,, 12 ,, 2,3 3, ,4 4, ,5 5, ,6-1              6,,
7714              

0               
=====  Core/Tile sharing  =====
1              INFO: Linux perf interface to program uncore PMUs is 6               Level      Processors
Core       0present
14              (,INFO: using Linux perf interface to program uncore PMUs because env variable PCM_USE_UNCORE_PERF=1
1               01INFO: Secure Boot detected. Using Linux perf for uncore PMU programming.
invalid), (2 1, )3 (, 2)4 (, 3)5 (, 46-1              ),
(715              5
0               )
=====  Core/Tile sharing  =====
7               (Level      Processors
Core       15              6(1               )0invalid() 7( )1 (8)) (( 92 )) (( 103 ))-1              ((
114=====  Placement on packages  =====
))Package Id.    Core Id.     Processors
((0              1250)),((113)(6,14)2)((,15)73
Tile / L2$ ),((408,))5((,196)),((7210
)()1              3(0)(11,4)1)(,(1225),)(3(13,6)4)(,(1457)),(8(6)15,()79
Tile / L2$ 
)(
=====  Core/Tile sharing  =====
(0Level      Processors
Core       10))(((011)1)()(12(2)(3)(4)(5)(6)(7)(8)(9)(10)(11)(12)(13)(14)(15)

Package thermal spec power: 0 Watt; Package minimum power: 0 Watt; Package maximum power: 0 Watt;

Can't open MCFG table. Check permission of /sys/firmware/acpi/tables/MCFG
Can't open MCFG table. Check permission of /sys/firmware/acpi/tables/MCFG1
Can't open MCFG table. Check permission of /pcm/sys/firmware/acpi/tables/MCFG
Can't open MCFG table. Check permission of /pcm/sys/firmware/acpi/tables/MCFG1
WARNING: enumeration of devices in UncorePMUDiscovery failed
1))((132))((143))((154))
(
5)Package thermal spec power: (06 Watt; )Package minimum power: (07 Watt; )Package maximum power: (08 Watt;
Socket )1(: 92) memory controllers detected with total number of (610 channels. )2( 11UPI) ports detected.( 122) M2M (mesh to memory) blocks detected. (013 Home Agents detected. )2( M3UPI blocks detected.
14)(15)
Tile / L2$ (0)(1)(2)(3)(4)(5)(6)(7)(8)(9)(10)(11)(12)(13)(14
)(15)

Package thermal spec power: 0 Watt; Package minimum power: 0 Watt; Package maximum power: 0 Watt;
Can't open MCFG table. Check permission of /sys/firmware/acpi/tables/MCFG
Can't open MCFG table. Check permission of /sys/firmware/acpi/tables/MCFG1
Can't open MCFG table. Check permission of /pcm/sys/firmware/acpi/tables/MCFG
Can't open MCFG table. Check permission of /pcm/sys/firmware/acpi/tables/MCFG1
Socket 0: 2 memory controllers detected with total number of 6 channels. 2 UPIWARNING: enumeration of devices in UncorePMUDiscovery failed
 ports detected. 2 M2M (mesh to memory) blocks detected. 0 Home Agents detected. 2 M3UPI blocks detected.

Can't open MCFG table. Check permission of /sys/firmware/acpi/tables/MCFG
Can't open MCFG table. Check permission of /sys/firmware/acpi/tables/MCFG1
Can't open MCFG table. Check permission of /pcm/sys/firmware/acpi/tables/MCFG
Can't open MCFG table. Check permission of /pcm/sys/firmware/acpi/tables/MCFG1
WARNING: enumeration of devices in UncorePMUDiscovery failed
INFO: Linux perf interface to program uncore PMUs is present
INFO: using Linux perf interface to program uncore PMUs because env variable PCM_USE_UNCORE_PERF=1
INFO: Secure Boot detected. Using Linux perf for uncore PMU programming.
INFO: Linux perf interface to program uncore PMUs is present
INFO: using Linux perf interface to program uncore PMUs because env variable PCM_USE_UNCORE_PERF=1
INFO: Secure Boot detected. Using Linux perf for uncore PMU programming.
INFO: Linux perf interface to program uncore PMUs is present
INFO: using Linux perf interface to program uncore PMUs because env variable PCM_USE_UNCORE_PERF=1
INFO: Secure Boot detected. Using Linux perf for uncore PMU programming.
Socket 1: 2 memory controllers detected with total number of 6 channels. 2 UPI ports detected. 2 M2M (mesh to memory) blocks detected. 0 Home Agents detected. 2 M3UPI blocks detected.
Socket 0: 2 memory controllers detected with total number of 6 channels. 2 UPI ports detected. 2 M2M (mesh to memory) blocks detected. 0 Home Agents detected. 2 M3UPI blocks detected.
Socket 0: 2 memory controllers detected with total number of 6 channels. 2 UPI ports detected. 2 M2M (mesh to memory) blocks detected. 0 Home Agents detected. 2 M3UPI blocks detected.
Socket 0: 2 memory controllers detected with total number of 6 channels. 2 UPI ports detected. 2 M2M (mesh to memory) blocks detected. 0 Home Agents detected. 2 M3UPI blocks detected.
Socket 0: 2 memory controllers detected with total number of 6 channels. 2 UPI ports detected. 2 M2M (mesh to memory) blocks detected. 0 Home Agents detected. 2 M3UPI blocks detected.
INFO: using Linux resctrl driver for RDT metrics (L3OCC, LMB, RMB) because environment variable PCM_USE_RESCTRL=1
Socket ERROR: /sys/fs/resctrl is not mounted
Socket 1ERROR: RDT metrics (L3OCC,LMB,RMB) will not be available
1: Mount it to make it work: mount -t resctrl resctrl /sys/fs/resctrl
: 22 memory controllers detected with total number of  memory controllers detected with total number of 66 channels.  channels. 22  UPIUPI ports detected. ports detected.  22 M2M (mesh to memory) blocks detected.  M2M (mesh to memory) blocks detected. 00 Home Agents detected.  Home Agents detected. 22 M3UPI blocks detected.
 M3UPI blocks detected.

 Closed perf event handles
Trying to use Linux perf events...
Socket 1: 2 memory controllers detected with total number of 6 channels. 2 UPI ports detected. 2 M2M (mesh to memory) blocks detected. 0 Home Agents detected. 2 M3UPI blocks detected.
INFO: using Linux resctrl driver for RDT metrics (L3OCC, LMB, RMB) because environment variable PCM_USE_RESCTRL=1
ERROR: /sys/fs/resctrl is not mounted
ERROR: RDT metrics (L3OCC,LMB,RMB) will not be available
Mount it to make it work: mount -t resctrl resctrl /sys/fs/resctrl

Socket 1: 2 memory controllers detected with total number of 6 channels. 2 UPI ports detected. 2 M2M (mesh to memory) blocks detected. 0 Home Agents detected. 2 M3UPI blocks detected.
 Closed perf event handles
Trying to use Linux perf events...
INFO: using Linux resctrl driver for RDT metrics (L3OCC, LMB, RMB) because environment variable PCM_USE_RESCTRL=1
ERROR: /sys/fs/resctrl is not mounted
ERROR: RDT metrics (L3OCC,LMB,RMB) will not be available
Mount it to make it work: mount -t resctrl resctrl /sys/fs/resctrl

 Closed perf event handles
Trying to use Linux perf events...
INFO: using Linux resctrl driver for RDT metrics (L3OCC, LMB, RMB) because environment variable PCM_USE_RESCTRL=1
ERROR: /sys/fs/resctrl is not mounted
ERROR: RDT metrics (L3OCC,LMB,RMB) will not be available
Mount it to make it work: mount -t resctrl resctrl /sys/fs/resctrl
INFO: using Linux resctrl driver for RDT metrics (L3OCC, LMB, RMB) because environment variable PCM_USE_RESCTRL=1
ERROR: /sys/fs/resctrl is not mounted
ERROR: RDT metrics (L3OCC,LMB,RMB) will not be available
Mount it to make it work: mount -t resctrl resctrl /sys/fs/resctrl


 Closed perf event handles
Trying to use Linux perf events...
 Closed perf event handles
Trying to use Linux perf events...
INFO: using Linux resctrl driver for RDT metrics (L3OCC, LMB, RMB) because environment variable PCM_USE_RESCTRL=1
ERROR: /sys/fs/resctrl is not mounted
ERROR: RDT metrics (L3OCC,LMB,RMB) will not be available
Mount it to make it work: mount -t resctrl resctrl /sys/fs/resctrl
INFO: using Linux resctrl driver for RDT metrics (L3OCC, LMB, RMB) because environment variable PCM_USE_RESCTRL=1
ERROR: /sys/fs/resctrl is not mounted
ERROR: RDT metrics (L3OCC,LMB,RMB) will not be available
Mount it to make it work: mount -t resctrl resctrl /sys/fs/resctrl


 Closed perf event handles
Trying to use Linux perf events...
 Closed perf event handles
Trying to use Linux perf events...
INFO: using Linux resctrl driver for RDT metrics (L3OCC, LMB, RMB) because environment variable PCM_USE_RESCTRL=1
ERROR: /sys/fs/resctrl is not mounted
ERROR: RDT metrics (L3OCC,LMB,RMB) will not be available
Mount it to make it work: mount -t resctrl resctrl /sys/fs/resctrl
Successfully programmed on-core PMU using Linux perf
Successfully programmed on-core PMU using Linux perf

 Closed perf event handles
Trying to use Linux perf events...
Successfully programmed on-core PMU using Linux perf
Successfully programmed on-core PMU using Linux perf
Successfully programmed on-core PMU using Linux perf
Successfully programmed on-core PMU using Linux perf
Successfully programmed on-core PMU using Linux perf
Successfully programmed on-core PMU using Linux perf
Socket 0
Max UPI link 0 speed: 1.6 GBytes/second (0.7 GT/second)
Max UPI link 1 speed: 1.6 GBytes/second (0.7 GT/second)
Socket 1
Max UPI link 0 speed: 1.4 GBytes/second (0.6 GT/second)
Max UPI link 1 speed: 1.4 GBytes/second (0.6 GT/second)

Detected Intel(R) Xeon(R) Silver 4208 CPU @ 2.10GHz "Intel(r) microarchitecture codename Cascade Lake-SP" stepping 7

Executing "./VE/ior-main/src/ior" command:
Socket 0
Max UPI link 0 speed: 1.2 GBytes/second (0.5 GT/second)
Max UPI link 1 speed: 1.2 GBytes/second (0.5 GT/second)
Socket 1
Max UPI link 0 speed: 1.0 GBytes/second (0.5 GT/second)
Max UPI link 1 speed: 1.0 GBytes/second (0.5 GT/second)

Detected Intel(R) Xeon(R) Silver 4208 CPU @ 2.10GHz "Intel(r) microarchitecture codename Cascade Lake-SP" stepping 7
Socket 0
Max UPI link 0 speed: 1.5 GBytes/second (0.7 GT/second)
Max UPI link 1 speed: 1.5 GBytes/second (0.7 GT/second)
Socket 1
Max UPI link 0 speed: 1.2 GBytes/second (0.5 GT/second)
Max UPI link 1 speed: 1.2 GBytes/second (0.5 GT/second)

Detected Intel(R) Xeon(R) Silver 4208 CPU @ 2.10GHz "Intel(r) microarchitecture codename Cascade Lake-SP" stepping 7

Executing "./VE/ior-main/src/ior" command:

Executing "./VE/ior-main/src/ior" command:
Socket 0
Max UPI link 0 speed: 1.3 GBytes/second (0.6 GT/second)
Max UPI link 1 speed: 1.3 GBytes/second (0.6 GT/second)
Socket 1
Max UPI link 0 speed: 1.3 GBytes/second (0.6 GT/second)
Max UPI link 1 speed: 1.3 GBytes/second (0.6 GT/second)

Detected Socket Intel(R) Xeon(R) Silver 4208 CPU @ 2.10GHz "Intel(r) microarchitecture codename Cascade Lake-SP" stepping 07

Max UPI link 0 speed: 1.2 GBytes/second (0.6 GT/second)
Max UPI link 1 speed: 1.2 GBytes/second (0.6 GT/second)
Socket 1
Max UPI link 0 speed: 1.4 GBytes/second (0.6 GT/second)
Max UPI link 1 speed: 1.4 GBytes/second (0.6 GT/second)

Detected Intel(R) Xeon(R) Silver 4208 CPU @ 2.10GHz "Intel(r) microarchitecture codename Cascade Lake-SP" stepping 7

Executing "./VE/ior-main/src/ior" command:

Executing "./VE/ior-main/src/ior" command:
Socket 0
Max UPI link 0 speed: 1.3 GBytes/second (0.6 GT/second)
Max UPI link 1 speed: 1.3 GBytes/second (0.6 GT/second)
Socket 1
Max UPI link 0 speed: 1.3 GBytes/second (0.6 GT/second)
Max UPI link 1 speed: 1.3 GBytes/second (0.6 GT/second)

Detected Intel(R) Xeon(R) Silver 4208 CPU @ 2.10GHz "Intel(r) microarchitecture codename Cascade Lake-SP" stepping 7
Socket 0
Max UPI link 0
Executing " speed: ./VE/ior-main/src/ior" command:
1.4 GBytes/second (0.6 GT/second)
Max UPI link 1 speed: 1.4 GBytes/second (0.6 GT/second)
Socket 1
Max UPI link 0 speed: 1.3 GBytes/second (0.6 GT/second)
Max UPI link 1 speed: 1.3 GBytes/second (0.6 GT/second)

Detected Intel(R) Xeon(R) Silver 4208 CPU @ 2.10GHz "Intel(r) microarchitecture codename Cascade Lake-SP" stepping 7

Executing "./VE/ior-main/src/ior" command:
Socket 0
Max UPI link 0 speed: 1.1 GBytes/second (0.5 GT/second)
Max UPI link 1 speed: 1.1 GBytes/second (0.5 GT/second)
Socket 1
Max UPI link 0 speed: 1.3 GBytes/second (0.6 GT/second)
Max UPI link 1 speed: 1.3 GBytes/second (0.6 GT/second)

Detected Intel(R) Xeon(R) Silver 4208 CPU @ 2.10GHz "Intel(r) microarchitecture codename Cascade Lake-SP" stepping 7

Executing "./VE/ior-main/src/ior" command:
IOR-4.1.0+dev: MPI Coordinated Test of Parallel I/O
Began               : Mon Mar 25 11:33:58 2024
Command line        : ./VE/ior-main/src/ior -t 1m -b 8m -s 8 -o hpl_test -F
Machine             : Linux muffin
TestID              : 0
StartTime           : Mon Mar 25 11:33:58 2024
Path                : hpl_test.00000000
FS                  : 79.0 TiB   Used FS: 12.7%   Inodes: 16179.2 Mi   Used Inodes: 0.2%

Options: 
api                 : POSIX
apiVersion          : 
test filename       : hpl_test
access              : file-per-process
type                : independent
segments            : 8
ordering in a file  : sequential
ordering inter file : no tasks offsets
nodes               : 1
tasks               : 8
clients per node    : 8
memoryBuffer        : CPU
dataAccess          : CPU
GPUDirect           : 0
repetitions         : 1
xfersize            : 1 MiB
blocksize           : 8 MiB
aggregate filesize  : 512 MiB

Results: 

access    bw(MiB/s)  IOPS       Latency(s)  block(KiB) xfer(KiB)  open(s)    wr/rd(s)   close(s)   total(s)   iter
------    ---------  ----       ----------  ---------- ---------  --------   --------   --------   --------   ----
write     11.15      171.05     0.006972    8192       1024.00    2.93       2.99       45.85      45.91      0   
read      44.80      44.80      0.003631    8192       1024.00    0.002736   11.43      11.40      11.43      0   

Summary of all tests:
Operation   Max(MiB)   Min(MiB)  Mean(MiB)     StdDev   Max(OPs)   Min(OPs)  Mean(OPs)     StdDev    Mean(s) Stonewall(s) Stonewall(MiB) Test# #Tasks tPN reps fPP reord reordoff reordrand seed segcnt   blksiz    xsize aggs(MiB)   API RefNum
write          11.15      11.15      11.15       0.00      11.15      11.15      11.15       0.00   45.90594         NA            NA     0      8   8    1   1     0        1         0    0      8  8388608  1048576     512.0 POSIX      0
read           44.80      44.80      44.80       0.00      44.80      44.80      44.80       0.00   11.42938         NA            NA     0      8   8    1   1     0        1         0    0      8  8388608  1048576     512.0 POSIX      0
Finished            : Mon Mar 25 11:34:55 2024
DEBUG: caught signal to interrupt (Child exited).
Cleaning up
 Closed perf event handles
DEBUG: caught signal to interrupt (Child exited).
Cleaning up
 Closed perf event handles
DEBUG: caught signal to interrupt (Child exited).
Cleaning up
DEBUG: caught signal to interrupt (DEBUG: caught signal to interrupt (Child exited).
Child exited).
Cleaning up
Cleaning up
 Closed perf event handles
 Closed perf event handles
 Closed perf event handles
DEBUG: caught signal to interrupt (Child exited).
Cleaning up
 Closed perf event handles
DEBUG: caught signal to interrupt (Child exited).
Cleaning up
 Closed perf event handles
 Zeroed uncore PMU registers
 Zeroed uncore PMU registers
 Zeroed uncore PMU registers
DEBUG: caught signal to interrupt (Child exited).
Cleaning up
 Zeroed uncore PMU registers
 Closed perf event handles
 Zeroed uncore PMU registers
 Zeroed uncore PMU registers
 Zeroed uncore PMU registers
 Zeroed uncore PMU registers
	Command being timed: "/opt/nec/ve/bin/mpirun -n 8 /usr/sbin/pcm 0.1 -csv=./output/8/ve_IOR_0_8.csv -- ./VE/ior-main/src/ior -t 1m -b 8m -s 8 -o hpl_test -F"
	User time (seconds): 3.28
	System time (seconds): 2.33
	Percent of CPU this job got: 9%
	Elapsed (wall clock) time (h:mm:ss or m:ss): 0:59.30
	Average shared text size (kbytes): 0
	Average unshared data size (kbytes): 0
	Average stack size (kbytes): 0
	Average total size (kbytes): 0
	Maximum resident set size (kbytes): 141500
	Average resident set size (kbytes): 0
	Major (requiring I/O) page faults: 0
	Minor (reclaiming a frame) page faults: 5828
	Voluntary context switches: 84229
	Involuntary context switches: 5563
	Swaps: 0
	File system inputs: 0
	File system outputs: 5376
	Socket messages sent: 0
	Socket messages received: 0
	Signals delivered: 0
	Page size (bytes): 4096
	Exit status: 0
