
 Intel(r) Performance Counter Monitor (2022-11-24 10:18:12 +0100 ID=1b16bb4e)


PCM Info: setrlimit for file limit 1000000 failed with error 
 Intel(r) Performance Counter Monitor Operation not permitted

 Intel(r) Performance Counter Monitor (2022-11-24 10:18:12 +0100 ID=1b16bb4e)



=====  Processor information  =====
PCM Info: setrlimit for file limit 1000000 failed with error 
Operation not permitted
 Intel(r) Performance Counter Monitor 
 Intel(r) Performance Counter Monitor (2022-11-24 10:18:12 +0100 ID=1b16bb4e)(2022-11-24 10:18:12 +0100 ID=1b16bb4e)




=====  Processor information  =====


PCM Info: setrlimit for file limit PCM Info: setrlimit for file limit 10000001000000 failed with error  failed with error Operation not permitted
Operation not permitted

=====  Processor information  =====

=====  Processor information  =====
Linux arch_perfmon flag  : Linux arch_perfmon flag  : yesyes

Hybrid processor         : Hybrid processor         : nono



 Intel(r) Performance Counter Monitor (2022-11-24 10:18:12 +0100 ID=1b16bb4e)

 Intel(r) Performance Counter Monitor 
(2022-11-24 10:18:12 +0100 ID=1b16bb4e) Intel(r) Performance Counter Monitor (2022-11-24 10:18:12 +0100 ID=1b16bb4e)IBRS and IBPB supported  : 
(2022-11-24 10:18:12 +0100 ID=1b16bb4e)



yes





PCM Info: setrlimit for file limit STIBP supported          : 1000000yes failed with error 
PCM Info: setrlimit for file limit PCM Info: setrlimit for file limit Operation not permittedSpec arch caps supported : PCM Info: setrlimit for file limit 10000001000000
yes1000000 failed with error  failed with error 
 failed with error Operation not permittedOperation not permittedMax CPUID level          : 

=====  Processor information  =====

Operation not permitted22


=====  Processor information  =====
CPU model number         : 85

=====  Processor information  =====

=====  Processor information  =====
Linux arch_perfmon flag  : yes
Hybrid processor         : Linux arch_perfmon flag  : noLinux arch_perfmon flag  : yes
yesLinux arch_perfmon flag  : 
IBRS and IBPB supported  : 
yesHybrid processor         : yesHybrid processor         : 
no
noHybrid processor         : 
STIBP supported          : 
noIBRS and IBPB supported  : yesIBRS and IBPB supported  : 
yes
yesIBRS and IBPB supported  : 
Spec arch caps supported : 
yesSTIBP supported          : yesSTIBP supported          : 
yes
yesSTIBP supported          : 
Max CPUID level          : 
yesSpec arch caps supported : 22Spec arch caps supported : 
yes
yesSpec arch caps supported : 
CPU model number         : 
yesMax CPUID level          : 85Max CPUID level          : 
22
22Max CPUID level          : 

22CPU model number         : CPU model number         : 
8585CPU model number         : 

85
IBRS and IBPB supported  : yes
STIBP supported          : yes
Spec arch caps supported : yes
Max CPUID level          : 22
CPU model number         : 85
Number of physical cores: 16
Number of logical cores: 16
Number of online logical cores: 16
Threads (logical cores) per physical core: 1
Num sockets: 2
Physical cores per socket: 8
Last level cache slices per socket: 0
Core PMU (perfmon) version: 4
Number of core PMU generic (programmable) counters: 8
Width of generic (programmable) counters: 48 bits
Number of core PMU fixed counters: 3
Width of fixed counters: 48 bits
Nominal core frequency: 2100000000 Hz
IBRS enabled in the kernel   : no
STIBP enabled in the kernel  : no
The processor is not susceptible to Rogue Data Cache Load: no
The processor supports enhanced IBRS                     : no

=====  Processor topology  =====
OS_Processor    Thread_Id       Core_Id         Tile_Id         Package_Id      Core_Type   Native_CPU_Model
0               0               0               0               0               invalid         -1              
1               0               1               1               0               invalid         -1              
2               0               2               2               0               invalid         -1              
3               0               3               3               0               invalid         -1              
4               0               4               4               0               invalid         -1              
5               0               5               5               0               invalid         -1              
6               0               6               6               0               invalid         -1              
7               0               7               7               0               invalid         -1              
8               0               0               8               1               invalid         -1              
9               0               1               9               1               invalid         -1              
10              0               2               10              1               invalid         -1              
11              0               3               11              1               invalid         -1              
12              0               4               12              1               invalid         -1              
13              0               5               13              1               invalid         -1              
14              0               6               14              1               invalid         -1              
15              0               7               15              1               invalid         -1              
=====  Placement on packages  =====
Package Id.    Core Id.     Processors
0              0,1,2,3,4,5,6,7
1              0,1,2,3,4,5,6,7

=====  Core/Tile sharing  =====
Level      Processors
Core       (0)(1)(2)(3)(4)(5)(6)(7)(8)(9)(10)(11)(12)(13)(14)(15)
Tile / L2$ (0)(1)(2)(3)(4)(5)(6)(7)(8)(9)(10)(11)(12)(13)(14)(15)

Package thermal spec power: 0 Watt; Package minimum power: 0 Watt; Package maximum power: 0 Watt;

Can't open MCFG table. Check permission of /sys/firmware/acpi/tables/MCFG
Can't open MCFG table. Check permission of /sys/firmware/acpi/tables/MCFG1
Can't open MCFG table. Check permission of /pcm/sys/firmware/acpi/tables/MCFG
Can't open MCFG table. Check permission of /pcm/sys/firmware/acpi/tables/MCFG1
WARNING: enumeration of devices in UncorePMUDiscovery failed
Linux arch_perfmon flag  : yesLinux arch_perfmon flag  : 
yesHybrid processor         : 
noHybrid processor         : 
noIBRS and IBPB supported  : 
yesIBRS and IBPB supported  : 
yesSTIBP supported          : 
yesSTIBP supported          : 
INFO: Linux perf interface to program uncore PMUs is yesSpec arch caps supported : present

yesINFO: using Linux perf interface to program uncore PMUs because env variable PCM_USE_UNCORE_PERF=1
Spec arch caps supported : 
INFO: Secure Boot detected. Using Linux perf for uncore PMU programming.
yesMax CPUID level          : 
22Max CPUID level          : 
22CPU model number         : 
85CPU model number         : 
85
Socket 0: 2 memory controllers detected with total number of 6 channels. 2 UPI ports detected. 2 M2M (mesh to memory) blocks detected. 0 Home Agents detected. 2 M3UPI blocks detected.
Socket 1: 2 memory controllers detected with total number of 6 channels. 2 UPI ports detected. 2 M2M (mesh to memory) blocks detected. 0 Home Agents detected. 2 M3UPI blocks detected.
Number of physical cores: Number of physical cores: 16Number of physical cores: 
16Number of logical cores: 
1616Number of logical cores: 

16Number of logical cores: Number of online logical cores: 
1616Number of online logical cores: 

16Number of online logical cores: Threads (logical cores) per physical core: Number of physical cores: 
161Threads (logical cores) per physical core: 

161Threads (logical cores) per physical core: Num sockets: 

Number of physical cores: 12Number of physical cores: Number of logical cores: Num sockets: Number of physical cores: 

1616162INFO: using Linux resctrl driver for RDT metrics (L3OCC, LMB, RMB) because environment variable PCM_USE_RESCTRL=1
Num sockets: Physical cores per socket: 16



28
Number of logical cores: Number of online logical cores: ERROR: /sys/fs/resctrl is not mounted
Number of logical cores: Physical cores per socket: 

Number of logical cores: 1616ERROR: RDT metrics (L3OCC,LMB,RMB) will not be available
168Physical cores per socket: Last level cache slices per socket: 16

Mount it to make it work: mount -t resctrl resctrl /sys/fs/resctrl


80
Number of online logical cores: Threads (logical cores) per physical core: Number of online logical cores: Last level cache slices per socket: 

Number of online logical cores: 161160Last level cache slices per socket: Core PMU (perfmon) version: 16



04
Threads (logical cores) per physical core: Num sockets: Threads (logical cores) per physical core: Core PMU (perfmon) version: 

Threads (logical cores) per physical core: 1214Core PMU (perfmon) version: Number of core PMU generic (programmable) counters: 1



48
Num sockets: Physical cores per socket: Num sockets: Number of core PMU generic (programmable) counters: 

Num sockets: 2828Number of core PMU generic (programmable) counters: Width of generic (programmable) counters: 2



848
Physical cores per socket: Last level cache slices per socket: Physical cores per socket: Width of generic (programmable) counters: 
 bits
Physical cores per socket: 80848Width of generic (programmable) counters: Number of core PMU fixed counters: 8


 bits
483
Last level cache slices per socket: Core PMU (perfmon) version: Last level cache slices per socket: Number of core PMU fixed counters:  bits

Last level cache slices per socket: 0403Number of core PMU fixed counters: Width of fixed counters: 0



348
Core PMU (perfmon) version: Number of core PMU generic (programmable) counters: Core PMU (perfmon) version: Width of fixed counters: 
 bits
Core PMU (perfmon) version: 48448Width of fixed counters: Nominal core frequency: 4
Number of core PMU generic (programmable) counters: 
8
Width of generic (programmable) counters: Width of generic (programmable) counters: 4848 bits
 bits
Number of core PMU fixed counters: Number of core PMU fixed counters: 33

Width of fixed counters: Width of fixed counters: 4848 bits
 bits
Nominal core frequency: Nominal core frequency: 21000000002100000000 Hz
 Hz
IBRS enabled in the kernel   : IBRS enabled in the kernel   : nono

STIBP enabled in the kernel  : STIBP enabled in the kernel  : nono

The processor is not susceptible to Rogue Data Cache Load: The processor is not susceptible to Rogue Data Cache Load: nono

The processor supports enhanced IBRS                     : The processor supports enhanced IBRS                     : nono


=====  Processor topology  =====

=====  Processor topology  =====
OS_Processor    Thread_Id       Core_Id         Tile_Id         Package_Id      Core_Type   Native_CPU_Model
OS_Processor    Thread_Id       Core_Id         Tile_Id         Package_Id      Core_Type   Native_CPU_Model
0               0               0               0               0               0               0               0               0               0               invalidinvalid                  -1              -1              

1               1               0               0               1               1               1               1               0               0               invalidinvalid                  -1              -1              

2               2               0               0               2               2               2               2               0               0               invalidinvalid                  -1              -1              

3               3               0               0               3               3               3               3               0               0               invalidinvalid                  -1              -1              

4               4               0               0               4               4               4               4               0               0               invalidinvalid                  -1              -1              

5               5               0               0               5               5               5               5               0               0               invalidinvalid                  -1              -1              

6               6               0               0               6               6               6               6               0               0               invalidinvalid                  -1              -1              

7               7               0               0               7               7               7               7               0               0               invalidinvalid                  -1              -1              

8               8               0               0               0               0               8               8               1               1               invalidinvalid                  -1              -1              

9               9               0               0               1               1               9               9               1               1               invalidinvalid                  -1              -1              

10              10              0               0               2               2               10              10              1               1               invalidinvalid                  -1              -1              

11              11              0               0               3               3               11              11              1               1               invalidinvalid                  -1              -1              

12              12              0               0               4               4               12              12              1               1               invalidinvalid                  -1              -1              

13              13              0               0               5               5               13              13              1               1               invalidinvalid                  -1              -1              

14              14              0               0               6               6               14              14              1               1               invalidinvalid                  -1              -1              

15              15              0               0               7               7               15              15              1               1               invalidinvalid                  -1              -1              

=====  Placement on packages  =====
=====  Placement on packages  =====
Package Id.    Core Id.     Processors
Package Id.    Core Id.     Processors
0              0              00,,11,,22,,33,,44,,55,,66,,77

1              1              00,,11,,22,,33,,44,,55,,66,,77


=====  Core/Tile sharing  =====

=====  Core/Tile sharing  =====
Level      Processors
Core       Level      Processors
Core       ((00))((11))((22))((33))((44))((55))((66))((77))((88))((99))((1010))((1111))((1212))((1313))((1414))((1515))
Tile / L2$ 
Tile / L2$ ((00))((11))((22))((33))((44))((55))((66))((77))((88))((99))((1010))((1111))((1212))((1313))((1414))((1515))



Package thermal spec power: Package thermal spec power: 00 Watt;  Watt; Package minimum power: Package minimum power: 00 Watt;  Watt; Package maximum power: Package maximum power: 00 Watt;
 Watt;

Can't open MCFG table. Check permission of 
/sys/firmware/acpi/tables/MCFG
Can't open MCFG table. Check permission of /sys/firmware/acpi/tables/MCFG1
Can't open MCFG table. Check permission of /pcm/sys/firmware/acpi/tables/MCFGCan't open MCFG table. Check permission of 
/sys/firmware/acpi/tables/MCFGCan't open MCFG table. Check permission of 
/pcm/sys/firmware/acpi/tables/MCFG1Can't open MCFG table. Check permission of 
/sys/firmware/acpi/tables/MCFG1
Can't open MCFG table. Check permission of /pcm/sys/firmware/acpi/tables/MCFG
Can't open MCFG table. Check permission of /pcm/sys/firmware/acpi/tables/MCFG1WARNING: enumeration of devices in UncorePMUDiscovery failed

WARNING: enumeration of devices in UncorePMUDiscovery failed
INFO: Linux perf interface to program uncore PMUs is present
INFO: Linux perf interface to program uncore PMUs is INFO: using Linux perf interface to program uncore PMUs because env variable PCM_USE_UNCORE_PERF=1
present
INFO: Secure Boot detected. Using Linux perf for uncore PMU programming.
INFO: using Linux perf interface to program uncore PMUs because env variable PCM_USE_UNCORE_PERF=1
INFO: Secure Boot detected. Using Linux perf for uncore PMU programming.

Number of core PMU generic (programmable) counters: 8
Width of generic (programmable) counters: 48 bits
Number of core PMU fixed counters: 3
Width of fixed counters: 48 bits
Nominal core frequency: 2100000000 Hz
IBRS enabled in the kernel   : no
STIBP enabled in the kernel  : no
The processor is not susceptible to Rogue Data Cache Load: no
The processor supports enhanced IBRS                     : no

=====  Processor topology  =====
OS_Processor    Thread_Id       Core_Id         Tile_Id         Package_Id      Core_Type   Native_CPU_Model
0               0               0               0               0               invalid         -1              
1               0               1               1               0               invalid         -1              
2               0               2               2               0               invalid         -1              
3               0               3               3               0               invalid         -1              
4               0               4               4               0               invalid         -1              
5               0               5               5               0               invalid         -1              
6               0               6               6               0               invalid         -1              
7               0               7               7               0               invalid         -1              
8               0               0               8               1               invalid         -1              
9               0               1               9               1               invalid     bits
  Nominal core frequency:  2100000000  Hz
 IBRS enabled in the kernel   : -1              no

10              STIBP enabled in the kernel  : 0               no2               
10              The processor is not susceptible to Rogue Data Cache Load: 1               noinvalid
 The processor supports enhanced IBRS                     :  no 
 
=====  Processor topology  =====
 OS_Processor    Thread_Id       Core_Id         Tile_Id         Package_Id      Core_Type   Native_CPU_Model
 0                0                0                0               -1              0               
invalid11               0                3                11               1                invalid        -1               
 1                0                1                1               -1              0               
invalid12               0                4                12               1                invalid        -1               
 2                0                2                2               -1              0               
invalid13               0                5                13               1                invalid        -1               
 3                0                3                3               -1              0               
invalid14               0                6                14               1                invalid        -1               
 4                0                4                4               -1              0               
invalid15               0                7                15               1                invalid        -1               
 5                0                5                5               -1              0               
invalid=====  Placement on packages  =====
 Package Id.    Core Id.     Processors
 0               0 , 1 , 2 , 3-1              ,
46               ,0               56               ,6               60               ,invalid7 
 1               0 , 1 , 2 , 3-1              ,
47               ,0               57               ,7               60               ,invalid7 
 
=====  Core/Tile sharing  =====
 Level      Processors
Core        ( 0 ) ( 1 )-1              (
28               )0               (0               38               )1               (invalid4 ) ( 5 ) ( 6 ) ( 7-1              )
(9               80               )1               (9               91               )invalid( 10 ) ( 11 ) ( 12 ) (-1              13
)10              (0               142               )10              (1               15invalid) 
Tile / L2$  ( 0 ) ( 1 ) ( 2-1              )
(11              30               )3               (11              41               )invalid( 5 ) ( 6 ) ( 7 ) (-1              8
)12              (0               94               )12              (1               10invalid) ( 11 Socket Socket ) 00( : : 12 22)  memory controllers detected with total number of  memory controllers detected with total number of ( 6613  channels.  channels. )-1              22(
  1413              UPIUPI)0                ports detected. ports detected.(5                 1513              22)1                M2M (mesh to memory) blocks detected.  M2M (mesh to memory) blocks detected. 
invalid00
  Home Agents detected.  Home Agents detected. Package thermal spec power:  220  M3UPI blocks detected.
 M3UPI blocks detected.
 Watt;  Package minimum power:  0  Watt;  Package maximum power:  0  Watt;
-1              
14              0               6               14              1               invalid         -1              
15              0               7               15              1               invalid         -1              
=====  Placement on packages  =====
Package Id.    Core Id.     Processors
0              0,1,2,3,4,5
,6,7
1              Can't open MCFG table. Check permission of 0/sys/firmware/acpi/tables/MCFG,
1Can't open MCFG table. Check permission of ,/sys/firmware/acpi/tables/MCFG12
,Can't open MCFG table. Check permission of 3/pcm/sys/firmware/acpi/tables/MCFG,
4Can't open MCFG table. Check permission of ,/pcm/sys/firmware/acpi/tables/MCFG15
,6,7

=====  Core/Tile sharing  =====
Level      Processors
Core       (0)WARNING: enumeration of devices in UncorePMUDiscovery failed
(1)(2)(3)(4)(5)(6)(7)(8)(9)(10)(11)(12)(13)(14)(15)
Tile / L2$ (0)(1)(2)(3)(4)(5)(6)(7)(8)(9)(10)(11)(12)(13)(14)(15)

Package thermal spec power: 0 Watt; Package minimum power: 0 Watt; Package maximum power: 0 Watt;

Can't open MCFG table. Check permission of /sys/firmware/acpi/tables/MCFG
Can't open MCFG table. Check permission of /sys/firmware/acpi/tables/MCFG1
Can't open MCFG table. Check permission of /pcm/sys/firmware/acpi/tables/MCFG
Can't open MCFG table. Check permission of /pcm/sys/firmware/acpi/tables/MCFG1
WARNING: enumeration of devices in UncorePMUDiscovery failed
48 bits
Nominal core frequency: 2100000000 Hz
IBRS enabled in the kernel   : no
STIBP enabled in the kernel  : no
The processor is not susceptible to Rogue Data Cache Load: no
The processor supports enhanced IBRS                     : no

=====  Processor topology  =====
OS_Processor    Thread_Id       Core_Id         Tile_Id         Package_Id      Core_Type   Native_CPU_Model
0               0               0               0               0               invalid         -1              
1               0               1               1               0               invalid         -1              
2               21000000000               2               2               0               invalid Hz
 INFO: Linux perf interface to program uncore PMUs is IBRS enabled in the kernel   :  present

no INFO: using Linux perf interface to program uncore PMUs because env variable PCM_USE_UNCORE_PERF=1

 Number of core PMU generic (programmable) counters: INFO: Secure Boot detected. Using Linux perf for uncore PMU programming.
STIBP enabled in the kernel  :  8no 

 Width of generic (programmable) counters: The processor is not susceptible to Rogue Data Cache Load:  48no  bits

-1              Number of core PMU fixed counters: The processor supports enhanced IBRS                     : 
3no3               

0               Width of fixed counters: 
=====  Processor topology  =====
3               48OS_Processor    Thread_Id       Core_Id         Tile_Id         Package_Id      Core_Type   Native_CPU_Model
3                bits
0               0               Nominal core frequency: 0               invalid2100000000 Hz
0                IBRS enabled in the kernel   : 0                no0                
invalid STIBP enabled in the kernel  :   no  
  The processor is not susceptible to Rogue Data Cache Load: no  
  The processor supports enhanced IBRS                     :   -1              no 

 4               
=====  Processor topology  =====
-1              0               OS_Processor    Thread_Id       Core_Id         Tile_Id         Package_Id      Core_Type   Native_CPU_Model

4               0               4               1               0               0               0               0               invalid1               0                1               0                0               invalid invalid                      -1               -1              
 
2               -1              5               0               
0               2               1               5               2               0               5               0               1               0               invalid    1               invalid  0                  invalid    -1                
  3                 0                  3                 3                 0                -1              invalid -1              
  
6                 2               0                 0               6                 2               6               -1              2               0               
0               invalid4               invalid 0                 4                  4                 0                 invalid               -1                
-1              -1              3               

0               7               5               3               0               0               3               7               5               0               7               5               invalid0               0                invalidinvalid      INFO: Linux perf interface to program uncore PMUs is     present
    INFO: using Linux perf interface to program uncore PMUs because env variable PCM_USE_UNCORE_PERF=1
     INFO: Secure Boot detected. Using Linux perf for uncore PMU programming.
-1                
  6                 0                -1              6               -1              
6               
8               0               4               
0               invalid  0               0                   4               8                 4               1                0               invalid-1              invalid 
  7                 0                 7                 7                 0                   invalid        -1                 
-1               5               
-1              0               9               
5               0               8               5               1               0               0               9               0               invalid 1               8                  invalid1                  invalid              -1                
 -1              6                
0                9               6                0               6               -1              1               0               
9               invalid10              1                0               invalid        2                  10                 1                 invalid-1                
-1               10              
 0               7                2               0                10              7                1               7                invalid    0                 invalid     -1                
-1               11              
 0               11               3               0                11              3                 1               11               invalid1               -1               invalid    
   8                  0                 0                -1              8                
1                12              invalid   0                 4                -1              12                 
1                12              invalid    0                  -1              4                 
12               9               1               -1              0               invalid
1                13              9                0               1                5               invalid 13                1                 invalid                  -1              -1               

-1              13              14              
0               0               10              5               6               0               13              14              2               1               1               10              invalidinvalid 1                     invalid        -1                
  15                0               7                 15                1                -1              invalid     
   -1              14                
0               -1              11              6               
0               14              =====  Placement on packages  =====
3               1               Package Id.    Core Id.     Processors
11              1               invalid0              invalid 0  ,  1  ,  2   ,  3,  4  ,-1              -1              5

,12              15              60               0               ,4               7               712              15              
1               invalid1               1               invalid0  ,  1  ,  2  ,  3  ,  4-1               ,
-1              513              
,60               =====  Placement on packages  =====
,5               Package Id.    Core Id.     Processors
713              0              
1               0
=====  Core/Tile sharing  =====
invalid  ,Level      Processors
Core        1( ,0 2) ,(1 3) ,( 42-1              ,)
5(314              ,)0               6(6               ,414              7)1               
(invalid1              5 0) ,( 16) ,( 27 ,) 3(8 ,) 4(-1              ,9)
5(15              ,100               6)7               ,(15              711)1               
(invalid
=====  Core/Tile sharing  =====
12 Level      Processors
Core       )( (13 0) )( (14 1) )( (15 2)-1              )
Tile / L2$ 
((=====  Placement on packages  =====
30Package Id.    Core Id.     Processors
))0              ((041,))1((,522)),((336),)(4(4,7)5)(,(568),)(7(6
9)1              )(0(7,10)(1)8,()211(,)93(),12(4)10,()(51311,))6((,14127))
((
=====  Core/Tile sharing  =====
1513Level      Processors
Core       ))(
Tile / L2$ (140())0(()151())1
()
2(Package thermal spec power: )20() Watt; 3(Package minimum power: )30() Watt; 4(Package maximum power: )40() Watt;
5()5()6()6()7()7()8()8()9()9()10()10()11
()11()12()12Can't open MCFG table. Check permission of ()/sys/firmware/acpi/tables/MCFG13(
)13Can't open MCFG table. Check permission of ()/sys/firmware/acpi/tables/MCFG114(
)14Can't open MCFG table. Check permission of ()/pcm/sys/firmware/acpi/tables/MCFG15(
)15Can't open MCFG table. Check permission of 
Tile / L2$ )/pcm/sys/firmware/acpi/tables/MCFG1(

0
)Package thermal spec power: (01 Watt; WARNING: enumeration of devices in UncorePMUDiscovery failed
)Package minimum power: (02 Watt; )Package maximum power: (03 Watt;
)(4)(5)(6)(7)(8)(9)(10)(11)(12)(13)(14)(15)

Package thermal spec power: 0 Watt; Package minimum power: 0 Watt; Package maximum power: 0 Watt;

Can't open MCFG table. Check permission of /sys/firmware/acpi/tables/MCFG
Can't open MCFG table. Check permission of /sys/firmware/acpi/tables/MCFG1
Can't open MCFG table. Check permission of /pcm/sys/firmware/acpi/tables/MCFG

Can't open MCFG table. Check permission of /pcm/sys/firmware/acpi/tables/MCFG1
WARNING: enumeration of devices in UncorePMUDiscovery failed
Can't open MCFG table. Check permission of /sys/firmware/acpi/tables/MCFG
Can't open MCFG table. Check permission of /sys/firmware/acpi/tables/MCFG1
Can't open MCFG table. Check permission of /pcm/sys/firmware/acpi/tables/MCFG
Can't open MCFG table. Check permission of /pcm/sys/firmware/acpi/tables/MCFG1
WARNING: enumeration of devices in UncorePMUDiscovery failed
INFO: Linux perf interface to program uncore PMUs is present
INFO: using Linux perf interface to program uncore PMUs because env variable PCM_USE_UNCORE_PERF=1
INFO: Secure Boot detected. Using Linux perf for uncore PMU programming.
INFO: Linux perf interface to program uncore PMUs is present
INFO: using Linux perf interface to program uncore PMUs because env variable PCM_USE_UNCORE_PERF=1
INFO: Secure Boot detected. Using Linux perf for uncore PMU programming.
 Closed perf event handles
Socket Trying to use Linux perf events...
1: 2 memory controllers detected with total number of 6 channels. 2 UPI ports detected. 2 M2M (mesh to memory) blocks detected. 0 Home Agents detected. 2 M3UPI blocks detected.
Socket 0: 2 memory controllers detected with total number of 6 channels. 2 UPI ports detected. 2 M2M (mesh to memory) blocks detected. 0 Home Agents detected. 2 M3UPI blocks detected.
Socket 1: 2 memory controllers detected with total number of 6 channels. 2 UPI ports detected. 2 M2M (mesh to memory) blocks detected. 0 Home Agents detected. 2 M3UPI blocks detected.
INFO: Linux perf interface to program uncore PMUs is present
INFO: using Linux perf interface to program uncore PMUs because env variable PCM_USE_UNCORE_PERF=1
INFO: Secure Boot detected. Using Linux perf for uncore PMU programming.
Socket 0: 2 memory controllers detected with total number of 6 channels. 2 UPI ports detected. 2 M2M (mesh to memory) blocks detected. 0 Home Agents detected. 2 M3UPI blocks detected.
Socket 1: 2 memory controllers detected with total number of 6 channels. 2 UPI ports detected. 2 M2M (mesh to memory) blocks detected. 0 Home Agents detected. 2 M3UPI blocks detected.
Socket Socket 0: 2 memory controllers detected with total number of 6 channels. 2 UPI ports detected. 2 M2M (mesh to memory) blocks detected. 0 Home Agents detected. 2 M3UPI blocks detected.
Socket 0: 2 memory controllers detected with total number of 6 channels. 2 UPI ports detected. 2 M2M (mesh to memory) blocks detected. 0 Home Agents detected. 2 M3UPI blocks detected.
0: 2 memory controllers detected with total number of 6 channels. 2 UPI ports detected. 2 M2M (mesh to memory) blocks detected. 0 Home Agents detected. 2 M3UPI blocks detected.
Socket 1: 2 memory controllers detected with total number of 6 channels. 2 UPI ports detected. 2 M2M (mesh to memory) blocks detected. 0 Home Agents detected. 2 M3UPI blocks detected.
Socket 1: 2 memory controllers detected with total number of 6 channels. 2 UPI ports detected. 2 M2M (mesh to memory) blocks detected. 0 Home Agents detected. 2 M3UPI blocks detected.
Socket 1: 2 memory controllers detected with total number of 6 channels. 2 UPI ports detected. 2 M2M (mesh to memory) blocks detected. 0 Home Agents detected. 2 M3UPI blocks detected.
Successfully programmed on-core PMU using Linux perf
INFO: using Linux resctrl driver for RDT metrics (L3OCC, LMB, RMB) because environment variable PCM_USE_RESCTRL=1
ERROR: /sys/fs/resctrl is not mounted
ERROR: RDT metrics (L3OCC,LMB,RMB) will not be available
Mount it to make it work: mount -t resctrl resctrl /sys/fs/resctrl
Socket 1: 2 memory controllers detected with total number of 6 channels. 2 UPI ports detected. 2 M2M (mesh to memory) blocks detected. 0 Home Agents detected. 2 M3UPI blocks detected.
INFO: using Linux resctrl driver for RDT metrics (L3OCC, LMB, RMB) because environment variable PCM_USE_RESCTRL=1
ERROR: /sys/fs/resctrl is not mounted
ERROR: RDT metrics (L3OCC,LMB,RMB) will not be available
Mount it to make it work: mount -t resctrl resctrl /sys/fs/resctrl

 Closed perf event handles
Trying to use Linux perf events...

 Closed perf event handles
Trying to use Linux perf events...
INFO: using Linux resctrl driver for RDT metrics (L3OCC, LMB, RMB) because environment variable PCM_USE_RESCTRL=1
ERROR: /sys/fs/resctrl is not mounted
ERROR: RDT metrics (L3OCC,LMB,RMB) will not be available
Mount it to make it work: mount -t resctrl resctrl /sys/fs/resctrl

 Closed perf event handles
Trying to use Linux perf events...
INFO: using Linux resctrl driver for RDT metrics (L3OCC, LMB, RMB) because environment variable PCM_USE_RESCTRL=1
ERROR: /sys/fs/resctrl is not mounted
ERROR: RDT metrics (L3OCC,LMB,RMB) will not be available
Mount it to make it work: mount -t resctrl resctrl /sys/fs/resctrl

 Closed perf event handles
Trying to use Linux perf events...
INFO: using Linux resctrl driver for RDT metrics (L3OCC, LMB, RMB) because environment variable PCM_USE_RESCTRL=1
ERROR: /sys/fs/resctrl is not mounted
ERROR: RDT metrics (L3OCC,LMB,RMB) will not be available
Mount it to make it work: mount -t resctrl resctrl /sys/fs/resctrl

 Closed perf event handles
Trying to use Linux perf events...
INFO: using Linux resctrl driver for RDT metrics (L3OCC, LMB, RMB) because environment variable PCM_USE_RESCTRL=1
ERROR: /sys/fs/resctrl is not mounted
ERROR: RDT metrics (L3OCC,LMB,RMB) will not be available
Mount it to make it work: mount -t resctrl resctrl /sys/fs/resctrl

 Closed perf event handles
Trying to use Linux perf events...
INFO: using Linux resctrl driver for RDT metrics (L3OCC, LMB, RMB) because environment variable PCM_USE_RESCTRL=1
ERROR: /sys/fs/resctrl is not mounted
ERROR: RDT metrics (L3OCC,LMB,RMB) will not be available
Mount it to make it work: mount -t resctrl resctrl /sys/fs/resctrl

 Closed perf event handles
Trying to use Linux perf events...
Successfully programmed on-core PMU using Linux perf
Successfully programmed on-core PMU using Linux perf
Successfully programmed on-core PMU using Linux perf
Successfully programmed on-core PMU using Linux perf
Successfully programmed on-core PMU using Linux perf
Successfully programmed on-core PMU using Linux perf
Successfully programmed on-core PMU using Linux perf
Socket 0
Max UPI link 0 speed: 9.5 GBytes/second (4.3 GT/second)
Max UPI link 1 speed: 9.5 GBytes/second (4.3 GT/second)
Socket 1
Max UPI link 0 speed: 6.3 GBytes/second (2.8 GT/second)
Max UPI link 1 speed: 6.3 GBytes/second (2.8 GT/second)

Detected Intel(R) Xeon(R) Silver 4208 CPU @ 2.10GHz "Intel(r) microarchitecture codename Cascade Lake-SP" stepping 7

Executing "./VE/miniAMR/ref/miniAMR.x" command:
Socket 0
Max UPI link 0 speed: 0.7 GBytes/second (0.3 GT/second)
Max UPI link 1 speed: 0.7 GBytes/second (0.3 GT/second)
Socket 1
Max UPI link 0 speed: 0.6 GBytes/second (0.3 GT/second)
Max UPI link 1 speed: 0.6 GBytes/second (0.3 GT/second)

Detected Intel(R) Xeon(R) Silver 4208 CPU @ 2.10GHz "Intel(r) microarchitecture codename Cascade Lake-SP" stepping 7

Executing "./VE/miniAMR/ref/miniAMR.x" command:
Socket 0
Max UPI link 0 speed: 0.7 GBytes/second (0.3 GT/second)
Max UPI link 1 speed: 0.7 GBytes/second (0.3 GT/second)
Socket 1
Max UPI link 0 speed: 1.0 GBytes/second (0.4 GT/second)
Max UPI link 1 speed: 1.0 GBytes/second (0.4 GT/second)

Detected Intel(R) Xeon(R) Silver 4208 CPU @ 2.10GHz "Intel(r) microarchitecture codename Cascade Lake-SP" stepping 7

Executing "./VE/miniAMR/ref/miniAMR.xSocket " command:
0
Max UPI link 0 speed: 0.9 GBytes/second (0.4 GT/second)
Max UPI link 1 speed: 0.9 GBytes/second (0.4 GT/second)
Socket 1
Max UPI link 0 speed: 0.6 GBytes/second (0.3 GT/second)
Max UPI link 1 speed: 0.6 GBytes/second (0.3 GT/second)

Detected Intel(R) Xeon(R) Silver 4208 CPU @ 2.10GHz "Intel(r) microarchitecture codename Cascade Lake-SP" stepping 7

Executing "./VE/miniAMR/ref/miniAMR.x" command:
Socket 0
Max UPI link 0 speed: 0.8 GBytes/second (0.3 GT/second)
Max UPI link 1 speed: 0.8 GBytes/second (0.3 GT/second)
Socket 1
Max UPI link 0 speed: 0.5 GBytes/second (0.2 GT/second)
Max UPI link 1 speed: 0.5 GBytes/second (0.2 GT/second)

Detected Intel(R) Xeon(R) Silver 4208 CPU @ 2.10GHz "Intel(r) microarchitecture codename Cascade Lake-SP" stepping 7

Executing "./VE/miniAMR/ref/miniAMR.x" command:
Socket 0
Max UPI link 0 speed: 0.7 GBytes/second (0.3 GT/second)
Max UPI link 1 speed: 0.7 GBytes/second (0.3 GT/second)
Socket 1
Max UPI link 0 speed: 0.8 GBytes/second (0.3 GT/second)
Max UPI link 1 speed: 0.8 GBytes/second (0.3 GT/second)

Detected Intel(R) Xeon(R) Silver 4208 CPU @ 2.10GHz "Intel(r) microarchitecture codename Cascade Lake-SP" stepping 7

Executing "./VE/miniAMR/ref/miniAMR.x" command:
Socket 0
Max UPI link 0 speed: 0.5 GBytes/second (0.2 GT/second)
Max UPI link 1 speed: 0.5 GBytes/second (0.2 GT/second)
Socket 1
Max UPI link 0 speed: 0.4 GBytes/second (0.2 GT/second)
Max UPI link 1 speed: 0.4 GBytes/second (0.2 GT/second)

Detected Intel(R) Xeon(R) Silver 4208 CPU @ 2.10GHz "Intel(r) microarchitecture codename Cascade Lake-SP" stepping 7

Executing "./VE/miniAMR/ref/miniAMR.x" command:
Socket 0
Max UPI link 0 speed: 1.7 GBytes/second (0.7 GT/second)
Max UPI link 1 speed: 1.7 GBytes/second (0.7 GT/second)
Socket 1
Max UPI link 0 speed: 0.5 GBytes/second (0.2 GT/second)
Max UPI link 1 speed: 0.5 GBytes/second (0.2 GT/second)

Detected Intel(R) Xeon(R) Silver 4208 CPU @ 2.10GHz "Intel(r) microarchitecture codename Cascade Lake-SP" stepping 7

Executing "./VE/miniAMR/ref/miniAMR.x" command:
Number of blocks at level 0 at timestep 0 is 8
Number of blocks at level 1 at timestep 0 is 0
Number of blocks at level 2 at timestep 0 is 0
Number of blocks at level 3 at timestep 0 is 0
Number of blocks at level 4 at timestep 0 is 0
Total number of blocks at timestep 0 is 8
comm partners x ave   1.00 min 1 max 1
comm partners y ave   1.00 min 1 max 1
comm partners z ave   1.00 min 1 max 1
comm partners total ave   3.00 min 3 max 3
comm partners unique ave   3.00 min 3 max 3

Timestep 1 time 0.000000 delta 1.000000
Timestep 2 time 1.000000 delta 1.000000
Timestep 3 time 2.000000 delta 1.000000
Timestep 4 time 3.000000 delta 1.000000
Timestep 5 time 4.000000 delta 1.000000
Number of blocks at level 0 at timestep 5 is 8
Number of blocks at level 1 at timestep 5 is 0
Number of blocks at level 2 at timestep 5 is 0
Number of blocks at level 3 at timestep 5 is 0
Number of blocks at level 4 at timestep 5 is 0
Total number of blocks at timestep 5 is 8
comm partners x ave   1.00 min 1 max 1
comm partners y ave   1.00 min 1 max 1
comm partners z ave   1.00 min 1 max 1
comm partners total ave   3.00 min 3 max 3
comm partners unique ave   3.00 min 3 max 3

Timestep 6 time 5.000000 delta 1.000000
Timestep 7 time 6.000000 delta 1.000000
Timestep 8 time 7.000000 delta 1.000000
Timestep 9 time 8.000000 delta 1.000000
Timestep 10 time 9.000000 delta 1.000000
Number of blocks at level 0 at timestep 10 is 8
Number of blocks at level 1 at timestep 10 is 0
Number of blocks at level 2 at timestep 10 is 0
Number of blocks at level 3 at timestep 10 is 0
Number of blocks at level 4 at timestep 10 is 0
Total number of blocks at timestep 10 is 8
comm partners x ave   1.00 min 1 max 1
comm partners y ave   1.00 min 1 max 1
comm partners z ave   1.00 min 1 max 1
comm partners total ave   3.00 min 3 max 3
comm partners unique ave   3.00 min 3 max 3

Timestep 11 time 10.000000 delta 1.000000
Timestep 12 time 11.000000 delta 1.000000
Timestep 13 time 12.000000 delta 1.000000
Timestep 14 time 13.000000 delta 1.000000
Timestep 15 time 14.000000 delta 1.000000
Number of blocks at level 0 at timestep 15 is 8
Number of blocks at level 1 at timestep 15 is 0
Number of blocks at level 2 at timestep 15 is 0
Number of blocks at level 3 at timestep 15 is 0
Number of blocks at level 4 at timestep 15 is 0
Total number of blocks at timestep 15 is 8
comm partners x ave   1.00 min 1 max 1
comm partners y ave   1.00 min 1 max 1
comm partners z ave   1.00 min 1 max 1
comm partners total ave   3.00 min 3 max 3
comm partners unique ave   3.00 min 3 max 3

Timestep 16 time 15.000000 delta 1.000000
Timestep 17 time 16.000000 delta 1.000000
Timestep 18 time 17.000000 delta 1.000000
Timestep 19 time 18.000000 delta 1.000000
Timestep 20 time 19.000000 delta 1.000000
Number of blocks at level 0 at timestep 20 is 7
Number of blocks at level 1 at timestep 20 is 7
Number of blocks at level 2 at timestep 20 is 7
Number of blocks at level 3 at timestep 20 is 7
Number of blocks at level 4 at timestep 20 is 8
Total number of blocks at timestep 20 is 36
before ave 4 min 1 max 29
after ave 4 min 4 max 5
max sets on a rank 2, num sets over ranks 1 on 1 ranks
comm partners x ave   2.50 min 1 max 5
comm partners y ave   2.50 min 1 max 5
comm partners z ave   2.50 min 1 max 4
comm partners total ave   7.50 min 6 max 9
comm partners unique ave   4.25 min 2 max 6

Timestep 21 time 20.000000 delta 1.000000
Timestep 22 time 21.000000 delta 1.000000
Timestep 23 time 22.000000 delta 1.000000
Timestep 24 time 23.000000 delta 1.000000
Timestep 25 time 24.000000 delta 1.000000
Number of blocks at level 0 at timestep 25 is 7
Number of blocks at level 1 at timestep 25 is 7
Number of blocks at level 2 at timestep 25 is 7
Number of blocks at level 3 at timestep 25 is 7
Number of blocks at level 4 at timestep 25 is 8
Total number of blocks at timestep 25 is 36
max sets on a rank 2, num sets over ranks 1 on 1 ranks
comm partners x ave   2.50 min 1 max 5
comm partners y ave   2.50 min 1 max 5
comm partners z ave   2.50 min 1 max 4
comm partners total ave   7.50 min 6 max 9
comm partners unique ave   4.25 min 2 max 6

Timestep 26 time 25.000000 delta 1.000000
Timestep 27 time 26.000000 delta 1.000000
Timestep 28 time 27.000000 delta 1.000000
Timestep 29 time 28.000000 delta 1.000000
Timestep 30 time 29.000000 delta 1.000000
Number of blocks at level 0 at timestep 30 is 7
Number of blocks at level 1 at timestep 30 is 7
Number of blocks at level 2 at timestep 30 is 7
Number of blocks at level 3 at timestep 30 is 7
Number of blocks at level 4 at timestep 30 is 8
Total number of blocks at timestep 30 is 36
max sets on a rank 2, num sets over ranks 1 on 1 ranks
comm partners x ave   2.50 min 1 max 5
comm partners y ave   2.50 min 1 max 5
comm partners z ave   2.50 min 1 max 4
comm partners total ave   7.50 min 6 max 9
comm partners unique ave   4.25 min 2 max 6

Timestep 31 time 30.000000 delta 1.000000
Timestep 32 time 31.000000 delta 1.000000
Timestep 33 time 32.000000 delta 1.000000
Timestep 34 time 33.000000 delta 1.000000
Timestep 35 time 34.000000 delta 1.000000
Number of blocks at level 0 at timestep 35 is 7
Number of blocks at level 1 at timestep 35 is 7
Number of blocks at level 2 at timestep 35 is 7
Number of blocks at level 3 at timestep 35 is 7
Number of blocks at level 4 at timestep 35 is 8
Total number of blocks at timestep 35 is 36
max sets on a rank 2, num sets over ranks 1 on 1 ranks
comm partners x ave   2.50 min 1 max 5
comm partners y ave   2.50 min 1 max 5
comm partners z ave   2.50 min 1 max 4
comm partners total ave   7.50 min 6 max 9
comm partners unique ave   4.25 min 2 max 6

Timestep 36 time 35.000000 delta 1.000000
Timestep 37 time 36.000000 delta 1.000000
Timestep 38 time 37.000000 delta 1.000000
Timestep 39 time 38.000000 delta 1.000000
Timestep 40 time 39.000000 delta 1.000000
Number of blocks at level 0 at timestep 40 is 7
Number of blocks at level 1 at timestep 40 is 7
Number of blocks at level 2 at timestep 40 is 7
Number of blocks at level 3 at timestep 40 is 7
Number of blocks at level 4 at timestep 40 is 8
Total number of blocks at timestep 40 is 36
max sets on a rank 2, num sets over ranks 1 on 1 ranks
comm partners x ave   2.50 min 1 max 5
comm partners y ave   2.50 min 1 max 5
comm partners z ave   2.50 min 1 max 4
comm partners total ave   7.50 min 6 max 9
comm partners unique ave   4.25 min 2 max 6

Timestep 41 time 40.000000 delta 1.000000
Timestep 42 time 41.000000 delta 1.000000
Timestep 43 time 42.000000 delta 1.000000
Timestep 44 time 43.000000 delta 1.000000
Timestep 45 time 44.000000 delta 1.000000
Number of blocks at level 0 at timestep 45 is 7
Number of blocks at level 1 at timestep 45 is 7
Number of blocks at level 2 at timestep 45 is 7
Number of blocks at level 3 at timestep 45 is 7
Number of blocks at level 4 at timestep 45 is 8
Total number of blocks at timestep 45 is 36
max sets on a rank 2, num sets over ranks 1 on 1 ranks
comm partners x ave   2.50 min 1 max 5
comm partners y ave   2.50 min 1 max 5
comm partners z ave   2.50 min 1 max 4
comm partners total ave   7.50 min 6 max 9
comm partners unique ave   4.25 min 2 max 6

Timestep 46 time 45.000000 delta 1.000000
Timestep 47 time 46.000000 delta 1.000000
Timestep 48 time 47.000000 delta 1.000000
Timestep 49 time 48.000000 delta 1.000000
Timestep 50 time 49.000000 delta 1.000000
Number of blocks at level 0 at timestep 50 is 7
Number of blocks at level 1 at timestep 50 is 7
Number of blocks at level 2 at timestep 50 is 7
Number of blocks at level 3 at timestep 50 is 7
Number of blocks at level 4 at timestep 50 is 8
Total number of blocks at timestep 50 is 36
max sets on a rank 2, num sets over ranks 1 on 1 ranks
comm partners x ave   2.50 min 1 max 5
comm partners y ave   2.50 min 1 max 5
comm partners z ave   2.50 min 1 max 4
comm partners total ave   7.50 min 6 max 9
comm partners unique ave   4.25 min 2 max 6

Timestep 51 time 50.000000 delta 1.000000
Timestep 52 time 51.000000 delta 1.000000
Timestep 53 time 52.000000 delta 1.000000
Timestep 54 time 53.000000 delta 1.000000
Timestep 55 time 54.000000 delta 1.000000
Number of blocks at level 0 at timestep 55 is 7
Number of blocks at level 1 at timestep 55 is 7
Number of blocks at level 2 at timestep 55 is 7
Number of blocks at level 3 at timestep 55 is 7
Number of blocks at level 4 at timestep 55 is 8
Total number of blocks at timestep 55 is 36
max sets on a rank 2, num sets over ranks 1 on 1 ranks
comm partners x ave   2.50 min 1 max 5
comm partners y ave   2.50 min 1 max 5
comm partners z ave   2.50 min 1 max 4
comm partners total ave   7.50 min 6 max 9
comm partners unique ave   4.25 min 2 max 6

Timestep 56 time 55.000000 delta 1.000000
Timestep 57 time 56.000000 delta 1.000000
Timestep 58 time 57.000000 delta 1.000000
Timestep 59 time 58.000000 delta 1.000000
Timestep 60 time 59.000000 delta 1.000000
Number of blocks at level 0 at timestep 60 is 7
Number of blocks at level 1 at timestep 60 is 7
Number of blocks at level 2 at timestep 60 is 7
Number of blocks at level 3 at timestep 60 is 7
Number of blocks at level 4 at timestep 60 is 8
Total number of blocks at timestep 60 is 36
max sets on a rank 2, num sets over ranks 1 on 1 ranks
comm partners x ave   2.50 min 1 max 5
comm partners y ave   2.50 min 1 max 5
comm partners z ave   2.50 min 1 max 4
comm partners total ave   7.50 min 6 max 9
comm partners unique ave   4.25 min 2 max 6

Timestep 61 time 60.000000 delta 1.000000
Timestep 62 time 61.000000 delta 1.000000
Timestep 63 time 62.000000 delta 1.000000
Timestep 64 time 63.000000 delta 1.000000
Timestep 65 time 64.000000 delta 1.000000
Number of blocks at level 0 at timestep 65 is 7
Number of blocks at level 1 at timestep 65 is 7
Number of blocks at level 2 at timestep 65 is 7
Number of blocks at level 3 at timestep 65 is 7
Number of blocks at level 4 at timestep 65 is 8
Total number of blocks at timestep 65 is 36
max sets on a rank 2, num sets over ranks 1 on 1 ranks
comm partners x ave   2.50 min 1 max 5
comm partners y ave   2.50 min 1 max 5
comm partners z ave   2.50 min 1 max 4
comm partners total ave   7.50 min 6 max 9
comm partners unique ave   4.25 min 2 max 6

Timestep 66 time 65.000000 delta 1.000000
Timestep 67 time 66.000000 delta 1.000000
Timestep 68 time 67.000000 delta 1.000000
Timestep 69 time 68.000000 delta 1.000000
Timestep 70 time 69.000000 delta 1.000000
Number of blocks at level 0 at timestep 70 is 7
Number of blocks at level 1 at timestep 70 is 7
Number of blocks at level 2 at timestep 70 is 7
Number of blocks at level 3 at timestep 70 is 7
Number of blocks at level 4 at timestep 70 is 8
Total number of blocks at timestep 70 is 36
max sets on a rank 2, num sets over ranks 1 on 1 ranks
comm partners x ave   2.50 min 1 max 5
comm partners y ave   2.50 min 1 max 5
comm partners z ave   2.50 min 1 max 4
comm partners total ave   7.50 min 6 max 9
comm partners unique ave   4.25 min 2 max 6

Timestep 71 time 70.000000 delta 1.000000
Timestep 72 time 71.000000 delta 1.000000
Timestep 73 time 72.000000 delta 1.000000
Timestep 74 time 73.000000 delta 1.000000
Timestep 75 time 74.000000 delta 1.000000
Number of blocks at level 0 at timestep 75 is 7
Number of blocks at level 1 at timestep 75 is 7
Number of blocks at level 2 at timestep 75 is 7
Number of blocks at level 3 at timestep 75 is 7
Number of blocks at level 4 at timestep 75 is 8
Total number of blocks at timestep 75 is 36
max sets on a rank 2, num sets over ranks 1 on 1 ranks
comm partners x ave   2.50 min 1 max 5
comm partners y ave   2.50 min 1 max 5
comm partners z ave   2.50 min 1 max 4
comm partners total ave   7.50 min 6 max 9
comm partners unique ave   4.25 min 2 max 6

Timestep 76 time 75.000000 delta 1.000000
Timestep 77 time 76.000000 delta 1.000000
Timestep 78 time 77.000000 delta 1.000000
Timestep 79 time 78.000000 delta 1.000000
Timestep 80 time 79.000000 delta 1.000000
Number of blocks at level 0 at timestep 80 is 7
Number of blocks at level 1 at timestep 80 is 7
Number of blocks at level 2 at timestep 80 is 7
Number of blocks at level 3 at timestep 80 is 7
Number of blocks at level 4 at timestep 80 is 8
Total number of blocks at timestep 80 is 36
max sets on a rank 2, num sets over ranks 1 on 1 ranks
comm partners x ave   2.50 min 1 max 5
comm partners y ave   2.50 min 1 max 5
comm partners z ave   2.50 min 1 max 4
comm partners total ave   7.50 min 6 max 9
comm partners unique ave   4.25 min 2 max 6

Timestep 81 time 80.000000 delta 1.000000
Timestep 82 time 81.000000 delta 1.000000
Timestep 83 time 82.000000 delta 1.000000
Timestep 84 time 83.000000 delta 1.000000
Timestep 85 time 84.000000 delta 1.000000
Number of blocks at level 0 at timestep 85 is 4
Number of blocks at level 1 at timestep 85 is 28
Number of blocks at level 2 at timestep 85 is 28
Number of blocks at level 3 at timestep 85 is 28
Number of blocks at level 4 at timestep 85 is 32
Total number of blocks at timestep 85 is 120
before ave 15 min 4 max 25
after ave 15 min 15 max 15
max sets on a rank 2, num sets over ranks 1 on 1 ranks
comm partners x ave   3.50 min 1 max 6
comm partners y ave   2.75 min 1 max 5
comm partners z ave   3.25 min 1 max 5
comm partners total ave   9.50 min 5 max 14
comm partners unique ave   4.50 min 3 max 6

Timestep 86 time 85.000000 delta 1.000000
Timestep 87 time 86.000000 delta 1.000000
Timestep 88 time 87.000000 delta 1.000000
Timestep 89 time 88.000000 delta 1.000000
Timestep 90 time 89.000000 delta 1.000000
Number of blocks at level 0 at timestep 90 is 4
Number of blocks at level 1 at timestep 90 is 28
Number of blocks at level 2 at timestep 90 is 28
Number of blocks at level 3 at timestep 90 is 28
Number of blocks at level 4 at timestep 90 is 32
Total number of blocks at timestep 90 is 120
max sets on a rank 2, num sets over ranks 1 on 1 ranks
comm partners x ave   3.50 min 1 max 6
comm partners y ave   2.75 min 1 max 5
comm partners z ave   3.25 min 1 max 5
comm partners total ave   9.50 min 5 max 14
comm partners unique ave   4.50 min 3 max 6

Timestep 91 time 90.000000 delta 1.000000
Timestep 92 time 91.000000 delta 1.000000
Timestep 93 time 92.000000 delta 1.000000
Timestep 94 time 93.000000 delta 1.000000
Timestep 95 time 94.000000 delta 1.000000
Number of blocks at level 0 at timestep 95 is 4
Number of blocks at level 1 at timestep 95 is 28
Number of blocks at level 2 at timestep 95 is 28
Number of blocks at level 3 at timestep 95 is 28
Number of blocks at level 4 at timestep 95 is 32
Total number of blocks at timestep 95 is 120
max sets on a rank 2, num sets over ranks 1 on 1 ranks
comm partners x ave   3.50 min 1 max 6
comm partners y ave   2.75 min 1 max 5
comm partners z ave   3.25 min 1 max 5
comm partners total ave   9.50 min 5 max 14
comm partners unique ave   4.50 min 3 max 6

Timestep 96 time 95.000000 delta 1.000000
Timestep 97 time 96.000000 delta 1.000000
Timestep 98 time 97.000000 delta 1.000000
Timestep 99 time 98.000000 delta 1.000000
Timestep 100 time 99.000000 delta 1.000000
Number of blocks at level 0 at timestep 100 is 4
Number of blocks at level 1 at timestep 100 is 28
Number of blocks at level 2 at timestep 100 is 28
Number of blocks at level 3 at timestep 100 is 28
Number of blocks at level 4 at timestep 100 is 32
Total number of blocks at timestep 100 is 120
max sets on a rank 2, num sets over ranks 1 on 1 ranks
comm partners x ave   3.50 min 1 max 6
comm partners y ave   2.75 min 1 max 5
comm partners z ave   3.25 min 1 max 5
comm partners total ave   9.50 min 5 max 14
comm partners unique ave   4.50 min 3 max 6

Timestep 101 time 100.000000 delta 1.000000
Timestep 102 time 101.000000 delta 1.000000
Timestep 103 time 102.000000 delta 1.000000
Timestep 104 time 103.000000 delta 1.000000
Timestep 105 time 104.000000 delta 1.000000
Number of blocks at level 0 at timestep 105 is 4
Number of blocks at level 1 at timestep 105 is 28
Number of blocks at level 2 at timestep 105 is 28
Number of blocks at level 3 at timestep 105 is 28
Number of blocks at level 4 at timestep 105 is 32
Total number of blocks at timestep 105 is 120
max sets on a rank 2, num sets over ranks 1 on 1 ranks
comm partners x ave   3.50 min 1 max 6
comm partners y ave   2.75 min 1 max 5
comm partners z ave   3.25 min 1 max 5
comm partners total ave   9.50 min 5 max 14
comm partners unique ave   4.50 min 3 max 6

Timestep 106 time 105.000000 delta 1.000000
Timestep 107 time 106.000000 delta 1.000000
Timestep 108 time 107.000000 delta 1.000000
Timestep 109 time 108.000000 delta 1.000000
Timestep 110 time 109.000000 delta 1.000000
Number of blocks at level 0 at timestep 110 is 4
Number of blocks at level 1 at timestep 110 is 28
Number of blocks at level 2 at timestep 110 is 28
Number of blocks at level 3 at timestep 110 is 28
Number of blocks at level 4 at timestep 110 is 32
Total number of blocks at timestep 110 is 120
max sets on a rank 2, num sets over ranks 1 on 1 ranks
comm partners x ave   3.50 min 1 max 6
comm partners y ave   2.75 min 1 max 5
comm partners z ave   3.25 min 1 max 5
comm partners total ave   9.50 min 5 max 14
comm partners unique ave   4.50 min 3 max 6

Timestep 111 time 110.000000 delta 1.000000
Timestep 112 time 111.000000 delta 1.000000
Timestep 113 time 112.000000 delta 1.000000
Timestep 114 time 113.000000 delta 1.000000
Timestep 115 time 114.000000 delta 1.000000
Number of blocks at level 0 at timestep 115 is 4
Number of blocks at level 1 at timestep 115 is 28
Number of blocks at level 2 at timestep 115 is 28
Number of blocks at level 3 at timestep 115 is 25
Number of blocks at level 4 at timestep 115 is 56
Total number of blocks at timestep 115 is 141
before ave 17 min 15 max 22
after ave 17 min 17 max 18
max sets on a rank 2, num sets over ranks 1 on 1 ranks
comm partners x ave   3.75 min 2 max 5
comm partners y ave   4.00 min 2 max 6
comm partners z ave   3.25 min 2 max 5
comm partners total ave  11.00 min 7 max 16
comm partners unique ave   4.75 min 3 max 6

Timestep 116 time 115.000000 delta 1.000000
Timestep 117 time 116.000000 delta 1.000000
Timestep 118 time 117.000000 delta 1.000000
Timestep 119 time 118.000000 delta 1.000000
Timestep 120 time 119.000000 delta 1.000000
Number of blocks at level 0 at timestep 120 is 4
Number of blocks at level 1 at timestep 120 is 28
Number of blocks at level 2 at timestep 120 is 28
Number of blocks at level 3 at timestep 120 is 25
Number of blocks at level 4 at timestep 120 is 56
Total number of blocks at timestep 120 is 141
max sets on a rank 2, num sets over ranks 1 on 1 ranks
comm partners x ave   3.75 min 2 max 5
comm partners y ave   4.00 min 2 max 6
comm partners z ave   3.25 min 2 max 5
comm partners total ave  11.00 min 7 max 16
comm partners unique ave   4.75 min 3 max 6

Timestep 121 time 120.000000 delta 1.000000
Timestep 122 time 121.000000 delta 1.000000
Timestep 123 time 122.000000 delta 1.000000
Timestep 124 time 123.000000 delta 1.000000
Timestep 125 time 124.000000 delta 1.000000
Number of blocks at level 0 at timestep 125 is 4
Number of blocks at level 1 at timestep 125 is 28
Number of blocks at level 2 at timestep 125 is 28
Number of blocks at level 3 at timestep 125 is 25
Number of blocks at level 4 at timestep 125 is 56
Total number of blocks at timestep 125 is 141
max sets on a rank 2, num sets over ranks 1 on 1 ranks
comm partners x ave   3.75 min 2 max 5
comm partners y ave   4.00 min 2 max 6
comm partners z ave   3.25 min 2 max 5
comm partners total ave  11.00 min 7 max 16
comm partners unique ave   4.75 min 3 max 6

Timestep 126 time 125.000000 delta 1.000000
Timestep 127 time 126.000000 delta 1.000000
Timestep 128 time 127.000000 delta 1.000000
Timestep 129 time 128.000000 delta 1.000000
Timestep 130 time 129.000000 delta 1.000000
Number of blocks at level 0 at timestep 130 is 4
Number of blocks at level 1 at timestep 130 is 28
Number of blocks at level 2 at timestep 130 is 28
Number of blocks at level 3 at timestep 130 is 25
Number of blocks at level 4 at timestep 130 is 56
Total number of blocks at timestep 130 is 141
max sets on a rank 2, num sets over ranks 1 on 1 ranks
comm partners x ave   3.75 min 2 max 5
comm partners y ave   4.00 min 2 max 6
comm partners z ave   3.25 min 2 max 5
comm partners total ave  11.00 min 7 max 16
comm partners unique ave   4.75 min 3 max 6

Timestep 131 time 130.000000 delta 1.000000
Timestep 132 time 131.000000 delta 1.000000
Timestep 133 time 132.000000 delta 1.000000
Timestep 134 time 133.000000 delta 1.000000
Timestep 135 time 134.000000 delta 1.000000
Number of blocks at level 0 at timestep 135 is 4
Number of blocks at level 1 at timestep 135 is 28
Number of blocks at level 2 at timestep 135 is 28
Number of blocks at level 3 at timestep 135 is 25
Number of blocks at level 4 at timestep 135 is 56
Total number of blocks at timestep 135 is 141
max sets on a rank 2, num sets over ranks 1 on 1 ranks
comm partners x ave   3.75 min 2 max 5
comm partners y ave   4.00 min 2 max 6
comm partners z ave   3.25 min 2 max 5
comm partners total ave  11.00 min 7 max 16
comm partners unique ave   4.75 min 3 max 6

Timestep 136 time 135.000000 delta 1.000000
Timestep 137 time 136.000000 delta 1.000000
Timestep 138 time 137.000000 delta 1.000000
Timestep 139 time 138.000000 delta 1.000000
Timestep 140 time 139.000000 delta 1.000000
Number of blocks at level 0 at timestep 140 is 4
Number of blocks at level 1 at timestep 140 is 28
Number of blocks at level 2 at timestep 140 is 28
Number of blocks at level 3 at timestep 140 is 25
Number of blocks at level 4 at timestep 140 is 56
Total number of blocks at timestep 140 is 141
before ave 17 min 11 max 24
after ave 17 min 17 max 18
max sets on a rank 2, num sets over ranks 1 on 1 ranks
comm partners x ave   3.75 min 2 max 5
comm partners y ave   4.50 min 3 max 6
comm partners z ave   3.25 min 2 max 5
comm partners total ave  11.50 min 9 max 15
comm partners unique ave   5.00 min 3 max 7

Timestep 141 time 140.000000 delta 1.000000
Timestep 142 time 141.000000 delta 1.000000
Timestep 143 time 142.000000 delta 1.000000
Timestep 144 time 143.000000 delta 1.000000
Timestep 145 time 144.000000 delta 1.000000
Number of blocks at level 0 at timestep 145 is 4
Number of blocks at level 1 at timestep 145 is 28
Number of blocks at level 2 at timestep 145 is 28
Number of blocks at level 3 at timestep 145 is 25
Number of blocks at level 4 at timestep 145 is 56
Total number of blocks at timestep 145 is 141
max sets on a rank 2, num sets over ranks 1 on 1 ranks
comm partners x ave   3.75 min 2 max 5
comm partners y ave   4.50 min 3 max 6
comm partners z ave   3.25 min 2 max 5
comm partners total ave  11.50 min 9 max 15
comm partners unique ave   5.00 min 3 max 7

Timestep 146 time 145.000000 delta 1.000000
Timestep 147 time 146.000000 delta 1.000000
Timestep 148 time 147.000000 delta 1.000000
Timestep 149 time 148.000000 delta 1.000000
Timestep 150 time 149.000000 delta 1.000000
Number of blocks at level 0 at timestep 150 is 4
Number of blocks at level 1 at timestep 150 is 28
Number of blocks at level 2 at timestep 150 is 28
Number of blocks at level 3 at timestep 150 is 25
Number of blocks at level 4 at timestep 150 is 56
Total number of blocks at timestep 150 is 141
max sets on a rank 2, num sets over ranks 1 on 1 ranks
comm partners x ave   3.75 min 2 max 5
comm partners y ave   4.50 min 3 max 6
comm partners z ave   3.25 min 2 max 5
comm partners total ave  11.50 min 9 max 15
comm partners unique ave   5.00 min 3 max 7

Timestep 151 time 150.000000 delta 1.000000
Timestep 152 time 151.000000 delta 1.000000
Timestep 153 time 152.000000 delta 1.000000
Timestep 154 time 153.000000 delta 1.000000
Timestep 155 time 154.000000 delta 1.000000
Number of blocks at level 0 at timestep 155 is 4
Number of blocks at level 1 at timestep 155 is 28
Number of blocks at level 2 at timestep 155 is 28
Number of blocks at level 3 at timestep 155 is 22
Number of blocks at level 4 at timestep 155 is 80
Total number of blocks at timestep 155 is 162
before ave 20 min 17 max 25
after ave 20 min 20 max 21
comm partners x ave   3.50 min 2 max 6
comm partners y ave   3.50 min 1 max 5
comm partners z ave   3.50 min 1 max 6
comm partners total ave  10.50 min 7 max 16
comm partners unique ave   4.75 min 4 max 6

Timestep 156 time 155.000000 delta 1.000000
Timestep 157 time 156.000000 delta 1.000000
Timestep 158 time 157.000000 delta 1.000000
Timestep 159 time 158.000000 delta 1.000000
Timestep 160 time 159.000000 delta 1.000000
Number of blocks at level 0 at timestep 160 is 4
Number of blocks at level 1 at timestep 160 is 28
Number of blocks at level 2 at timestep 160 is 28
Number of blocks at level 3 at timestep 160 is 22
Number of blocks at level 4 at timestep 160 is 80
Total number of blocks at timestep 160 is 162
comm partners x ave   3.50 min 2 max 6
comm partners y ave   3.50 min 1 max 5
comm partners z ave   3.50 min 1 max 6
comm partners total ave  10.50 min 7 max 16
comm partners unique ave   4.75 min 4 max 6

Timestep 161 time 160.000000 delta 1.000000
Timestep 162 time 161.000000 delta 1.000000
Timestep 163 time 162.000000 delta 1.000000
Timestep 164 time 163.000000 delta 1.000000
Timestep 165 time 164.000000 delta 1.000000
Number of blocks at level 0 at timestep 165 is 4
Number of blocks at level 1 at timestep 165 is 28
Number of blocks at level 2 at timestep 165 is 28
Number of blocks at level 3 at timestep 165 is 22
Number of blocks at level 4 at timestep 165 is 80
Total number of blocks at timestep 165 is 162
comm partners x ave   3.50 min 2 max 6
comm partners y ave   3.50 min 1 max 5
comm partners z ave   3.50 min 1 max 6
comm partners total ave  10.50 min 7 max 16
comm partners unique ave   4.75 min 4 max 6

Timestep 166 time 165.000000 delta 1.000000
Timestep 167 time 166.000000 delta 1.000000
Timestep 168 time 167.000000 delta 1.000000
Timestep 169 time 168.000000 delta 1.000000
Timestep 170 time 169.000000 delta 1.000000
Number of blocks at level 0 at timestep 170 is 4
Number of blocks at level 1 at timestep 170 is 28
Number of blocks at level 2 at timestep 170 is 28
Number of blocks at level 3 at timestep 170 is 22
Number of blocks at level 4 at timestep 170 is 80
Total number of blocks at timestep 170 is 162
comm partners x ave   3.50 min 2 max 6
comm partners y ave   3.50 min 1 max 5
comm partners z ave   3.50 min 1 max 6
comm partners total ave  10.50 min 7 max 16
comm partners unique ave   4.75 min 4 max 6

Timestep 171 time 170.000000 delta 1.000000
Timestep 172 time 171.000000 delta 1.000000
Timestep 173 time 172.000000 delta 1.000000
Timestep 174 time 173.000000 delta 1.000000
Timestep 175 time 174.000000 delta 1.000000
Number of blocks at level 0 at timestep 175 is 4
Number of blocks at level 1 at timestep 175 is 28
Number of blocks at level 2 at timestep 175 is 25
Number of blocks at level 3 at timestep 175 is 40
Number of blocks at level 4 at timestep 175 is 128
Total number of blocks at timestep 175 is 225
before ave 28 min 20 max 41
after ave 28 min 28 max 29
max sets on a rank 2, num sets over ranks 1 on 1 ranks
comm partners x ave   4.00 min 3 max 6
comm partners y ave   3.75 min 2 max 6
comm partners z ave   3.00 min 1 max 5
comm partners total ave  10.75 min 7 max 15
comm partners unique ave   5.00 min 4 max 6

Timestep 176 time 175.000000 delta 1.000000
Timestep 177 time 176.000000 delta 1.000000
Timestep 178 time 177.000000 delta 1.000000
Timestep 179 time 178.000000 delta 1.000000
Timestep 180 time 179.000000 delta 1.000000
Number of blocks at level 0 at timestep 180 is 4
Number of blocks at level 1 at timestep 180 is 28
Number of blocks at level 2 at timestep 180 is 25
Number of blocks at level 3 at timestep 180 is 40
Number of blocks at level 4 at timestep 180 is 128
Total number of blocks at timestep 180 is 225
max sets on a rank 2, num sets over ranks 1 on 1 ranks
comm partners x ave   4.00 min 3 max 6
comm partners y ave   3.75 min 2 max 6
comm partners z ave   3.00 min 1 max 5
comm partners total ave  10.75 min 7 max 15
comm partners unique ave   5.00 min 4 max 6

Timestep 181 time 180.000000 delta 1.000000
Timestep 182 time 181.000000 delta 1.000000
Timestep 183 time 182.000000 delta 1.000000
Timestep 184 time 183.000000 delta 1.000000
Timestep 185 time 184.000000 delta 1.000000
Number of blocks at level 0 at timestep 185 is 4
Number of blocks at level 1 at timestep 185 is 28
Number of blocks at level 2 at timestep 185 is 25
Number of blocks at level 3 at timestep 185 is 40
Number of blocks at level 4 at timestep 185 is 128
Total number of blocks at timestep 185 is 225
max sets on a rank 2, num sets over ranks 1 on 1 ranks
comm partners x ave   4.00 min 3 max 6
comm partners y ave   3.75 min 2 max 6
comm partners z ave   3.00 min 1 max 5
comm partners total ave  10.75 min 7 max 15
comm partners unique ave   5.00 min 4 max 6

Timestep 186 time 185.000000 delta 1.000000
Timestep 187 time 186.000000 delta 1.000000
Timestep 188 time 187.000000 delta 1.000000
Timestep 189 time 188.000000 delta 1.000000
Timestep 190 time 189.000000 delta 1.000000
Number of blocks at level 0 at timestep 190 is 4
Number of blocks at level 1 at timestep 190 is 28
Number of blocks at level 2 at timestep 190 is 25
Number of blocks at level 3 at timestep 190 is 40
Number of blocks at level 4 at timestep 190 is 128
Total number of blocks at timestep 190 is 225
before ave 28 min 12 max 36
after ave 28 min 28 max 29
max sets on a rank 2, num sets over ranks 1 on 1 ranks
comm partners x ave   3.75 min 2 max 6
comm partners y ave   4.00 min 1 max 6
comm partners z ave   3.00 min 1 max 4
comm partners total ave  10.75 min 5 max 15
comm partners unique ave   5.25 min 4 max 7

Timestep 191 time 190.000000 delta 1.000000
Timestep 192 time 191.000000 delta 1.000000
Timestep 193 time 192.000000 delta 1.000000
Timestep 194 time 193.000000 delta 1.000000
Timestep 195 time 194.000000 delta 1.000000
Number of blocks at level 0 at timestep 195 is 4
Number of blocks at level 1 at timestep 195 is 28
Number of blocks at level 2 at timestep 195 is 25
Number of blocks at level 3 at timestep 195 is 40
Number of blocks at level 4 at timestep 195 is 128
Total number of blocks at timestep 195 is 225
max sets on a rank 2, num sets over ranks 1 on 1 ranks
comm partners x ave   3.75 min 2 max 6
comm partners y ave   4.00 min 1 max 6
comm partners z ave   3.00 min 1 max 4
comm partners total ave  10.75 min 5 max 15
comm partners unique ave   5.25 min 4 max 7

Timestep 196 time 195.000000 delta 1.000000
Timestep 197 time 196.000000 delta 1.000000
Timestep 198 time 197.000000 delta 1.000000
Timestep 199 time 198.000000 delta 1.000000
Timestep 200 time 199.000000 delta 1.000000
Number of blocks at level 0 at timestep 200 is 4
Number of blocks at level 1 at timestep 200 is 28
Number of blocks at level 2 at timestep 200 is 25
Number of blocks at level 3 at timestep 200 is 40
Number of blocks at level 4 at timestep 200 is 128
Total number of blocks at timestep 200 is 225
max sets on a rank 2, num sets over ranks 1 on 1 ranks
comm partners x ave   3.75 min 2 max 6
comm partners y ave   4.00 min 1 max 6
comm partners z ave   3.00 min 1 max 4
comm partners total ave  10.75 min 5 max 15
comm partners unique ave   5.25 min 4 max 7


 ================ Start report ===================

          Mantevo miniAMR
          version 1.7.0 (modified)

Run on 8 ranks arranged in a 2 x 2 x 2 grid
initial blocks per rank 1 x 1 x 1
block size 8 x 8 x 8
Initial ranks arranged by RCB across machine

change_dir 0 group_blocks 0 limit_move 0
Maximum number of blocks per rank is 9000
Number of levels of refinement is 4
Blocks can change by 4 levels per refinement step

Blocks will be refined by 1 objects

Object 0 is the surface of a spheroid
Object may leave mesh
Center starting at -0.010000 -0.010000 -0.010000
Center end at -0.010000 -0.010000 -0.010000
Moving at 0.000000 0.000000 0.000000 per timestep
   Rate relative to smallest cell size 0.000000 0.000000 0.000000
Initial size 0.000000 0.000000 0.000000
Final size 0.180000 0.180000 0.180000
Size increasing 0.000900 0.000900 0.000900 per timestep
   Rate relative to smallest cell size 0.460800 0.460800 0.460800


Number of timesteps is 200
Communicaion/computation stages per timestep is 20
Communication will be performed with nonblocking sends
Will perform checksums every 5 stages
Will refine every 5 timesteps
Load balance by RCB (Recursive Coordinate Bisection)
Load balance when inbalanced by 0%
Will not plot results
Calculate on 40 variables with 7 point stencil
Communicate 2 variables at a time
Error tolorance for variable sums is 10^(-8)

Total time for test: ave, std, min, max (sec): 23.674200 0.000000 23.674199 23.674200


Number of malloc calls: ave, std, min, max (sec): 39969080.000000 0.000000 39969080.000000 39969080.000000

Amount malloced: ave, std, min, max: 3290488476.000000 0.000000 3290488476.000000 3290488476.000000

Malloc calls in init: ave, std, min, max (sec): 39969080.000000 0.000000 39969080.000000 39969080.000000

Amount malloced in init: ave, std, min, max: 3290488476.000000 0.000000 3290488476.000000 3290488476.000000

Malloc calls in timestepping: ave, std, min, max (sec): 0.000000 0.000000 0.000000 0.000000

Amount malloced in timestepping: ave, std, min, max: 0.000000 0.000000 0.000000 0.000000

Main (parse, allocate) Time: ave, stddev, min, max (sec): 25.231299 1.229854 23.253718 27.353744

Initailize Time: ave, stddev, min, max (sec): 2.129137 1.229949 0.006587 4.107048

---------------------------------------------
          Computational Performance
---------------------------------------------

     Time: ave, stddev, min, max (sec): 6.701206 0.139427 6.573272 7.015759

     total GFLOPS:             8.210654
     Average GFLOPS per rank:  1.026332

     Total floating point ops: 59078656000.000000

        Adds:                  50638848000.000000
        Muls:                  0.000000
        Divides:               8439808000.000000

     Sum of min/max compute times per ts: 6.481826 7.018692

---------------------------------------------
           Interblock communication
---------------------------------------------

     Time: ave, stddev, min, max (sec): 15.683623 0.185986 15.317502 15.937184


Total communication:

                              average    stddev  minimum  maximum
     Total                  : 15.543882 0.190397 15.168420 15.804421
     Post IRecv             : 0.404639 0.117473 0.238771 0.584357
     Pack faces             : 1.819574 0.309132 1.439363 2.315397
     Send messages          : 0.941315 0.269670 0.674756 1.572631
     Exchange same level    : 2.040923 0.301560 1.682073 2.672895
     Exchange diff level    : 1.165067 0.237361 0.665449 1.456798
     Apply BC               : 1.388962 0.388613 0.578388 1.834488
     Wait time              : 3.100913 0.418860 2.494447 4.074962
     Unpack faces           : 2.207546 0.310577 1.813564 2.751086

     Comm partners total ave: 8.841463 1.684914 6.536585 11.292683
     Comm partners total min: 3.000000 0.000000 3.000000 3.000000
     Comm partners total max: 12.750000 1.984313 10.000000 16.000000
     Comm partners uniq ave : 4.457317 0.795375 2.926829 5.463415
     Comm partners uniq min : 2.875000 0.330719 2.000000 3.000000
     Comm partners uniq max : 5.750000 0.968246 4.000000 7.000000
     Messages received      : 703500.000000 134728.430556 514000.000000 896000.000000
     Bytes received         : 1600000000.000000 197549081.050761 1391104000.000000 1901056000.000000
     Faces received         : 2270500.000000 440884.055053 1604000.000000 2920000.000000
     Messages sent          : 703500.000000 134728.430556 514000.000000 896000.000000
     Bytes sent             : 1600000000.000000 197549081.050761 1391104000.000000 1901056000.000000
     Faces sent             : 2270500.000000 440884.055053 1604000.000000 2920000.000000
     Faces exchanged same   : 2357500.000000 396691.000654 1876000.000000 3092000.000000
     Faces exchanged diff   : 1282000.000000 263028.515564 764000.000000 1688000.000000
     Faces with BC applied  : 1106250.000000 209385.857927 618000.000000 1338000.000000

X direction communication statistics:

                              average    stddev  minimum  maximum
     Total                  : 4.689741 0.478422 4.096034 5.782248
     Post IRecv             : 0.089459 0.009941 0.075248 0.105716
     Pack faces             : 0.550686 0.110916 0.392445 0.713815
     Send messages          : 0.231484 0.046053 0.170244 0.308162
     Exchange same level    : 0.731337 0.108889 0.600060 0.974689
     Exchange diff level    : 0.353871 0.227192 0.104434 0.817189
     Apply BC               : 0.363485 0.175525 0.006239 0.553547
     Wait time              : 1.067051 0.296566 0.788946 1.676092
     Unpack faces           : 0.467400 0.095132 0.338913 0.600396

     Comm partners average  : 3.042683 0.779034 2.121951 4.268293
     Comm partners minimum  : 1.000000 0.000000 1.000000 1.000000
     Comm partners maximum  : 4.625000 0.992157 3.000000 6.000000
     Messages received      : 242000.000000 62777.384463 170000.000000 344000.000000
     Bytes received         : 437376000.000000 109590053.855266 261632000.000000 598528000.000000
     Faces received         : 658500.000000 204572.114424 456000.000000 1004000.000000
     Messages sent          : 242000.000000 62777.384463 170000.000000 344000.000000
     Bytes sent             : 437376000.000000 109590053.855266 261632000.000000 598528000.000000
     Faces sent             : 658500.000000 204572.114424 456000.000000 1004000.000000
     Faces exchanged same   : 878000.000000 154298.412176 716000.000000 1184000.000000
     Faces exchanged diff   : 433500.000000 328389.631383 64000.000000 1120000.000000
     Faces with BC applied  : 368750.000000 181171.017274 8000.000000 576000.000000

Y direction communication statistics:

                              average    stddev  minimum  maximum
     Total                  : 5.623078 0.357199 5.068977 6.116972
     Post IRecv             : 0.148951 0.070213 0.064371 0.248977
     Pack faces             : 0.844505 0.170498 0.629945 1.104893
     Send messages          : 0.433624 0.112444 0.277619 0.638709
     Exchange same level    : 0.693443 0.123952 0.473906 0.902001
     Exchange diff level    : 0.425942 0.303363 0.055826 0.926329
     Apply BC               : 0.377205 0.243963 0.005888 0.673738
     Wait time              : 1.240352 0.316172 0.936573 1.987966
     Unpack faces           : 0.630507 0.120721 0.495980 0.842562

     Comm partners average  : 3.018293 0.953308 1.951220 4.682927
     Comm partners minimum  : 1.000000 0.000000 1.000000 1.000000
     Comm partners maximum  : 5.000000 0.866025 3.000000 6.000000
     Messages received      : 239500.000000 76411.713762 154000.000000 372000.000000
     Bytes received         : 555264000.000000 126185929.104635 312832000.000000 743424000.000000
     Faces received         : 778500.000000 212176.223927 508000.000000 1118000.000000
     Messages sent          : 239500.000000 76411.713762 154000.000000 372000.000000
     Bytes sent             : 555264000.000000 126185929.104635 312832000.000000 743424000.000000
     Faces sent             : 778500.000000 212176.223927 508000.000000 1118000.000000
     Faces exchanged same   : 764500.000000 192649.292758 412000.000000 1064000.000000
     Faces exchanged diff   : 427000.000000 345385.292101 24000.000000 996000.000000
     Faces with BC applied  : 368750.000000 250563.240520 8000.000000 732000.000000

Z direction communication statistics:

                              average    stddev  minimum  maximum
     Total                  : 5.231063 0.400693 4.632254 5.998236
     Post IRecv             : 0.166229 0.050028 0.086604 0.260753
     Pack faces             : 0.424383 0.072624 0.332074 0.549636
     Send messages          : 0.276207 0.175263 0.156677 0.725705
     Exchange same level    : 0.616143 0.100801 0.490472 0.796204
     Exchange diff level    : 0.385255 0.278267 0.050200 0.805041
     Apply BC               : 0.648273 0.449430 0.013049 1.241922
     Wait time              : 0.793510 0.300272 0.316469 1.298049
     Unpack faces           : 1.109640 0.156568 0.889485 1.356307

     Comm partners average  : 2.780488 0.799036 1.853659 4.146341
     Comm partners minimum  : 1.000000 0.000000 1.000000 1.000000
     Comm partners maximum  : 4.375000 0.856957 3.000000 6.000000
     Messages received      : 222000.000000 63835.726674 150000.000000 332000.000000
     Bytes received         : 607360000.000000 73544103.992094 479744000.000000 696832000.000000
     Faces received         : 833500.000000 166369.318085 604000.000000 1084000.000000
     Messages sent          : 222000.000000 63835.726674 150000.000000 332000.000000
     Bytes sent             : 607360000.000000 73544103.992094 479744000.000000 696832000.000000
     Faces sent             : 833500.000000 166369.318085 604000.000000 1084000.000000
     Faces exchanged same   : 715000.000000 149956.660406 484000.000000 900000.000000
     Faces exchanged diff   : 421500.000000 344743.020234 0.000000 928000.000000
     Faces with BC applied  : 368750.000000 256957.073263 8000.000000 726000.000000

     Sum of min/max communicate times per ts: 15.292245 16.051085

     Sum of min/max calc and comm times per ts: 22.069159 22.718853

---------------------------------------------
             Gridsum performance
---------------------------------------------

     Time: ave, stddev, min, max (sec): 1.118864 0.124320 0.938090 1.367849

        red : ave, stddev, min, max (sec): 0.485823 0.123652 0.308123 0.745596

        calc: ave, stddev, min, max (sec): 0.570291 0.012322 0.558643 0.600241

     total number:             32000
     number per timestep:      40

     Sum of min/max gridsum times per ts: 0.786805 1.433715

---------------------------------------------
               Mesh Refinement
---------------------------------------------

     Time: ave, stddev, min, max (sec): 0.138825 0.000839 0.137818 0.140663

     Number of refinement steps: 41

     Number of load balance steps: 7

     Number of redistributing steps: 0

     Total blocks           : 412100
     Blocks/timestep ave, min, max : 103.025000 8 225
     Max blocks on a processor at any time: 44
     total blocks split     : 35.000000
     total blocks reformed  : 4.000000

     total blocks moved     : 247.000000
     total moved load bal   : 233.000000
     total moved redistribut: 0.000000
     total moved coasening  : 14.000000

     parents ave, min, max  : 3.875000 0 7
     max dots ave, min, max : 32.875000 28 41
     ave dots used          : 21.821429

     number of times more sets of blocks than ranks: 33
     total sets of blocks over num of ranks: 33
     max number of sets of blocks on a rank: 2

                              average    stddev  minimum  maximum
     Per processor:
     total blocks split     : 4.375000 1.996090 0.000000 7.000000
     total blocks reformed  : 0.500000 0.707107 0.000000 2.000000
     Total blocks moved     : 30.875000 11.117975 18.000000 58.000000
     Blocks moved load bal  : 29.125000 7.523920 18.000000 46.000000
     Blocks moved redistribu: 0.000000 0.000000 0.000000 0.000000
     Blocks moved coarsening: 1.750000 3.929058 0.000000 12.000000
     Time:
        initial refine      : 0.028406 0.000013 0.028401 0.028441

        compare objects     : 0.000643 0.000114 0.000500 0.000820
        mark refine/coarsen : 0.035495 0.000098 0.035332 0.035624
        communicate block 1 : 0.007100 0.000212 0.006806 0.007323
        split blocks        : 0.032030 0.000260 0.031683 0.032571
        communicate block 2 : 0.007688 0.000116 0.007512 0.007851
        sync time           : 0.007540 0.009510 0.003354 0.032673
        time for groups     : 0.025523 0.009484 0.000430 0.029111
        misc time           : 0.026861 0.009030 0.002969 0.030297
        total coarsen blocks: 0.004404 0.000499 0.003793 0.005526
           coarsen blocks   : 0.002456 0.000493 0.001855 0.003567
           pack blocks      : 0.000090 0.000202 0.000000 0.000618
           move blocks      : 0.000344 0.000448 0.000002 0.001206
           unpack blocks    : 0.000123 0.000191 0.000000 0.000559
        total redistribute  : 0.000945 0.000010 0.000926 0.000958
           choose blocks    : 0.000000 0.000000 0.000000 0.000000
           pack blocks      : 0.000000 0.000000 0.000000 0.000000
           move blocks      : 0.000000 0.000000 0.000000 0.000000
           unpack blocks    : 0.000000 0.000000 0.000000 0.000000
        total load balance  : 0.015588 0.000051 0.015460 0.015642
           sort             : 0.000544 0.000065 0.000372 0.000570
           move dots back   : 0.000057 0.000010 0.000041 0.000078
           move blocks total: 0.014975 0.000017 0.014939 0.015000
              pack blocks   : 0.001485 0.000629 0.000156 0.002380
              move blocks   : 0.007183 0.001070 0.005634 0.008739
              unpack blocks : 0.002061 0.000559 0.001299 0.003345
              misc          : 0.004247 0.001236 0.002609 0.006826

     Sum of min/max refinement times per ts: 0.108329 0.112475

---------------------------------------------
                   Plot
---------------------------------------------

     Time: ave, stddev, min, max (sec): 0.000054 0.000003 0.000049 0.000059

     Number of plot steps: 0

 ================== End report ===================
Summary: ranks 8 ts 200 time 23.674200 calc 6.701206 comm 15.683623 red 1.118864 refine 0.138825 blocks/ts 103.025000 max_blocks 44
DEBUG: caught signal to interrupt (Child exited).
Cleaning up
 Closed perf event handles
DEBUG: caught signal to interrupt (Child exited).
Cleaning up
 Closed perf event handles
DEBUG: caught signal to interrupt (Child exited).
Cleaning up
 Zeroed uncore PMU registers
 Closed perf event handles
 Zeroed uncore PMU registers
DEBUG: caught signal to interrupt (Child exited).
Cleaning up
 Closed perf event handles
DEBUG: caught signal to interrupt (Child exited).
Cleaning up
 Closed perf event handles
DEBUG: caught signal to interrupt (Child exited).
Cleaning up
 Closed perf event handles
DEBUG: caught signal to interrupt (Child exited).
Cleaning up
 Closed perf event handles
DEBUG: caught signal to interrupt (Child exited).
Cleaning up
 Closed perf event handles
 Zeroed uncore PMU registers
 Zeroed uncore PMU registers
 Zeroed uncore PMU registers
 Zeroed uncore PMU registers
 Zeroed uncore PMU registers
 Zeroed uncore PMU registers
	Command being timed: "/opt/nec/ve/bin/mpirun -np 8 /usr/sbin/pcm 0.1 -csv=ve_mini_intel.csv -- ./VE/miniAMR/ref/miniAMR.x --num_refine 4 --max_blocks 9000 --init_x 1 --init_y 1 --init_z 1 --npx 2 --npy 2 --npz 2 --nx 8 --ny 8 --nz 8 --num_objects 1 --object 2 0 -0.01 -0.01 -0.01 0.0 0.0 0.0 0.0 0.0 0.0 0.0009 0.0009 0.0009 --num_tsteps 200 --comm_vars 2"
	User time (seconds): 4.07
	System time (seconds): 2.94
	Percent of CPU this job got: 8%
	Elapsed (wall clock) time (h:mm:ss or m:ss): 1:18.32
	Average shared text size (kbytes): 0
	Average unshared data size (kbytes): 0
	Average stack size (kbytes): 0
	Average total size (kbytes): 0
	Maximum resident set size (kbytes): 141548
	Average resident set size (kbytes): 0
	Major (requiring I/O) page faults: 0
	Minor (reclaiming a frame) page faults: 6341
	Voluntary context switches: 114310
	Involuntary context switches: 4792
	Swaps: 0
	File system inputs: 0
	File system outputs: 38264
	Socket messages sent: 0
	Socket messages received: 0
	Signals delivered: 0
	Page size (bytes): 4096
	Exit status: 0
