

 Intel(r) Performance Counter Monitor  Intel(r) Performance Counter Monitor (2022-11-24 10:18:12 +0100 ID=1b16bb4e)(2022-11-24 10:18:12 +0100 ID=1b16bb4e)





PCM Info: setrlimit for file limit 1000000PCM Info: setrlimit for file limit  failed with error 1000000 failed with error Operation not permittedOperation not permitted


=====  Processor information  =====

=====  Processor information  =====

 Intel(r) Performance Counter Monitor 
(2022-11-24 10:18:12 +0100 ID=1b16bb4e) Intel(r) Performance Counter Monitor 

 Intel(r) Performance Counter Monitor (2022-11-24 10:18:12 +0100 ID=1b16bb4e)

(2022-11-24 10:18:12 +0100 ID=1b16bb4e)





PCM Info: setrlimit for file limit 1000000 failed with error Operation not permitted
PCM Info: setrlimit for file limit PCM Info: setrlimit for file limit 10000001000000 failed with error  failed with error 
Operation not permittedOperation not permitted
=====  Processor information  =====
 Intel(r) Performance Counter Monitor 

(2022-11-24 10:18:12 +0100 ID=1b16bb4e)



=====  Processor information  =====
PCM Info: setrlimit for file limit 
=====  Processor information  =====
1000000 failed with error Operation not permitted

=====  Processor information  =====
Linux arch_perfmon flag  : yes
Hybrid processor         : no
IBRS and IBPB supported  : yes
STIBP supported          : yes
Spec arch caps supported : yes
Max CPUID level          : 22
CPU model number         : 85
Linux arch_perfmon flag  : Linux arch_perfmon flag  : yes
yes
Hybrid processor         : no Intel(r) Performance Counter Monitor 
IBRS and IBPB supported  : (2022-11-24 10:18:12 +0100 ID=1b16bb4e)yes


Linux arch_perfmon flag  : Hybrid processor         : 

STIBP supported          : yesno
 Intel(r) Performance Counter Monitor yes

(2022-11-24 10:18:12 +0100 ID=1b16bb4e)
Hybrid processor         : IBRS and IBPB supported  : 
Spec arch caps supported : noyes
yesPCM Info: setrlimit for file limit 
1000000


IBRS and IBPB supported  :  failed with error STIBP supported          : Max CPUID level          : yes
STIBP supported          : yes
Spec arch caps supported : yes
PCM Info: setrlimit for file limit Operation not permittedyes22Max CPUID level          : 1000000


22 failed with error Spec arch caps supported : CPU model number         : 
yesOperation not permitted85CPU model number         : 



=====  Processor information  =====
85Max CPUID level          : 
22
CPU model number         : 85

=====  Processor information  =====
Linux arch_perfmon flag  : Linux arch_perfmon flag  : yesNumber of physical cores: yes
Number of physical cores: 
16Number of physical cores: Hybrid processor         : Hybrid processor         : 16
16nono
Number of logical cores: 


Number of logical cores: 16Number of logical cores: IBRS and IBPB supported  : IBRS and IBPB supported  : 16
16yesyes
Number of online logical cores: 


Number of online logical cores: 16Number of online logical cores: STIBP supported          : STIBP supported          : 16
16yesyes
Threads (logical cores) per physical core: 


Threads (logical cores) per physical core: 1Threads (logical cores) per physical core: Spec arch caps supported : Spec arch caps supported : 1
1yesyes
Num sockets: 


Num sockets: 2Num sockets: Max CPUID level          : Max CPUID level          : 2
22222
Physical cores per socket: 


Physical cores per socket: 8Physical cores per socket: CPU model number         : CPU model number         : 858


Last level cache slices per socket: Last level cache slices per socket: 80
085
Last level cache slices per socket: 

Core PMU (perfmon) version: 0Core PMU (perfmon) version: 4
4
Core PMU (perfmon) version: 
Number of core PMU generic (programmable) counters: 4Number of core PMU generic (programmable) counters: 8
8
Number of core PMU generic (programmable) counters: 
Width of generic (programmable) counters: 8Width of generic (programmable) counters: 48
48 bits
Width of generic (programmable) counters:  bits
Number of core PMU fixed counters: 48Number of core PMU fixed counters: 3 bits
3
Number of core PMU fixed counters: 
Width of fixed counters: 3Width of fixed counters: 48
48 bits
Width of fixed counters:  bits
Nominal core frequency: 48Nominal core frequency: 2100000000 bits
2100000000 Hz
Nominal core frequency:  Hz
IBRS enabled in the kernel   : 2100000000IBRS enabled in the kernel   : no Hz
no
IBRS enabled in the kernel   : 
STIBP enabled in the kernel  : noSTIBP enabled in the kernel  : no
no
STIBP enabled in the kernel  : 
The processor is not susceptible to Rogue Data Cache Load: noThe processor is not susceptible to Rogue Data Cache Load: no
no
The processor is not susceptible to Rogue Data Cache Load: 
The processor supports enhanced IBRS                     : noThe processor supports enhanced IBRS                     : no
no
The processor supports enhanced IBRS                     : 

=====  Processor topology  =====
no
=====  Processor topology  =====
OS_Processor    Thread_Id       Core_Id         Tile_Id         Package_Id      Core_Type   Native_CPU_Model

OS_Processor    Thread_Id       Core_Id         Tile_Id         Package_Id      Core_Type   Native_CPU_Model
0               
=====  Processor topology  =====
0               0               OS_Processor    Thread_Id       Core_Id         Tile_Id         Package_Id      Core_Type   Native_CPU_Model
0               0               0               0               0               0               0               invalid0                Number of physical cores: 0               invalid 0               Number of physical cores:  16 0                16
 0                
Number of logical cores:  invalid Number of logical cores: 16   16
   
Number of online logical cores:    Number of online logical cores: 16   16
-1                
Threads (logical cores) per physical core: 
 -1              Threads (logical cores) per physical core: 1 
1
 1               
1               Num sockets:  0               1               1               Num sockets: 2
Physical cores per socket: 8
Last level cache slices per socket: 0
0               2-1              0               Core PMU (perfmon) version: 1               

invalid         -1              
2               0               2               2               0               invalid    4   1                
Physical cores per socket: 0                1               Number of core PMU generic (programmable) counters: 8invalid-1              0               8
 
1               
Last level cache slices per socket:  3               1               Width of generic (programmable) counters: 0 0               0               48
 3               invalid bits
Core PMU (perfmon) version:  3                Number of core PMU fixed counters: 4 0                3
 invalid 
Number of core PMU generic (programmable) counters:    Width of fixed counters: 8   48
-1                 bits
Width of generic (programmable) counters: 
 2                Nominal core frequency: 48 0                2100000000 bits
 2                 Hz
Number of core PMU fixed counters:  2               -1              IBRS enabled in the kernel   : 3 0               
no
 invalid2               
Width of fixed counters: -1               0               STIBP enabled in the kernel  : 48
 2               no bits
4                2               
Nominal core frequency: 0                0               The processor is not susceptible to Rogue Data Cache Load: 21000000004                invalidno Hz
4                 
IBRS enabled in the kernel   : 0                 The processor supports enhanced IBRS                     : noinvalid  no
   
STIBP enabled in the kernel  :  -1               
=====  Processor topology  =====
no 
 OS_Processor    Thread_Id       Core_Id         Tile_Id         Package_Id      Core_Type   Native_CPU_Model

 3                0               The processor is not susceptible to Rogue Data Cache Load:  0                0               no 3                0               
 3               -1              0               The processor supports enhanced IBRS                     :  0               invalid
   0                3                0               no invalid3                 
3                 
=====  Processor topology  =====
0               invalid   OS_Processor    Thread_Id       Core_Id         Tile_Id         Package_Id      Core_Type   Native_CPU_Model
 -1               0                
 0                4                0                0                0                4                0                4                invalid 0               -1                invalid
 -1                1               
  0               4                 1               0                 1               4                 0               4                 invalid0                  invalid -1                 
  -1               1                
 0                5                1                0                1                5                0                5                invalid 0               -1                invalid
 -1               2                
 0                5                2                0                2                5                0                5                invalid 0                  invalid  -1                 
 -1                Linux arch_perfmon flag  : -1              yes2               

0                Hybrid processor         : 5               2               
no 0               Linux arch_perfmon flag  : 2               
 5               6               0               IBRS and IBPB supported  :  yes5               0               invalidyes 
0               6                
 Hybrid processor         : invalid6                STIBP supported          :  no 0                yes-1              
 invalid 

IBRS and IBPB supported  :    Spec arch caps supported : 6               yes   yes0               
   
6               STIBP supported          :    Max CPUID level          : 6               yes   220               
  -1              
invalidSpec arch caps supported :   
CPU model number         :  yes-1               3               85 

 0               
 Max CPUID level          : 6               -1              3                220               
3                
6               7               0                CPU model number         : 6               0               invalid 850               7                 
invalid7                  0                -1               invalid  
    7                   0                   7                   7                 -1               0                 
-1              invalid   3                
0               -1               3               4               -1              
3                Number of physical cores: 0               0               8               
 4               invalid160                7               4                
0                0               0                Number of logical cores: 8                7               invalid 161                7                 
invalid 0                 Number of online logical cores:   invalid  16 -1                 
 
   Threads (logical cores) per physical core:   8                 1  0                -1              
  0                
Num sockets:   8                4               2  1               -1              0               
  invalid
4               Physical cores per socket: -1                5               4               8
-1               0               0               
9               
 5               invalidLast level cache slices per socket: 0               8                5                01               0                0                
9               0                invalid Core PMU (perfmon) version: 1               8                  4invalid1                  
 invalid   Number of core PMU generic (programmable) counters:   -1                8  
  
  9                 Width of generic (programmable) counters:   0                -1              48  1                
 bits
  9                5               Number of core PMU fixed counters:   1               -1              0               3  invalid
5               
-1                6               5               Width of fixed counters: 
-1               0               0               4810              
 6               invalid bits
0               9                6                Nominal core frequency: 2               0                0                210000000010              1                invalid  Hz
1               9                  IBRS enabled in the kernel   : invalid1                  no invalid   
  -1                STIBP enabled in the kernel  :   
  no  10                
  0                -1              The processor is not susceptible to Rogue Data Cache Load:   2                
no  10               6               
  1               -1              0               The processor supports enhanced IBRS                     :   invalid
6               no-1                7               6               

-1               0               0               
=====  Processor topology  =====
11              
 7               invalidOS_Processor    Thread_Id       Core_Id         Tile_Id         Package_Id      Core_Type   Native_CPU_Model
0               10               7                0               3               0                0                0               11              2                invalid 0               1               10                 0               invalid1                  0                invalid   invalid  -1               Number of physical cores:     
 16    11               
    0                Number of logical cores: -1                 3                16
   11               
7                  1               -1              Number of online logical cores: 0                  invalid
167                -1                8               
7                
-1               0               Threads (logical cores) per physical core: 0               -1              12              
 0               1invalid
0               11               8               
 4               1               0                1               Num sockets:  12              0               3                invalid2 1               1               11                
 invalid1               1                 Physical cores per socket:   0               invalid  8  invalid -1               
    
 Last level cache slices per socket:     12               0    0                
-1                 4                Core PMU (perfmon) version: 
   12               48                  1               -1              
0                  invalid
Number of core PMU generic (programmable) counters: 0               -1                 9               88               
 -1               0               
1               13              -1              
 1               Width of generic (programmable) counters: invalid0               
12               9               48 5               2               0                1                bits
 13              0               4                invalidNumber of core PMU fixed counters:  1               2               12                3 invalid2               1                 
  0               invalid  Width of fixed counters:   invalid -1               48    
  bits
    13               Nominal core frequency:     0                2100000000-1                 5                 Hz

   13               IBRS enabled in the kernel   : 9                  1               -1              no0                  invalid

1               -1                 10              STIBP enabled in the kernel  : 9               
 -1               0               no1               14              -1              
 2               
invalid0               
13               10              The processor is not susceptible to Rogue Data Cache Load:  6               3               0                1               no 14              0               5                invalid
 1               3               13                The processor supports enhanced IBRS                     :  invalid3               1                 no  0               invalid  
  invalid -1               
=====  Processor topology  =====
    
 OS_Processor    Thread_Id       Core_Id         Tile_Id         Package_Id      Core_Type   Native_CPU_Model
    14               0                   0                0               -1                 6                0               
   14               0               10                 1               -1              0               0                  invalid
invalid2               -1                 11               10              
 -1               0                1               15              -1              
 3                invalid0               
14               11                7               4               0                1                 15              0               6                invalid  1               4               14                  invalid4               1                    0               invalid     invalid -1               -1                  
 
    15               1                   0                0               -1                 7                1               
   15               1               11                 1               -1              0               0                  invalid
invalid3               11              -1                 12               1               
 -1               0                invalid=====  Placement on packages  =====
-1              
 4                 Package Id.    Core Id.     Processors

15               12                0              5               0                1                 00               7                invalid  ,5               15                  15               1                   ,0               invalid    2invalid -1               -1               ,  
 
 3  =====  Placement on packages  =====
 2               -1              ,  Package Id.    Core Id.     Processors
 0               
4  0               2               12              ,  0 2               0               5  ,-1              0               4               ,  1
invalid12              6  ,13               1               , -1              20                invalid7-1              
,5                 

=====  Placement on packages  =====
313                1              6               Package Id.    Core Id.     Processors
,1                 00               0              4invalid  ,6               0,   16               ,5   ,0               1,   2invalid,6 -1               , 2, 
 3 ,7 3               -1              , 3
 0               
4 ,1               3               13              , 40 3               0               5 ,,-1              0               5               , 51
invalid13              6 ,,14               1               , 620                invalid7-1              ,,6                 

7314                
=====  Core/Tile sharing  =====
7               
,1                 Level      Processors
Core       0               1              4invalid  (7               0,   07               ,5   )0               1,   (invalid,6 -1               1 2, 
 ) ,7 4               -1              ( 3
 0               
2 ,
=====  Core/Tile sharing  =====
 4               14              ) 4Level      Processors
Core        4               0               ( ,(-1              0               6               3 50
invalid14              ) ,)15               1               ( 6(0                invalid4-1              ,17                 )
7)15                (8               
(1                 50               
=====  Core/Tile sharing  =====
2invalid  )0               Level      Processors
Core       )   (8               ((   61               03   )invalid)) -1               ( (( 
 7 14 5               -1              ) )) 0               
( (( 5               15              0               8 25 5               7               ) ))-1              0               15              ( ((
invalid1               9 36=====  Placement on packages  =====
 invalid) ))Package Id.    Core Id.     Processors
  (-1              ((0                10
470  )9               )),  (0               ((1  111               58,  )9               ))2  (1               ((,  12invalid693-1               ) )),
-1              ( ((46               
13 710,0               =====  Placement on packages  =====
) ))56               Package Id.    Core Id.     Processors
( ((,6               0              14 811)6(12,)0               7(0
invalid)13, 1               )()1 0 (15(, , 9)1421-1               )
Tile / L2$ ),,
 (((32 10              10015,, 0               )))43 2               ((
Tile / L2$ ,, 10              111(54-1              1               ))0,,
invalid(()65 7               122(,, 0               ))176 7               (()
, 7               133(1              7 0               ))20
 invalid((),
=====  Core/Tile sharing  =====
Level      Processors
Core         144(1(  ))3,0  (()2)-1               155(,(
 ))43111               
Tile / L2$ (),)0                (6(4(3                0)5,211               )()5)1               -1              (7(,(invalid
1)663 8               )(),) 0               (8(7( 0               2)7
4 8               )()
=====  Core/Tile sharing  =====
) 1               (9(Level      Processors
Core       ( invalid3)8(5  )()0)  (10()(  4)9(6-1               )()1)
 (11()(12               5)10(70                )()2)4                (12()(12               6)11(81               -1              )()3)invalid
(13()( 9               7)12(9 0               )()4) 1               (14()( 9               8)13(10 1               )()5) invalid(15()(  9)14(11  )
)6)  (
()(-1               1015Package thermal spec power: (12
 ))07)13               (
 Watt; )(0                11
Package minimum power: (135                )0Package thermal spec power: 8)13               ( Watt; 0)(1               -1              12Package maximum power:  Watt; (14invalid
)0Package minimum power: 9) 10              ( Watt;
0)( 0               13 Watt; (15 2               )Package maximum power: 10) 10              (0)
Tile / L2$  1               14 Watt;
(( invalid)110  ())  15((  )121-1               
))
 
((14               13Package thermal spec power: 20                )0)6                ( Watt; (14               14Package minimum power: 31               -1              )0)invalid
( Watt; ( 11              15Package maximum power: 4 0               )0) 3               
Tile / L2$  Watt;
( 11              (
5 1               0) invalid)(  (6  1Can't open MCFG table. Check permission of )  )
/sys/firmware/acpi/tables/MCFG(-1               (
7
 2Can't open MCFG table. Check permission of )15               )/sys/firmware/acpi/tables/MCFG1(Can't open MCFG table. Check permission of 0                (
8/sys/firmware/acpi/tables/MCFG7                3Can't open MCFG table. Check permission of )
15               )/pcm/sys/firmware/acpi/tables/MCFG(Can't open MCFG table. Check permission of 1               -1              (
9/sys/firmware/acpi/tables/MCFG1invalid
4Can't open MCFG table. Check permission of )
 12              )/pcm/sys/firmware/acpi/tables/MCFG1(Can't open MCFG table. Check permission of  0               (
10/pcm/sys/firmware/acpi/tables/MCFG 4               
5)
 12              )(Can't open MCFG table. Check permission of  1               (11/pcm/sys/firmware/acpi/tables/MCFG1 invalidCan't open MCFG table. Check permission of 6)
WARNING: enumeration of devices in UncorePMUDiscovery failed
  /sys/firmware/acpi/tables/MCFG)(  
(12  Can't open MCFG table. Check permission of 7WARNING: enumeration of devices in UncorePMUDiscovery failed
)-1               /sys/firmware/acpi/tables/MCFG1)(
 
(13=====  Placement on packages  =====
 Can't open MCFG table. Check permission of 8)Package Id.    Core Id.     Processors
 /pcm/sys/firmware/acpi/tables/MCFG)(0               
(140 Can't open MCFG table. Check permission of 9),-1              /pcm/sys/firmware/acpi/tables/MCFG1)(1

(15,13              10)20               )
,5               (
3WARNING: enumeration of devices in UncorePMUDiscovery failed
13              11,Package thermal spec power: 1               )40invalid(, Watt;  125Package minimum power:  ),0 (6 Watt;  13,Package maximum power:  )70 (
 Watt;
 141               )0 (,-1              151
),14              
20               
,6               3Package thermal spec power: 14              ,01               4 Watt; invalid,Package minimum power:  50 , Watt;  6Package maximum power:  ,0 7 Watt;
 
 
=====  Core/Tile sharing  =====
 Level      Processors
Core        (-1              0
)15              (0               17               )15              (1               2invalid) ( 3 ) ( 4 ) ( 5 )-1              (
6=====  Placement on packages  =====
)Package Id.    Core Id.     Processors
(0              70),(18,)2(,9
3),(410,)5(,116),(712
)1              (Can't open MCFG table. Check permission of 013/sys/firmware/acpi/tables/MCFG,)
1(Can't open MCFG table. Check permission of ,14/sys/firmware/acpi/tables/MCFG12)
,(
Can't open MCFG table. Check permission of 315/pcm/sys/firmware/acpi/tables/MCFG,)
4
Tile / L2$ Can't open MCFG table. Check permission of ,(/pcm/sys/firmware/acpi/tables/MCFG150
,)Can't open MCFG table. Check permission of 6(/sys/firmware/acpi/tables/MCFG,1
7)Can't open MCFG table. Check permission of 
(/sys/firmware/acpi/tables/MCFG1WARNING: enumeration of devices in UncorePMUDiscovery failed

=====  Core/Tile sharing  =====
2
Level      Processors
Core       )Can't open MCFG table. Check permission of ((/pcm/sys/firmware/acpi/tables/MCFG03
))Can't open MCFG table. Check permission of ((/pcm/sys/firmware/acpi/tables/MCFG114
))((25))((36))((4WARNING: enumeration of devices in UncorePMUDiscovery failed
7))((58))((69))((710))((811))((912))((1013))((1114))((1215))(
13
)(14Package thermal spec power: )0( Watt; 15Package minimum power: )0
Tile / L2$  Watt; (Package maximum power: 00) Watt;
(1)(2)(3)(4)(5)(6)(7)(8)(9)(10)(11)(12)(13)(14)(15)

Package thermal spec power: 0 Watt; Package minimum power: 0 Watt; Package maximum power: 0 Watt;

Can't open MCFG table. Check permission of /sys/firmware/acpi/tables/MCFG
Can't open MCFG table. Check permission of /sys/firmware/acpi/tables/MCFG1
Can't open MCFG table. Check permission of /pcm/sys/firmware/acpi/tables/MCFG
Can't open MCFG table. Check permission of /pcm/sys/firmware/acpi/tables/MCFG1
WARNING: enumeration of devices in UncorePMUDiscovery failed

Can't open MCFG table. Check permission of /sys/firmware/acpi/tables/MCFG
Can't open MCFG table. Check permission of /sys/firmware/acpi/tables/MCFG1
Can't open MCFG table. Check permission of /pcm/sys/firmware/acpi/tables/MCFG
Can't open MCFG table. Check permission of /pcm/sys/firmware/acpi/tables/MCFG1
WARNING: enumeration of devices in UncorePMUDiscovery failed
INFO: Linux perf interface to program uncore PMUs is present
INFO: Linux perf interface to program uncore PMUs is INFO: using Linux perf interface to program uncore PMUs because env variable PCM_USE_UNCORE_PERF=1
present
INFO: Secure Boot detected. Using Linux perf for uncore PMU programming.
INFO: using Linux perf interface to program uncore PMUs because env variable PCM_USE_UNCORE_PERF=1
INFO: Secure Boot detected. Using Linux perf for uncore PMU programming.
INFO: Linux perf interface to program uncore PMUs is present
INFO: using Linux perf interface to program uncore PMUs because env variable PCM_USE_UNCORE_PERF=1
INFO: Secure Boot detected. Using Linux perf for uncore PMU programming.
INFO: Linux perf interface to program uncore PMUs is present
INFO: using Linux perf interface to program uncore PMUs because env variable PCM_USE_UNCORE_PERF=1
INFO: Secure Boot detected. Using Linux perf for uncore PMU programming.
INFO: Linux perf interface to program uncore PMUs is present
INFO: using Linux perf interface to program uncore PMUs because env variable PCM_USE_UNCORE_PERF=1
INFO: Secure Boot detected. Using Linux perf for uncore PMU programming.
INFO: Linux perf interface to program uncore PMUs is present
INFO: using Linux perf interface to program uncore PMUs because env variable PCM_USE_UNCORE_PERF=1
INFO: Secure Boot detected. Using Linux perf for uncore PMU programming.
INFO: Linux perf interface to program uncore PMUs is present
INFO: using Linux perf interface to program uncore PMUs because env variable PCM_USE_UNCORE_PERF=1
INFO: Secure Boot detected. Using Linux perf for uncore PMU programming.
Socket 0Socket : 20Socket  memory controllers detected with total number of : 6Socket 02 channels. Socket : 0 memory controllers detected with total number of 202: 6 :  memory controllers detected with total number of 2 channels. UPI26 memory controllers detected with total number of 2 ports detected. memory controllers detected with total number of  channels. 6  62 channels. UPI2 channels.  2 ports detected. M2M (mesh to memory) blocks detected. 2UPI  0  ports detected.UPI2 Home Agents detected. UPI  ports detected. M2M (mesh to memory) blocks detected. 2 ports detected.2 0 M3UPI blocks detected.
  M2M (mesh to memory) blocks detected. 2 Home Agents detected. 20 M2M (mesh to memory) blocks detected. 2 M2M (mesh to memory) blocks detected.  Home Agents detected. 0 M3UPI blocks detected.
02 Home Agents detected.  Home Agents detected.  M3UPI blocks detected.
22 M3UPI blocks detected.
 M3UPI blocks detected.
Socket 0: 2 memory controllers detected with total number of 6 channels. 2 UPI ports detected. 2 M2M (mesh to memory) blocks detected. 0 Home Agents detected. 2 M3UPI blocks detected.
Socket 0: 2 memory controllers detected with total number of 6 channels. 2 UPI ports detected. 2 M2M (mesh to memory) blocks detected. 0 Home Agents detected. 2 M3UPI blocks detected.
Number of physical cores: 16
Number of logical cores: 16
Number of online logical cores: 16
Threads (logical cores) per physical core: 1
Num sockets: 2
Physical cores per socket: 8
Last level cache slices per socket: 0
Core PMU (perfmon) version: 4
Number of core PMU generic (programmable) counters: 8
Width of generic (programmable) counters: 48 bits
Number of core PMU fixed counters: 3
Width of fixed counters: 48 bits
Nominal core frequency: 2100000000 Hz
IBRS enabled in the kernel   : no
STIBP enabled in the kernel  : no
The processor is not susceptible to Rogue Data Cache Load: no
The processor supports enhanced IBRS                     : no

=====  Processor topology  =====
OS_Processor    Thread_Id       Core_Id         Tile_Id         Package_Id      Core_Type   Native_CPU_Model
0               0               0               0               0               invalid         -1              
1               0               1               1               0               invalid         -1              
2               0               2               2               0               invalid         -1              
3               0               3               3               0               invalid         -1              
4               0               4               4               0               invalid         -1              
5               0               5               5               0               invalid         -1              
6               0               6               6               0               invalid         -1              
7               0               7               7               0               invalid         -1              
8               0               0               8               1               invalid         -1              
9               0               1               9               1               invalid         -1              
10              0               2               10              1               invalid         -1              
11              0               3               11              1               invalid         -1              
12              0               4               12              1               invalid         -1              
13              0               5               13              1               invalid         -1              
14              0               6               14              1               invalid         -1              
15              0               7               15              1               invalid         -1              
=====  Placement on packages  =====
Package Id.    Core Id.     Processors
0              0,1,2,3,4,5,6,7
1              0,1,2,3,4,5,6,7

=====  Core/Tile sharing  =====
Level      Processors
Core       (0)(1)(2)(3)(4)(5)(6)(7)(8)(9)(10)(11)(12)(13)(14)(15)
Tile / L2$ (0)(1)(2)(3)(4)(5)(6)(7)(8)(9)(10)(11)(12)(13)(14)(15)

Package thermal spec power: 0 Watt; Package minimum power: 0 Watt; Package maximum power: 0 Watt;

Can't open MCFG table. Check permission of /sys/firmware/acpi/tables/MCFG
Can't open MCFG table. Check permission of /sys/firmware/acpi/tables/MCFG1
Can't open MCFG table. Check permission of /pcm/sys/firmware/acpi/tables/MCFG
Can't open MCFG table. Check permission of /pcm/sys/firmware/acpi/tables/MCFG1
WARNING: enumeration of devices in UncorePMUDiscovery failed
INFO: Linux perf interface to program uncore PMUs is present
INFO: using Linux perf interface to program uncore PMUs because env variable PCM_USE_UNCORE_PERF=1
INFO: Secure Boot detected. Using Linux perf for uncore PMU programming.
Socket 1: 2 memory controllers detected with total number of 6 channels. 2 UPI ports detected. 2 M2M (mesh to memory) blocks detected. 0 Home Agents detected. 2 M3UPI blocks detected.
Socket 1: Socket 21 memory controllers detected with total number of : 62 channels.  memory controllers detected with total number of 26  channels. UPI2 ports detected.  UPI2 ports detected. M2M (mesh to memory) blocks detected.  02 Home Agents detected.  M2M (mesh to memory) blocks detected. 20 M3UPI blocks detected.
 Home Agents detected. 2 M3UPI blocks detected.
Socket 1: 2 memory controllers detected with total number of 6 channels. 2 UPI ports detected. 2 M2M (mesh to memory) blocks detected. 0 Home Agents detected. 2 M3UPI blocks detected.
Socket 1: 2 memory controllers detected with total number of 6 channels. 2 UPI ports detected. 2 M2M (mesh to memory) blocks detected. 0 Home Agents detected. 2 M3UPI blocks detected.
Socket 1: 2 memory controllers detected with total number of 6 channels. 2 UPI ports detected. 2 M2M (mesh to memory) blocks detected. 0 Home Agents detected. 2 M3UPI blocks detected.
Socket 1: 2 memory controllers detected with total number of 6 channels. 2 UPI ports detected. 2 M2M (mesh to memory) blocks detected. 0 Home Agents detected. 2 M3UPI blocks detected.
Socket 0: 2 memory controllers detected with total number of 6 channels. 2 UPI ports detected. 2 M2M (mesh to memory) blocks detected. 0 Home Agents detected. 2 M3UPI blocks detected.
Socket 1: 2 memory controllers detected with total number of 6 channels. 2 UPI ports detected. 2 M2M (mesh to memory) blocks detected. 0 Home Agents detected. 2 M3UPI blocks detected.
INFO: using Linux resctrl driver for RDT metrics (L3OCC, LMB, RMB) because environment variable PCM_USE_RESCTRL=1
ERROR: /sys/fs/resctrl is not mounted
ERROR: RDT metrics (L3OCC,LMB,RMB) will not be available
Mount it to make it work: mount -t resctrl resctrl /sys/fs/resctrl

 Closed perf event handles
Trying to use Linux perf events...
INFO: using Linux resctrl driver for RDT metrics (L3OCC, LMB, RMB) because environment variable PCM_USE_RESCTRL=1
ERROR: /sys/fs/resctrl is not mounted
ERROR: RDT metrics (L3OCC,LMB,RMB) will not be available
Mount it to make it work: mount -t resctrl resctrl /sys/fs/resctrl
INFO: using Linux resctrl driver for RDT metrics (L3OCC, LMB, RMB) because environment variable PCM_USE_RESCTRL=1
ERROR: /sys/fs/resctrl is not mounted
ERROR: RDT metrics (L3OCC,LMB,RMB) will not be available
Mount it to make it work: mount -t resctrl resctrl /sys/fs/resctrl
INFO: using Linux resctrl driver for RDT metrics (L3OCC, LMB, RMB) because environment variable PCM_USE_RESCTRL=1
ERROR: /sys/fs/resctrl is not mounted
ERROR: RDT metrics (L3OCC,LMB,RMB) will not be available
Mount it to make it work: mount -t resctrl resctrl /sys/fs/resctrl
INFO: using Linux resctrl driver for RDT metrics (L3OCC, LMB, RMB) because environment variable PCM_USE_RESCTRL=1
ERROR: /sys/fs/resctrl is not mounted
ERROR: RDT metrics (L3OCC,LMB,RMB) will not be available
Mount it to make it work: mount -t resctrl resctrl /sys/fs/resctrl
INFO: using Linux resctrl driver for RDT metrics (L3OCC, LMB, RMB) because environment variable PCM_USE_RESCTRL=1
ERROR: /sys/fs/resctrl is not mounted
ERROR: RDT metrics (L3OCC,LMB,RMB) will not be available
Mount it to make it work: mount -t resctrl resctrl /sys/fs/resctrl
INFO: using Linux resctrl driver for RDT metrics (L3OCC, LMB, RMB) because environment variable PCM_USE_RESCTRL=1
ERROR: /sys/fs/resctrl is not mounted
ERROR: RDT metrics (L3OCC,LMB,RMB) will not be available
Mount it to make it work: mount -t resctrl resctrl /sys/fs/resctrl
Successfully programmed on-core PMU using Linux perf
INFO: using Linux resctrl driver for RDT metrics (L3OCC, LMB, RMB) because environment variable PCM_USE_RESCTRL=1
ERROR: /sys/fs/resctrl is not mounted
ERROR: RDT metrics (L3OCC,LMB,RMB) will not be available
Mount it to make it work: mount -t resctrl resctrl /sys/fs/resctrl



 Closed perf event handles
Trying to use Linux perf events...
 Closed perf event handles
Trying to use Linux perf events...
 Closed perf event handles
Trying to use Linux perf events...



 Closed perf event handles
Trying to use Linux perf events...
 Closed perf event handles
Trying to use Linux perf events...
 Closed perf event handles
Trying to use Linux perf events...
Successfully programmed on-core PMU using Linux perf
Successfully programmed on-core PMU using Linux perf

 Closed perf event handles
Trying to use Linux perf events...
Successfully programmed on-core PMU using Linux perf
Successfully programmed on-core PMU using Linux perf
Successfully programmed on-core PMU using Linux perf
Successfully programmed on-core PMU using Linux perf
Successfully programmed on-core PMU using Linux perf
Socket 0
Max UPI link 0 speed: 1.3 GBytes/second (0.6 GT/second)
Max UPI link 1 speed: 1.3 GBytes/second (0.6 GT/second)
Socket 1
Max UPI link 0 speed: 1.2 GBytes/second (0.5 GT/second)
Max UPI link 1 speed: 1.2 GBytes/second (0.5 GT/second)

Detected Intel(R) Xeon(R) Silver 4208 CPU @ 2.10GHz "Intel(r) microarchitecture codename Cascade Lake-SP" stepping 7

Executing "./VE/ior-main/src/ior" command:
Socket 0
Max UPI link 0 speed: 1.6 GBytes/second (0.7 GT/second)
Max UPI link 1 speed: 1.6 GBytes/second (0.7 GT/second)
Socket 1
Max UPI link 0 speed: 1.2 GBytes/second (0.5 GT/second)
Max UPI link 1 speed: 1.2 GBytes/second (0.5 GT/second)

Detected Intel(R) Xeon(R) Silver 4208 CPU @ 2.10GHz "Intel(r) microarchitecture codename Cascade Lake-SP" stepping 7

Executing "./VE/ior-main/src/ior" command:
Socket 0
Max UPI link 0 speed: 1.0 GBytes/second (0.5 GT/second)
Max UPI link 1 speed: 1.0 GBytes/second (0.5 GT/second)
Socket 1
Max UPI link 0 speed: 1.5 GBytes/second (0.7 GT/second)
Max UPI link 1 speed: 1.5 GBytes/second (0.7 GT/second)

Detected Intel(R) Xeon(R) Silver 4208 CPU @ 2.10GHz "Intel(r) microarchitecture codename Cascade Lake-SP" stepping 7

Executing "./VE/ior-main/src/ior" command:
Socket 0
Max UPI link 0 speed: 1.3 GBytes/second (0.6 GT/second)
Max UPI link 1 speed: 1.3 GBytes/second (0.6 GT/second)
Socket 1
Max UPI link 0 speed: 1.4 GBytes/second (0.6 GT/second)
Max UPI link 1 speed: 1.4 GBytes/second (0.6 GT/second)

Detected Intel(R) Xeon(R) Silver 4208 CPU @ 2.10GHz "Intel(r) microarchitecture codename Cascade Lake-SP" stepping 7

Executing "./VE/ior-main/src/ior" command:
Socket 0
Max UPI link 0 speed: 1.5 GBytes/second (0.7 GT/second)
Max UPI link 1 speed: 1.5 GBytes/second (0.7 GT/second)
Socket 1
Max UPI link 0 speed: 1.2 GBytes/second (0.5 GT/second)
Max UPI link 1 speed: 1.2 GBytes/second (0.5 GT/second)

Detected Intel(R) Xeon(R) Silver 4208 CPU @ 2.10GHz "Intel(r) microarchitecture codename Cascade Lake-SP" stepping 7

Executing "./VE/ior-main/src/ior" command:
Socket 0
Max UPI link 0 speed: 1.2 GBytes/second (0.6 GT/second)
Max UPI link 1 speed: 1.2 GBytes/second (0.6 GT/second)
Socket 1
Max UPI link 0 speed: 1.6 GBytes/second (0.7 GT/second)
Max UPI link 1 speed: 1.6 GBytes/second (0.7 GT/second)

Detected Intel(R) Xeon(R) Silver 4208 CPU @ 2.10GHz "Intel(r) microarchitecture codename Cascade Lake-SP" stepping 7

Executing "./VE/ior-main/src/ior" command:
Socket 0
Max UPI link 0 speed: 1.4 GBytes/second (0.6 GT/second)
Max UPI link 1 speed: 1.4 GBytes/second (0.6 GT/second)
Socket 1
Max UPI link 0 speed: 1.5 GBytes/second (0.7 GT/second)
Max UPI link 1 speed: 1.5 GBytes/second (0.7 GT/second)

Detected Intel(R) Xeon(R) Silver 4208 CPU @ 2.10GHz "Intel(r) microarchitecture codename Cascade Lake-SP" stepping 7

Executing "./VE/ior-main/src/ior" command:
Socket 0
Max UPI link 0 speed: 1.6 GBytes/second (0.7 GT/second)
Max UPI link 1 speed: 1.6 GBytes/second (0.7 GT/second)
Socket 1
Max UPI link 0 speed: 1.5 GBytes/second (0.7 GT/second)
Max UPI link 1 speed: 1.5 GBytes/second (0.7 GT/second)

Detected Intel(R) Xeon(R) Silver 4208 CPU @ 2.10GHz "Intel(r) microarchitecture codename Cascade Lake-SP" stepping 7

Executing "./VE/ior-main/src/ior" command:
IOR-4.1.0+dev: MPI Coordinated Test of Parallel I/O
Began               : Thu Mar 21 17:58:28 2024
Command line        : ./VE/ior-main/src/ior -t 1m -b 8m -s 8 -o hpl_test -F
Machine             : Linux muffin
TestID              : 0
StartTime           : Thu Mar 21 17:58:28 2024
Path                : hpl_test.00000000
FS                  : 79.0 TiB   Used FS: 12.7%   Inodes: 16179.2 Mi   Used Inodes: 0.2%

Options: 
api                 : POSIX
apiVersion          : 
test filename       : hpl_test
access              : file-per-process
type                : independent
segments            : 8
ordering in a file  : sequential
ordering inter file : no tasks offsets
nodes               : 1
tasks               : 8
clients per node    : 8
memoryBuffer        : CPU
dataAccess          : CPU
GPUDirect           : 0
repetitions         : 1
xfersize            : 1 MiB
blocksize           : 8 MiB
aggregate filesize  : 512 MiB

Results: 

access    bw(MiB/s)  IOPS       Latency(s)  block(KiB) xfer(KiB)  open(s)    wr/rd(s)   close(s)   total(s)   iter
------    ---------  ----       ----------  ---------- ---------  --------   --------   --------   --------   ----
write     7.12       40.13      0.006236    8192       1024.00    14.22      12.76      70.33      71.90      0   
read      318.64     8493       0.006041    8192       1024.00    0.716469   0.060287   0.860779   1.61       0   

Summary of all tests:
Operation   Max(MiB)   Min(MiB)  Mean(MiB)     StdDev   Max(OPs)   Min(OPs)  Mean(OPs)     StdDev    Mean(s) Stonewall(s) Stonewall(MiB) Test# #Tasks tPN reps fPP reord reordoff reordrand seed segcnt   blksiz    xsize aggs(MiB)   API RefNum
write           7.12       7.12       7.12       0.00       7.12       7.12       7.12       0.00   71.89788         NA            NA     0      8   8    1   1     0        1         0    0      8  8388608  1048576     512.0 POSIX      0
read          318.64     318.64     318.64       0.00     318.64     318.64     318.64       0.00    1.60683         NA            NA     0      8   8    1   1     0        1         0    0      8  8388608  1048576     512.0 POSIX      0
Finished            : Thu Mar 21 18:00:01 2024
DEBUG: caught signal to interrupt (Child exited).
Cleaning up
 Closed perf event handles
DEBUG: caught signal to interrupt (Child exited).
Cleaning up
 Closed perf event handles
DEBUG: caught signal to interrupt (Child exited).
Cleaning up
DEBUG: caught signal to interrupt (Child exited).
Cleaning up
 Closed perf event handles
 Closed perf event handles
DEBUG: caught signal to interrupt (Child exited).
Cleaning up
 Closed perf event handles
DEBUG: caught signal to interrupt (Child exited).
Cleaning up
DEBUG: caught signal to interrupt (Child exited).
Cleaning up
 Closed perf event handles
 Closed perf event handles
DEBUG: caught signal to interrupt (Child exited).
Cleaning up
 Closed perf event handles
 Zeroed uncore PMU registers
 Zeroed uncore PMU registers
 Zeroed uncore PMU registers
 Zeroed uncore PMU registers
 Zeroed uncore PMU registers
 Zeroed uncore PMU registers
 Zeroed uncore PMU registers
 Zeroed uncore PMU registers
	Command being timed: "/opt/nec/ve/bin/mpirun -n 8 /usr/sbin/pcm 0.1 -csv=./output/1/ve_IOR_VE_1.csv -- ./VE/ior-main/src/ior -t 1m -b 8m -s 8 -o hpl_test -F"
	User time (seconds): 5.31
	System time (seconds): 3.14
	Percent of CPU this job got: 6%
	Elapsed (wall clock) time (h:mm:ss or m:ss): 2:01.82
	Average shared text size (kbytes): 0
	Average unshared data size (kbytes): 0
	Average stack size (kbytes): 0
	Average total size (kbytes): 0
	Maximum resident set size (kbytes): 141612
	Average resident set size (kbytes): 0
	Major (requiring I/O) page faults: 2
	Minor (reclaiming a frame) page faults: 6353
	Voluntary context switches: 142994
	Involuntary context switches: 11076
	Swaps: 0
	File system inputs: 0
	File system outputs: 6424
	Socket messages sent: 0
	Socket messages received: 0
	Signals delivered: 0
	Page size (bytes): 4096
	Exit status: 0

 Intel(r) Performance Counter Monitor (2022-11-24 10:18:12 +0100 ID=1b16bb4e)


PCM Info: setrlimit for file limit 1000000 failed with error Operation not permitted

 Intel(r) Performance Counter Monitor (2022-11-24 10:18:12 +0100 ID=1b16bb4e)



=====  Processor information  =====
PCM Info: setrlimit for file limit 1000000 failed with error Operation not permitted

=====  Processor information  =====

 Intel(r) Performance Counter Monitor (2022-11-24 10:18:12 +0100 ID=1b16bb4e)


PCM Info: setrlimit for file limit 1000000 failed with error Operation not permitted

=====  Processor information  =====
Linux arch_perfmon flag  : yes
Hybrid processor         : no
IBRS and IBPB supported  : yes
STIBP supported          : yes
Spec arch caps supported : yes
Max CPUID level          : 22
CPU model number         : 85

 Intel(r) Performance Counter Monitor (2022-11-24 10:18:12 +0100 ID=1b16bb4e)


PCM Info: setrlimit for file limit 1000000 failed with error Operation not permitted

=====  Processor information  =====
Linux arch_perfmon flag  : yes
Hybrid processor         : no
IBRS and IBPB supported  : yes
STIBP supported          : yes
Spec arch caps supported : yes
Max CPUID level          : 22
CPU model number         : 85

 Intel(r) Performance Counter Monitor (2022-11-24 10:18:12 +0100 ID=1b16bb4e)


PCM Info: setrlimit for file limit 1000000 failed with error Operation not permitted

=====  Processor information  =====
Linux arch_perfmon flag  : yes
Hybrid processor         : no
IBRS and IBPB supported  : yes
STIBP supported          : yes
Spec arch caps supported : yes
Max CPUID level          : 22
CPU model number         : 85

 Intel(r) Performance Counter Monitor (2022-11-24 10:18:12 +0100 ID=1b16bb4e)


PCM Info: setrlimit for file limit 1000000 failed with error Operation not permitted

=====  Processor information  =====
Linux arch_perfmon flag  : yes
Hybrid processor         : no
IBRS and IBPB supported  : yes
STIBP supported          : yes
Spec arch caps supported : yes
Max CPUID level          : 22
CPU model number         : 85

 Intel(r) Performance Counter Monitor (2022-11-24 10:18:12 +0100 ID=1b16bb4e)


PCM Info: setrlimit for file limit 1000000 failed with error Operation not permitted

=====  Processor information  =====

 Intel(r) Performance Counter Monitor (2022-11-24 10:18:12 +0100 ID=1b16bb4e)


PCM Info: setrlimit for file limit 1000000 failed with error Operation not permitted
Linux arch_perfmon flag  : yes
Hybrid processor         : no
IBRS and IBPB supported  : yes
=====  Processor information  =====

STIBP supported          : yes
Spec arch caps supported : yes
Max CPUID level          : 22
CPU model number         : Linux arch_perfmon flag  : 85yes

Hybrid processor         : no
IBRS and IBPB supported  : yes
STIBP supported          : yes
Spec arch caps supported : yes
Max CPUID level          : 22
CPU model number         : 85
Number of physical cores: 16
Number of logical cores: 16
Number of online logical cores: 16
Threads (logical cores) per physical core: 1
Num sockets: 2
Physical cores per socket: 8
Last level cache slices per socket: 0
Core PMU (perfmon) version: 4
Number of core PMU generic (programmable) counters: 8
Width of generic (programmable) counters: 48 bits
Number of core PMU fixed counters: 3
Width of fixed counters: 48 bits
Nominal core frequency: 2100000000Number of physical cores:  Hz
IBRS enabled in the kernel   : 16no

Number of logical cores: STIBP enabled in the kernel  : 16no

Number of online logical cores: The processor is not susceptible to Rogue Data Cache Load: 16no

Threads (logical cores) per physical core: The processor supports enhanced IBRS                     : 1no

Num sockets: 
=====  Processor topology  =====
2OS_Processor    Thread_Id       Core_Id         Tile_Id         Package_Id      Core_Type   Native_CPU_Model

0               Physical cores per socket: 0               80               
0               Last level cache slices per socket: 0               0invalid
 Core PMU (perfmon) version:  4 
 Number of core PMU generic (programmable) counters:  8 
 Width of generic (programmable) counters:  48  bits
-1              Number of core PMU fixed counters: 
3
1               Width of fixed counters: 0               481                bits
1               Nominal core frequency: 0               2100000000invalid Hz
 IBRS enabled in the kernel   :  no 
 STIBP enabled in the kernel  :  no 
 The processor is not susceptible to Rogue Data Cache Load:  no 
-1              The processor supports enhanced IBRS                     : 
no2               
0               
=====  Processor topology  =====
2               OS_Processor    Thread_Id       Core_Id         Tile_Id         Package_Id      Core_Type   Native_CPU_Model
2               0               0               0               invalid0                0                0                invalid            -1               
 3                0               -1              3               
3               0               1               invalid0                1                1                0                invalid          -1               
 4                0                4               -1              4               
0               2               invalid0                2                2                0                invalid          -1               
 5                0                5               -1              5               
0               3               invalid0                3                3                0                Number of physical cores: Number of physical cores: 1616Number of physical cores: 

Number of logical cores: Number of physical cores: Number of logical cores: 1616invalid1616Linux arch_perfmon flag  : 


 
Number of logical cores: Number of online logical cores: yesNumber of online logical cores:  Number of logical cores: 1616
16 16

Hybrid processor         : 
 
Number of online logical cores: Threads (logical cores) per physical core: noThreads (logical cores) per physical core:  Number of online logical cores: 161
1 16

IBRS and IBPB supported  : 
 
Threads (logical cores) per physical core: Threads (logical cores) per physical core: 1
Num sockets: 2
Physical cores per socket: 8
Last level cache slices per socket: 0
Core PMU (perfmon) version: 4
Number of core PMU generic (programmable) counters: 8
Width of generic (programmable) counters: 48 bits
Number of core PMU fixed counters: 3
Width of fixed counters: 48 bits
Nominal core frequency: 2100000000 Hz
IBRS enabled in the kernel   : no
STIBP enabled in the kernel  : no
The processor is not susceptible to Rogue Data Cache Load: no
The processor supports enhanced IBRS                     : no

=====  Processor topology  =====
OS_Processor    Thread_Id       Core_Id         Tile_Id         Package_Id      Core_Type   Native_CPU_Model
0               0               0               0               0               invalid         -1              
1               0               1               1               0               invalid         -1              
2               0               2               2               0               invalid         -1              
3               0               3               3               0               invalid         -1              
4               0               4               4               0               invalid         -1              
5               0               5               5               0               invalid         -1              
6               0               6               6               0               invalid         -1              
7               0               7               7               0               invalid         -1              
8               0               0               8               1               invalid         -1              
9               0               1               9               1               invalid         -1              
10              0               2               10              1               invalid         -1              
11              0               3               11              1               invalid         -1              
12              0               4               12              1               invalid         -1              
13              0               5               13              1               invalid         -1              
14              0               6               14              1               invalid         -1              
15              0               7               15              1               invalid         -1              
=====  Placement on packages  =====
Package Id.    Core Id.     Processors
0              0,1,2,3,4,5,6,7
1              0,1,2,3,4,5,6,7

=====  Core/Tile sharing  =====
Level      Processors
Core       (0)(1)(2)(3)(4)(5)(6)(7)(8)(9)(10)(11)(12)(13)(14)(15)
Tile / L2$ (0)(1)(2)(3)(4)(5)(6)(7)(8)(9)(10)(11)(12)(Linux arch_perfmon flag  : yes
Hybrid processor         : no
IBRS and IBPB supported  : yes
STIBP supported          : yes
Spec arch caps supported : yes
Max CPUID level          : 22
CPU model number         : 85
Num sockets: yesNum sockets:  113)(142
2 
)(15)

STIBP supported          : 
Num sockets: -1              
yesPhysical cores per socket: 2

Package thermal spec power: 0     -1              
6               0               6               6               0               invalid         -1              
7               0               7               7               0               invalid         -1              
8               0               0               8               1               invalid         -1              
9               0               1               9               1               invalid         -1              
10              0               2               10              1               invalid         -1              
11              0               3               11              1               invalid         -1              
12              0               4               12              1               invalid         -1              
13              0               5               13              1               invalid         -1              
14              0               Physical cores per socket: 6               14              81               

invalidLast level cache slices per socket: Spec arch caps supported : 8Physical cores per socket: 4                08yes 
0               
Last level cache slices per socket: 0
Core PMU (perfmon) version: 4
Number of core PMU generic (programmable) counters: 8
Width of generic (programmable) counters: 48 bits
Number of core PMU fixed counters: 3
Width of fixed counters: 48 bits
Nominal core frequency: 2100000000 Hz
IBRS enabled in the kernel   : no
STIBP enabled in the kernel  : no
The processor is not susceptible to Rogue Data Cache Load: no
The processor supports enhanced IBRS                     : no

=====  Processor topology  =====
OS_Processor    Thread_Id       Core_Id         Tile_Id         Package_Id      Core_Type   Native_CPU_Model
0               0               0               0               0               invalid         -1              
1               0               1               1               0               invalid  

 Core PMU (perfmon) version: 4                    Last level cache slices per socket: Max CPUID level          :  44                 -1              
2               0               2               2               0               invalid         -1              
3               0               3               3               0               invalid         -1              
4               0               4               4               0               invalid         -1              
5               0               5               5               0               invalid         -1              
6               0               6               6               0               invalid       Watt; Package minimum power: 022 Watt; Package maximum power: 
 0CPU model number         :  Watt;

 850               Number of core PMU generic (programmable) counters:  
8invalid 
  Width of generic (programmable) counters:  48-1               0 bits

 Number of core PMU fixed counters: 
 15              3Core PMU (perfmon) version:  0               
4 7               Width of fixed counters: 
 15              48Number of core PMU generic (programmable) counters:  1                bits
8-1              invalidNominal core frequency: 

 2100000000Width of generic (programmable) counters:  5                Hz
48 0               IBRS enabled in the kernel   :  bits
 5               noNumber of core PMU fixed counters:  5               
3 0               
STIBP enabled in the kernel  : 
 invalidnoWidth of fixed counters:   
48 Can't open MCFG table. Check permission of  The processor is not susceptible to Rogue Data Cache Load:  bits
-1              /sys/firmware/acpi/tables/MCFG noNominal core frequency: 

 
2100000000=====  Placement on packages  =====
Can't open MCFG table. Check permission of  The processor supports enhanced IBRS                     :  Hz
Package Id.    Core Id.     Processors
/sys/firmware/acpi/tables/MCFG1 noIBRS enabled in the kernel   : 0              
 
no0Can't open MCFG table. Check permission of  
=====  Processor topology  =====

,/pcm/sys/firmware/acpi/tables/MCFG OS_Processor    Thread_Id       Core_Id         Tile_Id         Package_Id      Core_Type   Native_CPU_Model
STIBP enabled in the kernel  : 1
-1              0               no,Can't open MCFG table. Check permission of 
0               
2/pcm/sys/firmware/acpi/tables/MCFG16               0               The processor is not susceptible to Rogue Data Cache Load: ,
0               0               no36               0               
,6               invalidThe processor supports enhanced IBRS                     : 40                no,invalid WARNING: enumeration of devices in UncorePMUDiscovery failed
   
-1              
57               
=====  Processor topology  =====
, 0               OS_Processor    Thread_Id       Core_Id         Tile_Id         Package_Id      Core_Type   Native_CPU_Model
67                0               ,7                0               70                0               
invalid 0               1                0               0  invalid,   1    ,  -1              2  
,  37                 ,0               -1               47               
 ,7               8                50               0               -1              ,invalid0               
6 8               ,1                1               70                invalid
1                 
=====  Core/Tile sharing  =====
1                 Level      Processors
Core       0                 (invalid  0   )   (  -1              1  
)  8               ( -1              0               2 
0               ) 9               8               ( 0               1               3-1              1               invalid)
9                (2               1                40               invalid )2                 (2                 50                 )invalid  (   6   )  -1              (        
   -1                
9                 10              0               -1              -1              0               1               

2               9               3               10              1               1               0               1               0               invalid3               invalid1                3                1                0                0                invalid invalid                        -1               -1               
 
 10               11               0               -1              0               -1              2               
3               
10              4               11              2               1               0               1               0               invalid4               invalid2                4                2                0                0                invalid invalid                        -1               -1               
 
 11               12               0               -1              0               -1              3               
4               
11              5               12              3               1               0               1               0               invalid5               invalid3                5                3                0                0                invalid invalid                        -1               -1               
 
 12               13               0               -1              0               -1              4               
5               
12              6               13              4               1               0               1               0               invalid6               invalid4                6                4                0                0                invalid invalid                        -1               -1               
 
 13               14               0               -1              0               -1              5               
6               
13              7               14              5               1               0               1               0               invalid7               invalid5                7                5                0                0                invalid invalid                        -1               -1               
 
 14               15               0               -1              0               -1              6               
7               
14              8               15              6               1               0               1               0               invalid0               invalid6                8                6                1                0                invalid invalid                        -1               -1               
 
 15               =====  Placement on packages  =====
 0               -1              Package Id.    Core Id.     Processors
-1              7               
0              
15              9               07               1               0               ,0               invalid1               17                9               ,7                1               20                invalid,invalid  3   ,   4   ,   5   , -1               6 
 , =====  Placement on packages  =====
 7 Package Id.    Core Id.     Processors
-1              
-1              0              
1              
010              08               ,0               ,0               12               10               ,10              ,8               21               21               ,invalid,invalid3 3 , , 4 4 , , 5 5 , , 6 6 , , 7 7 
-1              
-1              1              

=====  Core/Tile sharing  =====

011              Level      Processors
Core       9               ,0               (0               13               01               ,11              )9               21               (1               ,invalid1invalid3 ) , ( 4 2 , ) 5 ( , 3 6 ) , ( 7 4 
-1              )-1              
=====  Core/Tile sharing  =====

(
Level      Processors
Core       12              510              (0               )0               04               (2               )12              610              (1               )1               1invalid(invalid) 7 ( ) 2 ( ) 8 ( ) 3 ( ) 9 ( ) 4 ( )-1              10-1              (
)
513              (11              )0               110               (5               )3               613              (11              )1               121               (invalid)invalid7 ( ) 13 ( ) 8 ( ) 14 ( ) 9 ( ) 15 ( ) 10-1              
Tile / L2$ -1              )
(
(14              012              110               )0               )6               (4               (14              112              121               )1               )invalid(invalid( 2 13 ) ) ( ( 3 14 ) ) ( ( 4 15 ) ) ( 
Tile / L2$ -1              5-1              (
)
015              (13              )0               60               (7               )5               115              (13              )1               71               (invalid)invalid2 ( ) 8 ( ) 3 ( ) 9 ( ) 4 ( ) 10 ( ) 5-1              (-1              )
11
(=====  Placement on packages  =====
)14              6Package Id.    Core Id.     Processors
(0               )0              126               (0)14              7,(1               )113invalid(,) 82( ),14 (3) 9,( )415 (,) 105
 ),
 (6-1              Package thermal spec power: 11,
0)715               Watt; (
0               Package minimum power: 121              7               0)015               Watt; (,1               Package maximum power: 131invalid0),  Watt;
(2 14, )3 (, 154 ), 
5 
, 6Package thermal spec power: -1              ,0
7 Watt; =====  Placement on packages  =====

Package minimum power: Package Id.    Core Id.     Processors

=====  Core/Tile sharing  =====
00              Level      Processors
Core        Watt; 0(Package maximum power: ,001) Watt;
,(21,)3(,24),(53,)6(,4
7)
(1              50),(1Can't open MCFG table. Check permission of 6,/sys/firmware/acpi/tables/MCFG)2
(,Can't open MCFG table. Check permission of 73/sys/firmware/acpi/tables/MCFG1),
(4Can't open MCFG table. Check permission of 8,/pcm/sys/firmware/acpi/tables/MCFG)5
(,Can't open MCFG table. Check permission of 96/pcm/sys/firmware/acpi/tables/MCFG1),
(
710
)
=====  Core/Tile sharing  =====
(Level      Processors
Core       11()Can't open MCFG table. Check permission of 0(/sys/firmware/acpi/tables/MCFG)WARNING: enumeration of devices in UncorePMUDiscovery failed
12
()Can't open MCFG table. Check permission of 1(/sys/firmware/acpi/tables/MCFG1)13
()Can't open MCFG table. Check permission of 2(/pcm/sys/firmware/acpi/tables/MCFG)14
()Can't open MCFG table. Check permission of 3(/pcm/sys/firmware/acpi/tables/MCFG1)15
()4
Tile / L2$ )((05))((16WARNING: enumeration of devices in UncorePMUDiscovery failed
))((27))((38))((49))((510))((611))((712))((813))((914))((1015))(
Tile / L2$ 11()0()12()1()13()2()14()3()15()4
)
(5Package thermal spec power: )0( Watt; 6Package minimum power: )0( Watt; 7Package maximum power: )0( Watt;
8)(9)(10)(11)(12)(13)(14)(15)

Package thermal spec power: 0 Watt; Package minimum power: 0 Watt; Package maximum power: 0 Watt;

Can't open MCFG table. Check permission of /sys/firmware/acpi/tables/MCFG
Can't open MCFG table. Check permission of /sys/firmware/acpi/tables/MCFG1
Can't open MCFG table. Check permission of /pcm/sys/firmware/acpi/tables/MCFG
Can't open MCFG table. Check permission of /pcm/sys/firmware/acpi/tables/MCFG1

WARNING: enumeration of devices in UncorePMUDiscovery failed
Can't open MCFG table. Check permission of /sys/firmware/acpi/tables/MCFG
Can't open MCFG table. Check permission of /sys/firmware/acpi/tables/MCFG1
Can't open MCFG table. Check permission of /pcm/sys/firmware/acpi/tables/MCFG
Can't open MCFG table. Check permission of /pcm/sys/firmware/acpi/tables/MCFG1
WARNING: enumeration of devices in UncorePMUDiscovery failed
INFO: Linux perf interface to program uncore PMUs is INFO: Linux perf interface to program uncore PMUs is present
7INFO: using Linux perf interface to program uncore PMUs because env variable PCM_USE_UNCORE_PERF=1
INFO: Secure Boot detected. Using Linux perf for uncore PMU programming.
INFO: Linux perf interface to program uncore PMUs is )present
INFO: Linux perf interface to program uncore PMUs is (INFO: using Linux perf interface to program uncore PMUs because env variable PCM_USE_UNCORE_PERF=1
present
INFO: Linux perf interface to program uncore PMUs is 8INFO: Secure Boot detected. Using Linux perf for uncore PMU programming.
INFO: using Linux perf interface to program uncore PMUs because env variable PCM_USE_UNCORE_PERF=1
)present
INFO: Secure Boot detected. Using Linux perf for uncore PMU programming.
(INFO: using Linux perf interface to program uncore PMUs because env variable PCM_USE_UNCORE_PERF=1
9INFO: Secure Boot detected. Using Linux perf for uncore PMU programming.
)(10)(11)(12)(13)(14)(15)
Tile / L2$ (0)(1)(2)(3)(4)(5)(6)(7)(8)(9)(10)(11)(12)(13)(14)(15)

Package thermal spec power: 0 Watt; Package minimum power: 0 Watt; Package maximum power: 0 Watt;

Can't open MCFG table. Check permission of present
INFO: using Linux perf interface to program uncore PMUs because env variable PCM_USE_UNCORE_PERF=1
INFO: Secure Boot detected. Using Linux perf for uncore PMU programming.
Socket Socket 00: : 22 memory controllers detected with total number of  memory controllers detected with total number of 66 channels. Socket  channels. 2Socket 02 0:  UPI: 2UPI ports detected.2 memory controllers detected with total number of  ports detected.  memory controllers detected with total number of 6 26 channels. 2 M2M (mesh to memory) blocks detected.  channels. 2 M2M (mesh to memory) blocks detected. 02 0 Home Agents detected.  UPI Home Agents detected. 2UPI ports detected.2 M3UPI blocks detected.
 ports detected.  M3UPI blocks detected.
 22 M2M (mesh to memory) blocks detected.  M2M (mesh to memory) blocks detected. 00 Home Agents detected.  Home Agents detected. 22 M3UPI blocks detected.
 M3UPI blocks detected.
Socket 0: 2 memory controllers detected with total number of 6 channels. 2 UPI ports detected. 2 M2M (mesh to memory) blocks detected. 0 Home Agents detected. 2 M3UPI blocks detected.
/sys/firmware/acpi/tables/MCFG
Can't open MCFG table. Check permission of /sys/firmware/acpi/tables/MCFG1
Can't open MCFG table. Check permission of /pcm/sys/firmware/acpi/tables/MCFG
Can't open MCFG table. Check permission of /pcm/sys/firmware/acpi/tables/MCFG1
WARNING: enumeration of devices in UncorePMUDiscovery failed
INFO: Linux perf interface to program uncore PMUs is present
INFO: using Linux perf interface to program uncore PMUs because env variable PCM_USE_UNCORE_PERF=1
INFO: Secure Boot detected. Using Linux perf for uncore PMU programming.
Socket 1Socket : 21Socket  memory controllers detected with total number of : Socket 1621:  channels.  memory controllers detected with total number of : 2262 memory controllers detected with total number of   channels.  memory controllers detected with total number of 6UPI26 channels.  ports detected.  channels. 2 UPI2 2 ports detected. UPI M2M (mesh to memory) blocks detected.  UPI ports detected.02 ports detected.  Home Agents detected.  M2M (mesh to memory) blocks detected.  2202 M2M (mesh to memory) blocks detected.  M3UPI blocks detected.
 Home Agents detected.  M2M (mesh to memory) blocks detected. 020 Home Agents detected.  M3UPI blocks detected.
 Home Agents detected. 22 M3UPI blocks detected.
 M3UPI blocks detected.
Socket 0: 2 memory controllers detected with total number of 6 channels. 2 UPI ports detected. 2 M2M (mesh to memory) blocks detected. 0 Home Agents detected. 2 M3UPI blocks detected.
Socket 1: 2 memory controllers detected with total number of 6 channels. 2 UPI ports detected. 2 M2M (mesh to memory) blocks detected. 0 Home Agents detected. 2 M3UPI blocks detected.
INFO: using Linux resctrl driver for RDT metrics (L3OCC, LMB, RMB) because environment variable PCM_USE_RESCTRL=1
ERROR: /sys/fs/resctrl is not mounted
ERROR: RDT metrics (L3OCC,LMB,RMB) will not be available
Mount it to make it work: mount -t resctrl resctrl /sys/fs/resctrl
INFO: using Linux resctrl driver for RDT metrics (L3OCC, LMB, RMB) because environment variable PCM_USE_RESCTRL=1
ERROR: /sys/fs/resctrl is not mounted
ERROR: RDT metrics (L3OCC,LMB,RMB) will not be available
Mount it to make it work: mount -t resctrl resctrl /sys/fs/resctrl
INFO: using Linux resctrl driver for RDT metrics (L3OCC, LMB, RMB) because environment variable PCM_USE_RESCTRL=1
ERROR: /sys/fs/resctrl is not mounted
ERROR: RDT metrics (L3OCC,LMB,RMB) will not be available
Mount it to make it work: mount -t resctrl resctrl /sys/fs/resctrl
INFO: using Linux resctrl driver for RDT metrics (L3OCC, LMB, RMB) because environment variable PCM_USE_RESCTRL=1
ERROR: /sys/fs/resctrl is not mounted
ERROR: RDT metrics (L3OCC,LMB,RMB) will not be available
Mount it to make it work: mount -t resctrl resctrl /sys/fs/resctrl



Socket 1 Closed perf event handles
:  Closed perf event handles
2 Closed perf event handles
Trying to use Linux perf events...
Trying to use Linux perf events...
 memory controllers detected with total number of Trying to use Linux perf events...
6 channels. 2 UPI ports detected. 2 M2M (mesh to memory) blocks detected. 0 Home Agents detected. 2 M3UPI blocks detected.

 Closed perf event handles
Trying to use Linux perf events...
INFO: using Linux resctrl driver for RDT metrics (L3OCC, LMB, RMB) because environment variable PCM_USE_RESCTRL=1
ERROR: /sys/fs/resctrl is not mounted
ERROR: RDT metrics (L3OCC,LMB,RMB) will not be available
Mount it to make it work: mount -t resctrl resctrl /sys/fs/resctrl

 Closed perf event handles
Trying to use Linux perf events...
INFO: using Linux resctrl driver for RDT metrics (L3OCC, LMB, RMB) because environment variable PCM_USE_RESCTRL=1
ERROR: /sys/fs/resctrl is not mounted
ERROR: RDT metrics (L3OCC,LMB,RMB) will not be available
Mount it to make it work: mount -t resctrl resctrl /sys/fs/resctrl
Successfully programmed on-core PMU using Linux perf

Successfully programmed on-core PMU using Linux perf
Successfully programmed on-core PMU using Linux perf
Number of physical cores: Successfully programmed on-core PMU using Linux perf
16
Successfully programmed on-core PMU using Linux perf
Number of logical cores: 16Number of physical cores: 
Number of online logical cores: 1616

Threads (logical cores) per physical core: Number of logical cores: 116

Num sockets: Number of online logical cores: 2
Physical cores per socket: 168

Last level cache slices per socket: Threads (logical cores) per physical core: 01

Core PMU (perfmon) version:  Closed perf event handles
Num sockets: 4Trying to use Linux perf events...
2

Number of core PMU generic (programmable) counters: Physical cores per socket: 88

Width of generic (programmable) counters: Last level cache slices per socket: 480 bits

Number of core PMU fixed counters: Core PMU (perfmon) version: 34
Width of fixed counters: 48
 bits
Number of core PMU generic (programmable) counters: Nominal core frequency: 8
Width of generic (programmable) counters: 210000000048 Hz
 bits
IBRS enabled in the kernel   : Number of core PMU fixed counters: no3

STIBP enabled in the kernel  : Width of fixed counters: no48
 bits
The processor is not susceptible to Rogue Data Cache Load: Nominal core frequency: no2100000000
 Hz
The processor supports enhanced IBRS                     : IBRS enabled in the kernel   : nono


=====  Processor topology  =====
STIBP enabled in the kernel  : OS_Processor    Thread_Id       Core_Id         Tile_Id         Package_Id      Core_Type   Native_CPU_Model
no0               
0               The processor is not susceptible to Rogue Data Cache Load: 0               no0               
0               The processor supports enhanced IBRS                     : invalidno 
 
=====  Processor topology  =====
 OS_Processor    Thread_Id       Core_Id         Tile_Id         Package_Id      Core_Type   Native_CPU_Model
 0                0                0                0                0                invalid-1               
  1                0                1                1                0                invalid  -1               
  1                0                1                1                0                invalid-1               
 2                0                2                2                0                invalid    -1               
 2                0                2                2                0                invalid-1               
 3                0                3                3                0                invalid    -1               
 3                0                3                3                0                invalid-1               
 4                0                4                4                0                invalid    -1               
 4                0                4                4                0                invalid-1               
 5                0                5                5                0                invalid    -1               
 5                0                5                5                0                invalid-1               
 6                0                6                6                0                invalid    -1               
 6                0                6                6                0                invalid-1               
 7                0                7                7                0                invalid    -1               
 7                0                7                7                0                invalid-1               
 8                0                0                8                1                invalid    -1               
 8                0                0                8                1                invalid-1               
 9                0                1                9                1                invalid    -1               
 9                0                1                9                1                invalid-1               
 10               0                2                10               1                invalid    -1               
 10               0                2                10               1                invalid-1               
 11               0                3                11               1                invalid    -1               
 11               0                3                11               1                invalid-1               
 12               0                4                12               1                invalid    -1               
 12               0                4                12               1                invalid-1               
 13               0                5                13               1                invalid    -1               
 13               0                5                13               1                invalid-1               
 14               0                6                14               1                invalid    -1               
 14               0                6                14               1                invalid-1               
 15               0                7                15               1                invalid    -1               
 15               0                7                15               1                invalid-1               
 =====  Placement on packages  =====
 Package Id.    Core Id.     Processors
 0               0 , 1 , 2-1              ,
3=====  Placement on packages  =====
,Package Id.    Core Id.     Processors
40              ,05,,16,,27,
31              ,04,,15,,26,,37,
41              ,05,,16,,27,
3
=====  Core/Tile sharing  =====
,Level      Processors
Core       4(,05),(61,)7(
2
=====  Core/Tile sharing  =====
)Level      Processors
Core       ((30))((41))((52))((63))((74))((85))((96))((107))((118))((129))((1310))((1411))((1512))
Tile / L2$ ((130))((141))((152))
Tile / L2$ ((30))((41))((52))((63))((74))((85))((96))((107))((118))((129))((1310))((1411))((1512))
(
13)(Package thermal spec power: 140) Watt; (Package minimum power: 150) Watt; 
Package maximum power: 
0 Watt;
Package thermal spec power: 0 Watt; Package minimum power: 0 Watt; Package maximum power: 0 Watt;

Can't open MCFG table. Check permission of 
/sys/firmware/acpi/tables/MCFG
Can't open MCFG table. Check permission of /sys/firmware/acpi/tables/MCFG1
Can't open MCFG table. Check permission of /pcm/sys/firmware/acpi/tables/MCFG
Can't open MCFG table. Check permission of /pcm/sys/firmware/acpi/tables/MCFG1
Can't open MCFG table. Check permission of /sys/firmware/acpi/tables/MCFG
Can't open MCFG table. Check permission of /sys/firmware/acpi/tables/MCFG1
Can't open MCFG table. Check permission of /pcm/sys/firmware/acpi/tables/MCFG
Can't open MCFG table. Check permission of /pcm/sys/firmware/acpi/tables/MCFG1
WARNING: enumeration of devices in UncorePMUDiscovery failed
WARNING: enumeration of devices in UncorePMUDiscovery failed
INFO: Linux perf interface to program uncore PMUs is present
INFO: Linux perf interface to program uncore PMUs is INFO: using Linux perf interface to program uncore PMUs because env variable PCM_USE_UNCORE_PERF=1
INFO: Secure Boot detected. Using Linux perf for uncore PMU programming.
present
Successfully programmed on-core PMU using Linux perf
INFO: using Linux perf interface to program uncore PMUs because env variable PCM_USE_UNCORE_PERF=1
INFO: Secure Boot detected. Using Linux perf for uncore PMU programming.
Socket 0: 2 memory controllers detected with total number of 6 channels. 2 UPI ports detected. 2 M2M (mesh to memory) blocks detected. 0 Home Agents detected. 2 M3UPI blocks detected.
Socket 0: 2 memory controllers detected with total number of 6 channels. 2 UPI ports detected. 2 M2M (mesh to memory) blocks detected. 0 Home Agents detected. 2 M3UPI blocks detected.
Socket 1: 2 memory controllers detected with total number of 6 channels. 2 UPI ports detected. 2 M2M (mesh to memory) blocks detected. 0 Home Agents detected. 2 M3UPI blocks detected.
Socket 1: 2 memory controllers detected with total number of 6 channels. 2 UPI ports detected. 2 M2M (mesh to memory) blocks detected. 0 Home Agents detected. 2 M3UPI blocks detected.
INFO: using Linux resctrl driver for RDT metrics (L3OCC, LMB, RMB) because environment variable PCM_USE_RESCTRL=1
ERROR: /sys/fs/resctrl is not mounted
ERROR: RDT metrics (L3OCC,LMB,RMB) will not be available
Mount it to make it work: mount -t resctrl resctrl /sys/fs/resctrl
INFO: using Linux resctrl driver for RDT metrics (L3OCC, LMB, RMB) because environment variable PCM_USE_RESCTRL=1
ERROR: /sys/fs/resctrl is not mounted
ERROR: RDT metrics (L3OCC,LMB,RMB) will not be available
Mount it to make it work: mount -t resctrl resctrl /sys/fs/resctrl

 Closed perf event handles
Trying to use Linux perf events...

 Closed perf event handles
Trying to use Linux perf events...
Successfully programmed on-core PMU using Linux perf
Successfully programmed on-core PMU using Linux perf
Socket 0
Max UPI link 0 speed: 2.8 GBytes/second (1.2 GT/second)
Max UPI link 1 speed: 2.8 GBytes/second (1.2 GT/second)
Socket 1
Max UPI link 0 speed: 2.7 GBytes/second (1.2 GT/second)
Max UPI link 1 speed: 2.7 GBytes/second (1.2 GT/second)

Detected Intel(R) Xeon(R) Silver 4208 CPU @ 2.10GHz "Intel(r) microarchitecture codename Cascade Lake-SP" stepping 7

Executing "./VE/ior-main/src/ior" command:
Socket 0
Max UPI link 0 speed: 2.5 GBytes/second (1.1 GT/second)
Max UPI link 1 speed: 2.5 GBytes/second (1.1 GT/second)
Socket 1
Max UPI link 0 speed: 2.7 GBytes/second (1.2 GT/second)
Max UPI link 1 speed: 2.7 GBytes/second (1.2 GT/second)

Detected Intel(R) Xeon(R) Silver 4208 CPU @ 2.10GHz "Intel(r) microarchitecture codename Cascade Lake-SP" stepping 7
Socket 0
Max UPI link 0 speed: 2.8 GBytes/second (1.3 GT/second)
Max UPI link 1 speed: 2.8 GBytes/second (1.3 GT/second)
Socket 1
Max UPI link 0 speed: 2.4 GBytes/second (1.1 GT/second)
Max UPI link 1 speed: 2.4 GBytes/second (1.1 GT/second)

Detected Intel(R) Xeon(R) Silver 4208 CPU @ 2.10GHz "Intel(r) microarchitecture codename Cascade Lake-SP" stepping 7
Socket 0
Max UPI link 0 speed: 2.6 GBytes/second (1.2 GT/second)
Max UPI link 1 speed: 2.6 GBytes/second (1.2 GT/second)
Socket 1
Max UPI link 0 speed: 2.6 GBytes/second (1.2 GT/second)
Max UPI link 1 speed: 2.6 GBytes/second (1.2 GT/second)

Detected Intel(R) Xeon(R) Silver 4208 CPU @ 2.10GHz "Intel(r) microarchitecture codename Cascade Lake-SP" stepping 7
Socket 0
Max UPI link 0 speed: 2.8 GBytes/second (1.2 GT/second)
Max UPI link 1 speed: 2.8 GBytes/second (1.2 GT/second)
Socket 1
Max UPI link 0 speed: 2.9 GBytes/second (1.3 GT/second)
Max UPI link 1 speed: 2.9 GBytes/second (1.3 GT/second)

Detected Intel(R) Xeon(R) Silver 4208 CPU @ 2.10GHz "Intel(r) microarchitecture codename Cascade Lake-SP" stepping 7

Executing "./VE/ior-main/src/ior" command:

Executing "./VE/ior-main/src/ior" command:

Executing "./VE/ior-main/src/ior" command:

Executing "./VE/ior-main/src/ior" command:
Socket 0
Max UPI link 0 speed: 2.5 GBytes/second (1.1 GT/second)
Max UPI link 1 speed: 2.5 GBytes/second (1.1 GT/second)
Socket 1
Max UPI link 0 speed: 2.8 GBytes/second (1.3 GT/second)
Max UPI link 1 speed: 2.8 GBytes/second (1.3 GT/second)

Detected Intel(R) Xeon(R) Silver 4208 CPU @ 2.10GHz "Intel(r) microarchitecture codename Cascade Lake-SP" stepping 7
Socket 0
Max UPI link 0 speed: 2.9 GBytes/second (1.3 GT/second)
Max UPI link 1 speed: 2.9 GBytes/second (1.3 GT/second)
Socket 1
Max UPI link 0 speed: 2.6 GBytes/second (1.2 GT/second)
Max UPI link 1 speed: 2.6 GBytes/second (1.2 GT/second)

Detected Intel(R) Xeon(R) Silver 4208 CPU @ 2.10GHz "Intel(r) microarchitecture codename Cascade Lake-SP" stepping 7
Socket 0
Max UPI link 0 speed: 2.7 GBytes/second (1.2 GT/second)
Max UPI link 1 speed: 2.7 GBytes/second (1.2 GT/second)
Socket 1
Max UPI link 0 speed: 2.8 GBytes/second (1.3 GT/second)
Max UPI link 1 speed: 2.8 GBytes/second (1.3 GT/second)

Detected Intel(R) Xeon(R) Silver 4208 CPU @ 2.10GHz "Intel(r) microarchitecture codename Cascade Lake-SP" stepping 7

Executing "./VE/ior-main/src/ior" command:

Executing "./VE/ior-main/src/ior" command:

Executing "./VE/ior-main/src/ior" command:
IOR-4.1.0+dev: MPI Coordinated Test of Parallel I/O
Began               : Thu Mar 21 18:00:12 2024
Command line        : ./VE/ior-main/src/ior -t 1m -b 8m -s 8 -o hpl_test -F
Machine             : Linux muffin
TestID              : 0
StartTime           : Thu Mar 21 18:00:12 2024
Path                : hpl_test.00000000
FS                  : 79.0 TiB   Used FS: 12.7%   Inodes: 16179.2 Mi   Used Inodes: 0.2%

Options: 
api                 : POSIX
apiVersion          : 
test filename       : hpl_test
access              : file-per-process
type                : independent
segments            : 8
ordering in a file  : sequential
ordering inter file : no tasks offsets
nodes               : 1
tasks               : 8
clients per node    : 8
memoryBuffer        : CPU
dataAccess          : CPU
GPUDirect           : 0
repetitions         : 1
xfersize            : 1 MiB
blocksize           : 8 MiB
aggregate filesize  : 512 MiB

Results: 

access    bw(MiB/s)  IOPS       Latency(s)  block(KiB) xfer(KiB)  open(s)    wr/rd(s)   close(s)   total(s)   iter
------    ---------  ----       ----------  ---------- ---------  --------   --------   --------   --------   ----
write     11.18      6800       0.009244    8192       1024.00    0.008024   0.075298   45.73      45.79      0   
read      7629       7790       0.008215    8192       1024.00    0.001593   0.065722   0.024473   0.067114   0   

Summary of all tests:
Operation   Max(MiB)   Min(MiB)  Mean(MiB)     StdDev   Max(OPs)   Min(OPs)  Mean(OPs)     StdDev    Mean(s) Stonewall(s) Stonewall(MiB) Test# #Tasks tPN reps fPP reord reordoff reordrand seed segcnt   blksiz    xsize aggs(MiB)   API RefNum
write          11.18      11.18      11.18       0.00      11.18      11.18      11.18       0.00   45.79390         NA            NA     0      8   8    1   1     0        1         0    0      8  8388608  1048576     512.0 POSIX      0
read         7628.82    7628.82    7628.82       0.00    7628.82    7628.82    7628.82       0.00    0.06711         NA            NA     0      8   8    1   1     0        1         0    0      8  8388608  1048576     512.0 POSIX      0
Finished            : Thu Mar 21 18:00:58 2024
DEBUG: caught signal to interrupt (Child exited).
Cleaning up
 Closed perf event handles
DEBUG: caught signal to interrupt (Child exited).
Cleaning up
 Closed perf event handles
DEBUG: caught signal to interrupt (Child exited).
Cleaning up
DEBUG: caught signal to interrupt (Child exited).
Cleaning up
 Closed perf event handles
 Closed perf event handles
DEBUG: caught signal to interrupt (Child exited).
Cleaning up
DEBUG: caught signal to interrupt (Child exited).
Cleaning up
 Closed perf event handles
DEBUG: caught signal to interrupt (Child exited).
Cleaning up
 Closed perf event handles
 Closed perf event handles
 Zeroed uncore PMU registers
 Zeroed uncore PMU registers
 Zeroed uncore PMU registers
 Zeroed uncore PMU registers
DEBUG: caught signal to interrupt (Child exited).
Cleaning up
 Closed perf event handles
 Zeroed uncore PMU registers
 Zeroed uncore PMU registers
 Zeroed uncore PMU registers
 Zeroed uncore PMU registers
	Command being timed: "/opt/nec/ve/bin/mpirun -n 8 /usr/sbin/pcm 0.1 -csv=./output/1/ve_IOR_0_1.csv -- ./VE/ior-main/src/ior -t 1m -b 8m -s 8 -o hpl_test -F"
	User time (seconds): 3.33
	System time (seconds): 1.39
	Percent of CPU this job got: 9%
	Elapsed (wall clock) time (h:mm:ss or m:ss): 0:47.74
	Average shared text size (kbytes): 0
	Average unshared data size (kbytes): 0
	Average stack size (kbytes): 0
	Average total size (kbytes): 0
	Maximum resident set size (kbytes): 141584
	Average resident set size (kbytes): 0
	Major (requiring I/O) page faults: 0
	Minor (reclaiming a frame) page faults: 5313
	Voluntary context switches: 71281
	Involuntary context switches: 4920
	Swaps: 0
	File system inputs: 0
	File system outputs: 3520
	Socket messages sent: 0
	Socket messages received: 0
	Signals delivered: 0
	Page size (bytes): 4096
	Exit status: 0
