----------------------- Start VH Stream 2024-03-26_10-59-17 -----------------------

 Intel(r) Performance Counter Monitor (2022-11-24 10:18:12 +0100 ID=1b16bb4e)


PCM Info: setrlimit for file limit 1000000 failed with error Operation not permitted

=====  Processor information  =====
Linux arch_perfmon flag  : yes
Hybrid processor         : no
IBRS and IBPB supported  : yes
STIBP supported          : yes
Spec arch caps supported : yes
Max CPUID level          : 22
CPU model number         : 85
Number of physical cores: 16
Number of logical cores: 16
Number of online logical cores: 16
Threads (logical cores) per physical core: 1
Num sockets: 2
Physical cores per socket: 8
Last level cache slices per socket: 0
Core PMU (perfmon) version: 4
Number of core PMU generic (programmable) counters: 8
Width of generic (programmable) counters: 48 bits
Number of core PMU fixed counters: 3
Width of fixed counters: 48 bits
Nominal core frequency: 2100000000 Hz
IBRS enabled in the kernel   : no
STIBP enabled in the kernel  : no
The processor is not susceptible to Rogue Data Cache Load: no
The processor supports enhanced IBRS                     : no

=====  Processor topology  =====
OS_Processor    Thread_Id       Core_Id         Tile_Id         Package_Id      Core_Type   Native_CPU_Model
0               0               0               0               0               invalid         -1              
1               0               1               1               0               invalid         -1              
2               0               2               2               0               invalid         -1              
3               0               3               3               0               invalid         -1              
4               0               4               4               0               invalid         -1              
5               0               5               5               0               invalid         -1              
6               0               6               6               0               invalid         -1              
7               0               7               7               0               invalid         -1              
8               0               0               8               1               invalid         -1              
9               0               1               9               1               invalid         -1              
10              0               2               10              1               invalid         -1              
11              0               3               11              1               invalid         -1              
12              0               4               12              1               invalid         -1              
13              0               5               13              1               invalid         -1              
14              0               6               14              1               invalid         -1              
15              0               7               15              1               invalid         -1              
=====  Placement on packages  =====
Package Id.    Core Id.     Processors
0              0,1,2,3,4,5,6,7
1              0,1,2,3,4,5,6,7

=====  Core/Tile sharing  =====
Level      Processors
Core       (0)(1)(2)(3)(4)(5)(6)(7)(8)(9)(10)(11)(12)(13)(14)(15)
Tile / L2$ (0)(1)(2)(3)(4)(5)(6)(7)(8)(9)(10)(11)(12)(13)(14)(15)

Package thermal spec power: 0 Watt; Package minimum power: 0 Watt; Package maximum power: 0 Watt;

Can't open MCFG table. Check permission of /sys/firmware/acpi/tables/MCFG
Can't open MCFG table. Check permission of /sys/firmware/acpi/tables/MCFG1
Can't open MCFG table. Check permission of /pcm/sys/firmware/acpi/tables/MCFG
Can't open MCFG table. Check permission of /pcm/sys/firmware/acpi/tables/MCFG1
WARNING: enumeration of devices in UncorePMUDiscovery failed
INFO: Linux perf interface to program uncore PMUs is present
INFO: using Linux perf interface to program uncore PMUs because env variable PCM_USE_UNCORE_PERF=1
INFO: Secure Boot detected. Using Linux perf for uncore PMU programming.
Socket 0: 2 memory controllers detected with total number of 6 channels. 2 UPI ports detected. 2 M2M (mesh to memory) blocks detected. 0 Home Agents detected. 2 M3UPI blocks detected.
Socket 1: 2 memory controllers detected with total number of 6 channels. 2 UPI ports detected. 2 M2M (mesh to memory) blocks detected. 0 Home Agents detected. 2 M3UPI blocks detected.
INFO: using Linux resctrl driver for RDT metrics (L3OCC, LMB, RMB) because environment variable PCM_USE_RESCTRL=1
ERROR: /sys/fs/resctrl is not mounted
ERROR: RDT metrics (L3OCC,LMB,RMB) will not be available
Mount it to make it work: mount -t resctrl resctrl /sys/fs/resctrl

 Closed perf event handles
Trying to use Linux perf events...
Successfully programmed on-core PMU using Linux perf
Socket 0
Max UPI link 0 speed: 17.3 GBytes/second (7.7 GT/second)
Max UPI link 1 speed: 17.3 GBytes/second (7.7 GT/second)
Socket 1
Max UPI link 0 speed: 15.8 GBytes/second (7.0 GT/second)
Max UPI link 1 speed: 15.8 GBytes/second (7.0 GT/second)

Detected Intel(R) Xeon(R) Silver 4208 CPU @ 2.10GHz "Intel(r) microarchitecture codename Cascade Lake-SP" stepping 7

Executing "./VH/stream/stream_c.exe" command:
-------------------------------------------------------------
STREAM version $Revision: 5.10 $
-------------------------------------------------------------
This system uses 8 bytes per array element.
-------------------------------------------------------------
Array size = 71474836 (elements), Offset = 0 (elements)
Memory per array = 545.3 MiB (= 0.5 GiB).
Total memory required = 1635.9 MiB (= 1.6 GiB).
Each kernel will be executed 80 times.
 The *best* time for each kernel (excluding the first iteration)
 will be used to compute the reported bandwidth.
-------------------------------------------------------------
Your clock granularity/precision appears to be 1 microseconds.
Each test below will take on the order of 267583 microseconds.
   (= 267583 clock ticks)
Increase the size of the arrays if this shows that
you are not getting at least 20 clock ticks per test.
-------------------------------------------------------------
WARNING -- The above is only a rough guideline.
For best results, please be sure you know the
precision of your system timer.
-------------------------------------------------------------
Function    Best Rate MB/s  Avg time     Min time     Max time
Copy:            4290.1     0.268569     0.266567     0.300322
Scale:           5013.8     0.229830     0.228088     0.265681
Add:             6565.9     0.267130     0.261257     0.557726
Triad:           6204.9     0.278351     0.276459     0.317779
-------------------------------------------------------------
Solution Validates: avg error less than 1.000000e-13 on all three arrays
-------------------------------------------------------------
DEBUG: caught signal to interrupt (Child exited).
Cleaning up
 Closed perf event handles
 Zeroed uncore PMU registers
	Command being timed: "/usr/sbin/pcm 0.1 -csv=./output/0/vh_Stream_VH_0.csv -- ./VH/stream/stream_c.exe"
	User time (seconds): 0.94
	System time (seconds): 0.22
	Percent of CPU this job got: 1%
	Elapsed (wall clock) time (h:mm:ss or m:ss): 1:25.40
	Average shared text size (kbytes): 0
	Average unshared data size (kbytes): 0
	Average stack size (kbytes): 0
	Average total size (kbytes): 0
	Maximum resident set size (kbytes): 139500
	Average resident set size (kbytes): 0
	Major (requiring I/O) page faults: 0
	Minor (reclaiming a frame) page faults: 493
	Voluntary context switches: 18089
	Involuntary context switches: 1056
	Swaps: 0
	File system inputs: 0
	File system outputs: 6800
	Socket messages sent: 0
	Socket messages received: 0
	Signals delivered: 0
	Page size (bytes): 4096
	Exit status: 0
----------------------- Start VH Stream 2024-03-26_11-00-42 -----------------------

 Intel(r) Performance Counter Monitor (2022-11-24 10:18:12 +0100 ID=1b16bb4e)


PCM Info: setrlimit for file limit 1000000 failed with error Operation not permitted

=====  Processor information  =====
Linux arch_perfmon flag  : yes
Hybrid processor         : no
IBRS and IBPB supported  : yes
STIBP supported          : yes
Spec arch caps supported : yes
Max CPUID level          : 22
CPU model number         : 85
Number of physical cores: 16
Number of logical cores: 16
Number of online logical cores: 16
Threads (logical cores) per physical core: 1
Num sockets: 2
Physical cores per socket: 8
Last level cache slices per socket: 0
Core PMU (perfmon) version: 4
Number of core PMU generic (programmable) counters: 8
Width of generic (programmable) counters: 48 bits
Number of core PMU fixed counters: 3
Width of fixed counters: 48 bits
Nominal core frequency: 2100000000 Hz
IBRS enabled in the kernel   : no
STIBP enabled in the kernel  : no
The processor is not susceptible to Rogue Data Cache Load: no
The processor supports enhanced IBRS                     : no

=====  Processor topology  =====
OS_Processor    Thread_Id       Core_Id         Tile_Id         Package_Id      Core_Type   Native_CPU_Model
0               0               0               0               0               invalid         -1              
1               0               1               1               0               invalid         -1              
2               0               2               2               0               invalid         -1              
3               0               3               3               0               invalid         -1              
4               0               4               4               0               invalid         -1              
5               0               5               5               0               invalid         -1              
6               0               6               6               0               invalid         -1              
7               0               7               7               0               invalid         -1              
8               0               0               8               1               invalid         -1              
9               0               1               9               1               invalid         -1              
10              0               2               10              1               invalid         -1              
11              0               3               11              1               invalid         -1              
12              0               4               12              1               invalid         -1              
13              0               5               13              1               invalid         -1              
14              0               6               14              1               invalid         -1              
15              0               7               15              1               invalid         -1              
=====  Placement on packages  =====
Package Id.    Core Id.     Processors
0              0,1,2,3,4,5,6,7
1              0,1,2,3,4,5,6,7

=====  Core/Tile sharing  =====
Level      Processors
Core       (0)(1)(2)(3)(4)(5)(6)(7)(8)(9)(10)(11)(12)(13)(14)(15)
Tile / L2$ (0)(1)(2)(3)(4)(5)(6)(7)(8)(9)(10)(11)(12)(13)(14)(15)

Package thermal spec power: 0 Watt; Package minimum power: 0 Watt; Package maximum power: 0 Watt;

Can't open MCFG table. Check permission of /sys/firmware/acpi/tables/MCFG
Can't open MCFG table. Check permission of /sys/firmware/acpi/tables/MCFG1
Can't open MCFG table. Check permission of /pcm/sys/firmware/acpi/tables/MCFG
Can't open MCFG table. Check permission of /pcm/sys/firmware/acpi/tables/MCFG1
WARNING: enumeration of devices in UncorePMUDiscovery failed
INFO: Linux perf interface to program uncore PMUs is present
INFO: using Linux perf interface to program uncore PMUs because env variable PCM_USE_UNCORE_PERF=1
INFO: Secure Boot detected. Using Linux perf for uncore PMU programming.
Socket 0: 2 memory controllers detected with total number of 6 channels. 2 UPI ports detected. 2 M2M (mesh to memory) blocks detected. 0 Home Agents detected. 2 M3UPI blocks detected.
Socket 1: 2 memory controllers detected with total number of 6 channels. 2 UPI ports detected. 2 M2M (mesh to memory) blocks detected. 0 Home Agents detected. 2 M3UPI blocks detected.
INFO: using Linux resctrl driver for RDT metrics (L3OCC, LMB, RMB) because environment variable PCM_USE_RESCTRL=1
ERROR: /sys/fs/resctrl is not mounted
ERROR: RDT metrics (L3OCC,LMB,RMB) will not be available
Mount it to make it work: mount -t resctrl resctrl /sys/fs/resctrl

 Closed perf event handles
Trying to use Linux perf events...
Successfully programmed on-core PMU using Linux perf
Socket 0
Max UPI link 0 speed: 1.3 GBytes/second (0.6 GT/second)
Max UPI link 1 speed: 1.3 GBytes/second (0.6 GT/second)
Socket 1
Max UPI link 0 speed: 1.2 GBytes/second (0.6 GT/second)
Max UPI link 1 speed: 1.2 GBytes/second (0.6 GT/second)

Detected Intel(R) Xeon(R) Silver 4208 CPU @ 2.10GHz "Intel(r) microarchitecture codename Cascade Lake-SP" stepping 7

Executing "./VH/stream/stream_c.exe" command:
-------------------------------------------------------------
STREAM version $Revision: 5.10 $
-------------------------------------------------------------
This system uses 8 bytes per array element.
-------------------------------------------------------------
Array size = 71474836 (elements), Offset = 0 (elements)
Memory per array = 545.3 MiB (= 0.5 GiB).
Total memory required = 1635.9 MiB (= 1.6 GiB).
Each kernel will be executed 80 times.
 The *best* time for each kernel (excluding the first iteration)
 will be used to compute the reported bandwidth.
-------------------------------------------------------------
Your clock granularity/precision appears to be 1 microseconds.
Each test below will take on the order of 262274 microseconds.
   (= 262274 clock ticks)
Increase the size of the arrays if this shows that
you are not getting at least 20 clock ticks per test.
-------------------------------------------------------------
WARNING -- The above is only a rough guideline.
For best results, please be sure you know the
precision of your system timer.
-------------------------------------------------------------
Function    Best Rate MB/s  Avg time     Min time     Max time
Copy:            4336.2     0.265617     0.263732     0.283561
Scale:           5046.3     0.228378     0.226620     0.241480
Add:             6633.8     0.260911     0.258586     0.271492
Triad:           6263.2     0.276007     0.273884     0.288752
-------------------------------------------------------------
Solution Validates: avg error less than 1.000000e-13 on all three arrays
-------------------------------------------------------------
DEBUG: caught signal to interrupt (Child exited).
Cleaning up
 Closed perf event handles
 Zeroed uncore PMU registers
	Command being timed: "/usr/sbin/pcm 0.1 -csv=./output/0/vh_Stream_0_0.csv -- ./VH/stream/stream_c.exe"
	User time (seconds): 1.03
	System time (seconds): 0.24
	Percent of CPU this job got: 1%
	Elapsed (wall clock) time (h:mm:ss or m:ss): 1:24.29
	Average shared text size (kbytes): 0
	Average unshared data size (kbytes): 0
	Average stack size (kbytes): 0
	Average total size (kbytes): 0
	Maximum resident set size (kbytes): 139436
	Average resident set size (kbytes): 0
	Major (requiring I/O) page faults: 0
	Minor (reclaiming a frame) page faults: 489
	Voluntary context switches: 17103
	Involuntary context switches: 1013
	Swaps: 0
	File system inputs: 0
	File system outputs: 6736
	Socket messages sent: 0
	Socket messages received: 0
	Signals delivered: 0
	Page size (bytes): 4096
	Exit status: 0
