----------------------- Start VH IOR 2024-03-21_18-00-58 -----------------------

 Intel(r) Performance Counter Monitor (2022-11-24 10:18:12 +0100 ID=1b16bb4e)


PCM Info: setrlimit for file limit 1000000 failed with error Operation not permitted

=====  Processor information  =====

 Intel(r) Performance Counter Monitor 
(2022-11-24 10:18:12 +0100 ID=1b16bb4e) Intel(r) Performance Counter Monitor 

(2022-11-24 10:18:12 +0100 ID=1b16bb4e) Intel(r) Performance Counter Monitor 



(2022-11-24 10:18:12 +0100 ID=1b16bb4e) Intel(r) Performance Counter Monitor 

 Intel(r) Performance Counter Monitor 
(2022-11-24 10:18:12 +0100 ID=1b16bb4e)
(2022-11-24 10:18:12 +0100 ID=1b16bb4e)


PCM Info: setrlimit for file limit 


PCM Info: setrlimit for file limit 1000000

1000000 failed with error PCM Info: setrlimit for file limit  failed with error PCM Info: setrlimit for file limit Operation not permitted1000000PCM Info: setrlimit for file limit 1000000Operation not permitted
 failed with error 1000000 failed with error 
Operation not permitted failed with error Operation not permitted

Operation not permitted
=====  Processor information  =====


=====  Processor information  =====

=====  Processor information  =====

=====  Processor information  =====

=====  Processor information  =====

 Intel(r) Performance Counter Monitor (2022-11-24 10:18:12 +0100 ID=1b16bb4e)


Linux arch_perfmon flag  : yesLinux arch_perfmon flag  : PCM Info: setrlimit for file limit yes
Linux arch_perfmon flag  : 1000000
Linux arch_perfmon flag  : Hybrid processor         :  failed with error Linux arch_perfmon flag  : yesHybrid processor         : yes
noOperation not permittedyes
no
 Intel(r) Performance Counter Monitor 


Hybrid processor         : 
Hybrid processor         : (2022-11-24 10:18:12 +0100 ID=1b16bb4e)IBRS and IBPB supported  : Hybrid processor         : noIBRS and IBPB supported  : no

=====  Processor information  =====
yesno
yes



IBRS and IBPB supported  : 
IBRS and IBPB supported  : 
STIBP supported          : IBRS and IBPB supported  : yesSTIBP supported          : yesyesyes
yes


STIBP supported          : yes

Spec arch caps supported : STIBP supported          : Spec arch caps supported : yesPCM Info: setrlimit for file limit yesyesSpec arch caps supported : 
1000000STIBP supported          : 

Linux arch_perfmon flag  : yesMax CPUID level          :  failed with error yesSpec arch caps supported : Max CPUID level          : yes
22
Operation not permittedyes22
Max CPUID level          : 
Spec arch caps supported : 


Hybrid processor         : 22CPU model number         : yesMax CPUID level          : CPU model number         : no
85
22
=====  Processor information  =====
85
CPU model number         : 
Max CPUID level          : 

IBRS and IBPB supported  : 8522CPU model number         : yes

85
CPU model number         : 
STIBP supported          : 85yes

Spec arch caps supported : yes
Max CPUID level          : 22
CPU model number         : 85
Linux arch_perfmon flag  : yes
Hybrid processor         : no
IBRS and IBPB supported  : yes
STIBP supported          : yes
Spec arch caps supported : yes
Max CPUID level          : 22
CPU model number         : 85
Number of physical cores: Number of physical cores: 16Number of physical cores: 16

Number of physical cores: 16Number of logical cores: Number of logical cores: 
161616Number of logical cores: 
Number of logical cores: 16

16
Number of online logical cores: Number of online logical cores: 
Number of online logical cores: 1616Number of online logical cores: 16

16
Threads (logical cores) per physical core: Threads (logical cores) per physical core: 
Threads (logical cores) per physical core: 11Threads (logical cores) per physical core: 1

1
Num sockets: Num sockets: 
Num sockets: 22Num sockets: 2

2
Physical cores per socket: Physical cores per socket: 
Physical cores per socket: 88Physical cores per socket: 8

8
Last level cache slices per socket: Last level cache slices per socket: 
Last level cache slices per socket: 00Last level cache slices per socket: 0

0
Core PMU (perfmon) version: Core PMU (perfmon) version: 
Core PMU (perfmon) version: 44Core PMU (perfmon) version: 4

4
Number of core PMU generic (programmable) counters: Number of core PMU generic (programmable) counters: 
Number of core PMU generic (programmable) counters: 88Number of core PMU generic (programmable) counters: 8

8
Width of generic (programmable) counters: Width of generic (programmable) counters: 
Width of generic (programmable) counters: 4848Width of generic (programmable) counters: 48 bits
 bits
48 bits
Number of core PMU fixed counters: Number of core PMU fixed counters:  bits
Number of core PMU fixed counters: 33Number of core PMU fixed counters: 3

3
Width of fixed counters: Width of fixed counters: 
Width of fixed counters: 4848Width of fixed counters: 48 bits
 bits
48 bits
Nominal core frequency: Nominal core frequency:  bits
Nominal core frequency: 21000000002100000000Nominal core frequency: 2100000000 Hz
 Hz
2100000000 Hz
IBRS enabled in the kernel   : IBRS enabled in the kernel   :  Hz
IBRS enabled in the kernel   : nonoIBRS enabled in the kernel   : no

no
STIBP enabled in the kernel  : STIBP enabled in the kernel  : 
STIBP enabled in the kernel  : nonoSTIBP enabled in the kernel  : no

no
The processor is not susceptible to Rogue Data Cache Load: The processor is not susceptible to Rogue Data Cache Load: 
The processor is not susceptible to Rogue Data Cache Load: nonoThe processor is not susceptible to Rogue Data Cache Load: no

no
The processor supports enhanced IBRS                     : The processor supports enhanced IBRS                     : 
The processor supports enhanced IBRS                     : nonoThe processor supports enhanced IBRS                     : no

no

=====  Processor topology  =====

=====  Processor topology  =====


=====  Processor topology  =====
OS_Processor    Thread_Id       Core_Id         Tile_Id         Package_Id      Core_Type   Native_CPU_Model
OS_Processor    Thread_Id       Core_Id         Tile_Id         Package_Id      Core_Type   Native_CPU_Model

=====  Processor topology  =====
OS_Processor    Thread_Id       Core_Id         Tile_Id         Package_Id      Core_Type   Native_CPU_Model
0               0               OS_Processor    Thread_Id       Core_Id         Tile_Id         Package_Id      Core_Type   Native_CPU_Model
0               0               0               0               0               0               0               0               0               0               0               0               0               0               0               0               0               invalidinvalid0               invalid  invalid                      Linux arch_perfmon flag  :    -1                 yes
   -1              
1                 
Hybrid processor         : 0                -1              no1               1               
-1              
0               1               1               
IBRS and IBPB supported  : Number of physical cores: 1               0               0               Number of physical cores: 1               yes1               invalid1               160               
160                1               
1               STIBP supported          : 
invalid 0               Number of logical cores: 1               yesNumber of logical cores:   invalid160               
16   
invalidSpec arch caps supported : 
   Number of online logical cores:  yesNumber of online logical cores:    16 
16   
 Max CPUID level          : 
   Threads (logical cores) per physical core:  22Threads (logical cores) per physical core:    1 
1 -1               
 CPU model number         : 
 
 Num sockets:  85Num sockets: -1              2                2 
2
0               -1              
 
2               2               
Physical cores per socket: 2               -1              Physical cores per socket: 0               2               80               Number of physical cores: 
16
2               Number of logical cores: 0               162               
2               Number of online logical cores: 0               16invalid
 Threads (logical cores) per physical core:  81 2               
 0               
2               Num sockets: 
 Last level cache slices per socket: invalid2               0               2 Last level cache slices per socket: 0 invalid
2                0
  Physical cores per socket: 0                
Core PMU (perfmon) version:   8invalid Core PMU (perfmon) version: 4  
 -1              4
  Last level cache slices per socket:  

Number of core PMU generic (programmable) counters:   0 3               Number of core PMU generic (programmable) counters: 8  
 0               8
  Core PMU (perfmon) version:  3               
Width of generic (programmable) counters:   4 3               Width of generic (programmable) counters: 48-1               
 0               48 bits

-1              Number of core PMU generic (programmable) counters:  invalid bits
Number of core PMU fixed counters: 3               
8  Number of core PMU fixed counters: 30               3               
-1               3
3               0               Width of generic (programmable) counters: 
 
Width of fixed counters: 3               3               48 3               Width of fixed counters: 480               3                bits
 0               48 bits
invalid0               Number of core PMU fixed counters:  3                bits
Nominal core frequency:  invalid3 3               Nominal core frequency: 2100000000  
 0               2100000000 Hz
  Width of fixed counters:  invalid Hz
IBRS enabled in the kernel   :   48-1               IBRS enabled in the kernel   : no   bits

 no
  Nominal core frequency: 4                
STIBP enabled in the kernel  :   21000000000                STIBP enabled in the kernel  : no
The processor is not susceptible to Rogue Data Cache Load: no   Hz
4                no
  IBRS enabled in the kernel   : 4                
The processor is not susceptible to Rogue Data Cache Load: no
The processor supports enhanced IBRS                     : no

=====  Processor topology  =====
OS_Processor    Thread_Id       Core_Id         Tile_Id         Package_Id      Core_Type   Native_CPU_Model
0               0               0               0               0               invalid       The processor supports enhanced IBRS                     :   -1              -1              no
 

no1               -1              0               4               
=====  Processor topology  =====
 
0               
invalid0               OS_Processor    Thread_Id       Core_Id         Tile_Id         Package_Id      Core_Type   Native_CPU_Model
 STIBP enabled in the kernel  : 1               4                4               0                no1               0                4               0               -1              
0               4                0               0               
The processor is not susceptible to Rogue Data Cache Load: invalid4                invalid0               4               no 0                 0               0               
 invalid  invalid4               The processor supports enhanced IBRS                     :      4               no     0               
     invalid
=====  Processor topology  =====
  -1                 OS_Processor    Thread_Id       Core_Id         Tile_Id         Package_Id      Core_Type   Native_CPU_Model
  
     0               5                    0               0                  -1               0               5               -1                
 0               5               
  2               -1              0               0               5               -1               0               
invalidinvalid0               
 2               5                 5                1               2               0                 5               -1              0               0               5                 0               
1               invalid5                 invalid5               1                0                  0               0                invalid   5               invalid     5                     0                     invalid   -1              -1                   

     1               6                    0               0                  -1               1               6               -1                
 1               6               
  3               -1              0               0               6                -1              0               
invalidinvalid0                
3               6                 6                2               3               0                 6               -1              0               0               6                 0               
2               invalid6                 invalid6               2                0                  0               0                invalid   6               invalid     6                     0                     invalid   -1              -1                   

     2               7                    0               0                  -1               2               7               -1                
 2               7               
  4               -1              0               0               7                -1              0               
invalidinvalid0                
4               7                 7                3               4               0                 7               -1              0               0               7                 0               
3               invalid7                 invalid7               3                0                  0               0                invalid   7               invalid     7                     0                     invalid   -1              -1                   

     3               8                    0               0                  -1               3               0               -1                
 3               8               
  5               -1              0               1               8                -1              0               
invalidinvalid0                
5               8                 0                4               5               0                 8               -1              0               0               0                 1               
4               invalid8                 invalid8               4                1                  0               0                invalid   0               invalid     8                     1                     invalid   -1              -1                   

     4               9                    0               0                  -1               4               1               -1                
 4               9               
  6               -1              0               1               9                  -1              0               
invalidinvalid0               -1              
6               9                 1               
5               6               0                 9               9               0               0               1                 1               0               5               invalid9                 invalid1               5                1                  9               0                invalid   1               invalid     invalid                 -1              -1                   

     5               10                   0               0                  -1               5               2               -1                
 5               10              
  7               -1              0               1               10               -1              0               
invalidinvalid0               -1              
7               10                2               
6               7               0                 10              10              0               0               2                 1               0               6               invalid10                invalid2               6                1                  10              0                invalid   1               invalid     invalid                 -1              -1                   

     6               11                   0               0                  -1               6               3               -1                
 6               11              
  8               -1              0               1               11               -1              0               
invalidinvalid0               -1              
0               11                3               
7               8               0                 11              11              0               1               3                 1               0               7               invalid11                invalid3               7                1                  11              0                invalid   1               invalid     invalid                 -1              -1                   

     7               12                   0               0                  -1               7               4               -1                
 7               12              
  9               -1              0               1               12               -1              0               
invalidinvalid0               -1              
1               12                4               
8               9               0                 12              12              0               1               4                 1               0               0               invalid12                invalid4               8                1                  12              1                invalid   1               invalid     invalid                 -1              -1                   

     8               13                   0               0                  -1               0               5               -1                
 8               13              
  10              -1              1               1               13               -1              0               
invalidinvalid0               -1              
2               13                5               
9               10              0                 13              13              0               1               5                 1               0               1               invalid13                invalid5               9                1                  13              1                invalid   1               invalid     invalid                 -1              -1                   

     9               14                   0               0                  -1               1               6               -1                
 9               14              
  11              -1              1               1               14               -1              0               
invalidinvalid0               -1              
3               14                6               
10              11              0                 14              14              0               1               6                 1               0               2               invalid14                invalid6               10               1                  14              1                invalid   1               invalid     invalid                 -1              -1                   

     10              15                   0               0                  -1               2               7               -1                
 10              15              
  12              -1              1               1               15               -1              0               
invalidinvalid0               -1              
4               15                7               
11              12              0                 15              15              0               1               7                 1               0               3               invalid15                invalid7               11               1                  15              1                invalid   1               invalid     invalid                 -1              -1                   

     11              =====  Placement on packages  =====
     0               Package Id.    Core Id.     Processors
   -1               3               0              -1                
 11              0
  13              -1              1               ,=====  Placement on packages  =====
 -1              0               
invalid1Package Id.    Core Id.     Processors
-1              
5               =====  Placement on packages  =====
 ,0              
12              13              Package Id.    Core Id.     Processors
 20=====  Placement on packages  =====
0               1               0               ,3,4,5,6,7
1              0,1,2,3,4,5,6,7

=====  Core/Tile sharing  =====
Level      Processors
Core       (0)(1)(2)(3)(4)(5)(6)(7)(8)(9)(10)(11)(12)(13)(14)(15)
Tile / L2$ (0)(1)(2)(3)(4)(5)(6)(7)(8)(9)(10)(11)(12)(13)(14)(15)

Package thermal spec power: 0 Watt; Package minimum power: 0 Watt; Package maximum power: 0 Watt;

,1,2,3,4,5,6,7
1              0,1,2,3,4,5,6,7

=====  Core/Tile sharing  =====
Level      Processors
Core       (0)(1)(2)(3)(4)(5)(6)(7)(8)(9)(10)(11)(12)(13)(14)(15)
Tile / L2$ (0)(1)(2)(3)(4)(5)(6)Package Id.    Core Id.     Processors
(0              704               ),invalid(12              01 8 1               ,, )invalid 21 (  ,,Can't open MCFG table. Check permission of  9/sys/firmware/acpi/tables/MCFG  32 )
  ,, (Can't open MCFG table. Check permission of   43 10/sys/firmware/acpi/tables/MCFG1 ,-1              , )
 5
4 (Can't open MCFG table. Check permission of  ,,12              -1              11/pcm/sys/firmware/acpi/tables/MCFG 650               
)
 ,,4               14              (Can't open MCFG table. Check permission of -1              7612              0               12/pcm/sys/firmware/acpi/tables/MCFG1

,1               6               )
13              1              7invalid14              (0               0
 1               135               ,1               invalid)13              10WARNING: enumeration of devices in UncorePMUDiscovery failed
  (1               ,,  14invalid21  ) ,,  ( 32  15 ,,  ) 43  
 ,,-1               
 54
  Package thermal spec power: ,,13              -1               0650               
  Watt; ,,5               15              -1              Package minimum power: 7613              0               
0
,1               7               14               Watt; 
=====  Core/Tile sharing  =====
7invalid15              0               Package maximum power: Level      Processors
Core       
 1               6               0(
=====  Core/Tile sharing  =====
 invalid14               Watt;
0Level      Processors
Core         1               )(  invalid(0   1)   )(   (1   2)   )(-1                (2
  3)14              -1               )(0               
 (36               =====  Placement on packages  =====
-1              4)14              Package Id.    Core Id.     Processors

)(1               0              15              (4invalid00               5) ,7               )( 115              (5 ,1               6) 2invalid)(
 , (6  3 7) , )Can't open MCFG table. Check permission of ( 4 (/sys/firmware/acpi/tables/MCFG7-1              , 8
)
5 )Can't open MCFG table. Check permission of (15              , (/sys/firmware/acpi/tables/MCFG180               6 9
)7               , )Can't open MCFG table. Check permission of (15              7-1              (/pcm/sys/firmware/acpi/tables/MCFG91               

10
)invalid1              =====  Placement on packages  =====
)Can't open MCFG table. Check permission of ( 0Package Id.    Core Id.     Processors
(/pcm/sys/firmware/acpi/tables/MCFG110 ,0              11
) 10)( ,,(11 2112) ,WARNING: enumeration of devices in UncorePMUDiscovery failed
,)( 32(12 ,,13) 43)(-1              ,,(13
5414)=====  Placement on packages  =====
,,)(Package Id.    Core Id.     Processors
65(140              ,,15)076)(,
,
Tile / L2$ 151
=====  Core/Tile sharing  =====
7(),Level      Processors
Core       
0
Tile / L2$ 2(1              )(,00(03),1),(1)(41,(1,)22INFO: Linux perf interface to program uncore PMUs is )5(,)present
(,23(INFO: using Linux perf interface to program uncore PMUs because env variable PCM_USE_UNCORE_PERF=1
26),3INFO: Secure Boot detected. Using Linux perf for uncore PMU programming.
),(4)(73,(3
)54)1              (,)(046(4,),5)1(7)(,5
(52)
=====  Core/Tile sharing  =====
6),(Level      Processors
Core       )(36((6,)07)4())(,7((75)18),())(68((8,)29)7())(
9((9
=====  Core/Tile sharing  =====
)310)Level      Processors
Core       ())((10((100)411))())((11((111)512))())((12((122)613))())((13((133)714))())((14((144)815))())((15(
155)9
))
Tile / L2$ )
Package thermal spec power: (((
06Package thermal spec power: 010 Watt; )0))Package minimum power: ( Watt; ((07Package minimum power: 111 Watt; )0))Package maximum power: ( Watt; ((08Package maximum power: 212 Watt;
)0))( Watt;
((9313)))(((10414)))(((11515)))((
Tile / L2$ 126())0(()137())1(()148())2(()159())3
Tile / L2$ ()(10(0)4)()(11(1)INFO: Linux perf interface to program uncore PMUs is 5)(present
)(12INFO: using Linux perf interface to program uncore PMUs because env variable PCM_USE_UNCORE_PERF=1
(2
)INFO: Secure Boot detected. Using Linux perf for uncore PMU programming.
6)
()(13(3)7)(Can't open MCFG table. Check permission of )(14/sys/firmware/acpi/tables/MCFGCan't open MCFG table. Check permission of (4)
/sys/firmware/acpi/tables/MCFG8)(Can't open MCFG table. Check permission of 
)(15/sys/firmware/acpi/tables/MCFG1Can't open MCFG table. Check permission of (5)
/sys/firmware/acpi/tables/MCFG19)
Can't open MCFG table. Check permission of 
)(
/pcm/sys/firmware/acpi/tables/MCFGCan't open MCFG table. Check permission of (6
Package thermal spec power: /pcm/sys/firmware/acpi/tables/MCFG10)Can't open MCFG table. Check permission of 0
)(/pcm/sys/firmware/acpi/tables/MCFG1 Watt; Can't open MCFG table. Check permission of (7
Package minimum power: /pcm/sys/firmware/acpi/tables/MCFG111)0
)( Watt; (8Package maximum power: 12)0)WARNING: enumeration of devices in UncorePMUDiscovery failed
( Watt;
(913WARNING: enumeration of devices in UncorePMUDiscovery failed
))((1014))((1115))(
12
)(Package thermal spec power: 130) Watt; (Package minimum power: 140) Watt; (Package maximum power: 150) Watt;


Package thermal spec power: 0 Watt; Package minimum power: 0 Watt; Package maximum power: 0 Watt;

Can't open MCFG table. Check permission of /sys/firmware/acpi/tables/MCFG
Can't open MCFG table. Check permission of /sys/firmware/acpi/tables/MCFG1
Can't open MCFG table. Check permission of /pcm/sys/firmware/acpi/tables/MCFG
Can't open MCFG table. Check permission of /pcm/sys/firmware/acpi/tables/MCFG1

WARNING: enumeration of devices in UncorePMUDiscovery failed

Can't open MCFG table. Check permission of /sys/firmware/acpi/tables/MCFG
Can't open MCFG table. Check permission of /sys/firmware/acpi/tables/MCFG1
Can't open MCFG table. Check permission of /pcm/sys/firmware/acpi/tables/MCFG
Can't open MCFG table. Check permission of /pcm/sys/firmware/acpi/tables/MCFG1
Can't open MCFG table. Check permission of /sys/firmware/acpi/tables/MCFG
Can't open MCFG table. Check permission of /sys/firmware/acpi/tables/MCFG1
Can't open MCFG table. Check permission of /pcm/sys/firmware/acpi/tables/MCFG
Can't open MCFG table. Check permission of /pcm/sys/firmware/acpi/tables/MCFG1
WARNING: enumeration of devices in UncorePMUDiscovery failed
WARNING: enumeration of devices in UncorePMUDiscovery failed
INFO: Linux perf interface to program uncore PMUs is INFO: Linux perf interface to program uncore PMUs is present
present
INFO: using Linux perf interface to program uncore PMUs because env variable PCM_USE_UNCORE_PERF=1
INFO: using Linux perf interface to program uncore PMUs because env variable PCM_USE_UNCORE_PERF=1
INFO: Secure Boot detected. Using Linux perf for uncore PMU programming.
INFO: Secure Boot detected. Using Linux perf for uncore PMU programming.
INFO: Linux perf interface to program uncore PMUs is present
INFO: using Linux perf interface to program uncore PMUs because env variable PCM_USE_UNCORE_PERF=1
INFO: Secure Boot detected. Using Linux perf for uncore PMU programming.
Socket Socket 00: : 22 memory controllers detected with total number of  memory controllers detected with total number of 66 channels.  channels. 22  UPIUPI ports detected. ports detected.  22 M2M (mesh to memory) blocks detected.  M2M (mesh to memory) blocks detected. 00 Home Agents detected.  Home Agents detected. 22 M3UPI blocks detected.
 M3UPI blocks detected.
Socket 0: 2 memory controllers detected with total number of 6 channels. 2 UPI ports detected. 2 M2M (mesh to memory) blocks detected. 0 Home Agents detected. 2 M3UPI blocks detected.
Socket 0: 2 memory controllers detected with total number of 6 channels. 2 UPI ports detected. 2 M2M (mesh to memory) blocks detected. 0 Home Agents detected. 2 M3UPI blocks detected.
INFO: Linux perf interface to program uncore PMUs is present
INFO: using Linux perf interface to program uncore PMUs because env variable PCM_USE_UNCORE_PERF=1
INFO: Secure Boot detected. Using Linux perf for uncore PMU programming.
Socket 0: 2 memory controllers detected with total number of 6 channels. 2 UPI ports detected. 2 M2M (mesh to memory) blocks detected. 0 Home Agents detected. 2 M3UPI blocks detected.
INFO: Linux perf interface to program uncore PMUs is present
INFO: using Linux perf interface to program uncore PMUs because env variable PCM_USE_UNCORE_PERF=1
INFO: Secure Boot detected. Using Linux perf for uncore PMU programming.
Socket 1: 2 memory controllers detected with total number of 6 channels. 2 UPISocket  ports detected.1 : 22 M2M (mesh to memory) blocks detected.  memory controllers detected with total number of 06 Home Agents detected.  channels. 22 M3UPI blocks detected.
 UPI ports detected. 2 M2M (mesh to memory) blocks detected. 0 Home Agents detected. 2 M3UPI blocks detected.
Socket 1: 2 memory controllers detected with total number of 6 channels. 2 UPI ports detected. 2 M2M (mesh to memory) blocks detected. 0 Home Agents detected. 2 M3UPI blocks detected.
Socket 1: 2 memory controllers detected with total number of 6 channels. 2 UPI ports detected. 2 M2M (mesh to memory) blocks detected. 0 Home Agents detected. 2 M3UPI blocks detected.
Socket 0: 2 memory controllers detected with total number of 6 channels. 2 UPI ports detected. 2 M2M (mesh to memory) blocks detected. 0 Home Agents detected. 2 M3UPI blocks detected.
Socket 0: 2 memory controllers detected with total number of 6 channels. 2 UPI ports detected. 2 M2M (mesh to memory) blocks detected. 0 Home Agents detected. 2 M3UPI blocks detected.
Socket 1: 2 memory controllers detected with total number of 6 channels. 2 UPI ports detected. 2 M2M (mesh to memory) blocks detected. 0 Home Agents detected. 2 M3UPI blocks detected.
Number of physical cores: 16
Number of logical cores: 16
Number of online logical cores: 16
Threads (logical cores) per physical core: 1
Num sockets: 2
Physical cores per socket: 8
Last level cache slices per socket: 0
Core PMU (perfmon) version: 4
Number of core PMU generic (programmable) counters: 8
Width of generic (programmable) counters: 48 bits
Number of core PMU fixed counters: 3
Width of fixed counters: 48 bits
Nominal core frequency: 2100000000 Hz
IBRS enabled in the kernel   : no
STIBP enabled in the kernel  : no
The processor is not susceptible to Rogue Data Cache Load: no
The processor supports enhanced IBRS                     : no

=====  Processor topology  =====
OS_Processor    Thread_Id       Core_Id         Tile_Id         Package_Id      Core_Type   Native_CPU_Model
0               0               0               0               0               invalid         -1              
1               0               1               1               0               invalid         -1              
2               0               2               2               0               invalid         -1              
3               0               3               3               0               invalid         -1              
4               0               4               4               0               invalid         -1              
5               0               5               5               0               invalid         -1              
6               0               6               6               0               invalid         -1              
7               0               7               7               0               invalid         -1              
8               0               0               8               1               invalid         -1              
9               0               1               9               1               invalid         -1              
10              0               2               10              1               invalid         -1              
11              0               3               11              1               invalid         -1              
12              0               4               12              1               invalid         -1              
13              0               5               13              1               invalid         -1              
14              0               6               14              1               invalid         -1              
15              0               7               15              1               invalid         -1              
=====  Placement on packages  =====
Package Id.    Core Id.     Processors
0              0,1,2,3,4,5,6,7
1              0,1,2,3,4,5,6,7

=====  Core/Tile sharing  =====
Level      Processors
Core       (0)(1)(2)(3)(4)(5)(6)(7)(8)(9)(10)(11)(12)(13)(14)(15)
Tile / L2$ (0)(1)(2)(3)(4)(5)(6)(7)(8)(9)(10)(11)(12)(13)(14)(15)

Package thermal spec power: 0 Watt; Package minimum power: 0 Watt; Package maximum power: 0 Watt;

Can't open MCFG table. Check permission of /sys/firmware/acpi/tables/MCFG
Can't open MCFG table. Check permission of /sys/firmware/acpi/tables/MCFG1
Can't open MCFG table. Check permission of /pcm/sys/firmware/acpi/tables/MCFG
Can't open MCFG table. Check permission of /pcm/sys/firmware/acpi/tables/MCFG1
WARNING: enumeration of devices in UncorePMUDiscovery failed
Socket 1: 2 memory controllers detected with total number of 6 channels. 2 UPI ports detected. 2 M2M (mesh to memory) blocks detected. 0 Home Agents detected. 2 M3UPI blocks detected.
INFO: Linux perf interface to program uncore PMUs is present
INFO: using Linux perf interface to program uncore PMUs because env variable PCM_USE_UNCORE_PERF=1
INFO: Secure Boot detected. Using Linux perf for uncore PMU programming.
Socket 1: 2 memory controllers detected with total number of 6 channels. 2 UPI ports detected. 2 M2M (mesh to memory) blocks detected. 0 Home Agents detected. 2 M3UPI blocks detected.
Socket 0: 2 memory controllers detected with total number of 6 channels. 2 UPI ports detected. 2 M2M (mesh to memory) blocks detected. 0 Home Agents detected. 2 M3UPI blocks detected.
Socket 1: 2 memory controllers detected with total number of 6 channels. 2 UPI ports detected. 2 M2M (mesh to memory) blocks detected. 0 Home Agents detected. 2 M3UPI blocks detected.
INFO: using Linux resctrl driver for RDT metrics (L3OCC, LMB, RMB) because environment variable PCM_USE_RESCTRL=1
ERROR: /sys/fs/resctrl is not mounted
ERROR: RDT metrics (L3OCC,LMB,RMB) will not be available
Mount it to make it work: mount -t resctrl resctrl /sys/fs/resctrl

 Closed perf event handles
Trying to use Linux perf events...
INFO: using Linux resctrl driver for RDT metrics (L3OCC, LMB, RMB) because environment variable PCM_USE_RESCTRL=1
ERROR: /sys/fs/resctrl is not mounted
ERROR: RDT metrics (L3OCC,LMB,RMB) will not be available
Mount it to make it work: mount -t resctrl resctrl /sys/fs/resctrl
INFO: using Linux resctrl driver for RDT metrics (L3OCC, LMB, RMB) because environment variable PCM_USE_RESCTRL=1
ERROR: /sys/fs/resctrl is not mounted
ERROR: RDT metrics (L3OCC,LMB,RMB) will not be available
Mount it to make it work: mount -t resctrl resctrl /sys/fs/resctrl
INFO: using Linux resctrl driver for RDT metrics (L3OCC, LMB, RMB) because environment variable PCM_USE_RESCTRL=1
INFO: using Linux resctrl driver for RDT metrics (L3OCC, LMB, RMB) because environment variable PCM_USE_RESCTRL=1
ERROR: /sys/fs/resctrl is not mounted
INFO: using Linux resctrl driver for RDT metrics (L3OCC, LMB, RMB) because environment variable PCM_USE_RESCTRL=1
ERROR: RDT metrics (L3OCC,LMB,RMB) will not be available
ERROR: /sys/fs/resctrl is not mounted
Mount it to make it work: mount -t resctrl resctrl /sys/fs/resctrl
ERROR: RDT metrics (L3OCC,LMB,RMB) will not be available
ERROR: /sys/fs/resctrl is not mounted
Mount it to make it work: mount -t resctrl resctrl /sys/fs/resctrl
ERROR: RDT metrics (L3OCC,LMB,RMB) will not be available
Mount it to make it work: mount -t resctrl resctrl /sys/fs/resctrl
INFO: using Linux resctrl driver for RDT metrics (L3OCC, LMB, RMB) because environment variable PCM_USE_RESCTRL=1
Successfully programmed on-core PMU using Linux perf
ERROR: /sys/fs/resctrl is not mounted
ERROR: RDT metrics (L3OCC,LMB,RMB) will not be available
Mount it to make it work: mount -t resctrl resctrl /sys/fs/resctrl

 Closed perf event handles
Trying to use Linux perf events...



 Closed perf event handles
Trying to use Linux perf events...
 Closed perf event handles
Trying to use Linux perf events...
 Closed perf event handles
Trying to use Linux perf events...

INFO: using Linux resctrl driver for RDT metrics (L3OCC, LMB, RMB) because environment variable PCM_USE_RESCTRL=1
ERROR: /sys/fs/resctrl is not mounted
ERROR: RDT metrics (L3OCC,LMB,RMB) will not be available
Mount it to make it work: mount -t resctrl resctrl /sys/fs/resctrl
 Closed perf event handles

Trying to use Linux perf events...
 Closed perf event handles
Trying to use Linux perf events...

Successfully programmed on-core PMU using Linux perf
 Closed perf event handles
Trying to use Linux perf events...
Successfully programmed on-core PMU using Linux perf
Successfully programmed on-core PMU using Linux perf
Successfully programmed on-core PMU using Linux perf
Successfully programmed on-core PMU using Linux perf
Successfully programmed on-core PMU using Linux perf
Successfully programmed on-core PMU using Linux perf
Socket 0
Max UPI link 0 speed: 1.4 GBytes/second (0.6 GT/second)
Max UPI link 1 speed: 1.4 GBytes/second (0.6 GT/second)
Socket 1
Max UPI link 0 speed: 1.3 GBytes/second (0.6 GT/second)
Max UPI link 1 speed: 1.3 GBytes/second (0.6 GT/second)

Detected Intel(R) Xeon(R) Silver 4208 CPU @ 2.10GHz "Intel(r) microarchitecture codename Cascade Lake-SP" stepping 7

Executing "./VH/ior/src/ior" command:
Socket 0
Max UPI link 0 speed: 1.6 GBytes/second (0.7 GT/second)
Max UPI link 1 speed: 1.6 GBytes/second (0.7 GT/second)
Socket 1
Max UPI link 0 speed: 1.2 GBytes/second (0.5 GT/second)
Max UPI link 1 speed: 1.2 GBytes/second (0.5 GT/second)

Detected Intel(R) Xeon(R) Silver 4208 CPU @ 2.10GHz "Intel(r) microarchitecture codename Cascade Lake-SP" stepping 7

Executing "./VH/ior/src/ior" command:
Socket 0
Max UPI link 0 speed: 1.3 GBytes/second (0.6 GT/second)
Max UPI link 1 speed: 1.3 GBytes/second (0.6 GT/second)
Socket 1
Max UPI link 0 speed: 1.2 GBytes/second (0.5 GT/second)
Max Socket UPI link 0
Max UPI link 0 speed: 1.21 GBytes/second ( speed: 0.6 GT/second)
Max UPI link 11.2 speed:  GBytes/second (1.20.5 GBytes/second ( GT/second)
0.6 GT/second)
Socket 1
Detected 
Max Intel(R) Xeon(R) Silver 4208 CPU @ 2.10GHzUPI "Intel(r) microarchitecture codename  link Cascade Lake-SP0" stepping  speed: 71.1
 GBytes/second (0.5 GT/second)
Max UPI link 1 speed: 1.1 GBytes/second (0.5 GT/second)

Detected Intel(R) Xeon(R) Silver 4208 CPU @ 2.10GHz "Intel(r) microarchitecture codename Cascade Lake-SP" stepping 7

Executing "./VH/ior/src/ior" command:

Executing "./VH/ior/src/ior" command:
Socket 0
Max UPI link 0 speed: 1.2 GBytes/second (0.5 GT/second)
Max UPI link 1 speed: 1.2 GBytes/second (0.5 GT/second)
Socket 1
Max UPI link 0 speed: 1.4 GBytes/second (0.6 GT/second)
Max UPI link 1 speed: 1.4 GBytes/second (0.6 GT/second)

Detected Intel(R) Xeon(R) Silver 4208 CPU @ 2.10GHz "Intel(r) microarchitecture codename Cascade Lake-SP" stepping 7

Executing "./VH/ior/src/ior" command:
Socket 0
Max UPI link 0 speed: 1.2 GBytes/second (0.5 GT/second)
Max UPI link 1 speed: 1.2 GBytes/second (0.5 GT/second)
Socket 1
Max UPI link 0 speed: 1.3 GBytes/second (0.6 GT/second)
Max UPI link 1 speed: 1.3 GBytes/second (Socket 0.6 GT/second)
0

Detected Max UPI link Intel(R) Xeon(R) Silver 4208 CPU @ 2.10GHz0 "Intel(r) microarchitecture codename  speed: Cascade Lake-SP" stepping 7
1.7 GBytes/second (0.7 GT/second)
Max UPI link 1 speed: 1.7 GBytes/second (0.7 GT/second)
Socket 1
Max UPI link 0 speed: 1.4 GBytes/second (0.6 GT/second)
Max UPI link 1 speed: 1.4 GBytes/second (0.6 GT/second)

Detected Intel(R) Xeon(R) Silver 4208 CPU @ 2.10GHz "Intel(r) microarchitecture codename Cascade Lake-SP" stepping 7

Executing "./VH/ior/src/ior" command:

Executing "./VH/ior/src/ior" command:
Socket 0
Max UPI link 0 speed: 1.3 GBytes/second (0.6 GT/second)
Max UPI link 1 speed: 1.3 GBytes/second (0.6 GT/second)
Socket 1
Max UPI link 0 speed: 1.3 GBytes/second (0.6 GT/second)
Max UPI link 1 speed: 1.3 GBytes/second (0.6 GT/second)

Detected Intel(R) Xeon(R) Silver 4208 CPU @ 2.10GHz "Intel(r) microarchitecture codename Cascade Lake-SP" stepping 7

Executing "./VH/ior/src/ior" command:
IOR-4.1.0+dev: MPI Coordinated Test of Parallel I/O
Began               : Thu Mar 21 18:01:00 2024
Command line        : ./VH/ior/src/ior -t 1m -b 8m -s 8 -o test_actual -F
Machine             : Linux muffin
TestID              : 0
StartTime           : Thu Mar 21 18:01:00 2024
Path                : test_actual.00000000
FS                  : 79.0 TiB   Used FS: 12.7%   Inodes: 16179.2 Mi   Used Inodes: 0.2%

Options: 
api                 : POSIX
apiVersion          : 
test filename       : test_actual
access              : file-per-process
type                : independent
segments            : 8
ordering in a file  : sequential
ordering inter file : no tasks offsets
nodes               : 1
tasks               : 8
clients per node    : 8
memoryBuffer        : CPU
dataAccess          : CPU
GPUDirect           : 0
repetitions         : 1
xfersize            : 1 MiB
blocksize           : 8 MiB
aggregate filesize  : 512 MiB

Results: 

access    bw(MiB/s)  IOPS       Latency(s)  block(KiB) xfer(KiB)  open(s)    wr/rd(s)   close(s)   total(s)   iter
------    ---------  ----       ----------  ---------- ---------  --------   --------   --------   --------   ----
write     10.61      113.42     0.004751    8192       1024.00    4.48       4.51       48.21      48.25      0   
read      8.24       8.40       7.60        8192       1024.00    1.16       60.96      0.409029   62.13      0   

Summary of all tests:
Operation   Max(MiB)   Min(MiB)  Mean(MiB)     StdDev   Max(OPs)   Min(OPs)  Mean(OPs)     StdDev    Mean(s) Stonewall(s) Stonewall(MiB) Test# #Tasks tPN reps fPP reord reordoff reordrand seed segcnt   blksiz    xsize aggs(MiB)   API RefNum
write          10.61      10.61      10.61       0.00      10.61      10.61      10.61       0.00   48.24506         NA            NA     0      8   8    1   1     0        1         0    0      8  8388608  1048576     512.0 POSIX      0
read            8.24       8.24       8.24       0.00       8.24       8.24       8.24       0.00   62.12709         NA            NA     0      8   8    1   1     0        1         0    0      8  8388608  1048576     512.0 POSIX      0
Finished            : Thu Mar 21 18:02:51 2024
DEBUG: caught signal to interrupt (Child exited).
Cleaning up
 Closed perf event handles
DEBUG: caught signal to interrupt (Child exited).
Cleaning up
 Closed perf event handles
DEBUG: caught signal to interrupt (Child exited).
Cleaning up
DEBUG: caught signal to interrupt ( Closed perf event handles
Child exited).
Cleaning up
 Closed perf event handles
DEBUG: caught signal to interrupt (DEBUG: caught signal to interrupt (DEBUG: caught signal to interrupt (Child exited).
Child exited).
Child exited).
Cleaning up
Cleaning up
Cleaning up
 Closed perf event handles
 Closed perf event handles
 Closed perf event handles
DEBUG: caught signal to interrupt (Child exited).
Cleaning up
 Closed perf event handles
 Zeroed uncore PMU registers
 Zeroed uncore PMU registers
 Zeroed uncore PMU registers
 Zeroed uncore PMU registers
 Zeroed uncore PMU registers
 Zeroed uncore PMU registers
 Zeroed uncore PMU registers
 Zeroed uncore PMU registers
	Command being timed: "mpirun -vh -np 8 /usr/sbin/pcm 0.1 -csv=./output/2/vh_IOR_VH_2.csv -- ./VH/ior/src/ior -t 1m -b 8m -s 8 -o test_actual -F"
	User time (seconds): 5.66
	System time (seconds): 2.75
	Percent of CPU this job got: 7%
	Elapsed (wall clock) time (h:mm:ss or m:ss): 1:53.32
	Average shared text size (kbytes): 0
	Average unshared data size (kbytes): 0
	Average stack size (kbytes): 0
	Average total size (kbytes): 0
	Maximum resident set size (kbytes): 141484
	Average resident set size (kbytes): 0
	Major (requiring I/O) page faults: 2
	Minor (reclaiming a frame) page faults: 5254
	Voluntary context switches: 150747
	Involuntary context switches: 10900
	Swaps: 0
	File system inputs: 0
	File system outputs: 6720
	Socket messages sent: 0
	Socket messages received: 0
	Signals delivered: 0
	Page size (bytes): 4096
	Exit status: 0
----------------------- Start VH IOR 2024-03-21_18-02-51 -----------------------


 Intel(r) Performance Counter Monitor  Intel(r) Performance Counter Monitor (2022-11-24 10:18:12 +0100 ID=1b16bb4e)(2022-11-24 10:18:12 +0100 ID=1b16bb4e)





PCM Info: setrlimit for file limit PCM Info: setrlimit for file limit 10000001000000 failed with error  failed with error Operation not permittedOperation not permitted


=====  Processor information  =====

=====  Processor information  =====

 Intel(r) Performance Counter Monitor 
(2022-11-24 10:18:12 +0100 ID=1b16bb4e) Intel(r) Performance Counter Monitor 

(2022-11-24 10:18:12 +0100 ID=1b16bb4e)

 Intel(r) Performance Counter Monitor 

 Intel(r) Performance Counter Monitor (2022-11-24 10:18:12 +0100 ID=1b16bb4e)

(2022-11-24 10:18:12 +0100 ID=1b16bb4e)

 Intel(r) Performance Counter Monitor PCM Info: setrlimit for file limit 

 Intel(r) Performance Counter Monitor 
(2022-11-24 10:18:12 +0100 ID=1b16bb4e)1000000
(2022-11-24 10:18:12 +0100 ID=1b16bb4e)

PCM Info: setrlimit for file limit  failed with error 
Linux arch_perfmon flag  : 

1000000Operation not permittedyesPCM Info: setrlimit for file limit 
PCM Info: setrlimit for file limit 
 failed with error 

1000000
1000000Operation not permittedHybrid processor         :  failed with error PCM Info: setrlimit for file limit  failed with error 
noOperation not permittedPCM Info: setrlimit for file limit 1000000
=====  Processor information  =====
Operation not permitted

1000000 failed with error 
IBRS and IBPB supported  :  failed with error 
=====  Processor information  =====
Operation not permittedyesOperation not permitted


STIBP supported          : 
=====  Processor information  =====
yes
=====  Processor information  =====

Spec arch caps supported : yes
Max CPUID level          : 22
CPU model number         : 
=====  Processor information  =====

=====  Processor information  =====
85
Linux arch_perfmon flag  : yes
Linux arch_perfmon flag  : Hybrid processor         : yesLinux arch_perfmon flag  : no

Linux arch_perfmon flag  : yesHybrid processor         : Linux arch_perfmon flag  : IBRS and IBPB supported  : 
noyesyesyesHybrid processor         : 



noIBRS and IBPB supported  : Hybrid processor         : Hybrid processor         : STIBP supported          : 
yesnonoyesIBRS and IBPB supported  : 



yesSTIBP supported          : IBRS and IBPB supported  : IBRS and IBPB supported  : Spec arch caps supported : 
yesyesyesyesSTIBP supported          : 



yesSpec arch caps supported : STIBP supported          : STIBP supported          : Max CPUID level          : 
yesyesyes
22Spec arch caps supported : 

Spec arch caps supported : 
yesMax CPUID level          : Spec arch caps supported : yesCPU model number         : 
22yes
85Max CPUID level          : 

Max CPUID level          : 
22CPU model number         : Max CPUID level          : 22
8522
CPU model number         : 

CPU model number         : 85CPU model number         : 85
85

Number of physical cores: 16
Number of logical cores: 16
Number of online logical cores: 16
Threads (logical cores) per physical core: 1
Num sockets: 2
Physical cores per socket: 8
Last level cache slices per socket: 0
Core PMU (perfmon) version: 4
Number of core PMU generic (programmable) counters: 8
Width of generic (programmable) counters: 48 bits
Number of core PMU fixed counters: 3
Width of fixed counters: 48 bits
Nominal core frequency: 2100000000 Hz
IBRS enabled in the kernel   : no
STIBP enabled in the kernel  : no
The processor is not susceptible to Rogue Data Cache Load: no
The processor supports enhanced IBRS                     : no

=====  Processor topology  =====
OS_Processor    Thread_Id       Core_Id         Tile_Id         Package_Id      Core_Type   Native_CPU_Model
0               0               0               0               0               invalid         -1              
1               0               1               1               0               invalid         -1              
2               0               2               2               0               invalid         -1              
3               0               3               3               0               invalid         -1              
4               0               4               4               0               invalid         -1              
5               0               5               5               0               invalid         -1              
6               0               6               6               0               invalid         -1              
7               0               7               7               0               invalid         -1              
8               0               0               8               1               invalid         -1              
9               0               1               9               1               invalid         -1              
10              0               2               10              1               invalid         -1              
11              0               3               11              1               invalid         -1              
12              0               4               12              1               invalid         -1              
13              0               5               13              1               invalid         -1              
14              0               6               14              1               invalid         -1              
15              0               7               15              1               invalid         -1              
=====  Placement on packages  =====
Package Id.    Core Id.     Processors
0              0,1,2,3,4,5,6,7
1              0,1,2,3,4,5,6,7

=====  Core/Tile sharing  =====
Level      Processors
Core       (0)(1)(2)(3)(4)(5)(6)(7)(8)(9)(10)(11)(12)(13)(14)(15)
Tile / L2$ (0)(1)(2)(3)(4)(5)(6)(7)(8)(9)(10)(11)(12)(13)(14)(15)

Package thermal spec power: 0 Watt; Package minimum power: 0 Watt; Package maximum power: 0 Watt;

Can't open MCFG table. Check permission of /sys/firmware/acpi/tables/MCFG
Can't open MCFG table. Check permission of /sys/firmware/acpi/tables/MCFG1
Can't open MCFG table. Check permission of /pcm/sys/firmware/acpi/tables/MCFG
Can't open MCFG table. Check permission of /pcm/sys/firmware/acpi/tables/MCFG1
WARNING: enumeration of devices in UncorePMUDiscovery failed
INFO: Linux perf interface to program uncore PMUs is present
Number of physical cores: INFO: using Linux perf interface to program uncore PMUs because env variable PCM_USE_UNCORE_PERF=1
INFO: Secure Boot detected. Using Linux perf for uncore PMU programming.
Number of physical cores: 16
Number of logical cores: Number of physical cores: 1616
Number of physical cores: 
16Number of logical cores: Number of physical cores: Number of online logical cores: 
161616Number of logical cores: 16


16
Number of online logical cores: Number of logical cores: Threads (logical cores) per physical core: 
Number of logical cores: 16161Number of online logical cores: 16


16
Threads (logical cores) per physical core: Number of online logical cores: Num sockets: 
Number of online logical cores: 1162Threads (logical cores) per physical core: 16


1
Num sockets: Threads (logical cores) per physical core: Physical cores per socket: 
Threads (logical cores) per physical core: 218Num sockets: 1


2
Physical cores per socket: Num sockets: Last level cache slices per socket: 
Num sockets: 820Physical cores per socket: 2


8
Last level cache slices per socket: Physical cores per socket: Core PMU (perfmon) version: 
Physical cores per socket: 084Last level cache slices per socket: 8


0
Core PMU (perfmon) version: Last level cache slices per socket: Number of core PMU generic (programmable) counters: 
Last level cache slices per socket: 408Core PMU (perfmon) version: 0


4
Number of core PMU generic (programmable) counters: Core PMU (perfmon) version: Width of generic (programmable) counters: 
Core PMU (perfmon) version: 8448Number of core PMU generic (programmable) counters: 4

 bits
8
Width of generic (programmable) counters: Number of core PMU generic (programmable) counters: Number of core PMU fixed counters: 
Number of core PMU generic (programmable) counters: 4883Width of generic (programmable) counters: 8 bits


48
Number of core PMU fixed counters: Width of generic (programmable) counters: Width of fixed counters:  bits
Width of generic (programmable) counters: 34848Number of core PMU fixed counters: 48
 bits
 bits
3 bits
Width of fixed counters: Number of core PMU fixed counters: Nominal core frequency: 
Number of core PMU fixed counters: 4832100000000Width of fixed counters:  Hz
483IBRS enabled in the kernel   :  bits
no bits

Nominal core frequency: 

Width of fixed counters: 2100000000Linux arch_perfmon flag  : Nominal core frequency: Width of fixed counters: 2100000000Linux arch_perfmon flag  : STIBP enabled in the kernel  : 48 Hz
yes48 Hz
no bits
IBRS enabled in the kernel   : yes
 bits
IBRS enabled in the kernel   : 
Nominal core frequency: no
Hybrid processor         : Nominal core frequency: noThe processor is not susceptible to Rogue Data Cache Load: 2100000000
Hybrid processor         : no2100000000
no Hz
STIBP enabled in the kernel  : no
 Hz
STIBP enabled in the kernel  : 
IBRS enabled in the kernel   : no
IBRS and IBPB supported  : IBRS and IBPB supported  : IBRS enabled in the kernel   : noThe processor supports enhanced IBRS                     : no
yesyesno
no
The processor is not susceptible to Rogue Data Cache Load: 


The processor is not susceptible to Rogue Data Cache Load: 
STIBP enabled in the kernel  : noSTIBP supported          : STIBP supported          : STIBP enabled in the kernel  : no
=====  Processor topology  =====
no
yesyesno
OS_Processor    Thread_Id       Core_Id         Tile_Id         Package_Id      Core_Type   Native_CPU_Model

The processor supports enhanced IBRS                     : 


The processor supports enhanced IBRS                     : 0               The processor is not susceptible to Rogue Data Cache Load: noSpec arch caps supported : Spec arch caps supported : The processor is not susceptible to Rogue Data Cache Load: no0               no
yesyesno
0               
=====  Processor topology  =====
0               
OS_Processor    Thread_Id       Core_Id         Tile_Id         Package_Id      Core_Type   Native_CPU_Model
0               
=====  Processor topology  =====
The processor supports enhanced IBRS                     : 0               invalid
OS_Processor    Thread_Id       Core_Id         Tile_Id         Package_Id      Core_Type   Native_CPU_Model
no
0                
Max CPUID level          : 0               
Max CPUID level          : 0                 The processor supports enhanced IBRS                     : 220               
=====  Processor topology  =====
220                 no
0               OS_Processor    Thread_Id       Core_Id         Tile_Id         Package_Id      Core_Type   Native_CPU_Model

0                 
CPU model number         : 0               0               CPU model number         : invalid 
=====  Processor topology  =====
850               0               85  OS_Processor    Thread_Id       Core_Id         Tile_Id         Package_Id      Core_Type   Native_CPU_Model

invalid0               
 -1              0                0                
0                0                0               1                invalid 0               0                  0               1                  invalid1                   0                   invalid  -1                  
  -1                1                
    0                -1               1               
 1               1                 1               0                Socket 0               -1              0               invalid 1               
01                 1               1               : 1                0               -1              0               20                invalid
1                memory controllers detected with total number of invalid  1               2               6   0               0                channels.    invalid2               2    2                    0               UPI    invalid ports detected. -1                   
   2  2                  M2M (mesh to memory) blocks detected.  -1              0                 0-1              
2                  Home Agents detected. 
2               2                 22               0               0               -1                M3UPI blocks detected.
0               invalid2               
 2                2               2                2                0               0               -1              0                invalid2               
invalid  2               3                  0               0                  invalid3                   3                   0                 -1               
  3                invalid   0                  3                -1                3                
  0                3                 invalid-1              0                  
3               -1                3               3               
 3                0               0                0                3               invalid-1              3                3                
3                0                4               0                invalid 0               invalid   4                   4                -1                0                
  invalid 4                   0                   4                -1                4                
  0                4                 invalid-1              0                -1               
4                
 4               4                4                0               0                0                4               invalid-1              4                4                
4                0                5               0                invalidNumber of physical cores: Number of physical cores: 16
 Number of logical cores: 160                16invalid
 
5                Number of logical cores:  Number of online logical cores: 5                16 160                
 
invalid Number of online logical cores:  Threads (logical cores) per physical core:   16-1              1  


  Threads (logical cores) per physical core: Num sockets: 5                 120                 

5                -1              Num sockets: Physical cores per socket: 5                
280                5               

invalid 0               Physical cores per socket: Last level cache slices per socket:  -1              5               80 
5               

 0               6               Last level cache slices per socket: Core PMU (perfmon) version:  invalid0               04  6               

 Socket  6               Core PMU (perfmon) version: Number of core PMU generic (programmable) counters:  1 0               48 :  invalid

 2  Number of core PMU generic (programmable) counters: Width of generic (programmable) counters: -1               memory controllers detected with total number of   848
6  
 bits
6                  -1                channels. 
   25                   Width of generic (programmable) counters: 0                 UPI-1              5               48   ports detected.
5                bits
   0               6               Number of core PMU fixed counters:   2invalid0               3-1                M2M (mesh to memory) blocks detected.  6               

-1              0 6               Width of fixed counters: 5               
 Home Agents detected.  0               480               7               2    invalid bits
5               0                M3UPI blocks detected.
  Nominal core frequency: 5               7                 21000000000               7               -1                Hz
invalid0               
 IBRS enabled in the kernel   :  invalid6                no  0                
  6                STIBP enabled in the kernel  :   6                no  0                
  invalid-1              The processor is not susceptible to Rogue Data Cache Load:    
no   7               
Number of core PMU fixed counters: 0               3
Width of fixed counters:  6               486                bits
0               -1              Nominal core frequency: invalid
2100000000  Hz
6                IBRS enabled in the kernel   : 0                no6                
6                STIBP enabled in the kernel  : 0                noinvalid 
  The processor is not susceptible to Rogue Data Cache Load:   no -1              
 
The processor supports enhanced IBRS                     :  no7                
0                
=====  Processor topology  =====
7                OS_Processor    Thread_Id       Core_Id         Tile_Id         Package_Id      Core_Type   Native_CPU_Model
7                0               0               -1              0               invalid
0                7               0                0               0                7               invalid 7                 0                 invalid          -1                
  8                 0                -1              0                
8               1                1               0               -1              invalid1               
 1               8                0               0                invalid0                 8                 1                  -1               0               
 The processor supports enhanced IBRS                     : 7               8               7                 no0               0                 
0               invalid  8                 
=====  Processor topology  =====
 1                -1              OS_Processor    Thread_Id       Core_Id         Tile_Id         Package_Id      Core_Type   Native_CPU_Model
-1              invalid 
0               
  7               0               9                 0               0               0                 7               0               1                 7               0               9                 0               invalid1                 invalid invalid -1                  
    8                  -1              0                  
0                  9               8                  0               1                  1               invalid   9                 -1               1                -1              
-1              invalid 

1                 8               10              0                 0               0               1                 0               2               1                 8               10              0                 1               1               invalid  invalidinvalid  -1                  
    9                  -1                     -1              
2               0               2               2               0               invalid      invalid    0               -1               
  1               3                 9               0                 1               3                 invalid3                  0                  invalid  -1              -1                

  9                9                0                0                1                1                9                9                1                1               -1              invalid invalid
    10              -1                0               
  2               4                 10              0                 1               4                 invalid4                  0                  invalid -1                -1              
  
10                10               0                2                
 10               0                10               1                 0               2                invalid  2               10                 -1              10              1                 
1               invalid-1              -1               2               invalid 

 0                 11               2                11               0                2                0                3                0                3                11               invalid 11               1                  1                invalid-1                invalid  
       -1                
   11               -1               0               -1               
 3               
 11              5                 11               11              0               0                 1                 0               5               3                 invalid 3               5               11                   11              0               1                   -1              1               invalid invalid-1                 
invalid   
-1                12                  12              
 0                    0               3               -1              
4                  4               0               12              12                 12              3               3               0               0               4               1               invalid12               invalid -1              1                   
1               invalid        6               invalid     0                  -1                6                 -1              
 -1              6                 
 12              
0                 12               0               4               invalid  0                4               0                  4                12              4                   12              -1              1               4                 -1              1               
invalid0                 
invalid13               invalid     -1              13               0                   
0               5                13               5               1                 invalid  13                  13                1                    0                 invalid    -1              5               -1               -1                 
13              
 
   5               1               13               7                -1              0               invalid0                0               -1              
5                5                7               
14              5                13               7               13              0               0                1                0               0               6               invalid invalid     invalid5               14                    13              1                   -1               1               invalid           
  -1                 14              
 -1               0                14               invalid
-1              INFO: using Linux resctrl driver for RDT metrics (L3OCC, LMB, RMB) because environment variable PCM_USE_RESCTRL=1
6               0                  14              
14              6                 ERROR: /sys/fs/resctrl is not mounted
-1              0               15              1               14                ERROR: RDT metrics (L3OCC,LMB,RMB) will not be available

6               0               invalid1                 Mount it to make it work: mount -t resctrl resctrl /sys/fs/resctrl
6               14              7                 invalid  0               1               15                         6               -1              invalid1                  -1              6               
 invalid-1               
0               14                
 invalid         -1              
7               0               7               7               0               invalid       8                 -1              0               
0               6                8               0                14              15               0                8                 1               0                0                1                 invalid7                8                invalid   15               1                   1                invalid   invalid-1                -1                      -1               
-1               
    
 =====  Placement on packages  =====

 15               15               Package Id.    Core Id.     Processors

15               0               -1              0                0              0                7               
7               9                07                15              15              0                ,15               1               1               1                11                 invalidinvalid 9                ,2invalid-1                    1                   -1              ,invalid   
 
 3 Closed perf event handles
      =====  Placement on packages  =====
  9               , Trying to use Linux perf events...
 Package Id.    Core Id.     Processors
  0               4-1                0                1               ,
-1              0 -1              9               1               5=====  Placement on packages  =====

, 
invalid,Package Id.    Core Id.     Processors
=====  Placement on packages  =====
1 =====  Placement on packages  =====
  60              Package Id.    Core Id.     Processors
,  -1              
10              0               2               10              1               invalid         -1              
11              0               3               11              1               invalid         -1              
12              0               4               12              1               invalid        Package Id.    Core Id.     Processors
 ,00              2 0                 7,0,-1              0 
1,3
,13              1 0               ,1               5               2,0-1              113              ,2,,
Successfully programmed on-core PMU using Linux perf
1               ,3,1,2,3,4,5410              invalid2,3,,0                ,4,652                 3,4,,10               ,5,7
61                4,5
=====  Core/Tile sharing  =====
,invalid ,6,Level      Processors
Core       7   5,6(
   ,7,01                 6
7)0  -1              
,1              
1              (01,, )114              1-1              7(,00               ,

2)2,6               211              1              (,114              ,0               033,1               33               ,),2invalid,11              1(4, 41               ,4,3 ,invalid 2)5,4   5 ,(,, , 3565 6 ,),, , 4(7
6
=====  Core/Tile sharing  =====
 ,Level      Processors
Core       7-1              7 (


 0
=====  Core/Tile sharing  =====
15              
=====  Core/Tile sharing  =====
 )Level      Processors
Core       0               Level      Processors
Core        ((7               (-1              1015              0
))1               )12              ((invalid(0               21 14               )) )12              (( (1               32 2invalid)) ) (( ( 43 3 )) ) (( ( 5)4-1              4 ()
),65),(67,)7(
8
=====  Core/Tile sharing  =====
)Level      Processors
Core       ((90))((101))((112))((123))((134))((145))((156))
Tile / L2$ ((70))((81))((92))((103))((114))((125) )((613 (6)=====  Placement on packages  =====
)Package Id.    Core Id.     Processors
( 5)((0              5)-1              (7140)(6)
(7713              )))0               )(,(((5               (8186813              15),)))1               )(2(((invalid
Tile / L2$ 9,979  ()3)))  0(,(((  )10410810  (),))) 1(5(((-1              )11,11911
()6)))14              2(,((10()120               ())6               11(12(14              7)1312)31               
())()invalid1              12((13( 0)1413)4 ,())() 113((14( ,)1514)5 2())() ,14
(15( 3)
15)Package thermal spec power: 6 ,()
Tile / L2$ 0) 415
Tile / L2$ ( Watt; (-1              ,)(0Package minimum power: 7
5
Tile / L2$ 0)0)15              ,()( Watt; (0               60(1)(Package maximum power: 280)7               ) Watt;
,(()15              7139(1               
)))1invalid
=====  Core/Tile sharing  =====
((() Level      Processors
Core       4210)(11)(12)(13)(14)(     ())(2  0((15) )53)(-1              ())
3
1((
)=====  Placement on packages  =====
)64(Package Id.    Core Id.     Processors
Package thermal spec power: 
())40              02(()0 Watt; )7Can't open MCFG table. Check permission of 5(,Package minimum power: ()/sys/firmware/acpi/tables/MCFG)51,02 Watt; 3,Package maximum power: )(30(,8 Watt;
44)),((595,))6((,1067))
((
1              (117)(6)(7)06)Can't open MCFG table. Check permission of )(8),)(/sys/firmware/acpi/tables/MCFG1(((12
1897
)Can't open MCFG table. Check permission of /pcm/sys/firmware/acpi/tables/MCFG
Can't open MCFG table. Check permission of ,)))(13)/pcm/sys/firmware/acpi/tables/MCFG1(9()(1010))((1111))((1212))(((13Can't open MCFG table. Check permission of 13)/sys/firmware/acpi/tables/MCFG()(
14(14Can't open MCFG table. Check permission of )14)/sys/firmware/acpi/tables/MCFG1()(
15(15Can't open MCFG table. Check permission of )15)/pcm/sys/firmware/acpi/tables/MCFG8
)

Can't open MCFG table. Check permission of /pcm/sys/firmware/acpi/tables/MCFG1
)

Tile / L2$ 
WARNING: enumeration of devices in UncorePMUDiscovery failed
(Package thermal spec power: Package thermal spec power: 
20,)30(,14 Watt; ),Package minimum power: WARNING: enumeration of devices in UncorePMUDiscovery failed
(502, Watt; )6Package maximum power: (,037 Watt;
)
(
=====  Core/Tile sharing  =====
4Level      Processors
Core       )((05))((16))((27))((38))((49))((510))((611))((712))((813))((914))((1015))(
11
)(12Package thermal spec power: )0( Watt; 13Package minimum power: )0( Watt; 14Package maximum power: )0 Watt;
(
15)
Tile / L2$ (0)(1)(INFO: Linux perf interface to program uncore PMUs is present
09INFO: using Linux perf interface to program uncore PMUs because env variable PCM_USE_UNCORE_PERF=1
)Can't open MCFG table. Check permission of INFO: Secure Boot detected. Using Linux perf for uncore PMU programming.
 Watt; (Package minimum power: /sys/firmware/acpi/tables/MCFG100
) Watt; Can't open MCFG table. Check permission of (Package maximum power: /sys/firmware/acpi/tables/MCFG1110
) Watt;
Can't open MCFG table. Check permission of (/pcm/sys/firmware/acpi/tables/MCFG12
)Can't open MCFG table. Check permission of (/pcm/sys/firmware/acpi/tables/MCFG113
)(14)(15)

Package thermal spec power: 0 Watt; Package minimum power: 0 Watt; Package maximum power: 0 Watt;
WARNING: enumeration of devices in UncorePMUDiscovery failed

Can't open MCFG table. Check permission of /sys/firmware/acpi/tables/MCFG
Can't open MCFG table. Check permission of /sys/firmware/acpi/tables/MCFG1
Can't open MCFG table. Check permission of /pcm/sys/firmware/acpi/tables/MCFG
Can't open MCFG table. Check permission of /pcm/sys/firmware/acpi/tables/MCFG1


INFO: Linux perf interface to program uncore PMUs is Can't open MCFG table. Check permission of present
/sys/firmware/acpi/tables/MCFGINFO: using Linux perf interface to program uncore PMUs because env variable PCM_USE_UNCORE_PERF=1
Can't open MCFG table. Check permission of 
INFO: Secure Boot detected. Using Linux perf for uncore PMU programming.
/sys/firmware/acpi/tables/MCFGCan't open MCFG table. Check permission of 
/sys/firmware/acpi/tables/MCFG1Can't open MCFG table. Check permission of 
/sys/firmware/acpi/tables/MCFG1Can't open MCFG table. Check permission of 
/pcm/sys/firmware/acpi/tables/MCFGCan't open MCFG table. Check permission of 
/pcm/sys/firmware/acpi/tables/MCFGCan't open MCFG table. Check permission of 
/pcm/sys/firmware/acpi/tables/MCFG1Can't open MCFG table. Check permission of 
/pcm/sys/firmware/acpi/tables/MCFG1
WARNING: enumeration of devices in UncorePMUDiscovery failed
WARNING: enumeration of devices in UncorePMUDiscovery failed
INFO: Linux perf interface to program uncore PMUs is (WARNING: enumeration of devices in UncorePMUDiscovery failed
2)INFO: Linux perf interface to program uncore PMUs is (3)present
(INFO: using Linux perf interface to program uncore PMUs because env variable PCM_USE_UNCORE_PERF=1
4INFO: Secure Boot detected. Using Linux perf for uncore PMU programming.
)(5)(6)(7)(8)(9)(10)(11)(12)(13)(14)(15)

Package thermal spec power: 0 Watt; Package minimum power: 0 Watt; Package maximum power: 0 Watt;

Can't open MCFG table. Check permission of /sys/firmware/acpi/tables/MCFG
Can't open MCFG table. Check permission of INFO: Linux perf interface to program uncore PMUs is /sys/firmware/acpi/tables/MCFG1present

INFO: using Linux perf interface to program uncore PMUs because env variable PCM_USE_UNCORE_PERF=1
Can't open MCFG table. Check permission of INFO: Secure Boot detected. Using Linux perf for uncore PMU programming.
/pcm/sys/firmware/acpi/tables/MCFG
Can't open MCFG table. Check permission of /pcm/sys/firmware/acpi/tables/MCFG1
WARNING: enumeration of devices in UncorePMUDiscovery failed
Socket 0: 2 memory controllers detected with total number of 6 channels. 2 UPI ports detected. 2 M2M (mesh to memory) blocks detected. 0 Home Agents detected. 2 M3UPI blocks detected.
present
INFO: Linux perf interface to program uncore PMUs is INFO: using Linux perf interface to program uncore PMUs because env variable PCM_USE_UNCORE_PERF=1
INFO: Secure Boot detected. Using Linux perf for uncore PMU programming.
INFO: Linux perf interface to program uncore PMUs is present
present
INFO: using Linux perf interface to program uncore PMUs because env variable PCM_USE_UNCORE_PERF=1
INFO: Secure Boot detected. Using Linux perf for uncore PMU programming.
INFO: using Linux perf interface to program uncore PMUs because env variable PCM_USE_UNCORE_PERF=1
INFO: Secure Boot detected. Using Linux perf for uncore PMU programming.
Socket 0: 2 memory controllers detected with total number of 6 channels. 2 UPI ports detected. 2 M2M (mesh to memory) blocks detected. 0 Home Agents detected. 2 M3UPI blocks detected.
Socket 0: 2 memory controllers detected with total number of 6 channels. 2 UPI ports detected. 2 M2M (mesh to memory) blocks detected. 0 Home Agents detected. 2 M3UPI blocks detected.
Socket 0: 2 memory controllers detected with total number of 6 channels. 2 UPI ports detected. 2 M2M (mesh to memory) blocks detected. 0 Home Agents detected. 2 M3UPI blocks detected.
Socket 1Socket : 0Socket 2: 0 memory controllers detected with total number of 2: 6 memory controllers detected with total number of 2 channels. 6 memory controllers detected with total number of 2 channels. 6 2 channels. UPI 2 ports detected.UPI   ports detected.UPI2  ports detected. M2M (mesh to memory) blocks detected. 2 0 M2M (mesh to memory) blocks detected. 2 Home Agents detected. 0 M2M (mesh to memory) blocks detected. 2 Home Agents detected. 0 M3UPI blocks detected.
2 Home Agents detected.  M3UPI blocks detected.
2 M3UPI blocks detected.
Socket 0Socket : 12:  memory controllers detected with total number of 26 memory controllers detected with total number of  channels. 62 channels.  2UPI  ports detected.UPI  ports detected.2  M2M (mesh to memory) blocks detected. 20 M2M (mesh to memory) blocks detected.  Home Agents detected. 02 Home Agents detected.  M3UPI blocks detected.
2 M3UPI blocks detected.
Socket 1: 2 memory controllers detected with total number of 6 channels. 2 UPI ports detected. 2 M2M (mesh to memory) blocks detected. 0 Home Agents detected. 2 M3UPI blocks detected.
Socket 1: 2 memory controllers detected with total number of 6 channels. 2 UPI ports detected. 2 M2M (mesh to memory) blocks detected. 0 Home Agents detected. 2 M3UPI blocks detected.
Socket 1Socket : 21 memory controllers detected with total number of : 62 channels.  memory controllers detected with total number of 26  channels. UPI2 ports detected.  UPI2 ports detected. M2M (mesh to memory) blocks detected.  02 Home Agents detected.  M2M (mesh to memory) blocks detected. 20 M3UPI blocks detected.
 Home Agents detected. 2 M3UPI blocks detected.
Socket 1: 2 memory controllers detected with total number of 6 channels. 2 UPI ports detected. 2 M2M (mesh to memory) blocks detected. 0 Home Agents detected. 2 M3UPI blocks detected.
INFO: using Linux resctrl driver for RDT metrics (L3OCC, LMB, RMB) because environment variable PCM_USE_RESCTRL=1
ERROR: /sys/fs/resctrl is not mounted
ERROR: RDT metrics (L3OCC,LMB,RMB) will not be available
Mount it to make it work: mount -t resctrl resctrl /sys/fs/resctrl
INFO: using Linux resctrl driver for RDT metrics (L3OCC, LMB, RMB) because environment variable PCM_USE_RESCTRL=1
ERROR: /sys/fs/resctrl is not mounted
ERROR: RDT metrics (L3OCC,LMB,RMB) will not be available
Mount it to make it work: mount -t resctrl resctrl /sys/fs/resctrl


 Closed perf event handles
 Closed perf event handles
Trying to use Linux perf events...
Trying to use Linux perf events...
INFO: using Linux resctrl driver for RDT metrics (L3OCC, LMB, RMB) because environment variable PCM_USE_RESCTRL=1
ERROR: /sys/fs/resctrl is not mounted
ERROR: RDT metrics (L3OCC,LMB,RMB) will not be available
Mount it to make it work: mount -t resctrl resctrl /sys/fs/resctrl
INFO: using Linux resctrl driver for RDT metrics (L3OCC, LMB, RMB) because environment variable PCM_USE_RESCTRL=1
ERROR: /sys/fs/resctrl is not mounted
ERROR: RDT metrics (L3OCC,LMB,RMB) will not be available
Mount it to make it work: mount -t resctrl resctrl /sys/fs/resctrl

 Closed perf event handles
Trying to use Linux perf events...

INFO: using Linux resctrl driver for RDT metrics (L3OCC, LMB, RMB) because environment variable PCM_USE_RESCTRL=1
ERROR: /sys/fs/resctrl is not mounted
ERROR: RDT metrics (L3OCC,LMB,RMB) will not be available
Mount it to make it work: mount -t resctrl resctrl /sys/fs/resctrl
 Closed perf event handles
Trying to use Linux perf events...
Successfully programmed on-core PMU using Linux perf
Successfully programmed on-core PMU using Linux perf

INFO: using Linux resctrl driver for RDT metrics (L3OCC, LMB, RMB) because environment variable PCM_USE_RESCTRL=1
ERROR: /sys/fs/resctrl is not mounted
ERROR: RDT metrics (L3OCC,LMB,RMB) will not be available
Mount it to make it work: mount -t resctrl resctrl /sys/fs/resctrl
INFO: using Linux resctrl driver for RDT metrics (L3OCC, LMB, RMB) because environment variable PCM_USE_RESCTRL=1
 Closed perf event handles
Trying to use Linux perf events...
ERROR: /sys/fs/resctrl is not mounted
ERROR: RDT metrics (L3OCC,LMB,RMB) will not be available
Mount it to make it work: mount -t resctrl resctrl /sys/fs/resctrl


 Closed perf event handles
Trying to use Linux perf events...
 Closed perf event handles
Trying to use Linux perf events...
Successfully programmed on-core PMU using Linux perf
Successfully programmed on-core PMU using Linux perf
Successfully programmed on-core PMU using Linux perf
Successfully programmed on-core PMU using Linux perf
Successfully programmed on-core PMU using Linux perf
Socket 0
Max UPI link 0 speed: 10.4 GBytes/second (4.6 GT/second)
Max UPI link 1 speed: 10.4 GBytes/second (4.6 GT/second)
Socket 1
Max UPI link 0 speed: 7.9 GBytes/second (3.5 GT/second)
Max UPI link 1 speed: 7.9 GBytes/second (3.5 GT/second)

Detected Intel(R) Xeon(R) Silver 4208 CPU @ 2.10GHz "Intel(r) microarchitecture codename Cascade Lake-SP" stepping 7

Executing "./VH/ior/src/ior" command:
Socket 0
Max UPI link 0 speed: 2.6 GBytes/second (1.2 GT/second)
Max UPI link 1 speed: 2.6 GBytes/second (1.2 GT/second)
Socket 1
Max UPI link 0 speed: 2.8 GBytes/second (1.3 GT/second)
Max UPI link 1 speed: 2.8 GBytes/second (1.3 GT/second)

Detected Intel(R) Xeon(R) Silver 4208 CPU @ 2.10GHz "Intel(r) microarchitecture codename Cascade Lake-SP" stepping 7

Executing "./VH/ior/src/ior" command:
Socket 0
Max UPI link 0 speed: 2.5 GBytes/second (1.1 GT/second)
Max UPI link 1 speed: 2.5 GBytes/second (1.1 GT/second)
Socket 1
Max UPI link 0 speed: 2.8 GBytes/second (1.2 GT/second)
Max UPI link 1 speed: 2.8 GBytes/second (1.2 GT/second)

Detected Intel(R) Xeon(R) Silver 4208 CPU @ 2.10GHz "Intel(r) microarchitecture codename Cascade Lake-SP" stepping 7

Executing "./VH/ior/src/ior" command:
Socket 0
Max UPI link 0 speed: 2.8 GBytes/second (1.2 GT/second)
Max UPI link 1 speed: 2.8 GBytes/second (1.2 GT/second)
Socket 1
Max UPI link 0 speed: 2.8 GBytes/second (1.3 GT/second)
Max UPI link 1 speed: 2.8 GBytes/second (1.3 GT/second)

Detected Intel(R) Xeon(R) Silver 4208 CPU @ 2.10GHz "Intel(r) microarchitecture codename Cascade Lake-SP" stepping 7
Socket 0
Max UPI link 0 speed: 2.4 GBytes/second (1.1 GT/second)
Max UPI link 1 speed: 2.4 GBytes/second (1.1 GT/second)
Socket 1
Max UPI link 0 speed: 2.6 GBytes/second (1.2 GT/second)
Max UPI link 1 speed: 2.6 GBytes/second (1.2 GT/second)

Detected Intel(R) Xeon(R) Silver 4208 CPU @ 2.10GHz "Intel(r) microarchitecture codename Cascade Lake-SP" stepping 7
Socket 0
Max UPI link 0 speed: 2.8 GBytes/second (1.2 GT/second)
Max UPI link 1 speed: 2.8 GBytes/second (1.2 GT/second)
Socket 1
Max UPI link 0 speed: 2.5 GBytes/second (1.1 GT/second)
Max UPI link 1 speed: 2.5 GBytes/second (1.1 GT/second)

Detected Intel(R) Xeon(R) Silver 4208 CPU @ 2.10GHz "Intel(r) microarchitecture codename Cascade Lake-SP" stepping 7
Socket 0
Max UPI link 0 speed: 2.4 GBytes/second (1.1 GT/second)
Max UPI link 1 speed: 2.4 GBytes/second (1.1 GT/second)
Socket 1
Max UPI link 
Executing "0./VH/ior/src/ior speed: " command:
2.9 GBytes/second (1.3 GT/second)
Max UPI link 1 speed: 2.9 GBytes/second (1.3 GT/second)

Detected Intel(R) Xeon(R) Silver 4208 CPU @ 2.10GHz "Intel(r) microarchitecture codename Cascade Lake-SP" stepping 7

Executing "./VH/ior/src/ior" command:

Executing "./VH/ior/src/ior
Executing "" command:
./VH/ior/src/ior" command:
Socket 0
Max UPI link 0 speed: 2.5 GBytes/second (1.1 GT/second)
Max UPI link 1 speed: 2.5 GBytes/second (1.1 GT/second)
Socket 1
Max UPI link 0 speed: 2.9 GBytes/second (1.3 GT/second)
Max UPI link 1 speed: 2.9 GBytes/second (1.3 GT/second)

Detected Intel(R) Xeon(R) Silver 4208 CPU @ 2.10GHz "Intel(r) microarchitecture codename Cascade Lake-SP" stepping 7

Executing "./VH/ior/src/ior" command:
IOR-4.1.0+dev: MPI Coordinated Test of Parallel I/O
Began               : Thu Mar 21 18:02:53 2024
Command line        : ./VH/ior/src/ior -t 1m -b 8m -s 8 -o test_0 -F
Machine             : Linux muffin
TestID              : 0
StartTime           : Thu Mar 21 18:02:53 2024
Path                : test_0.00000000
FS                  : 79.0 TiB   Used FS: 12.7%   Inodes: 16179.2 Mi   Used Inodes: 0.2%

Options: 
api                 : POSIX
apiVersion          : 
test filename       : test_0
access              : file-per-process
type                : independent
segments            : 8
ordering in a file  : sequential
ordering inter file : no tasks offsets
nodes               : 1
tasks               : 8
clients per node    : 8
memoryBuffer        : CPU
dataAccess          : CPU
GPUDirect           : 0
repetitions         : 1
xfersize            : 1 MiB
blocksize           : 8 MiB
aggregate filesize  : 512 MiB

Results: 

access    bw(MiB/s)  IOPS       Latency(s)  block(KiB) xfer(KiB)  open(s)    wr/rd(s)   close(s)   total(s)   iter
------    ---------  ----       ----------  ---------- ---------  --------   --------   --------   --------   ----
write     11.18      190.44     0.004935    8192       1024.00    2.65       2.69       45.76      45.80      0   
read      16961      17364      0.002038    8192       1024.00    0.000945   0.029486   0.016360   0.030186   0   

Summary of all tests:
Operation   Max(MiB)   Min(MiB)  Mean(MiB)     StdDev   Max(OPs)   Min(OPs)  Mean(OPs)     StdDev    Mean(s) Stonewall(s) Stonewall(MiB) Test# #Tasks tPN reps fPP reord reordoff reordrand seed segcnt   blksiz    xsize aggs(MiB)   API RefNum
write          11.18      11.18      11.18       0.00      11.18      11.18      11.18       0.00   45.79849         NA            NA     0      8   8    1   1     0        1         0    0      8  8388608  1048576     512.0 POSIX      0
read        16961.41   16961.41   16961.41       0.00   16961.41   16961.41   16961.41       0.00    0.03019         NA            NA     0      8   8    1   1     0        1         0    0      8  8388608  1048576     512.0 POSIX      0
Finished            : Thu Mar 21 18:03:39 2024
DEBUG: caught signal to interrupt (Child exited).
Cleaning up
 Closed perf event handles
DEBUG: caught signal to interrupt (DEBUG: caught signal to interrupt (Child exited).
Child exited).
Cleaning up
Cleaning up
DEBUG: caught signal to interrupt (DEBUG: caught signal to interrupt (Child exitedDEBUG: caught signal to interrupt ().
DEBUG: caught signal to interrupt (Child exitedChild exitedCleaning up
).
).
Cleaning up
Cleaning up
Child exited).
Cleaning up
 Closed perf event handles
 Closed perf event handles
 Closed perf event handles
 Closed perf event handles
 Closed perf event handles
 Closed perf event handles
DEBUG: caught signal to interrupt (Child exited).
Cleaning up
 Closed perf event handles
 Zeroed uncore PMU registers
 Zeroed uncore PMU registers
 Zeroed uncore PMU registers
 Zeroed uncore PMU registers
 Zeroed uncore PMU registers
 Zeroed uncore PMU registers
 Zeroed uncore PMU registers
 Zeroed uncore PMU registers
	Command being timed: "mpirun -vh -np 8 /usr/sbin/pcm 0.1 -csv=./output/2/vh_IOR_0_2.csv -- ./VH/ior/src/ior -t 1m -b 8m -s 8 -o test_0 -F"
	User time (seconds): 2.92
	System time (seconds): 1.70
	Percent of CPU this job got: 9%
	Elapsed (wall clock) time (h:mm:ss or m:ss): 0:47.28
	Average shared text size (kbytes): 0
	Average unshared data size (kbytes): 0
	Average stack size (kbytes): 0
	Average total size (kbytes): 0
	Maximum resident set size (kbytes): 141560
	Average resident set size (kbytes): 0
	Major (requiring I/O) page faults: 2
	Minor (reclaiming a frame) page faults: 5791
	Voluntary context switches: 57897
	Involuntary context switches: 4390
	Swaps: 0
	File system inputs: 0
	File system outputs: 3320
	Socket messages sent: 0
	Socket messages received: 0
	Signals delivered: 0
	Page size (bytes): 4096
	Exit status: 0
