
 Intel(r) Performance Counter Monitor (2022-11-24 10:18:12 +0100 ID=1b16bb4e)


PCM Info: setrlimit for file limit 1000000 failed with error Operation not permitted

 Intel(r) Performance Counter Monitor (2022-11-24 10:18:12 +0100 ID=1b16bb4e)
=====  Processor information  =====



PCM Info: setrlimit for file limit 1000000 failed with error Operation not permitted

=====  Processor information  =====
Linux arch_perfmon flag  : yes
Hybrid processor         : no
IBRS and IBPB supported  : yes
STIBP supported          : yes
Spec arch caps supported : yes
Max CPUID level          : 22
CPU model number         : 85
Linux arch_perfmon flag  : yes
Hybrid processor         : no
IBRS and IBPB supported  : yes
STIBP supported          : yes
Spec arch caps supported : yes
Max CPUID level          : 22
CPU model number         : 85

 Intel(r) Performance Counter Monitor (2022-11-24 10:18:12 +0100 ID=1b16bb4e)


PCM Info: setrlimit for file limit 1000000 failed with error Operation not permitted

=====  Processor information  =====
Linux arch_perfmon flag  : yes
Hybrid processor         : no
IBRS and IBPB supported  : yes
STIBP supported          : yes
Spec arch caps supported : yes
Max CPUID level          : 22
CPU model number         : 85

 Intel(r) Performance Counter Monitor (2022-11-24 10:18:12 +0100 ID=1b16bb4e)


PCM Info: setrlimit for file limit 1000000 failed with error Operation not permitted

=====  Processor information  =====
Linux arch_perfmon flag  : yes
Hybrid processor         : no
IBRS and IBPB supported  : yes
STIBP supported          : yes
Spec arch caps supported : yes
Max CPUID level          : 22
CPU model number         : 85

 Intel(r) Performance Counter Monitor (2022-11-24 10:18:12 +0100 ID=1b16bb4e)


PCM Info: setrlimit for file limit 1000000 failed with error Operation not permitted

=====  Processor information  =====
Linux arch_perfmon flag  : yes
Hybrid processor         : no
IBRS and IBPB supported  : yes
STIBP supported          : yes
Spec arch caps supported : yes
Max CPUID level          : 22
CPU model number         : 85

 Intel(r) Performance Counter Monitor (2022-11-24 10:18:12 +0100 ID=1b16bb4e)


PCM Info: setrlimit for file limit 1000000 failed with error Operation not permitted

=====  Processor information  =====
Linux arch_perfmon flag  : yes
Hybrid processor         : no
IBRS and IBPB supported  : yes
STIBP supported          : yes
Spec arch caps supported : yes
Max CPUID level          : 22
CPU model number         : 85

 Intel(r) Performance Counter Monitor (2022-11-24 10:18:12 +0100 ID=1b16bb4e)


PCM Info: setrlimit for file limit 1000000 failed with error Operation not permitted

=====  Processor information  =====
Linux arch_perfmon flag  : yes
Hybrid processor         : no
IBRS and IBPB supported  : yes
STIBP supported          : yes
Spec arch caps supported : yes
Max CPUID level          : 22
CPU model number         : 85

 Intel(r) Performance Counter Monitor (2022-11-24 10:18:12 +0100 ID=1b16bb4e)


PCM Info: setrlimit for file limit 1000000 failed with error Operation not permitted

=====  Processor information  =====
Linux arch_perfmon flag  : yes
Hybrid processor         : no
IBRS and IBPB supported  : yes
STIBP supported          : yes
Spec arch caps supported : yes
Max CPUID level          : 22
CPU model number         : 85
Number of physical cores: 16
Number of logical cores: 16
Number of online logical cores: 16
Threads (logical cores) per physical core: 1
Num sockets: 2
Physical cores per socket: 8
Last level cache slices per socket: 0
Core PMU (perfmon) version: 4
Number of core PMU generic (programmable) counters: 8
Width of generic (programmable) counters: 48 bits
Number of core PMU fixed counters: 3
Width of fixed counters: 48 bits
Nominal core frequency: 2100000000 Hz
IBRS enabled in the kernel   : no
STIBP enabled in the kernel  : no
The processor is not susceptible to Rogue Data Cache Load: no
The processor supports enhanced IBRS                     : no

=====  Processor topology  =====
OS_Processor    Thread_Id       Core_Id         Tile_Id         Package_Id      Core_Type   Native_CPU_Model
0               0               0               0               0               invalid         -1              
1               0               1               1               0               invalid         -1              
2               0               2               2               0               invalid         -1              
3               0               3               3               0               invalid         -1              
4               0               4               4               0               invalid         -1              
5               0               5               5               0               invalid         -1              
6               0               6               6               0               invalid         -1              
7               0               7               7               0               invalid         -1              
8               0               0               8               1               invalid         -1              
9               0               1               9               1               invalid         -1              
10              0               2               10              1               invalid         -1              
11              0               3               11              1               invalid         -1              
12              0               4               12              1               invalid         -1              
13              0               5               13              1               invalid         -1              
14              0               6               14              1               invalid         -1              
15              0               7               15              1               invalid         -1              
=====  Placement on packages  =====
Package Id.    Core Id.     Processors
0              0,1,2,3,4,5,6,7
1              0,1,2,3,4,5,6,7

=====  Core/Tile sharing  =====
Level      Processors
Core       (0)(1)(2)(3)(4)(5)(6)(7)(8)(9)(10)(11)(12)(13)(14)(15)
Tile / L2$ (0)(1)(2)(3)(4)(5)(6)(7)(8)(9)(10)(11)(12)(13)(14)(15)

Package thermal spec power: 0 Watt; Package minimum power: 0 Watt; Package maximum power: 0 Watt;

Can't open MCFG table. Check permission of /sys/firmware/acpi/tables/MCFG
Can't open MCFG table. Check permission of /sys/firmware/acpi/tables/MCFG1
Can't open MCFG table. Check permission of /pcm/sys/firmware/acpi/tables/MCFG
Can't open MCFG table. Check permission of /pcm/sys/firmware/acpi/tables/MCFG1
WARNING: enumeration of devices in UncorePMUDiscovery failed
INFO: Linux perf interface to program uncore PMUs is present
INFO: using Linux perf interface to program uncore PMUs because env variable PCM_USE_UNCORE_PERF=1
INFO: Secure Boot detected. Using Linux perf for uncore PMU programming.
Number of physical cores: 16
Number of logical cores: 16
Number of online logical cores: 16
Threads (logical cores) per physical core: 1
Num sockets: 2
Physical cores per socket: 8
Last level cache slices per socket: 0
Core PMU (perfmon) version: 4
Number of core PMU generic (programmable) counters: 8
Width of generic (programmable) counters: 48 bits
Number of core PMU fixed counters: 3
Width of fixed counters: 48 bits
Nominal core frequency: 2100000000 Hz
IBRS enabled in the kernel   : no
STIBP enabled in the kernel  : no
The processor is not susceptible to Rogue Data Cache Load: no
The processor supports enhanced IBRS                     : no

=====  Processor topology  =====
OS_Processor    Thread_Id       Core_Id         Tile_Id         Package_Id      Core_Type   Native_CPU_Model
0               0               0               0               0               invalid         -1              
1               0               1               1               0               invalid         -1              
2               0               2               2               0               invalid         -1              
3               0               3               3               0               invalid         -1              
4               0               4               4               0               invalid         -1              
5               0               5               5               0               invalid         -1              
6               0               6               6               0               invalid         -1              
7               0               7               7               0               invalid         -1              
8               0               0               8               1               invalid      Number of physical cores:   16 
-1              Number of logical cores: 
169               
0               Number of online logical cores: 1               169               
1               Threads (logical cores) per physical core: invalid1 
 Num sockets:  2 
 Physical cores per socket:  8 
 Last level cache slices per socket:  0-1              

Core PMU (perfmon) version: 10              40               
2               Number of core PMU generic (programmable) counters: 10              81               
invalidWidth of generic (programmable) counters:  48  bits
 Number of core PMU fixed counters:  3 
 Width of fixed counters:  48  bits
 Nominal core frequency: -1              2100000000
 Hz
11              IBRS enabled in the kernel   : 0               no3               
11              STIBP enabled in the kernel  : 1               noinvalid
 The processor is not susceptible to Rogue Data Cache Load:  no 
 The processor supports enhanced IBRS                     :  no 
 
=====  Processor topology  =====
 OS_Processor    Thread_Id       Core_Id         Tile_Id         Package_Id      Core_Type   Native_CPU_Model
 0               -1              0               
0               12              0               0               0               4               invalid12               1                invalid              -1               
 1               -1              0               
1               13              1               0               0               5               invalid13               1                invalid              -1               
 2               -1              0               
2               14              2               0               0               6               invalid14               1                invalid              -1               
 3               -1              
15              0               7               15              1               invalid         -1              
0               =====  Placement on packages  =====
3               Package Id.    Core Id.     Processors
3               0              0               0invalid, 1 , 2 , 3 , 4 , 5-1              ,
64               ,0               74               
4               1              0               0invalid, 1 , 2 , 3 , 4 , 5-1              ,
65               ,0               75               
5               
=====  Core/Tile sharing  =====
0               Level      Processors
Core       invalid( 0 ) ( 1 ) ( 2 ) (-1              3
)6               (0               46               )6               (0               5invalid) ( 6 ) ( 7 ) ( 8 )-1              (
97               )0               (7               107               )0               (invalid11 ) ( 12 ) ( 13 ) ( 14-1              )
(8               150               )0               
Tile / L2$ 8               (1               0invalid) ( 1 ) ( 2 ) ( 3 )-1              (
49               )0               (1               59               )1               (invalid6 ) ( 7 ) ( 8 ) ( 9-1              )
(10              100               )2               (10              111               )invalid( 12 ) ( 13 ) ( 14 ) (-1              15
)11              
0               
3               11              Package thermal spec power: 1               0invalid Watt;  Package minimum power:  0  Watt;  Package maximum power:  0  Watt;
   -1              
12              0               4               12              1               invalid         -1              
13              0               5               13              1               invalid         -1              
14              0               6               14              1               invalid         -1              
15              0               7               15              1               invalid         -1              
=====  Placement on packages  =====
Package Id.    Core Id.     Processors
0              0,1,2,3,4,5,6,7
1              0,1,2,3,4,5,6,7

=====  Core/Tile sharing  =====
Level      Processors
Core       (0)(1)(2)
(3)(4)(5)(6)(7Can't open MCFG table. Check permission of )/sys/firmware/acpi/tables/MCFG(
8Can't open MCFG table. Check permission of )/sys/firmware/acpi/tables/MCFG1(
9Can't open MCFG table. Check permission of )/pcm/sys/firmware/acpi/tables/MCFG(
10Can't open MCFG table. Check permission of )/pcm/sys/firmware/acpi/tables/MCFG1(
11)(12)(13)(14)(15)
Tile / L2$ WARNING: enumeration of devices in UncorePMUDiscovery failed
(0)(1)(2)(3)(4)(5)(6)(7)(8)(9)(10)(11)(12)(13)(14)(15)

Package thermal spec power: 0 Watt; Package minimum power: 0 Watt; Package maximum power: 0 Watt;

Can't open MCFG table. Check permission of /sys/firmware/acpi/tables/MCFG
Can't open MCFG table. Check permission of /sys/firmware/acpi/tables/MCFG1
Can't open MCFG table. Check permission of /pcm/sys/firmware/acpi/tables/MCFG
Can't open MCFG table. Check permission of /pcm/sys/firmware/acpi/tables/MCFG1
WARNING: enumeration of devices in UncorePMUDiscovery failed
INFO: Linux perf interface to program uncore PMUs is present
INFO: using Linux perf interface to program uncore PMUs because env variable PCM_USE_UNCORE_PERF=1
INFO: Secure Boot detected. Using Linux perf for uncore PMU programming.
INFO: Linux perf interface to program uncore PMUs is present
INFO: using Linux perf interface to program uncore PMUs because env variable PCM_USE_UNCORE_PERF=1
INFO: Secure Boot detected. Using Linux perf for uncore PMU programming.
Socket 0: 2 memory controllers detected with total number of 6 channels. 2 UPI ports detected. 2 M2M (mesh to memory) blocks detected. 0 Home Agents detected. 2 M3UPI blocks detected.
Number of physical cores: 16
Number of logical cores: 16
Number of online logical cores: 16
Threads (logical cores) per physical core: 1
Num sockets: 2
Physical cores per socket: 8
Last level cache slices per socket: 0
Core PMU (perfmon) version: 4
Number of core PMU generic (programmable) counters: 8
Width of generic (programmable) counters: 48 bits
Number of core PMU fixed counters: 3
Width of fixed counters: 48 bits
Nominal core frequency: 2100000000 Hz
IBRS enabled in the kernel   : no
STIBP enabled in the kernel  : no
Number of physical cores: The processor is not susceptible to Rogue Data Cache Load: no16

The processor supports enhanced IBRS                     : Number of logical cores: no16

Number of online logical cores: 
=====  Processor topology  =====
16OS_Processor    Thread_Id       Core_Id         Tile_Id         Package_Id      Core_Type   Native_CPU_Model

0               Threads (logical cores) per physical core: 0               10               
0               Num sockets: 0               2invalid
 Physical cores per socket:  8 
 Last level cache slices per socket:  0 
 Core PMU (perfmon) version:  4Socket 0 
: -1              Number of core PMU generic (programmable) counters: 2
8 memory controllers detected with total number of 
6Width of generic (programmable) counters: 1                channels. 480               2 bits
1                Number of core PMU fixed counters: 1               UPI30                ports detected.
invalid Width of fixed counters:  248  M2M (mesh to memory) blocks detected.  bits
 0Nominal core frequency:   Home Agents detected. 2100000000 2 Hz
  M3UPI blocks detected.
IBRS enabled in the kernel   :  no 
 STIBP enabled in the kernel  : -1              no

2               The processor is not susceptible to Rogue Data Cache Load: 0               no2               
2               The processor supports enhanced IBRS                     : 0               noinvalid
 
=====  Processor topology  =====
 OS_Processor    Thread_Id       Core_Id         Tile_Id         Package_Id      Core_Type   Native_CPU_Model
 0                0                0                0                0                invalid  -1               
 3                0                3                3                0                invalid  -1               
 1                0                1                1                0                invalid  -1               
 4                0                4                4                0                invalid  -1               
 2                0                2                2                0                invalid  -1               
 5                0                5                5                0                invalid  -1               
 3                0                3                3                0                invalid  -1               
 6                0                6                6                0                invalid  -1               
 4                0                4                4                0                invalid  -1               
 7                0                7                7                0                invalid  -1               
 5                0                5                5                0                invalid  -1               
 8                0                0                8                1                invalid  -1               
 6                0                6                6                0                invalid  -1               
 9                0                1                9                1                invalid  -1               
 7                0                7                7                0                invalid  -1               
 10               0                2                10               1                invalid  -1              
8               0               0                8                1                invalid          -1               
 11               0                3               -1              11              
1               9               invalid0                1                9                1                invalid          -1               
 12               0                4               -1              12              
1               10              invalid0                2                10               1                invalid          -1               
 13               0                5               -1              13              
1               11              invalid0                3                11               1                invalid          -1               
 14               0                6               -1              14              
1               12              invalid0                4                12               1                invalid          -1               
 15               0                7               -1              15              
1               13              invalid0                5                13                  1                invalid    -1               
 =====  Placement on packages  =====
 Package Id.    Core Id.     Processors
 0               0 , 1-1              ,
214              ,0               36               ,14              41               ,invalid5 , 6 , 7 
 1               0 , 1-1              ,
215              ,0               37               ,15              41               ,invalid5 , 6 , 7 
 
=====  Core/Tile sharing  =====
 Level      Processors
Core        ( 0-1              )
(=====  Placement on packages  =====
1Package Id.    Core Id.     Processors
)0              (02,)1(,32),(34,)4(,55),(66,)7(
71              )0(,81),(29,)3(,104),(511,)6(,127)
(
=====  Core/Tile sharing  =====
13Level      Processors
Core       )Number of physical cores: (14)(1615
)Number of logical cores: 
Tile / L2$ 16(
0Number of online logical cores: )16(
1Threads (logical cores) per physical core: )1(
2Num sockets: )2(
3Physical cores per socket: )8(
4Last level cache slices per socket: )0(
5Core PMU (perfmon) version: )4(
6Number of core PMU generic (programmable) counters: )8(
7Width of generic (programmable) counters: )48( bits
8Number of core PMU fixed counters: )3(
9Width of fixed counters: )48( bits
10Nominal core frequency: )2100000000( Hz
11IBRS enabled in the kernel   : )no(
12STIBP enabled in the kernel  : )no(
13The processor is not susceptible to Rogue Data Cache Load: )no(
14The processor supports enhanced IBRS                     : )no(
15)
=====  Processor topology  =====

OS_Processor    Thread_Id       Core_Id         Tile_Id         Package_Id      Core_Type   Native_CPU_Model

0               0               0               Package thermal spec power: 0               00                Watt; invalidPackage minimum power:  0  Watt;  Package maximum power:  0  Watt;
    -1              
1               0               1               1               0               invalid         -1              
2               0               2               2               0               invalid         -1              
3               0               3               3               0               invalid         -1              
4               0               4               4               0               invalid         -1              
5               0               5               5               0               invalid  (       -1              0
)6               Number of physical cores: (0               16               
)6               16(0               
2invalidNumber of logical cores: ) Can't open MCFG table. Check permission of 16( /sys/firmware/acpi/tables/MCFG
3 
Number of online logical cores: ) Can't open MCFG table. Check permission of 16( /sys/firmware/acpi/tables/MCFG1
4 
Threads (logical cores) per physical core: ) Can't open MCFG table. Check permission of 1( /pcm/sys/firmware/acpi/tables/MCFG
5 
Num sockets: 2
Physical cores per socket: 8)-1              Can't open MCFG table. Check permission of 
(
/pcm/sys/firmware/acpi/tables/MCFG1Last level cache slices per socket: 67               
0)0               
(7               Core PMU (perfmon) version: 77               4)0               WARNING: enumeration of devices in UncorePMUDiscovery failed

Number of core PMU generic (programmable) counters: (invalid88 
) Width of generic (programmable) counters: ( 489  bits
) Number of core PMU fixed counters: ( 310 
) Width of fixed counters: ( 4811-1               bits
)
Nominal core frequency: (8               2100000000120                Hz
)0               IBRS enabled in the kernel   : (8               no131               
)invalidSTIBP enabled in the kernel  : ( no14 
) The processor is not susceptible to Rogue Data Cache Load: ( no15 
) The processor supports enhanced IBRS                     : 
Tile / L2$  no( 
0 
=====  Processor topology  =====
)-1              OS_Processor    Thread_Id       Core_Id         Tile_Id         Package_Id      Core_Type   Native_CPU_Model
(
0               19               0               )0               0               (1               0               29               0               )1               invalid(invalid 3  )  (  4  )  (  5  )  ( -1              6-1              
)
(1               10              70               0               )1               2               (1               10              80               1               )invalidinvalid(  9  )  (  10  )   (  11  )-1               (
-1              122               
)0               11              (2               0               132               3               )0               11              (invalid1               14 invalid)  (  15  )  
  
   Package thermal spec power:   0 -1               Watt;  
Package minimum power: -1              3               0
0                Watt; 12              3               Package maximum power: 0               3               04               0                Watt;
12              invalid1                invalid                -1               
-1              4               
0               13              4               0               4               5               0               13              invalid1                invalid               INFO: Linux perf interface to program uncore PMUs is 
 -1              present
 
INFO: using Linux perf interface to program uncore PMUs because env variable PCM_USE_UNCORE_PERF=1
-1              5               INFO: Secure Boot detected. Using Linux perf for uncore PMU programming.
Can't open MCFG table. Check permission of 
0               /sys/firmware/acpi/tables/MCFG14              5               
0               5               Can't open MCFG table. Check permission of 6               0               /sys/firmware/acpi/tables/MCFG114              invalid
1                Can't open MCFG table. Check permission of invalid /pcm/sys/firmware/acpi/tables/MCFG  
  Can't open MCFG table. Check permission of   /pcm/sys/firmware/acpi/tables/MCFG1  
       -1               
-1              WARNING: enumeration of devices in UncorePMUDiscovery failed
6               
0               15              6               0               6               7               0               15              invalid1                invalid                -1               
-1              7               
0               =====  Placement on packages  =====
7               Package Id.    Core Id.     Processors
7               0              0               0invalid, 1 , 2 , 3 , 4 , 5-1              ,
68               ,0               70               
8               1              1               0invalid, 1 , 2 , 3 , 4 , 5-1              ,
69               ,0               71               
9               
=====  Core/Tile sharing  =====
1               Level      Processors
Core       invalid( 0 ) ( 1 ) ( 2 ) (-1              3
)10              (0               42               )10              (1               5invalid) ( 6 ) ( 7 ) ( 8 )-1              (
911              )0               (3               1011              )1               (invalid11 ) ( 12 ) ( 13 ) ( 14-1              )
(12              150               )4               
Tile / L2$ 12              (1               0invalid) ( 1 ) ( 2 ) ( 3 )-1              (
413              )0               (5               513              )1               (invalid6 ) ( 7 ) ( 8 ) ( 9-1              )
(14              100               )6               (14              111               )invalid( 12 ) ( 13 ) ( 14 ) (-1              15
)15              
0               
7               15              Package thermal spec power: 1               0invalid Watt;  Package minimum power:  0  Watt;  Package maximum power:  0  Watt;
   -1              
=====  Placement on packages  =====
Package Id.    Core Id.     Processors
0              0,1,2,3,4,5,6,Number of physical cores: 7
1              0,1,162
,Number of logical cores: 316,
INFO: Linux perf interface to program uncore PMUs is Number of online logical cores: 4present
16,INFO: using Linux perf interface to program uncore PMUs because env variable PCM_USE_UNCORE_PERF=1

5INFO: Secure Boot detected. Using Linux perf for uncore PMU programming.
Threads (logical cores) per physical core: ,16
,Num sockets: 7Socket 2
Socket 
0
=====  Core/Tile sharing  =====
Physical cores per socket: 1: Level      Processors
Core       8: 2(
2 memory controllers detected with total number of 0Last level cache slices per socket:  memory controllers detected with total number of 6)
06 channels. (
 channels. 21Core PMU (perfmon) version: 2 )4 Can't open MCFG table. Check permission of UPI(
UPI/sys/firmware/acpi/tables/MCFG ports detected.2Number of core PMU generic (programmable) counters:  ports detected.
 )8 Can't open MCFG table. Check permission of 2(
2/sys/firmware/acpi/tables/MCFG1 M2M (mesh to memory) blocks detected. 3Width of generic (programmable) counters:  M2M (mesh to memory) blocks detected. 
0)480Can't open MCFG table. Check permission of  Home Agents detected. ( bits
 Home Agents detected. /pcm/sys/firmware/acpi/tables/MCFG24Number of core PMU fixed counters: 2
 M3UPI blocks detected.
)3 M3UPI blocks detected.
Can't open MCFG table. Check permission of (
/pcm/sys/firmware/acpi/tables/MCFG15Width of fixed counters: 
)48( bits
6Nominal core frequency: )2100000000( Hz
7IBRS enabled in the kernel   : )no(WARNING: enumeration of devices in UncorePMUDiscovery failed

8STIBP enabled in the kernel  : )no(
9The processor is not susceptible to Rogue Data Cache Load: )no(
10The processor supports enhanced IBRS                     : )no(
11
=====  Processor topology  =====
)OS_Processor    Thread_Id       Core_Id         Tile_Id         Package_Id      Core_Type   Native_CPU_Model
(0               120               )0               (0               130               )invalid( 14 ) ( 15 ) 
Tile / L2$  ( 0 )-1              (
1)1               (0               21               )1               (0               3invalid) ( 4 ) ( 5 ) ( 6 )-1              (
72               )0               (2               82               )0               (invalid9 ) ( 10 ) ( 11 ) ( 12-1              )
(3               130               )3               (3               140               )invalid( 15 ) 
 
  Package thermal spec power:  0  Watt;  Package minimum power: -1              0
 Watt; 4               Package maximum power: 0               04                Watt;
4               0               invalid         -1              
5               0               5               5               0               invalid         -1              
6               0               6               6               0               invalid         -1              
7               0               7               7               0               invalid         -1              
8               0               0               8               1               invalid  
       -1              
9               0               1               9               1               invalid        Can't open MCFG table. Check permission of  /sys/firmware/acpi/tables/MCFG-1              

Can't open MCFG table. Check permission of 10              /sys/firmware/acpi/tables/MCFG10               
2               Can't open MCFG table. Check permission of 10              /pcm/sys/firmware/acpi/tables/MCFG1               
invalidCan't open MCFG table. Check permission of  /pcm/sys/firmware/acpi/tables/MCFG1 
       -1              
11              0               3               11              1               invalid   WARNING: enumeration of devices in UncorePMUDiscovery failed
      -1              
12              0               4               12              1               invalid         -1              
13              0               5               13              1               invalid         -1              
14              0               6               14              1               invalid         -1              
15              0               7               15              1               invalid         -1              
=====  Placement on packages  =====
Package Id.    Core Id.     Processors
0              0,1,2,3,4,5,6,7
1              0,1,2,3,4,5,6,7

=====  Core/Tile sharing  =====
Level      Processors
Core       (0)(1)(2)(3)(4)(5)(6)(7)(8)(9)(10)(11)(12)(13)(14)(15)
Tile / L2$ (0)(1)(2)(3)(4)(5)(6)(7)(8)(9)(10)(11)(12)(13)(14)(15)

Package thermal spec power: 0 Watt; Package minimum power: 0 Watt; Package maximum power: 0 Watt;

Can't open MCFG table. Check permission of /sys/firmware/acpi/tables/MCFG
Can't open MCFG table. Check permission of /sys/firmware/acpi/tables/MCFG1
Can't open MCFG table. Check permission of /pcm/sys/firmware/acpi/tables/MCFG
Can't open MCFG table. Check permission of /pcm/sys/firmware/acpi/tables/MCFG1
WARNING: enumeration of devices in UncorePMUDiscovery failed
INFO: Linux perf interface to program uncore PMUs is present
INFO: using Linux perf interface to program uncore PMUs because env variable PCM_USE_UNCORE_PERF=1
INFO: Secure Boot detected. Using Linux perf for uncore PMU programming.
INFO: Linux perf interface to program uncore PMUs is present
INFO: using Linux perf interface to program uncore PMUs because env variable PCM_USE_UNCORE_PERF=1
INFO: Secure Boot detected. Using Linux perf for uncore PMU programming.
INFO: Linux perf interface to program uncore PMUs is present
INFO: using Linux perf interface to program uncore PMUs because env variable PCM_USE_UNCORE_PERF=1
INFO: Secure Boot detected. Using Linux perf for uncore PMU programming.
Socket 0: 2 memory controllers detected with total number of 6 channels. 2 UPI ports detected. 2 M2M (mesh to memory) blocks detected. 0 Home Agents detected. 2 M3UPI blocks detected.
Socket 1: 2 memory controllers detected with total number of 6 channels. 2 UPI ports detected. 2 M2M (mesh to memory) blocks detected. 0 Home Agents detected. 2 M3UPI blocks detected.
Socket 0: 2 memory controllers detected with total number of 6 channels. 2 UPI ports detected. 2 M2M (mesh to memory) blocks detected. 0 Home Agents detected. 2 M3UPI blocks detected.
Socket 0: 2 memory controllers detected with total number of 6 channels. 2 UPI ports detected. 2 M2M (mesh to memory) blocks detected. 0 Home Agents detected. 2 M3UPI blocks detected.
Socket 0: 2 memory controllers detected with total number of 6 channels. 2 UPI ports detected. 2 M2M (mesh to memory) blocks detected. 0 Home Agents detected. 2 M3UPI blocks detected.
Socket 1: 2 memory controllers detected with total number of 6 channels. 2 UPI ports detected. 2 M2M (mesh to memory) blocks detected. 0 Home Agents detected. 2 M3UPI blocks detected.
Socket 1: 2 memory controllers detected with total number of 6 channels. 2 UPI ports detected. 2 M2M (mesh to memory) blocks detected. 0 Home Agents detected. 2 M3UPI blocks detected.
Socket 0: 2 memory controllers detected with total number of 6 channels. 2 UPI ports detected. 2 M2M (mesh to memory) blocks detected. 0 Home Agents detected. 2 M3UPI blocks detected.
Socket 1: 2 memory controllers detected with total number of 6 channels. 2 UPI ports detected. 2 M2M (mesh to memory) blocks detected. 0 Home Agents detected. 2 M3UPI blocks detected.
Socket 1: 2 memory controllers detected with total number of 6 channels. 2 UPI ports detected. 2 M2M (mesh to memory) blocks detected. 0 Home Agents detected. 2 M3UPI blocks detected.
Socket 1: 2 memory controllers detected with total number of 6 channels. 2 UPI ports detected. 2 M2M (mesh to memory) blocks detected. 0 Home Agents detected. 2 M3UPI blocks detected.
Socket 1: 2 memory controllers detected with total number of 6 channels. 2 UPI ports detected. 2 M2M (mesh to memory) blocks detected. 0 Home Agents detected. 2 M3UPI blocks detected.
INFO: using Linux resctrl driver for RDT metrics (L3OCC, LMB, RMB) because environment variable PCM_USE_RESCTRL=1
ERROR: /sys/fs/resctrl is not mounted
ERROR: RDT metrics (L3OCC,LMB,RMB) will not be available
Mount it to make it work: mount -t resctrl resctrl /sys/fs/resctrl
INFO: using Linux resctrl driver for RDT metrics (L3OCC, LMB, RMB) because environment variable PCM_USE_RESCTRL=1
ERROR: /sys/fs/resctrl is not mounted
ERROR: RDT metrics (L3OCC,LMB,RMB) will not be available
Mount it to make it work: mount -t resctrl resctrl /sys/fs/resctrl
INFO: using Linux resctrl driver for RDT metrics (L3OCC, LMB, RMB) because environment variable PCM_USE_RESCTRL=1
ERROR: /sys/fs/resctrl is not mounted
ERROR: RDT metrics (L3OCC,LMB,RMB) will not be available
Mount it to make it work: mount -t resctrl resctrl /sys/fs/resctrl
INFO: using Linux resctrl driver for RDT metrics (L3OCC, LMB, RMB) because environment variable PCM_USE_RESCTRL=1
ERROR: /sys/fs/resctrl is not mounted
ERROR: RDT metrics (L3OCC,LMB,RMB) will not be available
Mount it to make it work: mount -t resctrl resctrl /sys/fs/resctrl
INFO: using Linux resctrl driver for RDT metrics (L3OCC, LMB, RMB) because environment variable PCM_USE_RESCTRL=1
ERROR: /sys/fs/resctrl is not mounted
ERROR: RDT metrics (L3OCC,LMB,RMB) will not be available
Mount it to make it work: mount -t resctrl resctrl /sys/fs/resctrl


 Closed perf event handles
INFO: using Linux resctrl driver for RDT metrics (L3OCC, LMB, RMB) because environment variable PCM_USE_RESCTRL=1
Trying to use Linux perf events...
ERROR: /sys/fs/resctrl is not mounted
ERROR: RDT metrics (L3OCC,LMB,RMB) will not be available
Mount it to make it work: mount -t resctrl resctrl /sys/fs/resctrl

INFO: using Linux resctrl driver for RDT metrics (L3OCC, LMB, RMB) because environment variable PCM_USE_RESCTRL=1
ERROR: /sys/fs/resctrl is not mounted
ERROR: RDT metrics (L3OCC,LMB,RMB) will not be available
Mount it to make it work: mount -t resctrl resctrl /sys/fs/resctrl

 Closed perf event handles
Trying to use Linux perf events...
 Closed perf event handles

Trying to use Linux perf events...
 Closed perf event handles
Trying to use Linux perf events...

 Closed perf event handles
Trying to use Linux perf events...
 Closed perf event handles
Trying to use Linux perf events...
INFO: using Linux resctrl driver for RDT metrics (L3OCC, LMB, RMB) because environment variable PCM_USE_RESCTRL=1
ERROR: /sys/fs/resctrl is not mounted
ERROR: RDT metrics (L3OCC,LMB,RMB) will not be available
Mount it to make it work: mount -t resctrl resctrl /sys/fs/resctrl
Successfully programmed on-core PMU using Linux perf

 Closed perf event handles
Trying to use Linux perf events...
Successfully programmed on-core PMU using Linux perf
Successfully programmed on-core PMU using Linux perf
Successfully programmed on-core PMU using Linux perf
Successfully programmed on-core PMU using Linux perf

 Closed perf event handles
Trying to use Linux perf events...
Successfully programmed on-core PMU using Linux perf
Successfully programmed on-core PMU using Linux perf
Successfully programmed on-core PMU using Linux perf
Socket 0
Max UPI link 0 speed: 0.7 GBytes/second (0.3 GT/second)
Max UPI link 1 speed: 0.7 GBytes/second (0.3 GT/second)
Socket 1
Max UPI link 0 speed: 0.8 GBytes/second (0.4 GT/second)
Max UPI link 1 speed: 0.8 GBytes/second (0.4 GT/second)

Detected Intel(R) Xeon(R) Silver 4208 CPU @ 2.10GHz "Intel(r) microarchitecture codename Cascade Lake-SP" stepping 7

Executing "./VE/ior-main/src/ior" command:
Socket 0
Max UPI link 0 speed: 0.7 GBytes/second (0.3 GT/second)
Max UPI link 1 speed: 0.7 GBytes/second (0.3 GT/second)
Socket 1
Max UPI link 0 speed: 1.1 GBytes/second (0.5 GT/second)
Max UPI link 1 speed: 1.1 GBytes/second (0.5 GT/second)

Detected Intel(R) Xeon(R) Silver 4208 CPU @ 2.10GHz "Intel(r) microarchitecture codename Cascade Lake-SP" stepping 7

Executing "./VE/ior-main/src/ior" command:
Socket 0
Max UPI link 0 speed: 0.8 GBytes/second (0.4 GT/second)
Max UPI link 1 speed: 0.8 GBytes/second (0.4 GT/second)
Socket 1
Max UPI link 0 speed: 0.9 GBytes/second (0.4 GT/second)
Max UPI link 1 speed: 0.9 GBytes/second (0.4 GT/second)

Detected Intel(R) Xeon(R) Silver 4208 CPU @ 2.10GHz "Intel(r) microarchitecture codename Cascade Lake-SP" stepping 7
Socket 0
Max UPI link 0 speed: 1.2 GBytes/second (0.5 GT/second)
Max UPI link 1 speed: 1.2 GBytes/second (0.5 GT/second)
Socket 1
Max UPI link 0 speed: 0.9 GBytes/second (0.4 GT/second)
Max UPI link 1 speed: 0.9 GBytes/second (0.4 GT/second)

Detected Intel(R) Xeon(R) Silver 4208 CPU @ 2.10GHz "Intel(r) microarchitecture codename Cascade Lake-SP" stepping 7

Executing "
Executing "./VE/ior-main/src/ior./VE/ior-main/src/ior" command:
" command:
Socket 0
Max UPI link 0 speed: 1.0 GBytes/second (0.4 GT/second)
Max UPI link 1 speed: 1.0 GBytes/second (0.4 GT/second)
Socket 1
Max UPI link 0 speed: 0.7 GBytes/second (0.3 GT/second)
Max UPI link 1 speed: 0.7 GBytes/second (0.3 GT/second)

Detected Intel(R) Xeon(R) Silver 4208 CPU @ 2.10GHz "Intel(r) microarchitecture codename Cascade Lake-SP" stepping 7

Executing "./VE/ior-main/src/ior" command:
Socket 0
Max UPI link 0 speed: 0.9 GBytes/second (0.4 GT/second)
Max UPI link 1 speed: 0.9 GBytes/second (0.4 GT/second)
Socket 1
Max UPI link 0 speed: 0.8 GBytes/second (0.4 GT/second)
Max UPI link 1 speed: 0.8 GBytes/second (0.4 GT/second)

Detected Intel(R) Xeon(R) Silver 4208 CPU @ 2.10GHz "Intel(r) microarchitecture codename Cascade Lake-SP" stepping 7

Executing "./VE/ior-main/src/ior" command:
Socket 0
Max UPI link 0 speed: 0.8 GBytes/second (0.3 GT/second)
Max UPI link 1 speed: 0.8 GBytes/second (0.3 GT/second)
Socket 1
Max UPI link 0 speed: 0.8 GBytes/second (0.4 GT/second)
Max UPI link 1 speed: 0.8 GBytes/second (0.4 GT/second)

Detected Intel(R) Xeon(R) Silver 4208 CPU @ 2.10GHz "Intel(r) microarchitecture codename Cascade Lake-SP" stepping 7
Socket 0
Max UPI link 0 speed: 0.8 GBytes/second (0.4 GT/second)

Executing "Max ./VE/ior-main/src/iorUPI" command:
 link 1 speed: 0.8 GBytes/second (0.4 GT/second)
Socket 1
Max UPI link 0 speed: 0.7 GBytes/second (0.3 GT/second)
Max UPI link 1 speed: 0.7 GBytes/second (0.3 GT/second)

Detected Intel(R) Xeon(R) Silver 4208 CPU @ 2.10GHz "Intel(r) microarchitecture codename Cascade Lake-SP" stepping 7

Executing "./VE/ior-main/src/ior" command:
IOR-4.1.0+dev: MPI Coordinated Test of Parallel I/O
Began               : Thu Mar 21 18:08:52 2024
Command line        : ./VE/ior-main/src/ior -t 1m -b 8m -s 8 -o hpl_test -F
Machine             : Linux muffin
TestID              : 0
StartTime           : Thu Mar 21 18:08:52 2024
Path                : hpl_test.00000000
FS                  : 79.0 TiB   Used FS: 12.7%   Inodes: 16179.2 Mi   Used Inodes: 0.2%

Options: 
api                 : POSIX
apiVersion          : 
test filename       : hpl_test
access              : file-per-process
type                : independent
segments            : 8
ordering in a file  : sequential
ordering inter file : no tasks offsets
nodes               : 1
tasks               : 8
clients per node    : 8
memoryBuffer        : CPU
dataAccess          : CPU
GPUDirect           : 0
repetitions         : 1
xfersize            : 1 MiB
blocksize           : 8 MiB
aggregate filesize  : 512 MiB

Results: 

access    bw(MiB/s)  IOPS       Latency(s)  block(KiB) xfer(KiB)  open(s)    wr/rd(s)   close(s)   total(s)   iter
------    ---------  ----       ----------  ---------- ---------  --------   --------   --------   --------   ----
write     7.66       52.26      0.008073    8192       1024.00    11.09      9.80       65.44      66.82      0   
read      287.08     4422       0.008827    8192       1024.00    0.936272   0.115795   0.865254   1.78       0   

Summary of all tests:
Operation   Max(MiB)   Min(MiB)  Mean(MiB)     StdDev   Max(OPs)   Min(OPs)  Mean(OPs)     StdDev    Mean(s) Stonewall(s) Stonewall(MiB) Test# #Tasks tPN reps fPP reord reordoff reordrand seed segcnt   blksiz    xsize aggs(MiB)   API RefNum
write           7.66       7.66       7.66       0.00       7.66       7.66       7.66       0.00   66.82353         NA            NA     0      8   8    1   1     0        1         0    0      8  8388608  1048576     512.0 POSIX      0
read          287.08     287.08     287.08       0.00     287.08     287.08     287.08       0.00    1.78348         NA            NA     0      8   8    1   1     0        1         0    0      8  8388608  1048576     512.0 POSIX      0
Finished            : Thu Mar 21 18:10:08 2024
DEBUG: caught signal to interrupt (Child exited).
Cleaning up
 Closed perf event handles
DEBUG: caught signal to interrupt (Child exited).
Cleaning up
DEBUG: caught signal to interrupt (Child exited).
Cleaning up
 Closed perf event handles
 Closed perf event handles
DEBUG: caught signal to interrupt (Child exited).
Cleaning up
 Closed perf event handles
DEBUG: caught signal to interrupt (Child exited).
Cleaning up
 Closed perf event handles
DEBUG: caught signal to interrupt (Child exited).
Cleaning up
 Closed perf event handles
DEBUG: caught signal to interrupt (Child exited).
Cleaning up
 Closed perf event handles
 Zeroed uncore PMU registers
 Zeroed uncore PMU registers
 Zeroed uncore PMU registers
 Zeroed uncore PMU registers
 Zeroed uncore PMU registers
 Zeroed uncore PMU registers
 Zeroed uncore PMU registers
DEBUG: caught signal to interrupt (Child exited).
Cleaning up
 Closed perf event handles
 Zeroed uncore PMU registers
	Command being timed: "/opt/nec/ve/bin/mpirun -n 8 /usr/sbin/pcm 0.1 -csv=./output/4/ve_IOR_VE_4.csv -- ./VE/ior-main/src/ior -t 1m -b 8m -s 8 -o hpl_test -F"
	User time (seconds): 6.28
	System time (seconds): 3.04
	Percent of CPU this job got: 5%
	Elapsed (wall clock) time (h:mm:ss or m:ss): 2:54.57
	Average shared text size (kbytes): 0
	Average unshared data size (kbytes): 0
	Average stack size (kbytes): 0
	Average total size (kbytes): 0
	Maximum resident set size (kbytes): 141572
	Average resident set size (kbytes): 0
	Major (requiring I/O) page faults: 0
	Minor (reclaiming a frame) page faults: 5315
	Voluntary context switches: 177004
	Involuntary context switches: 13089
	Swaps: 0
	File system inputs: 0
	File system outputs: 8184
	Socket messages sent: 0
	Socket messages received: 0
	Signals delivered: 0
	Page size (bytes): 4096
	Exit status: 0
