----------------------- Start VH IOR 2024-03-19_10-02-27 -----------------------

 Intel(r) Performance Counter Monitor (2022-11-24 10:18:12 +0100 ID=1b16bb4e)


PCM Info: setrlimit for file limit 1000000 failed with error Operation not permitted

=====  Processor information  =====

 Intel(r) Performance Counter Monitor (2022-11-24 10:18:12 +0100 ID=1b16bb4e)



 Intel(r) Performance Counter Monitor 
(2022-11-24 10:18:12 +0100 ID=1b16bb4e)PCM Info: setrlimit for file limit 

 Intel(r) Performance Counter Monitor 1000000 Intel(r) Performance Counter Monitor 
(2022-11-24 10:18:12 +0100 ID=1b16bb4e) failed with error (2022-11-24 10:18:12 +0100 ID=1b16bb4e)



Operation not permitted



PCM Info: setrlimit for file limit  Intel(r) Performance Counter Monitor 
1000000(2022-11-24 10:18:12 +0100 ID=1b16bb4e) failed with error PCM Info: setrlimit for file limit 
Operation not permitted
=====  Processor information  =====
PCM Info: setrlimit for file limit 1000000

1000000 failed with error 
 failed with error Operation not permitted
Operation not permitted
PCM Info: setrlimit for file limit 
=====  Processor information  =====
1000000 failed with error Operation not permitted

=====  Processor information  =====

=====  Processor information  =====

=====  Processor information  =====
Linux arch_perfmon flag  : Linux arch_perfmon flag  : yesyesLinux arch_perfmon flag  : 

Hybrid processor         : yes
Hybrid processor         : no

no Intel(r) Performance Counter Monitor 
Hybrid processor         : 
 Intel(r) Performance Counter Monitor (2022-11-24 10:18:12 +0100 ID=1b16bb4e)IBRS and IBPB supported  : noIBRS and IBPB supported  : (2022-11-24 10:18:12 +0100 ID=1b16bb4e)
yes
yes


IBRS and IBPB supported  : 


STIBP supported          : yesSTIBP supported          : 
yes
yes
STIBP supported          : PCM Info: setrlimit for file limit 
Spec arch caps supported : yes1000000Spec arch caps supported : yesPCM Info: setrlimit for file limit 
 failed with error yes
1000000Spec arch caps supported : 
Operation not permitted
Max CPUID level          :  failed with error yesMax CPUID level          : 22
22Operation not permitted
Max CPUID level          : 


=====  Processor information  =====
CPU model number         : 22CPU model number         : 85
85
CPU model number         : 
85

=====  Processor information  =====
Linux arch_perfmon flag  : yesLinux arch_perfmon flag  : 
yesHybrid processor         : 
noHybrid processor         : 
noIBRS and IBPB supported  : 
yesIBRS and IBPB supported  : 
yesSTIBP supported          : 
yesSTIBP supported          : 
yesSpec arch caps supported : 
yesSpec arch caps supported : 
yesMax CPUID level          : 
22Max CPUID level          : 
22CPU model number         : 
85CPU model number         : 
85
Linux arch_perfmon flag  : Linux arch_perfmon flag  : Linux arch_perfmon flag  : yesyesyes


Hybrid processor         : Hybrid processor         : Hybrid processor         : nonono


IBRS and IBPB supported  : IBRS and IBPB supported  : IBRS and IBPB supported  : yesyesyes


STIBP supported          : STIBP supported          : STIBP supported          : yesyesyes


Spec arch caps supported : Spec arch caps supported : Spec arch caps supported : yesyesyes


Max CPUID level          : Max CPUID level          : Max CPUID level          : 22
22CPU model number         : 
2285CPU model number         : 

85CPU model number         : 
85
Number of physical cores: 16
Number of logical cores: 16
Number of online logical cores: 16
Threads (logical cores) per physical core: 1
Num sockets: 2
Physical cores per socket: 8
Last level cache slices per socket: 0
Core PMU (perfmon) version: 4
Number of core PMU generic (programmable) counters: 8
Width of generic (programmable) counters: 48 bits
Number of core PMU fixed counters: 3
Width of fixed counters: 48 bits
Number of physical cores: Nominal core frequency: Number of physical cores: 210000000016 Hz
Number of physical cores: 
IBRS enabled in the kernel   : 16Number of physical cores: Number of logical cores: no16Number of physical cores: 
16
Number of physical cores: 16
Number of logical cores: 
STIBP enabled in the kernel  : 16
Number of logical cores: 16Number of online logical cores: no16
Number of logical cores: 16
16

Number of logical cores: 16
Number of online logical cores: 
The processor is not susceptible to Rogue Data Cache Load: Number of logical cores: 16
Number of online logical cores: 16Threads (logical cores) per physical core: no16
Number of online logical cores: 16
1

Number of online logical cores: 16
Threads (logical cores) per physical core: 
The processor supports enhanced IBRS                     : Number of online logical cores: 1616Number of physical cores: 
Threads (logical cores) per physical core: 1Num sockets: no

Threads (logical cores) per physical core: 1
216
Threads (logical cores) per physical core: Threads (logical cores) per physical core: 1
Num sockets: 


=====  Processor topology  =====
11
Num sockets: 2Physical cores per socket: Number of logical cores: OS_Processor    Thread_Id       Core_Id         Tile_Id         Package_Id      Core_Type   Native_CPU_Model


Num sockets: 2
8160               Num sockets: Num sockets: 2
Physical cores per socket: 

0               22
Physical cores per socket: 8Last level cache slices per socket: Number of online logical cores: 0               

Physical cores per socket: 8
0160               Physical cores per socket: Physical cores per socket: 8
Last level cache slices per socket: 

0               88
Last level cache slices per socket: 0Core PMU (perfmon) version: Threads (logical cores) per physical core: invalid

Last level cache slices per socket: 00

Core PMU (perfmon) version: 
Core PMU (perfmon) version: 4Core PMU (perfmon) version: 44
41

 Number of core PMU generic (programmable) counters: 
Last level cache slices per socket: 
Last level cache slices per socket: Number of core PMU generic (programmable) counters: 0Number of core PMU generic (programmable) counters:  8Number of core PMU generic (programmable) counters: 0Num sockets: 8
8 
8
2
Core PMU (perfmon) version: 
 Width of generic (programmable) counters: 
Core PMU (perfmon) version: 
Width of generic (programmable) counters: 4Width of generic (programmable) counters:  48Width of generic (programmable) counters: 4Physical cores per socket: 48
48  bits
48
8 bits
Number of core PMU generic (programmable) counters:  bits
 Number of core PMU fixed counters:  bits
Number of core PMU generic (programmable) counters: 
Number of core PMU fixed counters: 8Number of core PMU fixed counters:  3Number of core PMU fixed counters: 8Last level cache slices per socket: 3
3 
3
0
Width of generic (programmable) counters: 
-1              Width of fixed counters: 
Width of generic (programmable) counters: 
Width of fixed counters: 48Width of fixed counters: 
48Width of fixed counters: 48Core PMU (perfmon) version: 48 bits
48 bits
1               48 bits
4 bits
Number of core PMU fixed counters:  bits
Nominal core frequency: 0                bits
Number of core PMU fixed counters: 
Nominal core frequency: 3Nominal core frequency: 21000000001               Nominal core frequency: 3Number of core PMU generic (programmable) counters: 2100000000 Hz

IBRS enabled in the kernel   : Width of fixed counters: 2100000000no48 Hz
 Hz
IBRS enabled in the kernel   : 1               
 bits
2100000000IBRS enabled in the kernel   : no
0               STIBP enabled in the kernel  : Nominal core frequency: 8 Hz
no
Width of fixed counters: invalidno2100000000
IBRS enabled in the kernel   : 
STIBP enabled in the kernel  : 48 
 Hz
Width of generic (programmable) counters: noSTIBP enabled in the kernel  : no bits
 The processor is not susceptible to Rogue Data Cache Load: IBRS enabled in the kernel   : 48
no
Nominal core frequency:  nono bits
STIBP enabled in the kernel  : 
The processor is not susceptible to Rogue Data Cache Load: 2100000000 

Number of core PMU fixed counters: noThe processor is not susceptible to Rogue Data Cache Load: no Hz
 The processor supports enhanced IBRS                     : STIBP enabled in the kernel  : 3
no
IBRS enabled in the kernel   :  nono
The processor is not susceptible to Rogue Data Cache Load: 
The processor supports enhanced IBRS                     : no 

Width of fixed counters: noThe processor supports enhanced IBRS                     : no
 
=====  Processor topology  =====
The processor is not susceptible to Rogue Data Cache Load: 48
no
STIBP enabled in the kernel  : 
=====  Processor topology  =====
 OS_Processor    Thread_Id       Core_Id         Tile_Id         Package_Id      Core_Type   Native_CPU_Model
no bits
The processor supports enhanced IBRS                     : 
noOS_Processor    Thread_Id       Core_Id         Tile_Id         Package_Id      Core_Type   Native_CPU_Model
-1              0               
Nominal core frequency: no

=====  Processor topology  =====
0               
0               0               The processor supports enhanced IBRS                     : 2100000000
The processor is not susceptible to Rogue Data Cache Load: OS_Processor    Thread_Id       Core_Id         Tile_Id         Package_Id      Core_Type   Native_CPU_Model
0               2               0               no Hz

=====  Processor topology  =====
no0               0               0               0               
IBRS enabled in the kernel   : OS_Processor    Thread_Id       Core_Id         Tile_Id         Package_Id      Core_Type   Native_CPU_Model

0               0               2               invalid
=====  Processor topology  =====
no0               The processor supports enhanced IBRS                     : 0               0               2                 OS_Processor    Thread_Id       Core_Id         Tile_Id         Package_Id      Core_Type   Native_CPU_Model

0               STIBP enabled in the kernel  : 0               0               0               nono0               0               0               invalid

0               0               0               0                
=====  Processor topology  =====
The processor is not susceptible to Rogue Data Cache Load: invalidinvalid0               invalid OS_Processor    Thread_Id       Core_Id         Tile_Id         Package_Id      Core_Type   Native_CPU_Model
no  invalid  0               
     0               The processor supports enhanced IBRS                     :      0               no     0               
     0               
=====  Processor topology  =====
     invalidOS_Processor    Thread_Id       Core_Id         Tile_Id         Package_Id      Core_Type   Native_CPU_Model
      0                   -1               0                   
  0               -1              -1               -1              1                0                

-1              
0                0                invalid1                 3               0                
 0               1               1               1               1                 1                3               1               0               0                  0                3               0               invalid1                1               -1               0               invalid 1               -1              1               
 invalid  0               
0                1                  invalidinvalid1                 0                     0               -1              1                     1               
1                     1               0                     1                 0               invalid    0                invalid   -1               1               -1                       
-1              -1                
1               2               

   4               0               0               2               -1              2                 0               invalid2               0               
0               -1                4                2               2               2               2               
 4                0               2               0               2               2                  0                invalid0               2               0               0               -1              invalid  invalid2               invalid2               
    0                2               2                   invalid  0               0                invalid     2                       2                       0                  -1               
  2                   0                 -1              invalid   2                  
  -1               2                 3                 
 0               -1              -1              0                 3               -1              invalid

3                -1              0               
 3               3               3                
3               5                0               0               0                3               3               0                3               3               invalid 0               0               5                3               3                 3               invalid   5                0               0                 3                  0                invalid  invalid -1              0                 invalid          
  invalid 3                    0                -1                     3                
    -1              3               -1              4               -1                 
0               
0               
-1                4               invalid3               4               4               
  0                0               4               0               4                 4                3               0               4               0                 4                3               invalid4               4                 0                0                0               4               -1              -1              invalid     -1              
4               0               4               4               0               invalid invalid invalid0               
invalid 
   4                 6               0                  0                 4                  6                  4                  6                    0                     0                   invalid -1              -1              invalid     

 5                     5                  0               -1              
    0                   5               5                  -1              5                5               0                 
-1              5               -1              0               5               -1               5               
0               
invalid5               
 0               invalid5               7                0               4                5                0               0                  invalid7                0                7                  5               4                0               5               -1                0               4                invalid5               
  invalid0                 0               5                  invalid  invalid0               -1                    5               
      5               6                     0               0                     invalid6               -1                -1                 6                
 
   0                6                6                  invalid     -1              0                
 6                0               6                -1              6                 6               0                -1              
0                8                6               6                
invalid 0               -1              0               6                5                -1              0               
invalid0                0                
8               6                invalid 5                7               1               0                   5                0               7               7               0               invalid     invalid6                 -1              0                  6                     
invalid   0                 6                   invalid -1              
0               7               6               0                6               7                 0                7                  invalid -1              0                -1                   
invalid 
     8                 7                   0                    -1              0               -1              
   0                 
7               9                  8                7               7               0               -1                1               -1              0               0               1               
  invalid
7               invalid9               6                  8               7               1                0                -1               0               0               invalid   6               -1              
 0               invalid    6                 0               
-1              7               invalid 7               8               
 0                  0               1               8                7                   7               invalid0                7                  7                  0                 0                   0                8                 invalid   invalid 1                     -1                  invalid-1              
 -1               
    8                
 9                  -1              
 0                7               -1              0                 9                0                0               
1                0                8                7               10              7               0               9               invalid-1              0               1               1                 
2               1               invalidinvalid 9                 8               10                  1                  0               1                 -1              invalid   0               invalid  
    8                  8                 -1              1                  0                -1              
invalid   0                
 9                  8                8                0                  1                0                1                  invalid     0                9                -1              -1                 8                1                

   1                invalid invalid     10               9                -1                -1              0                0               1               -1              
-1               
2                9               

11               10              10               1               9               9               0                0               1                invalid0               0               3                2               invalid  1               1               11               10                 9               1               9               1                1                  invalid 1               invalid-1              invalid  -1                    invalid     
   
     9                  10                    0               -1              
 1                12               0               9               2                 -1              0                 1               10                 
4                 invalid1                -1              10              12              -1                invalid-1              
0               1               
        
11              0               2               invalid11                 10              3               10               0                  0               11              1                3                -1               2               1               invalid 11              
-1              10              0                10              invalid   1               
2                1                           invalid  10              -1               10                 1               
invalid  0                   invalid12                 2                 -1               0                  10              -1               
 4                 1               
-1              11               12                invalid13              
0                1                -1               0               11              3                invalid 
 5               0               11                 12                 13              3               1                  0                1               11              invalid   -1              4               
12               11              1                invalid0               invalid1                  3                 invalid-1                     11               -1               
    1                
 11                 invalid 11               0                -1                     0                3                
    3                11               14                   11               1               -1              0                -1               1                invalid 
6                
-1              invalid      13              14              -1              12              0               
      -1                0               
5               12              1                
 13              4               0               13              invalid 12               1               12              4               0                -1              0                invalid1               12              5                
4               -1               invalid1               13               12              12              
  invalid1                0               1               12                     invalid 4               invalid    0                     12                4                     1                 12                -1                invalid 1                 
   -1              invalid   -1               13              
  0               14              -1              -1               5                0                


  13              6                 13              13              15                1               14                  0               0               0                 invalid1               -1              5               5               7               -1                invalid
13              13              15              
   13              1               1               1               14                 0               invalidinvalidinvalid0                  5                  6                  13                  14                 1                   1                -1                 invalid  -1                
   15                 invalid 0                    
   13              7                  -1                    0               15                 -1              
 5               -1              1                 
  14              13              
invalid-1               14              -1              0               1                   14              
-1              0               
6               invalid  0               =====  Placement on packages  =====

6               15              14                 6               Package Id.    Core Id.     Processors
14              14              0               1                 14              0              0               1               7               invalid -1              1               06               invalid15              1                invalid     
 invalid  =====  Placement on packages  =====
,  14                Package Id.    Core Id.     Processors
 1   1                0               ,   invalid    0 2    -1              , ,-1                 
1 3
 -1               =====  Placement on packages  =====
, ,414               
 Package Id.    Core Id.     Processors
2 ,0                15               0              , 56                0                03 ,614              -1              7                ,,-1              ,1               
15               14
7invalid15              1                ,,15              
 0               invalid-1              250               1               7                
,,7               0 15                15               0               3 7               6 ,15              15              , ,41                1               71                1,invalid   invalid
invalid  ,5    1                -1              2, -1               0  
,6 
 ,  =====  Placement on packages  =====
3, 15               1  Package Id.    Core Id.     Processors
,7 0                ,-1              0              4
 7                2
0,1               15               ,=====  Placement on packages  =====
,50 1                3Package Id.    Core Id.     Processors
1,, invalid     ,40              ,0,5,26,,11,-1              67 ,,-1              3
,
 22
,=====  Placement on packages  =====
7
=====  Core/Tile sharing  =====
 ,,=====  Placement on packages  =====
4Package Id.    Core Id.     Processors

Level      Processors
Core        33Package Id.    Core Id.     Processors
,0              
=====  Core/Tile sharing  =====
( ,,0              50Level      Processors
Core       0-1              440,,()
,,,610(=====  Placement on packages  =====
551,,)1)Package Id.    Core Id.     Processors
,,,72((0              66,2
,3120,7,1              ,)()2(,)371
()3
,01              34(,
=====  Core/Tile sharing  =====
2,0),44Level      Processors
Core       ,1,(5),(3,14,(50,2,)(65,)4,25,)6(,3,)(7(6,15,36
)(7),4,)1              7
(6,4(0)1              2,5,7,(0)7
,1              560),,1,(86),7,(18,(1
23,)79,
=====  Core/Tile sharing  =====
,)2(
)2Level      Processors
Core       3(4,9
=====  Core/Tile sharing  =====
(,(,)3)Level      Processors
Core       10304(,(()(,),5410)011)4(5),()(,1,(511(125)66,)1),(,)6()(136),(7214
7))(
=====  Core/Tile sharing  =====

(,(712Level      Processors
Core       
=====  Core/Tile sharing  =====
3(157)()(Level      Processors
Core       ))2
8(0((
Tile / L2$ )
=====  Core/Tile sharing  =====
)13)04((Level      Processors
Core       ()(())03(9141((5))0)))1)(()((()(14(10152(2)(3)(4)(5)6))1)))()(()(11
Tile / L2$ )(((01263()))2)75(((()())11372(4(())))3))86(((((4)(())2148355(())))))97(((((())315946)6(())))()108(
Tile / L2$ ((7)())4(105(87(()0))))119()(((())(510)()(111(66))911)8)((())()(12122((7(97)))1012)))((())(((13133((8108)))1113))()((())(11(14144((9)9)))1214)()((())(12(1515)5
Tile / L2$ )(((0(13106))15)10)))(()(14)((
Tile / L2$ (113
Tile / L2$ )(1170))((11)))(2(015))((()14)

(1281()(12)(Package thermal spec power: ))3(1)130(()15)() Watt; 92()(13(Package minimum power: ))4
Tile / L2$ 2)140(10()3)()((11()5((0))4) Watt; 314)(()(Package maximum power: ))(1215(60((151))5) Watt;
4))(
)()
Tile / L2$ (13
(7((2)6Package thermal spec power: )50)()0())(14( Watt; 8((3)7Package minimum power: )61)()0())(15( Watt; 9((4)8Package maximum power: )72)
)0())(3()(4
5)()Package thermal spec power:  Watt;
(109((0
5))86 Watt; )(())Package minimum power: (1110)((Can't open MCFG table. Check permission of 06)(97/sys/firmware/acpi/tables/MCFG Watt; )(11))
Package maximum power: 0 Watt;
(12)((Can't open MCFG table. Check permission of 7)(108/sys/firmware/acpi/tables/MCFG1)(12))
(13)((Can't open MCFG table. Check permission of 8)(119
/pcm/sys/firmware/acpi/tables/MCFG)(13))
(14)((Can't open MCFG table. Check permission of 9)(Can't open MCFG table. Check permission of 1210/pcm/sys/firmware/acpi/tables/MCFG1)(14/sys/firmware/acpi/tables/MCFG))
(15)
((10)
(
Can't open MCFG table. Check permission of 15/sys/firmware/acpi/tables/MCFG113Package thermal spec power: )
11)0)
Can't open MCFG table. Check permission of WARNING: enumeration of devices in UncorePMUDiscovery failed
)( Watt; 
(
/pcm/sys/firmware/acpi/tables/MCFG(14Package minimum power: 11
Package thermal spec power: 12)0)Can't open MCFG table. Check permission of Can't open MCFG table. Check permission of 0)( Watt; (/pcm/sys/firmware/acpi/tables/MCFG1/sys/firmware/acpi/tables/MCFG Watt; (15Package maximum power: 12

Package minimum power: 13)0)Can't open MCFG table. Check permission of 0)
 Watt;
(/sys/firmware/acpi/tables/MCFG1 Watt; (
WARNING: enumeration of devices in UncorePMUDiscovery failed
13
Package maximum power: 14Package thermal spec power: )Can't open MCFG table. Check permission of 0)0(/pcm/sys/firmware/acpi/tables/MCFG Watt;
( Watt; 14
15Package minimum power: )Can't open MCFG table. Check permission of )0(/pcm/sys/firmware/acpi/tables/MCFG1
 Watt; 15

Package maximum power: Package thermal spec power: 0)0 Watt;



 Watt; WARNING: enumeration of devices in UncorePMUDiscovery failed
INFO: Linux perf interface to program uncore PMUs is 
present
INFO: Linux perf interface to program uncore PMUs is Package minimum power: Can't open MCFG table. Check permission of Package thermal spec power: INFO: using Linux perf interface to program uncore PMUs because env variable PCM_USE_UNCORE_PERF=1
Can't open MCFG table. Check permission of present
0/sys/firmware/acpi/tables/MCFG0INFO: Secure Boot detected. Using Linux perf for uncore PMU programming.
/sys/firmware/acpi/tables/MCFGINFO: using Linux perf interface to program uncore PMUs because env variable PCM_USE_UNCORE_PERF=1
 Watt; 
 Watt; 
INFO: Secure Boot detected. Using Linux perf for uncore PMU programming.
Package maximum power: Can't open MCFG table. Check permission of Package minimum power: Can't open MCFG table. Check permission of 0/sys/firmware/acpi/tables/MCFG10/sys/firmware/acpi/tables/MCFG1 Watt;

 Watt; 
Can't open MCFG table. Check permission of Package maximum power: Can't open MCFG table. Check permission of /pcm/sys/firmware/acpi/tables/MCFG0/pcm/sys/firmware/acpi/tables/MCFG
 Watt;

Can't open MCFG table. Check permission of Can't open MCFG table. Check permission of /pcm/sys/firmware/acpi/tables/MCFG1/pcm/sys/firmware/acpi/tables/MCFG1


Can't open MCFG table. Check permission of /sys/firmware/acpi/tables/MCFG
WARNING: enumeration of devices in UncorePMUDiscovery failed
WARNING: enumeration of devices in UncorePMUDiscovery failed
Can't open MCFG table. Check permission of /sys/firmware/acpi/tables/MCFG1
Can't open MCFG table. Check permission of /pcm/sys/firmware/acpi/tables/MCFG
Can't open MCFG table. Check permission of /pcm/sys/firmware/acpi/tables/MCFG1
WARNING: enumeration of devices in UncorePMUDiscovery failed


INFO: Linux perf interface to program uncore PMUs is present
INFO: Linux perf interface to program uncore PMUs is INFO: using Linux perf interface to program uncore PMUs because env variable PCM_USE_UNCORE_PERF=1
present
INFO: Linux perf interface to program uncore PMUs is INFO: Secure Boot detected. Using Linux perf for uncore PMU programming.
present
INFO: Linux perf interface to program uncore PMUs is INFO: using Linux perf interface to program uncore PMUs because env variable PCM_USE_UNCORE_PERF=1
Can't open MCFG table. Check permission of Can't open MCFG table. Check permission of INFO: using Linux perf interface to program uncore PMUs because env variable PCM_USE_UNCORE_PERF=1
present
INFO: Secure Boot detected. Using Linux perf for uncore PMU programming.
/sys/firmware/acpi/tables/MCFG/sys/firmware/acpi/tables/MCFGINFO: Secure Boot detected. Using Linux perf for uncore PMU programming.
INFO: using Linux perf interface to program uncore PMUs because env variable PCM_USE_UNCORE_PERF=1


INFO: Secure Boot detected. Using Linux perf for uncore PMU programming.
Can't open MCFG table. Check permission of Can't open MCFG table. Check permission of /sys/firmware/acpi/tables/MCFG1/sys/firmware/acpi/tables/MCFG1

Can't open MCFG table. Check permission of Can't open MCFG table. Check permission of /pcm/sys/firmware/acpi/tables/MCFG/pcm/sys/firmware/acpi/tables/MCFG

Can't open MCFG table. Check permission of Can't open MCFG table. Check permission of /pcm/sys/firmware/acpi/tables/MCFG1/pcm/sys/firmware/acpi/tables/MCFG1

WARNING: enumeration of devices in UncorePMUDiscovery failed
WARNING: enumeration of devices in UncorePMUDiscovery failed
INFO: Linux perf interface to program uncore PMUs is INFO: Linux perf interface to program uncore PMUs is present
present
INFO: using Linux perf interface to program uncore PMUs because env variable PCM_USE_UNCORE_PERF=1
INFO: using Linux perf interface to program uncore PMUs because env variable PCM_USE_UNCORE_PERF=1
INFO: Secure Boot detected. Using Linux perf for uncore PMU programming.
INFO: Secure Boot detected. Using Linux perf for uncore PMU programming.
Socket 0: 2 memory controllers detected with total number of 6 channels. 2 UPI ports detected. 2 M2M (mesh to memory) blocks detected. 0 Home Agents detected. 2 M3UPI blocks detected.
Socket 0: 2 memory controllers detected with total number of 6 channels. 2 UPI ports detected. 2 M2M (mesh to memory) blocks detected. 0 Home Agents detected. 2 M3UPI blocks detected.
Socket 0: 2 memory controllers detected with total number of 6 channels. 2 UPI ports detected. 2 M2M (mesh to memory) blocks detected. 0 Home Agents detected. 2 M3UPI blocks detected.
Socket 0Socket : Socket 020:  memory controllers detected with total number of : 262 memory controllers detected with total number of  channels.  memory controllers detected with total number of 626 channels.   channels. 2UPI2  ports detected. UPI UPISocket  ports detected.2 ports detected.0  M2M (mesh to memory) blocks detected.  : 2Socket 022 M2M (mesh to memory) blocks detected. 0 Home Agents detected.  M2M (mesh to memory) blocks detected.  memory controllers detected with total number of 0: 206 Home Agents detected. 2 M3UPI blocks detected.
 Home Agents detected.  channels. 2 memory controllers detected with total number of 22 M3UPI blocks detected.
6 M3UPI blocks detected.
  channels. UPI2 ports detected.  UPI2 ports detected. M2M (mesh to memory) blocks detected.  02 Home Agents detected.  M2M (mesh to memory) blocks detected. 20 M3UPI blocks detected.
 Home Agents detected. 2 M3UPI blocks detected.
Socket 1: 2 memory controllers detected with total number of 6 channels. 2 UPI ports detected. 2 M2M (mesh to memory) blocks detected. 0 Home Agents detected. 2 M3UPI blocks detected.
Socket 1: 2 memory controllers detected with total number of 6 channels. 2 UPI ports detected. 2 M2M (mesh to memory) blocks detected. 0 Home Agents detected. 2 M3UPI blocks detected.
Socket 1: 2 memory controllers detected with total number of 6 channels. 2 UPI ports detected. 2 M2M (mesh to memory) blocks detected. 0 Home Agents detected. 2 M3UPI blocks detected.
Socket 1: 2 memory controllers detected with total number of 6 channels. 2 UPI ports detected. 2 M2M (mesh to memory) blocks detected. 0 Home Agents detected. 2 M3UPI blocks detected.
Socket 1: 2 memory controllers detected with total number of 6 channels. 2 UPI ports detected. 2 M2M (mesh to memory) blocks detected. 0 Home Agents detected. 2 M3UPI blocks detected.
Socket 1Socket : 21Socket  memory controllers detected with total number of : 612 channels. :  memory controllers detected with total number of 226  memory controllers detected with total number of  channels. UPI62 ports detected. channels.   2UPI2  ports detected. M2M (mesh to memory) blocks detected. UPI 0 ports detected.2 Home Agents detected.   M2M (mesh to memory) blocks detected. 220 M3UPI blocks detected.
 M2M (mesh to memory) blocks detected.  Home Agents detected. 02 Home Agents detected.  M3UPI blocks detected.
2 M3UPI blocks detected.
INFO: using Linux resctrl driver for RDT metrics (L3OCC, LMB, RMB) because environment variable PCM_USE_RESCTRL=1
ERROR: /sys/fs/resctrl is not mounted
ERROR: RDT metrics (L3OCC,LMB,RMB) will not be available
Mount it to make it work: mount -t resctrl resctrl /sys/fs/resctrl

INFO: using Linux resctrl driver for RDT metrics (L3OCC, LMB, RMB) because environment variable PCM_USE_RESCTRL=1
 Closed perf event handles
ERROR: /sys/fs/resctrl is not mounted
Trying to use Linux perf events...
ERROR: RDT metrics (L3OCC,LMB,RMB) will not be available
Mount it to make it work: mount -t resctrl resctrl /sys/fs/resctrl
INFO: using Linux resctrl driver for RDT metrics (L3OCC, LMB, RMB) because environment variable PCM_USE_RESCTRL=1
ERROR: /sys/fs/resctrl is not mounted
ERROR: RDT metrics (L3OCC,LMB,RMB) will not be available
Mount it to make it work: mount -t resctrl resctrl /sys/fs/resctrl

 Closed perf event handles
Trying to use Linux perf events...

 Closed perf event handles
Trying to use Linux perf events...
INFO: using Linux resctrl driver for RDT metrics (L3OCC, LMB, RMB) because environment variable PCM_USE_RESCTRL=1
ERROR: /sys/fs/resctrl is not mounted
ERROR: RDT metrics (L3OCC,LMB,RMB) will not be available
Mount it to make it work: mount -t resctrl resctrl /sys/fs/resctrl
INFO: using Linux resctrl driver for RDT metrics (L3OCC, LMB, RMB) because environment variable PCM_USE_RESCTRL=1
ERROR: /sys/fs/resctrl is not mounted
ERROR: RDT metrics (L3OCC,LMB,RMB) will not be available
Mount it to make it work: mount -t resctrl resctrl /sys/fs/resctrl
INFO: using Linux resctrl driver for RDT metrics (L3OCC, LMB, RMB) because environment variable PCM_USE_RESCTRL=1
INFO: using Linux resctrl driver for RDT metrics (L3OCC, LMB, RMB) because environment variable PCM_USE_RESCTRL=1
ERROR: /sys/fs/resctrl is not mounted
ERROR: RDT metrics (L3OCC,LMB,RMB) will not be available

Mount it to make it work: mount -t resctrl resctrl /sys/fs/resctrl
ERROR: /sys/fs/resctrl is not mounted
ERROR: RDT metrics (L3OCC,LMB,RMB) will not be available
Mount it to make it work: mount -t resctrl resctrl /sys/fs/resctrl
INFO: using Linux resctrl driver for RDT metrics (L3OCC, LMB, RMB) because environment variable PCM_USE_RESCTRL=1
ERROR: /sys/fs/resctrl is not mounted
ERROR: RDT metrics (L3OCC,LMB,RMB) will not be available
Mount it to make it work: mount -t resctrl resctrl /sys/fs/resctrl
 Closed perf event handles
Trying to use Linux perf events...

 Closed perf event handles
Trying to use Linux perf events...



 Closed perf event handles
 Closed perf event handles
 Closed perf event handles
Trying to use Linux perf events...
Trying to use Linux perf events...
Trying to use Linux perf events...
Successfully programmed on-core PMU using Linux perf
Successfully programmed on-core PMU using Linux perf
Successfully programmed on-core PMU using Linux perf
Successfully programmed on-core PMU using Linux perf
Successfully programmed on-core PMU using Linux perf
Successfully programmed on-core PMU using Linux perf
Successfully programmed on-core PMU using Linux perf
Successfully programmed on-core PMU using Linux perf
Socket 0
Max UPI link 0 speed: 2.4 GBytes/second (1.1 GT/second)
Max UPI link 1 speed: 2.4 GBytes/second (1.1 GT/second)
Socket 1
Max UPI link 0 speed: 2.4 GBytes/second (1.1 GT/second)
Max UPI link 1 speed: 2.4 GBytes/second (1.1 GT/second)

Detected Intel(R) Xeon(R) Silver 4208 CPU @ 2.10GHz "Intel(r) microarchitecture codename Cascade Lake-SP" stepping 7

Executing "./VH/ior/src/ior" command:
Socket 0
Max UPI link 0 speed: 2.5 GBytes/second (1.1 GT/second)
Max UPI link 1 speed: 2.5 GBytes/second (1.1 GT/second)
Socket 1
Max UPI link 0 speed: 2.3 GBytes/second (1.0 GT/second)
Max UPI link 1 speed: 2.3 GBytes/second (1.0 GT/second)

Detected Intel(R) Xeon(R) Silver 4208 CPU @ 2.10GHz "Intel(r) microarchitecture codename Cascade Lake-SP" stepping 7

Executing "./VH/ior/src/ior" command:
Socket 0
Max UPI link 0 speed: 2.4 GBytes/second (1.1 GT/second)
Max UPI link 1 speed: 2.4 GBytes/second (1.1 GT/second)
Socket 1
Max UPI link 0 speed: 2.3 GBytes/second (1.0 GT/second)
Max UPI link 1 speed: 2.3 GBytes/second (1.0 GT/second)

Detected Intel(R) Xeon(R) Silver 4208 CPU @ 2.10GHz "Intel(r) microarchitecture codename Cascade Lake-SP" stepping 7
Socket 
Executing "./VH/ior/src/ior" command:
0
Max UPI link 0 speed: 2.1 GBytes/second (0.9 GT/second)
Max UPI link 1 speed: 2.1 GBytes/second (0.9 GT/second)
Socket 1
Max UPI link 0 speed: 2.4 GBytes/second (1.1 GT/second)
Max UPI link 1 speed: 2.4 GBytes/second (1.1 GT/second)

Detected Intel(R) Xeon(R) Silver 4208 CPU @ 2.10GHz "Intel(r) microarchitecture codename Cascade Lake-SP" stepping 7
Socket 0
Max UPI link 0 speed: 2.3 GBytes/second (1.0 GT/second)
Max UPI link 1 speed: 2.3 GBytes/second (1.0 GT/second)
Socket 1
Max UPI link 0 speed: 2.7 GBytes/second (1.2 GT/second)
Max UPI link 1 speed: 2.7 GBytes/second (1.2 GT/second)

Detected Intel(R) Xeon(R) Silver 4208 CPU @ 2.10GHz "Intel(r) microarchitecture codename Cascade Lake-SP" stepping 7

Executing "./VH/ior/src/ior" command:

Executing "./VH/ior/src/ior" command:
Socket 0
Max UPI link 0 speed: 2.1 GBytes/second (0.9 GT/second)
Max UPI link 1 speed: 2.1 GBytes/second (0.9 GT/second)
Socket 1
Max UPI link 0 speed: 2.0 GBytes/second (0.9 GT/second)
Max UPI link 1 speed: 2.0 GBytes/second (0.9 GT/second)

Detected Intel(R) Xeon(R) Silver 4208 CPU @ 2.10GHz "Intel(r) microarchitecture codename Cascade Lake-SP" stepping 7

Executing "./VH/ior/src/ior" command:
Socket 0
Max UPI link 0 speed: 2.3 GBytes/second (1.0 GT/second)
Max UPI link 1 speed: 2.3 GBytes/second (1.0 GT/second)
Socket 1
Max UPI link 0 speed: 2.1 GBytes/second (0.9 GT/second)
Max UPI link 1 speed: 2.1 GBytes/second (0.9 GT/second)

Detected Intel(R) Xeon(R) Silver 4208 CPU @ 2.10GHz "Intel(r) microarchitecture codename Cascade Lake-SP" stepping 7

Executing "./VH/ior/src/ior" command:
Socket 0
Max UPI link 0 speed: 2.3 GBytes/second (1.0 GT/second)
Max UPI link 1 speed: 2.3 GBytes/second (1.0 GT/second)
Socket 1
Max UPI link 0 speed: 2.5 GBytes/second (1.1 GT/second)
Max UPI link 1 speed: 2.5 GBytes/second (1.1 GT/second)

Detected Intel(R) Xeon(R) Silver 4208 CPU @ 2.10GHz "Intel(r) microarchitecture codename Cascade Lake-SP" stepping 7

Executing "./VH/ior/src/ior" command:
IOR-4.1.0+dev: MPI Coordinated Test of Parallel I/O
Began               : Tue Mar 19 10:02:28 2024
Command line        : ./VH/ior/src/ior -t 1m -b 8m -s 8 -F
Machine             : Linux muffin
TestID              : 0
StartTime           : Tue Mar 19 10:02:28 2024
Path                : testFile.00000000
FS                  : 79.0 TiB   Used FS: 12.7%   Inodes: 16179.2 Mi   Used Inodes: 0.2%

Options: 
api                 : POSIX
apiVersion          : 
test filename       : testFile
access              : file-per-process
type                : independent
segments            : 8
ordering in a file  : sequential
ordering inter file : no tasks offsets
nodes               : 1
tasks               : 8
clients per node    : 8
memoryBuffer        : CPU
dataAccess          : CPU
GPUDirect           : 0
repetitions         : 1
xfersize            : 1 MiB
blocksize           : 8 MiB
aggregate filesize  : 512 MiB

Results: 

access    bw(MiB/s)  IOPS       Latency(s)  block(KiB) xfer(KiB)  open(s)    wr/rd(s)   close(s)   total(s)   iter
------    ---------  ----       ----------  ---------- ---------  --------   --------   --------   --------   ----
write     11.17      10434      0.005320    8192       1024.00    0.007454   0.049072   45.80      45.84      0   
read      25015      25950      0.001666    8192       1024.00    0.001119   0.019730   0.007004   0.020468   0   

Summary of all tests:
Operation   Max(MiB)   Min(MiB)  Mean(MiB)     StdDev   Max(OPs)   Min(OPs)  Mean(OPs)     StdDev    Mean(s) Stonewall(s) Stonewall(MiB) Test# #Tasks tPN reps fPP reord reordoff reordrand seed segcnt   blksiz    xsize aggs(MiB)   API RefNum
write          11.17      11.17      11.17       0.00      11.17      11.17      11.17       0.00   45.84041         NA            NA     0      8   8    1   1     0        1         0    0      8  8388608  1048576     512.0 POSIX      0
read        25014.66   25014.66   25014.66       0.00   25014.66   25014.66   25014.66       0.00    0.02047         NA            NA     0      8   8    1   1     0        1         0    0      8  8388608  1048576     512.0 POSIX      0
Finished            : Tue Mar 19 10:03:14 2024
DEBUG: caught signal to interrupt (Child exited).
Cleaning up
DEBUG: caught signal to interrupt (Child exited).
Cleaning up
DEBUG: caught signal to interrupt (Child exited).
Cleaning up
DEBUG: caught signal to interrupt (Child exited).
Cleaning up
DEBUG: caught signal to interrupt (DEBUG: caught signal to interrupt (Child exited).
Child exited).
Cleaning up
Cleaning up
 Closed perf event handles
 Closed perf event handles
 Closed perf event handles
DEBUG: caught signal to interrupt ( Closed perf event handles
 Closed perf event handles
 Closed perf event handles
DEBUG: caught signal to interrupt (Child exited).
Cleaning up
 Closed perf event handles
Child exited).
Cleaning up
 Closed perf event handles
 Zeroed uncore PMU registers
 Zeroed uncore PMU registers
 Zeroed uncore PMU registers
 Zeroed uncore PMU registers
 Zeroed uncore PMU registers
 Zeroed uncore PMU registers
 Zeroed uncore PMU registers
 Zeroed uncore PMU registers
	Command being timed: "mpirun -vh -np 8 /usr/sbin/pcm 0.1 -csv=./output/3/vh_IOR_VH_3.csv -- ./VH/ior/src/ior -t 1m -b 8m -s 8 -F"
	User time (seconds): 2.84
	System time (seconds): 1.86
	Percent of CPU this job got: 9%
	Elapsed (wall clock) time (h:mm:ss or m:ss): 0:47.32
	Average shared text size (kbytes): 0
	Average unshared data size (kbytes): 0
	Average stack size (kbytes): 0
	Average total size (kbytes): 0
	Maximum resident set size (kbytes): 141548
	Average resident set size (kbytes): 0
	Major (requiring I/O) page faults: 5
	Minor (reclaiming a frame) page faults: 5787
	Voluntary context switches: 63686
	Involuntary context switches: 5051
	Swaps: 0
	File system inputs: 0
	File system outputs: 3360
	Socket messages sent: 0
	Socket messages received: 0
	Signals delivered: 0
	Page size (bytes): 4096
	Exit status: 0
