
 Intel(r) Performance Counter Monitor (2022-11-24 10:18:12 +0100 ID=1b16bb4e)


PCM Info: setrlimit for file limit 1000000 failed with error Operation not permitted

=====  Processor information  =====

 Intel(r) Performance Counter Monitor (2022-11-24 10:18:12 +0100 ID=1b16bb4e)


PCM Info: setrlimit for file limit 1000000 failed with error Operation not permitted

=====  Processor information  =====



 Intel(r) Performance Counter Monitor  Intel(r) Performance Counter Monitor 

 Intel(r) Performance Counter Monitor (2022-11-24 10:18:12 +0100 ID=1b16bb4e)(2022-11-24 10:18:12 +0100 ID=1b16bb4e) Intel(r) Performance Counter Monitor  Intel(r) Performance Counter Monitor (2022-11-24 10:18:12 +0100 ID=1b16bb4e)

(2022-11-24 10:18:12 +0100 ID=1b16bb4e)(2022-11-24 10:18:12 +0100 ID=1b16bb4e)












PCM Info: setrlimit for file limit PCM Info: setrlimit for file limit 10000001000000 failed with error PCM Info: setrlimit for file limit  failed with error PCM Info: setrlimit for file limit PCM Info: setrlimit for file limit Operation not permitted1000000Operation not permitted10000001000000
 failed with error 
 failed with error  failed with error Operation not permitted
Operation not permittedOperation not permitted


=====  Processor information  =====

=====  Processor information  =====

=====  Processor information  =====
Linux arch_perfmon flag  : 
=====  Processor information  =====

=====  Processor information  =====
yes
Hybrid processor         : no
IBRS and IBPB supported  : yes
STIBP supported          : yes
Spec arch caps supported : yes
Max CPUID level          : 22
CPU model number         : 85
Linux arch_perfmon flag  : Linux arch_perfmon flag  : yesLinux arch_perfmon flag  : yesLinux arch_perfmon flag  : 
Linux arch_perfmon flag  : yes
yesHybrid processor         : yes
Hybrid processor         : 
no
Hybrid processor         : noHybrid processor         : 
Hybrid processor         : no
noIBRS and IBPB supported  : no
IBRS and IBPB supported  : 
yes
IBRS and IBPB supported  : yesIBRS and IBPB supported  : 
IBRS and IBPB supported  : yes
yesSTIBP supported          : yes
STIBP supported          : 
yes
STIBP supported          : yesSTIBP supported          : 
STIBP supported          : yes
yes
Spec arch caps supported : Spec arch caps supported : yesyes
yes
Max CPUID level          : 

Max CPUID level          : 22Spec arch caps supported : Spec arch caps supported : yesSpec arch caps supported : 
22 Intel(r) Performance Counter Monitor 
yes
yes
(2022-11-24 10:18:12 +0100 ID=1b16bb4e)CPU model number         : 
Max CPUID level          : 
CPU model number         : 
85Max CPUID level          : 22Max CPUID level          : 85

22
22


CPU model number         : 
CPU model number         : 85CPU model number         : 85
85

PCM Info: setrlimit for file limit 1000000 failed with error Operation not permitted

=====  Processor information  =====
Linux arch_perfmon flag  : yes
Hybrid processor         : no
IBRS and IBPB supported  : yes
STIBP supported          : yes
Spec arch caps supported : yes
Max CPUID level          : 22
CPU model number         : 85
Linux arch_perfmon flag  : yes
Hybrid processor         : no
IBRS and IBPB supported  : yes
STIBP supported          : yes
Spec arch caps supported : yes
Max CPUID level          : 22
CPU model number         : 85
Number of physical cores: 16
Number of logical cores: 16
Number of online logical cores: 16
Threads (logical cores) per physical core: 1
Num sockets: 2
Physical cores per socket: 8
Last level cache slices per socket: 0
Core PMU (perfmon) version: 4
Number of core PMU generic (programmable) counters: 8
Width of generic (programmable) counters: 48 bits
Number of core PMU fixed counters: 3
Number of physical cores: Width of fixed counters: 48Number of physical cores: 16 bits

Number of physical cores: Nominal core frequency: 16Number of logical cores: Number of physical cores: 210000000016
Number of physical cores: 16 Hz

16Number of logical cores: 
IBRS enabled in the kernel   : 16Number of logical cores: 
16Number of online logical cores: no
16Number of logical cores: 
16
Number of logical cores: 
16Number of online logical cores: 
STIBP enabled in the kernel  : 16Number of online logical cores: 
16Threads (logical cores) per physical core: no
16Number of online logical cores: 
1
Number of online logical cores: 
16Threads (logical cores) per physical core: 
The processor is not susceptible to Rogue Data Cache Load: 16Threads (logical cores) per physical core: 
1Num sockets: no
1Threads (logical cores) per physical core: 
2
Threads (logical cores) per physical core: 
1Num sockets: 
The processor supports enhanced IBRS                     : 1Num sockets: 
2Physical cores per socket: no
2Num sockets: 
8
Num sockets: 
2Physical cores per socket: 
2
=====  Processor topology  =====
Physical cores per socket: 
8Last level cache slices per socket: 
OS_Processor    Thread_Id       Core_Id         Tile_Id         Package_Id      Core_Type   Native_CPU_Model
8Physical cores per socket: 
0Physical cores per socket: 0               
8Last level cache slices per socket: 
80               Last level cache slices per socket: 
0Core PMU (perfmon) version: 
0               0Last level cache slices per socket: 
4Last level cache slices per socket: 0               
0Core PMU (perfmon) version: 
00               Core PMU (perfmon) version: 
4Number of core PMU generic (programmable) counters: 
invalid4Core PMU (perfmon) version: 
8Core PMU (perfmon) version:  
4Number of core PMU generic (programmable) counters: 
4 Number of core PMU generic (programmable) counters: 
8Width of generic (programmable) counters: 
 8
Number of core PMU generic (programmable) counters: 
48Number of core PMU generic (programmable) counters:  Width of generic (programmable) counters: 8Width of generic (programmable) counters:  bits
8 48
48Number of core PMU fixed counters: 
  bits
Number of core PMU fixed counters: Width of generic (programmable) counters: 348 bits

Number of core PMU fixed counters: 3 bits
Width of fixed counters: Width of generic (programmable) counters: 3
 Number of core PMU fixed counters: 4848
Width of fixed counters:  3 bits
 bits
Width of fixed counters: 48 
Nominal core frequency: Number of core PMU fixed counters: 48 bits
-1              Width of fixed counters: 21000000003 bits
Nominal core frequency: 
48 Hz

Nominal core frequency: 2100000000 bits
1               IBRS enabled in the kernel   : Width of fixed counters: 2100000000 Hz
Nominal core frequency: 0               no48 Hz
IBRS enabled in the kernel   : 21000000001               
 bits
IBRS enabled in the kernel   : no Hz
1               STIBP enabled in the kernel  : Nominal core frequency: no
IBRS enabled in the kernel   : 0               no2100000000
STIBP enabled in the kernel  : noinvalid
 Hz
STIBP enabled in the kernel  : no
 The processor is not susceptible to Rogue Data Cache Load: IBRS enabled in the kernel   : no
STIBP enabled in the kernel  :  nono
The processor is not susceptible to Rogue Data Cache Load: no 

The processor is not susceptible to Rogue Data Cache Load: no
 The processor supports enhanced IBRS                     : STIBP enabled in the kernel  : no
The processor is not susceptible to Rogue Data Cache Load:  nono
The processor supports enhanced IBRS                     : no 

The processor supports enhanced IBRS                     : no
 
=====  Processor topology  =====
The processor is not susceptible to Rogue Data Cache Load: no
The processor supports enhanced IBRS                     : 
=====  Processor topology  =====
 OS_Processor    Thread_Id       Core_Id         Tile_Id         Package_Id      Core_Type   Native_CPU_Model
no
noOS_Processor    Thread_Id       Core_Id         Tile_Id         Package_Id      Core_Type   Native_CPU_Model
 0               

=====  Processor topology  =====

0               -1              0               The processor supports enhanced IBRS                     : OS_Processor    Thread_Id       Core_Id         Tile_Id         Package_Id      Core_Type   Native_CPU_Model

=====  Processor topology  =====
0               
0               no0               OS_Processor    Thread_Id       Core_Id         Tile_Id         Package_Id      Core_Type   Native_CPU_Model
0               2               0               
0               0               0               0               0               
=====  Processor topology  =====
0               0               0               2               invalidOS_Processor    Thread_Id       Core_Id         Tile_Id         Package_Id      Core_Type   Native_CPU_Model
0               0               invalid2                0               0               0                0                0               invalid0                invalid 0                invalid   0                    0                    invalid                      -1                 -1               
   
  1               -1               -1              1                0               
-1              
0                1               
1               3               1                1               1               0               0               1               -1              0               0               1               3               0               
invalid1               1               3               invalid 1               1               0               0                 0               0               invalidinvalid  1               invalid    1                    0                    invalid                      -1                  -1              
 2                  
 0                -1              -1              2                2               -1              

0                2               
2               4               2                0               2               0               0               2               -1              invalid0               2               4               0               
 2               2               4               invalid2                2               0               0                0                0               invalidinvalid 2                invalid   2                    0                    invalid                   -1                   
   -1               3                -1               
 0                
-1              3                3               -1              3               
0                3               
0               5               3                0               3               3               0               3               -1              invalid0               3               5               0               
 3               0               5               invalid3                3               invalid0                0                0                invalid 3                invalid   3                    0                    invalid                  -1                   
   -1               4                -1               
 0                
-1              4                4               -1              4               
0                4               
0               6               4                0               4               4               0               4               -1              invalid0               4               6               0               
 4               0               6               invalid4                4               invalid0                0                0                invalid 4                invalid   4                    0                    invalid                  -1                   
   -1               5                -1               
 0                
-1              5                5               -1              5               
0                5               
0               7               5                0               5               5               0               5               -1              invalid0               5               7               0               
 5               0               7               invalid5                5               invalid0                0                0                invalid 5                invalid   5                    0                    invalid                  -1                   
   -1               6                -1               
 0                
-1              6                6               -1              6               
0                6               
0               8               6                0               6               6               0               6               -1              invalid0               6               0               0               
 6               0               8               invalid6                6               invalid1                0                0                invalid 6                invalid   6                    0                    invalid                  -1                   
   -1               7                -1               
 0                
-1              7                7               -1              7               
0                7               
0               9               7                0               7               7               0               7               -1              invalid0               7               1               0               
 7               0               9               invalid7                7               invalid1                0                0                invalid 7                invalid   7                    0                    invalid                  -1                   
   -1               8                -1               
 0                
-1              8                0               -1              8               
0                8               
0               10              0                1               8               0               0               8               -1              invalid0               8               2               1               
 0               1               10              invalid8                8               invalid1                0                1                invalid 0                invalid   8                    1                    invalid                    -1                 
 -1               -1               9               -1              
 9               
 0               
 0               9                1               11               1               0                9               0                9               1               -1              1               3                1               9               
invalid11              -1              invalid1               9                1               
 invalid0                invalid9                 1                 0                 9                 1                 1                 9                 invalid  1                    invalid               -1                -1                
  
-1               10              -1               10              
 0               
 0               10               2               12               2               0                10              0                10              2               -1              1               4                1               10              
invalid12              -1              invalid1               10               1               invalid
    10              invalid  0               0                   2               2                   10              10                  1               1                   invalidinvalid         -1                   
   -1                13               -1              
  0                
11               -1              5                11              0                
13              11               0               3                1               0                3               11               invalid3                11              1               -1               11              -1              1               invalid
 1               
invalid 11               invalid11                0                 0                 3                 3                 11                11                1                 1                 invalid  invalid         -1                      -1               -1               

  
 14              12                12               0               0                -1              0                6               4                
4               -1              14              12               12              12              
1               1                0               1               12              invalidinvalid-1              4               invalid0                 
12               4                 12              1                12                0               invalid 1                 4                 invalid  12                   1                    invalid   Number of physical cores:       16      
-1              -1                -1               Number of logical cores: 

  
 1615              13                13               
0               0                -1              0                Number of online logical cores: 7               5                
5               -1              1615              13               13              13              

1               invalid1                invalid   0               -1               1                5               13              
 invalidThreads (logical cores) per physical core:  13              0               13                 1               5               10                  invalid13              
5                   1               Num sockets: 13                  invalid21                    
invalid-1                  Physical cores per socket:  
 -1                8 =====  Placement on packages  =====
 
  
 Package Id.    Core Id.     Processors
 14                Last level cache slices per socket:  0              -1              0                 0 0
6                 
 ,14              14              -1               Core PMU (perfmon) version:  10               Number of physical cores: 1               
 4 ,6               invalid14              -1              16
 214               0               
14              
0               Number of logical cores: Number of core PMU generic (programmable) counters: 6               16-1              814              ,
1               

 1               6               3Number of online logical cores: invalid14              Width of generic (programmable) counters:  invalid14              ,16 0               48  1               4
 6                bits
  invalid   ,Threads (logical cores) per physical core:  14              Number of core PMU fixed counters:     51 1               3    ,
 invalid
    6Num sockets:   Width of fixed counters:   -1              ,2  48-1               
7
   bits

 15              
Physical cores per socket:   Nominal core frequency: 15               0               1              8-1               21000000000               -1              7               0

  Hz
7               
15              ,1Last level cache slices per socket: ,215              0 ,0               IBRS enabled in the kernel   : 
15               315              7               no1               Core PMU (perfmon) version: 1                ,0               15              
invalid4invalid-1              47               1               STIBP enabled in the kernel  :  
 
,15              invalidno Number of core PMU generic (programmable) counters:  15              51                
 8 0               ,invalid The processor is not susceptible to Rogue Data Cache Load:   
 7               6  no  Width of generic (programmable) counters:  15              ,  
 48 1               7  The processor supports enhanced IBRS                     :   bits
 invalid
  no-1              Number of core PMU fixed counters:   
=====  Core/Tile sharing  =====
  

3  Level      Processors
Core         
=====  Processor topology  =====
=====  Placement on packages  =====

-1               (  OS_Processor    Thread_Id       Core_Id         Tile_Id         Package_Id      Core_Type   Native_CPU_Model
Package Id.    Core Id.     Processors
Width of fixed counters: 
 0 -1              0               0              0,481 bits
=====  Placement on packages  =====
,Nominal core frequency:  2Package Id.    Core Id.     Processors
)2100000000  ,
0              (0                Hz
-1               3=====  Placement on packages  =====
010               IBRS enabled in the kernel   : 
 ,Package Id.    Core Id.     Processors
,)0               no=====  Placement on packages  =====
 40              1(0               
Package Id.    Core Id.     Processors
-1              ,0,2invalidSTIBP enabled in the kernel  : 0              
5,2) no0=====  Placement on packages  =====
,1,( 
,Package Id.    Core Id.     Processors
6,33 The processor is not susceptible to Rogue Data Cache Load: 10              ,2,) no,07,4( 
2,
3,4 The processor supports enhanced IBRS                     : ,11              ,5) no3,04,( 
,2,1,,562,5,, 6)7
=====  Processor topology  =====
3-1              4,(,
OS_Processor    Thread_Id       Core_Id         Tile_Id         Package_Id      Core_Type   Native_CPU_Model
,
,7631              0               451               
),00               ,,0               1              (4,,0               561               07510               ,,1               ,),,0               670               1(62invalid,
invalid,8,, 71               2)73 
0 ,(
,4 
=====  Core/Tile sharing  =====
, 391              , Level      Processors
Core       1 ,)05 (, 4(,, 02 ,101,6 )(,13 ),5 ()4,2 2,(7, 6,-1              )11
5 ,3
()
=====  Core/Tile sharing  =====
,-1              7,2               3(Level      Processors
Core       6

40               )12(,
=====  Core/Tile sharing  =====
1               ,2               ()07Level      Processors
Core       0               52               4()
(01               ,0               )13(
=====  Core/Tile sharing  =====
)1               6invalid()1Level      Processors
Core       (0               , 5()(1invalid7 )14(0) 
 ()2)( 
=====  Core/Tile sharing  =====
 6()(2 Level      Processors
Core        )15(1)   ( 0  () ) 37() 
Tile / L2$ (-1              ))1( (03
(()2-1              ))2               48()
((0               ))2(3               142               (()30               ))2               59()3               ((0               ))3(3               25invalid(()40               )) 610()invalid(( ))4( 36 (()5  )) 711() (( )()8(5)12()( )64(97 () )6)) 13( ()(( )7 5(108 () )7))-1              14(-1              ()((
)8
6(1194               ()3               )8))0               15(0               ()((4               )93               7(12104               
Tile / L2$ )3               )9))0               ((0               ()((invalid010invalid8(1311 ))   ) (10 )9))  ()((((  14(1111211  )10))))  ()((((-1               15(2121312
 )11))))4                
Tile / L2$ )((((0                ((31314134               -1              012))))4               
))((((0               5               ((4141514invalid0               113)))) 5               ))((
Tile / L2$ ( 5               ((515(015))( 
Tile / L2$ 10                2()14invalid ))0)()   (()
Tile / L2$ 2(   63(()15)  ))10(
  (())3
 -1              74(()  Package thermal spec power: 
))21(-1              05               (())4
 Watt; 0               85(()6               Package minimum power: 5               ))32(0               05               (())56                Watt; 0               96(()6               0               Package maximum power: invalid0 invalid Watt;
 ) ) (4 3( (10) )7 6)( () )(5 4( (11) )8 7)( () )(6 5(-1              (12) )9
8)(-1              ()7               )(7
6(0               (13))6               )107               9((0               ()7               )1486               7(0               ())6               )11
invalid10((0               () )159invalid8(12 )( ()11 )13
)  (Can't open MCFG table. Check permission of )
)(  10/sys/firmware/acpi/tables/MCFG(Package thermal spec power: (12  )
1409)  (Can't open MCFG table. Check permission of ) Watt; )(  11/sys/firmware/acpi/tables/MCFG1(Package minimum power: (13 -1              )
15010) 
(Can't open MCFG table. Check permission of ) Watt; )( 8               12/pcm/sys/firmware/acpi/tables/MCFG
Package maximum power: (14 0               )

011)-1              0               (Can't open MCFG table. Check permission of  Watt;
Package thermal spec power: )(
8               13/pcm/sys/firmware/acpi/tables/MCFG10(157               1               )
 Watt; 12)0               invalid(Package minimum power: )
7                140(
7                )( Watt; 15Package maximum power: 13))Package thermal spec power: 0
(0               0 Watt;
WARNING: enumeration of devices in UncorePMUDiscovery failed

14 invalid
 Watt; Package thermal spec power: )  Package minimum power: 0(  0 Watt; 15  Can't open MCFG table. Check permission of  Watt; Package minimum power: )  /sys/firmware/acpi/tables/MCFGPackage maximum power: 0
  
0 Watt; 
  Can't open MCFG table. Check permission of  Watt;
Package maximum power: -1              Package thermal spec power:  /sys/firmware/acpi/tables/MCFG10
0 
 Watt;
9                Watt;  Can't open MCFG table. Check permission of 0               Package minimum power: -1              /pcm/sys/firmware/acpi/tables/MCFG1               0

9                Watt; 8               Can't open MCFG table. Check permission of 1               Package maximum power: 0               /pcm/sys/firmware/acpi/tables/MCFG1invalid00               
    Watt;
8               
 1                invalid   WARNING: enumeration of devices in UncorePMUDiscovery failed
  Can't open MCFG table. Check permission of   /sys/firmware/acpi/tables/MCFG -1              
    
 Can't open MCFG table. Check permission of 10              -1              
/sys/firmware/acpi/tables/MCFG10               



2               9               INFO: Linux perf interface to program uncore PMUs is Can't open MCFG table. Check permission of Can't open MCFG table. Check permission of INFO: Linux perf interface to program uncore PMUs is 10              Can't open MCFG table. Check permission of 0               present
/pcm/sys/firmware/acpi/tables/MCFG/sys/firmware/acpi/tables/MCFGCan't open MCFG table. Check permission of present
1               /sys/firmware/acpi/tables/MCFG1               INFO: using Linux perf interface to program uncore PMUs because env variable PCM_USE_UNCORE_PERF=1


/sys/firmware/acpi/tables/MCFGINFO: using Linux perf interface to program uncore PMUs because env variable PCM_USE_UNCORE_PERF=1
invalid 
9               INFO: Secure Boot detected. Using Linux perf for uncore PMU programming.
Can't open MCFG table. Check permission of Can't open MCFG table. Check permission of 
INFO: Secure Boot detected. Using Linux perf for uncore PMU programming.
  Can't open MCFG table. Check permission of 1               /pcm/sys/firmware/acpi/tables/MCFG1/sys/firmware/acpi/tables/MCFG1Can't open MCFG table. Check permission of   /sys/firmware/acpi/tables/MCFG1invalid

/sys/firmware/acpi/tables/MCFG1  
 Can't open MCFG table. Check permission of 
  Can't open MCFG table. Check permission of  /pcm/sys/firmware/acpi/tables/MCFGCan't open MCFG table. Check permission of -1              /pcm/sys/firmware/acpi/tables/MCFG WARNING: enumeration of devices in UncorePMUDiscovery failed

/pcm/sys/firmware/acpi/tables/MCFG

 Can't open MCFG table. Check permission of 
11              Can't open MCFG table. Check permission of  /pcm/sys/firmware/acpi/tables/MCFG1Can't open MCFG table. Check permission of 0               /pcm/sys/firmware/acpi/tables/MCFG1 
/pcm/sys/firmware/acpi/tables/MCFG13               
 
11               1                invalid WARNING: enumeration of devices in UncorePMUDiscovery failed
  -1               
WARNING: enumeration of devices in UncorePMUDiscovery failed
 10              WARNING: enumeration of devices in UncorePMUDiscovery failed
 0               INFO: Linux perf interface to program uncore PMUs is  2               present
 10              INFO: using Linux perf interface to program uncore PMUs because env variable PCM_USE_UNCORE_PERF=1
 1               INFO: Secure Boot detected. Using Linux perf for uncore PMU programming.
-1              invalid
 12               0                4                12               1                invalid      -1               
 11               0                3                11               1               -1              invalid
 13               0                5                13               1                invalid      -1               
 12               0                4                12               1               -1              invalid
 14              0                6                INFO: Linux perf interface to program uncore PMUs is 14               present
1                INFO: using Linux perf interface to program uncore PMUs because env variable PCM_USE_UNCORE_PERF=1
invalid INFO: Linux perf interface to program uncore PMUs is INFO: Secure Boot detected. Using Linux perf for uncore PMU programming.
  INFO: Linux perf interface to program uncore PMUs is   present
present
  INFO: using Linux perf interface to program uncore PMUs because env variable PCM_USE_UNCORE_PERF=1
INFO: using Linux perf interface to program uncore PMUs because env variable PCM_USE_UNCORE_PERF=1
 -1              INFO: Secure Boot detected. Using Linux perf for uncore PMU programming.
INFO: Secure Boot detected. Using Linux perf for uncore PMU programming.
 
 13               0                5                13              -1              1               
invalid15               0                7                15               1                invalid        -1               
 14               0                6                14              -1              1               
invalid=====  Placement on packages  =====
 Package Id.    Core Id.     Processors
 0               0 , 1 , 2 , 3,-1              4
,15              50               ,7               615              ,1               7invalid
 1               0 , 1 , 2 , 3 ,-1              4
,=====  Placement on packages  =====
5Package Id.    Core Id.     Processors
,0              60,,71
,
=====  Core/Tile sharing  =====
2Level      Processors
Core       ,(30,)4(,15),(62,)7(
31              )0(,41),(25,)3(,64),5,(6,Socket 7Socket 7
0)0
=====  Core/Tile sharing  =====
: (: Level      Processors
Core       282( memory controllers detected with total number of ) memory controllers detected with total number of 06(6) channels. 9 channels. (2)21 ( )UPI10UPI( ports detected.) ports detected.2 ( )2112( M2M (mesh to memory) blocks detected. ) M2M (mesh to memory) blocks detected. 30(0) Home Agents detected. 12 Home Agents detected. (2)24 M3UPI blocks detected.
( M3UPI blocks detected.
)13()5()14()6()15()7
Tile / L2$ )((08))((19))((210))(11()3()12()4()13()5()14()6()15()7
Tile / L2$ )((08))((19))((210))((311))((412))((513))((614))((715))(
8
)(9Package thermal spec power: )0( Watt; 10Package minimum power: )0( Watt; 11Package maximum power: )0( Watt;
12)(13)(14)(15)

Package thermal spec power: 0 Watt; Package minimum power: 0 Watt; Package maximum power: 0 Watt;
Socket 0
: 2
 memory controllers detected with total number of 6 channels. 2 UPI ports detected. 2 M2M (mesh to memory) blocks detected. 0 Home Agents detected. 2 M3UPI blocks detected.
Can't open MCFG table. Check permission of Can't open MCFG table. Check permission of /sys/firmware/acpi/tables/MCFG/sys/firmware/acpi/tables/MCFG

Can't open MCFG table. Check permission of Can't open MCFG table. Check permission of /sys/firmware/acpi/tables/MCFG1/sys/firmware/acpi/tables/MCFG1

Can't open MCFG table. Check permission of Can't open MCFG table. Check permission of /pcm/sys/firmware/acpi/tables/MCFG/pcm/sys/firmware/acpi/tables/MCFG

Can't open MCFG table. Check permission of Can't open MCFG table. Check permission of /pcm/sys/firmware/acpi/tables/MCFG1/pcm/sys/firmware/acpi/tables/MCFG1

WARNING: enumeration of devices in UncorePMUDiscovery failed
WARNING: enumeration of devices in UncorePMUDiscovery failed
Socket 0: 2 memory controllers detected with total number of 6 channels. 2 UPI ports detected. 2 M2M (mesh to memory) blocks detected. 0 Home Agents detected. 2 M3UPI blocks detected.
INFO: Linux perf interface to program uncore PMUs is present
INFO: using Linux perf interface to program uncore PMUs because env variable PCM_USE_UNCORE_PERF=1
INFO: Secure Boot detected. Using Linux perf for uncore PMU programming.
INFO: Linux perf interface to program uncore PMUs is Socket present
0Socket INFO: using Linux perf interface to program uncore PMUs because env variable PCM_USE_UNCORE_PERF=1
: INFO: Secure Boot detected. Using Linux perf for uncore PMU programming.
02:  memory controllers detected with total number of 26 memory controllers detected with total number of  channels. 62 channels.  2UPI  ports detected.UPI  ports detected.2  M2M (mesh to memory) blocks detected. 20 M2M (mesh to memory) blocks detected.  Home Agents detected. 02 Home Agents detected.  M3UPI blocks detected.
2 M3UPI blocks detected.
Socket 1: 2 memory controllers detected with total number of 6 channels. 2 UPI ports detected. 2 M2M (mesh to memory) blocks detected. 0 Home Agents detected. 2 M3UPI blocks detected.
Socket 1: 2 memory controllers detected with total number of 6 channels. 2 UPI ports detected. 2 M2M (mesh to memory) blocks detected. 0 Home Agents detected. 2 M3UPI blocks detected.
Socket 1: 2 memory controllers detected with total number of 6 channels. 2 UPI ports detected. 2 M2M (mesh to memory) blocks detected. 0 Home Agents detected. 2 M3UPI blocks detected.
Socket 0: Socket 21 memory controllers detected with total number of : 62 channels.  memory controllers detected with total number of 26  channels. UPI2 ports detected.  UPI2 ports detected. M2M (mesh to memory) blocks detected.  02 Home Agents detected.  M2M (mesh to memory) blocks detected. 20 M3UPI blocks detected.
 Home Agents detected. 2 M3UPI blocks detected.
Socket 1: 2 memory controllers detected with total number of 6 channels. 2 UPI ports detected. 2 M2M (mesh to memory) blocks detected. 0 Home Agents detected. 2 M3UPI blocks detected.
Socket 1Socket : 20 memory controllers detected with total number of : 62 channels.  memory controllers detected with total number of 26  channels. UPI2 ports detected.  UPI2 ports detected. M2M (mesh to memory) blocks detected.  02 Home Agents detected.  M2M (mesh to memory) blocks detected. 20 M3UPI blocks detected.
 Home Agents detected. 2 M3UPI blocks detected.
Socket 1: 2 memory controllers detected with total number of 6 channels. 2 UPI ports detected. 2 M2M (mesh to memory) blocks detected. 0 Home Agents detected. 2 M3UPI blocks detected.
Socket 1: 2 memory controllers detected with total number of 6 channels. 2 UPI ports detected. 2 M2M (mesh to memory) blocks detected. 0 Home Agents detected. 2 M3UPI blocks detected.
INFO: using Linux resctrl driver for RDT metrics (L3OCC, LMB, RMB) because environment variable PCM_USE_RESCTRL=1
ERROR: /sys/fs/resctrl is not mounted
ERROR: RDT metrics (L3OCC,LMB,RMB) will not be available
Mount it to make it work: mount -t resctrl resctrl /sys/fs/resctrl

 Closed perf event handles
Trying to use Linux perf events...
INFO: using Linux resctrl driver for RDT metrics (L3OCC, LMB, RMB) because environment variable PCM_USE_RESCTRL=1
ERROR: /sys/fs/resctrl is not mounted
ERROR: RDT metrics (L3OCC,LMB,RMB) will not be available
INFO: using Linux resctrl driver for RDT metrics (L3OCC, LMB, RMB) because environment variable PCM_USE_RESCTRL=1
Mount it to make it work: mount -t resctrl resctrl /sys/fs/resctrl
ERROR: /sys/fs/resctrl is not mounted
ERROR: RDT metrics (L3OCC,LMB,RMB) will not be available
Mount it to make it work: mount -t resctrl resctrl /sys/fs/resctrl
INFO: using Linux resctrl driver for RDT metrics (L3OCC, LMB, RMB) because environment variable PCM_USE_RESCTRL=1

ERROR: /sys/fs/resctrl is not mounted
ERROR: RDT metrics (L3OCC,LMB,RMB) will not be available
Mount it to make it work: mount -t resctrl resctrl /sys/fs/resctrl

 Closed perf event handles
 Closed perf event handles
Trying to use Linux perf events...
Trying to use Linux perf events...
INFO: using Linux resctrl driver for RDT metrics (L3OCC, LMB, RMB) because environment variable PCM_USE_RESCTRL=1
ERROR: /sys/fs/resctrl is not mounted
ERROR: RDT metrics (L3OCC,LMB,RMB) will not be available
Mount it to make it work: mount -t resctrl resctrl /sys/fs/resctrl

INFO: using Linux resctrl driver for RDT metrics (L3OCC, LMB, RMB) because environment variable PCM_USE_RESCTRL=1
ERROR: /sys/fs/resctrl is not mounted
ERROR: RDT metrics (L3OCC,LMB,RMB) will not be available
Mount it to make it work: mount -t resctrl resctrl /sys/fs/resctrl
INFO: using Linux resctrl driver for RDT metrics (L3OCC, LMB, RMB) because environment variable PCM_USE_RESCTRL=1
 Closed perf event handles
ERROR: /sys/fs/resctrl is not mounted

Trying to use Linux perf events...
ERROR: RDT metrics (L3OCC,LMB,RMB) will not be available
Mount it to make it work: mount -t resctrl resctrl /sys/fs/resctrl

 Closed perf event handles
Trying to use Linux perf events...
 Closed perf event handles
Trying to use Linux perf events...
INFO: using Linux resctrl driver for RDT metrics (L3OCC, LMB, RMB) because environment variable PCM_USE_RESCTRL=1
ERROR: /sys/fs/resctrl is not mounted
ERROR: RDT metrics (L3OCC,LMB,RMB) will not be available
Mount it to make it work: mount -t resctrl resctrl /sys/fs/resctrl

Successfully programmed on-core PMU using Linux perf
Successfully programmed on-core PMU using Linux perf
Successfully programmed on-core PMU using Linux perf
Successfully programmed on-core PMU using Linux perf
Successfully programmed on-core PMU using Linux perf
 Closed perf event handles
Trying to use Linux perf events...
Successfully programmed on-core PMU using Linux perf

 Closed perf event handles
Trying to use Linux perf events...
Successfully programmed on-core PMU using Linux perf
Successfully programmed on-core PMU using Linux perf
Socket 0
Max UPI link 0 speed: 2.3 GBytes/second (1.0 GT/second)
Max UPI link 1 speed: 2.3 GBytes/second (1.0 GT/second)
Socket 1
Max UPI link 0 speed: 2.4 GBytes/second (1.1 GT/second)
Max UPI link 1 speed: 2.4 GBytes/second (1.1 GT/second)

Detected Intel(R) Xeon(R) Silver 4208 CPU @ 2.10GHz "Intel(r) microarchitecture codename Cascade Lake-SP" stepping 7
Socket 0
Max UPI link 0 speed: 2.5 GBytes/second (1.1 GT/second)
Max UPI link 1 speed: 2.5 GBytes/second (1.1 GT/second)
Socket 1
Max UPI link 0 speed: 2.4 GBytes/second (1.1 GT/second)
Max UPI link 1 speed: 2.4 GBytes/second (1.1 GT/second)

Detected Intel(R) Xeon(R) Silver 4208 CPU @ 2.10GHz "Intel(r) microarchitecture codename Cascade Lake-SP" stepping 7

Executing "./VE/ior-main/src/ior" command:

Executing "./VE/ior-main/src/ior" command:
Socket 0
Max UPI link 0 speed: 2.1 GBytes/second (0.9 GT/second)
Max UPI link 1 speed: 2.1 GBytes/second (0.9 GT/second)
Socket 1
Max UPI link 0 speed: 2.0 GBytes/second (0.9 GT/second)
Max UPI link 1 speed: 2.0 GBytes/second (0.9 GT/second)

Detected Intel(R) Xeon(R) Silver 4208 CPU @ 2.10GHz "Intel(r) microarchitecture codename Cascade Lake-SP" stepping 7

Executing "./VE/ior-main/src/ior" command:
Socket 0
Max UPI link 0 speed: 2.4 GBytes/second (1.1 GT/second)
Max UPI link 1 speed: 2.4 GBytes/second (1.1 GT/second)
Socket 1
Max UPI link 0 speed: 2.5 GBytes/second (1.1 GT/second)
Max UPI link 1 speed: 2.5 GBytes/second (1.1 GT/second)

Detected Intel(R) Xeon(R) Silver 4208 CPU @ 2.10GHz "Intel(r) microarchitecture codename Cascade Lake-SP" stepping 7

Executing "./VE/ior-main/src/ior" command:
Socket 0
Max UPI link 0 speed: 2.2 GBytes/second (1.0 GT/second)
Max UPI link 1 speed: 2.2 GBytes/second (1.0 GT/second)
Socket 1
Max UPI link 0 speed: 2.4 GBytes/second (1.1 GT/second)
Max UPI link 1 speed: 2.4 GBytes/second (1.1 GT/second)

Detected Intel(R) Xeon(R) Silver 4208 CPU @ 2.10GHz "Intel(r) microarchitecture codename Cascade Lake-SP" stepping 7

Executing "./VE/ior-main/src/ior" command:
Socket 0
Max UPI link 0 speed: 2.5 GBytes/second (1.1 GT/second)
Max UPI link 1 speed: 2.5 GBytes/second (1.1 GT/second)
Socket 1
Max UPI link 0 speed: 2.5 GBytes/second (1.1 GT/second)
Max UPI link 1 speed: 2.5 GBytes/second (1.1 GT/second)

Detected Intel(R) Xeon(R) Silver 4208 CPU @ 2.10GHz "Intel(r) microarchitecture codename Cascade Lake-SP" stepping 7

Executing "./VE/ior-main/src/ior" command:
Socket 0
Max UPI link 0 speed: 2.4 GBytes/second (1.1 GT/second)
Max UPI link 1 speed: 2.4 GBytes/second (1.1 GT/second)
Socket 1
Max UPI link 0 speed: 2.5 GBytes/second (1.1 GT/second)
Max UPI link 1 speed: 2.5 GBytes/second (1.1 GT/second)

Detected Intel(R) Xeon(R) Silver 4208 CPU @ 2.10GHz "Intel(r) microarchitecture codename Cascade Lake-SP" stepping 7

Executing "./VE/ior-main/src/ior" command:
Socket 0
Max UPI link 0 speed: 2.1 GBytes/second (0.9 GT/second)
Max UPI link 1 speed: 2.1 GBytes/second (0.9 GT/second)
Socket 1
Max UPI link 0 speed: 2.1 GBytes/second (0.9 GT/second)
Max UPI link 1 speed: 2.1 GBytes/second (0.9 GT/second)

Detected Intel(R) Xeon(R) Silver 4208 CPU @ 2.10GHz "Intel(r) microarchitecture codename Cascade Lake-SP" stepping 7

Executing "./VE/ior-main/src/ior" command:
IOR-4.1.0+dev: MPI Coordinated Test of Parallel I/O
Began               : Thu Mar 21 18:49:01 2024
Command line        : ./VE/ior-main/src/ior -t 1m -b 8m -s 8 -o hpl_test -F
Machine             : Linux muffin
TestID              : 0
StartTime           : Thu Mar 21 18:49:01 2024
Path                : hpl_test.00000000
FS                  : 79.0 TiB   Used FS: 12.7%   Inodes: 16179.2 Mi   Used Inodes: 0.2%

Options: 
api                 : POSIX
apiVersion          : 
test filename       : hpl_test
access              : file-per-process
type                : independent
segments            : 8
ordering in a file  : sequential
ordering inter file : no tasks offsets
nodes               : 1
tasks               : 8
clients per node    : 8
memoryBuffer        : CPU
dataAccess          : CPU
GPUDirect           : 0
repetitions         : 1
xfersize            : 1 MiB
blocksize           : 8 MiB
aggregate filesize  : 512 MiB

Results: 

access    bw(MiB/s)  IOPS       Latency(s)  block(KiB) xfer(KiB)  open(s)    wr/rd(s)   close(s)   total(s)   iter
------    ---------  ----       ----------  ---------- ---------  --------   --------   --------   --------   ----
write     11.17      147.33     0.007370    8192       1024.00    3.43       3.48       45.78      45.84      0   
read      89.48      89.50      0.005049    8192       1024.00    0.002774   5.72       5.69       5.72       0   

Summary of all tests:
Operation   Max(MiB)   Min(MiB)  Mean(MiB)     StdDev   Max(OPs)   Min(OPs)  Mean(OPs)     StdDev    Mean(s) Stonewall(s) Stonewall(MiB) Test# #Tasks tPN reps fPP reord reordoff reordrand seed segcnt   blksiz    xsize aggs(MiB)   API RefNum
write          11.17      11.17      11.17       0.00      11.17      11.17      11.17       0.00   45.84441         NA            NA     0      8   8    1   1     0        1         0    0      8  8388608  1048576     512.0 POSIX      0
read           89.48      89.48      89.48       0.00      89.48      89.48      89.48       0.00    5.72213         NA            NA     0      8   8    1   1     0        1         0    0      8  8388608  1048576     512.0 POSIX      0
Finished            : Thu Mar 21 18:49:53 2024
DEBUG: caught signal to interrupt (Child exited).
Cleaning up
 Closed perf event handles
DEBUG: caught signal to interrupt (Child exited).
Cleaning up
 Closed perf event handles
DEBUG: caught signal to interrupt (Child exited).
Cleaning up
 Closed perf event handles
DEBUG: caught signal to interrupt (Child exited).
Cleaning up
 Closed perf event handles
DEBUG: caught signal to interrupt (Child exited).
Cleaning up
 Closed perf event handles
DEBUG: caught signal to interrupt (Child exited).
Cleaning up
 Closed perf event handles
DEBUG: caught signal to interrupt (Child exited).
Cleaning up
 Closed perf event handles
 Zeroed uncore PMU registers
 Zeroed uncore PMU registers
DEBUG: caught signal to interrupt (Child exited).
Cleaning up
 Closed perf event handles
 Zeroed uncore PMU registers
 Zeroed uncore PMU registers
 Zeroed uncore PMU registers
 Zeroed uncore PMU registers
 Zeroed uncore PMU registers
 Zeroed uncore PMU registers
	Command being timed: "/opt/nec/ve/bin/mpirun -n 8 /usr/sbin/pcm 0.1 -csv=./output/5/ve_IOR_VE_5.csv -- ./VE/ior-main/src/ior -t 1m -b 8m -s 8 -o hpl_test -F"
	User time (seconds): 3.24
	System time (seconds): 2.22
	Percent of CPU this job got: 10%
	Elapsed (wall clock) time (h:mm:ss or m:ss): 0:53.38
	Average shared text size (kbytes): 0
	Average unshared data size (kbytes): 0
	Average stack size (kbytes): 0
	Average total size (kbytes): 0
	Maximum resident set size (kbytes): 141548
	Average resident set size (kbytes): 0
	Major (requiring I/O) page faults: 0
	Minor (reclaiming a frame) page faults: 5803
	Voluntary context switches: 76957
	Involuntary context switches: 5135
	Swaps: 0
	File system inputs: 0
	File system outputs: 4080
	Socket messages sent: 0
	Socket messages received: 0
	Signals delivered: 0
	Page size (bytes): 4096
	Exit status: 0

 Intel(r) Performance Counter Monitor (2022-11-24 10:18:12 +0100 ID=1b16bb4e)


PCM Info: setrlimit for file limit 1000000 failed with error Operation not permitted

 Intel(r) Performance Counter Monitor (2022-11-24 10:18:12 +0100 ID=1b16bb4e)



=====  Processor information  =====
PCM Info: setrlimit for file limit 1000000 failed with error 
Operation not permitted Intel(r) Performance Counter Monitor 

(2022-11-24 10:18:12 +0100 ID=1b16bb4e)
 Intel(r) Performance Counter Monitor 

 Intel(r) Performance Counter Monitor (2022-11-24 10:18:12 +0100 ID=1b16bb4e)

=====  Processor information  =====
 Intel(r) Performance Counter Monitor (2022-11-24 10:18:12 +0100 ID=1b16bb4e)


(2022-11-24 10:18:12 +0100 ID=1b16bb4e)






PCM Info: setrlimit for file limit 1000000PCM Info: setrlimit for file limit  failed with error 1000000PCM Info: setrlimit for file limit Operation not permitted failed with error PCM Info: setrlimit for file limit 1000000
Operation not permitted1000000 failed with error 
 failed with error Operation not permittedOperation not permitted


=====  Processor information  =====

=====  Processor information  =====

=====  Processor information  =====

=====  Processor information  =====

 Intel(r) Performance Counter Monitor (2022-11-24 10:18:12 +0100 ID=1b16bb4e)


PCM Info: setrlimit for file limit 1000000 failed with error Operation not permitted
Linux arch_perfmon flag  : yes

=====  Processor information  =====
Hybrid processor         : noLinux arch_perfmon flag  : 
yesIBRS and IBPB supported  : Linux arch_perfmon flag  : 
yesLinux arch_perfmon flag  : yesyesHybrid processor         : 



no Intel(r) Performance Counter Monitor STIBP supported          : Hybrid processor         : Hybrid processor         : 
(2022-11-24 10:18:12 +0100 ID=1b16bb4e)yesnonoIBRS and IBPB supported  : 



yes
Spec arch caps supported : IBRS and IBPB supported  : IBRS and IBPB supported  : 

yesyesyesSTIBP supported          : 


STIBP supported          : yesLinux arch_perfmon flag  : PCM Info: setrlimit for file limit Max CPUID level          : STIBP supported          : yes
yes100000022yes
Spec arch caps supported : 
 failed with error 

Spec arch caps supported : yesHybrid processor         : Operation not permittedCPU model number         : Spec arch caps supported : yes
no
85yes
Max CPUID level          : 


Max CPUID level          : 
=====  Processor information  =====
22IBRS and IBPB supported  : Max CPUID level          : 22
yes22
CPU model number         : CPU model number         : 
STIBP supported          : 
yesCPU model number         : 85
85Spec arch caps supported : 
85
yesLinux arch_perfmon flag  : 

yesMax CPUID level          : 
22Hybrid processor         : 
noCPU model number         : 
85IBRS and IBPB supported  : 
yes
STIBP supported          : yes
Spec arch caps supported : yes
Max CPUID level          : 22
CPU model number         : 85
Linux arch_perfmon flag  : yes
Hybrid processor         : no
IBRS and IBPB supported  : yes
STIBP supported          : yes
Spec arch caps supported : yes
Max CPUID level          : Linux arch_perfmon flag  : 22yes

CPU model number         : Hybrid processor         : 85no

IBRS and IBPB supported  : yes
STIBP supported          : yes
Spec arch caps supported : yes
Max CPUID level          : 22
CPU model number         : 85
Number of physical cores: Number of physical cores: 16
Number of physical cores: 16Number of logical cores: Number of physical cores: Number of physical cores: 
161616Number of logical cores: 16


16
Number of logical cores: Number of online logical cores: Number of logical cores: 
Number of logical cores: 161616Number of online logical cores: 16


16
Number of online logical cores: Threads (logical cores) per physical core: Number of online logical cores: 
Number of online logical cores: 16116Threads (logical cores) per physical core: 16


1
Threads (logical cores) per physical core: Num sockets: Threads (logical cores) per physical core: 
Threads (logical cores) per physical core: 121Num sockets: 1


2
Num sockets: Physical cores per socket: Num sockets: 
Num sockets: 282Physical cores per socket: 2


8
Physical cores per socket: Last level cache slices per socket: Physical cores per socket: 
Physical cores per socket: 808Last level cache slices per socket: 8


0
Last level cache slices per socket: Core PMU (perfmon) version: Last level cache slices per socket: 
Last level cache slices per socket: 040Core PMU (perfmon) version: 0


4
Core PMU (perfmon) version: Number of core PMU generic (programmable) counters: Core PMU (perfmon) version: 
Core PMU (perfmon) version: 484Number of core PMU generic (programmable) counters: 4


8
Number of core PMU generic (programmable) counters: Width of generic (programmable) counters: Number of core PMU generic (programmable) counters: 
Number of core PMU generic (programmable) counters: 8488Width of generic (programmable) counters: 8
 bits

48
Width of generic (programmable) counters: Number of core PMU fixed counters: Width of generic (programmable) counters:  bits
Width of generic (programmable) counters: 48348 bits
Number of core PMU fixed counters: Number of core PMU fixed counters: 3348
 bits
 bits

Width of fixed counters: 
Number of core PMU fixed counters: Number of core PMU fixed counters: Width of fixed counters: Number of physical cores: 483Width of fixed counters: Number of physical cores: 348 bits
16
48
16 bits
Nominal core frequency: 
Width of fixed counters:  bits
Width of fixed counters: 
Nominal core frequency: 2100000000Number of logical cores: 48Nominal core frequency: 48Number of logical cores: 2100000000 Hz
16 bits
2100000000 bits
16 Hz
IBRS enabled in the kernel   : 
Nominal core frequency:  Hz
Nominal core frequency: 
IBRS enabled in the kernel   : noNumber of online logical cores: 2100000000IBRS enabled in the kernel   : 2100000000Number of online logical cores: no
16 Hz
no Hz
16
STIBP enabled in the kernel  : 
IBRS enabled in the kernel   : 
IBRS enabled in the kernel   : 
STIBP enabled in the kernel  : noThreads (logical cores) per physical core: noSTIBP enabled in the kernel  : noThreads (logical cores) per physical core: no
1
no
1
The processor is not susceptible to Rogue Data Cache Load: 
STIBP enabled in the kernel  : 
STIBP enabled in the kernel  : 
The processor is not susceptible to Rogue Data Cache Load: noNum sockets: noThe processor is not susceptible to Rogue Data Cache Load: noNum sockets: no
2
no
2
The processor supports enhanced IBRS                     : 
The processor is not susceptible to Rogue Data Cache Load: 
The processor is not susceptible to Rogue Data Cache Load: 
The processor supports enhanced IBRS                     : noPhysical cores per socket: noThe processor supports enhanced IBRS                     : noPhysical cores per socket: no
8
no
8

=====  Processor topology  =====

The processor supports enhanced IBRS                     : 
The processor supports enhanced IBRS                     : 

=====  Processor topology  =====
OS_Processor    Thread_Id       Core_Id         Tile_Id         Package_Id      Core_Type   Native_CPU_Model
Last level cache slices per socket: nono
=====  Processor topology  =====
Last level cache slices per socket: OS_Processor    Thread_Id       Core_Id         Tile_Id         Package_Id      Core_Type   Native_CPU_Model
0               0               00               

0               Core PMU (perfmon) version: 
0               4OS_Processor    Thread_Id       Core_Id         Tile_Id         Package_Id      Core_Type   Native_CPU_Model

=====  Processor topology  =====
0invalid
=====  Processor topology  =====
0               
0               OS_Processor    Thread_Id       Core_Id         Tile_Id         Package_Id      Core_Type   Native_CPU_Model

 OS_Processor    Thread_Id       Core_Id         Tile_Id         Package_Id      Core_Type   Native_CPU_Model
0               Number of core PMU generic (programmable) counters: 0               0               Core PMU (perfmon) version:  0               0               80               0               4 0               0               
0               0               
 0               0               Width of generic (programmable) counters: 0               0               Number of core PMU generic (programmable) counters:  0               invalid48invalid0               8 0                 bits
 invalid
Width of generic (programmable) counters:  48 invalid bits
   Number of core PMU fixed counters: Number of core PMU fixed counters: -1              3    3

    
Width of fixed counters: 1                   Width of fixed counters: 480                   48 bits
1                    bits
Nominal core frequency: 1                   Nominal core frequency: 21000000000                   2100000000 Hz
invalid -1                 Hz
IBRS enabled in the kernel   : no 
 -1              STIBP enabled in the kernel  : 

 no-1              1                 1               -1              IBRS enabled in the kernel   : 

0                0               
noThe processor is not susceptible to Rogue Data Cache Load: 1               1                1               
1               no1               0                1               STIBP enabled in the kernel  : 0               
0               1                0               no1               The processor supports enhanced IBRS                     : invalid1                invalid
1               no 0               -1               The processor is not susceptible to Rogue Data Cache Load: 0               
 invalid
 noinvalid
=====  Processor topology  =====
  2                
 OS_Processor    Thread_Id       Core_Id         Tile_Id         Package_Id      Core_Type   Native_CPU_Model
  0                The processor supports enhanced IBRS                     :  0                 2                no 0                 2                
 0                 0                 
=====  Processor topology  =====
0                 invalid  OS_Processor    Thread_Id       Core_Id         Tile_Id         Package_Id      Core_Type   Native_CPU_Model
0                    0               invalid-1                -1               0                
  
 0                2               -1               2               -1              0                0               
2                0                2               0                2               
2                0               0               2                2                2               invalidinvalid0                0               -1              2                 invalid 2               
0                   2               3               invalid    0               0                    invalid3                   -1               3                   
 0                    1               invalid     0                     1                 -1              -1                1                 

-1               0                 3               
 1               invalid -1              0               3                0                 
3               0               -1              1                 3               3               3               
1                 0               0               3               3               0                 3               invalid0               0               invalid -1              3                invalid3                 
0                    3                  0                   4               invalid invalid   0                     4                 -1                 4                -1              
   0                
2                  invalid 4               0                -1                 0               2                
-1                4               2                4               
  4               0                0               2                 0               invalid 4               0                -1              invalid -1              4               2                
  
0               2                4                 4               invalid0                Number of physical cores: 0                 0                invalid 4                16 4                 -1              4               0                invalid 
   Number of logical cores:   4                16     

0               5                 -1                 Number of online logical cores: invalid0                 
 -1              16 5                 5                  

 5                 0                3               Threads (logical cores) per physical core:  0                 5               -1              0               1 invalid  5               
3               
  -1              0               -1              3               3               Num sockets:   
invalid
0               0               2  5                3               5               invalid
 Physical cores per socket:   8-1              0                
 
5               3                Last level cache slices per socket: 0                 5               5               0                05                 0               0               invalid 
5                 5               invalid   Core PMU (perfmon) version: 0                 5                  -1              4invalid  0                  

   invalid  6               Number of core PMU generic (programmable) counters:        0               8 -1                 -1              6               
 
   
6               Width of generic (programmable) counters:  6               -1                4               0               48 0               
  0               4               invalid4                 bits
0                 Number of core PMU fixed counters: invalid6                 4               3  6                  0               
  0                -1              -1              4               Width of fixed counters:   invalid 

4               48    6               6               0                bits
 -1                0               0               invalidNominal core frequency:  
  6               6                2100000000 Hz
IBRS enabled in the kernel   : no 
 6               STIBP enabled in the kernel  :   0               no-1              -1               6               6               
6               
0                
 0               6               The processor is not susceptible to Rogue Data Cache Load: 7               invalid 5                invalid 0               no0                 0                  invalid 
7                 5                   The processor supports enhanced IBRS                     : 7                 5               -1                 no0                 0               
   
invalid
=====  Processor topology  =====
  invalid7               -1                     OS_Processor    Thread_Id       Core_Id         Tile_Id         Package_Id      Core_Type   Native_CPU_Model
   0               
-1                0                -1               7               7               
 0                
 7               0               7               7               7               0                0               7               0                invalid 7               0               5                  -1              0               0               0               invalid0                  
invalidinvalid 5               -1                7                   5               
  0                      0               8                 7                  invalid0                 7                    0                -1              0                    8                
invalid -1                 1                invalid   6               -1                 0               -1              
 
   6               
8                 8                 6               8               0               -1               0                -1              0               0               0               
 0                
invalid0               8               6                8                1                8               1               0                 1                invalid -1               0                
  1               1               -1              8               invalid  6               1               invalid
0                  6               0                9               0                   0               invalid 0               8                   invalid  1               1                     9               invalid  -1                 1                  
   invalid  -1              9                      
-1              7               0               
0                1               9                7                 9               0                 7                  1               1                 0                 -1              invalid9                 invalid  
 1                -1                -1              9                invalid 
  
0                      2                 7               1                   0                -1              0               9                  2                
7               1                 -1              2               0               invalid    9                 7               0                invalid 0                1                -1               -1              
invalid 9                
 
 10               1                10               8                0               -1              invalid 0                0                2               
  2                0                10              10               -1              
3               10              0               1                3               invalid8                3                 1               1                0               0                  invalidinvalid invalid2                    -1               10                   
 10              1                     0               invalid-1                       2                
     10               8               0                0                8                -1              1               -1              -1              
 invalid
 
11               1                9                 10              0                invalid 0                 0               3                  1                 2               11              -1                9                -1              10              1               
  1                
1               invalid11                   invalid     4                 invalid   0               0               -1              -1                -1               4               3               

  
 11              4               11              9               11                  0               0               1               0               0                   3               invalidinvalid1               3                  11                9               11                 1                 1               1                 -1              invalid  invalidinvalid -1              
      
12                   -1              10              0                             
  0                -1              4                11                2                
12               0               -1              -1              10               5               0               1                3               

1               12               5               invalid 11              12              invalid0                5                 1               0                4                0                -1              invalid4                12              -1              invalid 
 12               1               invalid
   12                 10              0                   1               0               4                    invalid2               12                    10              1                      1               invalid -1                  invalid  
       13                -1                 -1              0                -1              
   
5               -1              
13              0                5                 13                 1               11              -1               13               invalid
0               6               
 1                 12              3               0               13               invalid  0               11              6               0                   4               1               6               5               -1               -1               12              invalid0               13              
 
 1                 invalid  1                 13              invalid   0               11                   invalid5               0                      13              3                     1               11                -1                 invalid1                -1              
    invalid 
14              -1                   12              0               
-1                  0               6               14              
    4               14              0               7                   -1               
12               14              1               1                6               0               invalid0               invalid  14              6                 7                -1              -1              1               14                7                

invalid1                  0                12              13               invalid-1               invalid 0               0                 
   4               5                 14                 12              13                0                  1               1                    6                 14                 1                -1                 invalidinvalid invalid
-1                    15              
-1              -1                       0               
15              
     7               13              0               15              -1                 15              0               7               0               
 -1               1               5               15              7               15              15              1               0                invalid7               
8                0               invalid 13              0                1                1                8                  15              invalidinvalid 1                 -1              1                    invalid  
invalid    -1                 14                  
   0                  13                 6                 -1              0                  14                
5                  1                 14              13                -1              invalid  0               1                -1              
   6               invalid 
=====  Placement on packages  =====
  -1              14                =====  Placement on packages  =====
Package Id.    Core Id.     Processors
  
1                -1              Package Id.    Core Id.     Processors
0              0 , -1              1 invalid
,=====  Placement on packages  =====
   =====  Placement on packages  =====
2Package Id.    Core Id.     Processors

  0               Package Id.    Core Id.     Processors
,0              9                 0 0              300               -1               , 0,,1               
 1 ,419               15               , 1,,1               0                2 ,52invalid7                ,-1              2,, 15               3
,63 1               -1              ,14              3,, invalid
40               ,74   15               0               , 7               6               5 415              14              
, ,,1                    -1              
10              1               1              6 55invalid0               invalid0, ,, 2                ,7 66  10               1
-1              ,,  1                ,1              
77 invalid 20=====  Placement on packages  =====


   ,,Package Id.    Core Id.     Processors
1              1                 31,0              200,,0,3 1,1 ,-1               ,1,, 4
 2,42 ,=====  Placement on packages  =====
 ,2,, 5Package Id.    Core Id.     Processors
-1              3,53 ,0              
,3,, 6015              4,6,4 ,,0               ,47,-1              717               5,
5

,15              ,5
=====  Core/Tile sharing  =====
,11              
=====  Core/Tile sharing  =====
21               6,Level      Processors
Core       60               Level      Processors
Core       ,invalid,6(,3               (3 7,0711              1               invalid 0 ), ( 4 
1 7, )1              )
 
5 (0(
=====  Core/Tile sharing  =====
 
=====  Core/Tile sharing  =====
, 1,2Level      Processors
Core        Level      Processors
Core       6 )1)( (, (,(0 07-1              22,33)),( (4)4(
-1              1,
)12              )11              
)5(0               ()0=====  Placement on packages  =====
(,54               3(,Package Id.    Core Id.     Processors
26)12              )210              ),(1               (),0(7
6invalid4(2,3
=====  Core/Tile sharing  =====
) )3,1)Level      Processors
Core       ( ()3,((7 5(,240) )44,))((18 ))( ()(6, 23(9()5 ),5)5(,6 (4)()7,7-1              3,(10()

)56)6(
=====  Core/Tile sharing  =====
13              (,)()8Level      Processors
Core       0               46(11()(5               ),7)7)((908))13              )(((71               )(10(51
invalid(9)12))1               8)()((0 )(11(62, (10)13))1 9)()((, )(12(732 (11)14)), 10)()((3 )(13(84, (12)15))4-1              11)()((,5
,14              )60               ((,146               13
Tile / L2$ 1279)14              5)()
)(1               )(0(
=====  Core/Tile sharing  =====
(15invalid         -1              (14)13Level      Processors
Core       10)
6)()()
Tile / L2$ 15              )(1(0((0               (15)14)1107               7)
Tile / L2$ ((2)0)(())(1)15((15              3))()1121               )((1
Tile / L2$ ))invalid(28)((( 4))(0213 )((2))) (39)((( 5))(1314 )((3))) (410)((( 6))(2415 )((4))) (511)((53())
Tile / L2$ 5(-1              ((7)6)
4)0)()(=====  Placement on packages  =====
)()(6(6Package Id.    Core Id.     Processors
(12(8)7)0              5)1)()(0)()(7(7,(13(9)8)16)2)()(,)()(8(82(714))(((1038)15)9)))()(,)(((9
Tile / L2$ 113(499)(),10)))(0(4)(((10)12,(51010)()511)))(1(,)(((11)136(61111)()(,12)))(214)7)(((12)(
(71212)(315))(1              
4130)
))),)(((Package thermal spec power: ((141(8513013)(,13))) Watt; )152)(((Package minimum power: (),(9614014
314))) Watt; )
,)(((Package maximum power: (Package thermal spec power: 4(107150150,15))) Watt;
) Watt; 5)((

Package minimum power: ,
Tile / L2$ 118

06(0))()(12Package thermal spec power: (1 Watt; )0Package thermal spec power: 9)Package maximum power: ,( Watt; 
0)(0713Package minimum power:  Watt; (2 Watt;

)0Package minimum power: 10Can't open MCFG table. Check permission of )
=====  Core/Tile sharing  =====
( Watt; 0)/sys/firmware/acpi/tables/MCFG(Level      Processors
Core       14Package maximum power:  Watt; (
3()0Package maximum power: 11Can't open MCFG table. Check permission of )0( Watt;
0)/sys/firmware/acpi/tables/MCFG1()15 Watt;
(
4()12Can't open MCFG table. Check permission of )1
)/pcm/sys/firmware/acpi/tables/MCFG()
(
5(13Package thermal spec power: Can't open MCFG table. Check permission of )2)0/pcm/sys/firmware/acpi/tables/MCFG1()( Watt; 
6(3)(144)Package minimum power: )()0WARNING: enumeration of devices in UncorePMUDiscovery failed
(
15(
 Watt; 5
)7Package maximum power: )Can't open MCFG table. Check permission of 
)0Can't open MCFG table. Check permission of (/sys/firmware/acpi/tables/MCFG
(Can't open MCFG table. Check permission of  Watt;
/sys/firmware/acpi/tables/MCFG6
8Package thermal spec power: /sys/firmware/acpi/tables/MCFG
)Can't open MCFG table. Check permission of )0
Can't open MCFG table. Check permission of (/sys/firmware/acpi/tables/MCFG1( Watt; Can't open MCFG table. Check permission of /sys/firmware/acpi/tables/MCFG17
9Package minimum power: /sys/firmware/acpi/tables/MCFG1
)Can't open MCFG table. Check permission of )0
Can't open MCFG table. Check permission of (/pcm/sys/firmware/acpi/tables/MCFG( Watt; Can't open MCFG table. Check permission of /pcm/sys/firmware/acpi/tables/MCFG8
10Package maximum power: /pcm/sys/firmware/acpi/tables/MCFG
)Can't open MCFG table. Check permission of )0
Can't open MCFG table. Check permission of (/pcm/sys/firmware/acpi/tables/MCFG1( Watt;
Can't open MCFG table. Check permission of /pcm/sys/firmware/acpi/tables/MCFG19
11/pcm/sys/firmware/acpi/tables/MCFG1
))
((10WARNING: enumeration of devices in UncorePMUDiscovery failed
12))((
1311WARNING: enumeration of devices in UncorePMUDiscovery failed
))WARNING: enumeration of devices in UncorePMUDiscovery failed
((
14Can't open MCFG table. Check permission of INFO: Linux perf interface to program uncore PMUs is 12)/sys/firmware/acpi/tables/MCFGpresent
)INFO: using Linux perf interface to program uncore PMUs because env variable PCM_USE_UNCORE_PERF=1
(
(INFO: Secure Boot detected. Using Linux perf for uncore PMU programming.
Can't open MCFG table. Check permission of 15Can't open MCFG table. Check permission of 13/sys/firmware/acpi/tables/MCFG)/sys/firmware/acpi/tables/MCFG1)


(Can't open MCFG table. Check permission of 
Can't open MCFG table. Check permission of 14/sys/firmware/acpi/tables/MCFG1/pcm/sys/firmware/acpi/tables/MCFGPackage thermal spec power: )

0(Can't open MCFG table. Check permission of /pcm/sys/firmware/acpi/tables/MCFGCan't open MCFG table. Check permission of 
/pcm/sys/firmware/acpi/tables/MCFG1 Watt; Can't open MCFG table. Check permission of 
Package minimum power: 15/pcm/sys/firmware/acpi/tables/MCFG10INFO: Linux perf interface to program uncore PMUs is )INFO: Linux perf interface to program uncore PMUs is 
 Watt; INFO: Linux perf interface to program uncore PMUs is present
WARNING: enumeration of devices in UncorePMUDiscovery failed

Tile / L2$ present
Package maximum power: present
INFO: using Linux perf interface to program uncore PMUs because env variable PCM_USE_UNCORE_PERF=1
(INFO: using Linux perf interface to program uncore PMUs because env variable PCM_USE_UNCORE_PERF=1
WARNING: enumeration of devices in UncorePMUDiscovery failed
0INFO: using Linux perf interface to program uncore PMUs because env variable PCM_USE_UNCORE_PERF=1
INFO: Secure Boot detected. Using Linux perf for uncore PMU programming.
0INFO: Secure Boot detected. Using Linux perf for uncore PMU programming.
 Watt;
INFO: Secure Boot detected. Using Linux perf for uncore PMU programming.
)(1)(2)(3)(4)(5)(6)(7)(8)(9)(10)(11)(12)(13)(14)(15)

Package thermal spec power: 0 Watt; Package minimum power: 0 Watt; Package maximum power: 0 Watt;

Can't open MCFG table. Check permission of /sys/firmware/acpi/tables/MCFG

Can't open MCFG table. Check permission of /sys/firmware/acpi/tables/MCFG1INFO: Linux perf interface to program uncore PMUs is 
present
INFO: Linux perf interface to program uncore PMUs is Can't open MCFG table. Check permission of INFO: using Linux perf interface to program uncore PMUs because env variable PCM_USE_UNCORE_PERF=1
present
/pcm/sys/firmware/acpi/tables/MCFGINFO: Secure Boot detected. Using Linux perf for uncore PMU programming.
INFO: using Linux perf interface to program uncore PMUs because env variable PCM_USE_UNCORE_PERF=1

INFO: Secure Boot detected. Using Linux perf for uncore PMU programming.
Can't open MCFG table. Check permission of Can't open MCFG table. Check permission of /sys/firmware/acpi/tables/MCFG/pcm/sys/firmware/acpi/tables/MCFG1

Can't open MCFG table. Check permission of /sys/firmware/acpi/tables/MCFG1
Can't open MCFG table. Check permission of /pcm/sys/firmware/acpi/tables/MCFG
Can't open MCFG table. Check permission of /pcm/sys/firmware/acpi/tables/MCFG1
WARNING: enumeration of devices in UncorePMUDiscovery failed
WARNING: enumeration of devices in UncorePMUDiscovery failed
INFO: Linux perf interface to program uncore PMUs is present
INFO: using Linux perf interface to program uncore PMUs because env variable PCM_USE_UNCORE_PERF=1
INFO: Secure Boot detected. Using Linux perf for uncore PMU programming.
INFO: Linux perf interface to program uncore PMUs is present
INFO: using Linux perf interface to program uncore PMUs because env variable PCM_USE_UNCORE_PERF=1
INFO: Secure Boot detected. Using Linux perf for uncore PMU programming.
Socket 0: 2 memory controllers detected with total number of 6 channels. 2 UPI ports detected. 2 M2M (mesh to memory) blocks detected. 0 Home Agents detected. 2 M3UPI blocks detected.
Socket 0: 2 memory controllers detected with total number of 6 channels. 2 UPI ports detected. 2 M2M (mesh to memory) blocks detected. 0 Home Agents detected. 2 M3UPI blocks detected.
Socket 0Socket : 02:  memory controllers detected with total number of 26 memory controllers detected with total number of  channels. 62 channels.  2UPI  ports detected.UPI  ports detected.2  M2M (mesh to memory) blocks detected. 20 M2M (mesh to memory) blocks detected.  Home Agents detected. 02 Home Agents detected.  M3UPI blocks detected.
2 M3UPI blocks detected.
Socket 0Socket : 20 memory controllers detected with total number of Socket : 602 channels. :  memory controllers detected with total number of 226  memory controllers detected with total number of  channels. UPI62 ports detected. channels.   2UPI2  ports detected. M2M (mesh to memory) blocks detected. UPI 0 ports detected.2 Home Agents detected.   M2M (mesh to memory) blocks detected. 220 M3UPI blocks detected.
 M2M (mesh to memory) blocks detected.  Home Agents detected. 02 Home Agents detected.  M3UPI blocks detected.
2 M3UPI blocks detected.
Socket 0: 2 memory controllers detected with total number of 6 channels. 2 UPI ports detected. 2 M2M (mesh to memory) blocks detected. 0 Home Agents detected. 2 M3UPI blocks detected.
Socket 1: 2 memory controllers detected with total number of 6 channels. 2 UPI ports detected. 2 M2M (mesh to memory) blocks detected. 0 Home Agents detected. 2 M3UPI blocks detected.
Socket 1: 2 memory controllers detected with total number of 6 channels. 2 UPI ports detected. 2 M2M (mesh to memory) blocks detected. 0 Home Agents detected. 2 M3UPI blocks detected.
Socket 1: 2 memory controllers detected with total number of 6 channels. 2 UPI ports detected. 2 M2M (mesh to memory) blocks detected. 0 Home Agents detected. 2 M3UPI blocks detected.
Socket Socket 11Socket : : 122:  memory controllers detected with total number of  memory controllers detected with total number of 266 memory controllers detected with total number of  channels.  channels. 622 channels.   2UPIUPI  ports detected. ports detected.UPI   ports detected.22  M2M (mesh to memory) blocks detected.  M2M (mesh to memory) blocks detected. 200 M2M (mesh to memory) blocks detected.  Home Agents detected.  Home Agents detected. 022 Home Agents detected.  M3UPI blocks detected.
 M3UPI blocks detected.
2 M3UPI blocks detected.
Socket 1Socket : 12:  memory controllers detected with total number of 26 memory controllers detected with total number of  channels. 62 channels.  2UPI  ports detected.UPI  ports detected.2  M2M (mesh to memory) blocks detected. 20 M2M (mesh to memory) blocks detected.  Home Agents detected. 02 Home Agents detected.  M3UPI blocks detected.
2 M3UPI blocks detected.
INFO: using Linux resctrl driver for RDT metrics (L3OCC, LMB, RMB) because environment variable PCM_USE_RESCTRL=1
ERROR: /sys/fs/resctrl is not mounted
ERROR: RDT metrics (L3OCC,LMB,RMB) will not be available
Mount it to make it work: mount -t resctrl resctrl /sys/fs/resctrl
INFO: using Linux resctrl driver for RDT metrics (L3OCC, LMB, RMB) because environment variable PCM_USE_RESCTRL=1
INFO: using Linux resctrl driver for RDT metrics (L3OCC, LMB, RMB) because environment variable PCM_USE_RESCTRL=1
ERROR: /sys/fs/resctrl is not mounted
ERROR: RDT metrics (L3OCC,LMB,RMB) will not be available
Mount it to make it work: mount -t resctrl resctrl /sys/fs/resctrl
ERROR: /sys/fs/resctrl is not mounted
ERROR: RDT metrics (L3OCC,LMB,RMB) will not be available
Mount it to make it work: mount -t resctrl resctrl /sys/fs/resctrl

INFO: using Linux resctrl driver for RDT metrics (L3OCC, LMB, RMB) because environment variable PCM_USE_RESCTRL=1
ERROR: /sys/fs/resctrl is not mounted
ERROR: RDT metrics (L3OCC,LMB,RMB) will not be available
Mount it to make it work: mount -t resctrl resctrl /sys/fs/resctrl


 Closed perf event handles
Trying to use Linux perf events...
 Closed perf event handles
Trying to use Linux perf events...
INFO: using Linux resctrl driver for RDT metrics (L3OCC, LMB, RMB) because environment variable PCM_USE_RESCTRL=1

 Closed perf event handles
ERROR: /sys/fs/resctrl is not mounted
Trying to use Linux perf events...
ERROR: RDT metrics (L3OCC,LMB,RMB) will not be available
Mount it to make it work: mount -t resctrl resctrl /sys/fs/resctrl
 Closed perf event handles
Trying to use Linux perf events...
INFO: using Linux resctrl driver for RDT metrics (L3OCC, LMB, RMB) because environment variable PCM_USE_RESCTRL=1
INFO: using Linux resctrl driver for RDT metrics (L3OCC, LMB, RMB) because environment variable PCM_USE_RESCTRL=1
ERROR: /sys/fs/resctrl is not mounted
ERROR: RDT metrics (L3OCC,LMB,RMB) will not be available
INFO: using Linux resctrl driver for RDT metrics (L3OCC, LMB, RMB) because environment variable PCM_USE_RESCTRL=1
Mount it to make it work: mount -t resctrl resctrl /sys/fs/resctrl
ERROR: /sys/fs/resctrl is not mounted
ERROR: RDT metrics (L3OCC,LMB,RMB) will not be available
ERROR: /sys/fs/resctrl is not mounted
Mount it to make it work: mount -t resctrl resctrl /sys/fs/resctrl
ERROR: RDT metrics (L3OCC,LMB,RMB) will not be available
Mount it to make it work: mount -t resctrl resctrl /sys/fs/resctrl

 Closed perf event handles
Trying to use Linux perf events...



 Closed perf event handles
Trying to use Linux perf events...
 Closed perf event handles
Trying to use Linux perf events...
 Closed perf event handles
Trying to use Linux perf events...
Successfully programmed on-core PMU using Linux perf
Successfully programmed on-core PMU using Linux perf
Successfully programmed on-core PMU using Linux perf
Successfully programmed on-core PMU using Linux perf
Successfully programmed on-core PMU using Linux perf
Successfully programmed on-core PMU using Linux perf
Successfully programmed on-core PMU using Linux perf
Successfully programmed on-core PMU using Linux perf
Socket 0
Max UPI link 0 speed: 3.1 GBytes/second (1.4 GT/second)
Max UPI link 1 speed: 3.1 GBytes/second (1.4 GT/second)
Socket 1
Max UPI link 0 speed: 2.7 GBytes/second (1.2 GT/second)
Max UPI link 1 speed: 2.7 GBytes/second (1.2 GT/second)

Detected Intel(R) Xeon(R) Silver 4208 CPU @ 2.10GHz "Intel(r) microarchitecture codename Cascade Lake-SP" stepping 7

Executing "./VE/ior-main/src/ior" command:
Socket 0
Max UPI link 0 speed: 2.2 GBytes/second (1.0 GT/second)
Max UPI link 1 speed: 2.2 GBytes/second (1.0 GT/second)
Socket 1
Max UPI link 0 speed: 2.7 GBytes/second (1.2 GT/second)
Max UPI link 1 speed: 2.7 GBytes/second (1.2 GT/second)

Detected Intel(R) Xeon(R) Silver 4208 CPU @ 2.10GHz "Intel(r) microarchitecture codename Cascade Lake-SP" stepping 7

Executing "./VE/ior-main/src/ior" command:
Socket 0
Max UPI link 0 speed: 2.4 GBytes/second (1.1 GT/second)
Max UPI link 1 speed: 2.4 GBytes/second (1.1 GT/second)
Socket 1
Max UPI link 0 speed: 2.5 GBytes/second (1.1 GT/second)
Max UPI link 1 speed: 2.5 GBytes/second (1.1 GT/second)

Detected Intel(R) Xeon(R) Silver 4208 CPU @ 2.10GHz "Intel(r) microarchitecture codename Cascade Lake-SP" stepping 7

Executing "./VE/ior-main/src/ior" command:
Socket 0
Max UPI link 0 speed: 2.5 GBytes/second (1.1 GT/second)
Max UPI link 1 speed: 2.5 GBytes/second (1.1 GT/second)
Socket 1
Max UPI link 0 speed: 2.3 GBytes/second (1.0 GT/second)
Max UPI link 1 speed: 2.3 GBytes/second (1.0 GT/second)

Detected Intel(R) Xeon(R) Silver 4208 CPU @ 2.10GHz "Intel(r) microarchitecture codename Cascade Lake-SP" stepping 7

Executing "./VE/ior-main/src/ior" command:
Socket 0
Max UPI link 0 speed: 2.4 GBytes/second (1.1 GT/second)
Max UPI link 1 speed: 2.4 GBytes/second (1.1 GT/second)
Socket 1
Max UPI link 0 speed: 2.5 GBytes/second (1.1 GT/second)
Max UPI link 1 speed: 2.5 GBytes/second (1.1 GT/second)

Detected Intel(R) Xeon(R) Silver 4208 CPU @ 2.10GHz "Intel(r) microarchitecture codename Cascade Lake-SP" stepping 7
Socket 0
Max UPI link 0 speed: 2.5 GBytes/second (1.1 GT/second)
Max UPI link 1 speed: 2.5 GBytes/second (1.1 GT/second)
Socket 1
Max UPI link 0 speed: 2.3 GBytes/second (1.0 GT/second)
Max UPI link 1 speed: 2.3 GBytes/second (1.0 GT/second)

Detected Intel(R) Xeon(R) Silver 4208 CPU @ 2.10GHz "Intel(r) microarchitecture codename Cascade Lake-SP" stepping 7

Executing "./VE/ior-main/src/ior" command:

Executing "./VE/ior-main/src/ior" command:
Socket 0
Max UPI link 0 speed: 2.5 GBytes/second (1.1 GT/second)
Max UPI link 1 speed: 2.5 GBytes/second (1.1 GT/second)
Socket 1
Max UPI link 0 speed: 2.5 GBytes/second (1.1 GT/second)
Max UPI link 1 speed: 2.5 GBytes/second (1.1 GT/second)

Detected Intel(R) Xeon(R) Silver 4208 CPU @ 2.10GHz "Intel(r) microarchitecture codename Cascade Lake-SP" stepping 7

Executing "./VE/ior-main/src/ior" command:
Socket 0
Max UPI link 0 speed: 2.1 GBytes/second (1.0 GT/second)
Max UPI link 1 speed: 2.1 GBytes/second (1.0 GT/second)
Socket 1
Max UPI link 0 speed: 2.1 GBytes/second (1.0 GT/second)
Max UPI link 1 speed: 2.1 GBytes/second (1.0 GT/second)

Detected Intel(R) Xeon(R) Silver 4208 CPU @ 2.10GHz "Intel(r) microarchitecture codename Cascade Lake-SP" stepping 7

Executing "./VE/ior-main/src/ior" command:
IOR-4.1.0+dev: MPI Coordinated Test of Parallel I/O
Began               : Thu Mar 21 18:49:55 2024
Command line        : ./VE/ior-main/src/ior -t 1m -b 8m -s 8 -o hpl_test -F
Machine             : Linux muffin
TestID              : 0
StartTime           : Thu Mar 21 18:49:55 2024
Path                : hpl_test.00000000
FS                  : 79.0 TiB   Used FS: 12.7%   Inodes: 16179.2 Mi   Used Inodes: 0.2%

Options: 
api                 : POSIX
apiVersion          : 
test filename       : hpl_test
access              : file-per-process
type                : independent
segments            : 8
ordering in a file  : sequential
ordering inter file : no tasks offsets
nodes               : 1
tasks               : 8
clients per node    : 8
memoryBuffer        : CPU
dataAccess          : CPU
GPUDirect           : 0
repetitions         : 1
xfersize            : 1 MiB
blocksize           : 8 MiB
aggregate filesize  : 512 MiB

Results: 

access    bw(MiB/s)  IOPS       Latency(s)  block(KiB) xfer(KiB)  open(s)    wr/rd(s)   close(s)   total(s)   iter
------    ---------  ----       ----------  ---------- ---------  --------   --------   --------   --------   ----
write     11.17      142.52     0.005596    8192       1024.00    3.54       3.59       45.78      45.84      0   
read      44.79      44.81      0.004166    8192       1024.00    0.002035   11.43      11.40      11.43      0   

Summary of all tests:
Operation   Max(MiB)   Min(MiB)  Mean(MiB)     StdDev   Max(OPs)   Min(OPs)  Mean(OPs)     StdDev    Mean(s) Stonewall(s) Stonewall(MiB) Test# #Tasks tPN reps fPP reord reordoff reordrand seed segcnt   blksiz    xsize aggs(MiB)   API RefNum
write          11.17      11.17      11.17       0.00      11.17      11.17      11.17       0.00   45.83875         NA            NA     0      8   8    1   1     0        1         0    0      8  8388608  1048576     512.0 POSIX      0
read           44.79      44.79      44.79       0.00      44.79      44.79      44.79       0.00   11.43021         NA            NA     0      8   8    1   1     0        1         0    0      8  8388608  1048576     512.0 POSIX      0
Finished            : Thu Mar 21 18:50:52 2024
DEBUG: caught signal to interrupt (Child exited).
Cleaning up
 Closed perf event handles
DEBUG: caught signal to interrupt (Child exited).
Cleaning up
 Closed perf event handles
DEBUG: caught signal to interrupt (Child exited).
Cleaning up
DEBUG: caught signal to interrupt (DEBUG: caught signal to interrupt ( Closed perf event handles
Child exitedChild exited).
).
Cleaning up
Cleaning up
DEBUG: caught signal to interrupt (Child exited).
Cleaning up
 Closed perf event handles
 Closed perf event handles
 Closed perf event handles
DEBUG: caught signal to interrupt (Child exited).
Cleaning up
 Closed perf event handles
 Zeroed uncore PMU registers
 Zeroed uncore PMU registers
 Zeroed uncore PMU registers
 Zeroed uncore PMU registers
 Zeroed uncore PMU registers
 Zeroed uncore PMU registers
 Zeroed uncore PMU registers
DEBUG: caught signal to interrupt (Child exited).
Cleaning up
 Closed perf event handles
 Zeroed uncore PMU registers
	Command being timed: "/opt/nec/ve/bin/mpirun -n 8 /usr/sbin/pcm 0.1 -csv=./output/5/ve_IOR_0_5.csv -- ./VE/ior-main/src/ior -t 1m -b 8m -s 8 -o hpl_test -F"
	User time (seconds): 3.18
	System time (seconds): 2.33
	Percent of CPU this job got: 9%
	Elapsed (wall clock) time (h:mm:ss or m:ss): 0:59.08
	Average shared text size (kbytes): 0
	Average unshared data size (kbytes): 0
	Average stack size (kbytes): 0
	Average total size (kbytes): 0
	Maximum resident set size (kbytes): 141600
	Average resident set size (kbytes): 0
	Major (requiring I/O) page faults: 1
	Minor (reclaiming a frame) page faults: 5324
	Voluntary context switches: 79259
	Involuntary context switches: 5902
	Swaps: 0
	File system inputs: 0
	File system outputs: 5456
	Socket messages sent: 0
	Socket messages received: 0
	Signals delivered: 0
	Page size (bytes): 4096
	Exit status: 0
