
 Intel(r) Performance Counter Monitor (2022-11-24 10:18:12 +0100 ID=1b16bb4e)


 Intel(r) Performance Counter Monitor 
 Intel(r) Performance Counter Monitor (2022-11-24 10:18:12 +0100 ID=1b16bb4e)
(2022-11-24 10:18:12 +0100 ID=1b16bb4e)

PCM Info: setrlimit for file limit 


1000000
 Intel(r) Performance Counter Monitor 
 failed with error (2022-11-24 10:18:12 +0100 ID=1b16bb4e)
PCM Info: setrlimit for file limit  Intel(r) Performance Counter Monitor PCM Info: setrlimit for file limit 1000000Operation not permitted(2022-11-24 10:18:12 +0100 ID=1b16bb4e)1000000 failed with error 

 failed with error Operation not permitted

=====  Processor information  =====
Operation not permitted



=====  Processor information  =====
PCM Info: setrlimit for file limit 
=====  Processor information  =====


1000000Linux arch_perfmon flag  :  Intel(r) Performance Counter Monitor  Intel(r) Performance Counter Monitor  failed with error yes(2022-11-24 10:18:12 +0100 ID=1b16bb4e)Linux arch_perfmon flag  : (2022-11-24 10:18:12 +0100 ID=1b16bb4e)Operation not permittedLinux arch_perfmon flag  : 

yes

yes
Hybrid processor         : 




=====  Processor information  =====
 Intel(r) Performance Counter Monitor 

 Intel(r) Performance Counter Monitor 
 Intel(r) Performance Counter Monitor 
(2022-11-24 10:18:12 +0100 ID=1b16bb4e)



 Intel(r) Performance Counter Monitor no
 Intel(r) Performance Counter Monitor (2022-11-24 10:18:12 +0100 ID=1b16bb4e)

PCM Info: setrlimit for file limit Hybrid processor         : (2022-11-24 10:18:12 +0100 ID=1b16bb4e)

IBRS and IBPB supported  : 1000000PCM Info: setrlimit for file limit no

PCM Info: setrlimit for file limit yes failed with error 1000000


1000000
Operation not permitted failed with error IBRS and IBPB supported  : 
PCM Info: setrlimit for file limit  failed with error STIBP supported          : 
Operation not permittedyesPCM Info: setrlimit for file limit 1000000Operation not permittedyes
=====  Processor information  =====


1000000 failed with error 

STIBP supported          : 
=====  Processor information  =====
 failed with error Operation not permittedLinux arch_perfmon flag  : 
=====  Processor information  =====
Spec arch caps supported : yesOperation not permitted
yesLinux arch_perfmon flag  : yes

Linux arch_perfmon flag  : 
=====  Processor information  =====

yes
Spec arch caps supported : yes
=====  Processor information  =====
Hybrid processor         : 
Max CPUID level          : Linux arch_perfmon flag  : yes
noHybrid processor         : 22Linux arch_perfmon flag  : yes
Hybrid processor         : 
no
yes
Max CPUID level          : noIBRS and IBPB supported  : 
CPU model number         : 
Hybrid processor         : 22
yesIBRS and IBPB supported  : 85Hybrid processor         : no
IBRS and IBPB supported  : 
yes
no
CPU model number         : STIBP supported          : 

IBRS and IBPB supported  : 85yesSTIBP supported          : IBRS and IBPB supported  : yes

yesyes
Spec arch caps supported : 

STIBP supported          : yesSpec arch caps supported : STIBP supported          : Hybrid processor         : yes
yesyesno
Max CPUID level          : 


Spec arch caps supported : 22Max CPUID level          : Spec arch caps supported : IBRS and IBPB supported  : yes
22yesyes
CPU model number         : 


Max CPUID level          : 85CPU model number         : Max CPUID level          : STIBP supported          : 22
8522yes



CPU model number         : CPU model number         : Spec arch caps supported : 8585yes


Max CPUID level          : 22
CPU model number         : 85

 Intel(r) Performance Counter Monitor (2022-11-24 10:18:12 +0100 ID=1b16bb4e)
Linux arch_perfmon flag  : 
yes Intel(r) Performance Counter Monitor (2022-11-24 10:18:12 +0100 ID=1b16bb4e)(2022-11-24 10:18:12 +0100 ID=1b16bb4e) Intel(r) Performance Counter Monitor 
(2022-11-24 10:18:12 +0100 ID=1b16bb4e)
 Intel(r) Performance Counter Monitor (2022-11-24 10:18:12 +0100 ID=1b16bb4e)

yes


(2022-11-24 10:18:12 +0100 ID=1b16bb4e)









PCM Info: setrlimit for file limit STIBP supported          : 
PCM Info: setrlimit for file limit 
PCM Info: setrlimit for file limit 
PCM Info: setrlimit for file limit 1000000yesPCM Info: setrlimit for file limit 1000000
1000000PCM Info: setrlimit for file limit 1000000 failed with error 
1000000 failed with error  failed with error PCM Info: setrlimit for file limit 1000000 failed with error Operation not permittedSpec arch caps supported :  failed with error Operation not permittedOperation not permitted1000000 failed with error Operation not permitted
yesOperation not permitted

 failed with error Operation not permitted


=====  Processor information  =====


=====  Processor information  =====
Operation not permitted
=====  Processor information  =====

Max CPUID level          : 
=====  Processor information  =====

=====  Processor information  =====

22
=====  Processor information  =====
Linux arch_perfmon flag  : Linux arch_perfmon flag  : 
=====  Processor information  =====

Linux arch_perfmon flag  : yesyesLinux arch_perfmon flag  : Linux arch_perfmon flag  : CPU model number         : yes

Linux arch_perfmon flag  : yesyes85Linux arch_perfmon flag  : 
Hybrid processor         : Hybrid processor         : yes


yesHybrid processor         : nono
Hybrid processor         : Hybrid processor         : 
no

Hybrid processor         : nono
Hybrid processor         : Hybrid processor         : 
noIBRS and IBPB supported  : noIBRS and IBPB supported  : IBRS and IBPB supported  : no

Number of physical cores: IBRS and IBPB supported  : IBRS and IBPB supported  : 16yesNumber of physical cores: yes



yes

yesIBRS and IBPB supported  : yesyes16



STIBP supported          : IBRS and IBPB supported  : STIBP supported          : Number of logical cores: IBRS and IBPB supported  : 16STIBP supported          : yesNumber of physical cores: 
Number of physical cores: yesSTIBP supported          : 

16STIBP supported          : Number of online logical cores: Number of logical cores: 16
yesSTIBP supported          : STIBP supported          : 
yes1616
Spec arch caps supported : 
yesyesNumber of logical cores: 


Number of logical cores: yesSpec arch caps supported : 

16Spec arch caps supported : Threads (logical cores) per physical core: Number of online logical cores: yes16yes
Number of physical cores: 
Number of physical cores: 
Number of physical cores: Spec arch caps supported : Number of physical cores: 16yesThreads (logical cores) per physical core: 1616STIBP supported          : 16yes16

1

Number of online logical cores: yes16Spec arch caps supported : 
Spec arch caps supported : 

yesyesMax CPUID level          : 1yes
Threads (logical cores) per physical core: yesNumber of online logical cores: 


22

Number of logical cores: 1
16Number of logical cores: Max CPUID level          : Max CPUID level          : 
Num sockets: Max CPUID level          : 16
Spec arch caps supported : 
162222CPU model number         : 222
Num sockets: yesThreads (logical cores) per physical core: 


85

Number of online logical cores: 2
1Number of online logical cores: CPU model number         : CPU model number         : 
Physical cores per socket: CPU model number         : 16
Max CPUID level          : 
168585885
Physical cores per socket: 22Num sockets: 






Max CPUID level          : Number of logical cores: Number of logical cores: Spec arch caps supported : 16
yesMax CPUID level          : Threads (logical cores) per physical core: 2281

2
Physical cores per socket: 8
Last level cache slices per socket: 0
Core PMU (perfmon) version: 4
Number of core PMU generic (programmable) counters: 8
Width of generic (programmable) counters: 48 bits
Number of core PMU fixed counters: 3
Threads (logical cores) per physical core: Width of fixed counters: Last level cache slices per socket: 12248Number of physical cores: 0Number of physical cores: 

 bits
16
16Num sockets: CPU model number         : Nominal core frequency: 
Core PMU (perfmon) version: 
2852100000000Number of logical cores: 4Number of logical cores: 

 Hz
16
16Physical cores per socket: IBRS enabled in the kernel   : 
Number of core PMU generic (programmable) counters: 
8noNumber of online logical cores: 8Number of online logical cores: 

16
16Last level cache slices per socket: STIBP enabled in the kernel  : Number of physical cores: no16

The processor is not susceptible to Rogue Data Cache Load: Number of logical cores: no16

Number of physical cores: 1616


Num sockets: Number of logical cores: Number of online logical cores: Number of online logical cores: 2161616



Max CPUID level          : 
Last level cache slices per socket: CPU model number         : 22CPU model number         : Num sockets: 
085
Width of generic (programmable) counters: 
Threads (logical cores) per physical core: 01The processor supports enhanced IBRS                     : 
Number of online logical cores: 

noCore PMU (perfmon) version: 16Num sockets: Threads (logical cores) per physical core: 
4
21
=====  Processor topology  =====

Threads (logical cores) per physical core: 


Physical cores per socket: Threads (logical cores) per physical core: Number of online logical cores: 8851216




Last level cache slices per socket: Num sockets: Physical cores per socket: Threads (logical cores) per physical core: 0281



Core PMU (perfmon) version: Physical cores per socket: Last level cache slices per socket: Num sockets: 4802



Number of core PMU generic (programmable) counters: Last level cache slices per socket: Core PMU (perfmon) version: Physical cores per socket: 8048



Width of generic (programmable) counters: Threads (logical cores) per physical core: 
1
Core PMU (perfmon) version: CPU model number         : 
484OS_Processor    Thread_Id       Core_Id         Tile_Id         Package_Id      Core_Type   Native_CPU_Model
85Number of core PMU generic (programmable) counters: Num sockets: 1 bits
Physical cores per socket: 
0               
82Num sockets: Core PMU (perfmon) version: 2Number of core PMU generic (programmable) counters: 4Last level cache slices per socket: 
488
Number of core PMU fixed counters: Number of physical cores: 83Number of core PMU generic (programmable) counters: 160               



8

0               Last level cache slices per socket: Width of generic (programmable) counters: Width of fixed counters: Physical cores per socket: 
Number of core PMU generic (programmable) counters: Number of logical cores: 0               048 bits
488Width of generic (programmable) counters: 8160               
Number of core PMU fixed counters:  bits

48

invalidCore PMU (perfmon) version: 3Nominal core frequency: Last level cache slices per socket:  bits
Width of generic (programmable) counters: Number of online logical cores:  4
21000000000Number of core PMU fixed counters: 4816 
Width of fixed counters:  Hz

3 bits

 Number of core PMU generic (programmable) counters: 48IBRS enabled in the kernel   : Core PMU (perfmon) version: 
Number of core PMU fixed counters: Threads (logical cores) per physical core:  8 bits
4Width of fixed counters: 0Physical cores per socket: 8 bits


Number of core PMU fixed counters: Num sockets: Last level cache slices per socket: Number of physical cores: Width of generic (programmable) counters: Number of physical cores: 3no230164816



1 

 Nominal core frequency: Num sockets: 
Width of generic (programmable) counters: Number of physical cores:  482100000000
2Number of core PMU generic (programmable) counters: 4816  bits
 Hz
Core PMU (perfmon) version: 
8 bits

 Nominal core frequency: IBRS enabled in the kernel   : 4Physical cores per socket: 
Number of core PMU fixed counters: Number of logical cores: -1              2100000000no
8Width of generic (programmable) counters: 316
 Hz

Number of core PMU generic (programmable) counters: 
48

1               IBRS enabled in the kernel   : STIBP enabled in the kernel  : 8Last level cache slices per socket:  bits
Width of fixed counters: Number of online logical cores: 0               nono
0Number of core PMU fixed counters: 48161               

Width of generic (programmable) counters: 
3 bits

1               STIBP enabled in the kernel  : The processor is not susceptible to Rogue Data Cache Load: 48Core PMU (perfmon) version: 
Nominal core frequency: Threads (logical cores) per physical core: 0               nono bits
4Width of fixed counters: 21000000001invalid

Number of core PMU fixed counters: 
48 Hz

 The processor is not susceptible to Rogue Data Cache Load: The processor supports enhanced IBRS                     : 3Number of core PMU generic (programmable) counters:  bits
IBRS enabled in the kernel   : Num sockets:  nono
8Nominal core frequency: no2 

Width of fixed counters: 
2100000000

 The processor supports enhanced IBRS                     : 
=====  Processor topology  =====
48Width of generic (programmable) counters:  Hz
STIBP enabled in the kernel  : Physical cores per socket:  noOS_Processor    Thread_Id       Core_Id         Tile_Id         Package_Id      Core_Type   Native_CPU_Model
 bits
48IBRS enabled in the kernel   : no8 
0               Nominal core frequency:  bits
no

 
=====  Processor topology  =====
0               2100000000Number of core PMU fixed counters: 
The processor is not susceptible to Rogue Data Cache Load: Last level cache slices per socket:   OS_Processor    Thread_Id       Core_Id         Tile_Id         Package_Id      Core_Type   Native_CPU_Model
0                Hz
3STIBP enabled in the kernel  : no0-1              0               0               IBRS enabled in the kernel   : 
no


0               0               noWidth of fixed counters: 
The processor supports enhanced IBRS                     : Core PMU (perfmon) version: 2               0               invalid
48The processor is not susceptible to Rogue Data Cache Load: no40               0                STIBP enabled in the kernel  :  bits
no

2               0                noNominal core frequency: 

=====  Processor topology  =====
Number of core PMU generic (programmable) counters: 2               invalid 
2100000000The processor supports enhanced IBRS                     : OS_Processor    Thread_Id       Core_Id         Tile_Id         Package_Id      Core_Type   Native_CPU_Model
80                 The processor is not susceptible to Rogue Data Cache Load:  Hz
no0               
invalid  noIBRS enabled in the kernel   : 
0               Width of generic (programmable) counters:    
no
=====  Processor topology  =====
0               48   The processor supports enhanced IBRS                     : 
OS_Processor    Thread_Id       Core_Id         Tile_Id         Package_Id      Core_Type   Native_CPU_Model
0                bits
   noSTIBP enabled in the kernel  : 0               0               Number of core PMU fixed counters:    
no0               invalid3  -1              
=====  Processor topology  =====

0                
  
OS_Processor    Thread_Id       Core_Id         Tile_Id         Package_Id      Core_Type   Native_CPU_Model
The processor is not susceptible to Rogue Data Cache Load: 0                Width of fixed counters:   1               0               no0                48 -1              0               0               
invalid  bits
 
1               0               The processor supports enhanced IBRS                     :   Nominal core frequency: -1              1               1               0               no  2100000000
0               0               0               
   Hz
3               1               invalidinvalid
=====  Processor topology  =====
  IBRS enabled in the kernel   : 0               1                 OS_Processor    Thread_Id       Core_Id         Tile_Id         Package_Id      Core_Type   Native_CPU_Model
  no3               0                 0                -1              
3               invalid  0                
STIBP enabled in the kernel  : 0                  0                1               noinvalid   0                0               
    0               -1              1               The processor is not susceptible to Rogue Data Cache Load:     invalid
1               no     1               0               
     0               invalidThe processor supports enhanced IBRS                     :   -1              -1               1                no  

 1                
  2               1                0                
=====  Processor topology  =====
 -1              0               0                invalid OS_Processor    Thread_Id       Core_Id         Tile_Id         Package_Id      Core_Type   Native_CPU_Model
 
2               1                  0               -1              2               2               1                  0               
0               0               0                  0               4               2               invalidinvalid-1                0               0               2                 
  0               4               0                 1                -1              invalid4               invalid  0               
 
 0                  1               Core PMU (perfmon) version:  2                invalid   1               4 0                    0               
-1              2                    invalidNumber of core PMU generic (programmable) counters: 
2                     82               0                
Number of logical cores:  bits
16
Width of fixed counters: Number of logical cores: STIBP enabled in the kernel  : 48Physical cores per socket: 16Width of fixed counters: no  bits
 8
 48 
 Nominal core frequency: -1              
Number of online logical cores: -1               bits
 The processor is not susceptible to Rogue Data Cache Load:  2100000000
Last level cache slices per socket: 16
Nominal core frequency: 
Width of generic (programmable) counters:  48invalid   bits
0                Number of core PMU fixed counters:   Number of core PMU fixed counters: 2                3
 Number of online logical cores: no  16 Hz

3                0-1              

2               IBRS enabled in the kernel   : 2100000000The processor supports enhanced IBRS                     :  0                

Threads (logical cores) per physical core: Threads (logical cores) per physical core: 0               no Hz
no 3               -1              Core PMU (perfmon) version: 3               112               
IBRS enabled in the kernel   : 
 3               
40               

2               STIBP enabled in the kernel  : no
=====  Processor topology  =====
 0               5               
3               Num sockets: Num sockets: 0               no
OS_Processor    Thread_Id       Core_Id         Tile_Id         Package_Id      Core_Type   Native_CPU_Model
 invalid0               Number of core PMU generic (programmable) counters: 3               22invalid
STIBP enabled in the kernel  : 0               -1               5               80               

 The processor is not susceptible to Rogue Data Cache Load: no0               
 5               
invalidPhysical cores per socket: Physical cores per socket:  no
 The processor is not susceptible to Rogue Data Cache Load: -1              3no2               
 


Width of generic (programmable) counters: 0               0               1               2                Width of fixed counters: Width of fixed counters: The processor supports enhanced IBRS                     : 48invalid0               0               0                4848no bits
   0                 invalid8 8   

 
 0                1                2               The processor supports enhanced IBRS                     : Last level cache slices per socket:  Last level cache slices per socket:  invalid 1                2               no0 0   0                0               

-1              
    invalid invalid
=====  Processor topology  =====
Core PMU (perfmon) version: 
Core PMU (perfmon) version:       OS_Processor    Thread_Id       Core_Id         Tile_Id         Package_Id      Core_Type   Native_CPU_Model
44   bits
  bits
Nominal core frequency:  Nominal core frequency: 
2100000000Number of core PMU fixed counters: -1               
4                0                 -1              4                    0                
 
0               2100000000 
=====  Processor topology  =====
Number of core PMU generic (programmable) counters: -1              Number of core PMU generic (programmable) counters: 0                Hz
 OS_Processor    Thread_Id       Core_Id         Tile_Id         Package_Id      Core_Type   Native_CPU_Model
8
8 Hz
IBRS enabled in the kernel   : 3no 
3               
-1               Width of fixed counters: 
4               3                0                0               0                6               invalidIBRS enabled in the kernel   :   3               0               0                0                no  3               0               invalid 6                
  0               0                 6                STIBP enabled in the kernel  : -1               invalid0                 0                no
-1               0                 invalid 
1               


Width of generic (programmable) counters: 0               Width of generic (programmable) counters: STIBP enabled in the kernel  : 48
3                4848 bits
  bits
invalid   -1                   The processor is not susceptible to Rogue Data Cache Load:  0               3               1               0               no1                bits
3               4               
3               0                Number of core PMU fixed counters: Number of core PMU fixed counters: 3                0               Nominal core frequency: The processor is not susceptible to Rogue Data Cache Load:  0               invalid 330                4               2100000000no invalid  

invalid 4                Hz

    Width of fixed counters: Width of fixed counters:   0               IBRS enabled in the kernel   : The processor supports enhanced IBRS                     :    -1              4848  invalidnono   
 bits
 bits
   

   3               Nominal core frequency: Nominal core frequency:    STIBP enabled in the kernel  : 
=====  Processor topology  =====
   0               21000000002100000000 -1               noOS_Processor    Thread_Id       Core_Id         Tile_Id         Package_Id      Core_Type   Native_CPU_Model
-1                3                Hz
 Hz
 
 
0               
  3               IBRS enabled in the kernel   : IBRS enabled in the kernel   :  4                The processor is not susceptible to Rogue Data Cache Load: 0               1                 0               nono 0                no0               0                -1              invalid

 4                
0               1               -1              
 STIBP enabled in the kernel  : STIBP enabled in the kernel  : -1              4                The processor supports enhanced IBRS                     : 0               1               
2                nono
0                noinvalid0               4               0                

4               invalid-1              
 invalid0               2                The processor is not susceptible to Rogue Data Cache Load: The processor is not susceptible to Rogue Data Cache Load: 
0                

=====  Processor topology  =====
  4               2                nono2               4                5               OS_Processor    Thread_Id       Core_Id         Tile_Id         Package_Id      Core_Type   Native_CPU_Model
  4               0                

0               4                0               0                 0               invalid The processor supports enhanced IBRS                     : The processor supports enhanced IBRS                     : 2               0                5               0                 invalid  nono2               invalid 5               0                    

0                 0               0                   -1              
=====  Processor topology  =====

=====  Processor topology  =====
invalid  invalid0                   
OS_Processor    Thread_Id       Core_Id         Tile_Id         Package_Id      Core_Type   Native_CPU_Model
OS_Processor    Thread_Id       Core_Id         Tile_Id         Package_Id      Core_Type   Native_CPU_Model
    invalid    4               0               0                    -1                 0               0               0                 -1                
-1                4               0               0                 
  1               
  4               0               0                 5                 0               2                 0               0               0                 0                 1               0                -1              invalidinvalidinvalid  5                 1               2               -1              
    -1              5                 0               2               
3                   
0                 invalid0               5               0                  -1              5               invalid-1                invalid0               3                  
0                
-1                5               3                  3               5                6               
  5               0                  0               5                0               1                 0               invalid   3               0                6               0                 invalid    3               invalid 6               1                      0                 0               1                   -1              -1              -1              invalid  invalid0                   


    invalid    5               1               1                    -1                0               0               0                 -1                
-1               5               1               1                 
  2                
 5               1               1                 6                 0                3                0               0               0                 0                 2                0                -1              invalidinvalidinvalid  6                 2                3                
    -1              6                 0               -1              3                4                 no   
0                 invalid
0                0                 
  -1              6               invalid-1                1               invalid 4                 The processor supports enhanced IBRS                     :  -1              
0                
-1               0                 4                 no 
4               6                7               
 1                -1              0                 
 5               0               6                0               2                1                
invalid  
=====  Processor topology  =====
 0               4               0               0                0               7                 OS_Processor    Thread_Id       Core_Id         Tile_Id         Package_Id      Core_Type   Native_CPU_Model
 5               4               invalid2                           7                invalid 0                 7                7               0               -1              0                invalid5               -1               0               
 invalid2                0                0                 2                0                  invalid  7                    -1              0                -1                  
invalid-1              
   3                
4                  0                6               0               -1               -1              3                0               4               
 
3                6               4               7                5               0                6               0               0                0               invalid 0               invalid7               -1              5                 invalid 7               
5                   0               3               0                   invalid0               invalid -1                 3                 
   3                 8                  0                 0                  invalid  0                     8                    -1              1                -1                 
invalid-1              
   4                
5                  0                7               0               -1               -1              4                0               5               
 
4                7               5               8                6               0                7               0               0                0               invalid 0               invalid0               -1              6                 invalid 8               
6                   1               4               0                   invalid0               invalid -1                 4                 
   4                 9                  0                 0                  invalid  1                     9                    -1              1                -1                  
invalid -1                5                 
 -1              
0               6               
0                0               invalid0                2                6                0                0                6                invalid 2                0                  2               2                  invalid   2               0                      0               invalid -1              -1                  invalid  

       8               7                  -1                 0               0                  
   0               7                -1               6                 -1              8               7                
 0                 
1               0                5               -1              6                 7               invalidinvalid 0               
6                 0                 -1              5               1               0                 7                 
5               0               invalid -1              7                 7               0               1                -1              
0                 0               invalid1                
3               invalid  7                0                3               0                  7                invalid 0               3                  0                  3               3                  invalid   3               0                      0               invalid -1              -1                  invalid  

       9               8                  -1                 0               0                  
   1               0                -1               7                 -1              9               8                
 0                 
1               1                6               -1              7                 8               invalidinvalid 0               
7                 0                 -1              6               2               0                 0                 
6               0               invalid -1              8                 8               0               2                -1              
1                 0               invalid2                
4               invalid  0                0                invalid0                   5                   5                   0               -1                 invalid
    5                 -1               0                 
 5                 2                5               -1               0                0               
-1              2                invalid10              
2                8               
0               -1              6                0               4               
0               0                  8                0               8               9               4               6                  1                4               1               0               4               6                  invalid 4               invalid1               0               0                    0                9               invalidinvalid  -1               -1              invalid 1                   
 
  invalid   -1              10               9                     
0                0                     8               2                1                    -1              0               10               9                    
0               1                1                    9               8               invalid invalid     0               1                -1                -1                 1               invalid 
  
 -1              -1              9                 9                -1              9                

1                 0                
0               -1              5               7               invalid  1                5               1               
0               0                  9                0               9               10              5               7                  1                5               1               0               5               7                  invalid 5               invalid2               0               0                    0                10              invalidinvalid  -1               -1              invalid 1                   
 
  invalid   -1              11               10                    
0                0                     9               3                2                    -1              0               11               10                   
1               1                1                    10              9               invalid invalid     0               1                -1                -1                 2               invalid 
  
 -1              -1              10                10               -1              10               

1                  
0               -1              6               8               invalid   6               2               
0               0                   0               10              11              6               0                   6               1               0               6               8                   6               invalid3               0               1                   0                11              invalidinvalid  -1              -1              invalid 1                    0                 2                3                10               0                1                3                invalid 3                  0                  invalid-1                 
 -1               7                
 0                6                7                0                7                6                0                6                invalid-1              0                 
invalid  11               -1               0                
 3                4                11               0                1                4                invalid 4                  0                  invalid-1                 
 -1               8                
 0                7                0                0                8                7                1                7                invalid-1              0                 
invalid  12               -1               0                
 4                5                12               0                1                5                invalid 5                  0                  invalid-1                 
 -1               9                
 0                8                1                0                9                0                1                8                invalid-1              1                 
invalid  13               -1               0                 invalid0                   2                 -1               10                
 1                 6                invalid -1              0                 -1              
6                 
11              6                 10              0               0                 0               3               invalid  2               11               -1               10              1                
 1               invalid 3                invalid  0                   
-1              
12               
 11              invalid0                  10                
0               0                4                  0                 6               3               5                 12              3                  2                 0               11              13                1               3                  10                6               1               1                 invalid0                  1                 6               invalidinvalid   invalid   invalid  0                          -1              invalid   -1                     
    
  -1              -1              -1               -1              11                  7                 


 
0                  -1              0                 7               7               9                9               3                  
7                 0               0               0                0               11                 12              7                 7               7               1                1               1                  0               0                 7               7               9                9               invalid   4               invalid-1               0               0               1                1                 -1              -1              12               
-1              invalidinvalidinvalid-1              invalid  

1                13              
   
  -1              12              14              invalid 0               4                  11                
0               0                 5               0                  0                 7               4               6                 13              4                  3                 0               12              14                1               4                  11                7               1               1                 invalid0                  1                 7               invalidinvalid   invalid   invalid  0                          -1              invalid   -1                     
    
  -1              -1              -1               -1              12                  8                 


 
0                  -1              0                 8               8               10               10              4                  
0                 0               0               0                0               12                 13              8                 0               0               2                2               1                  0               1                 8               8               10               10              invalid   5               invalid-1               1               1               1                  -1              -1              13               -1              invalidinvalidinvalid-1                

1                
   
 -1              13              15              invalid 5                  12               
0               0                 0                -1               
  1               11              
    invalid0               0                14              8                    4               3                0               0                    12              11               6               0                    1               1               5               13              1               invalid  7                 15                5                 1                 14               5                 invalid  1                0                  -1               8                1                      -1              invalid -1               
  
 invalid9                -1              11                0                
0               invalid   invalid          -1                  
  -1               14              -1               
 0               
 9                6               14               0                14              0               -1              1                1               6               
9                invalid14              15              1               -1                
  13                invalid-1               0                -1                
 5                
  9               -1              13               12                0               
1                0                 1               11              invalid 4               -1               9               0                1               9               1               invalid         -1              
10              0               2                     -1              
13              0               5               13              1               invalid         -1              11              3               0                1                0               7               15              1               invalid         -1              
=====  Placement on packages  =====
Package Id.    Core Id.     Processors
0              0,1,2,3,4,5,6,7
1              0,1,2,3,4,5,6,7

=====  Core/Tile sharing  =====
Level      Processors
Core       (0)(1)(2)(3)(4)(5)(6)(7)(8)(9)(10)(11)(12)(13)(14)(15)
Tile / L2$ (0)(1)(2)(3)(4)(5)(6)(7)(8)(9)(10)(11)(12)(13)(14)(15)

Package thermal spec power: 0 Watt; Package minimum power: 0 Watt; Package maximum power: 0 Watt;

Can't open MCFG table. Check permission of /sys/firmware/acpi/tables/MCFG
Can't open MCFG table. Check permission of /sys/firmware/acpi/tables/MCFG1
Can't open MCFG table. Check permission of /pcm/sys/firmware/acpi/tables/MCFG
Can't open MCFG table. Check permission of /pcm/sys/firmware/acpi/tables/MCFG1
WARNING: enumeration of devices in UncorePMUDiscovery failed
INFO: Linux perf interface to program uncore PMUs is present
INFO: using Linux perf interface to program uncore PMUs because env variable PCM_USE_UNCORE_PERF=1
INFO: Secure Boot detected. Using Linux perf for uncore PMU programming.
Socket 0: 2 memory controllers detected with total number of 6 channels. 2 UPI ports detected. 2 M2M (mesh to memory) blocks detected. 0 Home Agents detected. 2 M3UPI blocks detected.
invalid 
  6                0                6                6                0                invalid  -1               
 10               0                2                10               1                invalid  -1               
 7                0                7                7                0                invalid  -1               
 11               0                3                11               1                invalid  -1               
 8                0                0                8                1                invalid  -1               
 12               0                4                12               1                invalid  -1               
 9                0                1                9                1                invalid  -1               
 13               0                5                13               1                invalid  -1               
 10               0                2                10               1                invalid  -1               
 14               0                6                14               1                invalid  -1               
 11               0                Socket 3                111               : 1                2invalid  memory controllers detected with total number of  -1              6 
 channels.  15              2 0                 7               UPI 15               ports detected. 1                 invalid2   12               M2M (mesh to memory) blocks detected. -1                1               0
  invalid Home Agents detected. 12              -1                20               
   M3UPI blocks detected.
4               12                12              0                 1               4                 invalid12                 1               -1                invalid
   =====  Placement on packages  =====
   Package Id.    Core Id.     Processors
-1                0              

   013              =====  Placement on packages  =====
   ,0               Package Id.    Core Id.     Processors
   15               0                 ,13              0-1              -1               21               ,

 ,invalid113              9               -1              3 ,0               0               
, 25               1               13              4 ,13              9               1               0               3               ,  10              31               1               invalid5               11              5  1               ,invalidinvalid 13              1               ,  invalid4   1               invalid6   ,   invalid ,   5     7   ,     
 -1               6     1               
 ,     0-1              14               7     ,
0                
     114              6                1                -1                ,0               14               0-1              -1              
  26               1               -1              
,11              

10               -1              ,14              invalid
14              11               14              10              0               -1              
31                11              0               ,invalid0               0               2               
12              ,invalid 0               6               2, 6               2               10              14              0               4  3               14              3 14              10              1               0               4               ,  11              1               , 1               1               invalid6               12              5  1               invalid4 invalidinvalid 14              1               ,  invalid ,    1               invalid6    5    invalid ,    ,  3                  6  11              -1                ,  1               
  7-1               invalid15                

  0                 
=====  Core/Tile sharing  =====
12                7                 Level      Processors
Core       0                 15               -1              (4               -1               1               -1              
012              
 invalid
15              )1               15                12              0               (invalid0                 0               7               1 7                 4               15              invalid             7   ) 15                
12               -1               ( 1               -1               
=====  Core/Tile sharing  =====
1                
1                2-1              invalid
 Level      Processors
Core       invalid 12              invalid )
 11               (  0                 (15               0                0  4                 30                3                )  12                )7                11              -1              ( -1              1                -1              (15               1               
1 
invalid 
41                invalid=====  Placement on packages  =====
) 13                15              )invalid  Package Id.    Core Id.     Processors
( 0                 0               (   0              2 5                 7               5   0) 13                ) -1               ,(-1              1                -1              ( 
 =====  Placement on packages  =====
INFO: using Linux resctrl driver for RDT metrics (L3OCC, LMB, RMB) because environment variable PCM_USE_RESCTRL=1
  Package Id.    Core Id.     Processors
    15                1               1 3 
invalidinvalid,  ) 13                2 -1              ( 0                 , 
4 5                 3 15              )-1              13                ,-1              0               (
1                 4
7               512              invalid  ,13              15              )0                  50               1               (4                  ,5               invalid612                 613               )1                -1              -1              ,1                (invalid 

7invalid 7  =====  Placement on packages  =====
14              
  )  Package Id.    Core Id.     Processors
0               1                (  0              6               0  8  014              ,  ) -1              ,1               1  ( 
1invalid,  9 14              , 2 -1              ) 0               2 , 
( 6               , 3 =====  Placement on packages  =====
10-1              14              3 ,-1              Package Id.    Core Id.     Processors
)
1               , 4
0              (13              invalid4 ,14              0110                , 50               ,)5                5 ,6               1(13               , 614              ,121                6-1              ,1               2
=====  Placement on packages  =====
6 Package Id.    Core Id.     Processors
ERROR: /sys/fs/resctrl is not mounted
) 0              ERROR: RDT metrics (L3OCC,LMB,RMB) will not be available
( 0Mount it to make it work: mount -t resctrl resctrl /sys/fs/resctrl
7  ,)  ( -1              0              0 , 1 , 2 ,-1              3
,11              40               ,3               511              ,1               6invalid, 7 
 1               )0invalid  , 
77 15              

 0               1              
=====  Core/Tile sharing  =====
-1              7               0Level      Processors
Core       
15              ,(15              1               1invalid , 13 8, ,
  )2 4=====  Placement on packages  =====
  (, ,Package Id.    Core Id.     Processors
  93-1              5 (,13 1
) ,( 214 ,3) ,0(0                invalid4,2,3,4,5,6,7

=====  Core/Tile sharing  =====
Level      Processors
Core       (0)(1)0              ( 0 2 , ) 1 (-1              , 3
2 )15              ,-1              (0               3
4)7               ,12              (15              40               51               ,4               )invalid512              ( ,1               6 6invalid) , ( 7 7),(
4,10 13              ),156) 0               (5),(-1              5               1,
Tile / L2$ 711
13              )7               6(
)15              1               (15              ,01              (0               invalid21               7)0127                )invalid
(,)15               ( 1              11(1                3 0,13invalid ) ,2)  ( 1,(  4 ,314  ) 2    ,   5
    ,1              -1                 60
   ,,14                 710                 -1              
,6                -1              

=====  Core/Tile sharing  =====
214               
=====  Placement on packages  =====
Level      Processors
Core       ,1               -1              =====  Placement on packages  =====
Package Id.    Core Id.     Processors
(3invalid
Package Id.    Core Id.     Processors
0              0, 13              0              0 Closed perf event handles
,Trying to use Linux perf events...
1,2,3,4,5,6,7
1              0,1,2,3,))(,()(15)
Tile / L2$ (0)(1)(2)(3)(4)(5)(6)(7)(8)(9)(10)(11)(12)(13)(14)(15)

Package thermal spec power: 0 Watt; Package minimum power: 0 Watt; Package maximum power: 0 Watt;
   (   5-1              
  )
 Can't open MCFG table. Check permission of  (14              -1              /sys/firmware/acpi/tables/MCFG 60               

-1              )6               =====  Placement on packages  =====
Can't open MCFG table. Check permission of 
,)34( ,,1 45) 0               ,0,(Successfully programmed on-core PMU using Linux perf
 45               5,62 ,13              ,1,) 51               6,7( ,invalid,2
3 6 7,
=====  Core/Tile sharing  =====
)-1              , 
3Level      Processors
Core       (
7 
=====  Core/Tile sharing  =====
,(415              84)2,(()514              ,Package Id.    Core Id.     Processors
1               /sys/firmware/acpi/tables/MCFG160              invalid
,0 Can't open MCFG table. Check permission of 7,1 /pcm/sys/firmware/acpi/tables/MCFG
, 

=====  Core/Tile sharing  =====
2 Can't open MCFG table. Check permission of Level      Processors
Core       , /pcm/sys/firmware/acpi/tables/MCFG1(3 
0, )WARNING: enumeration of devices in UncorePMUDiscovery failed
4 (, 15-1              ),
(6=====  Placement on packages  =====

Package Id.    Core Id.     Processors

=====  Core/Tile sharing  =====
0               Level      Processors
Core       Level      Processors
Core       0 40,)5(,16),(72
)1              (03,)1(,42))(0               (957               5))15              )((1               (106invalid6)) )(( (7()15              32(INFO: Linux perf interface to program uncore PMUs is 0               ,)()(,1,2,3,4,5,6,7
1              0,1,2,3,4,5,6,7

=====  Core/Tile sharing  =====
Level      Processors
Core       (0)    -1              
14              0               6               14              ,3,4,5,6,7

=====  Core/Tile sharing  =====
11Level      Processors
Core       7( )708 ())) 8((( )819 ()0()present
7               INFO: using Linux perf interface to program uncore PMUs because env variable PCM_USE_UNCORE_PERF=1
INFO: Secure Boot detected. Using Linux perf for uncore PMU programming.
15              1               invalid    7 ( (40 3)) )(((1)(2)(3)(4)(5)(6)1               invalid  ) ))( 9 9()1()10()2()11(
Socket 1              00,: 12, memory controllers detected with total number of 26, channels. 32, 4UPI, ports detected.5 ,26 M2M (mesh to memory) blocks detected. ,07 Home Agents detected. 
2
=====  Core/Tile sharing  =====
 M3UPI blocks detected.
Level      Processors
Core       (0)(1)(2)(3)(4)(5)(6)(7)(8) ((-1              9Socket 4
)1)=====  Placement on packages  =====
(: (5)(6)(7)(8)5(1)(9)(7)( 12( 2)(3)(4)(5)(6)(7)(8)(9)(10)(11)(12)(13)()-1              )
3(=====  Placement on packages  =====
)12Package Id.    Core Id.     Processors
()0              4(0)13,()15(,)142(),6(3)15,()47
Tile / L2$ Package Id.    Core Id.     Processors
20              10 memory controllers detected with total number of (06)62,)( channels. )1(112(,)7) 32()(UPI),8(12 ports detected.()1010( 1314 )) (( (-1              ,10)
5)(15              ,(80               ((04))((15)3,4,5,6,)(8))((13 )(11)(12)(13)(14)(15)
Tile / L2$ (0)(1)(2)(3)(4)(5)(6)(7)(8)(9)(10)(11)(12)(13)(14)(15)

Package thermal spec power: 0 Watt; Package minimum power: 0 Watt; Package maximum power: 0 Watt;

Can't open MCFG table. Check permission of /sys/firmware/acpi/tables/MCFG
Can't open MCFG table. Check permission of /sys/firmware/acpi/tables/MCFG1
Can't open MCFG table. Check permission of /pcm/sys/firmware/acpi/tables/MCFG
Can't open MCFG table. Check permission of /pcm/sys/firmware/acpi/tables/MCFG1
WARNING: enumeration of devices in UncorePMUDiscovery failed
INFO: Linux perf interface to program uncore PMUs is present
INFO: using Linux perf interface to program uncore PMUs because env variable PCM_USE_UNCORE_PERF=1
INFO: Secure Boot detected. Using Linux perf for uncore PMU programming.
)(11)(12)(13)(14)(1514)(15)
Tile / L2$ (0)(1)(2)(3)(4)(5)(6)(7)(8)(9)(10)(11)(12)(13)(14)(15)

Package thermal spec power: 0 Watt; Package minimum power: 0 Watt; Package maximum power: 0 Watt;

Can't open MCFG table. Check permission of /sys/firmware/acpi/tables/MCFG
Can't open MCFG table. Check permission of /sys/firmware/acpi/tables/MCFG1156),
Tile / L2$ 7(
11))((912))(7               )15              ((71               26
invalid))1               ((0 37, ))1 ((, 482 )), ((3 59, ))4-1              ((,
6105=====  Placement on packages  =====
)),Package Id.    Core Id.     Processors
((60              711,0)99))((1010))((1111))((1212))((1313))((1414))((1515))
Tile / L2$ 
()2() M2M (mesh to memory) blocks detected. 14
Tile / L2$ 0)( Home Agents detected. (0215) M3UPI blocks detected.
)(
Tile / L2$ 1()0
()Can't open MCFG table. Check permission of 2(/pcm/sys/firmware/acpi/tables/MCFG)1
(3))Can't open MCFG table. Check permission of (04))((15))((26))Socket 1              00: ,21, memory controllers detected with total number of 26, channels. 32, 4UPI, ports detected.5 ,26 M2M (mesh to memory) blocks detected. ,07 Home Agents detected. 
2
=====  Core/Tile sharing  =====
 M3UPI blocks detected.
Level      Processors
Core       (0)(1)(2)(3)(13)(14)(15)
Tile / L2$ (0)(1)(2)(3)(4)(5)(6)(7)(8)(9)(10)(11)(12)(13)(14)(15)

Package thermal spec power: 0 Watt; Package minimum power: 0 Watt; Package maximum power: 0 Watt;

Can't open MCFG table. Check permission of /sys/firmware/acpi/tables/MCFG
Can't open MCFG table. Check permission of /sys/firmware/acpi/tables/MCFG1
Can't open MCFG table. Check permission of /pcm/sys/firmware/acpi/tables/MCFG
Can't open MCFG table. Check permission of /pcm/sys/firmware/acpi/tables/MCFG1
WARNING: enumeration of devices in UncorePMUDiscovery failed
INFO: Linux perf interface to program uncore PMUs is present
INFO: using Linux perf interface to program uncore PMUs because env variable PCM_USE_UNCORE_PERF=1
INFO: Secure Boot detected. Using Linux perf for uncore PMU programming.
Socket 10)(11)(12)(13)(14)(15)
Tile / L2$ (0)(1)(2)(3)(4)(5)(6)(7)(8)(9)(10)(11)(12)(13)(14)(15)

Package thermal spec power: 0 Watt; Package minimum power: 0 Watt; Package maximum power: 0 Watt;

Can't open MCFG table. Check permission of /sys/firmware/acpi/tables/MCFG
Can't open MCFG table. Check permission of /sys/firmware/acpi/tables/MCFG1
Can't open MCFG table. Check permission of /pcm/sys/firmware/acpi/tables/MCFG
Can't open MCFG table. Check permission of /pcm/sys/firmware/acpi/tables/MCFG1
WARNING: enumeration of devices in UncorePMUDiscovery failed
INFO: Linux perf interface to program uncore PMUs is present
INFO: using Linux perf interface to program uncore PMUs because env variable PCM_USE_UNCORE_PERF=1
)INFO: Secure Boot detected. Using Linux perf for uncore PMU programming.
7(
12
=====  Core/Tile sharing  =====
)Level      Processors
Core       ((130))((141))((152))
Tile / L2$ ((30)),((141,))2((,523)),((463,)(7)(8)(9)(10)(11)(12)(13)(14)(15)
Tile / L2$ (0)(1)(2)(3)(4)(5)(6)(7))5((,846)),((795
))1              ((0106,))1(,112),(312,)4(,135),(614,)7(
15
=====  Core/Tile sharing  =====
(()Level      Processors
Core       78
())
0((Package thermal spec power: )890()) Watt; 1((Package minimum power: )(2)(3)(4)(5)(6)(7)(8)(9)(10)(11)(12)(13)(14)(910015)) Watt; )((Package maximum power: 
Tile / L2$ 10110()) Watt;
0(()1112())1(()
1213())2Can't open MCFG table. Check permission of (()/sys/firmware/acpi/tables/MCFG1314(
))3Can't open MCFG table. Check permission of (()/sys/firmware/acpi/tables/MCFG11415(
Can't open MCFG table. Check permission of /pcm/sys/firmware/acpi/tables/MCFG
Can't open MCFG table. Check permission of /pcm/sys/firmware/acpi/tables/MCFG1
WARNING: enumeration of devices in UncorePMUDiscovery failed
))4(
)15
()Package thermal spec power: 5
0)
 Watt; (Package thermal spec power: Package minimum power: 600) Watt;  Watt; (Package minimum power: Package maximum power: 7)(8)(9)(1000) Watt;  Watt;
(Package maximum power: 110) Watt;
(12)
(13)(14Can't open MCFG table. Check permission of )/sys/firmware/acpi/tables/MCFG(
15Can't open MCFG table. Check permission of )/sys/firmware/acpi/tables/MCFG1


Can't open MCFG table. Check permission of Package thermal spec power: /pcm/sys/firmware/acpi/tables/MCFG0
 Watt; Can't open MCFG table. Check permission of Package minimum power: /pcm/sys/firmware/acpi/tables/MCFG10
 Watt; Package maximum power: 0WARNING: enumeration of devices in UncorePMUDiscovery failed
 Watt;

Can't open MCFG table. Check permission of /sys/firmware/acpi/tables/MCFG
Can't open MCFG table. Check permission of /sys/firmware/acpi/tables/MCFG1

Can't open MCFG table. Check permission of /pcm/sys/firmware/acpi/tables/MCFG
Can't open MCFG table. Check permission of Can't open MCFG table. Check permission of /pcm/sys/firmware/acpi/tables/MCFG1/sys/firmware/acpi/tables/MCFG

INFO: Linux perf interface to program uncore PMUs is Can't open MCFG table. Check permission of WARNING: enumeration of devices in UncorePMUDiscovery failed
present
/sys/firmware/acpi/tables/MCFG1INFO: using Linux perf interface to program uncore PMUs because env variable PCM_USE_UNCORE_PERF=1

INFO: Secure Boot detected. Using Linux perf for uncore PMU programming.
Can't open MCFG table. Check permission of /pcm/sys/firmware/acpi/tables/MCFG
Can't open MCFG table. Check permission of /pcm/sys/firmware/acpi/tables/MCFG1
WARNING: enumeration of devices in UncorePMUDiscovery failed
INFO: Linux perf interface to program uncore PMUs is present
INFO: using Linux perf interface to program uncore PMUs because env variable PCM_USE_UNCORE_PERF=1
INFO: Secure Boot detected. Using Linux perf for uncore PMU programming.
INFO: Linux perf interface to program uncore PMUs is present
INFO: using Linux perf interface to program uncore PMUs because env variable PCM_USE_UNCORE_PERF=1
INFO: Secure Boot detected. Using Linux perf for uncore PMU programming.

Package thermal spec power: 0 Watt; Package minimum power: 0 Watt; Package maximum power: 0 Watt;

Can't open MCFG table. Check permission of /sys/firmware/acpi/tables/MCFG
Can't open MCFG table. Check permission of /sys/firmware/acpi/tables/MCFG1
Can't open MCFG table. Check permission of /pcm/sys/firmware/acpi/tables/MCFG
Can't open MCFG table. Check permission of /pcm/sys/firmware/acpi/tables/MCFG1
WARNING: enumeration of devices in UncorePMUDiscovery failed
INFO: Linux perf interface to program uncore PMUs is 0)(1)(2)(3)(4)(5)(6)(7)((/pcm/sys/firmware/acpi/tables/MCFG128
)Socket Socket )WARNING: enumeration of devices in UncorePMUDiscovery failed
(00: 2 memory controllers detected with total number of 6 channels. 2 UPI ports detected. 2 M2M (mesh to memory) blocks detected. 0 Home Agents detected. 2 M3UPI blocks detected.
(3: 9)2)( memory controllers detected with total number of (4610) channels. )(2(5 11)UPI)( ports detected.(6 12)2)( M2M (mesh to memory) blocks detected. 0 Home Agents detected. 2 M3UPI blocks detected.
(713))((814))((915))(
10
)Package thermal spec power: (011 Watt; )Package minimum power: (012 Watt; )Package maximum power: (013 Watt;
)INFO: Linux perf interface to program uncore PMUs is (present
14INFO: using Linux perf interface to program uncore PMUs because env variable PCM_USE_UNCORE_PERF=1
)INFO: Secure Boot detected. Using Linux perf for uncore PMU programming.
(15)

Package thermal spec power: 
0 Watt; Package minimum power: 0 Watt; Package maximum power: Can't open MCFG table. Check permission of 0/sys/firmware/acpi/tables/MCFG Watt;

Can't open MCFG table. Check permission of /sys/firmware/acpi/tables/MCFG1
Can't open MCFG table. Check permission of /pcm/sys/firmware/acpi/tables/MCFG

(3)(4)(5)(6)(7)(8)(9)(10)(11)(12)(13)(14)(15)

Package thermal spec power: 0 Watt; Package minimum power: 0 Watt; Package maximum power: 0 Watt;

Can't open MCFG table. Check permission of /sys/firmware/acpi/tables/MCFG
Can't open MCFG table. Check permission of /sys/firmware/acpi/tables/MCFG1
Can't open MCFG table. Check permission of /pcm/sys/firmware/acpi/tables/MCFG
Can't open MCFG table. Check permission of /pcm/sys/firmware/acpi/tables/MCFG1
WARNING: enumeration of devices in UncorePMUDiscovery failed
(7)(8)(9)(10)(Socket 110): (212 memory controllers detected with total number of )6( channels. 132 (UPISocket 4 ports detected.0) : (225 M2M (mesh to memory) blocks detected.  memory controllers detected with total number of )06( Home Agents detected.  channels. 622) M3UPI blocks detected.
 (UPI7 ports detected.) (28 M2M (mesh to memory) blocks detected. )0( Home Agents detected. 92) M3UPI blocks detected.
(10)(11)(12)(13)(14)(15)
Tile / L2$ (0)(1)(2)INFO: using Linux resctrl driver for RDT metrics (L3OCC, LMB, RMB) because environment variable PCM_USE_RESCTRL=1
ERROR: /sys/fs/resctrl is not mounted
ERROR: RDT metrics (L3OCC,LMB,RMB) will not be available
Mount it to make it work: mount -t resctrl resctrl /sys/fs/resctrl
1: 2INFO: Linux perf interface to program uncore PMUs is  memory controllers detected with total number of present
6INFO: using Linux perf interface to program uncore PMUs because env variable PCM_USE_UNCORE_PERF=1
 channels. INFO: Secure Boot detected. Using Linux perf for uncore PMU programming.
2 UPI ports detected. 2 M2M (mesh to memory) blocks detected. 0 Home Agents detected. 2 M3UPI blocks detected.
Socket Socket 00: : 22 memory controllers detected with total number of  memory controllers detected with total number of 66 channels.  channels. 22  UPIUPI ports detected. ports detected.  22 M2M (mesh to memory) blocks detected.  M2M (mesh to memory) blocks detected. 0
0 Home Agents detected.  Home Agents detected. 22 M3UPI blocks detected.
 M3UPI blocks detected.
 Closed perf event handles
Trying to use Linux perf events...
Socket 1: 2 memory controllers detected with total number of 6 channels. 2 UPI ports detected. 2 M2M (mesh to memory) blocks detected. 0 Home Agents detected. 2 M3UPI blocks detected.
Socket 1: 2 memory controllers detected with total number of 6 channels. 2 UPI ports detected. 2 M2M (mesh to memory) blocks detected. 0 Home Agents detected. 2 M3UPI blocks detected.
present
INFO: using Linux perf interface to program uncore PMUs because env variable PCM_USE_UNCORE_PERF=1
INFO: Secure Boot detected. Using Linux perf for uncore PMU programming.
Socket Can't open MCFG table. Check permission of /pcm/sys/firmware/acpi/tables/MCFG1Can't open MCFG table. Check permission of 
/sys/firmware/acpi/tables/MCFG
Can't open MCFG table. Check permission of /sys/firmware/acpi/tables/MCFG1WARNING: enumeration of devices in UncorePMUDiscovery failed

Can't open MCFG table. Check permission of /pcm/sys/firmware/acpi/tables/MCFG
Can't open MCFG table. Check permission of /pcm/sys/firmware/acpi/tables/MCFG1
WARNING: enumeration of devices in UncorePMUDiscovery failed
)(14)(15)

Package thermal spec power: 0 Watt; Package minimum power: 0 Watt; Package maximum power: 0 Watt;

INFO: Linux perf interface to program uncore PMUs is present
Can't open MCFG table. Check permission of INFO: using Linux perf interface to program uncore PMUs because env variable PCM_USE_UNCORE_PERF=1
/sys/firmware/acpi/tables/MCFGINFO: Secure Boot detected. Using Linux perf for uncore PMU programming.

Can't open MCFG table. Check permission of /sys/firmware/acpi/tables/MCFG1
Can't open MCFG table. Check permission of /pcm/sys/firmware/acpi/tables/MCFG
Can't open MCFG table. Check permission of /pcm/sys/firmware/acpi/tables/MCFG1
WARNING: enumeration of devices in UncorePMUDiscovery failed
INFO: Linux perf interface to program uncore PMUs is INFO: Linux perf interface to program uncore PMUs is present
INFO: using Linux perf interface to program uncore PMUs because env variable PCM_USE_UNCORE_PERF=1
INFO: Secure Boot detected. Using Linux perf for uncore PMU programming.
Socket 0: 2 memory controllers detected with total number of 6 channels. 2 UPI ports detected. 2 M2M (mesh to memory) blocks detected. 0 Home Agents detected. 2 M3UPI blocks detected.
Socket 0: 2 memory controllers detected with total number of 6 channels. 2 UPI ports detected. 2 M2M (mesh to memory) blocks detected. 0 Home Agents detected. 2 M3UPI blocks detected.
INFO: using Linux resctrl driver for RDT metrics (L3OCC, LMB, RMB) because environment variable PCM_USE_RESCTRL=1
ERROR: /sys/fs/resctrl is not mounted
Socket Socket 1(1Socket : Socket 3: 121)2:  memory controllers detected with total number of : 2( memory controllers detected with total number of 26 memory controllers detected with total number of 46 memory controllers detected with total number of  channels. 6) channels. 26 channels. 2 UPI ports detected. 2 M2M (mesh to memory) blocks detected. 0 Home Agents detected. 2 M3UPI blocks detected.
2 channels. (  25UPIUPI ) ports detected. ports detected.UPI(   ports detected.622 ) M2M (mesh to memory) blocks detected.  M2M (mesh to memory) blocks detected. 2(0 Home Agents detected. 2 M3UPI blocks detected.
0 M2M (mesh to memory) blocks detected. 7 Home Agents detected. 0)2 Home Agents detected. ( M3UPI blocks detected.
28 M3UPI blocks detected.
)(9)(10)(11)(12)(13)(14)(15)

Package thermal spec power: 0 Watt; Package minimum power: 0 Watt; Package maximum power: 0 Watt;

Can't open MCFG table. Check permission of /sys/firmware/acpi/tables/MCFG
Can't open MCFG table. Check permission of /sys/firmware/acpi/tables/MCFG1
Can't open MCFG table. Check permission of /pcm/sys/firmware/acpi/tables/MCFG
Can't open MCFG table. Check permission of /pcm/sys/firmware/acpi/tables/MCFG1
WARNING: enumeration of devices in UncorePMUDiscovery failed
INFO: Linux perf interface to program uncore PMUs is present
INFO: using Linux perf interface to program uncore PMUs because env variable PCM_USE_UNCORE_PERF=1
INFO: Secure Boot detected. Using Linux perf for uncore PMU programming.
Socket Socket 0: 2 memory controllers detected with total number of 6 channels. 2 UPI ports detected. 2Successfully programmed on-core PMU using Linux perf
0INFO: Linux perf interface to program uncore PMUs is : present
2INFO: using Linux perf interface to program uncore PMUs because env variable PCM_USE_UNCORE_PERF=1
 memory controllers detected with total number of INFO: Secure Boot detected. Using Linux perf for uncore PMU programming.
6 channels. 2 UPI ports detected. 2 M2M (mesh to memory) blocks detected. 0 Home Agents detected. 2 M3UPI blocks detected.
Socket present
INFO: using Linux perf interface to program uncore PMUs because env variable PCM_USE_UNCORE_PERF=1
INFO: Secure Boot detected. Using Linux perf for uncore PMU programming.
Socket 1: 2 memory controllers detected with total number of 6 channels. 2 UPI ports detected. 2 M2M (mesh to memory) blocks detected. 0 Home Agents detected. 2 M3UPI blocks detected.
Socket 0INFO: using Linux resctrl driver for RDT metrics (L3OCC, LMB, RMB) because environment variable PCM_USE_RESCTRL=1
ERROR: /sys/fs/resctrl is not mounted
Socket 1: INFO: using Linux resctrl driver for RDT metrics (L3OCC, LMB, RMB) because environment variable PCM_USE_RESCTRL=1
ERROR: /sys/fs/resctrl is not mounted
ERROR: RDT metrics (L3OCC,LMB,RMB) will not be available
Mount it to make it work: mount -t resctrl resctrl /sys/fs/resctrl
ERROR: RDT metrics (L3OCC,LMB,RMB) will not be available
Mount it to make it work: mount -t resctrl resctrl /sys/fs/resctrl
Socket 1: 2 memory controllers detected with total number of 6 channels. 2 UPI ports detected. 2 M2M (mesh to memory) blocks detected. 00:  Home Agents detected. 22 memory controllers detected with total number of  M3UPI blocks detected.
6 channels. 2 UPI ports detected. 2 M2M (mesh to memory) blocks detected. 0 Home Agents detected. 2 M3UPI blocks detected.

 Closed perf event handles
Trying to use Linux perf events...
Socket  M2M (mesh to memory) blocks detected. 1: 02 Home Agents detected.  memory controllers detected with total number of 26 M3UPI blocks detected.
 channels. 2 UPI
 ports detected. 2 M2M (mesh to memory) blocks detected. 0 Home Agents detected. 2 M3UPI blocks detected.
Socket 1: 2 memory controllers detected with total number of 6 channels. 2 UPI ports detected. 2 M2M (mesh to memory) blocks detected. 0 Home Agents detected. 2 M3UPI blocks detected.
 Closed perf event handles
Trying to use Linux perf events...
INFO: using Linux resctrl driver for RDT metrics (L3OCC, LMB, RMB) because environment variable PCM_USE_RESCTRL=1
ERROR: /sys/fs/resctrl is not mounted
INFO: using Linux resctrl driver for RDT metrics (L3OCC, LMB, RMB) because environment variable PCM_USE_RESCTRL=1
INFO: using Linux resctrl driver for RDT metrics (L3OCC, LMB, RMB) because environment variable PCM_USE_RESCTRL=1
ERROR: /sys/fs/resctrl is not mounted
ERROR: RDT metrics (L3OCC,LMB,RMB) will not be available
Mount it to make it work: mount -t resctrl resctrl /sys/fs/resctrl
INFO: using Linux resctrl driver for RDT metrics (L3OCC, LMB, RMB) because environment variable PCM_USE_RESCTRL=1
ERROR: /sys/fs/resctrl is not mounted
0: 2 memory controllers detected with total number of 6 channels. 2 UPI ports detected. 2 M2M (mesh to memory) blocks detected. 0 Home Agents detected. 2 M3UPI blocks detected.
INFO: using Linux resctrl driver for RDT metrics (L3OCC, LMB, RMB) because environment variable PCM_USE_RESCTRL=1
ERROR: /sys/fs/resctrl is not mounted
ERROR: RDT metrics (L3OCC,LMB,RMB) will not be available
Mount it to make it work: mount -t resctrl resctrl /sys/fs/resctrl
INFO: using Linux resctrl driver for RDT metrics (L3OCC, LMB, RMB) because environment variable PCM_USE_RESCTRL=1
: 2 memory controllers detected with total number of 6 channels. 2 UPI ports detected. 2 M2M (mesh to memory) blocks detected. 0 Home Agents detected. 2 M3UPI blocks detected.
ERROR: RDT metrics (L3OCC,LMB,RMB) will not be available
Mount it to make it work: mount -t resctrl resctrl /sys/fs/resctrl
Socket 1: 2 memory controllers detected with total number of 6 channels. 2 UPI ports detected. 2 M2M (mesh to memory) blocks detected. 0 Home Agents detected. 2 M3UPI blocks detected.
2INFO: using Linux resctrl driver for RDT metrics (L3OCC, LMB, RMB) because environment variable PCM_USE_RESCTRL=1
 memory controllers detected with total number of 6ERROR: /sys/fs/resctrl is not mounted
 channels. ERROR: RDT metrics (L3OCC,LMB,RMB) will not be available
2Mount it to make it work: mount -t resctrl resctrl /sys/fs/resctrl
 UPIINFO: using Linux resctrl driver for RDT metrics (L3OCC, LMB, RMB) because environment variable PCM_USE_RESCTRL=1
 ports detected.Socket ERROR: RDT metrics (L3OCC,LMB,RMB) will not be available
0ERROR: /sys/fs/resctrl is not mounted
Mount it to make it work: mount -t resctrl resctrl /sys/fs/resctrl


ERROR: RDT metrics (L3OCC,LMB,RMB) will not be available
ERROR: RDT metrics (L3OCC,LMB,RMB) will not be available
Max Mount it to make it work: mount -t resctrl resctrl /sys/fs/resctrl
Mount it to make it work: mount -t resctrl resctrl /sys/fs/resctrl
Socket UPI1 link : 02 speed:  memory controllers detected with total number of 8.66 GBytes/second ( channels. 3.82 GT/second)
 Max UPIUPI ports detected. link  12 speed:  M2M (mesh to memory) blocks detected. 8.60 GBytes/second ( Home Agents detected. 3.82 GT/second)
 M3UPI blocks detected.
Socket 1
Max UPI link 0 speed: 7.8 GBytes/second (3.5 GT/second)
Max UPI link 1 speed: 7.8 GBytes/second (3.5 GT/second)

Detected Intel(R) Xeon(R) Silver 4208 CPU @ 2.10GHz "Intel(r) microarchitecture codename Cascade Lake-SP" stepping 7
Successfully programmed on-core PMU using Linux perf

INFO: using Linux resctrl driver for RDT metrics (L3OCC, LMB, RMB) because environment variable PCM_USE_RESCTRL=1
ERROR: /sys/fs/resctrl is not mounted
ERROR: RDT metrics (L3OCC,LMB,RMB) will not be available
Mount it to make it work: mount -t resctrl resctrl /sys/fs/resctrl



ERROR: /sys/fs/resctrl is not mounted
ERROR: RDT metrics (L3OCC,LMB,RMB) will not be available
Successfully programmed on-core PMU using Linux perf
ERROR: /sys/fs/resctrl is not mounted
 ERROR: RDT metrics (L3OCC,LMB,RMB) will not be available
2Mount it to make it work: mount -t resctrl resctrl /sys/fs/resctrl
 M2M (mesh to memory) blocks detected. 0 Home Agents detected. 2 M3UPI blocks detected.
 Closed perf event handles
Trying to use Linux perf events...

Executing "./VE/himenoBM/himenoBMT" command:



 Closed perf event handles
Trying to use Linux perf events...
 Closed perf event handles
Trying to use Linux perf events...
 Closed perf event handles
Trying to use Linux perf events...
 Closed perf event handles
INFO: using Linux resctrl driver for RDT metrics (L3OCC, LMB, RMB) because environment variable PCM_USE_RESCTRL=1
Trying to use Linux perf events...
ERROR: /sys/fs/resctrl is not mounted
ERROR: RDT metrics (L3OCC,LMB,RMB) will not be available
Mount it to make it work: mount -t resctrl resctrl /sys/fs/resctrl
Mount it to make it work: mount -t resctrl resctrl /sys/fs/resctrl

 Closed perf event handles
 Closed perf event handles
Trying to use Linux perf events...
Trying to use Linux perf events...
 Closed perf event handles
 Closed perf event handles
Trying to use Linux perf events...
INFO: using Linux resctrl driver for RDT metrics (L3OCC, LMB, RMB) because environment variable PCM_USE_RESCTRL=1
Trying to use Linux perf events...

ERROR: /sys/fs/resctrl is not mounted
ERROR: RDT metrics (L3OCC,LMB,RMB) will not be available
Mount it to make it work: mount -t resctrl resctrl /sys/fs/resctrl
 Closed perf event handles
Trying to use Linux perf events...


 Closed perf event handles
 Closed perf event handles
Successfully programmed on-core PMU using Linux perf
Trying to use Linux perf events...
Successfully programmed on-core PMU using Linux perf
Trying to use Linux perf events...
Successfully programmed on-core PMU using Linux perf
Successfully programmed on-core PMU using Linux perf
Successfully programmed on-core PMU using Linux perf
Successfully programmed on-core PMU using Linux perf
Successfully programmed on-core PMU using Linux perf
Successfully programmed on-core PMU using Linux perf
Successfully programmed on-core PMU using Linux perf
Successfully programmed on-core PMU using Linux perf
Successfully programmed on-core PMU using Linux perf
Successfully programmed on-core PMU using Linux perf
Socket 0
Max UPI link 0 speed: 0.7 GBytes/second (0.3 GT/second)
Max UPI link 1 speed: 0.7 GBytes/second (0.3 GT/second)
Socket 1
Max UPI link 0 speed: 0.8 GBytes/second (0.3 GT/second)
Max UPI link 1 speed: 0.8 GBytes/second (0.3 GT/second)

Detected Intel(R) Xeon(R) Silver 4208 CPU @ 2.10GHz "Intel(r) microarchitecture codename Cascade Lake-SP" stepping 7

Executing "./VE/himenoBM/himenoBMT" command:
Socket 0
Socket Max UPI0 link 
0Socket 0
Max UPI link 0 speed: 0.6 GBytes/second (Max UPI link 0 speed: 0.6 speed: 0.30.7 GBytes/second ( GT/second)
 GBytes/second (Max 0.30.3UPI GT/second)
 GT/second)
 link Max Max 1UPIUPI speed:  link  link 0.611 GBytes/second ( speed:  speed: 0.30.60.7 GT/second)
 GBytes/second ( GBytes/second (0.3 GT/second)
Socket Socket 11

Max Max UPIUPI link  link 00 speed:  speed: 0.40.7 GBytes/second ( GBytes/second (0.20.3 GT/second)
 GT/second)
Max Max UPIUPI link  link 0.3 GT/second)
Socket 1
Max UPI link 0 speed: 0.7 GBytes/second (0.3 GT/second)
Max UPI link 1 speed: 0.71 speed: 0.4 GBytes/second (0.2 GT/second)

Detected Intel(R) Xeon(R) Silver 4208 CPU @ 2.10GHz "Intel(r) microarchitecture codename Cascade Lake-SP" stepping 7
1 speed: 0.7 GBytes/second (0.3 GT/second)

Detected  GBytes/second (Intel(R) Xeon(R) Silver 4208 CPU @ 2.10GHz "Intel(r) microarchitecture codename 0.3Cascade Lake-SP GT/second)
" stepping 
Detected 7Intel(R) Xeon(R) Silver 4208 CPU @ 2.10GHz
 "Intel(r) microarchitecture codename Cascade Lake-SP" stepping 7

Executing "./VE/himenoBM/himenoBMT" command:
Socket 0
Max UPI link 0 speed: 
Executing "0.7 GBytes/second (./VE/himenoBM/himenoBMT" command:

Executing "./VE/himenoBM/himenoBMT0.3 GT/second)
Max UPI link 1 speed: 0.7 GBytes/second (0.3 GT/second)
Socket 1
Max UPI link 0 speed: 0.6 GBytes/second (0.2 GT/second)
" command:
Max UPI link 1 speed: 0.6 GBytes/second (0.2 GT/second)

Detected Intel(R) Xeon(R) Silver 4208 CPU @ 2.10GHz "Intel(r) microarchitecture codename Cascade Lake-SP" stepping 7

Executing "./VE/himenoBM/himenoBMT" command:
Socket 0
Max UPI link 0 speed: 0.4 GBytes/second (0.2 GT/second)
Max UPI link 1 speed: 0.4 GBytes/second (0.2 GT/second)
Socket 1
Max UPI link 0 speed: 0.4 GBytes/second (0.2 GT/second)
Max UPI link 1 speed: 0.4 GBytes/second (0.2 GT/second)

Detected Intel(R) Xeon(R) Silver 4208 CPU @ 2.10GHz "Intel(r) microarchitecture codename Cascade Lake-SP" stepping 7

Executing "./VE/himenoBM/himenoBMT" command:
Socket 0
Max UPI link 0 speed: 0.5 GBytes/second (0.2 GT/second)
Max UPI link 1 speed: 0.5 GBytes/second (0.2 GT/second)
Socket 1
Max UPI link 0 speed: 0.7 GBytes/second (0.3 GT/second)
Max UPI link 1 speed: 0.7 GBytes/second (0.3 GT/second)

Detected Intel(R) Xeon(R) Silver 4208 CPU @ 2.10GHz "Intel(r) microarchitecture codename Cascade Lake-SP" stepping 7
Socket 0
Max UPI link 0 speed: 0.7 GBytes/second (0.3 GT/second)
Max UPI link 1 speed: 0.7 GBytes/second (0.3 GT/second)
Socket 1
Max UPI link 0 speed: 0.8 GBytes/second (0.4 GT/second)
Max UPI link 1 speed: 0.8 GBytes/second (0.4 GT/second)

Detected Intel(R) Xeon(R) Silver 4208 CPU @ 2.10GHz "Intel(r) microarchitecture codename Cascade Lake-SP" stepping 7
Socket 0
Max UPI link 0 speed: 0.6 GBytes/second (0.3 GT/second)
Max UPI link 1 speed: 0.6 GBytes/second (0.3 GT/second)
Socket 1
Max UPI link 0 speed: 0.7 GBytes/second (0.3 GT/second)
Max UPI link 1 speed: 0.7 GBytes/second (0.3 GT/second)

Detected Intel(R) Xeon(R) Silver 4208 CPU @ 2.10GHz "Intel(r) microarchitecture codename Cascade Lake-SP" stepping 7

Executing "
Executing "./VE/himenoBM/himenoBMT./VE/himenoBM/himenoBMT" command:
" command:

Executing "./VE/himenoBM/himenoBMT" command:
Socket 0
Max UPI link 0 speed: 0.5 GBytes/second (0.2 GT/second)
Max UPI link 1 speed: 0.5 GBytes/second (0.2 GT/second)
Socket 1
Max UPI link 0 speed: 0.8 GBytes/second (0.4 GT/second)
Max UPI link 1 speed: 0.8 GBytes/second (0.4 GT/second)

Detected Intel(R) Xeon(R) Silver 4208 CPU @ 2.10GHz "Intel(r) microarchitecture codename Cascade Lake-SP" stepping 7

Executing "./VE/himenoBM/himenoBMT" command:
Socket 0Socket 0
Max UPI link 0 speed: 0.5 GBytes/second (0.2 GT/second)
Max 
UPIMax  link UPI link 0 speed: 0.7 GBytes/second (0.3 GT/second)
Max UPI link 1 speed: 0.7 GBytes/second (0.3 GT/second)
Socket 11 speed: 
0.5Max  GBytes/second (UPI0.2 link  GT/second)
0Socket  speed: 0.51 GBytes/second (
0.2Max  GT/second)
UPIMax  link 0 speed: 0.7 GBytes/second (0.3 GT/second)
Max UPI link 1 speed: 0.7 GBytes/second (0.3 GT/second)

Detected Intel(R) Xeon(R) Silver 4208 CPU @ 2.10GHz "Intel(r) microarchitecture codename Cascade Lake-SP" stepping 7
UPI link 1 speed: 0.5 GBytes/second (0.2 GT/second)

Detected Intel(R) Xeon(R) Silver 4208 CPU @ 2.10GHz "Intel(r) microarchitecture codename Cascade Lake-SP" stepping 7

Executing "./VE/himenoBM/himenoBMT" command:

Executing "./VE/himenoBM/himenoBMT" command:
Socket 0
Max UPI link 0 speed: 0.8 GBytes/second (0.4 GT/second)
Max Socket UPI0 link 
1Max  speed: UPI0.8 link  GBytes/second (00.4 speed:  GT/second)
0.6Socket  GBytes/second (1
0.3Max  GT/second)
Max UPISocket 0
Max UPI link 0 speed: 0.7 GBytes/second (0.3 GT/second)
Max UPI link 1 speed: 0.7 GBytes/second (0.3 GT/second)
Socket 1
Max UPI link 0 speed: 0.8 GBytes/second (0.4 GT/second)
Max UPI link 1 speed: 0.8 GBytes/second (UPI link 1 speed: 0.6 GBytes/second (0.3 GT/second)
Socket  link 0.40 GT/second)
 speed: 
Detected 0.7Intel(R) Xeon(R) Silver 4208 CPU @ 2.10GHz GBytes/second ( "Intel(r) microarchitecture codename 0.3Cascade Lake-SP GT/second)
" stepping Max 7UPI
 link 1 speed: 0.7 GBytes/second (1
Max UPI link 0 speed: 0.4 GBytes/second (0.2 GT/second)
Max UPI link 1 speed: 0.4 GBytes/second (0.2 GT/second)

Detected Intel(R) Xeon(R) Silver 4208 CPU @ 2.10GHz "Intel(r) microarchitecture codename Cascade Lake-SP" stepping 7
0.3 GT/second)

Detected Intel(R) Xeon(R) Silver 4208 CPU @ 2.10GHz "Intel(r) microarchitecture codename Cascade Lake-SP" stepping 7

Executing "
Executing "
Executing "./VE/himenoBM/himenoBMT./VE/himenoBM/himenoBMT./VE/himenoBM/himenoBMT" command:
" command:
" command:
DEBUG: caught signal to interrupt (Child exited).
Cleaning up
 Closed perf event handles
 Zeroed uncore PMU registers
DEBUG: caught signal to interrupt (Child exited).
Cleaning up
 Closed perf event handles
 Zeroed uncore PMU registers
DEBUG: caught signal to interrupt (Child exited).
Cleaning up
 Closed perf event handles
 Zeroed uncore PMU registers
DEBUG: caught signal to interrupt (Child exited).
Cleaning up
 Closed perf event handles
DEBUG: caught signal to interrupt (Child exited).
Cleaning up
 Closed perf event handles
 Zeroed uncore PMU registers
 Zeroed uncore PMU registers
DEBUG: caught signal to interrupt (Child exited).
Cleaning up
DEBUG: caught signal to interrupt (Child exited).
Cleaning up
 Closed perf event handles
 Closed perf event handles
 Zeroed uncore PMU registers
 Zeroed uncore PMU registers
Sequential version array size
 mimax = 513 mjmax = 513 mkmax = 1025
Parallel version array size
 mimax = 131 mjmax = 131 mkmax = 1025
imax = 129 jmax = 129 kmax =1024
I-decomp = 4 J-decomp = 4 K-decomp =1
 Start rehearsal measurement process.
 Measure the performance in 3 times.

 MFLOPS: 1119.944267 time(s): 24.210012 4.389706e-04

 Now, start the actual measurement process.
 The loop will be excuted in 7 times
 This will take about one minute.
 Wait for a while

cpu : 57.196483 sec.
Loop executed for 7 times
Gosa : 4.358650e-04 
MFLOPS measured : 1106.111433
Score based on Pentium III 600MHz : 13.352383
DEBUG: caught signal to interrupt (Child exited).
Cleaning up
 Closed perf event handles
DEBUG: caught signal to interrupt (Child exited).
Cleaning up
 Closed perf event handles
DEBUG: caught signal to interrupt (Child exited).
Cleaning up
 Closed perf event handles
DEBUG: caught signal to interrupt (Child exited).
Cleaning up
DEBUG: caught signal to interrupt (Child exited).
Cleaning up
 Closed perf event handles
DEBUG: caught signal to interrupt (Child exited).
Cleaning up
 Closed perf event handles
 Closed perf event handles
 Zeroed uncore PMU registers
 Zeroed uncore PMU registers
DEBUG: caught signal to interrupt (Child exited).
Cleaning up
 Closed perf event handles
 Zeroed uncore PMU registers
DEBUG: caught signal to interrupt ( Zeroed uncore PMU registers
Child exited).
Cleaning up
DEBUG: caught signal to interrupt (Child exited).
Cleaning up
 Closed perf event handles
 Closed perf event handles
 Zeroed uncore PMU registers
 Zeroed uncore PMU registers
 Zeroed uncore PMU registers
 Zeroed uncore PMU registers
 Zeroed uncore PMU registers
	Command being timed: "/opt/nec/ve/bin/mpirun -np 16 /usr/sbin/pcm 0.1 -csv=ve_Himeno_intel.csv -- ./VE/himenoBM/himenoBMT"
	User time (seconds): 16.89
	System time (seconds): 11.48
	Percent of CPU this job got: 17%
	Elapsed (wall clock) time (h:mm:ss or m:ss): 2:38.92
	Average shared text size (kbytes): 0
	Average unshared data size (kbytes): 0
	Average stack size (kbytes): 0
	Average total size (kbytes): 0
	Maximum resident set size (kbytes): 141508
	Average resident set size (kbytes): 0
	Major (requiring I/O) page faults: 1
	Minor (reclaiming a frame) page faults: 10287
	Voluntary context switches: 516079
	Involuntary context switches: 26920
	Swaps: 0
	File system inputs: 0
	File system outputs: 164064
	Socket messages sent: 0
	Socket messages received: 0
	Signals delivered: 0
	Page size (bytes): 4096
	Exit status: 0
