----------------------- Start VH b_eff 2024-03-19_10-44-00 -----------------------

 Intel(r) Performance Counter Monitor (2022-11-24 10:18:12 +0100 ID=1b16bb4e)


PCM Info: setrlimit for file limit 1000000 failed with error Operation not permitted

=====  Processor information  =====

 Intel(r) Performance Counter Monitor 
(2022-11-24 10:18:12 +0100 ID=1b16bb4e)
 Intel(r) Performance Counter Monitor 

(2022-11-24 10:18:12 +0100 ID=1b16bb4e) Intel(r) Performance Counter Monitor 

(2022-11-24 10:18:12 +0100 ID=1b16bb4e)




PCM Info: setrlimit for file limit 1000000 failed with error Operation not permittedPCM Info: setrlimit for file limit 
PCM Info: setrlimit for file limit 
10000001000000 Intel(r) Performance Counter Monitor  failed with error  failed with error (2022-11-24 10:18:12 +0100 ID=1b16bb4e)Operation not permitted
Operation not permitted


=====  Processor information  =====


PCM Info: setrlimit for file limit 
=====  Processor information  =====
1000000
=====  Processor information  =====
 failed with error Operation not permitted

=====  Processor information  =====
Linux arch_perfmon flag  : Linux arch_perfmon flag  : yesyes

Hybrid processor         : Hybrid processor         : nono

IBRS and IBPB supported  : IBRS and IBPB supported  : yesyes

STIBP supported          : STIBP supported          : Linux arch_perfmon flag  : yesyesyes


Spec arch caps supported : Spec arch caps supported : Hybrid processor         : yesyesno

Max CPUID level          : 
22
Max CPUID level          : CPU model number         : IBRS and IBPB supported  : 22
85yes


 Intel(r) Performance Counter Monitor 
CPU model number         : 
 Intel(r) Performance Counter Monitor (2022-11-24 10:18:12 +0100 ID=1b16bb4e)STIBP supported          : 85(2022-11-24 10:18:12 +0100 ID=1b16bb4e)
 Intel(r) Performance Counter Monitor yes


(2022-11-24 10:18:12 +0100 ID=1b16bb4e)



Spec arch caps supported : 


yesPCM Info: setrlimit for file limit 
1000000Max CPUID level          :  failed with error PCM Info: setrlimit for file limit 22PCM Info: setrlimit for file limit Operation not permitted1000000
1000000
 failed with error CPU model number         :  failed with error 85Operation not permitted
Operation not permitted

=====  Processor information  =====


=====  Processor information  =====

=====  Processor information  =====
Linux arch_perfmon flag  : yes
Hybrid processor         : no
IBRS and IBPB supported  : yes
STIBP supported          : yesLinux arch_perfmon flag  : 
yesLinux arch_perfmon flag  : Spec arch caps supported : 
yesyesHybrid processor         : 

noMax CPUID level          : Hybrid processor         : 
22noIBRS and IBPB supported  : 

yesCPU model number         : IBRS and IBPB supported  : 
85yesSTIBP supported          : 

yesSTIBP supported          : 
yesSpec arch caps supported : 
yesSpec arch caps supported : 
yesMax CPUID level          : 
22Max CPUID level          : 
22CPU model number         : 
85CPU model number         : 
85
Number of physical cores: 16
Number of logical cores: 16
Number of online logical cores: 16
Threads (logical cores) per physical core: 1
Num sockets: 2
Physical cores per socket: 8
Last level cache slices per socket: 0
Core PMU (perfmon) version: 4
Number of core PMU generic (programmable) counters: 8
Width of generic (programmable) counters: 48 bits
Number of core PMU fixed counters: 3
Width of fixed counters: 48Linux arch_perfmon flag  : Linux arch_perfmon flag  :  bits
yesyesNominal core frequency: 

Hybrid processor         : no2100000000
IBRS and IBPB supported  : yesHybrid processor         : 
 Hz
STIBP supported          : Number of physical cores: noIBRS enabled in the kernel   : Number of physical cores: yes
noNumber of physical cores: 16
IBRS and IBPB supported  : 
16
Spec arch caps supported : yes16STIBP enabled in the kernel  : 
Number of logical cores: yes

noNumber of logical cores: 16
STIBP supported          : Number of logical cores: 
16
Max CPUID level          : yes16The processor is not susceptible to Rogue Data Cache Load: 
Number of online logical cores: 22

noNumber of online logical cores: 16
Spec arch caps supported : Number of online logical cores: 
16
CPU model number         : yes16The processor supports enhanced IBRS                     : 
Threads (logical cores) per physical core: 85

noThreads (logical cores) per physical core: 1
Max CPUID level          : Threads (logical cores) per physical core: 
1
221
=====  Processor topology  =====

Num sockets: 

OS_Processor    Thread_Id       Core_Id         Tile_Id         Package_Id      Core_Type   Native_CPU_Model
Num sockets: 2CPU model number         : Num sockets: 0               2
8520               
Physical cores per socket: 

0               Physical cores per socket: 8Physical cores per socket: 0               8
80               
Last level cache slices per socket: 
invalidLast level cache slices per socket: 0Last level cache slices per socket:  0
0 
Core PMU (perfmon) version: Core PMU (perfmon) version: 4
 4
Core PMU (perfmon) version:  
Number of core PMU generic (programmable) counters: 4 Number of core PMU generic (programmable) counters: 8
 8
Number of core PMU generic (programmable) counters:  
Width of generic (programmable) counters: 8 Width of generic (programmable) counters: 48
 48 bits
Width of generic (programmable) counters: -1               bits
Number of core PMU fixed counters: 48
Number of core PMU fixed counters: 3 bits
31               
Number of core PMU fixed counters: 
0               Width of fixed counters: 3Width of fixed counters: 1               48
 bits
Width of fixed counters: 48Nominal core frequency: 48 bits
1               2100000000 bits
Nominal core frequency:  Hz
0               Nominal core frequency: 2100000000IBRS enabled in the kernel   : invalid2100000000 Hz
no  Hz
IBRS enabled in the kernel   : 
 IBRS enabled in the kernel   : noSTIBP enabled in the kernel  :  no
no 
STIBP enabled in the kernel  : 
 STIBP enabled in the kernel  : noThe processor is not susceptible to Rogue Data Cache Load:  no
no 
The processor is not susceptible to Rogue Data Cache Load: 
 The processor is not susceptible to Rogue Data Cache Load: noThe processor supports enhanced IBRS                     :  no
no-1              
The processor supports enhanced IBRS                     : 

The processor supports enhanced IBRS                     : no
=====  Processor topology  =====
no2               
OS_Processor    Thread_Id       Core_Id         Tile_Id         Package_Id      Core_Type   Native_CPU_Model

=====  Processor topology  =====

OS_Processor    Thread_Id       Core_Id         Tile_Id         Package_Id      Core_Type   Native_CPU_Model
0               0               
=====  Processor topology  =====
0               2               0               OS_Processor    Thread_Id       Core_Id         Tile_Id         Package_Id      Core_Type   Native_CPU_Model
0               2               0               0               0               0               0               0               0               invalid0               0               0                invalid0               invalid  0                  invalid                         -1                 
-1               -1              3               
 
0               -1              1               3               1               
0               3               1               0               1               0               0               1               1               invalid1               1               0                1               0               invalid 0               invalid  invalid                       -1                 
   4                 0               -1               -1              4               
-1              
4               
2               2               2               0               0               0               0               invalid2               2               2                2               2               2                0               0               0                invalidinvalidinvalid                         -1                 
   5                 -1              0               -1              -1              
5               

3               5               3               3               0               0               0               0               3               invalid3               3               3                3               3               0                0               0               invalid invalidinvalid                         -1                 
   6                 -1              0               -1              -1              
6               

4               6               4               0               4               0               invalid0               4               0                4               4               4                4               0               4                0               invalid0                invalid invalid                    -1                 
   7                  0                -1               7               -1              
-1              7               
5               
0               5               0               5               invalid0               5               0                5               5               5                5               0               5                0               invalid 0                invalid invalid                    -1                 
   8                -1               0                
 0               -1              6               -1              8               
0               
1               6               6               6               invalid0               6               0                6               0               6                6               invalid6                 0                    invalid0                  invalid  -1                 
     9                  0                  1                  9                  1               -1              -1               invalid

  7               -1              7                0               
0                7               7               7                7               0               7                0               7               0                invalid7               invalid  0                  invalid     -1                 
   10                 0                  2                  10                 1               -1               -1              invalid
 
 8               -1              8                0               
0                0               8               0                8               0               8                1               0               1                invalid8               invalid  1                      -1              invalid  
    11                 0                  3                  11               -1               1                
 invalid-1              9                 
0                 9               1               -1               0               9               
 1               1               9                9               invalid0                1                1                invalid 9                  1                  invalid-1                 
   12                 0                  4                  12               -1               1                
 invalid-1               10               
 0                10              -1              2                0               
10               2               10              1                10              0               invalid 1               2                 invalid10                 1                  invalid -1                 
   13                 0                  5                  13                -1              
1                 11              invalid-1               0                
 3                11              -1              11               0               
1                3               11              invalid 11              0                 1               invalid3                11                1                  invalidNumber of physical cores:    Number of physical cores:    Number of physical cores:  16 -1               16 
 16
 
 Number of logical cores:  
14               Number of logical cores:  16 Number of logical cores: 0                16 
 166               -1              
-1              Number of online logical cores:  
14              
Number of online logical cores: 
16 Number of online logical cores: 1               12              1612              
 16invalid0               
0               Threads (logical cores) per physical core: -1              
 4               Threads (logical cores) per physical core: 4               1
Threads (logical cores) per physical core:  12              112              
12              1 1               
1               Num sockets: 0               
 invalidNum sockets: invalid24               Num sockets:   2 
12              2Number of physical cores:   
 Physical cores per socket: 1               
   Physical cores per socket: 16   8  
invalid Last level cache slices per socket: Physical cores per socket:    08  -1              8 


  

-1              Core PMU (perfmon) version: Last level cache slices per socket: Number of logical cores:   Last level cache slices per socket: 13              
4016  00               15              


  
5               0               Number of core PMU generic (programmable) counters: 8Core PMU (perfmon) version: Number of online logical cores: -1               Core PMU (perfmon) version: 13              7               
416
 41               15              Width of generic (programmable) counters: 

13               
invalid1               48Number of core PMU generic (programmable) counters: Threads (logical cores) per physical core: 0               -1              Number of core PMU generic (programmable) counters:  invalid bits
815               
8  Number of core PMU fixed counters: 

13              13              
  3Width of generic (programmable) counters: Num sockets: 1               0               Width of generic (programmable) counters:   
48 bits
2invalid5               48  Width of fixed counters: Number of core PMU fixed counters: 
 13               bits
  483Physical cores per socket:  1               Number of core PMU fixed counters:    bits

8
Last level cache slices per socket:  0invalid 
3 
  Core PMU (perfmon) version:   Width of fixed counters: Nominal core frequency:   Width of fixed counters: 4  48-1              2100000000 48
   bits

 Hz
14                 bits
Number of core PMU generic (programmable) counters: -1               Nominal core frequency: IBRS enabled in the kernel   : 0               -1              Nominal core frequency: 8
 2100000000no6               
2100000000
=====  Placement on packages  =====
  Hz

14              14               Hz
Width of generic (programmable) counters: Package Id.    Core Id.     Processors
 IBRS enabled in the kernel   : STIBP enabled in the kernel  : 1               0               IBRS enabled in the kernel   : 480               nonoinvalid6               no bits
0-1              

 14              
Number of core PMU fixed counters: ,
STIBP enabled in the kernel  : The processor is not susceptible to Rogue Data Cache Load:  1               STIBP enabled in the kernel  : 3114              nono invalid   no
,0               

    
Width of fixed counters: 26               The processor is not susceptible to Rogue Data Cache Load: The processor supports enhanced IBRS                     :    The processor is not susceptible to Rogue Data Cache Load: 48,14              nono     no-1              -1              
 bits


315              1               Nominal core frequency: 
The processor supports enhanced IBRS                     : 15              
,0               
=====  Processor topology  =====
invalid2100000000The processor supports enhanced IBRS                     : no0               47               OS_Processor    Thread_Id       Core_Id         Tile_Id         Package_Id      Core_Type   Native_CPU_Model
  Hz
no
7               ,15              0                IBRS enabled in the kernel   : 
15              51               0               
=====  Processor topology  =====
 no1               
=====  Processor topology  =====
,invalid0               OS_Processor    Thread_Id       Core_Id         Tile_Id         Package_Id      Core_Type   Native_CPU_Model
 
invalidOS_Processor    Thread_Id       Core_Id         Tile_Id         Package_Id      Core_Type   Native_CPU_Model
6 0               0                 STIBP enabled in the kernel  :  0               , 0               0                 no 0               7 invalid0                
 0               
  0               -1              The processor is not susceptible to Rogue Data Cache Load:  0               1                0               
no 0               0     invalid  15               -1               
0                 
 invalidThe processor supports enhanced IBRS                     : ,7                 =====  Placement on packages  =====
  no115                Package Id.    Core Id.     Processors
      
,
=====  Processor topology  =====
1                 0              -1                 2OS_Processor    Thread_Id       Core_Id         Tile_Id         Package_Id      Core_Type   Native_CPU_Model
invalid-1              -1              0
    ,0                

,1               -1              30                =====  Placement on packages  =====
1               10               
,0                Package Id.    Core Id.     Processors
0               ,1               4,1               0                0              1               21               50               0                01               ,0               ,1               invalid ,0               3invalid61                  1invalid, ,0                 , 4  7 
invalid 
=====  Core/Tile sharing  =====
   Level      Processors
Core       -1                2 ( 
 , , 0 =====  Placement on packages  =====
 5 3 ) Package Id.    Core Id.     Processors
     , ,-1              ( 0              -1              6 4
1 0
, ,2               ) ,2               7-1              50               ( 10               

,2               2 ,2               1              61               2               )-1              22               0,0               0               (
,0               ,71               invalid32               3invalid1
1                )0               , ,1              0                (2               4, 5 2, 0,6 invalid,3 , 4 2               1, 7  ) 0               ,4 
 ( invalid2, 1              -1              5  ,5 0
)  3, ,3               (  ,6 10               6  4,-1              ,3               )  ,7
23               (  5
3               ,0               7-1               ,
=====  Core/Tile sharing  =====
0               3invalid    )
 6Level      Processors
Core       3               ,  (2                ,(3               4 80               -1              
73               
00               
=====  Core/Tile sharing  =====
0               )3               ,Level      Processors
Core       invalid (3               )5( 2                10               (,0 2               -1              )invalid96) 0               
( ),( invalid4               2 (71  0               ) 10
)   4               ( )
=====  Core/Tile sharing  =====
(  4               3 (Level      Processors
Core       2)  0               ) 11((-1               invalid( )03
  4 ())4                 ) 12((0                 (-1              )144                 5
())4               -1               )4               0               134               )(4               ((250               0               14
)) invalidinvalid()(3               (   6(30               6   )15))3               )   (
Tile / L2$ (3               (-1                7(40               7
  )0)invalid)5                 ()( (0                 8(5 85                 )1) )5                 ()( (0               -1              -1              9(6 9invalid

)2) ) 5               5               ()( ( 0               0               10(7 10 5               5               5               0               5               )invalid0               3( )invalid)11  () ( )-1               8( 4    (
 )11 ) 124                () (-1              )0                9( 5
(4                )12 )6               134                () (0               )0                10( 66               (invalid-1              )13 )6               14 
()-1              (0               ) 6               11(
7invalid    ( 0               )146               )  15 6               ()(0               156               ()6                8
Tile / L2$ )0                ) (
Tile / L2$ 6               invalid 12( 0(0                -1              )9 )0invalid 
() ()  7               13( 1(  0               )10-1              )1  7               ()
()  7               14(5               2(  0               )110               )2  invalid(15)5               ()   )(5               3( -1               
Tile / L2$ 120               )3 
 ()(invalid()-1              7                0)13 4(4
)7               0               (0                7               5(7                )7               )1 7                )(0               () 0                (14invalid6( invalid 5) )2  -1              )( ()  
(15 7(  8               6) )3  0               )
 ()  0               (
 8(-1               8               7 )Package thermal spec power: 4
 1               ) (0)6                invalid( 9 Watt; (0                 8-1              )Package minimum power: 56               -1               )
(0)6               
 (8               10 Watt; (0               8                90               0               )8               (Package maximum power: 1               1160invalid)invalid) Watt;
0                (  )(0                12  (78                )  10)1                (  )(invalid 13  (8  )-1               11)   (
 )(  149                (9  )0                12) -1              (1               -1              )( 
159               
(10 9               )1               7               13) 0               
invalid
0               )(-1              1               
 7               (11
9               9               1                0               invalidPackage thermal spec power:  1                7               0 149                )0               Can't open MCFG table. Check permission of  Watt;  )1                   (invalid/sys/firmware/acpi/tables/MCFGPackage minimum power:  (invalid 12 
0 15   ) Can't open MCFG table. Check permission of  Watt;  ) -1              ( /sys/firmware/acpi/tables/MCFG1Package maximum power:  
 
13 
0-1              
 10              Package thermal spec power: ) Can't open MCFG table. Check permission of  Watt;

 0               0( /pcm/sys/firmware/acpi/tables/MCFG10               2                Watt; 14 
0                10              Package minimum power: ) Can't open MCFG table. Check permission of 2                1               0( /pcm/sys/firmware/acpi/tables/MCFG110               invalid Watt; 15-1              
1               -1                Package maximum power:   0)  Watt;


 
invalid8               
 Package thermal spec power: WARNING: enumeration of devices in UncorePMUDiscovery failed
 0               
 10              0 0                0                Watt;  8               -1              2               Package minimum power:  1               
Can't open MCFG table. Check permission of 10              0 invalid11              /sys/firmware/acpi/tables/MCFG1                Watt;   0               
invalidPackage maximum power:   3               Can't open MCFG table. Check permission of  0  11              /sys/firmware/acpi/tables/MCFG1  Watt;
  1               
    -1               invalidCan't open MCFG table. Check permission of    
  /pcm/sys/firmware/acpi/tables/MCFG-1              11              
  

0                 Can't open MCFG table. Check permission of 11              3                 Can't open MCFG table. Check permission of /pcm/sys/firmware/acpi/tables/MCFG10               11              -1               /sys/firmware/acpi/tables/MCFG
3               1               
 
11              invalid9               0                1                Can't open MCFG table. Check permission of 9               1                 /sys/firmware/acpi/tables/MCFG1WARNING: enumeration of devices in UncorePMUDiscovery failed
1               
invalid-1              INFO: Linux perf interface to program uncore PMUs is   
invalid 
present
12                Can't open MCFG table. Check permission of   Can't open MCFG table. Check permission of INFO: using Linux perf interface to program uncore PMUs because env variable PCM_USE_UNCORE_PERF=1
0                /pcm/sys/firmware/acpi/tables/MCFG  /sys/firmware/acpi/tables/MCFGINFO: Secure Boot detected. Using Linux perf for uncore PMU programming.
4                
  
12                Can't open MCFG table. Check permission of   Can't open MCFG table. Check permission of 1               -1              /pcm/sys/firmware/acpi/tables/MCFG1  /sys/firmware/acpi/tables/MCFG1invalid

  
     12                Can't open MCFG table. Check permission of   0                 WARNING: enumeration of devices in UncorePMUDiscovery failed
/pcm/sys/firmware/acpi/tables/MCFG  4                -1              
-1              12              -1              
Can't open MCFG table. Check permission of 
1               
12              /pcm/sys/firmware/acpi/tables/MCFG113              invalid10              0               
0                0               4               5                2               12              13               10              1               1               invalid1               invalidWARNING: enumeration of devices in UncorePMUDiscovery failed
  invalid INFO: Linux perf interface to program uncore PMUs is  INFO: Linux perf interface to program uncore PMUs is     present
 present
 INFO: using Linux perf interface to program uncore PMUs because env variable PCM_USE_UNCORE_PERF=1
   INFO: using Linux perf interface to program uncore PMUs because env variable PCM_USE_UNCORE_PERF=1
  INFO: Secure Boot detected. Using Linux perf for uncore PMU programming.
   INFO: Secure Boot detected. Using Linux perf for uncore PMU programming.
            -1               -1               
-1              
 13              
13              -1              0               14              0               
5               0               5               11              13              6               13              0               1               14              1               3               invalid1               invalid11               invalid  1                      invalid          -1                 
   15                  0               -1              7                
15                14              1               INFO: Linux perf interface to program uncore PMUs is -1               0               invalidpresent

 6                INFO: using Linux perf interface to program uncore PMUs because env variable PCM_USE_UNCORE_PERF=1
14               14               INFO: Secure Boot detected. Using Linux perf for uncore PMU programming.
0               -1              1                    6               
invalid 14              12                1               0                -1              invalid4                
 12               =====  Placement on packages  =====
Package Id.    Core Id.     Processors
 1                0               invalid 0   ,   1    ,  -1              2  
,-1               15              3
 0               ,15               7               40                15              1               ,7               -1              invalid515              
 ,1               13                6 ,invalid 7 0                
Socket  05                1                : 13               0  21                ,   memory controllers detected with total number of invalid-1              1 6 
,-1               channels.  =====  Placement on packages  =====
2
2  Package Id.    Core Id.     Processors
,=====  Placement on packages  =====
UPI 0              3Package Id.    Core Id.     Processors
 ports detected. 0,0                ,402 1,, M2M (mesh to memory) blocks detected.  ,510 2,, Home Agents detected. -1              ,622
3,,3 M3UPI blocks detected.
14              ,7,0               4
46               ,
=====  Core/Tile sharing  =====
,14              5Level      Processors
Core       51               ,(,6invalid, 67 0,
Socket  Socket )71              0 (0
0:  1: 1              ,2 )201 memory controllers detected with total number of  ( memory controllers detected with total number of ,,6 2612 channels.  ) channels. ,,2-1              (223 
3 ,,4UPI15              )UPI3, ports detected.0               ( ports detected.,5 7               4 4,215              )2,6 M2M (mesh to memory) blocks detected. 1               ( M2M (mesh to memory) blocks detected. 5,0invalid50,7 Home Agents detected.  ) Home Agents detected. 6
2 (2,7
=====  Core/Tile sharing  =====

Level      Processors
Core        M3UPI blocks detected.

=====  Core/Tile sharing  =====
(Level      Processors
Core        0(6  M3UPI blocks detected.
)0Socket ) ()0( 1(: 7 )12) () memory controllers detected with total number of ( 2(68-1              )2 channels. )
()2(=====  Placement on packages  =====
3( 9Package Id.    Core Id.     Processors
)3UPI)0              () ports detected.(04( 10,)42 M2M (mesh to memory) blocks detected. )1()0(,5( Home Agents detected. 112)52),() M3UPI blocks detected.
(36(612,)))4(7()7(()13,8(Socket )5)81(,(): 1469(2),)9 memory controllers detected with total number of (7()615
10( channels. )1              )102
Tile / L2$ 0() (,11(UPI01)11 ports detected.),() (212(21,)12 M2M (mesh to memory) blocks detected. )3()0(,13( Home Agents detected. 24)132),() M3UPI blocks detected.
(514(3,)14)6()((154,))157
Tile / L2$ ()
(5
Tile / L2$ 
=====  Core/Tile sharing  =====
0)(Level      Processors
Core       )(0((6)01)())(1((7)12)())(2((8)23)())(3((9))34(())104(())45(())115(())56(())126(())67(13()))(7)((7(814)8))()((8(915)9))()(
9(10
)10)Package thermal spec power: ()(11010() Watt; )11(Package minimum power: ()12011() Watt; )12(Package maximum power: ()13012()( Watt;
)1314())13(()1415())14(
)15
()Package thermal spec power: 15
0)
 Watt; 
Tile / L2$ Package minimum power: 0Package thermal spec power:  Watt; 0(Package maximum power:  Watt; 
0Socket 0Package minimum power: Socket ) Watt;
Socket 10Can't open MCFG table. Check permission of 1(1:  Watt; /sys/firmware/acpi/tables/MCFG: 1: 2Package maximum power: 
2)2 memory controllers detected with total number of 0Can't open MCFG table. Check permission of /sys/firmware/acpi/tables/MCFG1 memory controllers detected with total number of ( memory controllers detected with total number of 6 Watt;

626 channels. Can't open MCFG table. Check permission of  channels. ) channels. 2/pcm/sys/firmware/acpi/tables/MCFG2(2 
 3 UPICan't open MCFG table. Check permission of UPI)UPI ports detected./pcm/sys/firmware/acpi/tables/MCFG1 ports detected.( ports detected. 
 4 22)2 M2M (mesh to memory) blocks detected.  M2M (mesh to memory) blocks detected. ( M2M (mesh to memory) blocks detected. 00WARNING: enumeration of devices in UncorePMUDiscovery failed
50
 Home Agents detected.  Home Agents detected. ) Home Agents detected. 22(2 M3UPI blocks detected.
 M3UPI blocks detected.
Can't open MCFG table. Check permission of 6 M3UPI blocks detected.
/sys/firmware/acpi/tables/MCFG

Can't open MCFG table. Check permission of /sys/firmware/acpi/tables/MCFG1)
(INFO: Linux perf interface to program uncore PMUs is Can't open MCFG table. Check permission of 7present
/pcm/sys/firmware/acpi/tables/MCFGCan't open MCFG table. Check permission of )INFO: using Linux perf interface to program uncore PMUs because env variable PCM_USE_UNCORE_PERF=1

/sys/firmware/acpi/tables/MCFG(INFO: Secure Boot detected. Using Linux perf for uncore PMU programming.
Can't open MCFG table. Check permission of 
8/pcm/sys/firmware/acpi/tables/MCFG1Can't open MCFG table. Check permission of )
/sys/firmware/acpi/tables/MCFG1(
9Can't open MCFG table. Check permission of )/pcm/sys/firmware/acpi/tables/MCFG(
10Can't open MCFG table. Check permission of )/pcm/sys/firmware/acpi/tables/MCFG1(WARNING: enumeration of devices in UncorePMUDiscovery failed

11)(12)(13)(14)(15)

WARNING: enumeration of devices in UncorePMUDiscovery failed
Package thermal spec power: 0 Watt; Package minimum power: 0 Watt; Package maximum power: 0 Watt;

INFO: Linux perf interface to program uncore PMUs is present
INFO: Linux perf interface to program uncore PMUs is INFO: using Linux perf interface to program uncore PMUs because env variable PCM_USE_UNCORE_PERF=1
present
INFO: Secure Boot detected. Using Linux perf for uncore PMU programming.
INFO: using Linux perf interface to program uncore PMUs because env variable PCM_USE_UNCORE_PERF=1
INFO: Secure Boot detected. Using Linux perf for uncore PMU programming.
Can't open MCFG table. Check permission of /sys/firmware/acpi/tables/MCFG
Can't open MCFG table. Check permission of /sys/firmware/acpi/tables/MCFG1
Can't open MCFG table. Check permission of /pcm/sys/firmware/acpi/tables/MCFG
Can't open MCFG table. Check permission of /pcm/sys/firmware/acpi/tables/MCFG1
WARNING: enumeration of devices in UncorePMUDiscovery failed
INFO: Linux perf interface to program uncore PMUs is present
INFO: using Linux perf interface to program uncore PMUs because env variable PCM_USE_UNCORE_PERF=1
INFO: Secure Boot detected. Using Linux perf for uncore PMU programming.
Socket 0: 2 memory controllers detected with total number of 6 channels. 2 UPI ports detected. 2 M2M (mesh to memory) blocks detected. 0 Home Agents detected. 2 M3UPI blocks detected.
Socket 0: 2 memory controllers detected with total number of 6 channels. 2 UPI ports detected. 2 M2M (mesh to memory) blocks detected. 0 Home Agents detected. 2 M3UPI blocks detected.
Socket 0Socket : 20 memory controllers detected with total number of : 62 channels.  memory controllers detected with total number of 26  channels. UPI2 ports detected.  UPI2 ports detected. M2M (mesh to memory) blocks detected.  02 Home Agents detected.  M2M (mesh to memory) blocks detected. 20 M3UPI blocks detected.
 Home Agents detected. 2 M3UPI blocks detected.
Socket 1: 2 memory controllers detected with total number of 6 channels. 2 UPI ports detected. 2 M2M (mesh to memory) blocks detected. 0 Home Agents detected. 2 M3UPI blocks detected.
Socket 1: 2 memory controllers detected with total number of 6 channels. 2 UPI ports detected. 2 M2M (mesh to memory) blocks detected. 0 Home Agents detected. 2 M3UPI blocks detected.
INFO: using Linux resctrl driver for RDT metrics (L3OCC, LMB, RMB) because environment variable PCM_USE_RESCTRL=1
ERROR: /sys/fs/resctrl is not mounted
ERROR: RDT metrics (L3OCC,LMB,RMB) will not be available
Mount it to make it work: mount -t resctrl resctrl /sys/fs/resctrl
Socket 1Socket : 21 memory controllers detected with total number of : 62 channels.  memory controllers detected with total number of 
2 UPI ports detected. 2 M2M (mesh to memory) blocks detected. 0 Home Agents detected. 2 M3UPI blocks detected.
6 channels. 2 UPI ports detected. 2 M2M (mesh to memory) blocks detected. 0 Home Agents detected. 2 M3UPI blocks detected.
 Closed perf event handles
Trying to use Linux perf events...
INFO: using Linux resctrl driver for RDT metrics (L3OCC, LMB, RMB) because environment variable PCM_USE_RESCTRL=1
ERROR: /sys/fs/resctrl is not mounted
ERROR: RDT metrics (L3OCC,LMB,RMB) will not be available
Mount it to make it work: mount -t resctrl resctrl /sys/fs/resctrl
INFO: using Linux resctrl driver for RDT metrics (L3OCC, LMB, RMB) because environment variable PCM_USE_RESCTRL=1
INFO: using Linux resctrl driver for RDT metrics (L3OCC, LMB, RMB) because environment variable PCM_USE_RESCTRL=1
ERROR: /sys/fs/resctrl is not mounted
ERROR: RDT metrics (L3OCC,LMB,RMB) will not be available
Mount it to make it work: mount -t resctrl resctrl /sys/fs/resctrl
ERROR: /sys/fs/resctrl is not mounted
ERROR: RDT metrics (L3OCC,LMB,RMB) will not be available
Mount it to make it work: mount -t resctrl resctrl /sys/fs/resctrl



 Closed perf event handles
Trying to use Linux perf events...
 Closed perf event handles
Trying to use Linux perf events...
 Closed perf event handles
Trying to use Linux perf events...
INFO: using Linux resctrl driver for RDT metrics (L3OCC, LMB, RMB) because environment variable PCM_USE_RESCTRL=1
ERROR: /sys/fs/resctrl is not mounted
ERROR: RDT metrics (L3OCC,LMB,RMB) will not be available
Mount it to make it work: mount -t resctrl resctrl /sys/fs/resctrl

INFO: using Linux resctrl driver for RDT metrics (L3OCC, LMB, RMB) because environment variable PCM_USE_RESCTRL=1
 Closed perf event handles
Trying to use Linux perf events...
ERROR: /sys/fs/resctrl is not mounted
ERROR: RDT metrics (L3OCC,LMB,RMB) will not be available
Mount it to make it work: mount -t resctrl resctrl /sys/fs/resctrl
INFO: using Linux resctrl driver for RDT metrics (L3OCC, LMB, RMB) because environment variable PCM_USE_RESCTRL=1
ERROR: /sys/fs/resctrl is not mounted
ERROR: RDT metrics (L3OCC,LMB,RMB) will not be available
Mount it to make it work: mount -t resctrl resctrl /sys/fs/resctrl
Successfully programmed on-core PMU using Linux perf
INFO: using Linux resctrl driver for RDT metrics (L3OCC, LMB, RMB) because environment variable PCM_USE_RESCTRL=1
ERROR: /sys/fs/resctrl is not mounted
ERROR: RDT metrics (L3OCC,LMB,RMB) will not be available
Mount it to make it work: mount -t resctrl resctrl /sys/fs/resctrl

 Closed perf event handles
Trying to use Linux perf events...
Successfully programmed on-core PMU using Linux perf
Successfully programmed on-core PMU using Linux perf
Successfully programmed on-core PMU using Linux perf

 Closed perf event handles
Trying to use Linux perf events...

 Closed perf event handles
Trying to use Linux perf events...
Successfully programmed on-core PMU using Linux perf
Successfully programmed on-core PMU using Linux perf
Successfully programmed on-core PMU using Linux perf
Successfully programmed on-core PMU using Linux perf
Socket 0
Max UPI link 0 speed: 2.8 GBytes/second (1.3 GT/second)
Max UPI link 1 speed: 2.8 GBytes/second (1.3 GT/second)
Socket 1
Max UPI link 0 speed: 2.6 GBytes/second (1.2 GT/second)
Max UPI link 1 speed: 2.6 GBytes/second (1.2 GT/second)

Detected Intel(R) Xeon(R) Silver 4208 CPU @ 2.10GHz "Intel(r) microarchitecture codename Cascade Lake-SP" stepping 7

Executing "./VH/b_eff1/b_eff" command:
Socket 0
Max UPI link 0 speed: 2.4 GBytes/second (1.1 GT/second)
Max UPI link 1 speed: 2.4 GBytes/second (1.1 GT/second)
Socket 1
Max UPI link 0 speed: 2.6 GBytes/second (1.1 GT/second)
Max UPI link 1 speed: 2.6 GBytes/second (1.1 GT/second)

Detected Intel(R) Xeon(R) Silver 4208 CPU @ 2.10GHz "Intel(r) microarchitecture codename Cascade Lake-SP" stepping 7

Executing "./VH/b_eff1/b_eff" command:
Socket 0
Max UPI link 0 speed: 2.1 GBytes/second (0.9 GT/second)
Max UPI link 1 speed: 2.1 GBytes/second (0.9 GT/second)
Socket 1
Max UPI link 0 speed: 2.5 GBytes/second (1.1 GT/second)
Max UPI link 1 speed: 2.5 GBytes/second (1.1 GT/second)

Detected Intel(R) Xeon(R) Silver 4208 CPU @ 2.10GHz "Intel(r) microarchitecture codename Cascade Lake-SP" stepping 7

Executing "./VH/b_eff1/b_eff" command:
Socket 0
Max UPI link 0 speed: 2.6 GBytes/second (1.1 GT/second)
Max UPI link 1 speed: 2.6 GBytes/second (1.1 GT/second)
Socket 1
Max UPI link 0 speed: 2.5 GBytes/second (1.1 GT/second)
Max UPI link 1 speed: 2.5 GBytes/second (1.1 GT/second)

Detected Intel(R) Xeon(R) Silver 4208 CPU @ 2.10GHz "Intel(r) microarchitecture codename Cascade Lake-SP" stepping 7

Executing "./VH/b_eff1/b_eff" command:
Socket 0
Max UPI link 0 speed: 2.1 GBytes/second (0.9 GT/second)
Max UPI link 1 speed: 2.1 GBytes/second (0.9 GT/second)
Socket 1
Max UPI link 0 speed: 2.4 GBytes/second (1.1 GT/second)
Max UPI link 1 speed: 2.4 GBytes/second (1.1 GT/second)

Detected Intel(R) Xeon(R) Silver 4208 CPU @ 2.10GHz "Intel(r) microarchitecture codename Cascade Lake-SP" stepping 7

Executing "./VH/b_eff1/b_eff" command:
Socket 0
Max UPI link 0 speed: 2.4 GBytes/second (1.1 GT/second)
Max UPI link 1 speed: 2.4 GBytes/second (1.1 GT/second)
Socket 1
Max UPI link 0 speed: 2.1 GBytes/second (0.9 GT/second)
Max UPI link 1 speed: 2.1 GBytes/second (0.9 GT/second)

Detected Intel(R) Xeon(R) Silver 4208 CPU @ 2.10GHz "Intel(r) microarchitecture codename Cascade Lake-SP" stepping 7

Executing "./VH/b_eff1/b_eff" command:
Socket 0
Max UPI link 0 speed: 2.3 GBytes/second (1.0 GT/second)
Max UPI link 1 speed: 2.3 GBytes/second (1.0 GT/second)
Socket 1
Max UPI link 0 speed: 2.1 GBytes/second (0.9 GT/second)
Max UPI link 1 speed: 2.1 GBytes/second (0.9 GT/second)

Detected Intel(R) Xeon(R) Silver 4208 CPU @ 2.10GHz "Intel(r) microarchitecture codename Cascade Lake-SP" stepping 7

Executing "./VH/b_eff1/b_eff" command:
Socket 0
Max UPI link 0 speed: 2.5 GBytes/second (1.1 GT/second)
Max UPI link 1 speed: 2.5 GBytes/second (1.1 GT/second)
Socket 1
Max UPI link 0 speed: 2.2 GBytes/second (1.0 GT/second)
Max UPI link 1 speed: 2.2 GBytes/second (1.0 GT/second)

Detected Intel(R) Xeon(R) Silver 4208 CPU @ 2.10GHz "Intel(r) microarchitecture codename Cascade Lake-SP" stepping 7

Executing "./VH/b_eff1/b_eff" command:
b_eff =   5935.210 MB/s = 741.901 *   8 PEs with 256 MB/PE on Linux muffin 4.18.0-477.15.1.el8_8.x86_64 #1 SMP Wed Jun 28 15:04:18 UTC 2023 x86_64
DEBUG: caught signal to interrupt (Child exited).
Cleaning up
 Closed perf event handles
DEBUG: caught signal to interrupt (Child exited).
Cleaning up
 Closed perf event handles
DEBUG: caught signal to interrupt (DEBUG: caught signal to interrupt (Child exitedChild exited).
).
Cleaning up
Cleaning up
DEBUG: caught signal to interrupt (Child exited).
Cleaning up
DEBUG: caught signal to interrupt (Child exited).
Cleaning up
DEBUG: caught signal to interrupt ( Closed perf event handles
 Closed perf event handles
 Closed perf event handles
Child exited).
DEBUG: caught signal to interrupt (Cleaning up
Child exited).
Cleaning up
 Closed perf event handles
 Closed perf event handles
 Closed perf event handles
 Zeroed uncore PMU registers
 Zeroed uncore PMU registers
 Zeroed uncore PMU registers
 Zeroed uncore PMU registers
 Zeroed uncore PMU registers
 Zeroed uncore PMU registers
 Zeroed uncore PMU registers
 Zeroed uncore PMU registers
	Command being timed: "mpirun -vh -np 8 /usr/sbin/pcm 0.1 -csv=./output/10/vh_b_eff_VH_10.csv -- ./VH/b_eff1/b_eff"
	User time (seconds): 4.63
	System time (seconds): 3.41
	Percent of CPU this job got: 11%
	Elapsed (wall clock) time (h:mm:ss or m:ss): 1:09.73
	Average shared text size (kbytes): 0
	Average unshared data size (kbytes): 0
	Average stack size (kbytes): 0
	Average total size (kbytes): 0
	Maximum resident set size (kbytes): 141596
	Average resident set size (kbytes): 0
	Major (requiring I/O) page faults: 2
	Minor (reclaiming a frame) page faults: 5252
	Voluntary context switches: 116857
	Involuntary context switches: 6301
	Swaps: 0
	File system inputs: 0
	File system outputs: 44056
	Socket messages sent: 0
	Socket messages received: 0
	Signals delivered: 0
	Page size (bytes): 4096
	Exit status: 0
