----------------------- Start VH b_eff 2024-03-18_15-28-01 -----------------------

 Intel(r) Performance Counter Monitor (2022-11-24 10:18:12 +0100 ID=1b16bb4e)


PCM Info: setrlimit for file limit 1000000 failed with error Operation not permitted

=====  Processor information  =====

 Intel(r) Performance Counter Monitor (2022-11-24 10:18:12 +0100 ID=1b16bb4e)


PCM Info: setrlimit for file limit 1000000 failed with error Operation not permitted

=====  Processor information  =====
Linux arch_perfmon flag  : yes
Hybrid processor         : no
IBRS and IBPB supported  : yes
STIBP supported          : yes
Spec arch caps supported : yes
Max CPUID level          : 22
CPU model number         : 85
Linux arch_perfmon flag  : yes
Hybrid processor         : no
IBRS and IBPB supported  : yes
STIBP supported          : yes
Spec arch caps supported : 
yes Intel(r) Performance Counter Monitor 
(2022-11-24 10:18:12 +0100 ID=1b16bb4e)Max CPUID level          : 
22


CPU model number         : 85
PCM Info: setrlimit for file limit 1000000 failed with error Operation not permitted

=====  Processor information  =====
Linux arch_perfmon flag  : yes
Hybrid processor         : no
IBRS and IBPB supported  : yes
STIBP supported          : yes
Spec arch caps supported : yes
Max CPUID level          : 22
CPU model number         : 85

 Intel(r) Performance Counter Monitor (2022-11-24 10:18:12 +0100 ID=1b16bb4e)


PCM Info: setrlimit for file limit 1000000 failed with error Operation not permitted

=====  Processor information  =====
Linux arch_perfmon flag  : yes
Hybrid processor         : no
IBRS and IBPB supported  : yes
STIBP supported          : yes
Spec arch caps supported : yes
Max CPUID level          : 22
CPU model number         : 85

 Intel(r) Performance Counter Monitor (2022-11-24 10:18:12 +0100 ID=1b16bb4e)


PCM Info: setrlimit for file limit 1000000 failed with error Operation not permitted

=====  Processor information  =====
Linux arch_perfmon flag  : yes

 Intel(r) Performance Counter Monitor 
Hybrid processor         : 
(2022-11-24 10:18:12 +0100 ID=1b16bb4e) Intel(r) Performance Counter Monitor Number of physical cores: no Intel(r) Performance Counter Monitor Number of physical cores: 
(2022-11-24 10:18:12 +0100 ID=1b16bb4e)Number of physical cores: 
16Number of physical cores: (2022-11-24 10:18:12 +0100 ID=1b16bb4e)
16
IBRS and IBPB supported  : 16
16



yes
Number of logical cores: 

Number of logical cores: 

Number of logical cores: 16PCM Info: setrlimit for file limit Number of logical cores: 
16STIBP supported          : 16
PCM Info: setrlimit for file limit 100000016

yes
PCM Info: setrlimit for file limit Number of online logical cores: 1000000 failed with error Number of online logical cores: Number of online logical cores: 16
Number of online logical cores: 100000016 failed with error 16Operation not permitted
Spec arch caps supported : 16 failed with error 
Operation not permitted

Threads (logical cores) per physical core: yes
Threads (logical cores) per physical core: Operation not permitted
Threads (logical cores) per physical core: 1
Threads (logical cores) per physical core: 1
=====  Processor information  =====

1
Max CPUID level          : 1

=====  Processor information  =====

Num sockets: 22
Num sockets: 
=====  Processor information  =====
Num sockets: 2
Num sockets: 22
CPU model number         : 2

Physical cores per socket: 85
Physical cores per socket: Physical cores per socket: 8
Physical cores per socket: 88
8

Linux arch_perfmon flag  : Last level cache slices per socket: 
Last level cache slices per socket: Last level cache slices per socket: yes0Last level cache slices per socket: 0Linux arch_perfmon flag  : 0

0

Core PMU (perfmon) version: Core PMU (perfmon) version: yes44

Hybrid processor         : 

Linux arch_perfmon flag  : Core PMU (perfmon) version: Core PMU (perfmon) version: Hybrid processor         : noNumber of core PMU generic (programmable) counters: Number of core PMU generic (programmable) counters: yes44no
88



IBRS and IBPB supported  : 

Hybrid processor         : Number of core PMU generic (programmable) counters: Number of core PMU generic (programmable) counters: IBRS and IBPB supported  : yesWidth of generic (programmable) counters: Width of generic (programmable) counters: no88yes
4848



STIBP supported          :  bits
 bits
IBRS and IBPB supported  : Width of generic (programmable) counters: Width of generic (programmable) counters: STIBP supported          : yesNumber of core PMU fixed counters: Number of core PMU fixed counters: yes4848yes
33
 bits
 bits

Spec arch caps supported : 

STIBP supported          : Number of core PMU fixed counters: Number of core PMU fixed counters: Spec arch caps supported : yesWidth of fixed counters: Width of fixed counters: yes33yes
4848



Max CPUID level          :  bits
 bits
Spec arch caps supported : Width of fixed counters: Width of fixed counters: Max CPUID level          : 22Nominal core frequency: Nominal core frequency: yes484822
21000000002100000000
 bits
 bits

CPU model number         :  Hz
 Hz
Max CPUID level          : Nominal core frequency: Nominal core frequency: CPU model number         : Number of physical cores: 85IBRS enabled in the kernel   : IBRS enabled in the kernel   : 222100000000210000000085
16nono
 Hz
 Hz




CPU model number         : IBRS enabled in the kernel   : IBRS enabled in the kernel   : Number of logical cores: STIBP enabled in the kernel  : STIBP enabled in the kernel  : 85nono16nono





STIBP enabled in the kernel  : STIBP enabled in the kernel  : Number of online logical cores: The processor is not susceptible to Rogue Data Cache Load: The processor is not susceptible to Rogue Data Cache Load: nono16nono




The processor is not susceptible to Rogue Data Cache Load: The processor is not susceptible to Rogue Data Cache Load: Threads (logical cores) per physical core: The processor supports enhanced IBRS                     : The processor supports enhanced IBRS                     : nono1nono




The processor supports enhanced IBRS                     : The processor supports enhanced IBRS                     : Num sockets: 
=====  Processor topology  =====

=====  Processor topology  =====
nono2OS_Processor    Thread_Id       Core_Id         Tile_Id         Package_Id      Core_Type   Native_CPU_Model
OS_Processor    Thread_Id       Core_Id         Tile_Id         Package_Id      Core_Type   Native_CPU_Model



0               0               
=====  Processor topology  =====

=====  Processor topology  =====
Physical cores per socket: 0               0               OS_Processor    Thread_Id       Core_Id         Tile_Id         Package_Id      Core_Type   Native_CPU_Model
OS_Processor    Thread_Id       Core_Id         Tile_Id         Package_Id      Core_Type   Native_CPU_Model
80               0               0               0               
0               0               0               0               Last level cache slices per socket: 0               0               0               0               0invalidinvalid0               0               
  0               0               Core PMU (perfmon) version:   invalidinvalid4    
    Number of core PMU generic (programmable) counters:     8     
    Width of generic (programmable) counters:     -1                48
    bits
1               -1                Number of core PMU fixed counters: 0               
-1              -1              31               1               


1               0               1               1               Width of fixed counters: 0               1               0               0               48invalid1               1               1                bits
 0               1               1               Nominal core frequency:  invalid0               0               2100000000  invalidinvalid Hz
    IBRS enabled in the kernel   :     no    
    STIBP enabled in the kernel  :     no    
-1                 The processor is not susceptible to Rogue Data Cache Load: 
   no2               -1                
0               
-1              -1              The processor supports enhanced IBRS                     : 2               2               

no2               0               2               2               
0               2               0               0               invalid2               
=====  Processor topology  =====
2               2                0               OS_Processor    Thread_Id       Core_Id         Tile_Id         Package_Id      Core_Type   Native_CPU_Model
2               2                invalid0               0               0                 0               invalidinvalid  0                   0                   0                   invalid            -1                  
    3               -1                 0               
 -1              -1              3               3                

3               0                3               3               0               3                0               0               invalid3               -1              3               3                0               
3               3                invalid1               0               0                 0               invalidinvalid  1                   1                   0                   invalid            -1                  
    4               -1                 0               
 -1              -1              4               4                

4               0                4               4               0               4                0               0               invalid4               -1              4               4                0               
4               4                invalid2               0               0                 0               invalidinvalid  2                   2                   0                   invalid            -1                  
    5               -1                 0               
 -1              -1              5               5                

5               0                5               5               0               5                0               0               invalid5               -1              5               5                0               
5               5                invalid3               0               0                 0               invalidinvalid  3                   3                   0                   invalid            -1                  
    6               -1                 0               
 -1              -1              6               6                

6               0                6               6               0               6                0               0               invalid6               -1              6               6                0               
6               6                invalid4               0               0                 0               invalidinvalid  4                   4                   0                   invalid            -1                  
    7               -1                 0               
 -1              -1              7               7                

7               0                7               7               0               7                0               0               invalid7               -1              7               7                0               
7               7                invalid5               0               0                 0               invalidinvalid  5                   5                   0                   invalid            -1                  
    8               -1                 0               
 -1              -1              0               8                

8               0                8               1               8               0                0               invalid0               8               -1              0                0               1               
8                8               invalid6               1                1                0               invalid invalid 6                   6                   0                   invalid           -1                  
    9                -1                0                
 -1              1               -1              9                
9               
0                9               1               9               1                0               invalid0               9               -1              1                1               1               
9                9               invalid7               1                1                0               invalid invalid 7                   7                   0                   invalid            -1                  
    10               -1                0               -1              
 -1              2               
10               
10              10              0                10              1               0               2                0               2               invalid10              2                10              1               -1              10               1               invalid
1                invalid 8               invalid   0                   0                   8                   1                   invalid      -1                  
    11               -1                0               -1              
 -1              3               
11               
11              11              0                11              1               0               3                0               invalid3               11               3                11              1               -1              11               1               invalid
1                invalid 9               invalid   0                   1                   9                   1                   invalid      -1                  
    12               -1                0               -1              
 -1              4               
12               
12              12              0                12              1               0               4                0               invalid4               12               4                12              1               -1              12               1               invalid
1                invalid 10              invalid   0                   2                   10                  1                   invalid      -1                  
    13               -1                0               -1              
 -1              5               
13               
13              13              0                13              1               0               5                0               invalid5               13               5                13              1               -1              13               1               invalid
1                invalid 11              invalid   0                   3                   11                  1                   invalid      -1                  
    14               -1                0               -1              
 -1              6               
14               
14              14              0                14              1               0               6                0               invalid6               14               6                14              1               -1              14               1               invalid
1                invalid 12              invalid   0                   4                   12                  1                   invalid      -1                  
    15               -1                0               -1              
 -1              7               
15               
15              15              0                15              1               0               7                0               invalid7               15               7                15              1               -1              15               1               invalid
1                invalid 13              invalid   0                   5                   13                  1                   invalid      -1                  
    =====  Placement on packages  =====
 -1                Package Id.    Core Id.     Processors
-1              
 -1              0              
=====  Placement on packages  =====
 
0=====  Placement on packages  =====
Package Id.    Core Id.     Processors
 =====  Placement on packages  =====
,Package Id.    Core Id.     Processors
0               Package Id.    Core Id.     Processors
10              0 0              ,0,-1              02,1
,,1,14              13,20               ,,2,6               24,314              ,,3,1               35,4invalid,,4, 46,5 ,,5, 57,6 ,
6, 61              ,7 ,07
 7,
1               
11              0 1              ,0,-1              02,1
,,1,15              13,20               ,,2,7               24,315              ,,3,1               35,4invalid,,4, 46,5 ,,5, 57,6 ,
6, 6
=====  Core/Tile sharing  =====
,7 ,Level      Processors
Core       7
 7(

=====  Core/Tile sharing  =====
 
0
=====  Core/Tile sharing  =====
Level      Processors
Core        
=====  Core/Tile sharing  =====
)Level      Processors
Core       (-1              Level      Processors
Core       ((0
(10)=====  Placement on packages  =====
0))(Package Id.    Core Id.     Processors
)((10              (21)01))(,)((21(32),2))(2)((3,(43)(34,3)4))(),(Number of physical cores: (5(55416)4,))
()6((Number of logical cores: 6(,6516)57))
()
((Number of online logical cores: 7(1              7616)60))
(),((Threads (logical cores) per physical core: 8(1871)7,))
()2((Num sockets: 9(,982)83))
(),((Physical cores per socket: 10(41098)9,))
()5((Last level cache slices per socket: 11(,11100)106))
(),((Core PMU (perfmon) version: 12(712114)11
))
()
=====  Core/Tile sharing  =====
((Number of core PMU generic (programmable) counters: 13(Level      Processors
Core       13128)12())
()0((Width of generic (programmable) counters: 14()141348)13()) bits
()1)((Number of core PMU fixed counters: 15((15143)142))

Tile / L2$ ))
Tile / L2$ (Width of fixed counters: ((((154801530) bits
))))
Tile / L2$ Nominal core frequency: (
Tile / L2$ (((21000000001(410 Hz
)0)))IBRS enabled in the kernel   : ()(((no2(521
)1)))STIBP enabled in the kernel  : ()(((no3(632
)2)))The processor is not susceptible to Rogue Data Cache Load: ()(((no4(743
)3)))The processor supports enhanced IBRS                     : ()(((no5(854
)4)))
=====  Processor topology  =====
()(((OS_Processor    Thread_Id       Core_Id         Tile_Id         Package_Id      Core_Type   Native_CPU_Model
6(9650               )5)))0               ()(((0               7(10760               )6)))0               ()(((invalid8(1187 )7))) ()((( 9(1298 )8))) ()((( 10(13109 )9))) ()((( 11(141110-1              )10)))
()(((1               12(1512110               )11)))1               ()
Tile / L2$ ((1               13((13120               )120))invalid())(( 14((1413 )131)) ())(( 15((1514 )142)) 
))
( 
((
15 Package thermal spec power: 153Package thermal spec power: ) 0))0
-1               Watt; 
( Watt; 

Package minimum power: 
4Package minimum power: Package thermal spec power: 2               0Package thermal spec power: )000                Watt; 0( Watt;  Watt; 2               Package maximum power:  Watt; 5Package maximum power: Package minimum power: 2               0Package minimum power: )000                Watt;
0( Watt;
 Watt; invalid Watt; 6Package maximum power:  Package maximum power: )0 0( Watt;
  Watt;
7 ) (  8 )
 (-1              
9

)3               
Can't open MCFG table. Check permission of (0               /sys/firmware/acpi/tables/MCFGCan't open MCFG table. Check permission of Can't open MCFG table. Check permission of 103               
/sys/firmware/acpi/tables/MCFG/sys/firmware/acpi/tables/MCFG)Can't open MCFG table. Check permission of 3               Can't open MCFG table. Check permission of 

(/sys/firmware/acpi/tables/MCFG0               /sys/firmware/acpi/tables/MCFG1Can't open MCFG table. Check permission of Can't open MCFG table. Check permission of 11
invalid
/sys/firmware/acpi/tables/MCFG1/sys/firmware/acpi/tables/MCFG1)Can't open MCFG table. Check permission of  Can't open MCFG table. Check permission of 

(/sys/firmware/acpi/tables/MCFG1 /pcm/sys/firmware/acpi/tables/MCFGCan't open MCFG table. Check permission of Can't open MCFG table. Check permission of 12
 
/pcm/sys/firmware/acpi/tables/MCFG/pcm/sys/firmware/acpi/tables/MCFG)Can't open MCFG table. Check permission of  Can't open MCFG table. Check permission of 

(/pcm/sys/firmware/acpi/tables/MCFG /pcm/sys/firmware/acpi/tables/MCFG1Can't open MCFG table. Check permission of Can't open MCFG table. Check permission of 13
 
/pcm/sys/firmware/acpi/tables/MCFG1/pcm/sys/firmware/acpi/tables/MCFG1)Can't open MCFG table. Check permission of  

(/pcm/sys/firmware/acpi/tables/MCFG1 WARNING: enumeration of devices in UncorePMUDiscovery failed
14
 )-1              (
WARNING: enumeration of devices in UncorePMUDiscovery failed
WARNING: enumeration of devices in UncorePMUDiscovery failed
154               WARNING: enumeration of devices in UncorePMUDiscovery failed
)0               
4               
4               Package thermal spec power: 0               invalid0  Watt; INFO: Linux perf interface to program uncore PMUs is  Package minimum power: INFO: Linux perf interface to program uncore PMUs is present
 INFO: Linux perf interface to program uncore PMUs is 0present
INFO: Linux perf interface to program uncore PMUs is INFO: using Linux perf interface to program uncore PMUs because env variable PCM_USE_UNCORE_PERF=1
  Watt; present
INFO: using Linux perf interface to program uncore PMUs because env variable PCM_USE_UNCORE_PERF=1
INFO: Secure Boot detected. Using Linux perf for uncore PMU programming.
present
 Package maximum power: INFO: using Linux perf interface to program uncore PMUs because env variable PCM_USE_UNCORE_PERF=1
INFO: Secure Boot detected. Using Linux perf for uncore PMU programming.
INFO: using Linux perf interface to program uncore PMUs because env variable PCM_USE_UNCORE_PERF=1
 0INFO: Secure Boot detected. Using Linux perf for uncore PMU programming.
INFO: Secure Boot detected. Using Linux perf for uncore PMU programming.
  Watt;
  -1              
5               0               5               5               0               invalid         -1              
6               0               6               6               0               invalid         -1              
7               0               7               7               0               invalid         -1              
8               0               0               8               1               invalid         -1              
9               0               1               9               
1               invalid         -1              
10              0               2               Can't open MCFG table. Check permission of 10              /sys/firmware/acpi/tables/MCFG1               
invalidCan't open MCFG table. Check permission of  /sys/firmware/acpi/tables/MCFG1 
 Can't open MCFG table. Check permission of  /pcm/sys/firmware/acpi/tables/MCFG 
 Can't open MCFG table. Check permission of  /pcm/sys/firmware/acpi/tables/MCFG1 
 -1              
11              0               3               11              1               invalid WARNING: enumeration of devices in UncorePMUDiscovery failed
        -1              
12              0               4               12              1               invalid         -1              
13              0               5               13              1               invalid         -1              
14              0               6               14              1               invalid         -1              
15              0               7               15              1               invalid         -1              
=====  Placement on packages  =====
Package Id.    Core Id.     Processors
0              0,1,2,3,4,5,6,7
1              0,1,2,3,4,5,6,7

=====  Core/Tile sharing  =====
Level      Processors
Core       (0)(1)(2)(3)(4)(5)(6)(7)(8)(9)(10)(11)(12)(13)(14)(15)
Tile / L2$ (0)(1)(2)(3)(4)(5)(6)(7)(8)(9)(10)(11)(12)(13)(14)(15)

Package thermal spec power: 0 Watt; Package minimum power: 0 Watt; Package maximum power: 0 Watt;

Can't open MCFG table. Check permission of /sys/firmware/acpi/tables/MCFG
Can't open MCFG table. Check permission of /sys/firmware/acpi/tables/MCFG1
Can't open MCFG table. Check permission of /pcm/sys/firmware/acpi/tables/MCFG
Can't open MCFG table. Check permission of /pcm/sys/firmware/acpi/tables/MCFG1
WARNING: enumeration of devices in UncorePMUDiscovery failed
INFO: Linux perf interface to program uncore PMUs is INFO: Linux perf interface to program uncore PMUs is present
present
INFO: using Linux perf interface to program uncore PMUs because env variable PCM_USE_UNCORE_PERF=1
INFO: Secure Boot detected. Using Linux perf for uncore PMU programming.
Socket INFO: using Linux perf interface to program uncore PMUs because env variable PCM_USE_UNCORE_PERF=1
INFO: Secure Boot detected. Using Linux perf for uncore PMU programming.
0: 2 memory controllers detected with total number of 6 channels. 2 UPI ports detected. 2 M2M (mesh to memory) blocks detected. 0 Home Agents detected. 2 M3UPI blocks detected.
Socket Socket 0Socket 0Number of physical cores: : 0: Number of physical cores: 162: 2
16 memory controllers detected with total number of 2 memory controllers detected with total number of Number of logical cores: 
6 memory controllers detected with total number of 616Number of logical cores:  channels. 6 channels. 
162 channels. 2Number of online logical cores: 
 2 16Number of online logical cores: UPI UPI
16 ports detected.UPI ports detected.Threads (logical cores) per physical core: 
  ports detected. 1Threads (logical cores) per physical core: 2 2
1 M2M (mesh to memory) blocks detected. 2 M2M (mesh to memory) blocks detected. Num sockets: 2
0 M2M (mesh to memory) blocks detected. 0
Num sockets:  Home Agents detected. 0 Home Agents detected. Physical cores per socket: 22 Home Agents detected. 28
 M3UPI blocks detected.
2 M3UPI blocks detected.

Physical cores per socket:  M3UPI blocks detected.
Last level cache slices per socket: 80

Last level cache slices per socket: Core PMU (perfmon) version: 04

Core PMU (perfmon) version: Number of core PMU generic (programmable) counters: 48

Number of core PMU generic (programmable) counters: Width of generic (programmable) counters: 848
 bits
Width of generic (programmable) counters: Number of core PMU fixed counters: 483 bits

Number of core PMU fixed counters: Width of fixed counters: 348
 bits
Width of fixed counters: Nominal core frequency: 482100000000 bits
 Hz
Nominal core frequency: IBRS enabled in the kernel   : 2100000000no Hz

IBRS enabled in the kernel   : STIBP enabled in the kernel  : nono

STIBP enabled in the kernel  : The processor is not susceptible to Rogue Data Cache Load: nono

The processor is not susceptible to Rogue Data Cache Load: The processor supports enhanced IBRS                     : nono

The processor supports enhanced IBRS                     : 
=====  Processor topology  =====
noOS_Processor    Thread_Id       Core_Id         Tile_Id         Package_Id      Core_Type   Native_CPU_Model

0               
=====  Processor topology  =====
0               OS_Processor    Thread_Id       Core_Id         Tile_Id         Package_Id      Core_Type   Native_CPU_Model
0               0               0               0               0               0               invalid0                0                invalid              -1               
 1               -1              0               
1               1               1               0               0               1               invalid1                0                invalid              -1               
 2               -1              0               
2               2               2               0               0               2               invalid2                0                invalid              -1               
 3               -1              0               
3               3               3               0               0               3               invalid3                0                invalid              -1               
 4               -1              0               
4               4               4               0               0               4               invalid4                0                invalid              -1               
 5               -1              0               
5               5               5               0               0               5               invalid5                0                invalid              -1               
 6               -1              0               
6               6               6               0               0               6               invalid6                0                invalid              -1               
 7               -1              0               
7               7               7               0               0               7               invalid7                0                invalid              -1               
 8               -1              0               
0               8               8               0               1               0               invalid8                1                invalid              -1               
 9               -1              0               
1               9               9               0               1               1               invalid9                1                invalid              -1               
 10              -1              0               
2               10              10              0               1               2               invalid10               1                invalid              -1               
 11              0               3               11              1               invalid   -1               
 11               0                3                11               1               -1              invalid
 12               0                4                12               1                invalid      -1               
 12               0                4                12               1               -1              invalid
 13               0                5                13               1                invalid      -1               
 13               0                5                13               1               -1              invalid
 14               0                6                14               1                invalid      -1               
 14               0                6                14               1               -1              invalid
 15              0                7                15               1                invalid        -1               
 15               0                7                15              -1              1               
invalid=====  Placement on packages  =====
  Package Id.    Core Id.     Processors
 0               0 , 1 , 2 ,-1              3
,=====  Placement on packages  =====
4Package Id.    Core Id.     Processors
,0              50,,61,,72
,1              30,,41,,52,,63,,74
,1              50,,61,,72
,
=====  Core/Tile sharing  =====
3Level      Processors
Core       ,(40,)5,(61,)7(
2
=====  Core/Tile sharing  =====
)Level      Processors
Core       ((30))((41))((52))((63))((74))((85))((96))((107))((118))((129))((1310))((1411))((1512))
Tile / L2$ ((130))((141))((152))
Tile / L2$ ((30))((41))((52))((63))((74))((85))((96))((107))((118))((129))((1310))((1411))((1512))
(
13)Package thermal spec power: (014 Watt; )Package minimum power: (015 Watt; )Package maximum power: 
0
 Watt;
Package thermal spec power: 0 Watt; Package minimum power: 0 Watt; Package maximum power: 0 Watt;


Can't open MCFG table. Check permission of /sys/firmware/acpi/tables/MCFG
Can't open MCFG table. Check permission of /sys/firmware/acpi/tables/MCFG1
Can't open MCFG table. Check permission of /pcm/sys/firmware/acpi/tables/MCFG
Can't open MCFG table. Check permission of /pcm/sys/firmware/acpi/tables/MCFG1
Can't open MCFG table. Check permission of /sys/firmware/acpi/tables/MCFG
Can't open MCFG table. Check permission of /sys/firmware/acpi/tables/MCFG1
WARNING: enumeration of devices in UncorePMUDiscovery failed
Can't open MCFG table. Check permission of /pcm/sys/firmware/acpi/tables/MCFG
Can't open MCFG table. Check permission of /pcm/sys/firmware/acpi/tables/MCFG1
WARNING: enumeration of devices in UncorePMUDiscovery failed
Socket 0Socket : 02:  memory controllers detected with total number of 26 memory controllers detected with total number of  channels. 62 channels.  2UPI ports detected.  UPI2 ports detected. M2M (mesh to memory) blocks detected.  02 Home Agents detected.  M2M (mesh to memory) blocks detected. 20 M3UPI blocks detected.
 Home Agents detected. 2 M3UPI blocks detected.
Socket 1: 2 memory controllers detected with total number of 6 channels. 2 UPI ports detected. 2 M2M (mesh to memory) blocks detected. 0 Home Agents detected. 2 M3UPI blocks detected.
INFO: Linux perf interface to program uncore PMUs is present
INFO: using Linux perf interface to program uncore PMUs because env variable PCM_USE_UNCORE_PERF=1
INFO: Secure Boot detected. Using Linux perf for uncore PMU programming.
INFO: Linux perf interface to program uncore PMUs is present
INFO: using Linux perf interface to program uncore PMUs because env variable PCM_USE_UNCORE_PERF=1
INFO: Secure Boot detected. Using Linux perf for uncore PMU programming.
Socket 1: 2 memory controllers detected with total number of 6 channels. 2 UPI ports detected. 2 M2M (mesh to memory) blocks detected. 0 Home Agents detected. 2 M3UPI blocks detected.
Socket Socket 11: : 22 memory controllers detected with total number of  memory controllers detected with total number of 66 channels.  channels. 22  UPIUPI ports detected. ports detected.  22 M2M (mesh to memory) blocks detected.  M2M (mesh to memory) blocks detected. 00 Home Agents detected.  Home Agents detected. 22 M3UPI blocks detected.
 M3UPI blocks detected.
Socket 1: 2 memory controllers detected with total number of 6 channels. 2 UPI ports detected. 2 M2M (mesh to memory) blocks detected. 0 Home Agents detected. 2 M3UPI blocks detected.
Socket 1: 2 memory controllers detected with total number of 6 channels. 2 UPI ports detected. 2 M2M (mesh to memory) blocks detected. 0 Home Agents detected. 2 M3UPI blocks detected.
Socket 0: 2 memory controllers detected with total number of 6 channels. 2 UPI ports detected. 2 M2M (mesh to memory) blocks detected. 0 Home Agents detected. 2 M3UPI blocks detected.
Socket 0: 2 memory controllers detected with total number of 6 channels. 2 UPI ports detected. 2 M2M (mesh to memory) blocks detected. 0 Home Agents detected. 2 M3UPI blocks detected.
Socket 1: 2 memory controllers detected with total number of 6 channels. 2 UPI ports detected. 2 M2M (mesh to memory) blocks detected. 0 Home Agents detected. 2 M3UPI blocks detected.
Socket 1: 2 memory controllers detected with total number of 6 channels. 2 UPI ports detected. 2 M2M (mesh to memory) blocks detected. 0 Home Agents detected. 2 M3UPI blocks detected.
INFO: using Linux resctrl driver for RDT metrics (L3OCC, LMB, RMB) because environment variable PCM_USE_RESCTRL=1
ERROR: /sys/fs/resctrl is not mounted
ERROR: RDT metrics (L3OCC,LMB,RMB) will not be available
Mount it to make it work: mount -t resctrl resctrl /sys/fs/resctrl

INFO: using Linux resctrl driver for RDT metrics (L3OCC, LMB, RMB) because environment variable PCM_USE_RESCTRL=1
ERROR: /sys/fs/resctrl is not mounted
ERROR: RDT metrics (L3OCC,LMB,RMB) will not be available
Mount it to make it work: mount -t resctrl resctrl /sys/fs/resctrl
 Closed perf event handles
Trying to use Linux perf events...

INFO: using Linux resctrl driver for RDT metrics (L3OCC, LMB, RMB) because environment variable PCM_USE_RESCTRL=1
ERROR: /sys/fs/resctrl is not mounted
ERROR: RDT metrics (L3OCC,LMB,RMB) will not be available
Mount it to make it work: mount -t resctrl resctrl /sys/fs/resctrl
INFO: using Linux resctrl driver for RDT metrics (L3OCC, LMB, RMB) because environment variable PCM_USE_RESCTRL=1
 Closed perf event handles
Trying to use Linux perf events...
ERROR: /sys/fs/resctrl is not mounted
ERROR: RDT metrics (L3OCC,LMB,RMB) will not be available
Mount it to make it work: mount -t resctrl resctrl /sys/fs/resctrl

 Closed perf event handles
Trying to use Linux perf events...

INFO: using Linux resctrl driver for RDT metrics (L3OCC, LMB, RMB) because environment variable PCM_USE_RESCTRL=1
ERROR: /sys/fs/resctrl is not mounted
ERROR: RDT metrics (L3OCC,LMB,RMB) will not be available
Mount it to make it work: mount -t resctrl resctrl /sys/fs/resctrl
 Closed perf event handles
Trying to use Linux perf events...
INFO: using Linux resctrl driver for RDT metrics (L3OCC, LMB, RMB) because environment variable PCM_USE_RESCTRL=1
ERROR: /sys/fs/resctrl is not mounted
ERROR: RDT metrics (L3OCC,LMB,RMB) will not be available
Mount it to make it work: mount -t resctrl resctrl /sys/fs/resctrl


 Closed perf event handles
Trying to use Linux perf events...
 Closed perf event handles
Trying to use Linux perf events...
INFO: using Linux resctrl driver for RDT metrics (L3OCC, LMB, RMB) because environment variable PCM_USE_RESCTRL=1
ERROR: /sys/fs/resctrl is not mounted
ERROR: RDT metrics (L3OCC,LMB,RMB) will not be available
Mount it to make it work: mount -t resctrl resctrl /sys/fs/resctrl
INFO: using Linux resctrl driver for RDT metrics (L3OCC, LMB, RMB) because environment variable PCM_USE_RESCTRL=1
ERROR: /sys/fs/resctrl is not mounted
ERROR: RDT metrics (L3OCC,LMB,RMB) will not be available
Mount it to make it work: mount -t resctrl resctrl /sys/fs/resctrl

 Closed perf event handles
Trying to use Linux perf events...

 Closed perf event handles
Trying to use Linux perf events...
Successfully programmed on-core PMU using Linux perf
Successfully programmed on-core PMU using Linux perf
Successfully programmed on-core PMU using Linux perf
Successfully programmed on-core PMU using Linux perf
Successfully programmed on-core PMU using Linux perf
Successfully programmed on-core PMU using Linux perf
Successfully programmed on-core PMU using Linux perf
Successfully programmed on-core PMU using Linux perf
Socket 0
Max UPI link 0 speed: 1.6 GBytes/second (0.7 GT/second)
Max UPI link 1 speed: 1.6 GBytes/second (0.7 GT/second)
Socket 1
Max UPI link 0 speed: 1.6 GBytes/second (0.7 GT/second)
Max UPI link 1 speed: 1.6 GBytes/second (0.7 GT/second)

Detected Intel(R) Xeon(R) Silver 4208 CPU @ 2.10GHz "Intel(r) microarchitecture codename Cascade Lake-SP" stepping 7

Executing "./VH/b_eff1/b_eff" command:
Socket 0
Max UPI link 0 speed: 1.2 GBytes/second (0.5 GT/second)
Max UPI link 1 speed: 1.2Socket  GBytes/second (00.5
 GT/second)
Max Socket UPI1 link 
0Max  speed: UPI link 0 speed: 1.3 GBytes/second (1.30.6 GBytes/second ( GT/second)
0.6Max  GT/second)
UPIMax  link UPI1 link  speed: 11.3 speed:  GBytes/second (1.30.6 GBytes/second ( GT/second)
0.6 GT/second)
Socket 
Detected 1
Intel(R) Xeon(R) Silver 4208 CPU @ 2.10GHzMax  "Intel(r) microarchitecture codename UPICascade Lake-SP link " stepping 07 speed: 
1.2 GBytes/second (0.5 GT/second)
Max UPI link 1 speed: 1.2 GBytes/second (0.5 GT/second)

Detected Intel(R) Xeon(R) Silver 4208 CPU @ 2.10GHz "Intel(r) microarchitecture codename Cascade Lake-SP" stepping 7

Executing "
Executing "./VH/b_eff1/b_eff./VH/b_eff1/b_eff" command:
" command:
Socket 0
Max UPI link 0 speed: 1.2 GBytes/second (0.5 GT/second)
Max UPI link 1 speed: 1.2 GBytes/second (0.5 GT/second)
Socket 1
Max UPI link 0 speed: 1.1 GBytes/second (0.5 GT/second)
Max UPI link 1 speed: 1.1 GBytes/second (0.5 GT/second)

Detected Intel(R) Xeon(R) Silver 4208 CPU @ 2.10GHz "Intel(r) microarchitecture codename Cascade Lake-SP" stepping 7

Executing "./VH/b_eff1/b_eff" command:
Socket 0
Max UPI link 0 speed: 1.1 GBytes/second (0.5 GT/second)
Max UPI link 1 speed: 1.1 GBytes/second (0.5 GT/second)
Socket 1
Max UPI link 0 speed: 1.2 GBytes/second (0.5 GT/second)
Max UPI link 1 speed: 1.2 GBytes/second (0.5 GT/second)

Detected Intel(R) Xeon(R) Silver 4208 CPU @ 2.10GHz "Intel(r) microarchitecture codename Cascade Lake-SP" stepping 7
Socket 0
Max 
Executing "UPI./VH/b_eff1/b_eff link " command:
0 speed: 1.4 GBytes/second (0.6 GT/second)
Max UPI link 1 speed: 1.4 GBytes/second (0.6 GT/second)
Socket 1
Max UPI link 0 speed: 1.2 GBytes/second (0.6 GT/second)
Max UPI link 1 speed: 1.2 GBytes/second (0.6 GT/second)

Detected Intel(R) Xeon(R) Silver 4208 CPU @ 2.10GHz "Intel(r) microarchitecture codename Cascade Lake-SP" stepping 7

Executing "./VH/b_eff1/b_eff" command:
Socket 0
Max UPI link 0 speed: 1.3 GBytes/second (0.6 GT/second)
Max UPI link 1 speed: 1.3 GBytes/second (0.6 GT/second)
Socket 1
Max UPI link 0 speed: 1.6 GBytes/second (0.7 GT/second)
Max UPI link 1 speed: 1.6 GBytes/second (0.7 GT/second)

Detected Intel(R) Xeon(R) Silver 4208 CPU @ 2.10GHz "Intel(r) microarchitecture codename Cascade Lake-SP" stepping 7

Executing "./VH/b_eff1/b_eff" command:
Socket 0
Max UPI link 0 speed: 1.5 GBytes/second (0.7 GT/second)
Max UPI link 1 speed: 1.5 GBytes/second (0.7 GT/second)
Socket 1
Max UPI link 0 speed: 1.2 GBytes/second (0.5 GT/second)
Max UPI link 1 speed: 1.2 GBytes/second (0.5 GT/second)

Detected Intel(R) Xeon(R) Silver 4208 CPU @ 2.10GHz "Intel(r) microarchitecture codename Cascade Lake-SP" stepping 7

Executing "./VH/b_eff1/b_eff" command:
b_eff =   5790.512 MB/s = 723.814 *   8 PEs with 256 MB/PE on Linux muffin 4.18.0-477.15.1.el8_8.x86_64 #1 SMP Wed Jun 28 15:04:18 UTC 2023 x86_64
DEBUG: caught signal to interrupt (Child exited).
Cleaning up
 Closed perf event handles
DEBUG: caught signal to interrupt (Child exited).
Cleaning up
 Closed perf event handles
DEBUG: caught signal to interrupt (Child exited).
Cleaning up
DEBUG: caught signal to interrupt ( Closed perf event handles
DEBUG: caught signal to interrupt (DEBUG: caught signal to interrupt (Child exitedDEBUG: caught signal to interrupt ().
Child exited).
Child exitedChild exitedCleaning up
DEBUG: caught signal to interrupt (Cleaning up
).
).
Cleaning up
Cleaning up
Child exited).
Cleaning up
 Closed perf event handles
 Closed perf event handles
 Closed perf event handles
 Closed perf event handles
 Closed perf event handles
 Zeroed uncore PMU registers
 Zeroed uncore PMU registers
 Zeroed uncore PMU registers
 Zeroed uncore PMU registers
 Zeroed uncore PMU registers
 Zeroed uncore PMU registers
 Zeroed uncore PMU registers
 Zeroed uncore PMU registers
	Command being timed: "mpirun -vh -np 8 /usr/sbin/pcm 0.1 -csv=./output/0/vh_b_eff_VH_0.csv -- ./VH/b_eff1/b_eff"
	User time (seconds): 4.15
	System time (seconds): 3.49
	Percent of CPU this job got: 11%
	Elapsed (wall clock) time (h:mm:ss or m:ss): 1:07.77
	Average shared text size (kbytes): 0
	Average unshared data size (kbytes): 0
	Average stack size (kbytes): 0
	Average total size (kbytes): 0
	Maximum resident set size (kbytes): 141580
	Average resident set size (kbytes): 0
	Major (requiring I/O) page faults: 2
	Minor (reclaiming a frame) page faults: 5235
	Voluntary context switches: 113291
	Involuntary context switches: 6051
	Swaps: 0
	File system inputs: 0
	File system outputs: 39952
	Socket messages sent: 0
	Socket messages received: 0
	Signals delivered: 0
	Page size (bytes): 4096
	Exit status: 0
----------------------- Start VH b_eff 2024-03-18_15-29-08 -----------------------

 Intel(r) Performance Counter Monitor (2022-11-24 10:18:12 +0100 ID=1b16bb4e)


PCM Info: setrlimit for file limit 1000000 failed with error Operation not permitted

=====  Processor information  =====

 Intel(r) Performance Counter Monitor 
(2022-11-24 10:18:12 +0100 ID=1b16bb4e)
 Intel(r) Performance Counter Monitor 
 Intel(r) Performance Counter Monitor (2022-11-24 10:18:12 +0100 ID=1b16bb4e)
(2022-11-24 10:18:12 +0100 ID=1b16bb4e)






PCM Info: setrlimit for file limit 1000000 failed with error Operation not permitted
PCM Info: setrlimit for file limit PCM Info: setrlimit for file limit 10000001000000 failed with error  failed with error 
=====  Processor information  =====
Operation not permittedOperation not permitted


=====  Processor information  =====

=====  Processor information  =====

 Intel(r) Performance Counter Monitor (2022-11-24 10:18:12 +0100 ID=1b16bb4e)


PCM Info: setrlimit for file limit 1000000 failed with error Operation not permitted

=====  Processor information  =====

 Intel(r) Performance Counter Monitor 
(2022-11-24 10:18:12 +0100 ID=1b16bb4e) Intel(r) Performance Counter Monitor 

(2022-11-24 10:18:12 +0100 ID=1b16bb4e) Intel(r) Performance Counter Monitor 

(2022-11-24 10:18:12 +0100 ID=1b16bb4e)




PCM Info: setrlimit for file limit 
1000000 failed with error PCM Info: setrlimit for file limit Operation not permittedPCM Info: setrlimit for file limit 1000000
1000000 failed with error  failed with error Operation not permittedOperation not permitted


=====  Processor information  =====

=====  Processor information  =====

=====  Processor information  =====
Linux arch_perfmon flag  : yesLinux arch_perfmon flag  : 
yesLinux arch_perfmon flag  : Hybrid processor         : 
noyesHybrid processor         : 

noIBRS and IBPB supported  : Hybrid processor         : 
yesnoIBRS and IBPB supported  : 

yesSTIBP supported          : IBRS and IBPB supported  : 
yesyesSTIBP supported          : 

yesSpec arch caps supported : STIBP supported          : 
yesyesSpec arch caps supported : 

yesMax CPUID level          : Spec arch caps supported : 
22yesMax CPUID level          : 
CPU model number         : 85
22
Max CPUID level          : 
22CPU model number         : 
85CPU model number         : 
85
Number of physical cores: 16
Number of logical cores: 16
Number of online logical cores: 16
Threads (logical cores) per physical core: 1
Num sockets: 2
Physical cores per socket: 8
Last level cache slices per socket: 0
Number of physical cores: Number of physical cores: 16Core PMU (perfmon) version: 
164
Number of core PMU generic (programmable) counters: Number of logical cores: 8

16Number of logical cores: Width of generic (programmable) counters: 
1648Number of online logical cores: 
 bits
16Number of online logical cores: 16
Threads (logical cores) per physical core: 1
Num sockets: 2
Physical cores per socket: 8
Last level cache slices per socket: 0
Core PMU (perfmon) version: 4
Number of core PMU generic (programmable) counters: 8
Width of generic (programmable) counters: 48 bits
Number of core PMU fixed counters: 3
Width of fixed counters: 48 bits
Nominal core frequency: 2100000000 Hz
IBRS enabled in the kernel   : no
STIBP enabled in the kernel  : no
The processor is not susceptible to Rogue Data Cache Load: no
The processor supports enhanced IBRS                     : no

=====  Processor topology  =====
OS_Processor    Thread_Id       Core_Id         Tile_Id         Package_Id      Core_Type   Native_CPU_Model
0               0               0               0               0               invalid         -1              
1               0               1               1               0               invalid         -1              
2               0               2               2               0               invalid         -1              
3               0               3               3               0               invalid        
 -1              Number of core PMU fixed counters: Threads (logical cores) per physical core: 
Linux arch_perfmon flag  : 3Linux arch_perfmon flag  : 14               Linux arch_perfmon flag  : yesLinux arch_perfmon flag  : 
yesLinux arch_perfmon flag  : 
0               yes
yesWidth of fixed counters: 
Num sockets: 4               yes
Hybrid processor         : 
48Hybrid processor         : 24               
Hybrid processor         : noHybrid processor         :  bits
no
0               Hybrid processor         : no
IBRS and IBPB supported  : yes
noNominal core frequency: 
Physical cores per socket: invalidno
IBRS and IBPB supported  : 
2100000000IBRS and IBPB supported  : 8 
STIBP supported          : yes
IBRS and IBPB supported  : STIBP supported          : yes Hz
yesIBRS enabled in the kernel   : 

no STIBP supported          : Last level cache slices per socket: IBRS and IBPB supported  : 
 yesyesyes0
STIBP enabled in the kernel  : yes 



STIBP supported          : no
  Spec arch caps supported : Spec arch caps supported : Spec arch caps supported : Core PMU (perfmon) version: yes
STIBP supported          :   yesyesyes4
The processor is not susceptible to Rogue Data Cache Load: yes 



Spec arch caps supported : no

-1              Max CPUID level          : Max CPUID level          : Max CPUID level          : 22Number of core PMU generic (programmable) counters: 
8CPU model number         : yes
85The processor supports enhanced IBRS                     : noSpec arch caps supported : 
yes

=====  Processor topology  =====
22
225               
OS_Processor    Thread_Id       Core_Id         Tile_Id         Package_Id      Core_Type   Native_CPU_Model

Width of generic (programmable) counters: Max CPUID level          : 

0               Max CPUID level          : 0               CPU model number         : 4822CPU model number         : 5               220               85 bits

855               
0               
Number of core PMU fixed counters: CPU model number         : 
0               CPU model number         : 0               385invalid850               

   
 invalid  Width of fixed counters:   48    bits
 -1              Nominal core frequency:  
2100000000 6                Hz
 0               IBRS enabled in the kernel   :  6               no 6               
 0               STIBP enabled in the kernel  : -1              invalid    no
 
1                  The processor is not susceptible to Rogue Data Cache Load: 0                no1               -1              
1               
The processor supports enhanced IBRS                     : 0               7               noinvalid0               
 7                
=====  Processor topology  =====
7                OS_Processor    Thread_Id       Core_Id         Tile_Id         Package_Id      Core_Type   Native_CPU_Model
0                0               invalid 0                 0                 0                 0                 invalid -1                
   2                  0                  2                 -1              2               -1              
0               
8               invalid1               0                0               0                1               8                1               1                0               invalid invalid                  -1              -1               

  3               2                0               0               -1              3               2               
3               2               9               0               0               0               invalidinvalid 1                   9                    1                   invalid-1               Number of physical cores:  
Number of physical cores:  Number of physical cores:  163               16  16
0               
  
Number of logical cores: 3               Number of logical cores: -1               Number of logical cores: 163               16
 16
0               
4                
Number of online logical cores: invalidNumber of online logical cores: 0                Number of online logical cores: 16  164                16
  
4               -1              
Threads (logical cores) per physical core:   Threads (logical cores) per physical core: 0               
Threads (logical cores) per physical core: 1  1invalid10              1
 
 0               
Num sockets: -1              Num sockets:  2               Num sockets: 2
2 10              2
4               
 1               
Physical cores per socket: 0               Physical cores per socket:  invalidPhysical cores per socket: 84               8  8
4               
  
Last level cache slices per socket: 0               Last level cache slices per socket:   Last level cache slices per socket: 0invalid    0  0
 
-1               
Core PMU (perfmon) version:    Core PMU (perfmon) version: 
 Core PMU (perfmon) version: 4 45                4
-1              
0                
Number of core PMU generic (programmable) counters: 
Number of core PMU generic (programmable) counters: 5                Number of core PMU generic (programmable) counters: 85               0               8
Width of generic (programmable) counters: 48 bits
Number of core PMU fixed counters: 3
5               Width of fixed counters: -1              488

Width of generic (programmable) counters: Width of generic (programmable) counters: Number of physical cores: 4848Number of physical cores:  bits
165                bits
Number of core PMU fixed counters: 0               16

Number of core PMU fixed counters: 5               3invalidNumber of logical cores: 311              0               
 16
0               invalidWidth of fixed counters:  
Width of fixed counters: 3                48 Number of online logical cores: 4811                bits
 16 bits
1                Nominal core frequency:  
Nominal core frequency: invalid 2100000000 Threads (logical cores) per physical core: 2100000000   Hz
 1 Hz
  IBRS enabled in the kernel   :  
IBRS enabled in the kernel   :   no Num sockets: no  
-1               bits
Nominal core frequency: 22100000000

 Hz
Physical cores per socket:  STIBP enabled in the kernel  : IBRS enabled in the kernel   :  8 STIBP enabled in the kernel  : nonono
-1               


Last level cache slices per socket: 
 The processor is not susceptible to Rogue Data Cache Load: The processor is not susceptible to Rogue Data Cache Load: STIBP enabled in the kernel  : 06                nonono
0               -1              


Core PMU (perfmon) version: 6               
The processor supports enhanced IBRS                     : The processor supports enhanced IBRS                     : The processor is not susceptible to Rogue Data Cache Load: 46               12              nonono
0               0               


Number of core PMU generic (programmable) counters: invalid4               
=====  Processor topology  =====

=====  Processor topology  =====
The processor supports enhanced IBRS                     : 8 12              OS_Processor    Thread_Id       Core_Id         Tile_Id         Package_Id      Core_Type   Native_CPU_Model
OS_Processor    Thread_Id       Core_Id         Tile_Id         Package_Id      Core_Type   Native_CPU_Model
no
 1               0               0               
Width of generic (programmable) counters:  invalid0               
0               
0               Number of logical cores: 0               0               6               
=====  Processor topology  =====
16OS_Processor    Thread_Id       Core_Id         Tile_Id         Package_Id      Core_Type   Native_CPU_Model
0               invalid0               48
0                0                6               Number of online logical cores:  bits
0                0                6               16Number of core PMU fixed counters: 0                invalid 0               
30                  invalidThreads (logical cores) per physical core: 
0                   1Width of fixed counters: invalid    
48 -1                 Num sockets: 2 
    
 bits
  7                0                 7                   7               -1              Physical cores per socket:   Nominal core frequency:  0                
8   2100000000invalid 1               
-1              -1                Hz
  0               Last level cache slices per socket: 

 IBRS enabled in the kernel   :   1               01               -1              1               no  1               
0               
0               
  0               Core PMU (perfmon) version: 1               7               1               STIBP enabled in the kernel  :   invalid41               0               1               no   
0               7               0               
   Number of core PMU generic (programmable) counters: -1              
invalid 13              7                0               invalid0               The processor is not susceptible to Rogue Data Cache Load:   5                 invalid8no    13                 

   -1              1                  Width of generic (programmable) counters: The processor supports enhanced IBRS                     : -1              
invalid   48no
8                    bits

2               0                   Number of core PMU fixed counters: 
=====  Processor topology  =====
0               0                -1                 3 
OS_Processor    Thread_Id       Core_Id         Tile_Id         Package_Id      Core_Type   Native_CPU_Model
 Width of fixed counters: 2               0               8               -1               48
2                0               1               
  bits
2               0                0               invalid8                Nominal core frequency: 0               invalid-1              0                0                 2100000000 2                Hz
 -1              
2               IBRS enabled in the kernel   : 0                 
2               0               0               noinvalid      14              0               invalid8               
    0               2                1               STIBP enabled in the kernel  :  -1               6               2                invalidno 
 14              0                 
 3                1               invalid  The processor is not susceptible to Rogue Data Cache Load:  0                invalid   no  3                3                  0                -1               -1                invalid 
 
    9                1                   0                0                   1               
The processor supports enhanced IBRS                     : -1              no1               

 1                3               
=====  Processor topology  =====
 0                0               OS_Processor    Thread_Id       Core_Id         Tile_Id         Package_Id      Core_Type   Native_CPU_Model
   invalid9                3               0                   1                3               0               -1              -1                invalid 0               0               

-1                 invalid0               9               15              
  -1               0               0               0               3                 
 invalid1               7               0                 4                 9               15              1               3               invalid 3                 0                 0                  4                 invalid   4               -1                   0               
     invalid2                 -1                 0                 
   2               -1               10                 2               
 0                  0               4                2               1               invalid-1               
-1                1               invalid
0                  0               10               =====  Placement on packages  =====
4                  1               1                 Package Id.    Core Id.     Processors
4               0               invalid         -1              
5               0               5               5               0               invalid         -1              
6               0               6               6               0               invalid         -1              
7               0               7               7               0               invalid     -1               -1              1               
invalid  
0               0              4                   5               invalid00                   0                ,4                   5                14                   5                ,0                 -1               0                2invalid -1              
-1              invalid   ,   
8               10              
      3   -1               ,0                 0               
2               3                40                     2               10              0               -1              ,8                -1              0               1               3               
51               -1              
2               invalid3               11              ,invalid
5               2                0               0               3               11              6 6               0               0                invalid1               , 0               5               invalid   invalid  7   
6                 5                 1               6                 0                     0 0                 invalid-1               , invalid   
 1,     9                2,  -1                0                3  
  1                ,-1               4               -1               9                4,
511              , 0               60                
3               , 4               1                 12              11              7 4               invalid -1              0               1               
 0                 
4               invalid
=====  Core/Tile sharing  =====
 invalid -1              3               12                Level      Processors
Core       (0)1               -1               ( invalid 

 10                  6                7               )(2)(3)(3                      0                0               43                 -1              6                7               )0                 
6                7               (invalid  10              0                0               5   0               invalid-1              invalid)   2                
 (   10               12               6 -1               1                0                ) 
-1              invalid  4                ( 5               
      12               7 0               13                 1                ) 5               0                 invalid ( 5               0               5               invalid13              -1               1                
  invalid  11               8  -1              -1               0               3                )  

-1              11               (  4               7               
1                9  0               0               8               invalid )  4               7               0                 (  4               7               0                   10  0               0               8                 -1              )  invalidinvalid1                  
(-1                 invalid-1              6               11
-1                 
0               )13              
   12              6               (0               14                 0               6               125               0                  4               0               )13              6                  12              invalid(1               14                 1                13invalid1                  invalid ) invalid         (  -1              -1                   14  

-1                )  5               8               
-1               (  0               0               9               
 15  5               0               0               13               )  5               8               1               0                -1              
Tile / L2$ 
 (7                 00               0                1               -1              9               )invalid5               7                13              invalid
1               ( 7               -1              
15              0               7               15              1               invalid         -1              
=====  Placement on packages  =====
Package Id.    Core Id.     Processors
0              0,1,2,3,4,5,6,7
1              0,1,2,3,4,5,6,7

=====  Core/Tile sharing  =====
Level      Processors
Core       (0)(1)(2)(3)(4)(5)(6)(7)(8)(9)(10)(11)(12)(13)(14)(15)
Tile / L2$ (0)(1)(2)(3)(4)(5)(6)(7)(8)(9)(10)(11)(12)(13)(14)(15)

Package thermal spec power: 0 Watt; Package minimum power: 0 Watt; Package maximum power: 0 Watt;
1                14              invalid1 0               invalid  0                )  invalid  6                (         14                1                2 
invalid -1              )         -1              
( Can't open MCFG table. Check permission of    
6               3 /sys/firmware/acpi/tables/MCFG   -1              9               0               ) 
   
0               6               ( Can't open MCFG table. Check permission of   1               14              6               4 /sys/firmware/acpi/tables/MCFG1-1               9               0               0               ) 

 1               6               invalid( Can't open MCFG table. Check permission of 10              -1              invalid14               5-1              /pcm/sys/firmware/acpi/tables/MCFG0               
 1                )

2               15               invalid (8               Can't open MCFG table. Check permission of 10              0                  60               /pcm/sys/firmware/acpi/tables/MCFG11               7                  )0               
invalid15                 (8                1                   WARNING: enumeration of devices in UncorePMUDiscovery failed
 -1              7
1               ) 7               invalidinvalid(  0                   8  7                   )  7                   ( -1              0                  9 
invalid    ) 10                -1              -1              ( 0                      
 
15              10-1              =====  Placement on packages  =====
-1              2               
 10              11              INFO: Linux perf interface to program uncore PMUs is  1               0               0               )present
 
invalid7               Package Id.    Core Id.     Processors
3               (INFO: using Linux perf interface to program uncore PMUs because env variable PCM_USE_UNCORE_PERF=1
-1               9               15              0              11              11INFO: Secure Boot detected. Using Linux perf for uncore PMU programming.

 0               1               01               )8                1               invalid,invalid(0                9                 1 120                 1                 , )8                 invalid  2  ( 1               13  invalid ) -1              ,     ( 
3   14) 11              ,    (-1              0               4-1                 15
3               ,
  )=====  Placement on packages  =====
11              512              -1               
Package Id.    Core Id.     Processors
1               ,0               
 
Package thermal spec power: 0 Watt; Package minimum power: 0 Watt; Package maximum power: 0 Watt;
Socket 0: 2 memory controllers detected with total number of 6 channels. 2 UPI ports detected. 2 M2M (mesh to memory) blocks detected. 0 Home Agents detected. 2 M3UPI blocks detected.

0              Can't open MCFG table. Check permission of /sys/firmware/acpi/tables/MCFGinvalid06
 4               12              9               1               invalid0                 1               , ,-1              Can't open MCFG table. Check permission of 9                1 7
/sys/firmware/acpi/tables/MCFG11                , 
10              
invalid 2 1              0               Can't open MCFG table. Check permission of       , 02               10              1               /pcm/sys/firmware/acpi/tables/MCFG   3 ,invalid
    -1              
12              0               4               12              1               invalid         -1              
13              0               5               13              1               invalid         -1              
14              0               6               14              1               invalid         -1              
15              0               7               15              1               invalid         -1              
=====  Placement on packages  =====
Package Id.    Core Id.     Processors
0              0,1,2,, 341  ,Can't open MCFG table. Check permission of , ,-1                4/pcm/sys/firmware/acpi/tables/MCFG15-1              2
 13               ,0               
 5
5               , ,,10              Socket 13              WARNING: enumeration of devices in UncorePMUDiscovery failed
3  -1              
11              0               3               11              1               invalid         -1              
12              0               4               12              1               6invalid0               , 12               71                : ,10              6
INFO: Linux perf interface to program uncore PMUs is invalid 241               1              ,present
    memory controllers detected with total number of ,invalid07INFO: using Linux perf interface to program uncore PMUs because env variable PCM_USE_UNCORE_PERF=1
   65  ,
INFO: Secure Boot detected. Using Linux perf for uncore PMU programming.
    channels. ,  11               -1              26  ,0 
 ,7 
2 
=====  Core/Tile sharing  =====
,,  Level      Processors
Core       13              3UPI1  -1              (,0                ports detected., 
045                2-1              11              ),13              2,
0               (51                M2M (mesh to memory) blocks detected. 314              3               1,invalid0,0               6               11              )6  Home Agents detected. 414              1               (, 2,1               invalid27  M3UPI blocks detected.
5invalid     )  
  (, 
=====  Core/Tile sharing  =====
   36 Level      Processors
Core          ), (-1               (7 0
 4
 )15               )
=====  Core/Tile sharing  =====
 (0               -1              (Level      Processors
Core       -1              17               
5(
)15              14              )012              (1               0               ()0               2invalid    6               6(4               )  14              )112              (  1               ()1               3 invalid 7 )( invalid()2-1                Socket 8()
     0)4(=====  Placement on packages  =====
  : ()3Package Id.    Core Id.     Processors
-1               29()0              
  memory controllers detected with total number of )5(015               6()4,0                   channels. 10()17               -1              2)6(,15              
 ()5)2(,1               6313              invalid)UPI,11 0               (( ports detected.4)(12) 5               13              1               invalid         -1              
14              0               6               14              1               invalid         -1              
15              0               7               15              1               invalid         -1              
=====  Placement on packages  =====
Package Id.    Core Id.     Processors
0              0,1,2,3,4,5,6,7
1              0,1,2,3,4,5,6,7

=====  Core/Tile sharing  =====
Level      Processors
Core       (0)(1)(2)(37)) (,(4(25 8)137 M2M (mesh to memory) blocks detected. , )())06 (5(( Home Agents detected. , 9)14827 )()) M3UPI blocks detected.

 (6((1               10)1590-1              )()),
(7
Tile / L2$ (101)=====  Placement on packages  =====
,11()Package Id.    Core Id.     Processors
2)(110()0              ),8((012(3)12,)1,()1()49),213((,(,)2513103(),)),14(6((4)3,1411,()7))515(

=====  Core/Tile sharing  =====
(Level      Processors
Core       ((15,012))6)
Tile / L2$ (,((17130)
))(1              ((20141),))(1((3,152)2))(,
Tile / L2$ (43(3),0)(4)(5,(4)51)(,)(66(5),2)(7)(7
(36)4
Tile / L2$ ))((
=====  Core/Tile sharing  =====
(0)58Socket Level      Processors
Core       ))())(1((4((0: 17)69)2))())( memory controllers detected with total number of ((5((1628)710) channels. ))())(2((6((112)) (3(9UPI)12)83) ports detected.()())( 7(4((102)13)94) M2M (mesh to memory) blocks detected. ()())(08(5((11) Home Agents detected. )14)105(2()())12 M3UPI blocks detected.
9)((15610)()())
Tile / L2$ 11(6((()7)11130()()))12(7((()8)12141()()))13(8((()9)13152()()))14(9(INFO: using Linux resctrl driver for RDT metrics (L3OCC, LMB, RMB) because environment variable PCM_USE_RESCTRL=1


(ERROR: /sys/fs/resctrl is not mounted
Package thermal spec power: )310ERROR: RDT metrics (L3OCC,LMB,RMB) will not be available
)014())Mount it to make it work: mount -t resctrl resctrl /sys/fs/resctrl
( Watt; )15((10Package minimum power: ()411)015
))( Watt; )
((11Package maximum power: 
5Package thermal spec power: 12)0
)0)( Watt;
(Package thermal spec power:  Watt; (1260Package minimum power: 13)) Watt; 0)((Package minimum power:  Watt; (1370Package maximum power: 14)) Watt; 0)((Package maximum power:  Watt;
(148015)) Watt;
)((
159
))
Tile / L2$ Package thermal spec power: ((0100 Watt; ))Package minimum power: ((0111 Watt; ))Package maximum power: ((0122
 Watt;
))((133))Can't open MCFG table. Check permission of ((/sys/firmware/acpi/tables/MCFG144
))Can't open MCFG table. Check permission of ((/sys/firmware/acpi/tables/MCFG1155
))Can't open MCFG table. Check permission of /pcm/sys/firmware/acpi/tables/MCFG

(

6Can't open MCFG table. Check permission of )Package thermal spec power: 
/pcm/sys/firmware/acpi/tables/MCFG1(0Can't open MCFG table. Check permission of 
7 Watt; )/sys/firmware/acpi/tables/MCFGPackage minimum power: (Can't open MCFG table. Check permission of 0WARNING: enumeration of devices in UncorePMUDiscovery failed

8
 Watt; /sys/firmware/acpi/tables/MCFGCan't open MCFG table. Check permission of )Package maximum power: 
/sys/firmware/acpi/tables/MCFG1(0Can't open MCFG table. Check permission of 

Can't open MCFG table. Check permission of 9 Watt;
/sys/firmware/acpi/tables/MCFG1Can't open MCFG table. Check permission of /sys/firmware/acpi/tables/MCFG)
/pcm/sys/firmware/acpi/tables/MCFG
(Can't open MCFG table. Check permission of 
Can't open MCFG table. Check permission of 10/pcm/sys/firmware/acpi/tables/MCFGCan't open MCFG table. Check permission of /sys/firmware/acpi/tables/MCFG1)
/pcm/sys/firmware/acpi/tables/MCFG1
(Can't open MCFG table. Check permission of 
Can't open MCFG table. Check permission of 11/pcm/sys/firmware/acpi/tables/MCFG1/pcm/sys/firmware/acpi/tables/MCFG)

(Can't open MCFG table. Check permission of 12WARNING: enumeration of devices in UncorePMUDiscovery failed
/pcm/sys/firmware/acpi/tables/MCFG1)
(13WARNING: enumeration of devices in UncorePMUDiscovery failed
)(14)(15WARNING: enumeration of devices in UncorePMUDiscovery failed
)


INFO: Linux perf interface to program uncore PMUs is Package thermal spec power: present
 Closed perf event handles
0INFO: using Linux perf interface to program uncore PMUs because env variable PCM_USE_UNCORE_PERF=1
INFO: Linux perf interface to program uncore PMUs is Can't open MCFG table. Check permission of Trying to use Linux perf events...
 Watt; INFO: Secure Boot detected. Using Linux perf for uncore PMU programming.
present
/sys/firmware/acpi/tables/MCFGPackage minimum power: 0INFO: using Linux perf interface to program uncore PMUs because env variable PCM_USE_UNCORE_PERF=1

 Watt; INFO: Secure Boot detected. Using Linux perf for uncore PMU programming.
Can't open MCFG table. Check permission of Package maximum power: /sys/firmware/acpi/tables/MCFG10
 Watt;
Can't open MCFG table. Check permission of /pcm/sys/firmware/acpi/tables/MCFG
Can't open MCFG table. Check permission of /pcm/sys/firmware/acpi/tables/MCFG1
WARNING: enumeration of devices in UncorePMUDiscovery failed

Can't open MCFG table. Check permission of /sys/firmware/acpi/tables/MCFG
Can't open MCFG table. Check permission of /sys/firmware/acpi/tables/MCFG1
Can't open MCFG table. Check permission of /pcm/sys/firmware/acpi/tables/MCFG
Can't open MCFG table. Check permission of /pcm/sys/firmware/acpi/tables/MCFG1
WARNING: enumeration of devices in UncorePMUDiscovery failed
INFO: Linux perf interface to program uncore PMUs is present
INFO: using Linux perf interface to program uncore PMUs because env variable PCM_USE_UNCORE_PERF=1
INFO: Secure Boot detected. Using Linux perf for uncore PMU programming.
INFO: Linux perf interface to program uncore PMUs is present
INFO: using Linux perf interface to program uncore PMUs because env variable PCM_USE_UNCORE_PERF=1
INFO: Secure Boot detected. Using Linux perf for uncore PMU programming.
INFO: Linux perf interface to program uncore PMUs is present
INFO: using Linux perf interface to program uncore PMUs because env variable PCM_USE_UNCORE_PERF=1
INFO: Secure Boot detected. Using Linux perf for uncore PMU programming.
INFO: Linux perf interface to program uncore PMUs is present
INFO: using Linux perf interface to program uncore PMUs because env variable PCM_USE_UNCORE_PERF=1
INFO: Secure Boot detected. Using Linux perf for uncore PMU programming.
Socket 0Socket 0Socket : 20 memory controllers detected with total number of : : 622 channels.  memory controllers detected with total number of  memory controllers detected with total number of 266  channels.  channels. UPI22 ports detected.   UPIUPI2 ports detected. ports detected. M2M (mesh to memory) blocks detected.   022 Home Agents detected.  M2M (mesh to memory) blocks detected.  M2M (mesh to memory) blocks detected. 200 M3UPI blocks detected.
 Home Agents detected.  Home Agents detected. 22 M3UPI blocks detected.
 M3UPI blocks detected.
Socket 0: 2 memory controllers detected with total number of 6 channels. 2 UPI ports detected. 2 M2M (mesh to memory) blocks detected. 0 Home Agents detected. 2 M3UPI blocks detected.
Socket 0Socket : 0INFO: using Linux resctrl driver for RDT metrics (L3OCC, LMB, RMB) because environment variable PCM_USE_RESCTRL=1
2:  memory controllers detected with total number of 2ERROR: /sys/fs/resctrl is not mounted
6 memory controllers detected with total number of ERROR: RDT metrics (L3OCC,LMB,RMB) will not be available
 channels. 6Mount it to make it work: mount -t resctrl resctrl /sys/fs/resctrl
2 channels.  2UPI  ports detected.UPI  ports detected.2  M2M (mesh to memory) blocks detected. 20 M2M (mesh to memory) blocks detected.  Home Agents detected. 02 Home Agents detected.  M3UPI blocks detected.
2 M3UPI blocks detected.

 Closed perf event handles
Trying to use Linux perf events...
Socket 1Socket : 1Socket 2: 1 memory controllers detected with total number of 2: 6 memory controllers detected with total number of 6 channels. 22 channels.   memory controllers detected with total number of 2UPI6  ports detected. channels. UPI 2 ports detected.2   M2M (mesh to memory) blocks detected. UPI20 ports detected. M2M (mesh to memory) blocks detected.  Home Agents detected.  022 Home Agents detected.  M3UPI blocks detected.
 M2M (mesh to memory) blocks detected. 20 M3UPI blocks detected.
 Home Agents detected. 2 M3UPI blocks detected.
Socket 1Socket : Socket 1Successfully programmed on-core PMU using Linux perf
21:  memory controllers detected with total number of : 262 memory controllers detected with total number of  channels.  memory controllers detected with total number of 626 channels.   channels. 2UPI2  ports detected. UPI UPI ports detected.2 ports detected.  M2M (mesh to memory) blocks detected.  202 M2M (mesh to memory) blocks detected.  Home Agents detected.  M2M (mesh to memory) blocks detected. 020 Home Agents detected.  M3UPI blocks detected.
 Home Agents detected. 22 M3UPI blocks detected.
 M3UPI blocks detected.
INFO: using Linux resctrl driver for RDT metrics (L3OCC, LMB, RMB) because environment variable PCM_USE_RESCTRL=1
INFO: using Linux resctrl driver for RDT metrics (L3OCC, LMB, RMB) because environment variable PCM_USE_RESCTRL=1
ERROR: /sys/fs/resctrl is not mounted
ERROR: RDT metrics (L3OCC,LMB,RMB) will not be available
Mount it to make it work: mount -t resctrl resctrl /sys/fs/resctrl
ERROR: /sys/fs/resctrl is not mounted
ERROR: RDT metrics (L3OCC,LMB,RMB) will not be available
Mount it to make it work: mount -t resctrl resctrl /sys/fs/resctrl
INFO: using Linux resctrl driver for RDT metrics (L3OCC, LMB, RMB) because environment variable PCM_USE_RESCTRL=1
ERROR: /sys/fs/resctrl is not mounted
ERROR: RDT metrics (L3OCC,LMB,RMB) will not be available
Mount it to make it work: mount -t resctrl resctrl /sys/fs/resctrl



 Closed perf event handles
Trying to use Linux perf events...
 Closed perf event handles
Trying to use Linux perf events...
 Closed perf event handles
Trying to use Linux perf events...
Successfully programmed on-core PMU using Linux perf
INFO: using Linux resctrl driver for RDT metrics (L3OCC, LMB, RMB) because environment variable PCM_USE_RESCTRL=1
ERROR: /sys/fs/resctrl is not mounted
ERROR: RDT metrics (L3OCC,LMB,RMB) will not be available
INFO: using Linux resctrl driver for RDT metrics (L3OCC, LMB, RMB) because environment variable PCM_USE_RESCTRL=1
Mount it to make it work: mount -t resctrl resctrl /sys/fs/resctrl
INFO: using Linux resctrl driver for RDT metrics (L3OCC, LMB, RMB) because environment variable PCM_USE_RESCTRL=1
ERROR: /sys/fs/resctrl is not mounted
ERROR: RDT metrics (L3OCC,LMB,RMB) will not be available
Mount it to make it work: mount -t resctrl resctrl /sys/fs/resctrl
ERROR: /sys/fs/resctrl is not mounted
ERROR: RDT metrics (L3OCC,LMB,RMB) will not be available
Mount it to make it work: mount -t resctrl resctrl /sys/fs/resctrl



 Closed perf event handles
Trying to use Linux perf events...
 Closed perf event handles
 Closed perf event handles
Trying to use Linux perf events...
Trying to use Linux perf events...
Successfully programmed on-core PMU using Linux perf
Successfully programmed on-core PMU using Linux perf
Successfully programmed on-core PMU using Linux perf
Successfully programmed on-core PMU using Linux perf
Successfully programmed on-core PMU using Linux perf
Successfully programmed on-core PMU using Linux perf
Socket 0
Max UPI link 0 speed: 1.6 GBytes/second (0.7 GT/second)
Max UPI link 1 speed: 1.6 GBytes/second (0.7 GT/second)
Socket 1
Max UPI link 0 speed: 1.7 GBytes/second (0.7 GT/second)
Max UPI link 1 speed: 1.7 GBytes/second (0.7 GT/second)

Detected Intel(R) Xeon(R) Silver 4208 CPU @ 2.10GHz "Intel(r) microarchitecture codename Cascade Lake-SP" stepping 7

Executing "./VH/b_eff1/b_eff" command:
Socket 0
Max UPI link 0 speed: 1.1 GBytes/second (0.5 GT/second)
Max UPI link 1 speed: 1.1 GBytes/second (0.5 GT/second)
Socket 1
Max UPI link 0 speed: 1.3 GBytes/second (0.6 GT/second)
Max UPI link 1 speed: 1.3 GBytes/second (0.6 GT/second)

Detected Intel(R) Xeon(R) Silver 4208 CPU @ 2.10GHz "Intel(r) microarchitecture codename Cascade Lake-SP" stepping 7

Executing "./VH/b_eff1/b_eff" command:
Socket 0
Max UPI link 0 speed: 1.2 GBytes/second (0.5 GT/second)
Max UPI link 1 speed: 1.2 GBytes/second (0.5 GT/second)
Socket 1
Max UPI link 0 speed: 1.2 GBytes/second (0.5 GT/second)
Max UPI link 1 speed: 1.2 GBytes/second (0.5 GT/second)

Detected Intel(R) Xeon(R) Silver 4208 CPU @ 2.10GHz "Intel(r) microarchitecture codename Cascade Lake-SP" stepping 7

Executing "./VH/b_eff1/b_eff" command:
Socket 0
Max UPI link 0 speed: 1.3 GBytes/second (Socket 0.6 GT/second)
0Max 
UPIMax  link UPI1 link  speed: 1.3 GBytes/second (0.6 GT/second)
Socket 1
Max UPI link 0 speed: 1.3 GBytes/second (0.6 GT/second)
Max UPI link 1 speed: 1.3 GBytes/second (0.6 GT/second)

Detected Intel(R) Xeon(R) Silver 4208 CPU @ 2.10GHz "Intel(r) microarchitecture codename Cascade Lake-SP" stepping 7
0 speed: 1.1 GBytes/second (0.5 GT/second)
Max UPI link 1 speed: 1.1 GBytes/second (0.5 GT/second)
Socket 1
Max UPI link 0 speed: 1.3 GBytes/second (0.6 GT/second)
Max UPI link 1 speed: 1.3 GBytes/second (0.6 GT/second)

Detected Intel(R) Xeon(R) Silver 4208 CPU @ 2.10GHz "Intel(r) microarchitecture codename Cascade Lake-SP" stepping 7

Executing "./VH/b_eff1/b_eff
Executing "" command:
./VH/b_eff1/b_eff" command:
Socket 0
Max UPI link 0 speed: 1.1 GBytes/second (0.5 GT/second)
Max UPI link 1 speed: 1.1 GBytes/second (0.5 GT/second)
Socket 1
Max UPI link 0 speed: 1.1 GBytes/second (0.5 GT/second)
Max UPI link 1 speed: 1.1 GBytes/second (0.5 GT/second)

Detected Intel(R) Xeon(R) Silver 4208 CPU @ 2.10GHz "Intel(r) microarchitecture codename Cascade Lake-SP" stepping 7

Executing "./VH/b_eff1/b_eff" command:
Socket 0
Max UPI link 0 speed: 1.2 GBytes/second (0.5 GT/second)
Max UPI link 1 speed: 1.2 GBytes/second (0.5 GT/second)
Socket 1
Max UPI link 0 speed: 1.2 GBytes/second (0.5 GT/second)
Max UPI link 1 speed: 1.2 GBytes/second (0.5 GT/second)

Detected Intel(R) Xeon(R) Silver 4208 CPU @ 2.10GHz "Intel(r) microarchitecture codename Cascade Lake-SP" stepping 7
Socket 0
Max UPI link 0 speed: 1.3 GBytes/second (0.6 GT/second)
Max UPI link 1 speed: 1.3 GBytes/second (0.6 GT/second)
Socket 1
Max UPI link 0 speed: 1.1 GBytes/second (0.5 GT/second)
Max UPI link 1 speed: 1.1 GBytes/second (0.5 GT/second)

Detected Intel(R) Xeon(R) Silver 4208 CPU @ 2.10GHz "Intel(r) microarchitecture codename Cascade Lake-SP" stepping 7

Executing "./VH/b_eff1/b_eff" command:

Executing "./VH/b_eff1/b_eff" command:
b_eff =   5559.144 MB/s = 694.893 *   8 PEs with 256 MB/PE on Linux muffin 4.18.0-477.15.1.el8_8.x86_64 #1 SMP Wed Jun 28 15:04:18 UTC 2023 x86_64
DEBUG: caught signal to interrupt (Child exited).
Cleaning up
 Closed perf event handles
DEBUG: caught signal to interrupt (Child exited).
Cleaning up
 Closed perf event handles
DEBUG: caught signal to interrupt (DEBUG: caught signal to interrupt (Child exited).
DEBUG: caught signal to interrupt (DEBUG: caught signal to interrupt (Child exitedCleaning up
Child exited).
Child exitedDEBUG: caught signal to interrupt ().
).
Cleaning up
Cleaning up
Child exited).
Cleaning up
Cleaning up
DEBUG: caught signal to interrupt ( Closed perf event handles
 Closed perf event handles
Child exited Closed perf event handles
 Closed perf event handles
).
 Closed perf event handles
 Zeroed uncore PMU registers
Cleaning up
 Zeroed uncore PMU registers
 Closed perf event handles
 Zeroed uncore PMU registers
 Zeroed uncore PMU registers
 Zeroed uncore PMU registers
 Zeroed uncore PMU registers
 Zeroed uncore PMU registers
 Zeroed uncore PMU registers
	Command being timed: "mpirun -vh -np 8 /usr/sbin/pcm 0.1 -csv=./output/0/vh_b_eff_0_0.csv -- ./VH/b_eff1/b_eff"
	User time (seconds): 4.14
	System time (seconds): 3.16
	Percent of CPU this job got: 10%
	Elapsed (wall clock) time (h:mm:ss or m:ss): 1:08.15
	Average shared text size (kbytes): 0
	Average unshared data size (kbytes): 0
	Average stack size (kbytes): 0
	Average total size (kbytes): 0
	Maximum resident set size (kbytes): 141580
	Average resident set size (kbytes): 0
	Major (requiring I/O) page faults: 2
	Minor (reclaiming a frame) page faults: 5785
	Voluntary context switches: 116149
	Involuntary context switches: 6631
	Swaps: 0
	File system inputs: 0
	File system outputs: 36096
	Socket messages sent: 0
	Socket messages received: 0
	Signals delivered: 0
	Page size (bytes): 4096
	Exit status: 0
