
 Intel(r) Performance Counter Monitor (2022-11-24 10:18:12 +0100 ID=1b16bb4e)


PCM Info: setrlimit for file limit 1000000 failed with error Operation not permitted

=====  Processor information  =====

 Intel(r) Performance Counter Monitor (2022-11-24 10:18:12 +0100 ID=1b16bb4e)


PCM Info: setrlimit for file limit 1000000Linux arch_perfmon flag  :  failed with error yesOperation not permitted

Hybrid processor         : no
IBRS and IBPB supported  : yes
=====  Processor information  =====

STIBP supported          : yes
Spec arch caps supported : yes
Max CPUID level          : 22
CPU model number         : 85
Linux arch_perfmon flag  : yes
Hybrid processor         : no
IBRS and IBPB supported  : yes

STIBP supported          :  Intel(r) Performance Counter Monitor yes(2022-11-24 10:18:12 +0100 ID=1b16bb4e)

Spec arch caps supported : 
yes

Max CPUID level          : 22
PCM Info: setrlimit for file limit CPU model number         : 100000085 failed with error 
Operation not permitted

=====  Processor information  =====
Linux arch_perfmon flag  : yes
Hybrid processor         : no
IBRS and IBPB supported  : yes
STIBP supported          : yes
Spec arch caps supported : yes
Max CPUID level          : 22
CPU model number         : 85

 Intel(r) Performance Counter Monitor (2022-11-24 10:18:12 +0100 ID=1b16bb4e)



PCM Info: setrlimit for file limit 
 Intel(r) Performance Counter Monitor 1000000
 Intel(r) Performance Counter Monitor (2022-11-24 10:18:12 +0100 ID=1b16bb4e) failed with error  Intel(r) Performance Counter Monitor (2022-11-24 10:18:12 +0100 ID=1b16bb4e)
Operation not permitted(2022-11-24 10:18:12 +0100 ID=1b16bb4e)








=====  Processor information  =====

PCM Info: setrlimit for file limit PCM Info: setrlimit for file limit 
10000001000000PCM Info: setrlimit for file limit  Intel(r) Performance Counter Monitor  failed with error  failed with error 1000000(2022-11-24 10:18:12 +0100 ID=1b16bb4e)Operation not permittedOperation not permitted failed with error 


Operation not permitted


=====  Processor information  =====

Linux arch_perfmon flag  : PCM Info: setrlimit for file limit yes1000000
 failed with error Hybrid processor         : Operation not permittedno

IBRS and IBPB supported  : yes
STIBP supported          : yes
=====  Processor information  =====

Spec arch caps supported : yes
Max CPUID level          : 22
CPU model number         : 85

=====  Processor information  =====
Linux arch_perfmon flag  : yes
Hybrid processor         : no
IBRS and IBPB supported  : yes
STIBP supported          : yes
Spec arch caps supported : yes
Max CPUID level          : 22
CPU model number         : 85
Linux arch_perfmon flag  : yes
Hybrid processor         : no
IBRS and IBPB supported  : yes
STIBP supported          : yes
Spec arch caps supported : yes
Max CPUID level          : 22
CPU model number         : 85

=====  Processor information  =====
Linux arch_perfmon flag  : yes
Hybrid processor         : noLinux arch_perfmon flag  : 
yesIBRS and IBPB supported  : 
yesHybrid processor         : 
noSTIBP supported          : 
yesIBRS and IBPB supported  : 
yesSpec arch caps supported : 
yesSTIBP supported          : 
yesMax CPUID level          : 
22Spec arch caps supported : 
yesCPU model number         : 
85Max CPUID level          : 
22
CPU model number         : 85
Number of physical cores: 16
Number of logical cores: 16
Number of online logical cores: 16
Threads (logical cores) per physical core: 1
Num sockets: 2
Physical cores per socket: 8
Last level cache slices per socket: 0
Core PMU (perfmon) version: 4
Number of core PMU generic (programmable) counters: 8
Width of generic (programmable) counters: 48 bits
Number of core PMU fixed counters: 3
Width of fixed counters: 48 bits
Nominal core frequency: 2100000000 Hz
IBRS enabled in the kernel   : no
STIBP enabled in the kernel  : no
The processor is not susceptible to Rogue Data Cache Load: no
The processor supports enhanced IBRS                     : no

=====  Processor topology  =====
OS_Processor    Thread_Id       Core_Id         Tile_Id         Package_Id      Core_Type   Native_CPU_Model
0               0               0               0               0               invalid         -1              
1               0               1               1               0               invalid         -1              
2               0               2               2               0               invalid         -1              
3               0               3               3               0               invalid         -1              
4               0               4               4               0               invalid         -1              
5               0               5               5               0               invalid         -1              
6               0               6               6               0               invalid         -1              
7               0               7               7               0               invalid         -1              
8               0               0               8               1               invalid         -1              
9               0               1               9               1               invalid         -1              
10              0               2               10              1               invalid         -1              
11              0               3               11              1               invalid         -1              
12              0               4               12              1               invalid         -1              
13              0               5               13              1               invalid         -1              
14              0               6               14              1               invalid         -1              
15              Number of physical cores: 0               Number of physical cores: 7               Number of physical cores: 1615              16
1               16
Number of logical cores: invalid
Number of logical cores: 16 Number of logical cores: 16
 16
Number of online logical cores:  
Number of online logical cores: 16 Number of online logical cores: 16
 16
Threads (logical cores) per physical core:  
Threads (logical cores) per physical core: 1 Threads (logical cores) per physical core: 1
 1
Num sockets:  
Num sockets: 2-1              Num sockets: 2

2
Physical cores per socket: =====  Placement on packages  =====

Physical cores per socket: 8Package Id.    Core Id.     Processors
Physical cores per socket: 8
0              8
Last level cache slices per socket: 0
Last level cache slices per socket: 0,Last level cache slices per socket: 0
10
Core PMU (perfmon) version: ,
Core PMU (perfmon) version: 42Core PMU (perfmon) version: 4
,4
Number of core PMU generic (programmable) counters: 3
Number of core PMU generic (programmable) counters: 8,Number of core PMU generic (programmable) counters: 8
48
Width of generic (programmable) counters: ,
Width of generic (programmable) counters: 485Width of generic (programmable) counters: 48 bits
,48 bits
Number of core PMU fixed counters: 6 bits
Number of core PMU fixed counters: 3,Number of core PMU fixed counters: 3
73
Width of fixed counters: 

Width of fixed counters: 481              Width of fixed counters: 48 bits
048 bits
Nominal core frequency: , bits
Nominal core frequency: 21000000001Nominal core frequency: 2100000000 Hz
,2100000000 Hz
IBRS enabled in the kernel   : 2 Hz
IBRS enabled in the kernel   : no,IBRS enabled in the kernel   : no
3no
STIBP enabled in the kernel  : ,
STIBP enabled in the kernel  : no4STIBP enabled in the kernel  : no
,no
The processor is not susceptible to Rogue Data Cache Load: 5
The processor is not susceptible to Rogue Data Cache Load: no,The processor is not susceptible to Rogue Data Cache Load: no
6no
The processor supports enhanced IBRS                     : ,
The processor supports enhanced IBRS                     : no7The processor supports enhanced IBRS                     : no

no

=====  Processor topology  =====

=====  Core/Tile sharing  =====


=====  Processor topology  =====
OS_Processor    Thread_Id       Core_Id         Tile_Id         Package_Id      Core_Type   Native_CPU_Model
Level      Processors
Core       
=====  Processor topology  =====
OS_Processor    Thread_Id       Core_Id         Tile_Id         Package_Id      Core_Type   Native_CPU_Model
0               (OS_Processor    Thread_Id       Core_Id         Tile_Id         Package_Id      Core_Type   Native_CPU_Model
0               0               00               0               0               )0               0               0               (0               0               0               10               0               invalid)0               invalid (invalid  2   )   (   3   )   (   4   )  -1              ( -1              
5-1              
1               )
1               0               (1               0               1               60               1               1               )1               1               0               (1               0               invalid70               invalid )invalid  (   8   Number of physical cores:  Number of physical cores:  16 
 16Number of logical cores:  
-1              16Number of logical cores: 

162               Number of online logical cores: 
0               16Number of online logical cores: 2               
162               Threads (logical cores) per physical core: 
0               1Threads (logical cores) per physical core: invalid
1 Num sockets: 
 2Num sockets:  
2 Physical cores per socket: 
 8Physical cores per socket:  
8 Last level cache slices per socket: 
 0Last level cache slices per socket:  
0-1              Core PMU (perfmon) version: 

4Number of physical cores: 
Number of core PMU generic (programmable) counters: 816

Width of generic (programmable) counters: Number of logical cores: 4816 bits

Number of core PMU fixed counters: Number of online logical cores: 316

Width of fixed counters: Threads (logical cores) per physical core: 481 bits

Nominal core frequency: Num sockets: 21000000002 Hz

IBRS enabled in the kernel   : Physical cores per socket: no8

STIBP enabled in the kernel  : Last level cache slices per socket: no0

The processor is not susceptible to Rogue Data Cache Load: Core PMU (perfmon) version: no4

The processor supports enhanced IBRS                     : Number of core PMU generic (programmable) counters: no8


=====  Processor topology  =====
Width of generic (programmable) counters: OS_Processor    Thread_Id       Core_Id         Tile_Id         Package_Id      Core_Type   Native_CPU_Model
480                bits
0               Number of core PMU fixed counters: 0               30               
0               Width of fixed counters: invalid48  bits
 Nominal core frequency:  2100000000  Hz
 IBRS enabled in the kernel   :  no 
 STIBP enabled in the kernel  :  no-1              

The processor is not susceptible to Rogue Data Cache Load: 1               no0               
1               The processor supports enhanced IBRS                     : 1               no0               
invalid
=====  Processor topology  =====
 OS_Processor    Thread_Id       Core_Id         Tile_Id         Package_Id      Core_Type   Native_CPU_Model
 0                0                0                0                0                invalid    -1               
 2                0                2                2                0                invalid-1               
 1                0                1                1                0                invalid    -1               
 3                0                3                3               Number of physical cores: 0               )invalid16 (
 9Number of logical cores:  )16 (
 10Number of online logical cores:  )16 (
 11Threads (logical cores) per physical core:  )1-1              (

12Num sockets: 4               )20               (
4               13Physical cores per socket: 4               )80               (
invalid14Last level cache slices per socket:  )0 (
 15Core PMU (perfmon) version:               -1              -1              

2               2               0               0               2               2               2               2               0               0               invalidinvalid                  -1              -1              

3               3               0               0               3               3               3               3               0               0               invalidinvalid                  Core PMU (perfmon) version: 43               
Number of core PMU generic (programmable) counters: 80               
3               Width of generic (programmable) counters: 3               480                bits
invalidNumber of core PMU fixed counters:  3 
 Width of fixed counters:  48  bits
 Nominal core frequency:  2100000000  Hz
 IBRS enabled in the kernel   : -1              no

4               STIBP enabled in the kernel  : 0               no4               
4               The processor is not susceptible to Rogue Data Cache Load: 0               noinvalid
 The processor supports enhanced IBRS                     :  no 
 
=====  Processor topology  =====
 OS_Processor    Thread_Id       Core_Id         Tile_Id         Package_Id      Core_Type   Native_CPU_Model
 0                0                0                0               -1              0               
invalid5                0                5                  ) 
Tile / L2$ 4  -1              -1              (
  

0Number of core PMU generic (programmable) counters:   2               4               )8  0               0               (
  2               4               1Width of generic (programmable) counters: -1              2               -1              4               )48
0               
-1              1               5               
0               0               (0                bits
4               invalid1               2invalidNumber of core PMU fixed counters: 0                1               ) 34                0               ( 
4                invalid3 Width of fixed counters: 0                 ) 48invalid  (5               invalid0                  bits
5                 5               Nominal core frequency:   0               2100000000  invalid Hz
   IBRS enabled in the kernel   : -1                no
  
6                 STIBP enabled in the kernel  : 0                 no6               -1               
6               
 The processor is not susceptible to Rogue Data Cache Load: 0               3                noinvalid0                
 3               -1               
   6               4  The processor supports enhanced IBRS                     :  0               )  no 6               (  
 6               5-1               
=====  Processor topology  =====
 0               )
 OS_Processor    Thread_Id       Core_Id         Tile_Id         Package_Id      Core_Type   Native_CPU_Model
0               0                invalid(5                0                 60                 -1               
 5                0                5                5                0                invalid-1               
 7                0                7                7                0                invalid    -1               
 6                0                3               6                0               6               -1              0                0               0               
  ) 5               (invalid  5               invalid       invalid 2                   0               -1               2               
 2               1                0               0                invalid1                 1                 0               -1               invalid
  7                 0                 7                 7                7  -1              ) 
-1               0               ( 3               
 invalid8 0               8                 ) 3               0                 (-1              3               0                 9
0               8                 0                  invalid  )7               (invalid101               0                  ) invalid-1              7                  ( 
7                -1               11 2               0                
 ) 0               invalid 4                ( 2                 0                12     2                  0                -1              4                  invalid 
4                    6               -1              0                 -1               0               
invalid -1              
 6               4                 
9                6               0                 8               0                0               4                 0               1                invalid)4               ( 0               -1              130                9               invalid 
 )8                1                 8                (1                invalid  0                14invalid    -1              0                )    
8                ( -1              
 5               0                 3               5               1                  15  0               5               invalid  )  3               3               0                  
  0               invalid  -1              
   invalid   -1                 -1              

 Package thermal spec power:    
9               7                0  -1              5               0               0                 Watt;   
0               1               7                Package minimum power:   10              5               9               7                0  0               5               1               0                 Watt;   2               0               10              invalidinvalidinvalid1               -1               Package maximum power:    invalid 
 0 -1                -1              9                 Watt;
 
      
0                 4                  6               1                 0                 0               9                 4               -1               6               1                 4               

  6               invalid  0               8                0               Can't open MCFG table. Check permission of     invalid0               -1              invalid/sys/firmware/acpi/tables/MCFG  -1              -1               0               
 
 

  8               11               Can't open MCFG table. Check permission of  10              6                1               0                /sys/firmware/acpi/tables/MCFG1  0               0                 invalid3                
 2               6                 11               Can't open MCFG table. Check permission of -1              10              6                  1                /pcm/sys/firmware/acpi/tables/MCFG
1               0               -1               invalid 
10              invalidinvalid
   Can't open MCFG table. Check permission of 0                 5                  /pcm/sys/firmware/acpi/tables/MCFG12                 0                   -1              
10                5                 
1                 5                WARNING: enumeration of devices in UncorePMUDiscovery failed
   7               invalid  0                -1              0                  invalid -1              
7                   
12              7                    9               0               0                        0               4               invalid-1              -1              -1               1               12               


   9               1                11              11              7               -1              1               invalid  0               0               0               
invalid  3               3               7               6                   11              11              7               0                  1               1               0               6                INFO: Linux perf interface to program uncore PMUs is   invalid invalidinvalid6                present
     0                 INFO: using Linux perf interface to program uncore PMUs because env variable PCM_USE_UNCORE_PERF=1
       invalid  INFO: Secure Boot detected. Using Linux perf for uncore PMU programming.
-1              -1                     

     -1              13              8               -1                 
0               0               
    10              5               0               12                  0               13              8               0                  2               1               1               4                  10              invalidinvalid12              -1              -1              -1              1                 1               


invalid   invalid12              8               7                   0               0               0                    4               0               7                    12              8               7                     1               1               0                -1                  invalidinvalidinvalid 
 -1                  14               
    0               -1              13                    6               
0                  -1              14              9               5                  
1               0               13                   11               invalid 1               0               -1              
 -1              9               3               8                
1               11              0                9               invalid1               0                0                invalid8                1                 1                9                 invalid 1                   invalid      1                  Socket -1              
015               :  0                 2invalid  7                   memory controllers detected with total number of    15                 6 -1              -1              1                   channels.  

invalid  -1              2  10                13                0                0                 
-1                2                5               -1               12              
UPI 10              13              
-1              0               14               ports detected.  1               1               9               
4               0               2 invalidinvalid0               10              12              6                M2M (mesh to memory) blocks detected.     1                0               9               1                14              2               01                invalid  1               10               Home Agents detected. invalid    invalid1               invalid  2        M3UPI blocks detected.
  -1                        
      =====  Placement on packages  =====
     -1               Package Id.    Core Id.     Processors
      
 0              -1                 14               0
-1               -1              0               -1              ,10              
-1              
6               
15              10               0               ,11              7               
2               11              214              15              0               13              10              0               ,1               1               3               0               1               3               3invalidinvalid11              5               invalid11              ,  1               13               1               Socket 4  invalid1                invalid1,     invalid  : 5      2,       memory controllers detected with total number of 6      6,        channels. 7-1                    2

      1              15              -1                -1              -1              UPI00               
  

 ports detected.,7               =====  Placement on packages  =====
-1               11              12               115              Package Id.    Core Id.     Processors

-1              0               0               2,1               0              12              
3               4                M2M (mesh to memory) blocks detected. 2invalid 00               14              11              12              0, ,4               0               1               1                Home Agents detected. 32 ,1 M3UPI blocks detected.
12               6               4invalid,invalid1                  14              , 2 invalid 1               5 ,   invalid, 3   -1                
6   ,=====  Placement on packages  =====
 ,   4Package Id.    Core Id.     Processors
 7    ,0               
   50 
=====  Core/Tile sharing  =====
-1                ,, Level      Processors
Core       
 13              -1               0               6
1  5               (,12              , -1              13              070               2-1              
1               )
4               ,
13              invalid(11              12              315              0                )(021               ,,)0               invalid5               1 4(7                13              , ,315               1               2 5)1                invalid, ,(invalid  3 6,47 
 )  1              ,  (  0 4 5   , , )   1 5-1              (   ,-1              ,6
,614               7-1              )20               
 

(,6               13               
=====  Core/Tile sharing  =====
=====  Placement on packages  =====
7314              0               -1              Level      Processors
Core       Package Id.    Core Id.     Processors
),1               5               
(0              (84invalid13              14              00), 1               0               ),(95), (invalid66                (101 ,14               1), 71                )(2 
invalid (11, 
=====  Core/Tile sharing  =====
  2)3 Level      Processors
Core           ) ( ,( -1              (12 43 
0) ,) 15              )( 5( 0               (13 ,4-1              7               1)-1              6,)7(

15              5)14              (1              
1               INFO: using Linux resctrl driver for RDT metrics (L3OCC, LMB, RMB) because environment variable PCM_USE_RESCTRL=1
)(0               14015              invalid(2ERROR: /sys/fs/resctrl is not mounted
6               ),0                6)ERROR: RDT metrics (L3OCC,LMB,RMB) will not be available
14              (17                )((Mount it to make it work: mount -t resctrl resctrl /sys/fs/resctrl
31               715),invalid15              ) )(2 1               ( 
Tile / L2$ 4, invalid8 ()3  ) 0(,4  (  ) 5(,-1               ) 195
 ( )),=====  Placement on packages  =====
 6 ((6Package Id.    Core Id.     Processors
 ) 210,0              0 ( ))7,-1              7 ((

=====  Core/Tile sharing  =====
1Level      Processors
Core       
(), 15              30(2-1              0               ))8,

7               (()3=====  Placement on packages  =====
15              41(,Package Id.    Core Id.     Processors
1               ))940              invalid((),0 52(5, ))10,1 (()6, 116)3))(((,27, Closed perf event handles

 3(1              Trying to use Linux perf events...
11 7,0412 )4),)) (,(1(( 1258,513-1              ),)2))
(6(,((=====  Placement on packages  =====
13,93614Package Id.    Core Id.     Processors
)7),4),)(0              5((
7(0,14151              )10,6))0()1,(
Tile / L2$ ,8(,715(1)112
)0,)(2)(,9
=====  Core/Tile sharing  =====
,
Tile / L2$ (13)Level      Processors
Core       3(,120)4,)()(,(4((10052,131)),)5))((6(,((111),(7326
14)2)),
=====  Core/Tile sharing  =====
)()((7Level      Processors
Core       (3(412
(15)3))1              0)()((0)
4(5)13(,)(6
1)(41)Package thermal spec power: ,(14))(025)((7 Watt; ,)(52)Package minimum power: 3(15))(80), Watt; 6()4(Package maximum power: ()9
Tile / L2$ ,603()(5) Watt;
)7(0,(()10)674()(,))8(17(()(119))
)8(5(

=====  Core/Tile sharing  =====
()2)(12Level      Processors
Core       10()Can't open MCFG table. Check permission of 6)()9(/sys/firmware/acpi/tables/MCFG)(0(11))3(
(()1310)Can't open MCFG table. Check permission of 127())(/sys/firmware/acpi/tables/MCFG1))4((1
(()14)11)Can't open MCFG table. Check permission of 138(()(2/pcm/sys/firmware/acpi/tables/MCFG))
)(5(15Can't open MCFG table. Check permission of ((3)14)/pcm/sys/firmware/acpi/tables/MCFG1129)()

))(6(
((4)15WARNING: enumeration of devices in UncorePMUDiscovery failed
13Package thermal spec power: 10)(7)))
Tile / L2$ 0()(((INFO: Linux perf interface to program uncore PMUs is  Watt; 8(1450present
Package minimum power: )11)))INFO: using Linux perf interface to program uncore PMUs because env variable PCM_USE_UNCORE_PERF=1
0()(((INFO: Secure Boot detected. Using Linux perf for uncore PMU programming.
 Watt; 9(1561Package maximum power: )12)))0()(
13(
() Watt;
710Package thermal spec power: 2())0)14(( Watt; ()811Package minimum power: 3())0)15(( Watt; ()912
Package maximum power: 4
Tile / L2$ ))0)((Can't open MCFG table. Check permission of ( Watt;
(010/sys/firmware/acpi/tables/MCFG135))
))((Can't open MCFG table. Check permission of ((111/sys/firmware/acpi/tables/MCFG1146)))
)
(((Can't open MCFG table. Check permission of (7)2(12)Can't open MCFG table. Check permission of 8/pcm/sys/firmware/acpi/tables/MCFG)15(Successfully programmed on-core PMU using Linux perf
/sys/firmware/acpi/tables/MCFG)
()3
(Can't open MCFG table. Check permission of 13
)Can't open MCFG table. Check permission of 9/pcm/sys/firmware/acpi/tables/MCFG1)
(/sys/firmware/acpi/tables/MCFG1)
(4Package thermal spec power: 
(14)0WARNING: enumeration of devices in UncorePMUDiscovery failed
Can't open MCFG table. Check permission of 10)( Watt; /pcm/sys/firmware/acpi/tables/MCFG)(5Package minimum power: 
(15)0Can't open MCFG table. Check permission of 11)(Socket  Watt; /pcm/sys/firmware/acpi/tables/MCFG1)
Tile / L2$ 60Package maximum power: 
((): 0120(2WARNING: enumeration of devices in UncorePMUDiscovery failed
 Watt;
))7 memory controllers detected with total number of (()6131( channels. ))82(() 142(UPI))9 ports detected.((
) 153(2))10)Can't open MCFG table. Check permission of ( M2M (mesh to memory) blocks detected. 11
/sys/firmware/acpi/tables/MCFG(0INFO: Linux perf interface to program uncore PMUs is )INFO: Linux perf interface to program uncore PMUs is 

4 Home Agents detected. (present
present
Package thermal spec power: Can't open MCFG table. Check permission of )212INFO: using Linux perf interface to program uncore PMUs because env variable PCM_USE_UNCORE_PERF=1
INFO: using Linux perf interface to program uncore PMUs because env variable PCM_USE_UNCORE_PERF=1
0/sys/firmware/acpi/tables/MCFG1( M3UPI blocks detected.
)INFO: Secure Boot detected. Using Linux perf for uncore PMU programming.
INFO: Secure Boot detected. Using Linux perf for uncore PMU programming.
 Watt; 
5(Package minimum power: Can't open MCFG table. Check permission of )130/pcm/sys/firmware/acpi/tables/MCFG() Watt; 
6(Package maximum power: Can't open MCFG table. Check permission of )140/pcm/sys/firmware/acpi/tables/MCFG1() Watt;

7()15()WARNING: enumeration of devices in UncorePMUDiscovery failed
8
)
(Package thermal spec power: 90) Watt; (Package minimum power: 100)
 Watt; (Package maximum power: 011 Watt;
Can't open MCFG table. Check permission of )INFO: Linux perf interface to program uncore PMUs is /sys/firmware/acpi/tables/MCFG(
present
12Can't open MCFG table. Check permission of /sys/firmware/acpi/tables/MCFG1INFO: using Linux perf interface to program uncore PMUs because env variable PCM_USE_UNCORE_PERF=1
)
INFO: Secure Boot detected. Using Linux perf for uncore PMU programming.
(Can't open MCFG table. Check permission of 13/pcm/sys/firmware/acpi/tables/MCFG)
(Can't open MCFG table. Check permission of 14/pcm/sys/firmware/acpi/tables/MCFG1)

(15)

WARNING: enumeration of devices in UncorePMUDiscovery failed
Can't open MCFG table. Check permission of Package thermal spec power: /sys/firmware/acpi/tables/MCFG0
 Watt; Can't open MCFG table. Check permission of Package minimum power: /sys/firmware/acpi/tables/MCFG10
 Watt; Can't open MCFG table. Check permission of Package maximum power: /pcm/sys/firmware/acpi/tables/MCFG0 Watt;

Can't open MCFG table. Check permission of INFO: Linux perf interface to program uncore PMUs is /pcm/sys/firmware/acpi/tables/MCFG1present

INFO: using Linux perf interface to program uncore PMUs because env variable PCM_USE_UNCORE_PERF=1
INFO: Secure Boot detected. Using Linux perf for uncore PMU programming.
WARNING: enumeration of devices in UncorePMUDiscovery failed

Can't open MCFG table. Check permission of /sys/firmware/acpi/tables/MCFGINFO: Linux perf interface to program uncore PMUs is 
present
Can't open MCFG table. Check permission of INFO: using Linux perf interface to program uncore PMUs because env variable PCM_USE_UNCORE_PERF=1
INFO: Secure Boot detected. Using Linux perf for uncore PMU programming.
/sys/firmware/acpi/tables/MCFG1
Socket Can't open MCFG table. Check permission of 0/pcm/sys/firmware/acpi/tables/MCFG: 
2Can't open MCFG table. Check permission of Socket  memory controllers detected with total number of /pcm/sys/firmware/acpi/tables/MCFG1Socket 06
1:  channels. : 222 memory controllers detected with total number of WARNING: enumeration of devices in UncorePMUDiscovery failed
  memory controllers detected with total number of 6UPI6 channels.  ports detected. channels. 2 2 UPI2 ports detected.  M2M (mesh to memory) blocks detected. INFO: Linux perf interface to program uncore PMUs is  0UPIpresent
2 Home Agents detected.  ports detected.INFO: using Linux perf interface to program uncore PMUs because env variable PCM_USE_UNCORE_PERF=1
 M2M (mesh to memory) blocks detected. 2 INFO: Secure Boot detected. Using Linux perf for uncore PMU programming.
0 M3UPI blocks detected.
2 Home Agents detected.  M2M (mesh to memory) blocks detected. 20 M3UPI blocks detected.
 Home Agents detected. 2 M3UPI blocks detected.
Socket 0: 2 memory controllers detected with total number of 6 channels. 2 UPI ports detected. 2 M2M (mesh to memory) blocks detected. 0 Home Agents detected. 2 M3UPI blocks detected.
Socket 0: 2 memory controllers detected with total number of 6 channels. 2 UPI ports detected. 2 M2M (mesh to memory) blocks detected. 0 Home Agents detected. 2 M3UPI blocks detected.
Socket 0: 2 memory controllers detected with total number of 6 channels. 2 UPI ports detected. 2 M2M (mesh to memory) blocks detected. 0 Home Agents detected. 2Socket Socket  M3UPI blocks detected.
01: : 22 memory controllers detected with total number of  memory controllers detected with total number of 66 channels.  channels. 22  UPIUPI ports detected. ports detected.  22 M2M (mesh to memory) blocks detected.  M2M (mesh to memory) blocks detected. 00 Home Agents detected.  Home Agents detected. 22 M3UPI blocks detected.
 M3UPI blocks detected.
Socket 1: 2 memory controllers detected with total number of 6 channels. 2 UPI ports detected. 2Socket  M2M (mesh to memory) blocks detected. 10:  Home Agents detected. 22 memory controllers detected with total number of  M3UPI blocks detected.
6 channels. 2 UPI ports detected. 2 M2M (mesh to memory) blocks detected. 0 Home Agents detected. 2 M3UPI blocks detected.
Socket 1: 2 memory controllers detected with total number of 6 channels. 2 UPI ports detected. 2 M2M (mesh to memory) blocks detected. 0 Home Agents detected. 2 M3UPI blocks detected.
Socket 1: 2 memory controllers detected with total number of 6 channels. 2 UPI ports detected. 2 M2M (mesh to memory) blocks detected. 0 Home Agents detected. 2 M3UPI blocks detected.
Socket 1: 2 memory controllers detected with total number of 6 channels. 2 UPI ports detected. 2 M2M (mesh to memory) blocks detected. 0 Home Agents detected. 2 M3UPI blocks detected.
INFO: using Linux resctrl driver for RDT metrics (L3OCC, LMB, RMB) because environment variable PCM_USE_RESCTRL=1
ERROR: /sys/fs/resctrl is not mounted
ERROR: RDT metrics (L3OCC,LMB,RMB) will not be available
Mount it to make it work: mount -t resctrl resctrl /sys/fs/resctrl

INFO: using Linux resctrl driver for RDT metrics (L3OCC, LMB, RMB) because environment variable PCM_USE_RESCTRL=1
ERROR: /sys/fs/resctrl is not mounted
ERROR: RDT metrics (L3OCC,LMB,RMB) will not be available
Mount it to make it work: mount -t resctrl resctrl /sys/fs/resctrl
 Closed perf event handles
Trying to use Linux perf events...

 Closed perf event handles
Trying to use Linux perf events...
INFO: using Linux resctrl driver for RDT metrics (L3OCC, LMB, RMB) because environment variable PCM_USE_RESCTRL=1
ERROR: /sys/fs/resctrl is not mounted
ERROR: RDT metrics (L3OCC,LMB,RMB) will not be available
Mount it to make it work: mount -t resctrl resctrl /sys/fs/resctrl
INFO: using Linux resctrl driver for RDT metrics (L3OCC, LMB, RMB) because environment variable PCM_USE_RESCTRL=1
INFO: using Linux resctrl driver for RDT metrics (L3OCC, LMB, RMB) because environment variable PCM_USE_RESCTRL=1
ERROR: /sys/fs/resctrl is not mounted
ERROR: RDT metrics (L3OCC,LMB,RMB) will not be available
Mount it to make it work: mount -t resctrl resctrl /sys/fs/resctrl
ERROR: /sys/fs/resctrl is not mounted
ERROR: RDT metrics (L3OCC,LMB,RMB) will not be available
Mount it to make it work: mount -t resctrl resctrl /sys/fs/resctrl
INFO: using Linux resctrl driver for RDT metrics (L3OCC, LMB, RMB) because environment variable PCM_USE_RESCTRL=1
ERROR: /sys/fs/resctrl is not mounted
ERROR: RDT metrics (L3OCC,LMB,RMB) will not be available
Mount it to make it work: mount -t resctrl resctrl /sys/fs/resctrl

INFO: using Linux resctrl driver for RDT metrics (L3OCC, LMB, RMB) because environment variable PCM_USE_RESCTRL=1

ERROR: /sys/fs/resctrl is not mounted

ERROR: RDT metrics (L3OCC,LMB,RMB) will not be available

Mount it to make it work: mount -t resctrl resctrl /sys/fs/resctrl
 Closed perf event handles
Trying to use Linux perf events...
 Closed perf event handles
Trying to use Linux perf events...
 Closed perf event handles
Trying to use Linux perf events...
 Closed perf event handles
Trying to use Linux perf events...

 Closed perf event handles
Trying to use Linux perf events...
Successfully programmed on-core PMU using Linux perf
Successfully programmed on-core PMU using Linux perf
Successfully programmed on-core PMU using Linux perf
Successfully programmed on-core PMU using Linux perf
Successfully programmed on-core PMU using Linux perf
Successfully programmed on-core PMU using Linux perf
Successfully programmed on-core PMU using Linux perf
Socket 0
Max UPI link 0 speed: 1.2 GBytes/second (0.5 GT/second)
Max UPI link 1 speed: 1.2 GBytes/second (0.5 GT/second)
Socket 1
Max UPI link 0 speed: 1.3 GBytes/second (0.6 GT/second)
Max UPI link 1 speed: 1.3 GBytes/second (0.6 GT/second)

Detected Intel(R) Xeon(R) Silver 4208 CPU @ 2.10GHz "Intel(r) microarchitecture codename Cascade Lake-SP" stepping 7

Executing "./VE/mpi-benchmarks-master/src_c/IMB-MPI1" command:
Socket 0
Max UPI link 0 speed: 1.2 GBytes/second (0.5 GT/second)
Max UPI link 1 speed: 1.2 GBytes/second (0.5 GT/second)
Socket 1
Max UPI link 0 speed: 1.2 GBytes/second (0.5 GT/second)
Max UPI link 1 speed: 1.2 GBytes/second (0.5 GT/second)

Detected Intel(R) Xeon(R) Silver 4208 CPU @ 2.10GHz "Intel(r) microarchitecture codename Cascade Lake-SP" stepping 7

Executing "./VE/mpi-benchmarks-master/src_c/IMB-MPI1" command:
Socket 0
Max UPI link 0 speed: 1.2 GBytes/second (0.6 GT/second)
Max UPI link 1 speed: 1.2 GBytes/second (0.6 GT/second)
Socket 1
Max UPI link 0 speed: 1.2 GBytes/second (0.5 GT/second)
Max UPI link 1 speed: 1.2 GBytes/second (0.5 GT/second)

Detected Intel(R) Xeon(R) Silver 4208 CPU @ 2.10GHz "Intel(r) microarchitecture codename Cascade Lake-SP" stepping 7

Executing "./VE/mpi-benchmarks-master/src_c/IMB-MPI1" command:
Socket 0
Max UPI link 0 speed: 1.5 GBytes/second (0.7 GT/second)
Max UPI link 1 speed: Socket 0
Max UPI link 1.50 GBytes/second (0.7 speed:  GT/second)
Socket 11.3
 GBytes/second (Max 0.6UPI GT/second)
 link Max 0UPI speed:  link 1.41 GBytes/second ( speed: 0.61.3 GT/second)
 GBytes/second (Max 0.6UPI GT/second)
 link Socket 11 speed: 
1.4Max  GBytes/second (UPI0.6 link  GT/second)
0 speed: 
Detected 1.5Intel(R) Xeon(R) Silver 4208 CPU @ 2.10GHz GBytes/second ( "Intel(r) microarchitecture codename 0.7Cascade Lake-SP GT/second)
" stepping Max 7UPI
 link 1Socket  speed: 0
Max 1.5UPI GBytes/second ( link 0.70 GT/second)
 speed: 
Detected 1.2Intel(R) Xeon(R) Silver 4208 CPU @ 2.10GHz GBytes/second ( "Intel(r) microarchitecture codename 0.6Cascade Lake-SP GT/second)
" stepping Max 7UPI
 link 1 speed: 1.2 GBytes/second (0.6 GT/second)
Socket 1
Max UPI link 0 speed: 1.4 GBytes/second (0.6 GT/second)
Max UPI link 1 speed: 1.4 GBytes/second (0.6 GT/second)

Detected Intel(R) Xeon(R) Silver 4208 CPU @ 2.10GHz "Intel(r) microarchitecture codename Cascade Lake-SP" stepping 7

Executing "
Executing "./VE/mpi-benchmarks-master/src_c/IMB-MPI1./VE/mpi-benchmarks-master/src_c/IMB-MPI1" command:
" command:

Executing "./VE/mpi-benchmarks-master/src_c/IMB-MPI1" command:
Socket 0
Max UPI link 0 speed: 1.3 GBytes/second (0.6 GT/second)
Max UPI link 1 speed: 1.3 GBytes/second (0.6 GT/second)
Socket 1
Max UPI link 0 speed: 1.2 GBytes/second (0.5 GT/second)
Max UPI link 1 speed: 1.2 GBytes/second (0.5 GT/second)

Detected Intel(R) Xeon(R) Silver 4208 CPU @ 2.10GHz "Intel(r) microarchitecture codename Cascade Lake-SP" stepping 7

Executing "./VE/mpi-benchmarks-master/src_c/IMB-MPI1" command:
Socket 0
Max UPI link 0 speed: 1.3 GBytes/second (0.6 GT/second)
Max UPI link 1 speed: 1.3 GBytes/second (0.6 GT/second)
Socket 1
Max UPI link 0 speed: 1.3 GBytes/second (0.6 GT/second)
Max UPI link 1 speed: 1.3 GBytes/second (0.6 GT/second)

Detected Intel(R) Xeon(R) Silver 4208 CPU @ 2.10GHz "Intel(r) microarchitecture codename Cascade Lake-SP" stepping 7

Executing "./VE/mpi-benchmarks-master/src_c/IMB-MPI1" command:
#----------------------------------------------------------------
#    Intel(R) MPI Benchmarks 2018, MPI-1 part
#----------------------------------------------------------------
# Date                  : Mon Mar 18 13:42:47 2024
# Machine               : VE
# System                : Linux
# Release               : 4.18.0-477.15.1.el8_8.x86_64
# Version               : #1 SMP Wed Jun 28 15:04:18 UTC 2023
# MPI Version           : 3.1
# MPI Thread Environment: 


# Calling sequence was: 

# ./VE/mpi-benchmarks-master/src_c/IMB-MPI1 -npmin 8 alltoallv -iter 800000 -time 80000
#                                           -mem 8000

# Minimum message length in bytes:   0
# Maximum message length in bytes:   4194304
#
# MPI_Datatype                   :   MPI_BYTE 
# MPI_Datatype for reductions    :   MPI_FLOAT
# MPI_Op                         :   MPI_SUM  
#
#

# List of Benchmarks to run:

# Alltoallv

#----------------------------------------------------------------
# Benchmarking Alltoallv 
# #processes = 8 
#----------------------------------------------------------------
       #bytes #repetitions  t_min[usec]  t_max[usec]  t_avg[usec]
            0       800000         2.68         2.84         2.76
            1       800000         5.26         5.61         5.39
            2       800000         5.32         5.67         5.45
            4       800000         5.32         5.72         5.53
            8       800000         5.26         5.70         5.49
           16       800000         5.26         5.70         5.49
           32       800000         5.09         5.50         5.30
           64       655360         5.01         5.38         5.17
          128       327680         5.00         5.36         5.15
          256       163840         5.01         5.35         5.15
          512        81920         5.03         5.39         5.19
         1024        40960         5.09         5.42         5.23
         2048        20480         5.09         5.46         5.25
         4096        10240         5.22         5.55         5.37
         8192         5120         5.53         5.89         5.66
        16384         2560         6.35         6.69         6.49
        32768         1280         7.94         8.24         8.04
        65536          640        11.96        12.18        12.11
       131072          320        40.14        42.57        41.53
       262144          160        66.08        73.27        67.62
       524288           80        94.16       104.68        97.50
      1048576           40       148.46       164.53       157.39
      2097152           20       252.79       272.72       266.98
      4194304           10       458.25       476.06       465.61


# All processes entering MPI_Finalize

DEBUG: caught signal to interrupt (Child exited).
Cleaning up
 Closed perf event handles
DEBUG: caught signal to interrupt (Child exited).
Cleaning up
 Closed perf event handles
DEBUG: caught signal to interrupt (Child exited).
Cleaning up
 Closed perf event handles
DEBUG: caught signal to interrupt (Child exited).
Cleaning up
 Closed perf event handles
DEBUG: caught signal to interrupt (Child exited).
Cleaning up
 Closed perf event handles
DEBUG: caught signal to interrupt (Child exited).
Cleaning up
 Closed perf event handles
 Zeroed uncore PMU registers
DEBUG: caught signal to interrupt (Child exited).
Cleaning up
 Closed perf event handles
 Zeroed uncore PMU registers
 Zeroed uncore PMU registers
 Zeroed uncore PMU registers
DEBUG: caught signal to interrupt (Child exited).
Cleaning up
 Zeroed uncore PMU registers
 Closed perf event handles
 Zeroed uncore PMU registers
 Zeroed uncore PMU registers
 Zeroed uncore PMU registers
	Command being timed: "/opt/nec/ve/bin/mpirun -n 8 /usr/sbin/pcm 0.1 -csv=./output/6/ve_Intel_VE_6.csv -- ./VE/mpi-benchmarks-master/src_c/IMB-MPI1 -npmin 8 alltoallv -iter 800000 -time 80000 -mem 8000"
	User time (seconds): 3.47
	System time (seconds): 2.58
	Percent of CPU this job got: 11%
	Elapsed (wall clock) time (h:mm:ss or m:ss): 0:54.08
	Average shared text size (kbytes): 0
	Average unshared data size (kbytes): 0
	Average stack size (kbytes): 0
	Average total size (kbytes): 0
	Maximum resident set size (kbytes): 141572
	Average resident set size (kbytes): 0
	Major (requiring I/O) page faults: 0
	Minor (reclaiming a frame) page faults: 5306
	Voluntary context switches: 90928
	Involuntary context switches: 5976
	Swaps: 0
	File system inputs: 0
	File system outputs: 31272
	Socket messages sent: 0
	Socket messages received: 0
	Signals delivered: 0
	Page size (bytes): 4096
	Exit status: 0


 Intel(r) Performance Counter Monitor  Intel(r) Performance Counter Monitor (2022-11-24 10:18:12 +0100 ID=1b16bb4e)(2022-11-24 10:18:12 +0100 ID=1b16bb4e)





PCM Info: setrlimit for file limit PCM Info: setrlimit for file limit 10000001000000 failed with error 
 failed with error Operation not permitted Intel(r) Performance Counter Monitor Operation not permitted
(2022-11-24 10:18:12 +0100 ID=1b16bb4e)




=====  Processor information  =====

=====  Processor information  =====

PCM Info: setrlimit for file limit  Intel(r) Performance Counter Monitor 1000000(2022-11-24 10:18:12 +0100 ID=1b16bb4e) failed with error 
Operation not permitted


PCM Info: setrlimit for file limit 
=====  Processor information  =====
1000000 failed with error Operation not permitted

=====  Processor information  =====
Linux arch_perfmon flag  : yes
Hybrid processor         : no
IBRS and IBPB supported  : yes
STIBP supported          : yes
Spec arch caps supported : yes
Max CPUID level          : Linux arch_perfmon flag  : 22yes

CPU model number         : Hybrid processor         : 85no

IBRS and IBPB supported  : yes
STIBP supported          : yes
Spec arch caps supported : yes
Max CPUID level          : 22
CPU model number         : 85

 Intel(r) Performance Counter Monitor (2022-11-24 10:18:12 +0100 ID=1b16bb4e)


PCM Info: setrlimit for file limit 1000000 failed with error Operation not permitted

=====  Processor information  =====
Linux arch_perfmon flag  : yes
Hybrid processor         : no
IBRS and IBPB supported  : yes
STIBP supported          : yes
Spec arch caps supported : yes
Max CPUID level          : 22
CPU model number         : 85

 Intel(r) Performance Counter Monitor 
(2022-11-24 10:18:12 +0100 ID=1b16bb4e) Intel(r) Performance Counter Monitor 
(2022-11-24 10:18:12 +0100 ID=1b16bb4e)



PCM Info: setrlimit for file limit 
1000000 failed with error Operation not permitted
PCM Info: setrlimit for file limit 1000000 failed with error Operation not permitted
=====  Processor information  =====


=====  Processor information  =====
Linux arch_perfmon flag  : yesLinux arch_perfmon flag  : 
Hybrid processor         : no
yesIBRS and IBPB supported  : 
yesHybrid processor         : 
noSTIBP supported          : 
yesIBRS and IBPB supported  : 
yesSpec arch caps supported : 
yesSTIBP supported          : 
yesMax CPUID level          : 
22Spec arch caps supported : 
yes
CPU model number         : 
85 Intel(r) Performance Counter Monitor Max CPUID level          : 
(2022-11-24 10:18:12 +0100 ID=1b16bb4e)22


CPU model number         : 
85
Linux arch_perfmon flag  : PCM Info: setrlimit for file limit Linux arch_perfmon flag  : yes1000000
yes failed with error Hybrid processor         : 
Operation not permittednoHybrid processor         : 

noIBRS and IBPB supported  : 
yesIBRS and IBPB supported  : 
=====  Processor information  =====

yesSTIBP supported          : 
yesSTIBP supported          : 
yesSpec arch caps supported : 
yesSpec arch caps supported : 
yesMax CPUID level          : 
22Max CPUID level          : 
22CPU model number         : 
85CPU model number         : 
85
Linux arch_perfmon flag  : yes
Hybrid processor         : no
IBRS and IBPB supported  : yes
STIBP supported          : yes
Spec arch caps supported : yes
Max CPUID level          : 22
CPU model number         : 85
Number of physical cores: 16
Number of logical cores: 16
Number of online logical cores: 16
Threads (logical cores) per physical core: 1
Num sockets: 2
Physical cores per socket: Number of physical cores: 16
Number of logical cores: 16
Number of online logical cores: 16
Number of physical cores: Threads (logical cores) per physical core: Number of physical cores: 1Number of physical cores: 16Number of physical cores: 
1616
16Num sockets: 

Number of logical cores: 
2Number of logical cores: Number of logical cores: 16Number of logical cores: 
1616
16Physical cores per socket: 

Number of online logical cores: 
8Number of online logical cores: Number of online logical cores: 16Number of physical cores: 816Number of online logical cores: 


161616Last level cache slices per socket: 
Last level cache slices per socket: Number of logical cores: 


0Threads (logical cores) per physical core: 016Threads (logical cores) per physical core: Threads (logical cores) per physical core: Threads (logical cores) per physical core: 
1

111Core PMU (perfmon) version: 
Core PMU (perfmon) version: Number of online logical cores: 


4Num sockets: 416Num sockets: Num sockets: Num sockets: 
Number of core PMU generic (programmable) counters: 28


Physical cores per socket: Number of core PMU generic (programmable) counters: Width of generic (programmable) counters: 8848

 bits
Last level cache slices per socket: Width of generic (programmable) counters: Number of core PMU fixed counters: 0483
 bits

Core PMU (perfmon) version: Number of core PMU fixed counters: Width of fixed counters: 4348

 bits
Number of core PMU generic (programmable) counters: Width of fixed counters: Nominal core frequency: 8482100000000
 bits

 Hz
2Width of generic (programmable) counters: Nominal core frequency: Threads (logical cores) per physical core: IBRS enabled in the kernel   : 
4821000000001noPhysical cores per socket:  bits
 Hz


8Number of core PMU fixed counters: IBRS enabled in the kernel   : Num sockets: STIBP enabled in the kernel  : 
3no2noLast level cache slices per socket: 



0Width of fixed counters: STIBP enabled in the kernel  : Physical cores per socket: The processor is not susceptible to Rogue Data Cache Load: 
48no8noCore PMU (perfmon) version:  bits



4Nominal core frequency: The processor is not susceptible to Rogue Data Cache Load: Last level cache slices per socket: The processor supports enhanced IBRS                     : 
2100000000no
The processor supports enhanced IBRS                     : no

=====  Processor topology  =====
OS_Processor    Thread_Id       Core_Id         Tile_Id         Package_Id      Core_Type   Native_CPU_Model
0               0               0               0               0               invalid         -1              
1               0               1               1               0               invalid         -1              
2               0               2               2               0               invalid         -1              
3               0               3               3               0               invalid         -1              
4               0               4               4               0               invalid         -1              
5               0               5               5               0               invalid         -1              
6               0               6               6               0               invalid         -1              
7               0               0noNumber of core PMU generic (programmable) counters:  Hz
7               

8IBRS enabled in the kernel   : 7               Core PMU (perfmon) version: 
=====  Processor topology  =====

no0               4OS_Processor    Thread_Id       Core_Id         Tile_Id         Package_Id      Core_Type   Native_CPU_Model
Width of generic (programmable) counters: 
invalid
0               48STIBP enabled in the kernel  :  Number of core PMU generic (programmable) counters: 0                bits
no 80               Number of core PMU fixed counters: 
 
0               3The processor is not susceptible to Rogue Data Cache Load:  Width of generic (programmable) counters: 0               
no 48invalidWidth of fixed counters: 
  bits
 48The processor supports enhanced IBRS                     :  Number of core PMU fixed counters:   bits
no  -1              
8               0               0               8               1               invalid         -1              
9               0               1               9               1               invalid         -1              
10              0               2               10              1               invalid         -1              
11              0               3               11              1               invalid         -1              
12              0               4               12              1               invalid         -1              
13              0               5               13              1               invalid         -1              
14              0               6               14              1               invalid         -1              3 Nominal core frequency: 


 2100000000
=====  Processor topology  =====
15              Width of fixed counters:   Hz
OS_Processor    Thread_Id       Core_Id         Tile_Id         Package_Id      Core_Type   Native_CPU_Model
0               48 IBRS enabled in the kernel   : 0               7                bits
 no0               15              Nominal core frequency:  
0               1               2100000000 STIBP enabled in the kernel  : 0               invalid Hz
-1              no0                IBRS enabled in the kernel   : 

invalid no1               The processor is not susceptible to Rogue Data Cache Load:   
0               no  STIBP enabled in the kernel  : 1               
  no1               The processor supports enhanced IBRS                     :  2 2
Physical cores per socket: 8
Last level cache slices per socket: 0
Core PMU (perfmon) version: 4
Number of core PMU generic (programmable) counters: 8
Width of generic (programmable) counters: 48 bits
Number of core PMU fixed counters: 3
Width of fixed counters: 48 bits
Nominal core frequency: 2100000000 Hz
IBRS enabled in the kernel   : no
STIBP enabled in the kernel  : no
The processor is not susceptible to Rogue Data Cache Load: no
The processor supports enhanced IBRS                     : no

=====  Processor topology  =====
OS_Processor    Thread_Id       Core_Id         Tile_Id         Package_Id      Core_Type   Native_CPU_Model
0               0               0               0               0               invalid         -1              
1               0               1               1               0               invalid         -1              
2               0               2               2               0               invalid         -1              
3               
0               no 
 0               The processor is not susceptible to Rogue Data Cache Load: invalid
 Physical cores per socket:  3               no 
=====  Processor topology  =====
 8 3               
 OS_Processor    Thread_Id       Core_Id         Tile_Id         Package_Id      Core_Type   Native_CPU_Model
 
-1              0               The processor supports enhanced IBRS                     :  0                Last level cache slices per socket: 
invalidno 0               -1              0=====  Placement on packages  =====
 
 0               

Package Id.    Core Id.     Processors
  
=====  Processor topology  =====
  0               1               0               Core PMU (perfmon) version: 0                OS_Processor    Thread_Id       Core_Id         Tile_Id         Package_Id      Core_Type   Native_CPU_Model
  0               1               40  0               -1              invalid1               
,  0               
 0               Number of core PMU generic (programmable) counters: 1-1              
invalid         -1              
2               0               2               2               0               invalid         -1              
3               0               3               3               0               invalid         -1              
4               0               4               4               0               invalid         -1              
5               0               5               5               0               invalid         -1              
6               0               6               6               0               invalid         -1              
7               0               7               7               0               invalid         -1              
8               0               0               8               1               invalid         -1              
0               2                8,4               9               0               0                
20               0               0               2                Width of generic (programmable) counters: ,4               1               invalid2                4834               9                0                 bits
,0               1                invalid Number of core PMU fixed counters: 4invalidinvalid   3,     
5    -1              Width of fixed counters: ,        
486     -1              
10              0               2               10              1               invalid         -1              
11              0               3               11              1               invalid         -1              
12              0               4               12              1               invalid         -1              
13              0               5               13              1               invalid         -1              
14              0               6               14              1               invalid         -1              
15              0               7               15              1               invalid         -1              
=====  Placement on packages  =====
Package Id.    Core Id.     Processors
0              0,1,2,3,4,5,6,7
1              0,1,2,3,4,5,6,7

=====  Core/Tile sharing  =====
Level      Processors
Core       (0)(1  1                bits
, )  0               Nominal core frequency: 7 (  1               2100000000
 2)-1              -1              1                Hz
1               (

0               IBRS enabled in the kernel   : 0 3)1               3               invalidno,-1              (0               0                
1
41               3                STIBP enabled in the kernel  : ,5               )1               3                no0               (5)(6)(7)(8)(9)(1020               ,0               invalid  
 5               5               )0               (invalid11 3)invalid  ,The processor is not susceptible to Rogue Data Cache Load: (    4no12     ,
)       -1              
6               0               6               6               0               invalid         -1              
7               0               7               7               0               invalid         5-1              The processor supports enhanced IBRS                     : ,(
 no-1              6 138                

, )0                
=====  Processor topology  =====
2               7 (0                OS_Processor    Thread_Id       Core_Id         Tile_Id         Package_Id      Core_Type   Native_CPU_Model
0               
 148                0               2               
=====  Core/Tile sharing  =====
 )1               -1              0               2               0               Level      Processors
Core        (invalid
0               invalid(-1              15 4               0                0
) 0               0                )2               
Tile / L2$  4               invalid (0               ( 4                 12               0 0                 )2               ) invalid  (0               (    2invalid1    ) )    ( (-1                -1              3 2
  
) )9                 3               ( (0                -1              0               4 31                
3               ) )9                1               3               ( (1               -1              0               0               5 4invalid
1               invalid)-1              )  5               1                (
( 0               0                63               5 5               invalid )(0               ) 5                 73               ( 0                 )3               6 invalid  (0               )    8invalid(    ) 7-1                 ( )
  -1              9 (10                
) 80                 4               ( )2                -1              0               10 (10               
4               )( 91                2               4               11 )invalid-1              0               0               ) ( 
2               invalid(-1              10 6               2                12
) 0               0                )4               ( 6               invalid (0               11 6                 134               ) 0                 )4               ( invalid  (0               12    14invalid)    ) (-1                 ( 13
  -1              15 )11                
) (0                 5               
Tile / L2$  143                -1              0               ( )11               
5               0 (1                3               5               ) 15invalid-1              0               0               ( ) 
3               invalid1-1              
 7               3                )

  0               0                (5               Package thermal spec power:  7               invalid 20               0 7                 )5                Watt;  0                 (5               Package minimum power:  invalid  30               0    )invalid Watt; -1                 ( Package maximum power: 
   4 012                -1              )  Watt;
0                 
( 4                 6               5 12               -1              0               ) 1                
6               ( invalid 4               6               
6  -1              0               0               )  Can't open MCFG table. Check permission of 
4               invalid(-1               /sys/firmware/acpi/tables/MCFG8               4                7
 
0               0                )6                Can't open MCFG table. Check permission of 0               invalid (0                /sys/firmware/acpi/tables/MCFG18                 86                
1                 )6                 Can't open MCFG table. Check permission of invalid  (0               -1              /pcm/sys/firmware/acpi/tables/MCFG   9invalid

   ) 13              Can't open MCFG table. Check permission of    ( 0               /pcm/sys/firmware/acpi/tables/MCFG1  -1              10 5               
  
) 13                7               ( WARNING: enumeration of devices in UncorePMUDiscovery failed
1                -1              0               11 invalid 
7               )   5               7               (  -1              0               0               12  
5               invalid)-1               9               5                (
 0               0                137                1               invalid )0                9                 (7                1                 147                invalid  )0               -1                 (invalid
   15 14                 ) 0                 -1              
 6                 INFO: Linux perf interface to program uncore PMUs is 

 14                present
8               Package thermal spec power:  1                -1              0               0 invalid 
0               INFO: using Linux perf interface to program uncore PMUs because env variable PCM_USE_UNCORE_PERF=1
 Watt;    6               8               INFO: Secure Boot detected. Using Linux perf for uncore PMU programming.
Package minimum power:   -1              0               1               0  
6               invalid Watt; -1               10              6                Package maximum power: 
 0               0                08                2               invalid  Watt;
0                10                 0                1                 8                invalid   1               -1                 invalid
  -1              
 15                
 0                 Can't open MCFG table. Check permission of  9                7                /sys/firmware/acpi/tables/MCFG 0                15                
 1                1                Can't open MCFG table. Check permission of -1              9                invalid-1              /sys/firmware/acpi/tables/MCFG1
1                 

7               invalid  11              Can't open MCFG table. Check permission of 0                  0               /pcm/sys/firmware/acpi/tables/MCFG7                 -1               3               
7                
 11              Can't open MCFG table. Check permission of 0                 9                1               /pcm/sys/firmware/acpi/tables/MCFG1invalid 0                invalid
  1                    9               WARNING: enumeration of devices in UncorePMUDiscovery failed
-1                -1              1               
  
invalid=====  Placement on packages  =====
  10               Package Id.    Core Id.     Processors
  0                0                2                0  10               ,  1                1 -1              invalid ,-1              
  2
8                  ,12              0                  30               0                 -1              ,4               8                
412              1                10              ,1               invalid-1              0               5invalid 
2               ,  11              10              6  0               1               ,  3               invalid7  11               
  1                1                invalid 0    ,INFO: Linux perf interface to program uncore PMUs is      1present
 -1                 ,INFO: using Linux perf interface to program uncore PMUs because env variable PCM_USE_UNCORE_PERF=1
-1              
  2INFO: Secure Boot detected. Using Linux perf for uncore PMU programming.

9                  ,13              0                 30               1               -1              -1              ,5               9               

413              1               12              11              ,1               invalid0               0               5invalid 4               3               ,  12              11              6  1               1               ,  invalidinvalid7      
      
=====  Core/Tile sharing  =====
     Level      Processors
Core           (  -1               0 -1              
 )-1              
13               (
10              0                114              0               5                )0               2               13              -1              (6               10              1               
214              1               invalid12              )1               invalid  0               (invalid    4               3    12              )   1               (    invalid4  -1               )  
 (  14               5  0                ) -1              6                ( 
14               6-1              11              1                )
0               invalid  (15              3                    70               11               -1              )7               1                 
(15              invalid 13              81                -1              0               )invalid 
5               (9  15              13              )  0               1               (10  7               invalid)  15               (  1                11  invalid  )     ( -1                12 
  )-1              12                 (
0                  13=====  Placement on packages  =====
4                -1              )Package Id.    Core Id.     Processors
12              -1              
(0              1               
14              140invalid=====  Placement on packages  =====
0               ), Package Id.    Core Id.     Processors
Socket 6               (1 0              014              15, 0: 1               )2 ,2invalid
Tile / L2$ , 1 memory controllers detected with total number of 6 channels. 2 UPI ports detected. 2 M2M (mesh to memory) blocks detected. 0 Home Agents detected. 2 M3UPI blocks detected.
,2 , 33 (,,4 04, ),5-1              (5,
1,613              )6,0               (,75               27
13              )
1              1               (1              0invalid30, ),1 (1, 4,2 )2, (,3 53, ),4 (4, 6,5-1              )5,
(,614              76,0               ),76               (7
14              8

=====  Core/Tile sharing  =====
1               )
=====  Core/Tile sharing  =====
Level      Processors
Core       invalid(Level      Processors
Core       ( 9(0 )0) ()( 10(1 )1) ()( 11(2 )2) ()(-1              12(3
)3)15              ()(0               13(47               )4)15              ()(1               14(5invalidSocket Socket 0 1:  : 2 2 memory controllers detected with total number of   memory controllers detected with total number of 6 6 channels.   channels. 2 2   UPI)-1              5UPI ports detected.)
() ports detected. (15              15( 260               )62 M2M (mesh to memory) blocks detected. )7               
) M2M (mesh to memory) blocks detected.  0  Home Agents detected.  2  M3UPI blocks detected.
     -1              
=====  Placement on packages  =====
Package Id.    Core Id.     Processors
0              0,1,2,3,4,5,6,7
1              0,1,2,3,4,5,6,7
(715              )
1               ((invalid0Package thermal spec power: 87  Home Agents detected. 0)) 2 Watt; ((  M3UPI blocks detected.
Package minimum power: 98 0))  Watt; (( Package maximum power: 109 0))  Watt;
(( 1110-1              ))
((=====  Placement on packages  =====
1211Package Id.    Core Id.     Processors
))0              ((
01312,))Can't open MCFG table. Check permission of 1((/sys/firmware/acpi/tables/MCFG,1413
2))Can't open MCFG table. Check permission of ,((/sys/firmware/acpi/tables/MCFG131514
=====  Core/Tile sharing  =====

,))Level      Processors
Core       Can't open MCFG table. Check permission of 4
Tile / L2$ ((/pcm/sys/firmware/acpi/tables/MCFG,(150
50))Can't open MCFG table. Check permission of ,)
Tile / L2$ (/pcm/sys/firmware/acpi/tables/MCFG16((1
,10)7))WARNING: enumeration of devices in UncorePMUDiscovery failed
(
((21              21))0)(2)(3)(4)(5)(6)(7)(8)(9)(10)(11)(12)(13)(14)(15)

Package thermal spec power: 0 Watt; Package minimum power: 0 Watt; Package maximum power: 0 Watt;

Can't open MCFG table. Check permission of (,(/sys/firmware/acpi/tables/MCFG313
),)Can't open MCFG table. Check permission of (2(/sys/firmware/acpi/tables/MCFG1
4,4Can't open MCFG table. Check permission of )3)/pcm/sys/firmware/acpi/tables/MCFG(,(
545Can't open MCFG table. Check permission of ),)/pcm/sys/firmware/acpi/tables/MCFG1(5(
6,6)6,)WARNING: enumeration of devices in UncorePMUDiscovery failed
(7(7
7)
=====  Core/Tile sharing  =====
)(Level      Processors
Core       (8(8)0)INFO: Linux perf interface to program uncore PMUs is Socket ()(present
19(9)INFO: using Linux perf interface to program uncore PMUs because env variable PCM_USE_UNCORE_PERF=1
: )1(INFO: Secure Boot detected. Using Linux perf for uncore PMU programming.
2()10 memory controllers detected with total number of 10()6)2( channels. ()INFO: Linux perf interface to program uncore PMUs is 11211(present
) )3INFO: using Linux perf interface to program uncore PMUs because env variable PCM_USE_UNCORE_PERF=1
(UPI()INFO: Secure Boot detected. Using Linux perf for uncore PMU programming.
12 ports detected.12() )4(2()13 M2M (mesh to memory) blocks detected. 13()0 Home Agents detected. 2 M3UPI blocks detected.
)5(()1414())6(()1515())7

Tile / L2$ )
((Package thermal spec power: 080)) Watt; ((Package minimum power: 190)) Watt; ((Package maximum power: 2100)) Watt;
((311))((412))((513))((614))((7
15))(
Tile / L2$ 8Can't open MCFG table. Check permission of ()/sys/firmware/acpi/tables/MCFG0(
)9Can't open MCFG table. Check permission of ()/sys/firmware/acpi/tables/MCFG11(
)10Can't open MCFG table. Check permission of ()/pcm/sys/firmware/acpi/tables/MCFG2(
)11Can't open MCFG table. Check permission of ()/pcm/sys/firmware/acpi/tables/MCFG13(
)12()4(WARNING: enumeration of devices in UncorePMUDiscovery failed
)13()5()14()6()15()7
)
(Package thermal spec power: 80) Watt; (Package minimum power: 90) Watt; (Package maximum power: 100) Watt;
(11)(12)(13)(14)(15)

Package thermal spec power: 0 Watt; Package minimum power: 0 Watt; Package maximum power: 0 Watt;

Can't open MCFG table. Check permission of /sys/firmware/acpi/tables/MCFG
Can't open MCFG table. Check permission of /sys/firmware/acpi/tables/MCFG1
Can't open MCFG table. Check permission of /pcm/sys/firmware/acpi/tables/MCFG
Can't open MCFG table. Check permission of /pcm/sys/firmware/acpi/tables/MCFG1

Can't open MCFG table. Check permission of WARNING: enumeration of devices in UncorePMUDiscovery failed
/sys/firmware/acpi/tables/MCFGINFO: Linux perf interface to program uncore PMUs is 
present
Can't open MCFG table. Check permission of INFO: using Linux perf interface to program uncore PMUs because env variable PCM_USE_UNCORE_PERF=1
/sys/firmware/acpi/tables/MCFG1INFO: Secure Boot detected. Using Linux perf for uncore PMU programming.

Can't open MCFG table. Check permission of /pcm/sys/firmware/acpi/tables/MCFG
Can't open MCFG table. Check permission of /pcm/sys/firmware/acpi/tables/MCFG1
WARNING: enumeration of devices in UncorePMUDiscovery failed
INFO: Linux perf interface to program uncore PMUs is present
INFO: using Linux perf interface to program uncore PMUs because env variable PCM_USE_UNCORE_PERF=1
INFO: Secure Boot detected. Using Linux perf for uncore PMU programming.
Number of physical cores: 16
Number of logical cores: 16
Number of online logical cores: 16
Threads (logical cores) per physical core: 1
Num sockets: 2
Physical cores per socket: 8
Last level cache slices per socket: 0
Core PMU (perfmon) version: 4
Number of core PMU generic (programmable) counters: 8
Width of generic (programmable) counters: 48 bits
Number of core PMU fixed counters: 3
Width of fixed counters: 48 bits
Nominal core frequency: 2100000000 Hz
IBRS enabled in the kernel   : no
STIBP enabled in the kernel  : no
The processor is not susceptible to Rogue Data Cache Load: no
The processor supports enhanced IBRS                     : no

=====  Processor topology  =====
OS_Processor    Thread_Id       Core_Id         Tile_Id         Package_Id      Core_Type   Native_CPU_Model
0               0               0               0               0               invalid         -1              
1               0               1               1               0               invalid         -1              
2               0               2               2               0               invalid         -1              
3               0               3               3               0               invalid         -1              
4               0               4               4               0               invalid         -1              
5               0               5               5               0               invalid         -1              
6               0               6               6               0               invalid         -1              
7               0               7               7               0               invalid         -1              
8               0               0               8               1               invalid         -1              
9               0               1               9               1               invalid         -1              
10              0               2               10              1               invalid         -1              
11              0               3               11              1               invalid         -1              
12              0               4               12              1               invalid         -1              
13              0               5               13              1               invalid         -1              
14              Socket 0               06               : 14              21                memory controllers detected with total number of invalid6  channels.  2   UPI  ports detected.   2  M2M (mesh to memory) blocks detected. Socket  00-1               Home Agents detected. : 
2215              INFO: Linux perf interface to program uncore PMUs is Socket present
0INFO: using Linux perf interface to program uncore PMUs because env variable PCM_USE_UNCORE_PERF=1
: INFO: Secure Boot detected. Using Linux perf for uncore PMU programming.
2 memory controllers detected with total number of 6 channels. 2 UPI ports detected. 2 M2M (mesh to memory) blocks detected. 0 Home Agents detected. 2 M3UPI blocks detected.
 M3UPI blocks detected.
 memory controllers detected with total number of 6Socket  channels. 02:  20               UPI7                ports detected.15               1               2invalid M2M (mesh to memory) blocks detected.  0  Home Agents detected.  2  M3UPI blocks detected.
     -1              
=====  Placement on packages  =====
Package Id.    Core Id.     Processors
0              0,1,2,3,4,5,6,7
1              0,1,2,3,4,5,6,7

=====  Core/Tile sharing  =====
Level      Processors
Core       (0)(1)(2)(3)(4)(5)(6)(7)(8)(9)(10)(11)(12)(13)(14)(15)
Tile / L2$ (0)(1)(2)(3)(4)(5)(6)(7)(8)(9)(10)(11)(12)(13)(14)(15)

Package thermal spec power:  memory controllers detected with total number of 6 channels. 2 UPI ports detected. 2 M2M (mesh to memory) blocks detected. 0 Home Agents detected. 2 M3UPI blocks detected.
Socket 0: 2 memory controllers detected with total number of 6 channels. 2 UPI ports detected. 2 M2M (mesh to memory) blocks detected. 00 Home Agents detected.  Watt; 2Package minimum power:  M3UPI blocks detected.
0 Watt; Package maximum power: 0 Watt;
Socket 1Socket : INFO: using Linux resctrl driver for RDT metrics (L3OCC, LMB, RMB) because environment variable PCM_USE_RESCTRL=1
1Socket ERROR: /sys/fs/resctrl is not mounted
: 
ERROR: RDT metrics (L3OCC,LMB,RMB) will not be available
12Mount it to make it work: mount -t resctrl resctrl /sys/fs/resctrl
:  memory controllers detected with total number of Can't open MCFG table. Check permission of 26Socket  channels. 12:  2UPI memory controllers detected with total number of  ports detected.6  channels. 22 M2M (mesh to memory) blocks detected.  0UPI Home Agents detected.  ports detected.2  M3UPI blocks detected.
2 M2M (mesh to memory) blocks detected. 0 Home Agents detected. 2 M3UPI blocks detected.
INFO: using Linux resctrl driver for RDT metrics (L3OCC, LMB, RMB) because environment variable PCM_USE_RESCTRL=1
ERROR: /sys/fs/resctrl is not mounted
ERROR: RDT metrics (L3OCC,LMB,RMB) will not be available
Mount it to make it work: mount -t resctrl resctrl /sys/fs/resctrl
2 memory controllers detected with total number of 6 channels. 2 UPI ports detected. 2 M2M (mesh to memory) blocks detected. 0 Home Agents detected. 2 M3UPI blocks detected.
/sys/firmware/acpi/tables/MCFG
 memory controllers detected with total number of Can't open MCFG table. Check permission of /sys/firmware/acpi/tables/MCFG16
 channels. Can't open MCFG table. Check permission of 2/pcm/sys/firmware/acpi/tables/MCFG 
UPICan't open MCFG table. Check permission of  ports detected./pcm/sys/firmware/acpi/tables/MCFG1 
2 M2M (mesh to memory) blocks detected. 0 Home Agents detected. 2 M3UPI blocks detected.
WARNING: enumeration of devices in UncorePMUDiscovery failed

Socket 1: 2 memory controllers detected with total number of 6 channels. 2 UPI ports detected. 2 M2M (mesh to memory) blocks detected. 0 Home Agents detected. 2 M3UPI blocks detected.
INFO: Linux perf interface to program uncore PMUs is present
INFO: using Linux perf interface to program uncore PMUs because env variable PCM_USE_UNCORE_PERF=1
INFO: Secure Boot detected. Using Linux perf for uncore PMU programming.
 Closed perf event handles
Trying to use Linux perf events...

Socket 0: 2 memory controllers detected with total number of 6 channels. 2 UPI ports detected. 2 M2M (mesh to memory) blocks detected. 0 Home Agents detected. 2 M3UPI blocks detected.
Socket 1: 2 memory controllers detected with total number of 6 channels. 2 UPI ports detected. 2 M2M (mesh to memory) blocks detected. 0 Home Agents detected. 2 M3UPI blocks detected.
 Closed perf event handles
Trying to use Linux perf events...
INFO: using Linux resctrl driver for RDT metrics (L3OCC, LMB, RMB) because environment variable PCM_USE_RESCTRL=1
INFO: using Linux resctrl driver for RDT metrics (L3OCC, LMB, RMB) because environment variable PCM_USE_RESCTRL=1
ERROR: /sys/fs/resctrl is not mounted
INFO: using Linux resctrl driver for RDT metrics (L3OCC, LMB, RMB) because environment variable PCM_USE_RESCTRL=1
ERROR: /sys/fs/resctrl is not mounted
ERROR: RDT metrics (L3OCC,LMB,RMB) will not be available
ERROR: RDT metrics (L3OCC,LMB,RMB) will not be available
ERROR: /sys/fs/resctrl is not mounted
Mount it to make it work: mount -t resctrl resctrl /sys/fs/resctrl
Mount it to make it work: mount -t resctrl resctrl /sys/fs/resctrl
ERROR: RDT metrics (L3OCC,LMB,RMB) will not be available
Mount it to make it work: mount -t resctrl resctrl /sys/fs/resctrl
INFO: using Linux resctrl driver for RDT metrics (L3OCC, LMB, RMB) because environment variable PCM_USE_RESCTRL=1
ERROR: /sys/fs/resctrl is not mounted
ERROR: RDT metrics (L3OCC,LMB,RMB) will not be available
Mount it to make it work: mount -t resctrl resctrl /sys/fs/resctrl

INFO: using Linux resctrl driver for RDT metrics (L3OCC, LMB, RMB) because environment variable PCM_USE_RESCTRL=1

ERROR: /sys/fs/resctrl is not mounted
ERROR: RDT metrics (L3OCC,LMB,RMB) will not be available
Mount it to make it work: mount -t resctrl resctrl /sys/fs/resctrl

 Closed perf event handles
Trying to use Linux perf events...
 Closed perf event handles
Trying to use Linux perf events...


INFO: using Linux resctrl driver for RDT metrics (L3OCC, LMB, RMB) because environment variable PCM_USE_RESCTRL=1
 Closed perf event handles
ERROR: /sys/fs/resctrl is not mounted
Trying to use Linux perf events...
 Closed perf event handles
ERROR: RDT metrics (L3OCC,LMB,RMB) will not be available
Trying to use Linux perf events...
Mount it to make it work: mount -t resctrl resctrl /sys/fs/resctrl
 Closed perf event handles
Trying to use Linux perf events...

Successfully programmed on-core PMU using Linux perf
Successfully programmed on-core PMU using Linux perf
 Closed perf event handles
Trying to use Linux perf events...
Successfully programmed on-core PMU using Linux perf
Successfully programmed on-core PMU using Linux perf
Successfully programmed on-core PMU using Linux perf
Successfully programmed on-core PMU using Linux perf
Successfully programmed on-core PMU using Linux perf
Successfully programmed on-core PMU using Linux perf
Socket 0
Max UPI link 0 speed: 1.6 GBytes/second (0.7 GT/second)
Max UPI link 1 speed: 1.6 GBytes/second (0.7 GT/second)
Socket 1
Max UPI link 0 speed: 1.6 GBytes/second (0.7 GT/second)
Max UPI link 1 speed: 1.6 GBytes/second (0.7 GT/second)

Detected Intel(R) Xeon(R) Silver 4208 CPU @ 2.10GHz "Intel(r) microarchitecture codename Cascade Lake-SP" stepping 7

Executing "./VE/mpi-benchmarks-master/src_c/IMB-MPI1" command:
Socket 0
Max UPI link 0 speed: 1.2 GBytes/second (0.5 GT/second)
Max UPI link 1 speed: 1.2 GBytes/second (0.5 GT/second)
Socket 1
Max UPI link 0 speed: 1.6 GBytes/second (0.7 GT/second)
Max UPI link 1 speed: 1.6 GBytes/second (0.7 GT/second)

Detected Intel(R) Xeon(R) Silver 4208 CPU @ 2.10GHz "Intel(r) microarchitecture codename Cascade Lake-SP" stepping 7

Executing "./VE/mpi-benchmarks-master/src_c/IMB-MPI1" command:
Socket 0
Max UPI link 0 speed: 1.2 GBytes/second (0.5 GT/second)
Max UPI link 1 speed: 1.2 GBytes/second (0.5 GT/second)
Socket 1
Max UPI link 0 speed: 1.4 GBytes/second (0.6 GT/second)
Max UPI link 1 speed: 1.4 GBytes/second (0.6 GT/second)

Detected Intel(R) Xeon(R) Silver 4208 CPU @ 2.10GHz "Intel(r) microarchitecture codename Cascade Lake-SP" stepping 7

Executing "./VE/mpi-benchmarks-master/src_c/IMB-MPI1" command:
Socket 0
Max UPI link 0 speed: 1.5 GBytes/second (0.7 GT/second)
Max UPI link 1 speed: 1.5 GBytes/second (0.7 GT/second)
Socket 1
Max UPI link 0 speed: 1.4 GBytes/second (0.6 GT/second)
Max UPI link 1 speed: 1.4 GBytes/second (0.6 GT/second)

Detected Intel(R) Xeon(R) Silver 4208 CPU @ 2.10GHz "Intel(r) microarchitecture codename Cascade Lake-SP" stepping 7

Executing "./VE/mpi-benchmarks-master/src_c/IMB-MPI1" command:
Socket 0
Max UPI link 0 speed: 1.2 GBytes/second (0.6 GT/second)
Max UPI link 1 speed: 1.2 GBytes/second (0.6 GT/second)
Socket 1
Max UPI link 0 speed: 1.7 GBytes/second (0.7 GT/second)
Max UPI link 1 speed: 1.7Socket  GBytes/second (00.7
 GT/second)
Max 
Detected Intel(R) Xeon(R) Silver 4208 CPU @ 2.10GHz "Intel(r) microarchitecture codename Cascade Lake-SP" stepping 7
UPI link 0 speed: 1.2 GBytes/second (0.6 GT/second)
Max UPI link 1 speed: 1.2 GBytes/second (0.6 GT/second)
Socket 1
Max UPI link 0 speed: 1.5 GBytes/second (0.7 GT/second)
Max UPI link 1 speed: 1.5 GBytes/second (0.7 GT/second)

Detected Intel(R) Xeon(R) Silver 4208 CPU @ 2.10GHz "Intel(r) microarchitecture codename Cascade Lake-SP" stepping 7

Executing "./VE/mpi-benchmarks-master/src_c/IMB-MPI1" command:

Executing "./VE/mpi-benchmarks-master/src_c/IMB-MPI1" command:
Socket 0
Max UPI link 0 speed: 1.2 GBytes/second (0.6 GT/second)
Max UPI link 1 speed: 1.2 GBytes/second (0.6 GT/second)
Socket 1
Max UPI link 0 speed: 1.5 GBytes/second (0.7 GT/second)
Max UPI link 1 speed: 1.5 GBytes/second (0.7 GT/second)

Detected Intel(R) Xeon(R) Silver 4208 CPU @ 2.10GHz "Intel(r) microarchitecture codename Cascade Lake-SP" stepping 7

Executing "./VE/mpi-benchmarks-master/src_c/IMB-MPI1" command:
Socket 0
Max UPI link 0 speed: 1.3 GBytes/second (0.6 GT/second)
Max UPI link 1 speed: 1.3 GBytes/second (0.6 GT/second)
Socket 1
Max UPI link 0 speed: 1.3 GBytes/second (0.6 GT/second)
Max UPI link 1 speed: 1.3 GBytes/second (0.6 GT/second)

Detected Intel(R) Xeon(R) Silver 4208 CPU @ 2.10GHz "Intel(r) microarchitecture codename Cascade Lake-SP" stepping 7

Executing "./VE/mpi-benchmarks-master/src_c/IMB-MPI1" command:
#----------------------------------------------------------------
#    Intel(R) MPI Benchmarks 2018, MPI-1 part
#----------------------------------------------------------------
# Date                  : Mon Mar 18 13:43:41 2024
# Machine               : VE
# System                : Linux
# Release               : 4.18.0-477.15.1.el8_8.x86_64
# Version               : #1 SMP Wed Jun 28 15:04:18 UTC 2023
# MPI Version           : 3.1
# MPI Thread Environment: 


# Calling sequence was: 

# ./VE/mpi-benchmarks-master/src_c/IMB-MPI1 -npmin 8 alltoallv -iter 800000 -time 80000
#                                           -mem 8000

# Minimum message length in bytes:   0
# Maximum message length in bytes:   4194304
#
# MPI_Datatype                   :   MPI_BYTE 
# MPI_Datatype for reductions    :   MPI_FLOAT
# MPI_Op                         :   MPI_SUM  
#
#

# List of Benchmarks to run:

# Alltoallv

#----------------------------------------------------------------
# Benchmarking Alltoallv 
# #processes = 8 
#----------------------------------------------------------------
       #bytes #repetitions  t_min[usec]  t_max[usec]  t_avg[usec]
            0       800000         2.74         2.84         2.79
            1       800000         5.26         5.61         5.40
            2       800000         5.32         5.69         5.46
            4       800000         5.42         5.74         5.55
            8       800000         5.36         5.68         5.49
           16       800000         5.36         5.68         5.49
           32       800000         5.16         5.48         5.30
           64       655360         5.05         5.36         5.16
          128       327680         5.01         5.35         5.14
          256       163840         5.03         5.34         5.15
          512        81920         5.08         5.38         5.18
         1024        40960         5.11         5.43         5.23
         2048        20480         5.14         5.47         5.26
         4096        10240         5.25         5.67         5.40
         8192         5120         5.52         5.87         5.66
        16384         2560         6.35         6.73         6.50
        32768         1280         7.95         8.27         8.06
        65536          640        12.09        12.35        12.18
       131072          320        40.89        43.05        41.75
       262144          160        65.10        73.07        67.29
       524288           80        93.79       103.50        96.63
      1048576           40       146.73       163.90       156.72
      2097152           20       259.03       273.01       267.52
      4194304           10       464.29       476.11       468.62


# All processes entering MPI_Finalize

DEBUG: caught signal to interrupt (Child exited).
Cleaning up
 Closed perf event handles
DEBUG: caught signal to interrupt (Child exited).
Cleaning up
 Closed perf event handles
DEBUG: caught signal to interrupt (Child exited).
Cleaning up
DEBUG: caught signal to interrupt ( Closed perf event handles
Child exited).
Cleaning up
 Closed perf event handles
DEBUG: caught signal to interrupt (Child exited).
Cleaning up
DEBUG: caught signal to interrupt (Child exited).
Cleaning up
 Closed perf event handles
 Closed perf event handles
DEBUG: caught signal to interrupt (Child exited).
Cleaning up
DEBUG: caught signal to interrupt (Child exited).
Cleaning up
 Closed perf event handles
 Closed perf event handles
 Zeroed uncore PMU registers
 Zeroed uncore PMU registers
 Zeroed uncore PMU registers
 Zeroed uncore PMU registers
 Zeroed uncore PMU registers
 Zeroed uncore PMU registers
 Zeroed uncore PMU registers
 Zeroed uncore PMU registers
	Command being timed: "/opt/nec/ve/bin/mpirun -n 8 /usr/sbin/pcm 0.1 -csv=./output/6/ve_Intel_0_6.csv -- ./VE/mpi-benchmarks-master/src_c/IMB-MPI1 -npmin 8 alltoallv -iter 800000 -time 80000 -mem 8000"
	User time (seconds): 3.52
	System time (seconds): 2.37
	Percent of CPU this job got: 10%
	Elapsed (wall clock) time (h:mm:ss or m:ss): 0:54.00
	Average shared text size (kbytes): 0
	Average unshared data size (kbytes): 0
	Average stack size (kbytes): 0
	Average total size (kbytes): 0
	Maximum resident set size (kbytes): 141480
	Average resident set size (kbytes): 0
	Major (requiring I/O) page faults: 0
	Minor (reclaiming a frame) page faults: 5301
	Voluntary context switches: 90286
	Involuntary context switches: 6338
	Swaps: 0
	File system inputs: 0
	File system outputs: 32352
	Socket messages sent: 0
	Socket messages received: 0
	Signals delivered: 0
	Page size (bytes): 4096
	Exit status: 0
