
 Intel(r) Performance Counter Monitor (2022-11-24 10:18:12 +0100 ID=1b16bb4e)


PCM Info: setrlimit for file limit 1000000 failed with error Operation not permitted

 Intel(r) Performance Counter Monitor 
(2022-11-24 10:18:12 +0100 ID=1b16bb4e)

=====  Processor information  =====
 Intel(r) Performance Counter Monitor 
 Intel(r) Performance Counter Monitor (2022-11-24 10:18:12 +0100 ID=1b16bb4e)
(2022-11-24 10:18:12 +0100 ID=1b16bb4e)






PCM Info: setrlimit for file limit 
 Intel(r) Performance Counter Monitor 1000000PCM Info: setrlimit for file limit (2022-11-24 10:18:12 +0100 ID=1b16bb4e)PCM Info: setrlimit for file limit  failed with error 1000000
1000000Operation not permitted failed with error Linux arch_perfmon flag  : 
 failed with error 
Operation not permittedyes
Operation not permitted


=====  Processor information  =====

PCM Info: setrlimit for file limit Hybrid processor         : 
=====  Processor information  =====
1000000no
=====  Processor information  =====
 failed with error 
Operation not permittedIBRS and IBPB supported  : 
yes

STIBP supported          : 
=====  Processor information  =====
 Intel(r) Performance Counter Monitor Linux arch_perfmon flag  : yes(2022-11-24 10:18:12 +0100 ID=1b16bb4e)yes
Linux arch_perfmon flag  : 

Linux arch_perfmon flag  : Spec arch caps supported : yes
Hybrid processor         : yesyes

no

Hybrid processor         : Linux arch_perfmon flag  : 
PCM Info: setrlimit for file limit Hybrid processor         : Max CPUID level          : noyesIBRS and IBPB supported  : 1000000no22


yes failed with error 

IBRS and IBPB supported  :  Intel(r) Performance Counter Monitor Hybrid processor         : 
STIBP supported          : Operation not permittedyesIBRS and IBPB supported  : 
CPU model number         : 
yesyes(2022-11-24 10:18:12 +0100 ID=1b16bb4e)85Spec arch caps supported : 

no
=====  Processor information  =====


yesSTIBP supported          : STIBP supported          : 


yesyesIBRS and IBPB supported  : 
Max CPUID level          : 

yes22Spec arch caps supported : Spec arch caps supported : yes
PCM Info: setrlimit for file limit 

yesMax CPUID level          : 1000000STIBP supported          : CPU model number         : Linux arch_perfmon flag  : 
22 failed with error yes85yesMax CPUID level          : 
Operation not permitted


22CPU model number         : 
Spec arch caps supported : Hybrid processor         : 
85yesnoCPU model number         : 
=====  Processor information  =====



85Max CPUID level          : IBRS and IBPB supported  : 
22yes

CPU model number         : STIBP supported          : 85yes

Spec arch caps supported : yes
Max CPUID level          : 22Linux arch_perfmon flag  : 
yesCPU model number         : 
85Hybrid processor         : 
no
IBRS and IBPB supported  : yes
STIBP supported          : yes
Spec arch caps supported : yes
Max CPUID level          : 22
CPU model number         : 85

 Intel(r) Performance Counter Monitor (2022-11-24 10:18:12 +0100 ID=1b16bb4e)


PCM Info: setrlimit for file limit 1000000 failed with error Operation not permitted

=====  Processor information  =====
Linux arch_perfmon flag  : yes
Hybrid processor         : no
IBRS and IBPB supported  : yes
STIBP supported          : yes
Spec arch caps supported : yes
Max CPUID level          : 22
CPU model number         : 85
Number of physical cores: 16
Number of logical cores: 16
Number of online logical cores: 16
Threads (logical cores) per physical core: 1
Num sockets: 2
Number of physical cores: Physical cores per socket: Number of physical cores: 816Number of physical cores: 

16Last level cache slices per socket: 16Number of logical cores: 
0
16Number of logical cores: 
Number of logical cores: 
16Core PMU (perfmon) version: 16Number of online logical cores: 
4
16Number of online logical cores: 
Number of online logical cores: 
16Number of core PMU generic (programmable) counters: 16Threads (logical cores) per physical core: 
8
1Threads (logical cores) per physical core: 
Threads (logical cores) per physical core: 
1Width of generic (programmable) counters: 1Num sockets: 
48
2Num sockets:  bits
Num sockets: 
2Number of core PMU fixed counters: 2Physical cores per socket: 
3
8Physical cores per socket: 
Physical cores per socket: 
8Width of fixed counters: 8Last level cache slices per socket: Number of physical cores: 0
Core PMU (perfmon) version: 164

Number of logical cores: Number of core PMU generic (programmable) counters: 168

Number of online logical cores: Width of generic (programmable) counters: 1648
 bits
Threads (logical cores) per physical core: Number of core PMU fixed counters: 13

Num sockets: Width of fixed counters: 248
 bits
Physical cores per socket: Nominal core frequency: 82100000000
 Hz
Last level cache slices per socket: IBRS enabled in the kernel   : 0no

Core PMU (perfmon) version: STIBP enabled in the kernel  : 4no

Number of core PMU generic (programmable) counters: The processor is not susceptible to Rogue Data Cache Load: 8no

Width of generic (programmable) counters: The processor supports enhanced IBRS                     : 48no bits

Number of core PMU fixed counters: 
=====  Processor topology  =====
3OS_Processor    Thread_Id       Core_Id         Tile_Id         Package_Id      Core_Type   Native_CPU_Model

0               Width of fixed counters: 0               480                bits
0               Nominal core frequency: 0               2100000000invalid Hz
 IBRS enabled in the kernel   :  no 
 STIBP enabled in the kernel  :  no 
 Number of physical cores: The processor is not susceptible to Rogue Data Cache Load:  Number of physical cores: no 16
-1              16
The processor supports enhanced IBRS                     : 

Number of physical cores: Number of logical cores: 
noNumber of logical cores: 1               481616Last level cache slices per socket: 
160               
 bits

0
=====  Processor topology  =====

1               Number of online logical cores: Nominal core frequency: Number of logical cores: 
OS_Processor    Thread_Id       Core_Id         Tile_Id         Package_Id      Core_Type   Native_CPU_Model
Number of online logical cores: 1               16210000000016Core PMU (perfmon) version: 0               160               
 Hz

40               
invalidThreads (logical cores) per physical core: IBRS enabled in the kernel   : Number of online logical cores: 
0               Threads (logical cores) per physical core:  1no16Number of core PMU generic (programmable) counters: 0               1 


80               
 Num sockets: STIBP enabled in the kernel  : Threads (logical cores) per physical core: 
invalidNum sockets:       -1              
2               0               2               2               0               invalid         -1              
3               0               3               3               0               invalid         -1              
4               0               4               4               0               invalid         -1              
5               0               5               5               0               invalid         -1              
6               0               6               6               0               invalid         -1              
7               0               7               7               0               invalid         -1              
8               0               0               8               1               invalid         -1              
9               0               1               9               1               invalid    2no1Width of generic (programmable) counters:  2 


48 
 Physical cores per socket: The processor is not susceptible to Rogue Data Cache Load: Num sockets:  bits
 Physical cores per socket:  8no2Number of core PMU fixed counters:  8 


3 
 Last level cache slices per socket: The processor supports enhanced IBRS                     : Physical cores per socket: 
 Last level cache slices per socket: -1              0no8Width of fixed counters:  0



48 
10              Core PMU (perfmon) version: 
=====  Processor topology  =====
Last level cache slices per socket:  bits
 Core PMU (perfmon) version: 0               4OS_Processor    Thread_Id       Core_Id         Tile_Id         Package_Id      Core_Type   Native_CPU_Model
0Nominal core frequency: -1              42               
0               
2100000000

10              Number of core PMU generic (programmable) counters: 0               Core PMU (perfmon) version:  Hz
1               Number of core PMU generic (programmable) counters: 1               80               4IBRS enabled in the kernel   : 0               8invalid         -1              
11              0               3               11              1               invalid         -1              
12              0               4               12              1               invalid         -1              
13              0               5               13              1               invalid         -1              
14              0               6               14              1               invalid         -1              
15              0               7               15              1               invalid         -1              
=====  Placement on packages  =====
Package Id.    Core Id.     Processors
0              0,1,2,3,4,5,6,7
1              0,1,2,3,4,5,6,7

=====  Core/Tile sharing  =====

0               
no1               
Level      Processors
Core       Width of generic (programmable) counters: 0               Number of core PMU generic (programmable) counters: 
1               Width of generic (programmable) counters: (48invalid8STIBP enabled in the kernel  : 0               480 bits
 
noinvalid bits
)Number of core PMU fixed counters:  Width of generic (programmable) counters: 
 Number of core PMU fixed counters: 
3(Last level cache slices per socket: 3 
48 The processor is not susceptible to Rogue Data Cache Load: Width of fixed counters:   bits

 1no048 Number of core PMU fixed counters: Width of fixed counters:  )
The processor supports enhanced IBRS                     : no

=====  Processor topology  =====
OS_Processor    Thread_Id       Core_Id         Tile_Id         Package_Id      Core_Type   Native_CPU_Model
0               0               0               0               0               invalid         -1              
1               0               1               1               0               invalid    bits
  Nominal core frequency: 3 48  2100000000(
  bits
   Hz
2Width of fixed counters:  Nominal core frequency:   IBRS enabled in the kernel   : )48 2100000000 -1              
noCore PMU (perfmon) version: 4

STIBP enabled in the kernel  : Number of core PMU generic (programmable) counters: no8

The processor is not susceptible to Rogue Data Cache Load: (3 bits
)Nominal core frequency:  ( Hz
IBRS enabled in the kernel   :  no
-1              Width of generic (programmable) counters: 

1               48STIBP enabled in the kernel  : 2               0                bits
no0               1               Number of core PMU fixed counters: 
2               1               3The processor is not susceptible to Rogue Data Cache Load: 2               0               
no0               invalidWidth of fixed counters: 
invalid 48The processor supports enhanced IBRS                     :    bits
no  Nominal core frequency: 
  2100000000
=====  Processor topology  =====
   Hz
OS_Processor    Thread_Id       Core_Id         Tile_Id         Package_Id      Core_Type   Native_CPU_Model
 no
2100000000The processor supports enhanced IBRS                     : -1               Hz
4no 
IBRS enabled in the kernel   : )
 no2               (
=====  Processor topology  =====
 
0               5OS_Processor    Thread_Id       Core_Id         Tile_Id         Package_Id      Core_Type   Native_CPU_Model
 STIBP enabled in the kernel  : 2               )0               -1              no2               (0               

0               60               2               The processor is not susceptible to Rogue Data Cache Load: invalid)0               0               no (0               2               
IBRS enabled in the kernel   : no0               
 0                STIBP enabled in the kernel  :  0                no 0                
 0                The processor is not susceptible to Rogue Data Cache Load: -1              invalid no
  
3                 The processor supports enhanced IBRS                     : 0                 no3                -1              
3                

=====  Processor topology  =====
0                3               OS_Processor    Thread_Id       Core_Id         Tile_Id         Package_Id      Core_Type   Native_CPU_Model
invalid 0               0                 3               0                 3               7invalid)2                The processor supports enhanced IBRS                     : (0               0                no80               invalid 
)0                 
=====  Processor topology  =====
(invalid  OS_Processor    Thread_Id       Core_Id         Tile_Id         Package_Id      Core_Type   Native_CPU_Model
9   0               )   0               (   0                10-1                 0                ) 
 -1              0                ( 1                
invalid 11 0                1                0                invalid              -1               
 1               -1              0               
1               4               1               0               0               4               invalid4                0                invalid              -1               
 2               -1              0               
2               5               2               0               0               5               invalid5                0                invalid              -1               
 3               -1              0               
3               6               3               0               0               6                invalid6               )   0               (   invalid12 -1              -1               ) 

 ( 1               4                13 0               0                1                -1               1                0               
 invalid 3                -1              0                
3                7               3                0               0                7               invalid 7                 0                 invalid    -1                
  2                 0                 2                 0               1               1               0               invalid         -1              
2               0               2               2               0               invalid         -1              
3               0               3               3               0               invalid         -1              
4               0               4               4               0               invalid         -1              
5               0               5               5               0               invalid         -1              
6               0               6               6               0               invalid         -1              
7               0               7               7               0               invalid         -1              
8               0               0               8               1               invalid         -1              
9               0               1               9               1               invalid         -1              
10              0               2               10              1               invalid         -1              
11              0               3               11              1               invalid         -1              
12              0               4               12              1               invalid         -1              
13              0               5               13              1               invalid         -1              
14              0               6               14              1               invalid         -1              
15              0               7               15              1               invalid         -1              
=====  Placement on packages  =====
Package Id.    Core Id.     Processors
0              0,1,2,3,4,5,6,7
1              0,1,2,3,4,5,6,7

=====  Core/Tile sharing  =====
Level      Processors
Core       (0)(1)(2)(3)(4)(5)(6)(7))( 8( )14 ()-1              9(
)154               ()0               10
Tile / L2$ 4               )(4               (00               11)invalid)( (1 12) )( (2 13) )( (3 14) )(-1              (4
15)5               )(0               
Tile / L2$ 55               ()5               0(1               64               )1               (0               4               7invalid0               ) invalid(  8  )  (  9  )  (  10  )-1               (
-1              112               
)0               5               (2               0               122               5               )0               5               (invalid0               13 invalid)  (2               14 0               -1              ) invalid
(  4               15 -1              0               ) 
4               
 8               4               
 0               0                Package thermal spec power: 0               invalid 08                  Watt; 1                 Package minimum power: invalid -1              0  
 Watt;   3               Package maximum power:   0               00                Watt;
)invalid( 1 ) ( 2 ) ( 3 ) (-1              4
)6               (0               56               )
6               (0               6invalid) (Can't open MCFG table. Check permission of  7/sys/firmware/acpi/tables/MCFG )
 (Can't open MCFG table. Check permission of  8/sys/firmware/acpi/tables/MCFG1 )
        -1              
3               0               3               3               0               invalid              -1                
  4                 0                 4               -1               4               
-1              0               9               
invalid0               6                1               0                9               6                1               6                invalid0                 invalid            -1                
  5                 0                 5               -1               5               
-1              0               10              
invalid0               7                2               0                10              7                1               7                invalid0                     3               -1              
3               0               5               invalid0                5                5               (0               Can't open MCFG table. Check permission of 9 invalid/pcm/sys/firmware/acpi/tables/MCFG)  
(-1               Can't open MCFG table. Check permission of 10
 /pcm/sys/firmware/acpi/tables/MCFG1)7                
(0                117                )7                (WARNING: enumeration of devices in UncorePMUDiscovery failed
0                12invalid ) -1              ( 
13 6               ) 0               ( 6               14 6               ) 0               ( invalid15   invalid       -1                
  6                 0                 6                -1              6                
0                11              invalid-1              0                
3                8               11               0               1                0               invalid 8                 1                 invalid                  -1               
 4               -1              0               
4               7               4               0               0               7               invalid7                0                invalid              -1               
 5               -1              0               
5               8               5               0               0               0               invalid8                1                invalid              -1               
 6               -1              0               
6               9               6               0               0               1               invalid9                1                invalid              -1               
 7               -1              0               
7               10              7               0               0               2               invalid10               1                invalid           )INFO: Linux perf interface to program uncore PMUs is 
present
-1              
 INFO: using Linux perf interface to program uncore PMUs because env variable PCM_USE_UNCORE_PERF=1

Package thermal spec power: INFO: Secure Boot detected. Using Linux perf for uncore PMU programming.
-1              8               0
0                Watt; 7               0               Package minimum power: 0               8               07               1                Watt; 7               invalidPackage maximum power: 0                0invalid  Watt;
               -1               
-1              9               
0               8               1               9               1               invalid         -1              
10              0               2               10              1               invalid         -1              
11              0               3               11              1               invalid          -1                
  12                0                 4                 12              -1               1               
 invalid12              -1               0                  4                -1              12               
1               -1              8               invalid
0                11              0                0               8                3               1                11              invalid 1                 invalid          -1                
   13                0                 5               -1               13              
-1              1               9               
invalid0               12               1               0                9               4                1               12               invalid1                 Socket invalid  0   :    2    memory controllers detected with total number of  -1               6 
  channels.  14               2 0                  6               -1              UPI 14              
 ports detected.-1              1               10               
invalid0               213               2                M2M (mesh to memory) blocks detected. 0                10              05                1                Home Agents detected. 13               invalid21                  M3UPI blocks detected.
invalid            -1                
  15                0                 7               -1               15              
-1              1               11              
invalid0               14               3               0                11              6                1               14               invalid1                 invalid            -1                
  =====  Placement on packages  =====
  Package Id.    Core Id.     Processors
  0              0               -1               0
0               -1              ,12              8               
10               1               15              ,4               invalid0               212               7               ,1                15              3invalid 1               ,  invalid4   ,   5   ,   6   , -1               7 
 
 9                1              -1              0                0
1               -1              ,13              9               
10               1               =====  Placement on packages  =====
,5               invalidPackage Id.    Core Id.     Processors
213               0              ,1                03invalid ,,  14  ,,  25  ,,  36  ,, -1              47 
,
 10              5
=====  Core/Tile sharing  =====
-1              0               ,Level      Processors
Core       
2               6(14              10              ,00               1               7)6               invalid
(14               1              11                0)invalid ,(  12  ,)  2(  ,3  3)  ,( -1              44 
,) 11              5(-1              0               ,5

3               6)15              11              ,(0               1               Can't open MCFG table. Check permission of 767               invalid/sys/firmware/acpi/tables/MCFG
)15               

=====  Core/Tile sharing  =====
(1                Can't open MCFG table. Check permission of Level      Processors
Core       7invalid /sys/firmware/acpi/tables/MCFG1()  
0(  Can't open MCFG table. Check permission of )8  /pcm/sys/firmware/acpi/tables/MCFG()  
1(  Can't open MCFG table. Check permission of )9  /pcm/sys/firmware/acpi/tables/MCFG1() -1              
2( 
)10 12              WARNING: enumeration of devices in UncorePMUDiscovery failed
()-1              0               3(
4               )11=====  Placement on packages  =====
12              ()Package Id.    Core Id.     Processors
1               4(0              invalid)120 (), 5(1 )13, ()2 6(, )143 (), 7(4 )15,-1              ()5
8
Tile / L2$ ,13              )(60               (0,5               9)713              )(
1               (11              invalid10Socket )0 )1(, (: 21INFO: Linux perf interface to program uncore PMUs is  2),present
  memory controllers detected with total number of (2INFO: using Linux perf interface to program uncore PMUs because env variable PCM_USE_UNCORE_PERF=1
 63,INFO: Secure Boot detected. Using Linux perf for uncore PMU programming.
  channels. )3 2(,  44 UPI),-1               ports detected.(5
 5,14              2)60                M2M (mesh to memory) blocks detected. (,6               06714               Home Agents detected. )
1               2(
=====  Core/Tile sharing  =====
invalid  M3UPI blocks detected.
7Level      Processors
Core        )( (0 8) )( (1 9) )( (2-1              10)
)(15              (30               11)7               )(15              (41               12)invalid)( (5 13) )( (6 14) )( (7 15) )(-1              
8

)=====  Placement on packages  =====
Package thermal spec power: (Package Id.    Core Id.     Processors
090               Watt; )0Package minimum power: (,0101 Watt; ),Package maximum power: (2011, Watt;
)3(,124),(513,)6(,147)
(1              150),
Tile / L2$ 1(,02),(
31,)4(,Can't open MCFG table. Check permission of 25/sys/firmware/acpi/tables/MCFG),
(6Can't open MCFG table. Check permission of 3,/sys/firmware/acpi/tables/MCFG1)7
(
Can't open MCFG table. Check permission of 4
=====  Core/Tile sharing  =====
/pcm/sys/firmware/acpi/tables/MCFG)Level      Processors
Core       
((Can't open MCFG table. Check permission of 50/pcm/sys/firmware/acpi/tables/MCFG1))
((61))((WARNING: enumeration of devices in UncorePMUDiscovery failed
72))((83))((94))((105))((116))((127))((138))((149))((1510))
(
11Package thermal spec power: )0( Watt; 12Package minimum power: )0( Watt; 13Package maximum power: )0( Watt;
14)(15)
Tile / L2$ (0)(1)(2)(3)(4)(5)(6)(7)(8)(9)(10)(11)(12
)(13)(14)(Can't open MCFG table. Check permission of 15/sys/firmware/acpi/tables/MCFG)

Can't open MCFG table. Check permission of 
/sys/firmware/acpi/tables/MCFG1Package thermal spec power: 
0Can't open MCFG table. Check permission of  Watt; /pcm/sys/firmware/acpi/tables/MCFGPackage minimum power: 
0Can't open MCFG table. Check permission of  Watt; /pcm/sys/firmware/acpi/tables/MCFG1Package maximum power: 
0 Watt;
WARNING: enumeration of devices in UncorePMUDiscovery failed

Can't open MCFG table. Check permission of /sys/firmware/acpi/tables/MCFG
Can't open MCFG table. Check permission of /sys/firmware/acpi/tables/MCFG1
Can't open MCFG table. Check permission of /pcm/sys/firmware/acpi/tables/MCFG
Can't open MCFG table. Check permission of /pcm/sys/firmware/acpi/tables/MCFG1
WARNING: enumeration of devices in UncorePMUDiscovery failed
INFO: Linux perf interface to program uncore PMUs is present
INFO: using Linux perf interface to program uncore PMUs because env variable PCM_USE_UNCORE_PERF=1
INFO: Secure Boot detected. Using Linux perf for uncore PMU programming.
INFO: Linux perf interface to program uncore PMUs is present
INFO: using Linux perf interface to program uncore PMUs because env variable PCM_USE_UNCORE_PERF=1
INFO: Secure Boot detected. Using Linux perf for uncore PMU programming.
INFO: Linux perf interface to program uncore PMUs is present
INFO: using Linux perf interface to program uncore PMUs because env variable PCM_USE_UNCORE_PERF=1
INFO: Secure Boot detected. Using Linux perf for uncore PMU programming.

9               0               1               9               1               invalid         -1              
10              0               2               10              1               invalid         -1              
11              0               3               11              1               invalid         -1              
12              0               4               12              1               invalid         -1              
13              0               5               13              1               invalid         -1              
14              0               6               14              1               invalid         -1              
15              0               7               15              1               invalid         -1              
=====  Placement on packages  =====
Package Id.    Core Id.     Processors
0              0,1,2,3,4,5,6,7
1              0,1,2,3,4,5,6,7

=====  Core/Tile sharing  =====
Level      Processors
Core       (0)(1)(2)(3)(4)(5)(6)(7)(8)(9)(10)Socket (011: )2( memory controllers detected with total number of 126) channels. (213 )UPI( ports detected.14 )2( M2M (mesh to memory) blocks detected. 150) Home Agents detected. 
Tile / L2$ 2( M3UPI blocks detected.
0)(1)(2)(3)(4)(5)(6)( 711 ) ( 12 ) ( 13 )-1              (
1413              )0               (5               1513              )1               
Tile / L2$ invalid( 0 ) ( 1 ) ( 2 ) (-1              3
)14              (0               46               )14              (1               5invalid) ( 6 ) ( 7 ) ( 8 )-1              (
915              )0               (7               1015              )1               (invalid11 ) ( 12 ) ( 13 ) ( 14-1              )
(=====  Placement on packages  =====
15Package Id.    Core Id.     Processors
)0              
0
,1Package thermal spec power: ,02 Watt; ,Package minimum power: 30, Watt; 4Package maximum power: ,05 Watt;
,6,7
1              0,1,2,3,4,5,6,7

=====  Core/Tile sharing  =====
Level      Processors
Core       (0)(1)(2)(3)(4)(5)(6
)(7)(8)(9Can't open MCFG table. Check permission of )/sys/firmware/acpi/tables/MCFG(
10Can't open MCFG table. Check permission of )/sys/firmware/acpi/tables/MCFG1(
11Can't open MCFG table. Check permission of )/pcm/sys/firmware/acpi/tables/MCFG(
12Can't open MCFG table. Check permission of )/pcm/sys/firmware/acpi/tables/MCFG1(
13)(14)(15)
Tile / L2$ (0WARNING: enumeration of devices in UncorePMUDiscovery failed
)(1)(2)(3)(4)(5)(6)(7)(8)(9)(10)(11)(12))((138))((149))(Socket (15010): )
2(
 memory controllers detected with total number of 11Package thermal spec power: 6)0 channels. ( Watt; 212Package minimum power:  )0UPI( Watt;  ports detected.13Package maximum power:  )02( Watt;
 M2M (mesh to memory) blocks detected. 140) Home Agents detected. 2 M3UPI blocks detected.

Can't open MCFG table. Check permission of /sys/firmware/acpi/tables/MCFG
Can't open MCFG table. Check permission of /sys/firmware/acpi/tables/MCFG1
Can't open MCFG table. Check permission of /pcm/sys/firmware/acpi/tables/MCFG
Can't open MCFG table. Check permission of /pcm/sys/firmware/acpi/tables/MCFG1
WARNING: enumeration of devices in UncorePMUDiscovery failed
(15INFO: Linux perf interface to program uncore PMUs is )Socket present
Socket 
0INFO: using Linux perf interface to program uncore PMUs because env variable PCM_USE_UNCORE_PERF=1
0
: INFO: Secure Boot detected. Using Linux perf for uncore PMU programming.
: 2Package thermal spec power: 2 memory controllers detected with total number of 0 memory controllers detected with total number of 6 Watt; 6 channels. Package minimum power:  channels. 202  Watt;  UPIPackage maximum power: UPI ports detected. ports detected.  22 M2M (mesh to memory) blocks detected.  M2M (mesh to memory) blocks detected. 00 Home Agents detected.  Home Agents detected. 22 M3UPI blocks detected.
 M3UPI blocks detected.
0 Watt;
Socket 1INFO: Linux perf interface to program uncore PMUs is : present
2INFO: using Linux perf interface to program uncore PMUs because env variable PCM_USE_UNCORE_PERF=1
 memory controllers detected with total number of INFO: Secure Boot detected. Using Linux perf for uncore PMU programming.
6 channels. 2 UPI ports detected. 2 M2M (mesh to memory) blocks detected. 0 Home Agents detected. 2 M3UPI blocks detected.

Can't open MCFG table. Check permission of /sys/firmware/acpi/tables/MCFG
Can't open MCFG table. Check permission of /sys/firmware/acpi/tables/MCFG1
Can't open MCFG table. Check permission of /pcm/sys/firmware/acpi/tables/MCFG
Can't open MCFG table. Check permission of /pcm/sys/firmware/acpi/tables/MCFG1
WARNING: enumeration of devices in UncorePMUDiscovery failed
Socket 1: 2 memory controllers detected with total number of 6 channels. 2 UPI ports detected. 2 M2M (mesh to memory) blocks detected. 0 Home Agents detected. 2 M3UPI blocks detected.
Socket 0: 2 memory controllers detected with total number of 6 channels. 2 UPI ports detected. 2 M2M (mesh to memory) blocks detected. 0 Home Agents detected. 2 M3UPI blocks detected.
INFO: Linux perf interface to program uncore PMUs is present
INFO: using Linux perf interface to program uncore PMUs because env variable PCM_USE_UNCORE_PERF=1
INFO: Secure Boot detected. Using Linux perf for uncore PMU programming.
Socket 1Socket : 12:  memory controllers detected with total number of 26 memory controllers detected with total number of  channels. 62 channels.  2UPI  ports detected.UPI  ports detected.2  M2M (mesh to memory) blocks detected. 20 M2M (mesh to memory) blocks detected.  Home Agents detected. 02 Home Agents detected.  M3UPI blocks detected.
2 M3UPI blocks detected.
Socket 0: 2 memory controllers detected with total number of 6 channels. 2 UPI ports detected. 2 M2M (mesh to memory) blocks detected. 0 Home Agents detected. 2 M3UPI blocks detected.
INFO: using Linux resctrl driver for RDT metrics (L3OCC, LMB, RMB) because environment variable PCM_USE_RESCTRL=1
Socket Socket 10ERROR: /sys/fs/resctrl is not mounted
: ERROR: RDT metrics (L3OCC,LMB,RMB) will not be available
: 2Mount it to make it work: mount -t resctrl resctrl /sys/fs/resctrl
2 memory controllers detected with total number of  memory controllers detected with total number of 66 channels.  channels. 22  UPIUPI ports detected. ports detected.  22 M2M (mesh to memory) blocks detected.  M2M (mesh to memory) blocks detected. 00 Home Agents detected.  Home Agents detected. 22 M3UPI blocks detected.
 M3UPI blocks detected.
Socket 1: 2 memory controllers detected with total number of 6 channels. 2 UPI ports detected. 2 M2M (mesh to memory) blocks detected. 0
 Home Agents detected. 2 M3UPI blocks detected.
 Closed perf event handles
Trying to use Linux perf events...
Socket 1: 2 memory controllers detected with total number of 6 channels. 2 UPI ports detected. 2 M2M (mesh to memory) blocks detected. 0 Home Agents detected. 2 M3UPI blocks detected.
INFO: using Linux resctrl driver for RDT metrics (L3OCC, LMB, RMB) because environment variable PCM_USE_RESCTRL=1
ERROR: /sys/fs/resctrl is not mounted
ERROR: RDT metrics (L3OCC,LMB,RMB) will not be available
Mount it to make it work: mount -t resctrl resctrl /sys/fs/resctrl
INFO: using Linux resctrl driver for RDT metrics (L3OCC, LMB, RMB) because environment variable PCM_USE_RESCTRL=1
ERROR: /sys/fs/resctrl is not mounted
ERROR: RDT metrics (L3OCC,LMB,RMB) will not be available
Mount it to make it work: mount -t resctrl resctrl /sys/fs/resctrl


INFO: using Linux resctrl driver for RDT metrics (L3OCC, LMB, RMB) because environment variable PCM_USE_RESCTRL=1
ERROR: /sys/fs/resctrl is not mounted
ERROR: RDT metrics (L3OCC,LMB,RMB) will not be available
INFO: using Linux resctrl driver for RDT metrics (L3OCC, LMB, RMB) because environment variable PCM_USE_RESCTRL=1
Mount it to make it work: mount -t resctrl resctrl /sys/fs/resctrl
 Closed perf event handles
ERROR: /sys/fs/resctrl is not mounted
 Closed perf event handles
Trying to use Linux perf events...
ERROR: RDT metrics (L3OCC,LMB,RMB) will not be available
Trying to use Linux perf events...
Mount it to make it work: mount -t resctrl resctrl /sys/fs/resctrl

 Closed perf event handles
Trying to use Linux perf events...

 Closed perf event handles
Trying to use Linux perf events...
INFO: using Linux resctrl driver for RDT metrics (L3OCC, LMB, RMB) because environment variable PCM_USE_RESCTRL=1
ERROR: /sys/fs/resctrl is not mounted
ERROR: RDT metrics (L3OCC,LMB,RMB) will not be available
Mount it to make it work: mount -t resctrl resctrl /sys/fs/resctrl
INFO: using Linux resctrl driver for RDT metrics (L3OCC, LMB, RMB) because environment variable PCM_USE_RESCTRL=1
ERROR: /sys/fs/resctrl is not mounted
ERROR: RDT metrics (L3OCC,LMB,RMB) will not be available
Mount it to make it work: mount -t resctrl resctrl /sys/fs/resctrl

INFO: using Linux resctrl driver for RDT metrics (L3OCC, LMB, RMB) because environment variable PCM_USE_RESCTRL=1
ERROR: /sys/fs/resctrl is not mounted
ERROR: RDT metrics (L3OCC,LMB,RMB) will not be available
Mount it to make it work: mount -t resctrl resctrl /sys/fs/resctrl
Successfully programmed on-core PMU using Linux perf
 Closed perf event handles
Trying to use Linux perf events...

 Closed perf event handles
Trying to use Linux perf events...

 Closed perf event handles
Trying to use Linux perf events...
Successfully programmed on-core PMU using Linux perf
Successfully programmed on-core PMU using Linux perf
Successfully programmed on-core PMU using Linux perf
Successfully programmed on-core PMU using Linux perf
Successfully programmed on-core PMU using Linux perf
Successfully programmed on-core PMU using Linux perf
Successfully programmed on-core PMU using Linux perf
Socket 0
Max UPI link 0 speed: 1.1 GBytes/second (0.5 GT/second)
Max UPI link 1 speed: 1.1 GBytes/second (0.5 GT/second)
Socket 1
Max UPI link 0 speed: 1.5 GBytes/second (0.6 GT/second)
Max UPI link 1 speed: 1.5 GBytes/second (0.6 GT/second)

Detected Intel(R) Xeon(R) Silver 4208 CPU @ 2.10GHz "Intel(r) microarchitecture codename Cascade Lake-SP" stepping 7

Executing "./VE/mpi-benchmarks-master/src_c/IMB-MPI1" command:
Socket 0
Max UPI link 0 speed: 1.1 GBytes/second (0.5 GT/second)
Max UPI link 1 speed: 1.1 GBytes/second (0.5 GT/second)
Socket 1
Max UPI link 0 speed: 1.2 GBytes/second (0.5 GT/second)
Max UPI link 1 speed: 1.2 GBytes/second (0.5 GT/second)

Detected Intel(R) Xeon(R) Silver 4208 CPU @ 2.10GHz "Intel(r) microarchitecture codename Cascade Lake-SP" stepping 7

Executing "./VE/mpi-benchmarks-master/src_c/IMB-MPI1" command:
Socket 0
Max UPI link 0 speed: 1.4Socket  GBytes/second (0
0.6Max  GT/second)
UPIMax  link UPI0 link  speed: 1 speed: 1.21.4 GBytes/second ( GBytes/second (0.50.6 GT/second)
 GT/second)
Max Socket UPI1 link 
1Max  speed: UPI1.2 link  GBytes/second (00.5 speed:  GT/second)
1.3Socket  GBytes/second (10.6
 GT/second)
Max Max UPIUPI link  link 01 speed: 1.5 GBytes/second (0.7 GT/second)
Max UPI link 1 speed: 1.5 GBytes/second (0.7 GT/second)

Detected Intel(R) Xeon(R) Silver 4208 CPU @ 2.10GHz "Intel(r) microarchitecture codename Cascade Lake-SP" stepping 7
 speed: 1.3 GBytes/second (0.6 GT/second)

Detected Intel(R) Xeon(R) Silver 4208 CPU @ 2.10GHz "Intel(r) microarchitecture codename Cascade Lake-SP" stepping 7

Executing "./VE/mpi-benchmarks-master/src_c/IMB-MPI1" command:

Executing "./VE/mpi-benchmarks-master/src_c/IMB-MPI1" command:
Socket 0
Max UPI link 0 speed: 1.5 GBytes/second (0.7 GT/second)
Max UPI link 1 speed: 1.5 GBytes/second (0.7 GT/second)
Socket 1
Max UPI link 0 speed: 1.4 GBytes/second (0.6 GT/second)
Max UPI link 1 speed: 1.4 GBytes/second (0.6 GT/second)

Detected Intel(R) Xeon(R) Silver 4208 CPU @ 2.10GHz "Intel(r) microarchitecture codename Cascade Lake-SP" stepping 7
Socket 0
Max UPI link 0 speed: 1.2 GBytes/second (0.5 GT/second)
Max UPI link 1 speed: 1.2 GBytes/second (0.5 GT/second)
Socket 1
Max UPI link 0 speed: 1.5 GBytes/second (0.7 GT/second)
Max UPI link 1 speed: 1.5 GBytes/second (0.7 GT/second)

Detected Intel(R) Xeon(R) Silver 4208 CPU @ 2.10GHz "Intel(r) microarchitecture codename Cascade Lake-SP" stepping 7
Socket 
Executing "0./VE/mpi-benchmarks-master/src_c/IMB-MPI1
" command:
Max UPI link 0 speed: 1.6 GBytes/second (0.7 GT/second)
Max UPI link 1 speed: 1.6 GBytes/second (0.7 GT/second)
Socket 1
Max UPI link 0 speed: 1.6 GBytes/second (0.7 GT/second)
Max UPI link 1 speed: 1.6 GBytes/second (0.7 GT/second)

Detected Intel(R) Xeon(R) Silver 4208 CPU @ 2.10GHz "Intel(r) microarchitecture codename Cascade Lake-SP" stepping 7
Socket 0
Max UPI link 0 speed: 1.3 GBytes/second (0.6 GT/second)
Max UPI link 1 speed: 1.3 GBytes/second (0.6 GT/second)
Socket 
Executing "./VE/mpi-benchmarks-master/src_c/IMB-MPI1" command:
1
Max UPI link 0 speed: 1.2 GBytes/second (0.5 GT/second)
Max UPI link 1 speed: 1.2 GBytes/second (0.5 GT/second)

Detected Intel(R) Xeon(R) Silver 4208 CPU @ 2.10GHz "Intel(r) microarchitecture codename Cascade Lake-SP" stepping 7

Executing "./VE/mpi-benchmarks-master/src_c/IMB-MPI1" command:

Executing "./VE/mpi-benchmarks-master/src_c/IMB-MPI1" command:
#----------------------------------------------------------------
#    Intel(R) MPI Benchmarks 2018, MPI-1 part
#----------------------------------------------------------------
# Date                  : Mon Mar 18 13:49:58 2024
# Machine               : VE
# System                : Linux
# Release               : 4.18.0-477.15.1.el8_8.x86_64
# Version               : #1 SMP Wed Jun 28 15:04:18 UTC 2023
# MPI Version           : 3.1
# MPI Thread Environment: 


# Calling sequence was: 

# ./VE/mpi-benchmarks-master/src_c/IMB-MPI1 -npmin 8 alltoallv -iter 800000 -time 80000
#                                           -mem 8000

# Minimum message length in bytes:   0
# Maximum message length in bytes:   4194304
#
# MPI_Datatype                   :   MPI_BYTE 
# MPI_Datatype for reductions    :   MPI_FLOAT
# MPI_Op                         :   MPI_SUM  
#
#

# List of Benchmarks to run:

# Alltoallv

#----------------------------------------------------------------
# Benchmarking Alltoallv 
# #processes = 8 
#----------------------------------------------------------------
       #bytes #repetitions  t_min[usec]  t_max[usec]  t_avg[usec]
            0       800000         2.64         2.87         2.75
            1       800000         5.22         5.59         5.36
            2       800000         5.29         5.67         5.43
            4       800000         5.36         5.70         5.51
            8       800000         5.30         5.66         5.47
           16       800000         5.30         5.66         5.47
           32       800000         5.12         5.46         5.29
           64       655360         5.01         5.38         5.16
          128       327680         5.00         5.32         5.13
          256       163840         5.02         5.36         5.14
          512        81920         5.03         5.37         5.17
         1024        40960         5.12         5.47         5.25
         2048        20480         5.11         5.45         5.24
         4096        10240         5.25         5.57         5.37
         8192         5120         5.52         5.88         5.65
        16384         2560         6.35         6.67         6.48
        32768         1280         7.89         8.23         8.04
        65536          640        11.96        12.35        12.12
       131072          320        40.88        42.63        41.85
       262144          160        65.75        73.31        67.83
       524288           80        96.33       104.35        97.92
      1048576           40       151.86       164.15       157.54
      2097152           20       263.24       272.10       267.93
      4194304           10       452.86       472.28       463.69


# All processes entering MPI_Finalize

DEBUG: caught signal to interrupt (Child exited).
Cleaning up
 Closed perf event handles
DEBUG: caught signal to interrupt (Child exited).
Cleaning up
 Closed perf event handles
DEBUG: caught signal to interrupt (DEBUG: caught signal to interrupt (Child exited).
Child exited).
Cleaning up
Cleaning up
 Closed perf event handles
DEBUG: caught signal to interrupt (Child exited).
Cleaning up
 Closed perf event handles
DEBUG: caught signal to interrupt (Child exited).
Cleaning up
 Closed perf event handles
 Closed perf event handles
 Zeroed uncore PMU registers
 Zeroed uncore PMU registers
 Zeroed uncore PMU registers
 Zeroed uncore PMU registers
 Zeroed uncore PMU registers
 Zeroed uncore PMU registers
DEBUG: caught signal to interrupt (Child exited).
Cleaning up
 Closed perf event handles
 Zeroed uncore PMU registers
DEBUG: caught signal to interrupt (Child exited).
Cleaning up
 Closed perf event handles
 Zeroed uncore PMU registers
	Command being timed: "/opt/nec/ve/bin/mpirun -n 8 /usr/sbin/pcm 0.1 -csv=./output/10/ve_Intel_VE_10.csv -- ./VE/mpi-benchmarks-master/src_c/IMB-MPI1 -npmin 8 alltoallv -iter 800000 -time 80000 -mem 8000"
	User time (seconds): 3.31
	System time (seconds): 2.62
	Percent of CPU this job got: 11%
	Elapsed (wall clock) time (h:mm:ss or m:ss): 0:53.82
	Average shared text size (kbytes): 0
	Average unshared data size (kbytes): 0
	Average stack size (kbytes): 0
	Average total size (kbytes): 0
	Maximum resident set size (kbytes): 141556
	Average resident set size (kbytes): 0
	Major (requiring I/O) page faults: 0
	Minor (reclaiming a frame) page faults: 6861
	Voluntary context switches: 89692
	Involuntary context switches: 5834
	Swaps: 0
	File system inputs: 0
	File system outputs: 29616
	Socket messages sent: 0
	Socket messages received: 0
	Signals delivered: 0
	Page size (bytes): 4096
	Exit status: 0

 Intel(r) Performance Counter Monitor (2022-11-24 10:18:12 +0100 ID=1b16bb4e)


PCM Info: setrlimit for file limit 1000000 failed with error Operation not permitted

=====  Processor information  =====

 Intel(r) Performance Counter Monitor (2022-11-24 10:18:12 +0100 ID=1b16bb4e)


PCM Info: setrlimit for file limit 1000000 failed with error Operation not permitted

=====  Processor information  =====
Linux arch_perfmon flag  : yes

 Intel(r) Performance Counter Monitor 
Hybrid processor         : (2022-11-24 10:18:12 +0100 ID=1b16bb4e)
 Intel(r) Performance Counter Monitor no

 Intel(r) Performance Counter Monitor 
(2022-11-24 10:18:12 +0100 ID=1b16bb4e)
 Intel(r) Performance Counter Monitor 
(2022-11-24 10:18:12 +0100 ID=1b16bb4e) Intel(r) Performance Counter Monitor 
IBRS and IBPB supported  : (2022-11-24 10:18:12 +0100 ID=1b16bb4e)

(2022-11-24 10:18:12 +0100 ID=1b16bb4e)
yes





PCM Info: setrlimit for file limit 

STIBP supported          : 
1000000
PCM Info: setrlimit for file limit yes
 failed with error PCM Info: setrlimit for file limit 1000000PCM Info: setrlimit for file limit Spec arch caps supported : PCM Info: setrlimit for file limit Operation not permitted1000000 failed with error 1000000yes1000000
 failed with error Operation not permitted failed with error 
 failed with error Operation not permitted

Operation not permittedMax CPUID level          : Operation not permitted
=====  Processor information  =====

22

=====  Processor information  =====

=====  Processor information  =====

CPU model number         : 
=====  Processor information  =====
85

=====  Processor information  =====

 Intel(r) Performance Counter Monitor (2022-11-24 10:18:12 +0100 ID=1b16bb4e)


PCM Info: setrlimit for file limit 1000000 failed with error Operation not permitted

=====  Processor information  =====
Linux arch_perfmon flag  : yes
Hybrid processor         : no
IBRS and IBPB supported  : yes
STIBP supported          : yesLinux arch_perfmon flag  : 
Linux arch_perfmon flag  : Linux arch_perfmon flag  : yesSpec arch caps supported : yesLinux arch_perfmon flag  : yes
yes
yes
Hybrid processor         : 
Hybrid processor         : 
Hybrid processor         : noMax CPUID level          : noHybrid processor         : no
22
no
Linux arch_perfmon flag  : IBRS and IBPB supported  : 
IBRS and IBPB supported  : 
IBRS and IBPB supported  : yesyesCPU model number         : yesIBRS and IBPB supported  : yes

85
yes
Hybrid processor         : STIBP supported          : 
STIBP supported          : 
STIBP supported          : noyesyesSTIBP supported          : yes


yes
IBRS and IBPB supported  : Spec arch caps supported : Spec arch caps supported : 
Spec arch caps supported : yesyesyesSpec arch caps supported : yes


yes
STIBP supported          : Max CPUID level          : Max CPUID level          : 
Max CPUID level          : yes2222Max CPUID level          : 22


22
Spec arch caps supported : CPU model number         : CPU model number         : 
CPU model number         : yes8585CPU model number         : 85


85
Max CPUID level          : 
22
CPU model number         : 85
Linux arch_perfmon flag  : yes
Hybrid processor         : no
IBRS and IBPB supported  : yes
STIBP supported          : yes
Spec arch caps supported : yes
Max CPUID level          : 22
CPU model number         : 85
Number of physical cores: 16
Number of logical cores: Number of physical cores: 16
Number of physical cores: Number of online logical cores: 1616
16
Number of logical cores: 
Threads (logical cores) per physical core: Number of logical cores: 16
Number of online logical cores: 16
Threads (logical cores) per physical core: 1
Num sockets: 2
Physical cores per socket: 8
Last level cache slices per socket: 0
Core PMU (perfmon) version: 4
Number of core PMU generic (programmable) counters: 8
Width of generic (programmable) counters: 48 bits
Number of core PMU fixed counters: 3
Width of fixed counters: 48 bits
Nominal core frequency: 2100000000 Hz
IBRS enabled in the kernel   : no
STIBP enabled in the kernel  : no
The processor is not susceptible to Rogue Data Cache Load: no
The processor supports enhanced IBRS                     : no

=====  Processor topology  =====
OS_Processor    Thread_Id       Core_Id         Tile_Id         Package_Id      Core_Type   Native_CPU_Model
0               0               0               0               0               invalid         -1              
1               0               1               1               0               invalid         -1              
2               0               2               2               0               invalid         -1              
3               0               3               3               0               invalid         -1              
4               0               4               4               0               invalid         -1              
5               0               5               5               0               invalid         -1              
6               0               6               6               0               invalid         -1              
7               0               7               7               0               invalid         -1              
8               0               0               8               1               invalid         -1              
9               0               1               9               1               invalid         -1              
10              0               2               10              1               invalid         -1              
11              0               3               11              1               invalid         -1              
12              0               Number of physical cores: 16Number of physical cores: Number of physical cores: 161
Number of logical cores: 16
16
Num sockets: 
Number of logical cores: 2Number of online logical cores: 16
16
Number of online logical cores: 16
Threads (logical cores) per physical core: 1
Num sockets: 2
Physical cores per socket: 8
Last level cache slices per socket: 0
Core PMU (perfmon) version: 4
Number of core PMU generic (programmable) counters: 8
Width of generic (programmable) counters: 48 bits
Number of core PMU fixed counters: 3
Width of fixed counters: 48 bits
Nominal core frequency: 2100000000 Hz
IBRS enabled in the kernel   : no
STIBP enabled in the kernel  : no
The processor is not susceptible to Rogue Data Cache Load: no
The processor supports enhanced IBRS                     : no

=====  Processor topology  =====
OS_Processor    Thread_Id       Core_Id         Tile_Id         Package_Id      Core_Type   Native_CPU_Model
0               0               0               0               0               invalid         -1              
1               0               1               1               0               invalid         -1              
2               0               2               2               0               invalid         -1              
3               0               3               3               0               invalid         -1              
4               0               4               4               0               invalid         -1              
5               0               5               5               0               invalid         -1              
6               0               6               6               0               invalid         -1              
7               0               7               7               0               invalid         -1              
8               0               0               8               1               invalid         -1              
9               0               1               9               1               invalid         -1              
10              0               2               10              1               invalid         -1              
11              0               3               11              1               invalid         -1              
12              0               4               12              1               invalid         -1              
13              0               5               13              1               invalid Physical cores per socket: 
 8Threads (logical cores) per physical core:  
1 Last level cache slices per socket: 
 0Num sockets:  
2 Core PMU (perfmon) version: 
 4Physical cores per socket:  
8-1              Number of core PMU generic (programmable) counters: 

8Last level cache slices per socket: 14              
00               Width of generic (programmable) counters: 
6               48Core PMU (perfmon) version: 14               bits
41               Number of core PMU fixed counters: 
invalid3Number of core PMU generic (programmable) counters:  
8 Width of fixed counters: 
 48Width of generic (programmable) counters:   bits
48 Nominal core frequency:  bits
 2100000000Number of core PMU fixed counters:   Hz
3 IBRS enabled in the kernel   : 
 noWidth of fixed counters: -1              
48
STIBP enabled in the kernel  :  bits
15              noNominal core frequency: 0               
21000000007               The processor is not susceptible to Rogue Data Cache Load:  Hz
15              no
IBRS enabled in the kernel   : 1               The processor supports enhanced IBRS                     : noinvalidno
 
STIBP enabled in the kernel  :  
=====  Processor topology  =====
no OS_Processor    Thread_Id       Core_Id         Tile_Id         Package_Id      Core_Type   Native_CPU_Model

 0               The processor is not susceptible to Rogue Data Cache Load:  0               no 0               
 0               The processor supports enhanced IBRS                     :  0               no invalid
-1               
=====  Processor topology  =====

 OS_Processor    Thread_Id       Core_Id         Tile_Id         Package_Id      Core_Type   Native_CPU_Model
=====  Placement on packages  =====
 0               Package Id.    Core Id.     Processors
 0               0               0               0 0               , 0               1 invalid,  2-1               ,
 31                ,0                41                ,1                50                ,invalid 6 -1              , 
7 1               
 0               1               1               0 1               , 0               1 invalid,  2-1               ,
 32                ,0                4,5,6,7

=====  Core/Tile sharing  =====
Level      Processors
Core       (0)(1)(2)(3)(4)(5)(6)(7)(8)(9)(10)(11)(12)(13)(14)(15)
Tile / L2$ (0)(1)(2)(3)(4)(5)(6)(7)(8)(9)(10)(11)(12)(13)(14)(15)

Package thermal spec power: 0 Watt; Package minimum power: 0 Watt; Package maximum power: 0 Watt;

Can't open MCFG table. Check permission of 164               12              1               invalid         -1              
13              0               5               13              1               invalid         -1              
14               /sys/firmware/acpi/tables/MCFG
0                
Number of online logical cores: 6                Can't open MCFG table. Check permission of 1614               /sys/firmware/acpi/tables/MCFG1
1               -1              
Threads (logical cores) per physical core: invalid
Can't open MCFG table. Check permission of 1 2               /pcm/sys/firmware/acpi/tables/MCFG
 0               
Num sockets:  2               Can't open MCFG table. Check permission of 2 2               /pcm/sys/firmware/acpi/tables/MCFG1
 0               
Physical cores per socket:  invalid8  
  Last level cache slices per socket:   0-1              WARNING: enumeration of devices in UncorePMUDiscovery failed
 

 Core PMU (perfmon) version: 15               40                
7                Number of core PMU generic (programmable) counters: 15               81               -1              
invalid
Width of generic (programmable) counters:  3               48 0                bits
 3               Number of core PMU fixed counters:  3               3 0               
 invalidWidth of fixed counters:   48   bits
  Nominal core frequency: -1               2100000000
  Hz
=====  Placement on packages  =====
 IBRS enabled in the kernel   : Package Id.    Core Id.     Processors
 no0               
0 STIBP enabled in the kernel  : ,-1              no1

,4               The processor is not susceptible to Rogue Data Cache Load: 20               no,4               
34               The processor supports enhanced IBRS                     : ,0               no4invalid
, 
=====  Processor topology  =====
5 OS_Processor    Thread_Id       Core_Id         Tile_Id         Package_Id      Core_Type   Native_CPU_Model
, 0               6   0               , 0               7 0               
 0               1              -1              invalid0
 ,5                10                ,5                25                ,0                3invalid ,  4  , -1              5 
, 1               6 0               , 1               7 1               
 0               
=====  Core/Tile sharing  =====
-1              invalidLevel      Processors
Core       
 (6                00                )6                (6                10                )invalid (  2  ) -1              ( 
3 2               ) 0               ( 2               4 2               ) 0               (-1              invalid5
 )7                (0                67                )7                (0                7invalid )  (  8 -1              ) 
( 3               9 0               INFO: Linux perf interface to program uncore PMUs is ) 3               present
( 3               INFO: using Linux perf interface to program uncore PMUs because env variable PCM_USE_UNCORE_PERF=1
10 0               INFO: Secure Boot detected. Using Linux perf for uncore PMU programming.
)-1              invalid(
 118                )0                (0                128                )1                (invalid 13  )  ( -1              14 
) 4               ( 0               15 4               ) 4               
Tile / L2$  0               (-1              invalid0
 )9                (0                11                )9                (1                2invalid )  (  3 -1              ) 
( 5               4 0               ) 5               ( 5               5 0               )-1              invalid(
 610               )0                (2                710               )1                (invalid 8  )  ( -1              9 
) 6               ( 0               10 6               ) 6               ( 0               11-1              invalid)
 (11               120                )3                (11               131                )invalid (  14  ) -1              ( 
15 7               ) 0               
 7               
 7                Package thermal spec power: 0               -1              0invalid
 Watt;  12              Package minimum power:  0               0 4                Watt;  12              Package maximum power:  1               0 invalid Watt;
      -1               
 8                0                0                8                1               -1              
Number of logical cores: 16
Number of online logical cores: 16
Threads (logical cores) per physical core: 1
Num sockets: 2
Physical cores per socket: 8
Last level cache slices per socket: 0
Core PMU (perfmon) version: 4
Number of core PMU generic (programmable) counters: 8
Width of generic (programmable) counters: 48 bits
Number of core PMU fixed counters: 3
Width of fixed counters: 48 bits
Nominal core frequency: 2100000000 Hz
IBRS enabled in the kernel   : no
STIBP enabled in the kernel  : no
The processor is not susceptible to Rogue Data Cache Load: no
The processor supports enhanced IBRS                     : no

=====  Processor topology  =====
OS_Processor    Thread_Id       Core_Id         Tile_Id         Package_Id      Core_Type   Native_CPU_Model
0               0               0               0               0               invalid         -1              
1               0               1               1               0               invalid      2                  -1              2               invalid
0               
 2               invalidSocket   0                0 Can't open MCFG table. Check permission of 2                :  /sys/firmware/acpi/tables/MCFG2                2 
0                 memory controllers detected with total number of  Can't open MCFG table. Check permission of invalid  6 /sys/firmware/acpi/tables/MCFG1   channels.  
     2-1              Can't open MCFG table. Check permission of    
/pcm/sys/firmware/acpi/tables/MCFG -1              UPI9               
 
 ports detected.0               Can't open MCFG table. Check permission of  3                1               /pcm/sys/firmware/acpi/tables/MCFG1-1              0               29               

3                M2M (mesh to memory) blocks detected. 1               3               3               0invalid0               0                Home Agents detected.  WARNING: enumeration of devices in UncorePMUDiscovery failed
3               invalid2 3                 M3UPI blocks detected.
 0                 invalid                -1                
 -1              10               
0                4               2               -1              0               10              
4               1               4               4               invalid0               0                 4               4               0               invalid         -1              
5               0               5               5               0               invalid         -1              
6               0               6               6               0               invalid         -1              
7               0               7               7               0               invalid         -1              
8               0               0               8               1               invalid         -1              
9               0               1               9               1               invalid         -1              
10              0               2               10              1               invalid         -1              
11              0               3               11              1               invalid         -1              
12              0               4               12              1               invalid         -1              
13              0               5               13              1               invalid         -1              
14              0               6               14              1               invalid         -1              
15              0               7               15              1               invalid         -1              
=====  Placement on packages  =====
Package Id.    Core Id.     Processors
0              0,1,2,3,4,5,6,7
1              0,1,2,3,4,5,6,7

=====  Core/Tile sharing  =====
Level      Processors
Core       (0)(1)(2)(3)(4)(5)(6)(7)(8)(9)(10)(11)(12)(13)(14)(15)
Tile / L2$ (0)(invalid 1  )  (  2  )  (  3 -1              ) 
( 11              4-1              0               )
3               (5               11              50               1               )5               invalid(5                60                )invalid (  7  )  (  8  )  ( -1              9 
) 12              (-1              0               10
4               )6               12              (0               1               116               invalid)INFO: Linux perf interface to program uncore PMUs is 6                (present
0                12INFO: using Linux perf interface to program uncore PMUs because env variable PCM_USE_UNCORE_PERF=1
invalid )INFO: Secure Boot detected. Using Linux perf for uncore PMU programming.
  (  13  )  (  14  ) -1              ( 
15 13              )-1              0               

5               
7               13              Package thermal spec power: 0               1               07               invalid Watt; 7                Package minimum power: 0                0invalid  Watt;   Package maximum power:   0   Watt;
       -1               
14              0               6               14              1               invalid         -1              
15              0               7               15              1               invalid         -1              
=====  Placement on packages  =====
Package Id.    Core Id.     Processors
0              0,1,2,3,4,5,6,7
1              0,1,2,3,4,5,6,7

=====  Core/Tile sharing  =====
Level      Processors
Core       (0)(1)(2)(3)(4)(5)(6)(7)(8)(9)(10)(11)(12)(13)(14)(15)
Tile / L2$ (0)(1)(2)(3)(4)(5)(6)(7)(8)(9)(10)(11)(12)(13)(14)(15)

Package thermal spec power: 0 Watt; Package minimum power: 0 Watt; Package maximum power: 0 Watt;

 Number of physical cores: 16

Number of logical cores: 16
Number of online logical cores: 13              160               
5               Threads (logical cores) per physical core: 13              11               
invalidNum sockets:  2 
 Physical cores per socket:  8 
 Last level cache slices per socket:  0 
 Core PMU (perfmon) version: -1              4

14              Number of core PMU generic (programmable) counters: 0               86               
14              Width of generic (programmable) counters: 1               48invalid bits
 Number of core PMU fixed counters:  3 
Width of fixed counters:  48  bits
 Nominal core frequency:  2100000000  Hz
 IBRS enabled in the kernel   : -1              no

15              STIBP enabled in the kernel  : 0               no7               
15              The processor is not susceptible to Rogue Data Cache Load: 1               noinvalid
 The processor supports enhanced IBRS                     :  no 
 
=====  Processor topology  =====
 OS_Processor    Thread_Id       Core_Id         Tile_Id         Package_Id      Core_Type   Native_CPU_Model
 0                0                0                0               -1              0               
invalid=====  Placement on packages  =====
 Package Id.    Core Id.     Processors
 0               0 , 1 , 2 , 3-1              ,
41               ,0               51               ,1               60               ,invalid7 
 1               0 , 1 , 2 , 3-1              ,
42               ,0               52               ,2               60               ,invalid7 
 
=====  Core/Tile sharing  =====
 Level      Processors
Core        ( 0 ) ( 1 )-1              (
23               )0               (3               33               )0               (invalid4 ) ( 5 ) ( 6 ) ( 7-1              )
(4               80               )4               (4               90               )invalid( 10 ) ( 11 ) ( 12 ) (-1              13
)5               (0               145               )5               (0               15invalid) 
Tile / L2$  ( 0 ) ( 1 ) ( 2-1              )
(6               30               )6               (6               40               )invalid( 5 ) ( 6 ) ( 7 ) (-1              8
)7               (0               97               )7               (0               10invalid) ( 11 ) ( 12 ) ( 13 )-1              (
148               )0               (0               158               )1               
invalid
  Package thermal spec power:  0  Watt;  Package minimum power:  0  Watt;  Package maximum power:  0-1               Watt;

9               0               1               9               1               invalid         -1              
10              0               2               10              1               invalid         -1              
11              0               3               11              1               invalid         -1              
12              0               4               12              1               invalid         -1              
13              0               5               13              1               invalid         -1              
14              0               6               14              1               
invalid         -1              Can't open MCFG table. Check permission of 
/sys/firmware/acpi/tables/MCFG15              
0               Can't open MCFG table. Check permission of 7               /sys/firmware/acpi/tables/MCFG115              
1               Can't open MCFG table. Check permission of invalid/pcm/sys/firmware/acpi/tables/MCFG 
 Can't open MCFG table. Check permission of  /pcm/sys/firmware/acpi/tables/MCFG1 
     -1              
=====  Placement on packages  =====
Package Id.    Core Id.     Processors
0              0,1,2WARNING: enumeration of devices in UncorePMUDiscovery failed
,3,4,5,6,7
1              0,1,2,3,4,5,6,7

=====  Core/Tile sharing  =====
Level      Processors
Core       (0)(1)(2)(3)(4)(5)(6)(7)(8)(9)(10)(11)(12)(13)(14)(15)
Tile / L2$ (0)(1)(2)(3)(4)(5)(6)(7)(8)(9)(10)(11)(12)(13)(14)(15)

Package thermal spec power: 0 Watt; Package minimum power: 0 Watt; Package maximum power: 0 Watt;

Can't open MCFG table. Check permission of /sys/firmware/acpi/tables/MCFG
Can't open MCFG table. Check permission of /sys/firmware/acpi/tables/MCFG1
Can't open MCFG table. Check permission of /pcm/sys/firmware/acpi/tables/MCFG
Can't open MCFG table. Check permission of /pcm/sys/firmware/acpi/tables/MCFG1
WARNING: enumeration of devices in UncorePMUDiscovery failed
INFO: Linux perf interface to program uncore PMUs is present
INFO: using Linux perf interface to program uncore PMUs because env variable PCM_USE_UNCORE_PERF=1
INFO: Secure Boot detected. Using Linux perf for uncore PMU programming.
INFO: Linux perf interface to program uncore PMUs is 
Can't open MCFG table. Check permission of /sys/firmware/acpi/tables/MCFG
Can't open MCFG table. Check permission of /sys/firmware/acpi/tables/MCFG1
Can't open MCFG table. Check permission of /pcm/sys/firmware/acpi/tables/MCFG
Can't open MCFG table. Check permission of /pcm/sys/firmware/acpi/tables/MCFG1
WARNING: enumeration of devices in UncorePMUDiscovery failed
INFO: Linux perf interface to program uncore PMUs is Can't open MCFG table. Check permission of -1              /sys/firmware/acpi/tables/MCFG
Socket 
Socket 8               Can't open MCFG table. Check permission of 10               0/sys/firmware/acpi/tables/MCFG1: 0               : 
28               2Can't open MCFG table. Check permission of  memory controllers detected with total number of 1                memory controllers detected with total number of /pcm/sys/firmware/acpi/tables/MCFG6invalid6
 channels.   channels. Can't open MCFG table. Check permission of 2 2present
/pcm/sys/firmware/acpi/tables/MCFG1   
UPI INFO: using Linux perf interface to program uncore PMUs because env variable PCM_USE_UNCORE_PERF=1
Socket 0present
: INFO: using Linux perf interface to program uncore PMUs because env variable PCM_USE_UNCORE_PERF=1
UPI2INFO: Secure Boot detected. Using Linux perf for uncore PMU programming.
 ports detected. memory controllers detected with total number of  62 channels.  M2M (mesh to memory) blocks detected. 20  Home Agents detected. UPI2 ports detected. M3UPI blocks detected.
 2 M2M (mesh to memory) blocks detected. 0 Home Agents detected. 2 M3UPI blocks detected.
 ports detected. 2 M2M (mesh to memory) blocks detected. 0 Home Agents detected. 2 M3UPI blocks detected.
  WARNING: enumeration of devices in UncorePMUDiscovery failed
 Socket INFO: Secure Boot detected. Using Linux perf for uncore PMU programming.
 Socket 1: Socket 2 memory controllers detected with total number of 160:  channels. : 222 memory controllers detected with total number of   memory controllers detected with total number of 6UPI6 channels.  ports detected. channels. 2 2 2 UPI M2M (mesh to memory) blocks detected. UPI ports detected.0 ports detected.  Home Agents detected.  222 M2M (mesh to memory) blocks detected.  M3UPI blocks detected.
 M2M (mesh to memory) blocks detected. 00 Home Agents detected.  Home Agents detected. 22 M3UPI blocks detected.
 M3UPI blocks detected.
INFO: Linux perf interface to program uncore PMUs is  present
INFO: using Linux perf interface to program uncore PMUs because env variable PCM_USE_UNCORE_PERF=1
INFO: Secure Boot detected. Using Linux perf for uncore PMU programming.
-1              
9               0               1               9               1               invalid         -1              
10              0               2               10              1               invalid         -1              
11              0               3               11              1               invalid         -1              
12              0               4               12              1               invalid         -1              
13              0               5               13              1               invalid         -1              
14              0               6               14              1               invalid         -1              
15              0               7               15              1               invalid         -1              
=====  Placement on packages  =====
Package Id.    Core Id.     Processors
0              0,1,2,3,4,5,6,7
1              0,1,2,3,4,5,6,7

=====  Core/Tile sharing  =====
Socket Level      Processors
Core       (00: )2( memory controllers detected with total number of Number of physical cores: 161
)Number of logical cores: (162
)Number of online logical cores: (163
)Threads (logical cores) per physical core: (14
)Num sockets: (25
)Physical cores per socket: (86
)Last level cache slices per socket: (07
Core PMU (perfmon) version: 4
Number of core PMU generic (programmable) counters: 8
Width of generic (programmable) counters: 48 bits
Number of core PMU fixed counters: 3
Width of fixed counters: 48 bits
Nominal core frequency: 2100000000 Hz
IBRS enabled in the kernel   : no
STIBP enabled in the kernel  : no
The processor is not susceptible to Rogue Data Cache Load: no
The processor supports enhanced IBRS                     : no

=====  Processor topology  =====
OS_Processor    Thread_Id       Core_Id         Tile_Id         Package_Id      Core_Type   Native_CPU_Model
0               0               0               0               0               invalid         -1              
1               0               1               1               0               invalid         -1              
2               0               2               2               0               invalid         -1              
3               0               3               3               0               invalid         -1              
4               0               4               4               0               invalid         -1              
5               0               5               5               0               invalid         -1              
6               0               6               6               0               invalid         -1              
7               0               7               7               0               invalid         -1              
8               0               0               8               1               invalid         -1              
9               0               1               9               1               invalid         -1              
10              0               2               10              1               invalid         -1              
11              0               3               11              1               )invalid( 8 ) ( 9 ) (6 channels. 2 UPI ports detected. 2 M2M (mesh to memory) blocks detected. 0 Home Agents detected. 2 M3UPI blocks detected.
Socket 1: 2 memory controllers detected with total number of 6 channels. 2 UPI ports detected. 2 M2M (mesh to memory) blocks detected. 0 Home Agents detected. 2 M3UPI blocks detected.
Socket 0: 2 memory controllers detected with total number of 6 channels. 2 UPI ports detected. 2 M2M (mesh to memory) blocks detected. 0 Home Agents detected. 2 M3UPI blocks detected.
   -1              
12              0               4               12              1               invalid         -1              
13              0               5               13              1               invalid10Socket )1(: 112) memory controllers detected with total number of (612 channels. )2( 13UPI) ports detected.( 142) M2M (mesh to memory) blocks detected. (015 Home Agents detected. )2
Tile / L2$  M3UPI blocks detected.
(0)(1)(2)(3)(4)(5)(6)(7)(8)(9)(10)(11)(12)(13)(14)(15)

Package thermal spec power: 0 Watt; Package minimum power: 0 Watt; Package maximum power: 0 Watt;

Can't open MCFG table. Check permission of /sys/firmware/acpi/tables/MCFG
Can't open MCFG table. Check permission of /sys/firmware/acpi/tables/MCFG1
Can't open MCFG table. Check permission of /pcm/sys/firmware/acpi/tables/MCFG
Can't open MCFG table. Check permission of /pcm/sys/firmware/acpi/tables/MCFG1
WARNING: enumeration of devices in UncorePMUDiscovery failed
INFO: Linux perf interface to program uncore PMUs is present
INFO: using Linux perf interface to program uncore PMUs because env variable PCM_USE_UNCORE_PERF=1
INFO: Secure Boot detected. Using Linux perf for uncore PMU programming.
Socket 0: 2 memory controllers detected with total number of 6 channels. 2 UPI ports detected. 2 M2M (mesh to memory) blocks detected. 0 Home Agents detected. 2 M3UPI blocks detected.
Socket 1: 2 memory controllers detected with total number of 6 channels. 2 UPI ports detected. 2 M2M (mesh to memory) blocks detected. 0 Home Agents detected. 2 M3UPI blocks detected.
INFO: using Linux resctrl driver for RDT metrics (L3OCC, LMB, RMB) because environment variable PCM_USE_RESCTRL=1
         -1              
14              0               6               14              INFO: using Linux resctrl driver for RDT metrics (L3OCC, LMB, RMB) because environment variable PCM_USE_RESCTRL=1
1               invalid         -1              ERROR: /sys/fs/resctrl is not mounted

ERROR: RDT metrics (L3OCC,LMB,RMB) will not be available
15              Mount it to make it work: mount -t resctrl resctrl /sys/fs/resctrl
0               7               15              1               invalid  ERROR: /sys/fs/resctrl is not mounted
   ERROR: RDT metrics (L3OCC,LMB,RMB) will not be available
 Mount it to make it work: mount -t resctrl resctrl /sys/fs/resctrl
   -1              
=====  Placement on packages  =====
Package Id.    Core Id.     Processors
0              0,1,2,3,4,5,6,7
1              0,1,2,3,4,5,6,7

=====  Core/Tile sharing  =====
Level      Processors
Core       (0)(1)(2)(3)(4)(5)(6)(7)(8)(9)(10)(11)(12)(13)(14)(15)
Tile / L2$ (0)(1)(2)(3)(4)(5)(6)(7)(8)(9)(10)(11)(12)(13)(14)(15)

Package thermal spec power: 0 Watt; Package minimum power: 0 Watt; Package maximum power: 0 Watt;

Can't open MCFG table. Check permission of /sys/firmware/acpi/tables/MCFG
Can't open MCFG table. Check permission of /sys/firmware/acpi/tables/MCFG1
Can't open MCFG table. Check permission of /pcm/sys/firmware/acpi/tables/MCFG
Can't open MCFG table. Check permission of /pcm/sys/firmware/acpi/tables/MCFG1
WARNING: enumeration of devices in UncorePMUDiscovery failed
INFO: Linux perf interface to program uncore PMUs is present
INFO: using Linux perf interface to program uncore PMUs because env variable PCM_USE_UNCORE_PERF=1
INFO: Secure Boot detected. Using Linux perf for uncore PMU programming.

INFO: using Linux resctrl driver for RDT metrics (L3OCC, LMB, RMB) because environment variable PCM_USE_RESCTRL=1
ERROR: /sys/fs/resctrl is not mounted
ERROR: RDT metrics (L3OCC,LMB,RMB) will not be available
Mount it to make it work: mount -t resctrl resctrl /sys/fs/resctrl
 Closed perf event handles
Trying to use Linux perf events...

 Closed perf event handles
Trying to use Linux perf events...
Socket 
1Socket : 20INFO: using Linux resctrl driver for RDT metrics (L3OCC, LMB, RMB) because environment variable PCM_USE_RESCTRL=1
 memory controllers detected with total number of : 62 channels.  memory controllers detected with total number of ERROR: /sys/fs/resctrl is not mounted
26ERROR: RDT metrics (L3OCC,LMB,RMB) will not be available
  channels. Mount it to make it work: mount -t resctrl resctrl /sys/fs/resctrl
UPI2 ports detected.  UPI2 ports detected. M2M (mesh to memory) blocks detected.  02 Home Agents detected.  M2M (mesh to memory) blocks detected. 20 M3UPI blocks detected.
 Home Agents detected. 2 M3UPI blocks detected.
 Closed perf event handles
Trying to use Linux perf events...

 Closed perf event handles
Trying to use Linux perf events...
INFO: using Linux resctrl driver for RDT metrics (L3OCC, LMB, RMB) because environment variable PCM_USE_RESCTRL=1
ERROR: /sys/fs/resctrl is not mounted
ERROR: RDT metrics (L3OCC,LMB,RMB) will not be available
Mount it to make it work: mount -t resctrl resctrl /sys/fs/resctrl

 Closed perf event handles
Trying to use Linux perf events...
Socket 1: 2 memory controllers detected with total number of 6 channels. 2 UPI ports detected. 2 M2M (mesh to memory) blocks detected. 0 Home Agents detected. 2 M3UPI blocks detected.
INFO: using Linux resctrl driver for RDT metrics (L3OCC, LMB, RMB) because environment variable PCM_USE_RESCTRL=1
ERROR: /sys/fs/resctrl is not mounted
ERROR: RDT metrics (L3OCC,LMB,RMB) will not be available
Mount it to make it work: mount -t resctrl resctrl /sys/fs/resctrl

 Closed perf event handles
Trying to use Linux perf events...
INFO: using Linux resctrl driver for RDT metrics (L3OCC, LMB, RMB) because environment variable PCM_USE_RESCTRL=1
ERROR: /sys/fs/resctrl is not mounted
ERROR: RDT metrics (L3OCC,LMB,RMB) will not be available
Mount it to make it work: mount -t resctrl resctrl /sys/fs/resctrl

INFO: using Linux resctrl driver for RDT metrics (L3OCC, LMB, RMB) because environment variable PCM_USE_RESCTRL=1
 Closed perf event handles
Trying to use Linux perf events...
ERROR: /sys/fs/resctrl is not mounted
ERROR: RDT metrics (L3OCC,LMB,RMB) will not be available
Mount it to make it work: mount -t resctrl resctrl /sys/fs/resctrl

 Closed perf event handles
Trying to use Linux perf events...
Successfully programmed on-core PMU using Linux perf
Successfully programmed on-core PMU using Linux perf
Successfully programmed on-core PMU using Linux perf
Successfully programmed on-core PMU using Linux perf
Successfully programmed on-core PMU using Linux perf
Successfully programmed on-core PMU using Linux perf
Successfully programmed on-core PMU using Linux perf
Successfully programmed on-core PMU using Linux perf
Socket 0
Max UPI link 0 speed: 1.3 GBytes/second (0.6 GT/second)
Max UPI link 1 speed: 1.3 GBytes/second (0.6 GT/second)
Socket 1
Max UPI link 0 speed: 1.3 GBytes/second (0.6 GT/second)
Max UPI link 1 speed: 1.3 GBytes/second (0.6 GT/second)

Detected Intel(R) Xeon(R) Silver 4208 CPU @ 2.10GHz "Intel(r) microarchitecture codename Cascade Lake-SP" stepping 7

Executing "./VE/mpi-benchmarks-master/src_c/IMB-MPI1" command:
Socket 0
Max UPI link 0 speed: 1.2 GBytes/second (0.5 GT/second)
Max UPI link 1 speed: 1.2 GBytes/second (0.5 GT/second)
Socket 1
Max UPI link 0 speed: 1.3 GBytes/second (0.6 GT/second)
Max UPI link 1 speed: 1.3 GBytes/second (0.6 GT/second)

Detected Intel(R) Xeon(R) Silver 4208 CPU @ 2.10GHz "Intel(r) microarchitecture codename Cascade Lake-SP" stepping 7

Executing "./VE/mpi-benchmarks-master/src_c/IMB-MPI1" command:
Socket 0
Max UPI link 0 speed: 1.4 GBytes/second (0.6 GT/second)
Max UPI link 1 speed: 1.4 GBytes/second (0.6 GT/second)
Socket 1
Max UPI link 0 speed: 1.7 GBytes/second (0.7 GT/second)
Max UPI link 1 speed: 1.7 GBytes/second (0.7 GT/second)

Detected Intel(R) Xeon(R) Silver 4208 CPU @ 2.10GHz "Intel(r) microarchitecture codename Cascade Lake-SP" stepping 7
Socket 0
Max UPI link 0 speed: 1.2 GBytes/second (0.6 GT/second)
Max UPI link 1 speed: 1.2 GBytes/second (0.6 GT/second)
Socket 1
Max UPI link 0 speed: 1.2 GBytes/second (0.5 GT/second)
Max UPI link 1 speed: 1.2 GBytes/second (0.5 GT/second)

Detected Intel(R) Xeon(R) Silver 4208 CPU @ 2.10GHz "Intel(r) microarchitecture codename Cascade Lake-SP" stepping 7
Socket 0
Max UPI link 0 speed: 1.1 GBytes/second (0.5 GT/second)
Max UPI link 1 speed: 1.1 GBytes/second (0.5 GT/second)
Socket 1
Max UPI link 0 speed: 1.6 GBytes/second (0.7 GT/second)
Max UPI link 1 speed: 1.6 GBytes/second (0.7 GT/second)

Detected Intel(R) Xeon(R) Silver 4208 CPU @ 2.10GHz "Intel(r) microarchitecture codename Cascade Lake-SP" stepping 7

Executing "./VE/mpi-benchmarks-master/src_c/IMB-MPI1" command:

Executing "./VE/mpi-benchmarks-master/src_c/IMB-MPI1" command:

Executing "./VE/mpi-benchmarks-master/src_c/IMB-MPI1" command:
Socket 0
Max UPI link 0 speed: 1.1 GBytes/second (0.5 GT/second)
Max UPI link 1 speed: 1.1 GBytes/second (0.5 GT/second)
Socket 1
Max UPI link 0 speed: 1.2 GBytes/second (0.6 GT/second)
Max UPI link 1 speed: 1.2 GBytes/second (0.6 GT/second)

Detected Intel(R) Xeon(R) Silver 4208 CPU @ 2.10GHz "Intel(r) microarchitecture codename Cascade Lake-SP" stepping 7

Executing "./VE/mpi-benchmarks-master/src_c/IMB-MPI1" command:
Socket 0
Max UPI link 0 speed: 1.6 GBytes/second (0.7 GT/second)
Max UPI link 1 speed: 1.6 GBytes/second (0.7 GT/second)
Socket 1
Max UPI link 0 speed: 1.2 GBytes/second (0.5 GT/second)
Max UPI link 1 speed: 1.2 GBytes/second (0.5 GT/second)

Detected Intel(R) Xeon(R) Silver 4208 CPU @ 2.10GHz "Intel(r) microarchitecture codename Cascade Lake-SP" stepping 7

Executing "./VE/mpi-benchmarks-master/src_c/IMB-MPI1" command:
Socket 0
Max UPI link 0 speed: 1.3 GBytes/second (0.6 GT/second)
Max UPI link 1 speed: 1.3 GBytes/second (0.6 GT/second)
Socket 1
Max UPI link 0 speed: 1.4 GBytes/second (0.6 GT/second)
Max UPI link 1 speed: 1.4 GBytes/second (0.6 GT/second)

Detected Intel(R) Xeon(R) Silver 4208 CPU @ 2.10GHz "Intel(r) microarchitecture codename Cascade Lake-SP" stepping 7

Executing "./VE/mpi-benchmarks-master/src_c/IMB-MPI1" command:
#----------------------------------------------------------------
#    Intel(R) MPI Benchmarks 2018, MPI-1 part
#----------------------------------------------------------------
# Date                  : Mon Mar 18 13:50:52 2024
# Machine               : VE
# System                : Linux
# Release               : 4.18.0-477.15.1.el8_8.x86_64
# Version               : #1 SMP Wed Jun 28 15:04:18 UTC 2023
# MPI Version           : 3.1
# MPI Thread Environment: 


# Calling sequence was: 

# ./VE/mpi-benchmarks-master/src_c/IMB-MPI1 -npmin 8 alltoallv -iter 800000 -time 80000
#                                           -mem 8000

# Minimum message length in bytes:   0
# Maximum message length in bytes:   4194304
#
# MPI_Datatype                   :   MPI_BYTE 
# MPI_Datatype for reductions    :   MPI_FLOAT
# MPI_Op                         :   MPI_SUM  
#
#

# List of Benchmarks to run:

# Alltoallv

#----------------------------------------------------------------
# Benchmarking Alltoallv 
# #processes = 8 
#----------------------------------------------------------------
       #bytes #repetitions  t_min[usec]  t_max[usec]  t_avg[usec]
            0       800000         2.66         2.81         2.75
            1       800000         5.24         5.57         5.38
            2       800000         5.29         5.64         5.45
            4       800000         5.36         5.70         5.53
            8       800000         5.33         5.68         5.50
           16       800000         5.33         5.68         5.50
           32       800000         5.14         5.46         5.29
           64       655360         5.05         5.32         5.17
          128       327680         5.01         5.31         5.14
          256       163840         5.00         5.29         5.13
          512        81920         5.02         5.33         5.17
         1024        40960         5.08         5.37         5.22
         2048        20480         5.10         5.41         5.24
         4096        10240         5.21         5.51         5.36
         8192         5120         5.48         5.83         5.65
        16384         2560         6.33         6.66         6.49
        32768         1280         7.88         8.22         8.03
        65536          640        11.88        12.39        12.15
       131072          320        40.88        43.49        41.83
       262144          160        66.33        72.86        67.82
       524288           80        93.98       103.42        97.20
      1048576           40       150.95       162.68       156.62
      2097152           20       256.79       273.76       267.66
      4194304           10       463.62       476.78       468.34


# All processes entering MPI_Finalize

DEBUG: caught signal to interrupt (Child exited).
Cleaning up
 Closed perf event handles
DEBUG: caught signal to interrupt (Child exited).
Cleaning up
 Closed perf event handles
DEBUG: caught signal to interrupt (Child exited).
Cleaning up
 Closed perf event handles
DEBUG: caught signal to interrupt (DEBUG: caught signal to interrupt (Child exited).
Child exited).
Cleaning up
Cleaning up
DEBUG: caught signal to interrupt (Child exited).
Cleaning up
 Closed perf event handles
 Closed perf event handles
 Closed perf event handles
DEBUG: caught signal to interrupt (Child exited).
Cleaning up
 Closed perf event handles
 Zeroed uncore PMU registers
 Zeroed uncore PMU registers
 Zeroed uncore PMU registers
DEBUG: caught signal to interrupt (Child exited).
Cleaning up
 Closed perf event handles
 Zeroed uncore PMU registers
 Zeroed uncore PMU registers
 Zeroed uncore PMU registers
 Zeroed uncore PMU registers
 Zeroed uncore PMU registers
	Command being timed: "/opt/nec/ve/bin/mpirun -n 8 /usr/sbin/pcm 0.1 -csv=./output/10/ve_Intel_0_10.csv -- ./VE/mpi-benchmarks-master/src_c/IMB-MPI1 -npmin 8 alltoallv -iter 800000 -time 80000 -mem 8000"
	User time (seconds): 3.60
	System time (seconds): 2.19
	Percent of CPU this job got: 10%
	Elapsed (wall clock) time (h:mm:ss or m:ss): 0:53.74
	Average shared text size (kbytes): 0
	Average unshared data size (kbytes): 0
	Average stack size (kbytes): 0
	Average total size (kbytes): 0
	Maximum resident set size (kbytes): 141488
	Average resident set size (kbytes): 0
	Major (requiring I/O) page faults: 0
	Minor (reclaiming a frame) page faults: 5804
	Voluntary context switches: 89122
	Involuntary context switches: 5975
	Swaps: 0
	File system inputs: 0
	File system outputs: 30600
	Socket messages sent: 0
	Socket messages received: 0
	Signals delivered: 0
	Page size (bytes): 4096
	Exit status: 0
