
 Intel(r) Performance Counter Monitor (2022-11-24 10:18:12 +0100 ID=1b16bb4e)


PCM Info: setrlimit for file limit 1000000 failed with error Operation not permitted

=====  Processor information  =====

 Intel(r) Performance Counter Monitor 
(2022-11-24 10:18:12 +0100 ID=1b16bb4e)


 Intel(r) Performance Counter Monitor  Intel(r) Performance Counter Monitor 
(2022-11-24 10:18:12 +0100 ID=1b16bb4e)(2022-11-24 10:18:12 +0100 ID=1b16bb4e)



PCM Info: setrlimit for file limit 

1000000 failed with error Operation not permitted
PCM Info: setrlimit for file limit PCM Info: setrlimit for file limit 10000001000000 failed with error 
 failed with error Operation not permitted
=====  Processor information  =====
Operation not permitted Intel(r) Performance Counter Monitor (2022-11-24 10:18:12 +0100 ID=1b16bb4e)





=====  Processor information  =====

=====  Processor information  =====
PCM Info: setrlimit for file limit 1000000 failed with error Operation not permitted

=====  Processor information  =====
Linux arch_perfmon flag  : Linux arch_perfmon flag  : yesLinux arch_perfmon flag  : yes


yesLinux arch_perfmon flag  : Hybrid processor         :  Intel(r) Performance Counter Monitor 
Hybrid processor         : 
noyes(2022-11-24 10:18:12 +0100 ID=1b16bb4e)no Intel(r) Performance Counter Monitor Hybrid processor         : 



(2022-11-24 10:18:12 +0100 ID=1b16bb4e)noIBRS and IBPB supported  : Hybrid processor         : 
IBRS and IBPB supported  : 


yesno
yes
 Intel(r) Performance Counter Monitor IBRS and IBPB supported  : 



(2022-11-24 10:18:12 +0100 ID=1b16bb4e)yesPCM Info: setrlimit for file limit STIBP supported          : IBRS and IBPB supported  : STIBP supported          : 

1000000yesPCM Info: setrlimit for file limit yesyes
STIBP supported          :  failed with error 
Spec arch caps supported : 1000000


yesOperation not permittedyes failed with error STIBP supported          : Spec arch caps supported : 


PCM Info: setrlimit for file limit Operation not permittedyesyesSpec arch caps supported : Max CPUID level          : 1000000

=====  Processor information  =====


yes22 failed with error Spec arch caps supported : Max CPUID level          : 
=====  Processor information  =====


Operation not permittedyes22Max CPUID level          : CPU model number         : 


2285Max CPUID level          : 

 Intel(r) Performance Counter Monitor (2022-11-24 10:18:12 +0100 ID=1b16bb4e)
 Intel(r) Performance Counter Monitor 

(2022-11-24 10:18:12 +0100 ID=1b16bb4e) Intel(r) Performance Counter Monitor 


(2022-11-24 10:18:12 +0100 ID=1b16bb4e)
 Intel(r) Performance Counter Monitor 


 Intel(r) Performance Counter Monitor  Intel(r) Performance Counter Monitor (2022-11-24 10:18:12 +0100 ID=1b16bb4e)

(2022-11-24 10:18:12 +0100 ID=1b16bb4e)PCM Info: setrlimit for file limit (2022-11-24 10:18:12 +0100 ID=1b16bb4e)


1000000

PCM Info: setrlimit for file limit PCM Info: setrlimit for file limit 
 failed with error 

10000001000000

Operation not permitted failed with error  failed with error 
PCM Info: setrlimit for file limit Operation not permittedPCM Info: setrlimit for file limit PCM Info: setrlimit for file limit Operation not permitted1000000
1000000
=====  Processor information  =====
1000000
 failed with error 
=====  Processor information  =====
 failed with error  failed with error Operation not permittedOperation not permittedOperation not permitted
=====  Processor information  =====




=====  Processor information  =====

=====  Processor information  =====

=====  Processor information  =====
Linux arch_perfmon flag  : yesLinux arch_perfmon flag  : 
yesHybrid processor         : 
noHybrid processor         : 
Linux arch_perfmon flag  : noIBRS and IBPB supported  : yes
Linux arch_perfmon flag  : yes
IBRS and IBPB supported  : yesLinux arch_perfmon flag  : 
Hybrid processor         : Linux arch_perfmon flag  : yes
yesSTIBP supported          : noyes
Hybrid processor         : 
yes


STIBP supported          : noHybrid processor         : 
IBRS and IBPB supported  : Hybrid processor         :  Intel(r) Performance Counter Monitor yes
noSpec arch caps supported : yesno(2022-11-24 10:18:12 +0100 ID=1b16bb4e)
IBRS and IBPB supported  : 
yes


Spec arch caps supported : yesIBRS and IBPB supported  : 
STIBP supported          : IBRS and IBPB supported  : 
yes
yesMax CPUID level          : yesyes

STIBP supported          : 
22

Max CPUID level          : yesSTIBP supported          : 
PCM Info: setrlimit for file limit Spec arch caps supported : STIBP supported          : 22
yesCPU model number         : 1000000yesyes
Spec arch caps supported : 
85 failed with error 

CPU model number         : yesSpec arch caps supported : 
Max CPUID level          : Operation not permittedSpec arch caps supported : 85
yes22
yes
Max CPUID level          : 


22Max CPUID level          : CPU model number         : 
=====  Processor information  =====
Max CPUID level          : 
228522CPU model number         : 


85CPU model number         : CPU model number         : 
8585

Linux arch_perfmon flag  : yes
Hybrid processor         : no
IBRS and IBPB supported  : yes
STIBP supported          : yes
Spec arch caps supported : yes
Max CPUID level          : 22
CPU model number         : 85

Linux arch_perfmon flag  :  Intel(r) Performance Counter Monitor (2022-11-24 10:18:12 +0100 ID=1b16bb4e)CPU model number         : 85
=====  Processor information  =====
yes





Linux arch_perfmon flag  : CPU model number         : Hybrid processor         : 
yes85no


Hybrid processor         : PCM Info: setrlimit for file limit IBRS and IBPB supported  : no1000000yes
 failed with error 
IBRS and IBPB supported  : Operation not permittedSTIBP supported          : yes
Linux arch_perfmon flag  : yes
yes
STIBP supported          : 
=====  Processor information  =====

Spec arch caps supported : yesHybrid processor         : yes
no
Spec arch caps supported : 
Max CPUID level          : yesIBRS and IBPB supported  : 22
yes
Max CPUID level          : 
CPU model number         : 22STIBP supported          : 85
yes
CPU model number         : 
Linux arch_perfmon flag  : 85Spec arch caps supported : yes
yes

Linux arch_perfmon flag  : Hybrid processor         : Max CPUID level          : 22noyes22



IBRS and IBPB supported  : CPU model number         : Hybrid processor         : CPU model number         : yes85no
85

IBRS and IBPB supported  : 
STIBP supported          : yesyes

STIBP supported          : Spec arch caps supported : yesyes

Spec arch caps supported : Max CPUID level          : yes22

Max CPUID level          : CPU model number         : 2285

CPU model number         : 85
Number of physical cores: 16
Number of logical cores: 16
Number of online logical cores: 16
Threads (logical cores) per physical core: 1
Num sockets: 2
Physical cores per socket: 8
Last level cache slices per socket: 0
Core PMU (perfmon) version: 4
Number of core PMU generic (programmable) counters: 8
Width of generic (programmable) counters: 48 bits
Number of core PMU fixed counters: 3
Width of fixed counters: 48 bits
Nominal core frequency: 2100000000 Hz
IBRS enabled in the kernel   : no
STIBP enabled in the kernel  : no
The processor is not susceptible to Rogue Data Cache Load: no
The processor supports enhanced IBRS                     : no

=====  Processor topology  =====
OS_Processor    Thread_Id       Core_Id         Tile_Id         Package_Id      Core_Type   Native_CPU_Model
0               0               0               0               0               invalid         -1              
1               0               1               1               0               invalid         -1              
2               0               2               2               0               invalid         -1              
3               0               3               3               0               invalid         -1              
4               0               4               4               0               invalid         -1              
5               0               5               5               0               invalid         -1              
6               0               6               6               0               invalid         -1              
7               0               7               7               0               invalid         -1              
8               0               0               8               1               invalid         -1              
9               0               1               9               1               invalid         -1              
10              0               2               10              1               invalid         -1              
11              0               3               11              1               invalid         -1              
12              0               4               12              1               invalid         -1              
13              0               5               13              1               invalid         -1              
14              0               6               14              1               invalid         -1              
15              0               7               15              1               invalid         -1              
=====  Placement on packages  =====
Package Id.    Core Id.     Processors
0              0,1,2,3,4,5,6,7
1              0,1,2,3,4,5,6,7

=====  Core/Tile sharing  =====
Level      Processors
Core       (0)(1)(2)(3)(4)(5)(6)(7)(8)(9)(10)(11)(12)(13)(14)(15)
Tile / L2$ (0)(1)(2)(3)(4)(5)(6)(7)(8)(9)(10)(11)(12)(13)(14)(15)

Package thermal spec power: 0 Watt; Package minimum power: 0 Watt; Package maximum power: 0 Watt;

Can't open MCFG table. Check permission of /sys/firmware/acpi/tables/MCFG
Can't open MCFG table. Check permission of /sys/firmware/acpi/tables/MCFG1
Can't open MCFG table. Check permission of /pcm/sys/firmware/acpi/tables/MCFG
Can't open MCFG table. Check permission of /pcm/sys/firmware/acpi/tables/MCFG1
WARNING: enumeration of devices in UncorePMUDiscovery failed
Number of physical cores: Number of physical cores: 16
Number of logical cores: 16
Number of online logical cores: 16
Threads (logical cores) per physical core: 1
Num sockets: 2
Physical cores per socket: 8
Last level cache slices per socket: 0
Core PMU (perfmon) version: 4
Number of core PMU generic (programmable) counters: 8
Width of generic (programmable) counters: 48 bits
Number of core PMU fixed counters: 3
Width of fixed counters: 48 bits
Nominal core frequency: 2100000000 Hz
IBRS enabled in the kernel   : no
STIBP enabled in the kernel  : no
The processor is not susceptible to Rogue Data Cache Load: no
The processor supports enhanced IBRS                     : no

=====  Processor topology  =====
OS_Processor    Thread_Id       Core_Id         Tile_Id         Package_Id      Core_Type   Native_CPU_Model
0               0               0               0               0               invalid         -1              
1               0               1               1               0               invalid         -1              
2               0               2               2               0               invalid         -1              
3               0               3               3               0               invalid         -1              
4               0               4               4               0               invalid         -1              
5               0               5               5               0               invalid         -1              
6               0               6               6               0               invalid         -1              
7               0               7               7               0               invalid         -1              
8               0               0               8               1               invalid         -1              
9               0               1               9               1               invalid         -1              
10              0               2               10              1               invalid         -1              
11              0               3               11              1               invalid         -1              
12              0               4               12              1               invalid         -1              
13              0               5               13              1               invalid         -1              
14              0               6               14              1               invalid         -1              
15              0               7               15              1               invalid         -1              
=====  Placement on packages  =====
Package Id.    Core Id.     Processors
0              0,1,2,3,4,5,6,7
1              0,1,2,3,4,5,6,7

=====  Core/Tile sharing  =====
Level      Processors
Core       (0)(1)(2)(3)(4)(5)(6)(7)(8)(9)(10)(11)(12)(13)(14)(15)
Tile / L2$ (0)(1)(2)(3)(4)(5)(6)(7)(8)(9)(10)(11)(12)(13)(14)(15)

Package thermal spec power: 0 Watt; Package minimum power: 0 Watt; Package maximum power: 0 Watt;

Can't open MCFG table. Check permission of /sys/firmware/acpi/tables/MCFG
Can't open MCFG table. Check permission of /sys/firmware/acpi/tables/MCFG1
Can't open MCFG table. Check permission of /pcm/sys/firmware/acpi/tables/MCFG
Can't open MCFG table. Check permission of /pcm/sys/firmware/acpi/tables/MCFG1
WARNING: enumeration of devices in UncorePMUDiscovery failed
INFO: Linux perf interface to program uncore PMUs is Number of physical cores: present
Number of physical cores: INFO: using Linux perf interface to program uncore PMUs because env variable PCM_USE_UNCORE_PERF=1
16Number of physical cores: INFO: Secure Boot detected. Using Linux perf for uncore PMU programming.

Number of physical cores: 16Number of physical cores: 16Number of logical cores: Number of physical cores: 
16
1616Number of logical cores: 
16Number of logical cores: 

16Number of logical cores: 
Number of logical cores: 16Number of logical cores: Number of online logical cores: 
1616
1616Number of online logical cores: 

Number of online logical cores: 

16Number of online logical cores: Number of online logical cores: 16Number of online logical cores: Threads (logical cores) per physical core: 
1616
161Threads (logical cores) per physical core: 

Threads (logical cores) per physical core: 

1Threads (logical cores) per physical core: Threads (logical cores) per physical core: 1Threads (logical cores) per physical core: Num sockets: 
11
12Num sockets: 

Num sockets: 

2Num sockets: Num sockets: 2Num sockets: Physical cores per socket: 
22
28Physical cores per socket: 

Physical cores per socket: 

8Physical cores per socket: Physical cores per socket: 8Physical cores per socket: Last level cache slices per socket: 
88
80Last level cache slices per socket: 

Last level cache slices per socket: 

0Last level cache slices per socket: Last level cache slices per socket: 0Last level cache slices per socket: Core PMU (perfmon) version: 
00
04Core PMU (perfmon) version: 

Core PMU (perfmon) version: 

4Core PMU (perfmon) version: Core PMU (perfmon) version: 4Core PMU (perfmon) version: Number of core PMU generic (programmable) counters: 
44
48Number of core PMU generic (programmable) counters: 

Number of core PMU generic (programmable) counters: 

8Number of core PMU generic (programmable) counters: Number of core PMU generic (programmable) counters: 8Number of core PMU generic (programmable) counters: Width of generic (programmable) counters: 
88
848Width of generic (programmable) counters: 

Width of generic (programmable) counters: 
 bits
48Width of generic (programmable) counters: Width of generic (programmable) counters: 48Width of generic (programmable) counters: Number of core PMU fixed counters:  bits
4848 bits
483Number of core PMU fixed counters:  bits
 bits
Number of core PMU fixed counters:  bits

3Number of core PMU fixed counters: Number of core PMU fixed counters: 3Number of core PMU fixed counters: Width of fixed counters: 
33
348Width of fixed counters: 

Width of fixed counters: 
 bits
48Width of fixed counters: Width of fixed counters: 48Width of fixed counters: Nominal core frequency:  bits
4848 bits
482100000000Nominal core frequency:  bits
 bits
Nominal core frequency:  bits
 Hz
2100000000Nominal core frequency: Nominal core frequency: 2100000000Nominal core frequency: IBRS enabled in the kernel   :  Hz
21000000002100000000 Hz
2100000000noIBRS enabled in the kernel   :  Hz
 Hz
IBRS enabled in the kernel   :  Hz

noIBRS enabled in the kernel   : IBRS enabled in the kernel   : noIBRS enabled in the kernel   : STIBP enabled in the kernel  : 
nono
nonoSTIBP enabled in the kernel  : 

STIBP enabled in the kernel  : 

noSTIBP enabled in the kernel  : STIBP enabled in the kernel  : noSTIBP enabled in the kernel  : The processor is not susceptible to Rogue Data Cache Load: 
nono
nonoThe processor is not susceptible to Rogue Data Cache Load: 

The processor is not susceptible to Rogue Data Cache Load: 

noThe processor is not susceptible to Rogue Data Cache Load: The processor is not susceptible to Rogue Data Cache Load: noThe processor is not susceptible to Rogue Data Cache Load: The processor supports enhanced IBRS                     : 
nono
nonoThe processor supports enhanced IBRS                     : 

The processor supports enhanced IBRS                     : 

noThe processor supports enhanced IBRS                     : The processor supports enhanced IBRS                     : noThe processor supports enhanced IBRS                     : 
=====  Processor topology  =====

nono
noOS_Processor    Thread_Id       Core_Id         Tile_Id         Package_Id      Core_Type   Native_CPU_Model

=====  Processor topology  =====



=====  Processor topology  =====

0               OS_Processor    Thread_Id       Core_Id         Tile_Id         Package_Id      Core_Type   Native_CPU_Model

=====  Processor topology  =====

=====  Processor topology  =====
OS_Processor    Thread_Id       Core_Id         Tile_Id         Package_Id      Core_Type   Native_CPU_Model
0               
=====  Processor topology  =====
0               OS_Processor    Thread_Id       Core_Id         Tile_Id         Package_Id      Core_Type   Native_CPU_Model
OS_Processor    Thread_Id       Core_Id         Tile_Id         Package_Id      Core_Type   Native_CPU_Model
0               0               OS_Processor    Thread_Id       Core_Id         Tile_Id         Package_Id      Core_Type   Native_CPU_Model
0               0               0               0               0               0               0               0               0               0               0               0               0               0               0               0               invalid0               0               0               0               0                0               invalid0               0               invalid 0                invalidinvalid  invalid                                        -1                   
 -1                -1              1                
-1              -1              
0               -1              1               

1               1               
0               1               1               0               1               1               1               0               0               1               0               0               1               1               1               1               invalid1               0               1               1               0                1               invalid0               0               invalid 0                invalidinvalid  invalid                                        -1                   
 -1                -1              2                
-1              -1              
0               -1              2               

2               2               
0               2               2               0               2               2               2               0               0               2               0               0               2               2               2               2               invalid2               0               2               2               0                2               invalid0               0               invalid 0                invalidinvalid  invalid                                        -1                   
 -1                -1              3                
-1              -1              
0               -1              3               

3               3               
0               3               3               0               3               3               3               Socket 0               0               3               0               0               3               03               3               3               invalid3               0               : 3               3               0                3               invalid20               0               invalid 0                 memory controllers detected with total number of invalidinvalid  invalid 6       channels.       2             UPI       ports detected.          -1                2   
 -1               M2M (mesh to memory) blocks detected.   -1              4                
0-1              -1              
0               -1              4                Home Agents detected. 

4               4               
0               24               4               0               4               4               4                M3UPI blocks detected.
0               0               4               0               0               4               4               4               4               invalid4               0               4               4               0                4               invalid0               0               invalid 0                invalidinvalid  invalid                                        -1                   
 -1                -1              5                
-1              -1              
0               -1              5               

5               5               
0               5               5               0               5               5               5               0               0               5               0               0               5               5               5               5               invalid5               0               5               5               0                5               invalid0               0               invalid 0                invalidinvalid  invalid                                        -1                   
 -1                -1              6                
-1              -1              
0               -1              6               

6               6               
0               6               6               0               6               6               6               0               0               6               0               0               6               6               6               6               invalid6               0               6               6               0                6               invalid0               0               invalid 0               invalid invalidinvalid                                           -1                   
 -1                -1              7               -1              
-1              -1              
0               
7               

7               7               7               0               7               7               0               7               0               7               0               0               7               0               7               7               7               7               7               invalid7               0               7               7               0                0               invalid0               0               invalid invalid invalidinvalid                                           -1                   
 -1                -1              8               -1              
-1              -1              
0               
8               

8               0               8               0               8               8               0               8               0               0               0               0               0               0               8               0               0               8               8               1               8               8               1               1               invalid1               1               invalidinvalid invalidinvalid                                          -1                -1              -1              
-1              -1              

9               

9               9               0               9               9               0               0               1               0               0               1               1               9               1               1               9               9               1               9               9               1               1               invalid1               1               invalidinvalid invalidinvalid                                          -1                -1              -1              
-1              -1              

10              

10              10              0               10              10              0               0               2               0               0               2               2               10              2               2               10              10              1               10              10              1               1               invalid1               1               invalidinvalid invalidinvalid                                          -1                -1              -1              
-1              -1              

11              

11              11              0               11              11              0               0               3               0               0               3               3               11              3               3               11              11              1               11              11              1               1               invalid1               1               invalidinvalid invalidinvalid                                          -1                -1              -1              
-1              -1              

12              

12              12              0               12              12              0               0               4               0               0               4               4               12              4               4               12              12              1               12              12              1               1               invalid1               1               invalidinvalid invalidinvalid                                 -1                -1              
Socket -1              -1              
13              1

13              0               : 13              13              0               5               20               0               5               13               memory controllers detected with total number of 5               5               13              1               613              13              1               invalid channels. 1               1               invalid 2invalidinvalid       UPI     ports detected.         2     M2M (mesh to memory) blocks detected.     0     Home Agents detected.    -1              2  -1              
 M3UPI blocks detected.
-1              -1              
14              

14              0               14              14              0               6               0               0               6               14              6               6               14              1               14              14              1               invalid1               1               invalid invalidinvalid                                 -1                -1              
-1              -1              
15              

15              0               15              15              0               7               0               0               7               15              7               7               15              1               15              15              1               invalid1               1               invalid invalidinvalid                                  -1               -1              -1              
-1              

=====  Placement on packages  =====

=====  Placement on packages  =====
=====  Placement on packages  =====
Package Id.    Core Id.     Processors
=====  Placement on packages  =====
Package Id.    Core Id.     Processors
Package Id.    Core Id.     Processors
0              Package Id.    Core Id.     Processors
0              0              00              00,0,,1,11,1,,2,22,2,,3,33,3,,4,44,4,,5,55,5,,6,66,6,,7,77
7

1              
1              1              01              00,0,,1,11,1,,2,22,Number of physical cores: 16
Number of logical cores: 16
Number of online logical cores: 16
Threads (logical cores) per physical core: 1
Num sockets: 2
Physical cores per socket: 8
Last level cache slices per socket: 0
Core PMU (perfmon) version: 4
Number of core PMU generic (programmable) counters: 8
Width of generic (programmable) counters: 48 bits
Number of core PMU fixed counters: 3
Width of fixed counters: 48 bits
Nominal core frequency: 2100000000 Hz
IBRS enabled in the kernel   : no
STIBP enabled in the kernel  : no
The processor is not susceptible to Rogue Data Cache Load: no
The processor supports enhanced IBRS                     : no

=====  Processor topology  =====
OS_Processor    Thread_Id       Core_Id         Tile_Id         Package_Id      Core_Type   Native_CPU_Model
0               0               0               0               0               invalid         -1              
1               0               1               1               0               invalid         -1              
2               0               2               2               0               invalid         -1              
3               0               3               3               0               invalid         -1              
4               0               4               4               0               invalid         -1              
5               0               5               5               0               invalid         -1              
6               0               6               6               0               invalid         -1              
7               0               7               7               0               invalid         -1              
8               0               0               8               1               invalid         -1              
9               0               1               9               1               invalid         -1              
10              0               2               10              1               invalid         -1              
11              0               3               11              1               invalid         -1              
12              0               4               12              1               invalid         -1              
13              0               5               13              1               invalid         -1              
14              0               6               14              1               invalid         -1              
15              0               7               15              1               invalid         -1              
=====  Placement on packages  =====
Package Id.    Core Id.     Processors
0              0,1,2,3,4,5,6,7
1              0,1,2,3,4,5,6,7

=====  Core/Tile sharing  =====
Level      Processors
Core       (0)(1)(2)(3)(4)(5)(6)(7)(8)(9)(10)(11)(12)(13)(14)(15)
Tile / L2$ (0)(1)(2)(3)(4)(5)(6)(7)(8)(9)(10)(11)(12)(13)(14)(15)

Package thermal spec power: 0 Watt; Package minimum power: 0 Watt; Package maximum power: 0 Watt;
Number of physical cores: Number of physical cores: 16
Number of logical cores: 16
Number of online logical cores: 1616

Threads (logical cores) per physical core: Number of logical cores: 116

Num sockets: Number of online logical cores: 216

Physical cores per socket: Threads (logical cores) per physical core: 81

Last level cache slices per socket: Num sockets: 02

Core PMU (perfmon) version: Physical cores per socket: 48

Number of core PMU generic (programmable) counters: Last level cache slices per socket: 80

Width of generic (programmable) counters: Core PMU (perfmon) version: 484
 bits

Number of core PMU fixed counters: Number of core PMU generic (programmable) counters: 38

Can't open MCFG table. Check permission of Width of fixed counters: Width of generic (programmable) counters: /sys/firmware/acpi/tables/MCFG4848
 bits
 bits
Can't open MCFG table. Check permission of Nominal core frequency: Number of core PMU fixed counters: /sys/firmware/acpi/tables/MCFG121000000003
 Hz

Can't open MCFG table. Check permission of IBRS enabled in the kernel   : Width of fixed counters: /pcm/sys/firmware/acpi/tables/MCFGno48

 bits
Can't open MCFG table. Check permission of STIBP enabled in the kernel  : Nominal core frequency: /pcm/sys/firmware/acpi/tables/MCFG1no2100000000

 Hz
The processor is not susceptible to Rogue Data Cache Load: IBRS enabled in the kernel   : nono

The processor supports enhanced IBRS                     : WARNING: enumeration of devices in UncorePMUDiscovery failed
STIBP enabled in the kernel  : nono


=====  Processor topology  =====
The processor is not susceptible to Rogue Data Cache Load: OS_Processor    Thread_Id       Core_Id         Tile_Id         Package_Id      Core_Type   Native_CPU_Model
no0               
0               The processor supports enhanced IBRS                     : 0               no0               
0               
=====  Processor topology  =====
invalidOS_Processor    Thread_Id       Core_Id         Tile_Id         Package_Id      Core_Type   Native_CPU_Model
 0                0                0                0                0                invalid      -1               
 1                0                1                1                0               -1              invalid
 1                0                1                1                0                invalid      -1               
 2                0                2                2                0               -1              invalid
 2                0                2                2                0                invalid      -1               
 3                0                3                3                0               -1              invalid
 3                0                3                3                0                invalid      -1               
 4                0                4                4                0               -1              invalid
 4                0                4                4                0                invalid      -1               
 5                0                5                5                0               invalid   -1               
 5                0                5                5                0               -1              invalid
 6                0                6                6                0                invalid      -1               
 6                0                6                6                0               -1              invalid
 7                0               INFO: Linux perf interface to program uncore PMUs is  7               present
 7               INFO: using Linux perf interface to program uncore PMUs because env variable PCM_USE_UNCORE_PERF=1
 0               INFO: Secure Boot detected. Using Linux perf for uncore PMU programming.
 invalid      -1               
 7                0                7                7                0               -1              invalid
 8                0                0                8                1                invalid      -1               
 8                0                0                8                1               -1              invalid
 9                0                1                9                1                invalid      -1               
 9                0                1                9                1               -1              invalid
 10               0                2                10               1                invalid      -1               
 10               0                2                10               1               -1              invalid
 11               0                3                11               1                 invalid    -1               
 11               0                3                11               1                invalid-1               
 12               0                4                12               1                invalid    -1               
 12               0                4                12               1                invalid-1               
 13               0                5                13               1                invalid    -1               
 13               0                5                13               1                invalid-1               
 14               0                6                14               1                invalid    -1               
 14               0                6                14               1                invalid-1               
 15               0                7                Number of physical cores: Number of physical cores: 1616

Number of logical cores: Number of logical cores: 1616

Number of online logical cores: Number of online logical cores: 1616

Threads (logical cores) per physical core: Threads (logical cores) per physical core: 11

Num sockets: Num sockets: 22

Physical cores per socket: Physical cores per socket: 88

Last level cache slices per socket: Last level cache slices per socket: 00

Core PMU (perfmon) version: Core PMU (perfmon) version: 44

Number of core PMU generic (programmable) counters: Number of core PMU generic (programmable) counters: 88

Width of generic (programmable) counters: Width of generic (programmable) counters: 4848 bits
 bits
Number of core PMU fixed counters: Number of core PMU fixed counters: 33

Width of fixed counters: Width of fixed counters: 4848 bits
 bits
Nominal core frequency: Nominal core frequency: 21000000002100000000 Hz
 Hz
IBRS enabled in the kernel   : IBRS enabled in the kernel   : nono

STIBP enabled in the kernel  : STIBP enabled in the kernel  : nono

The processor is not susceptible to Rogue Data Cache Load: The processor is not susceptible to Rogue Data Cache Load: nono

The processor supports enhanced IBRS                     : The processor supports enhanced IBRS                     : nono


=====  Processor topology  =====

=====  Processor topology  =====
OS_Processor    Thread_Id       Core_Id         Tile_Id         Package_Id      Core_Type   Native_CPU_Model
OS_Processor    Thread_Id       Core_Id         Tile_Id         Package_Id      Core_Type   Native_CPU_Model
0               0               0               0               0               0               0               0               0               0               invalidinvalid                  -1              -1              

1               0               1               1               1               0               0               1               invalid1                0                invalid              -1               
 2               -1              0               
2               2               2               0               0               2               invalid2                0                invalid              -1               
 3               -1              0               
3               3               3               0               0               3               invalid3                0                invalid              -1               
 4               -1              0               4               4               0               invalid  
 4                0                4                4                0                invalid  -1               
 5                0                5                5                0                invalid  -1               
 5                0                5                5                0                invalid  -1               
 6                0                6                6                0                invalid  -1               
 6                0                6                6                0                invalid  -1               
 7                0                7                7                0                invalid  -1               
 7                0                7                7                0                invalid  -1               
 8                0                0                8                1                invalid  -1               
 8                0                0                8                1                invalid  -1               
 9                0                1                9                1                invalid  -1               
 9                0                1                9                1                invalid  -1               
 10               0                2                10               1                invalid  -1               
 10               0                2                10               1                invalid  -1               
 11               0                3                11               1                invalid  -1               
 11               0                3                11               1                invalid  -1               
 12               0                4                12               1                invalid  -1               
 12               0                4                12               1                invalid  -1               
 13               0                5                13               1                invalid  -1               
 13               0                5                13               1                invalid  -1               
 14               0                6                14               1                invalid  -1               
 14               0                6                14               1                invalid  -1               
 15               0                7                15               1                invalid  -1               
 15               0                7                15               1                invalid  -1               
 =====  Placement on packages  =====
 Package Id.    Core Id.     Processors
 0               0 , 1 ,-1              2
,=====  Placement on packages  =====
3Package Id.    Core Id.     Processors
,0              40,,51,,62,,73
,1              40,,51,,62,,73
,1              40,,51,,62,,73
,
=====  Core/Tile sharing  =====
4Level      Processors
Core       ,(50,)6(,17)
(
=====  Core/Tile sharing  =====
2Level      Processors
Core       )((03))((14))((25))((36))((47))((58))((69))((710))((811))((912))((1013))((1114))((1215))(
Tile / L2$ 13()0()14()1()15()2
Tile / L2$ )((03))((14))((25))((36))((47))((58))((69))((710))((811))((912))((1013))((1114))((1215))(
13
)Package thermal spec power: (014 Watt; )Package minimum power: (015 Watt; )Package maximum power: 
0
 Watt;
Package thermal spec power: 0 Watt; Package minimum power: 0 Watt; Package maximum power: 0 Watt;


Can't open MCFG table. Check permission of /sys/firmware/acpi/tables/MCFG
Can't open MCFG table. Check permission of /sys/firmware/acpi/tables/MCFG1
Can't open MCFG table. Check permission of /pcm/sys/firmware/acpi/tables/MCFG
Can't open MCFG table. Check permission of /pcm/sys/firmware/acpi/tables/MCFG1
Can't open MCFG table. Check permission of /sys/firmware/acpi/tables/MCFG
Can't open MCFG table. Check permission of /sys/firmware/acpi/tables/MCFG1
Can't open MCFG table. Check permission of /pcm/sys/firmware/acpi/tables/MCFG
Can't open MCFG table. Check permission of WARNING: enumeration of devices in UncorePMUDiscovery failed
/pcm/sys/firmware/acpi/tables/MCFG1
WARNING: enumeration of devices in UncorePMUDiscovery failed
Socket 0: 2 memory controllers detected with total number of 6 channels. 2 UPI ports detected. 2 M2M (mesh to memory) blocks detected. 0 Home Agents detected. 2 M3UPI blocks detected.
INFO: Linux perf interface to program uncore PMUs is present
INFO: using Linux perf interface to program uncore PMUs because env variable PCM_USE_UNCORE_PERF=1
INFO: Secure Boot detected. Using Linux perf for uncore PMU programming.
INFO: Linux perf interface to program uncore PMUs is present
INFO: using Linux perf interface to program uncore PMUs because env variable PCM_USE_UNCORE_PERF=1
INFO: Secure Boot detected. Using Linux perf for uncore PMU programming.
Number of physical cores: INFO: Linux perf interface to program uncore PMUs is 16
Number of logical cores: 16present

INFO: using Linux perf interface to program uncore PMUs because env variable PCM_USE_UNCORE_PERF=1
Number of online logical cores: INFO: Secure Boot detected. Using Linux perf for uncore PMU programming.
16
Threads (logical cores) per physical core: 1
Num sockets: 2
Physical cores per socket: 8
Last level cache slices per socket: 0
Core PMU (perfmon) version: 4
Number of core PMU generic (programmable) counters: 8
Width of generic (programmable) counters: 48 bits
Number of core PMU fixed counters: 3
Width of fixed counters: 48 bits
Nominal core frequency: 2100000000 Hz
IBRS enabled in the kernel   : no
STIBP enabled in the kernel  : no
The processor is not susceptible to Rogue Data Cache Load: no
The processor supports enhanced IBRS                     : no

=====  Processor topology  =====
OS_Processor    Thread_Id       Core_Id         Tile_Id         Package_Id      Core_Type   Native_CPU_Model
0               0               0               0               0               invalid         -1              
1               0               1               1               0               invalid         -1              
2               0               2               2               0               invalid         -1              
3               0               3               3               0               invalid         -1              
4               0               4               4               0               invalid         -1              
5               0               5               5               0               invalid         -1              
6               0               6               6               0               invalid         -1              
7               0               7               7               0               invalid        Number of physical cores:  -1              
8               0               160               
8               Number of logical cores: 1               16invalid
 Number of online logical cores:  16 
 Threads (logical cores) per physical core:  1 
 Num sockets:  2 
-1              Physical cores per socket: 
89               
0               Last level cache slices per socket: 1               09               
1               Core PMU (perfmon) version: invalid4 
 Number of core PMU generic (programmable) counters:  8 
 Width of generic (programmable) counters:  48  bits
 Number of core PMU fixed counters:  3-1              

Width of fixed counters: 10              480                bits
2               Nominal core frequency: 10              21000000001                Hz
invalidIBRS enabled in the kernel   :  no 
 STIBP enabled in the kernel  :  no 
 The processor is not susceptible to Rogue Data Cache Load:  no 
 The processor supports enhanced IBRS                     : -1              no

11              
=====  Processor topology  =====
0               OS_Processor    Thread_Id       Core_Id         Tile_Id         Package_Id      Core_Type   Native_CPU_Model
3               0               11              0               1               0               invalid0                0                invalid              -1               
 12              -1              0               
4               1               12              0               1               1               invalid1                0                invalid              -1               
 13              -1              0               
5               2               13              0               1               2               invalid2                0                invalid              -1               
 14              -1              0               
6               3               14              0               1               3               invalid3                0                invalid              -1               
 15              -1              0               
7               4               15              0               1               4               invalid4                0                invalid              -1               
 =====  Placement on packages  =====
-1              Package Id.    Core Id.     Processors

0              5               00               ,5               15               ,0               2invalid, 3 , 4 , 5 , 6 , 7-1              

1              6               00               ,6               16               ,0               2invalid, 3 , 4 , 5 , 6 , 7-1              


=====  Core/Tile sharing  =====
7               Level      Processors
Core       0               (7               07               )0               (invalid1 ) ( 2 ) ( 3 ) ( 4-1              )
(8               50               )0               (8               61               )invalid( 7 ) ( 8 ) ( 9 ) (-1              10
)9               (0               111               )9               (1               12invalid) ( 13 ) ( 14 ) ( 15 )-1              
Tile / L2$ 
(10              00               )2               (10              11               )invalid( 2 ) ( 3 ) ( 4 ) (-1              5
)11              (0               63               )11              (1               7invalid) ( 8 ) ( 9 ) ( 10 )-1              (
1112              )0               (4               1212              )1               (invalid13 ) ( 14 ) ( 15 ) 
 
-1              Package thermal spec power: 
013               Watt; 0               Package minimum power: 5               013               Watt; 1               Package maximum power: invalid0  Watt;
        -1              
14              0               6               14              1               invalid         -1              
15              0               7               15              1               invalid         -1              
=====  Placement on packages  =====
Package Id.    Core Id.     Processors
0              0,1,2,3,4,5,6,7
1              0,1,2,3,4,5,6,7

=====  Core/Tile sharing  =====
Level      Processors
Core       (0)(1)(2)
(3)(4)(5)(6)(7)(8)(9)(10)(11Can't open MCFG table. Check permission of )/sys/firmware/acpi/tables/MCFG(
12Can't open MCFG table. Check permission of )/sys/firmware/acpi/tables/MCFG1(
13Can't open MCFG table. Check permission of )/pcm/sys/firmware/acpi/tables/MCFG(
14Can't open MCFG table. Check permission of )/pcm/sys/firmware/acpi/tables/MCFG1(
15)
Tile / L2$ (0)(1)(2)(3)(WARNING: enumeration of devices in UncorePMUDiscovery failed
4)(5)(6)(7)(8)(9)(10)(11)(12)(13)(14)(15)

Package thermal spec power: 0 Watt; Package minimum power: 0 Watt; Package maximum power: 0 Watt;

Can't open MCFG table. Check permission of /sys/firmware/acpi/tables/MCFG
Can't open MCFG table. Check permission of /sys/firmware/acpi/tables/MCFG1
Can't open MCFG table. Check permission of /pcm/sys/firmware/acpi/tables/MCFG
Can't open MCFG table. Check permission of /pcm/sys/firmware/acpi/tables/MCFG1
WARNING: enumeration of devices in UncorePMUDiscovery failed
INFO: Linux perf interface to program uncore PMUs is present
INFO: using Linux perf interface to program uncore PMUs because env variable PCM_USE_UNCORE_PERF=1
INFO: Secure Boot detected. Using Linux perf for uncore PMU programming.
INFO: Linux perf interface to program uncore PMUs is present
INFO: using Linux perf interface to program uncore PMUs because env variable PCM_USE_UNCORE_PERF=1
INFO: Secure Boot detected. Using Linux perf for uncore PMU programming.
Socket 1: 2 memory controllers detected with total number of 6 channels. 2 UPI ports detected. 2 M2M (mesh to memory) blocks detected. 0 Home Agents detected. 2 M3UPI blocks detected.
161               
Number of logical cores: 16
invalidNumber of online logical cores:  16 
 Threads (logical cores) per physical core:  1 
 Num sockets:  2 Socket 
 0-1              Physical cores per socket: : 
82
9                memory controllers detected with total number of Last level cache slices per socket: 0               601                channels. 
9               2Core PMU (perfmon) version: 1                4invalidUPI
  ports detected.Number of core PMU generic (programmable) counters:   8 2
  M2M (mesh to memory) blocks detected. Width of generic (programmable) counters:  048  Home Agents detected.  bits
 2Number of core PMU fixed counters:   M3UPI blocks detected.
3 
-1              Width of fixed counters: 
4810               bits
0               Nominal core frequency: 2               210000000010               Hz
1               IBRS enabled in the kernel   : invalidno 
 STIBP enabled in the kernel  :  no 
 The processor is not susceptible to Rogue Data Cache Load:  no 
 The processor supports enhanced IBRS                     :  no-1              


=====  Processor topology  =====
11              OS_Processor    Thread_Id       Core_Id         Tile_Id         Package_Id      Core_Type   Native_CPU_Model
0               0               3               0               11              0               1               0               invalid0                invalid                -1               
-1              12              
0               1               4               0               12              1               1               1               invalid0                invalid                -1               
-1              13              
0               2               5               0               13              2               1               2               invalid0                invalid                -1               
-1              14              
0               3               6               0               14              3               1               3               invalid0                invalid                -1               
-1              15              
0               4               7               0               15              4               1               4               invalid0                invalid                -1               
-1              =====  Placement on packages  =====

Package Id.    Core Id.     Processors
5               0              0               05               ,5               10               ,invalid2 , 3 , 4 , 5 ,  6 , -1              7 

 6               1               0               0 6               , 6               1 0               , invalid2-1               ,
 313               ,0                45                ,13               51                ,invalid 6  , -1              7 

 7               
=====  Core/Tile sharing  =====
 0               Level      Processors
Core        7               ( 7               0 0               ) invalid(-1               Socket 1
 0)14               : (0                226                 memory controllers detected with total number of )14               6(1                 channels. 3invalid 2)   ( -1              UPI4 
 ports detected.) 8                ( 0               25 0                M2M (mesh to memory) blocks detected. ) 8               0( 1                Home Agents detected. 6 invalid2)-1                M3UPI blocks detected.
(
 715               )0                (7                815               )1                (invalid 9  ) -1              ( 
10 9               ) 0               ( 1               11 9               ) 1               ( invalid12-1               )
 (=====  Placement on packages  =====
 13Package Id.    Core Id.     Processors
 )20               (,0 143, ),1 (4, 15,2-1              )5,

Tile / L2$ ,310              (6,0               0,42               )7,10              (
51               1
=====  Core/Tile sharing  =====
,invalid)Level      Processors
Core       6 ((,  207 ))
  ((1               310 )), ((1-1              42,
))211              ((,0               5333               )),11              ((41               64,invalid))5  ((, 756 )), ((7 86
 ))
=====  Core/Tile sharing  =====
 ((Level      Processors
Core        97(-1              ))0
(()12              108(0               ))14               (()12              119(1               ))2invalid(() 1210( ))3 (() 1311(  ))4 (() 1412( ))5-1              (()
1513(13              ))60               
()5               
14(13              Package thermal spec power: )71               0()invalid  Watt; 15( Package minimum power: )8 0
Tile / L2$ )  Watt; (( Package maximum power: 09 0))  Watt;
(( 110 ))-1              ((
21114              ))0               ((6               31214              ))1               ((invalid413 ))3 ((
 5,14 )4) (,(Can't open MCFG table. Check permission of  6515/sys/firmware/acpi/tables/MCFG ),)
 (6
Tile / L2$ Can't open MCFG table. Check permission of  7,(/sys/firmware/acpi/tables/MCFG1-1              )70

(
)Can't open MCFG table. Check permission of 15              8
=====  Core/Tile sharing  =====
(/pcm/sys/firmware/acpi/tables/MCFG0               )Level      Processors
Core       1
7               (()Can't open MCFG table. Check permission of 15              9Socket 0(/pcm/sys/firmware/acpi/tables/MCFG11               )0)2
invalid(: () 1021( WARNING: enumeration of devices in UncorePMUDiscovery failed
) memory controllers detected with total number of )3 (6 channels. () 112 2( )UPI)4 ( ports detected.() 12 3( )2)5 ( M2M (mesh to memory) blocks detected. ()-1              1304(
) Home Agents detected. )6=====  Placement on packages  =====
(2()Package Id.    Core Id.     Processors
14 M3UPI blocks detected.
5(0              ))70((),156(1))8,
()2
7(,Package thermal spec power: )930(), Watt; 8(4Package minimum power: )10,0()5 Watt; 9(,Package maximum power: )1160(), Watt;
10(7)12
()1              11(0)13,()112(,)(1314,2)),3((3,1415,4))
4,(
,515
5,)Package thermal spec power: ,6
Tile / L2$ 0Can't open MCFG table. Check permission of 6,( Watt; /sys/firmware/acpi/tables/MCFG,70Package minimum power: 
7
)0Can't open MCFG table. Check permission of 

=====  Core/Tile sharing  =====
( Watt; /sys/firmware/acpi/tables/MCFG1
=====  Core/Tile sharing  =====
Level      Processors
Core       1Package maximum power: 
Level      Processors
Core       ()0Can't open MCFG table. Check permission of (0( Watt;
/pcm/sys/firmware/acpi/tables/MCFG0)2
)()Can't open MCFG table. Check permission of (1(/pcm/sys/firmware/acpi/tables/MCFG11)3
)()(2(2WARNING: enumeration of devices in UncorePMUDiscovery failed
)4)()(3(3)5)(
)(4(4)6)()Can't open MCFG table. Check permission of (5(/sys/firmware/acpi/tables/MCFG5)7
)()Can't open MCFG table. Check permission of (6(/sys/firmware/acpi/tables/MCFG16)8
)()Can't open MCFG table. Check permission of (7(/pcm/sys/firmware/acpi/tables/MCFG7)9
)()Can't open MCFG table. Check permission of (8(/pcm/sys/firmware/acpi/tables/MCFG18)10
)()(9(9)11WARNING: enumeration of devices in UncorePMUDiscovery failed
)()(10(10)12)()(11(11)13)()(12(12)14)()(13(13)15)()(14
14)
)(Package thermal spec power: (15015) Watt; )
Tile / L2$ Package minimum power: 
Tile / L2$ (0(0 Watt; 0)Package maximum power: )(0(1INFO: Linux perf interface to program uncore PMUs is  Watt;
1)present
)(INFO: using Linux perf interface to program uncore PMUs because env variable PCM_USE_UNCORE_PERF=1
(2INFO: Secure Boot detected. Using Linux perf for uncore PMU programming.
2))((33))((44))((55))((6
6))((77))((88))Can't open MCFG table. Check permission of ((/sys/firmware/acpi/tables/MCFG99
))Can't open MCFG table. Check permission of ((/sys/firmware/acpi/tables/MCFG11010
))Can't open MCFG table. Check permission of ((/pcm/sys/firmware/acpi/tables/MCFG1111
))Can't open MCFG table. Check permission of ((/pcm/sys/firmware/acpi/tables/MCFG11212
))((1313)WARNING: enumeration of devices in UncorePMUDiscovery failed
)((1414))((1515))



Package thermal spec power: Package thermal spec power: 00 Watt;  Watt; Package minimum power: Package minimum power: 00 Watt;  Watt; Package maximum power: Package maximum power: 00 Watt;
 Watt;


Can't open MCFG table. Check permission of Can't open MCFG table. Check permission of /sys/firmware/acpi/tables/MCFG/sys/firmware/acpi/tables/MCFG

Can't open MCFG table. Check permission of Can't open MCFG table. Check permission of /sys/firmware/acpi/tables/MCFG1/sys/firmware/acpi/tables/MCFG1

Can't open MCFG table. Check permission of Can't open MCFG table. Check permission of /pcm/sys/firmware/acpi/tables/MCFG/pcm/sys/firmware/acpi/tables/MCFG

Can't open MCFG table. Check permission of Can't open MCFG table. Check permission of /pcm/sys/firmware/acpi/tables/MCFG1/pcm/sys/firmware/acpi/tables/MCFG1

WARNING: enumeration of devices in UncorePMUDiscovery failed
WARNING: enumeration of devices in UncorePMUDiscovery failed
INFO: Linux perf interface to program uncore PMUs is present
INFO: using Linux perf interface to program uncore PMUs because env variable PCM_USE_UNCORE_PERF=1
INFO: Secure Boot detected. Using Linux perf for uncore PMU programming.
INFO: Linux perf interface to program uncore PMUs is present
INFO: using Linux perf interface to program uncore PMUs because env variable PCM_USE_UNCORE_PERF=1
INFO: Secure Boot detected. Using Linux perf for uncore PMU programming.
,3,4,5,6,7

=====  Core/Tile sharing  =====
Level      Processors
Core       (0)(1)(2)(3)(4)(5)(6)(7)(8)(9)(10)(11)(12)(13)(14)(15)
Tile / L2$ (0)(1)(2)(3)(4)(5)(6)(7)(8)(9)(10)(11)(12)(13)(14)(15)

Package thermal spec power: 0 Watt; Package minimum power: 0 Watt; Package maximum power: 0 Watt;

Can't open MCFG table. Check permission of /sys/firmware/acpi/tables/MCFG
Can't open MCFG table. Check permission of /sys/firmware/acpi/tables/MCFG1
Can't open MCFG table. Check permission of /pcm/sys/firmware/acpi/tables/MCFG
Can't open MCFG table. Check permission of /pcm/sys/firmware/acpi/tables/MCFG1
WARNING: enumeration of devices in UncorePMUDiscovery failed
INFO: Linux perf interface to program uncore PMUs is present
INFO: using Linux perf interface to program uncore PMUs because env variable PCM_USE_UNCORE_PERF=1
INFO: Secure Boot detected. Using Linux perf for uncore PMU programming.
INFO: Linux perf interface to program uncore PMUs is present
INFO: using Linux perf interface to program uncore PMUs because env variable PCM_USE_UNCORE_PERF=1
INFO: Secure Boot detected. Using Linux perf for uncore PMU programming.
15              1               invalid         -1              
=====  Placement on packages  =====
Package Id.    Core Id.     Processors
0              0,1,2,3,4,5,6,7
1              0,1,2,3,4,5,6,7

=====  Core/Tile sharing  =====
Level      Processors
Core       (0)(1)(2)(3)(4)(5)(6)(7)(8)(9)(10)(11)(12)(13)(14)(15)
Tile / L2$ (0)(1)(2)(3)(4)(5)(6)(7)(8)(9)(10)(11)(12)(13)(14)(15)

Package thermal spec power: 0 Watt; Package minimum power: 0 Watt; Package maximum power: 0 Watt;

Can't open MCFG table. Check permission of /sys/firmware/acpi/tables/MCFG
Can't open MCFG table. Check permission of /sys/firmware/acpi/tables/MCFG1
INFO: Linux perf interface to program uncore PMUs is Can't open MCFG table. Check permission of present
/pcm/sys/firmware/acpi/tables/MCFGINFO: using Linux perf interface to program uncore PMUs because env variable PCM_USE_UNCORE_PERF=1

INFO: Secure Boot detected. Using Linux perf for uncore PMU programming.
Can't open MCFG table. Check permission of /pcm/sys/firmware/acpi/tables/MCFG1
WARNING: enumeration of devices in UncorePMUDiscovery failed
Socket 0: 2 memory controllers detected with total number of 6 channels. 2 UPI ports detected. 2 M2M (mesh to memory) blocks detected. 0 Home Agents detected. 2 M3UPI blocks detected.
INFO: Linux perf interface to program uncore PMUs is present
INFO: using Linux perf interface to program uncore PMUs because env variable PCM_USE_UNCORE_PERF=1
INFO: Secure Boot detected. Using Linux perf for uncore PMU programming.
Socket 0: 2 memory controllers detected with total number of 6 channels. 2 UPI ports detected. 2 M2M (mesh to memory) blocks detected. 0 Home Agents detected. 2 M3UPI blocks detected.
    -1              
15              0               7               15              1               invalid         -1              
=====  Placement on packages  =====
Package Id.    Core Id.     Processors
0              0,1,2,3,4,5,6,7
1              0,1,2,3,4,5,6,7

=====  Core/Tile sharing  =====
Level      Processors
Core       (0)(1)(2)(3)(4)(5)(6)(7)(8)(9)(10)(11)(12)(13)(14)(15)
Tile / L2$ (0)(1)(2)(3)(4)(5)(6)(7)(8)(9)(10)(11)(12)(13)(14)(15)

Package thermal spec power: 0 Watt; Package minimum power: 0 Watt; Package maximum power: 0 Watt;

Can't open MCFG table. Check permission of /sys/firmware/acpi/tables/MCFG
Can't open MCFG table. Check permission of /sys/firmware/acpi/tables/MCFG1
Can't open MCFG table. Check permission of /pcm/sys/firmware/acpi/tables/MCFG
Can't open MCFG table. Check permission of /pcm/sys/firmware/acpi/tables/MCFG1
WARNING: enumeration of devices in UncorePMUDiscovery failed
Socket 1: 2 memory controllers detected with total number of 6 channels. 2 UPI ports detected. 2 M2M (mesh to memory) blocks detected. 0 Home Agents detected. 2 M3UPI blocks detected.
INFO: Linux perf interface to program uncore PMUs is present
INFO: using Linux perf interface to program uncore PMUs because env variable PCM_USE_UNCORE_PERF=1
INFO: Secure Boot detected. Using Linux perf for uncore PMU programming.
INFO: Linux perf interface to program uncore PMUs is present
INFO: using Linux perf interface to program uncore PMUs because env variable PCM_USE_UNCORE_PERF=1
INFO: Secure Boot detected. Using Linux perf for uncore PMU programming.
Socket 0: 2 memory controllers detected with total number of 6 channels. 2 UPI ports detected. 2 M2M (mesh to memory) blocks detected. 0 Home Agents detected. 2 M3UPI blocks detected.
INFO: using Linux resctrl driver for RDT metrics (L3OCC, LMB, RMB) because environment variable PCM_USE_RESCTRL=1
ERROR: /sys/fs/resctrl is not mounted
ERROR: RDT metrics (L3OCC,LMB,RMB) will not be available
Mount it to make it work: mount -t resctrl resctrl /sys/fs/resctrl
Socket 1: 2 memory controllers detected with total number of 6 channels. 2 UPI ports detected. 2 M2M (mesh to memory) blocks detected. 0 Home Agents detected. 2 M3UPI blocks detected.
Socket 0: 2 memory controllers detected with total number of 6 channels. 2 UPI ports detected. 2 M2M (mesh to memory) blocks detected. 0 Home Agents detected. 2 M3UPI blocks detected.
Socket 0: 2 memory controllers detected with total number of 6 channels. 2 UPI ports detected. 2 M2M (mesh to memory) blocks detected. 0 Home Agents detected. 2 M3UPI blocks detected.
Socket 0: 2 memory controllers detected with total number of 6 channels. 2 UPI ports detected. 2 M2M (mesh to memory) blocks detected. 0 Home Agents detected. 2 M3UPI blocks detected.
Socket 0: 2 memory controllers detected with total number of 6 channels. 2 UPI ports detected. 2 M2M (mesh to memory) blocks detected. 0 Home Agents detected. 2 M3UPI blocks detected.
Socket Socket 0: 02:  memory controllers detected with total number of 26 memory controllers detected with total number of  channels. 62 channels.  2UPI  ports detected.UPI  ports detected.2  M2M (mesh to memory) blocks detected. 20 M2M (mesh to memory) blocks detected.  Home Agents detected. 02 Home Agents detected.  M3UPI blocks detected.
2 M3UPI blocks detected.
Socket 1: 2 memory controllers detected with total number of 6 channels. 2 UPI ports detected. 2 M2M (mesh to memory) blocks detected. 0 Home Agents detected. 2 M3UPI blocks detected.
Socket 1: 2 memory controllers detected with total number of 6 channels. 2 UPI ports detected. 2 M2M (mesh to memory) blocks detected. 0 Home Agents detected. 2 M3UPI blocks detected.
Socket 1: 2 memory controllers detected with total number of 6 channels. 2 UPI ports detected. 2 M2M (mesh to memory) blocks detected. 0 Home Agents detected. 2 M3UPI blocks detected.
INFO: using Linux resctrl driver for RDT metrics (L3OCC, LMB, RMB) because environment variable PCM_USE_RESCTRL=1
ERROR: /sys/fs/resctrl is not mounted
ERROR: RDT metrics (L3OCC,LMB,RMB) will not be available
Mount it to make it work: mount -t resctrl resctrl /sys/fs/resctrl

Socket 1: 2 memory controllers detected with total number of 6 channels. 2 UPI ports detected. 2 M2M (mesh to memory) blocks detected. 0 Home Agents detected. 2 M3UPI blocks detected.
Socket 1: 2 memory controllers detected with total number of 6 channels. 2 UPI ports detected. 2 M2M (mesh to memory) blocks detected. 0 Home Agents detected. 2 M3UPI blocks detected.
Socket 1: 2 memory controllers detected with total number of 6 channels. 2 UPI ports detected. 2 M2M (mesh to memory) blocks detected. 0 Home Agents detected. 2 M3UPI blocks detected.
Socket 1: 2 memory controllers detected with total number of 6 channels. 2 UPI ports detected. 2 M2M (mesh to memory) blocks detected. 0 Home Agents detected. 2 M3UPI blocks detected.

 Closed perf event handles
Trying to use Linux perf events...
 Closed perf event handles
Trying to use Linux perf events...
Socket 0: 2 memory controllers detected with total number of 6 channels. 2 UPI ports detected. 2 M2M (mesh to memory) blocks detected. 0 Home Agents detected. 2 M3UPI blocks detected.
INFO: using Linux resctrl driver for RDT metrics (L3OCC, LMB, RMB) because environment variable PCM_USE_RESCTRL=1
ERROR: /sys/fs/resctrl is not mounted
ERROR: RDT metrics (L3OCC,LMB,RMB) will not be available
Mount it to make it work: mount -t resctrl resctrl /sys/fs/resctrl
Socket 1: 2 memory controllers detected with total number of 6 channels. 2 UPI ports detected. 2 M2M (mesh to memory) blocks detected. 0 Home Agents detected. 2 M3UPI blocks detected.
Socket Socket 1
: 02:  memory controllers detected with total number of 26 memory controllers detected with total number of  channels. 62 channels.  2UPI  ports detected.UPI  ports detected.2  M2M (mesh to memory) blocks detected. 20 M2M (mesh to memory) blocks detected.  Home Agents detected. 02 Home Agents detected.  M3UPI blocks detected.
2 M3UPI blocks detected.
 Closed perf event handles
Trying to use Linux perf events...
Socket INFO: using Linux resctrl driver for RDT metrics (L3OCC, LMB, RMB) because environment variable PCM_USE_RESCTRL=1
1: Socket 2 memory controllers detected with total number of INFO: using Linux resctrl driver for RDT metrics (L3OCC, LMB, RMB) because environment variable PCM_USE_RESCTRL=1
ERROR: /sys/fs/resctrl is not mounted
INFO: using Linux resctrl driver for RDT metrics (L3OCC, LMB, RMB) because environment variable PCM_USE_RESCTRL=1
1INFO: using Linux resctrl driver for RDT metrics (L3OCC, LMB, RMB) because environment variable PCM_USE_RESCTRL=1
ERROR: /sys/fs/resctrl is not mounted
6INFO: using Linux resctrl driver for RDT metrics (L3OCC, LMB, RMB) because environment variable PCM_USE_RESCTRL=1
ERROR: RDT metrics (L3OCC,LMB,RMB) will not be available
ERROR: /sys/fs/resctrl is not mounted
INFO: using Linux resctrl driver for RDT metrics (L3OCC, LMB, RMB) because environment variable PCM_USE_RESCTRL=1
: ERROR: RDT metrics (L3OCC,LMB,RMB) will not be available
 channels. ERROR: /sys/fs/resctrl is not mounted
Mount it to make it work: mount -t resctrl resctrl /sys/fs/resctrl
ERROR: RDT metrics (L3OCC,LMB,RMB) will not be available
ERROR: /sys/fs/resctrl is not mounted
2Mount it to make it work: mount -t resctrl resctrl /sys/fs/resctrl
ERROR: /sys/fs/resctrl is not mounted
2ERROR: RDT metrics (L3OCC,LMB,RMB) will not be available
Mount it to make it work: mount -t resctrl resctrl /sys/fs/resctrl
ERROR: RDT metrics (L3OCC,LMB,RMB) will not be available
 memory controllers detected with total number of ERROR: RDT metrics (L3OCC,LMB,RMB) will not be available
 Mount it to make it work: mount -t resctrl resctrl /sys/fs/resctrl
Mount it to make it work: mount -t resctrl resctrl /sys/fs/resctrl
6Mount it to make it work: mount -t resctrl resctrl /sys/fs/resctrl
UPI channels.  ports detected.2  2UPI M2M (mesh to memory) blocks detected.  ports detected.0  Home Agents detected. 22 M2M (mesh to memory) blocks detected.  M3UPI blocks detected.
0 Home Agents detected. 2 M3UPI blocks detected.





Socket 1: 2 memory controllers detected with total number of 6 channels. 2 UPI ports detected. 2 M2M (mesh to memory) blocks detected. 0 Home Agents detected. 2 M3UPI blocks detected.
INFO: using Linux resctrl driver for RDT metrics (L3OCC, LMB, RMB) because environment variable PCM_USE_RESCTRL=1
ERROR: /sys/fs/resctrl is not mounted
ERROR: RDT metrics (L3OCC,LMB,RMB) will not be available
Mount it to make it work: mount -t resctrl resctrl /sys/fs/resctrl

 Closed perf event handles
Trying to use Linux perf events...
 Closed perf event handles
 Closed perf event handles
Trying to use Linux perf events...
Trying to use Linux perf events...
 Closed perf event handles
Trying to use Linux perf events...
INFO: using Linux resctrl driver for RDT metrics (L3OCC, LMB, RMB) because environment variable PCM_USE_RESCTRL=1
ERROR: /sys/fs/resctrl is not mounted
 Closed perf event handles
ERROR: RDT metrics (L3OCC,LMB,RMB) will not be available
Trying to use Linux perf events...
Mount it to make it work: mount -t resctrl resctrl /sys/fs/resctrl
 Closed perf event handles

Trying to use Linux perf events...
 Closed perf event handles
Trying to use Linux perf events...

 Closed perf event handles
Trying to use Linux perf events...
INFO: using Linux resctrl driver for RDT metrics (L3OCC, LMB, RMB) because environment variable PCM_USE_RESCTRL=1
ERROR: /sys/fs/resctrl is not mounted
ERROR: RDT metrics (L3OCC,LMB,RMB) will not be available
Mount it to make it work: mount -t resctrl resctrl /sys/fs/resctrl

 Closed perf event handles
Trying to use Linux perf events...
Successfully programmed on-core PMU using Linux perf
Successfully programmed on-core PMU using Linux perf
Successfully programmed on-core PMU using Linux perf
INFO: using Linux resctrl driver for RDT metrics (L3OCC, LMB, RMB) because environment variable PCM_USE_RESCTRL=1
ERROR: /sys/fs/resctrl is not mounted
ERROR: RDT metrics (L3OCC,LMB,RMB) will not be available
Mount it to make it work: mount -t resctrl resctrl /sys/fs/resctrl
INFO: using Linux resctrl driver for RDT metrics (L3OCC, LMB, RMB) because environment variable PCM_USE_RESCTRL=1
ERROR: /sys/fs/resctrl is not mounted
ERROR: RDT metrics (L3OCC,LMB,RMB) will not be available
Mount it to make it work: mount -t resctrl resctrl /sys/fs/resctrl
INFO: using Linux resctrl driver for RDT metrics (L3OCC, LMB, RMB) because environment variable PCM_USE_RESCTRL=1
INFO: using Linux resctrl driver for RDT metrics (L3OCC, LMB, RMB) because environment variable PCM_USE_RESCTRL=1
ERROR: /sys/fs/resctrl is not mounted
ERROR: RDT metrics (L3OCC,LMB,RMB) will not be available
Mount it to make it work: mount -t resctrl resctrl /sys/fs/resctrl
ERROR: /sys/fs/resctrl is not mounted
ERROR: RDT metrics (L3OCC,LMB,RMB) will not be available
Mount it to make it work: mount -t resctrl resctrl /sys/fs/resctrl
Successfully programmed on-core PMU using Linux perf
Successfully programmed on-core PMU using Linux perf

 Closed perf event handles
Trying to use Linux perf events...

Successfully programmed on-core PMU using Linux perf
Successfully programmed on-core PMU using Linux perf
 Closed perf event handles
Trying to use Linux perf events...
Successfully programmed on-core PMU using Linux perf
Successfully programmed on-core PMU using Linux perf
Successfully programmed on-core PMU using Linux perf
Successfully programmed on-core PMU using Linux perf
Successfully programmed on-core PMU using Linux perf


 Closed perf event handles
Trying to use Linux perf events...
 Closed perf event handles
Trying to use Linux perf events...
Successfully programmed on-core PMU using Linux perf
Successfully programmed on-core PMU using Linux perf
Successfully programmed on-core PMU using Linux perf
Successfully programmed on-core PMU using Linux perf
Socket 0
Max UPI link 0 speed: 3.0 GBytes/second (1.3 GT/second)
Max UPI link 1 speed: 3.0 GBytes/second (1.3 GT/second)
Socket 1
Max UPI link 0 speed: 1.9 GBytes/second (0.9 GT/second)
Max UPI link 1 speed: 1.9 GBytes/second (0.9 GT/second)

Detected Intel(R) Xeon(R) Silver 4208 CPU @ 2.10GHz "Intel(r) microarchitecture codename Cascade Lake-SP" stepping 7

Executing "./VE/himenoBM/himenoBMT" command:
Socket 0
Max UPI link 0 speed: 0.7 GBytes/second (0.3 GT/second)
Max UPI link 1 speed: 0.7 GBytes/second (0.3 GT/second)
Socket 1
Max UPI link 0 speed: 0.8 GBytes/second (0.4 GT/second)
Max UPI link 1 speed: 0.8 GBytes/second (0.4 GT/second)

Detected Intel(R) Xeon(R) Silver 4208 CPU @ 2.10GHz "Intel(r) microarchitecture codename Cascade Lake-SP" stepping 7

Executing "./VE/himenoBM/himenoBMT" command:
Socket 0
Max UPI link 0 speed: 0.7 GBytes/second (0.3 GT/second)
Max UPI link 1 speed: 0.7 GBytes/second (0.3 GT/second)
Socket 1
Max UPI link 0 speed: 0.5 GBytes/second (0.2 GT/second)
Max UPI link 1 speed: 0.5 GBytes/second (0.2 GT/second)

Detected Intel(R) Xeon(R) Silver 4208 CPU @ 2.10GHz "Intel(r) microarchitecture codename Cascade Lake-SP" stepping 7

Executing "./VE/himenoBM/himenoBMT" command:
Socket 0
Max UPI link 0 speed: 0.5 GBytes/second (0.2 GT/second)
Max UPI link 1 speed: 0.5 GBytes/second (0.2 GT/second)
Socket 1
Max UPI link 0 speed: 0.4 GBytes/second (0.2 GT/second)
Max UPI link 1 speed: 0.4 GBytes/second (0.2 GT/second)

Detected Intel(R) Xeon(R) Silver 4208 CPU @ 2.10GHz "Intel(r) microarchitecture codename Cascade Lake-SP" stepping 7

Executing "./VE/himenoBM/himenoBMT" command:
Socket 0
Max UPI link 0 speed: 0.4 GBytes/second (0.2 GT/second)
Max UPI link 1 speed: 0.4 GBytes/second (0.2 GT/second)
Socket 1
Max UPI link 0 speed: 0.4 GBytes/second (0.2 GT/second)
Max UPI link 1 speed: 0.4 GBytes/second (0.2 GT/second)

Detected Intel(R) Xeon(R) Silver 4208 CPU @ 2.10GHz "Intel(r) microarchitecture codename Cascade Lake-SP" stepping 7

Executing "./VE/himenoBM/himenoBMT" command:
Socket 0
Max UPI link 0 speed: 0.5 GBytes/second (0.2 GT/second)
Max UPI link 1 speed: 0.5 GBytes/second (0.2 GT/second)
Socket 1
Max UPI link 0 speed: 0.5 GBytes/second (0.2 GT/second)
Max UPI link 1 speed: 0.5 GBytes/second (0.2 GT/second)

Detected Intel(R) Xeon(R) Silver 4208 CPU @ 2.10GHz "Intel(r) microarchitecture codename Cascade Lake-SP" stepping 7

Executing "./VE/himenoBM/himenoBMT" command:
Socket 0
Max UPI link 0 speed: 0.5 GBytes/second (0.2 GT/second)
Max UPI link 1 speed: 0.5 GBytes/second (0.2 GT/second)
Socket 1
Max UPI link 0 speed: 0.4 GBytes/second (0.2 GT/second)
Max UPI link 1 speed: 0.4 GBytes/second (0.2 GT/second)

Detected Intel(R) Xeon(R) Silver 4208 CPU @ 2.10GHz "Intel(r) microarchitecture codename Cascade Lake-SP" stepping 7

Executing "./VE/himenoBM/himenoBMT" command:
Socket 0
Max UPI link 0 speed: 0.4 GBytes/second (0.2 GT/second)
Max UPI link 1 speed: 0.4 GBytes/second (0.2 GT/second)
Socket 1
Max UPI link 0 speed: 0.5 GBytes/second (0.2 GT/second)
Max UPI link 1 speed: 0.5 GBytes/second (0.2 GT/second)

Detected Intel(R) Xeon(R) Silver 4208 CPU @ 2.10GHz "Intel(r) microarchitecture codename Cascade Lake-SP" stepping 7

Executing "./VE/himenoBM/himenoBMT" command:
Socket 0
Max UPI link 0 speed: 0.3 GBytes/second (0.1 GT/second)
Max UPI link 1 speed: 0.3 GBytes/second (0.1 GT/second)
Socket Socket 01

Max Max UPIUPI link  link 00 speed:  speed: 0.60.5 GBytes/second ( GBytes/second (0.30.2 GT/second)
 GT/second)
Max Max UPIUPI link  link 11 speed:  speed: 0.60.5 GBytes/second ( GBytes/second (0.30.2 GT/second)
 GT/second)
Socket 1

Detected Max UPIIntel(R) Xeon(R) Silver 4208 CPU @ 2.10GHz link  "Intel(r) microarchitecture codename 0Cascade Lake-SP speed: 0.5 GBytes/second (" stepping 0.27 GT/second)

Max UPI link 1 speed: 0.5 GBytes/second (0.2 GT/second)

Detected Intel(R) Xeon(R) Silver 4208 CPU @ 2.10GHz "Intel(r) microarchitecture codename Cascade Lake-SP" stepping 7

Executing "./VE/himenoBM/himenoBMT
Executing "" command:
./VE/himenoBM/himenoBMT" command:
Socket 0
Max UPI link 0 speed: 0.5 GBytes/second (0.2 GT/second)
Max UPI link 1 speed: 0.5 GBytes/second (0.2 GT/second)
Socket 1
Max UPI link 0 speed: 0.4 GBytes/second (0.2 GT/second)
Max UPI link 1 speed: 0.4 GBytes/second (0.2 GT/second)

Detected Intel(R) Xeon(R) Silver 4208 CPU @ 2.10GHz "Intel(r) microarchitecture codename Cascade Lake-SP" stepping 7

Executing "./VE/himenoBM/himenoBMT" command:
Socket 0
Max UPI link 0 speed: 0.4 GBytes/second (0.2 GT/second)
Max UPI link 1 speed: 0.4 GBytes/second (0.2 GT/second)
Socket 1
Max UPI link 0 speed: 0.4 GBytes/second (0.2 GT/second)
Max UPI link 1 speed: 0.4 GBytes/second (0.2 GT/second)

Detected Intel(R) Xeon(R) Silver 4208 CPU @ 2.10GHz "Intel(r) microarchitecture codename Cascade Lake-SP" stepping 7

Executing "./VE/himenoBM/himenoBMT" command:
Socket 0
Max UPI link 0 speed: 0.8 GBytes/second (0.4 GT/second)
Max UPI link 1 speed: 0.8 GBytes/second (0.4 GT/second)
Socket 1
Max UPI link 0 speed: 0.4 GBytes/second (0.2 GT/second)
Max UPI link 1 speed: 0.4 GBytes/second (0.2 GT/second)

Detected Intel(R) Xeon(R) Silver 4208 CPU @ 2.10GHz "Intel(r) microarchitecture codename Cascade Lake-SP" stepping 7

Executing "./VE/himenoBM/himenoBMT" command:
Socket 0
Max UPI link 0 speed: 0.4 GBytes/second (0.2 GT/second)
Max UPI link 1 speed: 0.4 GBytes/second (0.2 GT/second)
Socket 1
Max UPI link 0 speed: 0.4 GBytes/second (0.2 GT/second)
Max UPI link 1 speed: 0.4 GBytes/second (0.2 GT/second)

Detected Intel(R) Xeon(R) Silver 4208 CPU @ 2.10GHz "Intel(r) microarchitecture codename Cascade Lake-SP" stepping 7

Executing "./VE/himenoBM/himenoBMT" command:
Socket 0
Max UPI link 0 speed: 0.5 GBytes/second (0.2 GT/second)
Max UPI link 1 speed: 0.5 GBytes/second (0.2 GT/second)
Socket 1
Max UPI link 0 speed: 0.4 GBytes/second (0.2 GT/second)
Max UPI link 1 speed: 0.4 GBytes/second (0.2 GT/second)

Detected Intel(R) Xeon(R) Silver 4208 CPU @ 2.10GHz "Intel(r) microarchitecture codename Cascade Lake-SP" stepping 7

Executing "./VE/himenoBM/himenoBMT" command:
Socket 0
Max UPI link 0 speed: 0.6 GBytes/second (0.3 GT/second)
Max UPI link 1 speed: 0.6 GBytes/second (0.3 GT/second)
Socket 1
Max UPI link 0 speed: 0.5 GBytes/second (0.2 GT/second)
Max UPI link 1 speed: 0.5 GBytes/second (0.2 GT/second)

Detected Intel(R) Xeon(R) Silver 4208 CPU @ 2.10GHz "Intel(r) microarchitecture codename Cascade Lake-SP" stepping 7

Executing "./VE/himenoBM/himenoBMT" command:
Sequential version array size
 mimax = 513 mjmax = 513 mkmax = 1025
Parallel version array size
 mimax = 131 mjmax = 131 mkmax = 1025
imax = 129 jmax = 129 kmax =1024
I-decomp = 4 J-decomp = 4 K-decomp =1
 Start rehearsal measurement process.
 Measure the performance in 3 times.

 MFLOPS: 1234.555360 time(s): 21.962453 4.389706e-04

 Now, start the actual measurement process.
 The loop will be excuted in 8 times
 This will take about one minute.
 Wait for a while

cpu : 55.000558 sec.
Loop executed for 8 times
Gosa : 4.351114e-04 
MFLOPS measured : 1314.598274
Score based on Pentium III 600MHz : 15.869125
DEBUG: caught signal to interrupt (Child exited).
Cleaning up
 Closed perf event handles
 Zeroed uncore PMU registers
DEBUG: caught signal to interrupt (Child exited).
Cleaning up
 Closed perf event handles
 Zeroed uncore PMU registers
DEBUG: caught signal to interrupt (Child exited).
Cleaning up
 Closed perf event handles
 Zeroed uncore PMU registers
DEBUG: caught signal to interrupt (Child exited).
Cleaning up
 Closed perf event handles
 Zeroed uncore PMU registers
DEBUG: caught signal to interrupt (Child exited).
Cleaning up
 Closed perf event handles
DEBUG: caught signal to interrupt (Child exited).
Cleaning up
 Closed perf event handles
 Zeroed uncore PMU registers
DEBUG: caught signal to interrupt (Child exited).
Cleaning up
 Zeroed uncore PMU registers
 Closed perf event handles
DEBUG: caught signal to interrupt (Child exited).
Cleaning up
 Closed perf event handles
 Zeroed uncore PMU registers
 Zeroed uncore PMU registers
DEBUG: caught signal to interrupt (Child exited).
Cleaning up
 Closed perf event handles
DEBUG: caught signal to interrupt (Child exited).
Cleaning up
 Closed perf event handles
 Zeroed uncore PMU registers
DEBUG: caught signal to interrupt (Child exited).
Cleaning up
DEBUG: caught signal to interrupt (Child exited).
Cleaning up
 Closed perf event handles
 Closed perf event handles
DEBUG: caught signal to interrupt (Child exited).
Cleaning up
 Closed perf event handles
DEBUG: caught signal to interrupt (Child exited).
Cleaning up
 Closed perf event handles
 Zeroed uncore PMU registers
 Zeroed uncore PMU registers
DEBUG: caught signal to interrupt (Child exited).
Cleaning up
 Closed perf event handles
DEBUG: caught signal to interrupt (Child exited).
Cleaning up
 Closed perf event handles
 Zeroed uncore PMU registers
 Zeroed uncore PMU registers
 Zeroed uncore PMU registers
 Zeroed uncore PMU registers
 Zeroed uncore PMU registers
	Command being timed: "/opt/nec/ve/bin/mpirun -np 16 /usr/sbin/pcm 0.1 -csv=ve_Himeno_hpl.csv -- ./VE/himenoBM/himenoBMT"
	User time (seconds): 12.31
	System time (seconds): 8.14
	Percent of CPU this job got: 16%
	Elapsed (wall clock) time (h:mm:ss or m:ss): 2:07.87
	Average shared text size (kbytes): 0
	Average unshared data size (kbytes): 0
	Average stack size (kbytes): 0
	Average total size (kbytes): 0
	Maximum resident set size (kbytes): 143596
	Average resident set size (kbytes): 0
	Major (requiring I/O) page faults: 1
	Minor (reclaiming a frame) page faults: 9710
	Voluntary context switches: 372701
	Involuntary context switches: 16548
	Swaps: 0
	File system inputs: 0
	File system outputs: 120264
	Socket messages sent: 0
	Socket messages received: 0
	Signals delivered: 0
	Page size (bytes): 4096
	Exit status: 0
