
 Intel(r) Performance Counter Monitor (2022-11-24 10:18:12 +0100 ID=1b16bb4e)


PCM Info: setrlimit for file limit 1000000 failed with error Operation not permitted

=====  Processor information  =====

 Intel(r) Performance Counter Monitor (2022-11-24 10:18:12 +0100 ID=1b16bb4e)


Linux arch_perfmon flag  : yes
Hybrid processor         : no
PCM Info: setrlimit for file limit IBRS and IBPB supported  : 1000000yes failed with error 
STIBP supported          : yes
Operation not permittedSpec arch caps supported : 
yes
Max CPUID level          : 22
CPU model number         : 85

=====  Processor information  =====
Linux arch_perfmon flag  : yes
Hybrid processor         : no
IBRS and IBPB supported  : yes
STIBP supported          : yes
Spec arch caps supported : yes
Max CPUID level          : 22
CPU model number         : 85

 Intel(r) Performance Counter Monitor (2022-11-24 10:18:12 +0100 ID=1b16bb4e)


PCM Info: setrlimit for file limit 1000000 failed with error Operation not permitted

=====  Processor information  =====
Linux arch_perfmon flag  : yes
Hybrid processor         : no
IBRS and IBPB supported  : yes
STIBP supported          : yes
Spec arch caps supported : yes
Max CPUID level          : 22
CPU model number         : 85

 Intel(r) Performance Counter Monitor (2022-11-24 10:18:12 +0100 ID=1b16bb4e)


PCM Info: setrlimit for file limit 1000000 failed with error Operation not permitted

=====  Processor information  =====
Linux arch_perfmon flag  : yes
Hybrid processor         : no
IBRS and IBPB supported  : yes
STIBP supported          : yes
Spec arch caps supported : yes
Max CPUID level          : 22
CPU model number         : 85

 Intel(r) Performance Counter Monitor (2022-11-24 10:18:12 +0100 ID=1b16bb4e)


PCM Info: setrlimit for file limit 1000000 failed with error Operation not permitted

=====  Processor information  =====
Linux arch_perfmon flag  : yes
Hybrid processor         : no
IBRS and IBPB supported  : yes
STIBP supported          : yes
Spec arch caps supported : yes
Max CPUID level          : 22
CPU model number         : 85

 Intel(r) Performance Counter Monitor (2022-11-24 10:18:12 +0100 ID=1b16bb4e)


PCM Info: setrlimit for file limit 1000000 failed with error Operation not permitted

=====  Processor information  =====
Linux arch_perfmon flag  : yes
Hybrid processor         : no
IBRS and IBPB supported  : yes
STIBP supported          : yes
Spec arch caps supported : yes
Max CPUID level          : 22
CPU model number         : 85

 Intel(r) Performance Counter Monitor (2022-11-24 10:18:12 +0100 ID=1b16bb4e)


PCM Info: setrlimit for file limit 1000000 failed with error Operation not permitted

=====  Processor information  =====
Linux arch_perfmon flag  : yes
Hybrid processor         : no
IBRS and IBPB supported  : yes
STIBP supported          : yes
Spec arch caps supported : yes
Max CPUID level          : 22
CPU model number         : 85

 Intel(r) Performance Counter Monitor (2022-11-24 10:18:12 +0100 ID=1b16bb4e)


PCM Info: setrlimit for file limit 1000000 failed with error Operation not permitted

=====  Processor information  =====
Linux arch_perfmon flag  : yes
Hybrid processor         : no
IBRS and IBPB supported  : yes
STIBP supported          : yes
Spec arch caps supported : yes
Max CPUID level          : 22
CPU model number         : 85

 Intel(r) Performance Counter Monitor (2022-11-24 10:18:12 +0100 ID=1b16bb4e)


PCM Info: setrlimit for file limit 1000000 failed with error Operation not permitted

=====  Processor information  =====
Linux arch_perfmon flag  : yes
Hybrid processor         : no
IBRS and IBPB supported  : yes
STIBP supported          : yes
Spec arch caps supported : yes
Max CPUID level          : 22
CPU model number         : 85

 Intel(r) Performance Counter Monitor (2022-11-24 10:18:12 +0100 ID=1b16bb4e)


PCM Info: setrlimit for file limit 1000000 failed with error Operation not permitted

=====  Processor information  =====

 Intel(r) Performance Counter Monitor (2022-11-24 10:18:12 +0100 ID=1b16bb4e)


PCM Info: setrlimit for file limit 1000000 failed with error Operation not permitted

=====  Processor information  =====
Linux arch_perfmon flag  : yes
Hybrid processor         : no
IBRS and IBPB supported  : yes
STIBP supported          : yes
Spec arch caps supported : yes
Max CPUID level          : 22
CPU model number         : 85
Linux arch_perfmon flag  : yes
Hybrid processor         : no
IBRS and IBPB supported  : yes
STIBP supported          : yes
Spec arch caps supported : yes
Max CPUID level          : 22
CPU model number         : 85

 Intel(r) Performance Counter Monitor (2022-11-24 10:18:12 +0100 ID=1b16bb4e)


PCM Info: setrlimit for file limit 1000000 failed with error Operation not permitted

=====  Processor information  =====
Linux arch_perfmon flag  : yes
Hybrid processor         : no
IBRS and IBPB supported  : yes
STIBP supported          : yes
Spec arch caps supported : yes
Max CPUID level          : 22
CPU model number         : 85

 Intel(r) Performance Counter Monitor (2022-11-24 10:18:12 +0100 ID=1b16bb4e)


PCM Info: setrlimit for file limit 1000000 failed with error Operation not permitted

=====  Processor information  =====
Linux arch_perfmon flag  : yes
Hybrid processor         : no
IBRS and IBPB supported  : yes
STIBP supported          : yes
Spec arch caps supported : yes
Max CPUID level          : 22
CPU model number         : 85

 Intel(r) Performance Counter Monitor (2022-11-24 10:18:12 +0100 ID=1b16bb4e)


PCM Info: setrlimit for file limit 1000000 failed with error Operation not permitted

=====  Processor information  =====
Linux arch_perfmon flag  : yes
Hybrid processor         : no
IBRS and IBPB supported  : yes
STIBP supported          : yes
Spec arch caps supported : yes
Max CPUID level          : 22
CPU model number         : 85
Number of physical cores: 16
Number of logical cores: 16
Number of online logical cores: 16
Threads (logical cores) per physical core: 1
Num sockets: 2
Physical cores per socket: 8
Last level cache slices per socket: 0
Core PMU (perfmon) version: 4
Number of core PMU generic (programmable) counters: 8
Width of generic (programmable) counters: 48 bits
Number of core PMU fixed counters: 3
Width of fixed counters: 48 bits
Nominal core frequency: 2100000000 Hz
IBRS enabled in the kernel   : no
STIBP enabled in the kernel  : no
The processor is not susceptible to Rogue Data Cache Load: no
The processor supports enhanced IBRS                     : no

=====  Processor topology  =====
OS_Processor    Thread_Id       Core_Id         Tile_Id         Package_Id      Core_Type   Native_CPU_Model
0               0               0               0               0               invalid         -1              
1               0               1               1               
0                Intel(r) Performance Counter Monitor invalid(2022-11-24 10:18:12 +0100 ID=1b16bb4e) 
 
 
      -1              
2               0               2               PCM Info: setrlimit for file limit 2               10000000                failed with error invalidOperation not permitted 
        -1              
3               0               3               3               0               
=====  Processor information  =====
invalid         -1              
4               0               4               4               0               invalid         -1              
5               0               5               5               0               invalid         -1              
6               0               6               6               0               invalid   
  Intel(r) Performance Counter Monitor  (2022-11-24 10:18:12 +0100 ID=1b16bb4e) 
 
 
 -1              
7               0               7               PCM Info: setrlimit for file limit 7               Linux arch_perfmon flag  : 10000000               yes failed with error invalid
Operation not permitted Hybrid processor         : 
 no 
 IBRS and IBPB supported  :  yes 
=====  Processor information  =====

 STIBP supported          :  yes 
-1              Spec arch caps supported : 
yes8               
0               Max CPUID level          : 0               228               
1               CPU model number         : invalid85 
        -1              
9               0               1               9               1               invalid         -1              
10              Linux arch_perfmon flag  : 0               yes2               
10              Hybrid processor         : 1               noinvalid
 IBRS and IBPB supported  :  yes 
 STIBP supported          :  yes 
 Spec arch caps supported :  yes 
-1              Max CPUID level          : 
2211              
0               CPU model number         : 3               8511              
1               invalid         -1              
12              0               4               12              1               invalid         -1              
13              0               5               13              1               invalid         -1              
14              0               6               14              1               invalid         -1              
15              0               7               15              1               invalid         -1              
=====  Placement on packages  =====
Package Id.    Core Id.     Processors
0              0,1,2,3,4,5,6,7
1              0,1,2,3,4,5,6,7

=====  Core/Tile sharing  =====
Level      Processors
Core       (0)(1)(2)(3)(4)(5)(6)(7)(8)(9)(10)(11)(12)(13)(14)(15)
Tile / L2$ (0)(1)(2)(3)(4)(5)(6)(7)(8)(9)(10)(11)(12)(13)(14)(15)

Package thermal spec power: 0 Watt; Package minimum power: 0 Watt; Package maximum power: 0 Watt;

Can't open MCFG table. Check permission of /sys/firmware/acpi/tables/MCFG
Can't open MCFG table. Check permission of /sys/firmware/acpi/tables/MCFG1
Can't open MCFG table. Check permission of /pcm/sys/firmware/acpi/tables/MCFG
Can't open MCFG table. Check permission of /pcm/sys/firmware/acpi/tables/MCFG1
WARNING: enumeration of devices in UncorePMUDiscovery failed
INFO: Linux perf interface to program uncore PMUs is present
INFO: using Linux perf interface to program uncore PMUs because env variable PCM_USE_UNCORE_PERF=1
INFO: Secure Boot detected. Using Linux perf for uncore PMU programming.
Number of physical cores: Number of physical cores: 16
Number of logical cores: 16
16Number of online logical cores: 
16Number of logical cores: 
16Threads (logical cores) per physical core: 
1Number of online logical cores: 
16Num sockets: 
2Threads (logical cores) per physical core: 
1Physical cores per socket: 
8Num sockets: 
2Last level cache slices per socket: 
0Physical cores per socket: 
8Core PMU (perfmon) version: 
4Last level cache slices per socket: 
0Number of core PMU generic (programmable) counters: 
8Core PMU (perfmon) version: 
4Width of generic (programmable) counters: 
48Number of core PMU generic (programmable) counters:  bits
8Number of core PMU fixed counters: 
3Width of generic (programmable) counters: 
48Width of fixed counters:  bits
48Number of physical cores: Number of core PMU fixed counters:  bits
3Nominal core frequency: 
162100000000Width of fixed counters: 
 Hz
48Number of logical cores: IBRS enabled in the kernel   :  bits
16noNominal core frequency: 

2100000000Number of online logical cores: STIBP enabled in the kernel  :  Hz
16noIBRS enabled in the kernel   : 

noThreads (logical cores) per physical core: The processor is not susceptible to Rogue Data Cache Load: 
1noSTIBP enabled in the kernel  : 

noNum sockets: The processor supports enhanced IBRS                     : 
2noThe processor is not susceptible to Rogue Data Cache Load: 

noPhysical cores per socket: 
=====  Processor topology  =====

8OS_Processor    Thread_Id       Core_Id         Tile_Id         Package_Id      Core_Type   Native_CPU_Model
The processor supports enhanced IBRS                     : 
0               noLast level cache slices per socket: 0               
00               
=====  Processor topology  =====

0               OS_Processor    Thread_Id       Core_Id         Tile_Id         Package_Id      Core_Type   Native_CPU_Model
Core PMU (perfmon) version: 0               0               4invalid0               
 0               Number of core PMU generic (programmable) counters:  0               8 0               
 invalidWidth of generic (programmable) counters:   48   bits
  Number of core PMU fixed counters:   3  
-1               Width of fixed counters: 
 481                 bits
0                Nominal core frequency: 1               -1              21000000001               
 Hz
0               1               IBRS enabled in the kernel   : invalid0               no 1               
 1               STIBP enabled in the kernel  :  0               no invalid
  The processor is not susceptible to Rogue Data Cache Load:   no  
  The processor supports enhanced IBRS                     :   no-1               

 
=====  Processor topology  =====
2                OS_Processor    Thread_Id       Core_Id         Tile_Id         Package_Id      Core_Type   Native_CPU_Model
0                0               2               -1              0               2               
0               0               2               0               invalid0               0                2               invalid 2                 0                 invalid                -1                
 -1              3                
0                3               1               -1              3               0               
0               1               3               invalid1               0                0               3                invalid3                 0                 invalid               -1                
  4               -1               0               
 4               2               -1              4               0               
0               2               4               invalid2               0                0               4                invalid4                 0                 invalid               -1                
  5               -1               0               
 5               3               -1              5               0               
0               3               5               invalid3               0                0               5                invalid5                 0                 invalid               -1                
  6               -1               0               
 6               4               -1              6               0               
0               4               6               invalid4               0                0               6                invalid6                 0                 invalid               -1                
7                 0               -1               7               
 7               5               -1              0               0               
invalid5               7                5               0                0               7                invalid7                 0                 invalid            -1                
  8                 0               -1               0               
 8               6               -1              1               0               
invalid6               8                6               0                0               0                invalid8                 1                 invalid            -1                
  9                 0               -1               1               
 9               7               -1              1               0               
invalid7               9                7               0                0               1                invalid9                 1                 invalid            -1                
  10                0               -1               2               
 10              8               -1              1               0               
invalid0               10               8               0                1               2                invalid10                1                 invalid            -1                
  11                0               -1               3               
 11              9               -1              1               0               
invalid1               11               9               0                1               3                invalid11                1                 invalid            -1                
  12                0               -1               4               
 12              10              -1              1               0               
invalid2               12               10              0                1               4                invalid12                1                 invalid            -1                
  13                0               -1               5               
 13              11              -1              1               0               
invalid3               13               11              0                1               5                invalid13                1                 invalid            -1                
  14                0               -1               6               
 14              12              -1              1               0               
invalid4               14               12              0                1               6                invalid14                1                 invalid            -1                
  15                0               -1               7               
 15              13              -1              1               0               
invalid5               15               13              0                1               7                invalid15                1                 invalid            -1                
  -1              
14              0               6                14               1                invalid  -1               
 =====  Placement on packages  =====
 Package Id.    Core Id.     Processors
 0               0 , 1 ,-1              2
,15              30               ,7               415              ,1               5invalid, 6 , 7 
 =====  Placement on packages  =====
1               Package Id.    Core Id.     Processors
0 0              , 01 ,,-1              12
,,=====  Placement on packages  =====
23Package Id.    Core Id.     Processors
,,0              340,,,451,,,562,,,673,
,7
=====  Core/Tile sharing  =====
4
Level      Processors
Core       ,1              (500,,)61(,,172)
,(1              320,),4(1,3,5)2,(,643,),7(4
5,
=====  Core/Tile sharing  =====
)5Level      Processors
Core       (,(660),)(7(7
1)
=====  Core/Tile sharing  =====
)(Level      Processors
Core       (8(2)0)()(9(3)1)()(10(4)2)()(11(5)3)()(12(6)4)()(13(7)5)()(14(8)6)()(15(9)7)
Tile / L2$ )(((1008)))(((1119)))(((12210)))(((13311)))(((14412)))(((15513)))
Tile / L2$ (((6140)))(((7151)))(
Tile / L2$ (8(2)0)()(9(3)1)()(10(4)2)()(11(5)3)()(12(6)4)()(13(7)5)()(14(8)6)()(15(9)7)
)(
(10Package thermal spec power: 8)0)( Watt; (11Package minimum power: 9)0)( Watt; (12Package maximum power: 10)0)( Watt;
(1311))((1412))((1513))
(
14)Package thermal spec power: (0 Watt; Package minimum power: 0 Watt; Package maximum power: 015 Watt;
)

Package thermal spec power: 0 Watt; Package minimum power: 0 Watt; Package maximum power: 0 Watt;
Socket 0: 2 memory controllers detected with total number of 6 channels. 2 UPI
 ports detected. 2 M2M (mesh to memory) blocks detected. 0 Home Agents detected. 2 M3UPI blocks detected.
Can't open MCFG table. Check permission of /sys/firmware/acpi/tables/MCFG
Can't open MCFG table. Check permission of /sys/firmware/acpi/tables/MCFG1
Can't open MCFG table. Check permission of /pcm/sys/firmware/acpi/tables/MCFG
Can't open MCFG table. Check permission of /pcm/sys/firmware/acpi/tables/MCFG1
WARNING: enumeration of devices in UncorePMUDiscovery failed

Number of physical cores: Number of physical cores: 16
Number of logical cores: 16Can't open MCFG table. Check permission of 16
/sys/firmware/acpi/tables/MCFG
Number of online logical cores: 
Number of logical cores: 16Can't open MCFG table. Check permission of 16
/sys/firmware/acpi/tables/MCFG1
Threads (logical cores) per physical core: 
Number of online logical cores: 1Can't open MCFG table. Check permission of 16
/pcm/sys/firmware/acpi/tables/MCFG
Num sockets: 
Threads (logical cores) per physical core: 2Can't open MCFG table. Check permission of 1
/pcm/sys/firmware/acpi/tables/MCFG1
Physical cores per socket: 
Num sockets: 82

Last level cache slices per socket: Physical cores per socket: 08

Core PMU (perfmon) version: Last level cache slices per socket: 4WARNING: enumeration of devices in UncorePMUDiscovery failed
0

Number of core PMU generic (programmable) counters: Core PMU (perfmon) version: 84

Width of generic (programmable) counters: Number of core PMU generic (programmable) counters: 488 bits

Number of core PMU fixed counters: Width of generic (programmable) counters: 348
 bits
Width of fixed counters: Number of core PMU fixed counters: 483 bits

Nominal core frequency: Width of fixed counters: 210000000048 Hz
 bits
IBRS enabled in the kernel   : Nominal core frequency: no2100000000
 Hz
STIBP enabled in the kernel  : IBRS enabled in the kernel   : nono

The processor is not susceptible to Rogue Data Cache Load: STIBP enabled in the kernel  : nono

The processor supports enhanced IBRS                     : The processor is not susceptible to Rogue Data Cache Load: nono


=====  Processor topology  =====
The processor supports enhanced IBRS                     : OS_Processor    Thread_Id       Core_Id         Tile_Id         Package_Id      Core_Type   Native_CPU_Model
0               0               0               0               0               invalid     no 
 
=====  Processor topology  =====
 OS_Processor    Thread_Id       Core_Id         Tile_Id         Package_Id      Core_Type   Native_CPU_Model
 0               -1              Number of physical cores: 0               
0               1               0               0               160               1               
invalid1               Number of logical cores:  0               16 invalid
  Number of online logical cores:   16  
  Threads (logical cores) per physical core:   1  
  Num sockets: -1               2
 
1               -1              Physical cores per socket: 0               
81               2               
1               0               Last level cache slices per socket: 0               2               0invalid2               
 0               Core PMU (perfmon) version:  invalid4  
  Number of core PMU generic (programmable) counters:   8  
  Width of generic (programmable) counters:   48   bits
-1               Number of core PMU fixed counters: 
 32               -1              
0               
Width of fixed counters: 2               3               482               0                bits
0               3               Nominal core frequency: invalid3               2100000000 0                Hz
 invalidIBRS enabled in the kernel   :   no  
  STIBP enabled in the kernel  :    no  
  The processor is not susceptible to Rogue Data Cache Load: -1               no
 
3                The processor supports enhanced IBRS                     : 0               -1              no3               

3               4               
=====  Processor topology  =====
0               0               OS_Processor    Thread_Id       Core_Id         Tile_Id         Package_Id      Core_Type   Native_CPU_Model
invalid4               0                4               0                0               0                 invalid0                 0                 invalid         -1                
  4                 0                 4               -1               4               
 0               invalid5               -1               0               
 5                5               1                0               0                invalid1                 1                 0                 invalid   -1                
  5                 0                 5                 5               -1               0               
 invalid6                 0               -1               6               
 6               2                0               0                invalid2                 2                 0                 invalid   -1               INFO: Linux perf interface to program uncore PMUs is  
 present
 6                INFO: using Linux perf interface to program uncore PMUs because env variable PCM_USE_UNCORE_PERF=1
 0                INFO: Secure Boot detected. Using Linux perf for uncore PMU programming.
 6                 6               -1               0               
 invalid7                 0               -1               7               
 7               3                0               0                invalid3                 3                 0                 invalid   -1                
  7                 0                 7                 7               -1               0               
 invalid8                 0               -1               0               
  8               4                1               0                invalid4                 4                 0                 invalid-1                
  8                 0                 0                 8                 1               -1               invalid
  9                 0               -1               1               
 9               5                1               0                 invalid5                 5                 0               -1               invalid
  9                 0                 1                 9                 1                 invalid-1                
  10                0               -1               2               
 10              6                1               0                invalid6                  6               -1               0               
 invalid10                0                 2                 10                1                 invalid   -1                
  11                0               -1               3               
 11              7                1               0                invalid7                 7               -1               0               
 invalid11                0                 3                 11                1                 invalid   -1                
  12                0               -1               4               
 12              8                1               0                invalid0                 8               -1               1               
 invalid12                0                 4                 12                1                 invalid   -1                
  13                 0               -1               5               
 13              9                1               0                invalid1               -1               9               
 1               13               invalid0                 5                 13                1                 invalid      -1                
  14                0               -1               6               
 14              10               1               0                invalid2               -1               10              
 1               14               invalid0                 6                 14                1                 invalid      -1                
  15                0               -1               7               
 15              11               1               0                invalid3               -1               11              
 1               15               invalid0                 7                 15                1                 invalid       -1                
  =====  Placement on packages  =====
  Package Id.    Core Id.     Processors
-1               0              
 012               ,0               -1              14               
,12              =====  Placement on packages  =====
21               Package Id.    Core Id.     Processors
,invalid0              3 0, ,4 1,, 25 ,, 36 ,, 47 ,
-1              51              
,013              6,0               ,15               7,13              
21               1              ,invalid03 ,, 14   ,, 25 ,, 36 ,,-1              47
,
14              5
=====  Core/Tile sharing  =====
0               ,Level      Processors
Core       6               6(14              ,01               7)invalid
( 
=====  Core/Tile sharing  =====
1 Level      Processors
Core       ) (( 02 )) (( 13 )) ((-1              24
))15              ((0               357               ))15              ((1               46invalid)) (( 57 )) (( 68 )) (( 79 ))-1              ((
810=====  Placement on packages  =====
))Package Id.    Core Id.     Processors
((0              9110)),((110)12,()211(,)133(),12(4)14,()513(,)156(),14
Tile / L2$ 7)(
(01              15)0)(,
Tile / L2$ 11(),0(2)2,()31(,)34(),2(5)4,()63(,)57()
4(
=====  Core/Tile sharing  =====
)6Level      Processors
Core       ()(5(0)7)()(6(1)8)()(7(2)9)()(8(3)10)()(9(4)11)()(10(5)12)()(11(6)13)()(12(7)14)()(13(8)15)()(14
9)
)(Package thermal spec power: (15010) Watt; )
Package minimum power: (
011Package thermal spec power:  Watt; )0Package maximum power: ( Watt; 012Package minimum power:  Watt;
)0( Watt; 13Package maximum power: )0( Watt;
14)(15)
Tile / L2$ (0)(1)(2)(3)(4)(5)(6)(7)(8)(9)(10)(11)(12)(13)(14)(15)

Package thermal spec power: 0 Watt; Package minimum power: 0 Watt; Package maximum power: 0 Watt;

Socket 1: 2 memory controllers detected with total number of 6 channels. 2 UPI ports detected. 2 M2M (mesh to memory) blocks detected. 
Can't open MCFG table. Check permission of 0/sys/firmware/acpi/tables/MCFG Home Agents detected. 
2Can't open MCFG table. Check permission of  M3UPI blocks detected.
/sys/firmware/acpi/tables/MCFG1
Can't open MCFG table. Check permission of /pcm/sys/firmware/acpi/tables/MCFG
Can't open MCFG table. Check permission of /pcm/sys/firmware/acpi/tables/MCFG1
Can't open MCFG table. Check permission of /sys/firmware/acpi/tables/MCFG
Can't open MCFG table. Check permission of /sys/firmware/acpi/tables/MCFG1
Can't open MCFG table. Check permission of /pcm/sys/firmware/acpi/tables/MCFG
Can't open MCFG table. Check permission of /pcm/sys/firmware/acpi/tables/MCFG1
WARNING: enumeration of devices in UncorePMUDiscovery failed

WARNING: enumeration of devices in UncorePMUDiscovery failed
Can't open MCFG table. Check permission of /sys/firmware/acpi/tables/MCFG
Can't open MCFG table. Check permission of /sys/firmware/acpi/tables/MCFG1
Can't open MCFG table. Check permission of /pcm/sys/firmware/acpi/tables/MCFG
Can't open MCFG table. Check permission of /pcm/sys/firmware/acpi/tables/MCFG1
WARNING: enumeration of devices in UncorePMUDiscovery failed
INFO: Linux perf interface to program uncore PMUs is present
INFO: using Linux perf interface to program uncore PMUs because env variable PCM_USE_UNCORE_PERF=1
INFO: Secure Boot detected. Using Linux perf for uncore PMU programming.
INFO: Linux perf interface to program uncore PMUs is present
INFO: using Linux perf interface to program uncore PMUs because env variable PCM_USE_UNCORE_PERF=1
INFO: Secure Boot detected. Using Linux perf for uncore PMU programming.
INFO: Linux perf interface to program uncore PMUs is present
INFO: using Linux perf interface to program uncore PMUs because env variable PCM_USE_UNCORE_PERF=1
INFO: Secure Boot detected. Using Linux perf for uncore PMU programming.
Number of physical cores: 16
Number of logical cores: 16
Number of online logical cores: 16
Threads (logical cores) per physical core: 1
Num sockets: 2
Physical cores per socket: 8
Last level cache slices per socket: 0
Core PMU (perfmon) version: 4
Number of core PMU generic (programmable) counters: 8
Width of generic (programmable) counters: 48 bits
Number of core PMU fixed counters: 3
Width of fixed counters: 48 bits
Nominal core frequency: 2100000000 Hz
IBRS enabled in the kernel   : no
STIBP enabled in the kernel  : no
The processor is not susceptible to Rogue Data Cache Load: no
The processor supports enhanced IBRS                     : no

=====  Processor topology  =====
OS_Processor    Thread_Id       Core_Id         Tile_Id         Package_Id      Core_Type   Native_CPU_Model
0               0               0               0               0               invalid         -1              
1               0               1               1               0               invalid         -1              
2               0               2               2               0               invalid         -1              
3               0               3               3               0               invalid         -1              
4               0               4               4               0               invalid         -1              
5               0               5               5               0               invalid         -1              
6               0               6               6               0               invalid         -1              
7               0               7               7               0               invalid         -1              

8               0               0               8               1               invalid         -1              
9               0               1               9               1               invalid         -1              
10              0               Can't open MCFG table. Check permission of 2               /sys/firmware/acpi/tables/MCFG10              
1               Can't open MCFG table. Check permission of invalid/sys/firmware/acpi/tables/MCFG1 
 Can't open MCFG table. Check permission of  /pcm/sys/firmware/acpi/tables/MCFG 
 Can't open MCFG table. Check permission of  /pcm/sys/firmware/acpi/tables/MCFG1 
  -1              
11              0               3               11              1               invalid         -1              
12              WARNING: enumeration of devices in UncorePMUDiscovery failed
0               4               12              1               invalid         -1              
13              0               5               13              1               invalid         -1              
14              0               6               14              1               invalid         -1              
15              0               7               15              1               invalid         -1              
=====  Placement on packages  =====
Package Id.    Core Id.     Processors
0              0,1,2,3,4,5,6,7
1              0,1,2,3,4,5,6,7

=====  Core/Tile sharing  =====
Level      Processors
Core       (0)(1)(2)(3)(4)(5)(6)(7)(8)(9)(10)(11)(12)(13)(14)(15)
Tile / L2$ (0)(1)(2)(3)(4)(5)(6)(7)(8)(9)(10)(11)(12)(13)(14)(15)

Package thermal spec power: 0 Watt; Package minimum power: 0 Watt; Package maximum power: 0 Watt;

Can't open MCFG table. Check permission of /sys/firmware/acpi/tables/MCFG
Can't open MCFG table. Check permission of /sys/firmware/acpi/tables/MCFG1
Can't open MCFG table. Check permission of /pcm/sys/firmware/acpi/tables/MCFG
Can't open MCFG table. Check permission of /pcm/sys/firmware/acpi/tables/MCFG1
WARNING: enumeration of devices in UncorePMUDiscovery failed
INFO: Linux perf interface to program uncore PMUs is present
INFO: using Linux perf interface to program uncore PMUs because env variable PCM_USE_UNCORE_PERF=1
INFO: Secure Boot detected. Using Linux perf for uncore PMU programming.
INFO: Linux perf interface to program uncore PMUs is present
INFO: using Linux perf interface to program uncore PMUs because env variable PCM_USE_UNCORE_PERF=1
INFO: Secure Boot detected. Using Linux perf for uncore PMU programming.
INFO: Linux perf interface to program uncore PMUs is present
INFO: using Linux perf interface to program uncore PMUs because env variable PCM_USE_UNCORE_PERF=1
INFO: Secure Boot detected. Using Linux perf for uncore PMU programming.
Socket 0: 2 memory controllers detected with total number of 6 channels. 2 UPI ports detected. 2 M2M (mesh to memory) blocks detected. 0 Home Agents detected. 2 M3UPI blocks detected.
Socket 0: 2 memory controllers detected with total number of 6 channels. 2 UPI ports detected. 2 M2M (mesh to memory) blocks detected. 0 Home Agents detected. 2 M3UPI blocks detected.
Number of physical cores: 16
Number of logical cores: 16
Number of online logical cores: 16
Threads (logical cores) per physical core: 1
Num sockets: 2Number of physical cores: 
Physical cores per socket: 8Socket 16
Socket 
0Socket 0Last level cache slices per socket: Socket Number of logical cores: : Socket : 0Socket 016Socket 0202: 1

: 1 memory controllers detected with total number of :  memory controllers detected with total number of 2: Core PMU (perfmon) version: Number of online logical cores: 2: 626 memory controllers detected with total number of 2416 memory controllers detected with total number of 2 channels.  memory controllers detected with total number of  channels. 6 memory controllers detected with total number of 

6 memory controllers detected with total number of 262 channels. 6Number of core PMU generic (programmable) counters: Threads (logical cores) per physical core:  channels. 6  channels.  2 channels. 812 channels. UPI2UPI 2

 2 ports detected.  ports detected.UPI Width of generic (programmable) counters: Num sockets: UPI  UPI  ports detected.UPI482 ports detected.UPI2 ports detected.2  ports detected. bits

  ports detected. M2M (mesh to memory) blocks detected.   M2M (mesh to memory) blocks detected. 2 Number of core PMU fixed counters: Physical cores per socket: 2 020 M2M (mesh to memory) blocks detected. 238 M2M (mesh to memory) blocks detected. 2 Home Agents detected.  M2M (mesh to memory) blocks detected.  Home Agents detected. 0 M2M (mesh to memory) blocks detected. 

0 M2M (mesh to memory) blocks detected. 202 Home Agents detected. 0Width of fixed counters: Last level cache slices per socket:  Home Agents detected. 0 M3UPI blocks detected.
 Home Agents detected.  M3UPI blocks detected.
2 Home Agents detected. 4802 Home Agents detected. 2 M3UPI blocks detected.
2 bits

 M3UPI blocks detected.
2 M3UPI blocks detected.
 M3UPI blocks detected.
Nominal core frequency: Core PMU (perfmon) version:  M3UPI blocks detected.
21000000004 Hz

IBRS enabled in the kernel   : Number of core PMU generic (programmable) counters: no8

STIBP enabled in the kernel  : Width of generic (programmable) counters: no48
 bits
The processor is not susceptible to Rogue Data Cache Load: Number of core PMU fixed counters: no3

The processor supports enhanced IBRS                     : Width of fixed counters: no48
 bits

=====  Processor topology  =====
Nominal core frequency: OS_Processor    Thread_Id       Core_Id         Tile_Id         Package_Id      Core_Type   Native_CPU_Model
21000000000                Hz
0               IBRS enabled in the kernel   : 0               no0               
0               STIBP enabled in the kernel  : invalidno 
 The processor is not susceptible to Rogue Data Cache Load:  no 
 The processor supports enhanced IBRS                     :  no 
 
=====  Processor topology  =====
 OS_Processor    Thread_Id       Core_Id         Tile_Id         Package_Id      Core_Type   Native_CPU_Model
-1              0               
0               1               0               0               0               1               0               1               invalid0                invalid                -1               
-1              1               
0               2               1               0               1               2               0               2               invalid0                invalid                -1               
-1              2               
0               3               2               0               2               3               0               3               invalid0                invalid                -1               
-1              3               
0               4               3               0               3               4               0               4               invalid0                invalid                -1               
-1              4               
0               5               4               0               4               5               0               5               invalid0                invalid                -1               
-1              5               
0               6               5               0               5               6               0               6               invalid0                invalid                -1               
-1              6               
0               7               6               0               6               7               0               7               invalid0                invalid                -1               
-1              7               
0               8               7               0               7               0               0               8               invalid1                invalid                -1               
-1              8               
0               9               0               0               8               1               1               9               invalid1                invalid                -1               
-1              9               
0               10              1               0               9               2               1               10              invalid1                invalid                -1               
-1              10              
0               11              2               0               10              3               1               11              invalid1                invalid                -1               
-1              11              
0               12              3               0               11              4               1               12              invalid1                invalid                -1               
-1              12              
0               13              4               0               12              5               1               13              invalid1                invalid                -1               
-1              13              
0               14              5               0               13              6               1               14              invalid1                invalid                -1               
-1              14              
0               15              6               0               14              7               1               15              invalid1                invalid                -1               
-1              15              
0               =====  Placement on packages  =====
7               Package Id.    Core Id.     Processors
15              0              1               0invalid, 1 , 2 , 3 , 4 , 5-1              ,
6=====  Placement on packages  =====
,Package Id.    Core Id.     Processors
70              
01              ,01,,12,,23,,34,,45,,56,,67,
71              
0
=====  Core/Tile sharing  =====
,Level      Processors
Core       1(,02)(,13),(42,)5(,36),(74
)
=====  Core/Tile sharing  =====
(Level      Processors
Core       5()0()6()1()7()2()8()3()9()4()10()5()11()6()12()7()13()8()14()9()15()10
Tile / L2$ )((011))((112))((213))((314))((415))(
Tile / L2$ 5()0()6()1()7()2()8()3()9()4()10()5()11()6()12()7()13()8()14()9()15()10
)
(11Package thermal spec power: )0( Watt; 12Package minimum power: )0( Watt; 13Package maximum power: )0( Watt;
14)(15)

Package thermal spec power: 0 Watt; Package minimum power: 0 Watt; Package maximum power: 0 Watt;


Can't open MCFG table. Check permission of /sys/firmware/acpi/tables/MCFG
Can't open MCFG table. Check permission of /sys/firmware/acpi/tables/MCFG1
Can't open MCFG table. Check permission of /pcm/sys/firmware/acpi/tables/MCFG
Can't open MCFG table. Check permission of /pcm/sys/firmware/acpi/tables/MCFG1
Can't open MCFG table. Check permission of /sys/firmware/acpi/tables/MCFG
WARNING: enumeration of devices in UncorePMUDiscovery failed
Can't open MCFG table. Check permission of /sys/firmware/acpi/tables/MCFG1
Can't open MCFG table. Check permission of /pcm/sys/firmware/acpi/tables/MCFG
Can't open MCFG table. Check permission of /pcm/sys/firmware/acpi/tables/MCFG1
WARNING: enumeration of devices in UncorePMUDiscovery failed
INFO: Linux perf interface to program uncore PMUs is INFO: Linux perf interface to program uncore PMUs is present
present
INFO: using Linux perf interface to program uncore PMUs because env variable PCM_USE_UNCORE_PERF=1
INFO: using Linux perf interface to program uncore PMUs because env variable PCM_USE_UNCORE_PERF=1
INFO: Secure Boot detected. Using Linux perf for uncore PMU programming.
INFO: Secure Boot detected. Using Linux perf for uncore PMU programming.
Number of physical cores: 16
Number of logical cores: 16
Number of online logical cores: 16
Threads (logical cores) per physical core: 1
Num sockets: 2
Physical cores per socket: 8
Last level cache slices per socket: 0
Core PMU (perfmon) version: 4
Number of core PMU generic (programmable) counters: 8
Width of generic (programmable) counters: 48 bits
Number of core PMU fixed counters: 3
Width of fixed counters: 48 bits
Nominal core frequency: 2100000000 Hz
IBRS enabled in the kernel   : no
STIBP enabled in the kernel  : no
The processor is not susceptible to Rogue Data Cache Load: no
The processor supports enhanced IBRS                     : no

=====  Processor topology  =====
OS_Processor    Thread_Id       Core_Id         Tile_Id         Package_Id      Core_Type   Native_CPU_Model
0               0               0               0               0               invalid         -1              
1               0               1               1               0               invalid         -1              
2               0               2               2               0               invalid         -1              
3               0               3               3               0               invalid         -1              
4               0               4               4               0               invalid         -1              
5               0               5               5               0               invalid         -1              
6               0               6               6               0               invalid         -1              
7               0               7               7               0               invalid         -1              
8               0               0               8               1               invalid         -1              
9               0               1               9               1               invalid         -1              
10              0               2               10              1               invalid         -1              
11              0               3               11              1               invalid         -1              
12              0               4               12              1               invalid         -1              
13              0               5               13              1               invalid         -1              
14              0               6               14              1               invalid         -1              
15              0               7               15              1               invalid         -1              
=====  Placement on packages  =====
Package Id.    Core Id.     Processors
0              0,1,2,3,4,5,6,7
1              0,1,2,3,4,5,6,7

=====  Core/Tile sharing  =====
Level      Processors
Core       (0)(1)(2)(3)(4)(5)(6)(7)(8)(9)(10)(11)(12)(13)(14)(15)
Tile / L2$ (0)(1)(2)(3)(4)(5)(6)(7)(8)(9)(10)(11)(12)(13)(14)(15)

Package thermal spec power: 0 Watt; Package minimum power: 0 Watt; Package maximum power: 0 Watt;

Can't open MCFG table. Check permission of /sys/firmware/acpi/tables/MCFG
Can't open MCFG table. Check permission of /sys/firmware/acpi/tables/MCFG1
Can't open MCFG table. Check permission of /pcm/sys/firmware/acpi/tables/MCFG
Can't open MCFG table. Check permission of /pcm/sys/firmware/acpi/tables/MCFG1
WARNING: enumeration of devices in UncorePMUDiscovery failed
Number of physical cores: 16
Number of logical cores: 16
Number of online logical cores: 16
Threads (logical cores) per physical core: 1
Num sockets: 2
Physical cores per socket: 8
Last level cache slices per socket: 0
Core PMU (perfmon) version: 4
Number of core PMU generic (programmable) counters: 8
Width of generic (programmable) counters: 48 bits
Number of core PMU fixed counters: 3
Width of fixed counters: 48 bits
Nominal core frequency: 2100000000 Hz
IBRS enabled in the kernel   : no
STIBP enabled in the kernel  : no
The processor is not susceptible to Rogue Data Cache Load: no
The processor supports enhanced IBRS                     : no

=====  Processor topology  =====
OS_Processor    Thread_Id       Core_Id         Tile_Id         Package_Id      Core_Type   Native_CPU_Model
0               0               0               0               0               invalid         -1              
1               0               1               1               0               invalid         -1              
2               0               2               2               0               invalid         -1              
3               0               3               3               0               invalid         -1              
4               0               4               4               0               invalid         -1              
5               0               5               5               0               invalid         -1              
6               0               6               6               0               invalid         -1              
7               0               7               7               0               invalid         -1              
8               0               0               8               1               invalid         -1              
9               0               1               9               1               invalid         -1              
10              0               2               10              1               invalid         -1              
11              0               3               11              1               invalid         -1              
12              0               4               12              1               invalid         -1              
13              0               5               13              1               invalid         -1              
14              0               6               14              1               invalid         -1              
15              0               7               15              1               invalid         -1              
=====  Placement on packages  =====
Package Id.    Core Id.     Processors
0              0,1,2,3,4,5,6,7
1              0,1,2,3,4,5,6,7

=====  Core/Tile sharing  =====
Level      Processors
Core       (0)(1)(2)(3)(4)(5)(6)(7)(8)(9)(10)(11)(12)(13)(14)(15)
Tile / L2$ (0)(1)(2)(3)(4)(5)(6)(7)(8)(9)(10)(11)(12)(13)(14)(15)

Package thermal spec power: 0 Watt; Package minimum power: 0 Watt; Package maximum power: 0 Watt;

Can't open MCFG table. Check permission of /sys/firmware/acpi/tables/MCFG
Can't open MCFG table. Check permission of /sys/firmware/acpi/tables/MCFG1
Can't open MCFG table. Check permission of /pcm/sys/firmware/acpi/tables/MCFG
Can't open MCFG table. Check permission of /pcm/sys/firmware/acpi/tables/MCFG1
WARNING: enumeration of devices in UncorePMUDiscovery failed
INFO: Linux perf interface to program uncore PMUs is Number of physical cores: 16
Number of logical cores: 16
Number of online logical cores: 16
Threads (logical cores) per physical core: 1
Num sockets: 2
Physical cores per socket: 8
Last level cache slices per socket: 0
Core PMU (perfmon) version: 4
Number of core PMU generic (programmable) counters: 8
Width of generic (programmable) counters: 48 bits
Number of core PMU fixed counters: 3
Width of fixed counters: 48 bits
Nominal core frequency: 2100000000 Hz
IBRS enabled in the kernel   : no
STIBP enabled in the kernel  : no
The processor is not susceptible to Rogue Data Cache Load: no
The processor supports enhanced IBRS                     : no

=====  Processor topology  =====
OS_Processor    Thread_Id       Core_Id         Tile_Id         Package_Id      Core_Type   Native_CPU_Model
0               0               0               0               0               invalid         -1              
1               0               1               1               0               invalid         -1              
2               0               2               2               0               invalid         -1              
3               0               3               3               0               invalid         -1              
4               0               4               4               0               invalid         -1              
5               0               5               5               0               invalid         -1              
6               0               6               6               0               invalid         -1              
7               0               7               7               0               invalid         -1              
8               0               0               8               1               invalid         -1              
9               0               1               9               1               invalid         -1              
10              0               2               10              1               invalid         -1              
11              0               3               11              1               invalid         -1              
12              0               4               12              1               invalid         -1              
13              0               5               13              1               invalid         -1              
14              0               6               14              1               invalid         -1              
15              0               7               15              1               invalid         -1              
=====  Placement on packages  =====
Package Id.    Core Id.     Processors
0              0,1,2,3,4,5,6,7
1              0,1,2,3,4,5,6,7

=====  Core/Tile sharing  =====
Level      Processors
Core       (0)(1)(2)(3)(4)(5)(6)(7)(8)(9)(10)(11)(12)(13)(14)(15)
Tile / L2$ (0)(1)(2)(3)(4)(5)(6)(7)(8)(9)(10)(11)(12)(13)(14)(15)

Package thermal spec power: 0 Watt; Package minimum power: 0 Watt; Package maximum power: 0 Watt;

Can't open MCFG table. Check permission of /sys/firmware/acpi/tables/MCFG
Can't open MCFG table. Check permission of /sys/firmware/acpi/tables/MCFG1
Can't open MCFG table. Check permission of /pcm/sys/firmware/acpi/tables/MCFG
Can't open MCFG table. Check permission of /pcm/sys/firmware/acpi/tables/MCFG1
WARNING: enumeration of devices in UncorePMUDiscovery failed
Number of physical cores: 16
Number of logical cores: 16
Number of online logical cores: 16
Threads (logical cores) per physical core: 1
Num sockets: 2
Physical cores per socket: 8
Last level cache slices per socket: 0
Core PMU (perfmon) version: 4
Number of core PMU generic (programmable) counters: 8
Width of generic (programmable) counters: 48 bits
Number of core PMU fixed counters: 3
Width of fixed counters: 48 bits
Nominal core frequency: 2100000000 Hz
IBRS enabled in the kernel   : no
STIBP enabled in the kernel  : no
The processor is not susceptible to Rogue Data Cache Load: no
The processor supports enhanced IBRS                     : no

=====  Processor topology  =====
OS_Processor    Thread_Id       Core_Id         Tile_Id         Package_Id      Core_Type   Native_CPU_Model
0               0               0               0               0               invalid         -1              
1               0               1               1               0               invalid         -1              
2               0               2               2               0               invalid         -1              
3               0               3               3               0               invalid         -1              
4               0               4               4               0               invalid         -1              
5               0               5               5               0               invalid         -1              
6               0               6               6               0               invalid         -1              
7               0               7               7               0               invalid         -1              
8               0               0               8               1               invalid         -1              
9               0               1               9               1               invalid         -1              
10              0               2               10              1               invalid         -1              
11              0               3               11              1               invalid         -1              
12              0               4               12              1               invalid         -1              
13              0               5               13              1               invalid         -1              
14              0               6               14              1               invalid         -1              
15              0               7               15              1               invalid         -1              
=====  Placement on packages  =====
Package Id.    Core Id.     Processors
0              0,1,2,3,4,5,6,7
1              0,1,2,3,4,5,6,7

=====  Core/Tile sharing  =====
Level      Processors
Core       (0)(1)(2)(3)(4)(5)(6)(7)(8)(9)(10)(11)(12)(13)(14)(15)
Tile / L2$ (0)(1)(2)(3)(4)(5)(6)(7)(8)(9)(10)(11)(12)(13)(14)(15)

Package thermal spec power: 0 Watt; Package minimum power: 0 Watt; Package maximum power: 0 Watt;

Can't open MCFG table. Check permission of /sys/firmware/acpi/tables/MCFG
Can't open MCFG table. Check permission of /sys/firmware/acpi/tables/MCFG1
Can't open MCFG table. Check permission of /pcm/sys/firmware/acpi/tables/MCFG
Can't open MCFG table. Check permission of /pcm/sys/firmware/acpi/tables/MCFG1
WARNING: enumeration of devices in UncorePMUDiscovery failed
INFO: Linux perf interface to program uncore PMUs is present
INFO: using Linux perf interface to program uncore PMUs because env variable PCM_USE_UNCORE_PERF=1
INFO: Secure Boot detected. Using Linux perf for uncore PMU programming.
Number of physical cores: Number of physical cores: 16
Number of logical cores: 16
16Number of online logical cores: 
16Number of logical cores: 
16Threads (logical cores) per physical core: 
1Number of online logical cores: 
16Num sockets: 
2Threads (logical cores) per physical core: 
1Physical cores per socket: 
8Num sockets: 
2Last level cache slices per socket: 
0Physical cores per socket: 
8Core PMU (perfmon) version: 
4Last level cache slices per socket: 
0Number of core PMU generic (programmable) counters: 
8Core PMU (perfmon) version: 
4Width of generic (programmable) counters: 
48Number of core PMU generic (programmable) counters:  bits
8Number of core PMU fixed counters: 
3Width of generic (programmable) counters: 
48Width of fixed counters:  bits
48Number of core PMU fixed counters:  bits
3Nominal core frequency: 
2100000000Width of fixed counters:  Hz
48IBRS enabled in the kernel   :  bits
noNominal core frequency: 
2100000000STIBP enabled in the kernel  :  Hz
noIBRS enabled in the kernel   : 
noThe processor is not susceptible to Rogue Data Cache Load: 
noSTIBP enabled in the kernel  : 
noThe processor supports enhanced IBRS                     : 
noThe processor is not susceptible to Rogue Data Cache Load: 
no
=====  Processor topology  =====

OS_Processor    Thread_Id       Core_Id         Tile_Id         Package_Id      Core_Type   Native_CPU_Model
The processor supports enhanced IBRS                     : 0               no0               
0               
=====  Processor topology  =====
0               OS_Processor    Thread_Id       Core_Id         Tile_Id         Package_Id      Core_Type   Native_CPU_Model
0               0               invalid0                0                0                0                invalid          -1               
   -1              
1               0               1               1               1               0               0               invalid1                1                0                invalid            -1               
 2                0               -1              2               
2               2               0               0               invalid2                2                0                invalid            -1               
 3                0               -1              3               
3               3               0               0               invalid3                3                0                invalid            -1               
 4                0               -1              4               
4               4               0               0               invalid4                4                0                invalid            -1               
 5                0               -1              5               
5               5               0               0               invalid5                5                0                invalid            -1               
 6                0               -1              6               
6               6               0               0               invalid6                6                0                invalid            -1               
 7                0               -1              7               
7               7               0               0               invalid7                7                0                invalid            -1               
 8                0               -1              0               
8               8               1               0               invalid0                8                1                invalid            -1               
 9                0               -1              1               
9               9               1               0               invalid1                9                1                invalid            -1               
 10               0               -1              2               
10              10              1               0               invalid2                10               1                invalid            -1               Socket 1: 2 memory controllers detected with total number of 6 channels. 2 UPI ports detected. 2 M2M (mesh to memory) blocks detected. 0 Home Agents detected. 2 M3UPI blocks detected.

 11               0               -1              3               
11              11              1               0               invalid3                11               1                invalid            -1               
 12               0               -1              4               
12              12              1               0               invalid4                12               1                invalid            -1               
 13               0               -1              5               
13              13              1               0               invalid5                13               1                invalid            -1               
 14               0               -1              6               
14              14              1               0               invalid6                14               1                invalid            -1               
 15               0               -1              7               
15              15              1               0               invalid7                15               1                invalid            -1               
 =====  Placement on packages  =====
 Package Id.    Core Id.     Processors
-1              0              
0=====  Placement on packages  =====
,Package Id.    Core Id.     Processors
10              ,02,,13,,24,,35,,46,,57,
61              ,07,
11              ,02,,13,,24,,35,,46,,57,
6
=====  Core/Tile sharing  =====
,Level      Processors
Core       7(
0
=====  Core/Tile sharing  =====
)Level      Processors
Core       ((10))((21))((32))((43))((54))((65))((76))((87))((98))((109))((1110))((1211))((1312))((1413))((1514))
Tile / L2$ ((150))
Tile / L2$ ((10))((21))((32))((43))((54))((65))((76))((87))((98))((109))((1110))((1211))((1312))(14)(15)

Package thermal spec power: 0 Watt; Package minimum power: 0 Watt; Package maximum power: 0 Watt;

Can't open MCFG table. Check permission of /sys/firmware/acpi/tables/MCFG
Can't open MCFG table. Check permission of /sys/firmware/acpi/tables/MCFG1
Can't open MCFG table. Check permission of /pcm/sys/firmware/acpi/tables/MCFG
Can't open MCFG table. Check permission of /pcm/sys/firmware/acpi/tables/MCFG1
WARNING: enumeration of devices in UncorePMUDiscovery failed
Socket 1: 2 memory controllers detected with total number of 6 channels. 2 UPI ports detected. 2 M2M (mesh to memory) blocks detected. 0 Home Agents detected. 2 M3UPI blocks detected.
Socket INFO: Linux perf interface to program uncore PMUs is 1: present
2INFO: using Linux perf interface to program uncore PMUs because env variable PCM_USE_UNCORE_PERF=1
 memory controllers detected with total number of INFO: Secure Boot detected. Using Linux perf for uncore PMU programming.
6 channels. 2 UPIINFO: Linux perf interface to program uncore PMUs is  ports detected.present
 INFO: using Linux perf interface to program uncore PMUs because env variable PCM_USE_UNCORE_PERF=1
2INFO: Secure Boot detected. Using Linux perf for uncore PMU programming.
 M2M (mesh to memory) blocks detected. 0 Home Agents detected. 2 M3UPI blocks detected.
present
INFO: using Linux perf interface to program uncore PMUs because env variable PCM_USE_UNCORE_PERF=1
INFO: Secure Boot detected. Using Linux perf for uncore PMU programming.
Socket Socket 11: : 22 memory controllers detected with total number of  memory controllers detected with total number of 66 channels.  channels. 22  UPIUPI ports detected. ports detected.  22 M2M (mesh to memory) blocks detected.  M2M (mesh to memory) blocks detected. 00 Home Agents detected.  Home Agents detected. 22 M3UPI blocks detected.
 M3UPI blocks detected.
INFO: Linux perf interface to program uncore PMUs is (present
13INFO: using Linux perf interface to program uncore PMUs because env variable PCM_USE_UNCORE_PERF=1
)INFO: Secure Boot detected. Using Linux perf for uncore PMU programming.
(14)(15)

Package thermal spec power: 0 Watt; Package minimum power: 0 Watt; Package maximum power: 0 Watt;

Socket 0: 2 memory controllers detected with total number of 6 channels. 2 UPI ports detected. 2 M2M (mesh to memory) blocks detected. 0 Home Agents detected. 2 M3UPI blocks detected.
Socket 0: 2 memory controllers detected with total number of 6 channels. 2 UPI ports detected. 2 M2M (mesh to memory) blocks detected. 0 Home Agents detected. 2 M3UPI blocks detected.
Can't open MCFG table. Check permission of /sys/firmware/acpi/tables/MCFG
Can't open MCFG table. Check permission of /sys/firmware/acpi/tables/MCFG1
Can't open MCFG table. Check permission of /pcm/sys/firmware/acpi/tables/MCFG
Can't open MCFG table. Check permission of /pcm/sys/firmware/acpi/tables/MCFG1
WARNING: enumeration of devices in UncorePMUDiscovery failed
INFO: Linux perf interface to program uncore PMUs is present
INFO: using Linux perf interface to program uncore PMUs because env variable PCM_USE_UNCORE_PERF=1
INFO: Secure Boot detected. Using Linux perf for uncore PMU programming.
Socket 0: 2 memory controllers detected with total number of 6 channels. 2 UPI ports detected. 2 M2M (mesh to memory) blocks detected. 0 Home Agents detected. 2 M3UPI blocks detected.
Socket 1: 2 memory controllers detected with total number of 6 channels. 2 UPI ports detected. 2 M2M (mesh to memory) blocks detected. 0 Home Agents detected. 2 M3UPI blocks detected.
Socket 1: 2 memory controllers detected with total number of 6 channels. 2 UPI ports detected. 2 M2M (mesh to memory) blocks detected. 0 Home Agents detected. 2 M3UPI blocks detected.
Socket 1: 2 memory controllers detected with total number of 6 channels. 2 UPI ports detected. 2 M2M (mesh to memory) blocks detected. 0 Home Agents detected. 2 M3UPI blocks detected.
Socket 0: 2 memory controllers detected with total number of 6 channels. 2 UPI ports detected. 2 M2M (mesh to memory) blocks detected. 0 Home Agents detected. 2 M3UPI blocks detected.
Socket 0: 2 memory controllers detected with total number of 6 channels. 2 UPI ports detected. 2 M2M (mesh to memory) blocks detected. 0 Home Agents detected. 2 M3UPI blocks detected.
INFO: using Linux resctrl driver for RDT metrics (L3OCC, LMB, RMB) because environment variable PCM_USE_RESCTRL=1
ERROR: /sys/fs/resctrl is not mounted
ERROR: RDT metrics (L3OCC,LMB,RMB) will not be available
Mount it to make it work: mount -t resctrl resctrl /sys/fs/resctrl
Socket 0INFO: using Linux resctrl driver for RDT metrics (L3OCC, LMB, RMB) because environment variable PCM_USE_RESCTRL=1
: 
2 memory controllers detected with total number of 6 channels. 2 UPIERROR: /sys/fs/resctrl is not mounted
 ports detected.ERROR: RDT metrics (L3OCC,LMB,RMB) will not be available
 Mount it to make it work: mount -t resctrl resctrl /sys/fs/resctrl
2 M2M (mesh to memory) blocks detected. 0 Home Agents detected. 2 M3UPI blocks detected.
 Closed perf event handles
Trying to use Linux perf events...

 Closed perf event handles
Trying to use Linux perf events...
Socket 0: 2 memory controllers detected with total number of 6 channels. 2 UPI ports detected. 2 M2M (mesh to memory) blocks detected. 0 Home Agents detected. 2 M3UPI blocks detected.
INFO: using Linux resctrl driver for RDT metrics (L3OCC, LMB, RMB) because environment variable PCM_USE_RESCTRL=1
ERROR: /sys/fs/resctrl is not mounted
ERROR: RDT metrics (L3OCC,LMB,RMB) will not be available
Mount it to make it work: mount -t resctrl resctrl /sys/fs/resctrl
INFO: using Linux resctrl driver for RDT metrics (L3OCC, LMB, RMB) because environment variable PCM_USE_RESCTRL=1
ERROR: /sys/fs/resctrl is not mounted
ERROR: RDT metrics (L3OCC,LMB,RMB) will not be available
Mount it to make it work: mount -t resctrl resctrl /sys/fs/resctrl


Socket 0: 2 memory controllers detected with total number of 6 channels. 2 UPI ports detected. 2 M2M (mesh to memory) blocks detected. 0 Home Agents detected. 2 M3UPI blocks detected.
 Closed perf event handles
Trying to use Linux perf events...
 Closed perf event handles
Trying to use Linux perf events...
INFO: using Linux resctrl driver for RDT metrics (L3OCC, LMB, RMB) because environment variable PCM_USE_RESCTRL=1
ERROR: /sys/fs/resctrl is not mounted
ERROR: RDT metrics (L3OCC,LMB,RMB) will not be available
Mount it to make it work: mount -t resctrl resctrl /sys/fs/resctrl
Socket 1: 2 memory controllers detected with total number of 6 channels. 2 UPI ports detected. 2 M2M (mesh to memory) blocks detected. 0 Home Agents detected. 2 M3UPI blocks detected.
Socket 1: 2 memory controllers detected with total number of 6 channels. 2 UPI ports detected. 2 M2M (mesh to memory) blocks detected. 0 Home Agents detected. 2 M3UPI blocks detected.
Socket 1: 2 memory controllers detected with total number of 6 channels. 2 UPI ports detected. 2 M2M (mesh to memory) blocks detected. 0 Home Agents detected. 2 M3UPI blocks detected.

INFO: using Linux resctrl driver for RDT metrics (L3OCC, LMB, RMB) because environment variable PCM_USE_RESCTRL=1
ERROR: /sys/fs/resctrl is not mounted
ERROR: RDT metrics (L3OCC,LMB,RMB) will not be available
Mount it to make it work: mount -t resctrl resctrl /sys/fs/resctrl
 Closed perf event handles
Trying to use Linux perf events...
Socket 1: 2 memory controllers detected with total number of 6 channels. 2 UPI ports detected. 2 M2M (mesh to memory) blocks detected. 0 Home Agents detected. 2 M3UPI blocks detected.
INFO: using Linux resctrl driver for RDT metrics (L3OCC, LMB, RMB) because environment variable PCM_USE_RESCTRL=1
ERROR: /sys/fs/resctrl is not mounted
ERROR: RDT metrics (L3OCC,LMB,RMB) will not be available
Mount it to make it work: mount -t resctrl resctrl /sys/fs/resctrl

INFO: using Linux resctrl driver for RDT metrics (L3OCC, LMB, RMB) because environment variable PCM_USE_RESCTRL=1
ERROR: /sys/fs/resctrl is not mounted
ERROR: RDT metrics (L3OCC,LMB,RMB) will not be available
Mount it to make it work: mount -t resctrl resctrl /sys/fs/resctrl


 Closed perf event handles
Trying to use Linux perf events...
 Closed perf event handles
Trying to use Linux perf events...
 Closed perf event handles
Trying to use Linux perf events...
INFO: using Linux resctrl driver for RDT metrics (L3OCC, LMB, RMB) because environment variable PCM_USE_RESCTRL=1
ERROR: /sys/fs/resctrl is not mounted
ERROR: RDT metrics (L3OCC,LMB,RMB) will not be available
Mount it to make it work: mount -t resctrl resctrl /sys/fs/resctrl

 Closed perf event handles
Trying to use Linux perf events...
Successfully programmed on-core PMU using Linux perf
Successfully programmed on-core PMU using Linux perf
Successfully programmed on-core PMU using Linux perf
Successfully programmed on-core PMU using Linux perf
INFO: using Linux resctrl driver for RDT metrics (L3OCC, LMB, RMB) because environment variable PCM_USE_RESCTRL=1
ERROR: /sys/fs/resctrl is not mounted
ERROR: RDT metrics (L3OCC,LMB,RMB) will not be available
Mount it to make it work: mount -t resctrl resctrl /sys/fs/resctrl
Socket 1: 2 memory controllers detected with total number of 6 channels. 2 UPI ports detected. 2 M2M (mesh to memory) blocks detected. 0 Home Agents detected. 2 M3UPI blocks detected.
INFO: using Linux resctrl driver for RDT metrics (L3OCC, LMB, RMB) because environment variable PCM_USE_RESCTRL=1
ERROR: /sys/fs/resctrl is not mounted
ERROR: RDT metrics (L3OCC,LMB,RMB) will not be available
Mount it to make it work: mount -t resctrl resctrl /sys/fs/resctrl
INFO: using Linux resctrl driver for RDT metrics (L3OCC, LMB, RMB) because environment variable PCM_USE_RESCTRL=1
ERROR: /sys/fs/resctrl is not mounted
ERROR: RDT metrics (L3OCC,LMB,RMB) will not be available
Mount it to make it work: mount -t resctrl resctrl /sys/fs/resctrl
INFO: using Linux resctrl driver for RDT metrics (L3OCC, LMB, RMB) because environment variable PCM_USE_RESCTRL=1
ERROR: /sys/fs/resctrl is not mounted
ERROR: RDT metrics (L3OCC,LMB,RMB) will not be available
Mount it to make it work: mount -t resctrl resctrl /sys/fs/resctrl
INFO: using Linux resctrl driver for RDT metrics (L3OCC, LMB, RMB) because environment variable PCM_USE_RESCTRL=1
ERROR: /sys/fs/resctrl is not mounted
ERROR: RDT metrics (L3OCC,LMB,RMB) will not be available
Mount it to make it work: mount -t resctrl resctrl /sys/fs/resctrl
INFO: using Linux resctrl driver for RDT metrics (L3OCC, LMB, RMB) because environment variable PCM_USE_RESCTRL=1
ERROR: /sys/fs/resctrl is not mounted
ERROR: RDT metrics (L3OCC,LMB,RMB) will not be available
Mount it to make it work: mount -t resctrl resctrl /sys/fs/resctrl



INFO: using Linux resctrl driver for RDT metrics (L3OCC, LMB, RMB) because environment variable PCM_USE_RESCTRL=1
ERROR: /sys/fs/resctrl is not mounted
ERROR: RDT metrics (L3OCC,LMB,RMB) will not be available
Mount it to make it work: mount -t resctrl resctrl /sys/fs/resctrl
 Closed perf event handles
Trying to use Linux perf events...
 Closed perf event handles
Trying to use Linux perf events...




 Closed perf event handles
 Closed perf event handles
 Closed perf event handles
Trying to use Linux perf events...
Trying to use Linux perf events...
Trying to use Linux perf events...
 Closed perf event handles
Trying to use Linux perf events...
 Closed perf event handles
Trying to use Linux perf events...
Successfully programmed on-core PMU using Linux perf
Successfully programmed on-core PMU using Linux perf
Successfully programmed on-core PMU using Linux perf
Successfully programmed on-core PMU using Linux perf
Successfully programmed on-core PMU using Linux perf
Successfully programmed on-core PMU using Linux perf
Successfully programmed on-core PMU using Linux perf
Successfully programmed on-core PMU using Linux perf
Successfully programmed on-core PMU using Linux perf
Successfully programmed on-core PMU using Linux perf
Successfully programmed on-core PMU using Linux perf
Successfully programmed on-core PMU using Linux perf
Socket 0
Max UPI link 0 speed: 0.7 GBytes/second (0.3 GT/second)
Max UPI link 1 speed: 0.7 GBytes/second (0.3 GT/second)
Socket 1
Max UPI link 0 speed: 0.6 GBytes/second (0.3 GT/second)
Max UPI link 1 speed: 0.6 GBytes/second (0.3 GT/second)

Detected Intel(R) Xeon(R) Silver 4208 CPU @ 2.10GHz "Intel(r) microarchitecture codename Cascade Lake-SP" stepping 7

Executing "./VE/himenoBM/himenoBMT" command:
Socket 0
Max UPI link 0 speed: 0.7 GBytes/second (0.3 GT/second)
Max UPI link 1 speed: 0.7 GBytes/second (0.3 GT/second)
Socket 1
Max UPI link 0 speed: 0.8 GBytes/second (0.4 GT/second)
Max UPI link 1 speed: 0.8 GBytes/second (0.4 GT/second)

Detected Intel(R) Xeon(R) Silver 4208 CPU @ 2.10GHz "Intel(r) microarchitecture codename Cascade Lake-SP" stepping 7

Executing "./VE/himenoBM/himenoBMT" command:
Socket 0
Max UPI link 0 speed: 0.7 GBytes/second (0.3 GT/second)
Max UPI link 1 speed: 0.7 GBytes/second (0.3 GT/second)
Socket 1
Max UPI link 0 speed: 0.6 GBytes/second (0.3 GT/second)
Max UPI link 1 speed: 0.6 GBytes/second (0.3 GT/second)

Detected Intel(R) Xeon(R) Silver 4208 CPU @ 2.10GHz "Intel(r) microarchitecture codename Cascade Lake-SP" stepping 7

Executing "./VE/himenoBM/himenoBMT" command:
Socket 0
Max UPI link 0 speed: 0.7 GBytes/second (0.3 GT/second)
Max UPI link 1 speed: 0.7 GBytes/second (0.3 GT/second)
Socket 1
Max UPI link 0 speed: 0.7 GBytes/second (0.3 GT/second)
Max UPI link 1 speed: 0.7 GBytes/second (0.3 GT/second)

Detected Intel(R) Xeon(R) Silver 4208 CPU @ 2.10GHz "Intel(r) microarchitecture codename Cascade Lake-SP" stepping 7

Executing "./VE/himenoBM/himenoBMT" command:
Socket 0
Max UPI link 0 speed: 0.7 GBytes/second (0.3 GT/second)
Max UPI link 1 speed: 0.7 GBytes/second (0.3 GT/second)
Socket 1
Max UPI link 0 speed: 0.7 GBytes/second (0.3 GT/second)
Max UPI link 1 speed: 0.7 GBytes/second (0.3 GT/second)

Detected Intel(R) Xeon(R) Silver 4208 CPU @ 2.10GHz "Intel(r) microarchitecture codename Cascade Lake-SP" stepping 7

Executing "./VE/himenoBM/himenoBMT" command:
Socket 0
Max UPI link 0 speed: 0.7 GBytes/second (0.3 GT/second)
Max UPI link 1 speed: 0.7 GBytes/second (0.3 GT/second)
Socket 1
Max UPI link 0 speed: 0.7 GBytes/second (0.3 GT/second)
Max UPI link 1 speed: 0.7 GBytes/second (0.3 GT/second)

Detected Intel(R) Xeon(R) Silver 4208 CPU @ 2.10GHz "Intel(r) microarchitecture codename Cascade Lake-SP" stepping 7

Executing "./VE/himenoBM/himenoBMT" command:
Socket 0
Max UPI link 0 speed: 0.6 GBytes/second (0.3 GT/second)
Max UPI link 1 speed: 0.6 GBytes/second (0.3 GT/second)
Socket 1
Max UPI link 0 speed: 0.6 GBytes/second (0.3 GT/second)
Max UPI link 1 speed: 0.6 GBytes/second (0.3 GT/second)

Detected Intel(R) Xeon(R) Silver 4208 CPU @ 2.10GHz "Intel(r) microarchitecture codename Cascade Lake-SP" stepping 7
Socket 0
Max UPI link 0 speed: 0.8 GBytes/second (0.4 GT/second)
Max UPI link 1 speed: 0.8 GBytes/second (0.4 GT/second)
Socket 1
Max UPI link 0 speed: 0.5 GBytes/second (0.2 GT/second)
Max UPI link 1 speed: 0.5 GBytes/second (0.2 GT/second)

Detected Intel(R) Xeon(R) Silver 4208 CPU @ 2.10GHz "Intel(r) microarchitecture codename Cascade Lake-SP" stepping 7

Executing "./VE/himenoBM/himenoBMT" command:

Executing "./VE/himenoBM/himenoBMT" command:
Socket 0
Max UPI link 0 speed: 0.7 GBytes/second (0.3 GT/second)
Max UPI link 1 speed: 0.7 GBytes/second (0.3 GT/second)
Socket 1
Max UPI link 0 speed: 0.7 GBytes/second (0.3 GT/second)
Max UPI link 1 speed: 0.7 GBytes/second (0.3 GT/second)

Detected Intel(R) Xeon(R) Silver 4208 CPU @ 2.10GHz "Intel(r) microarchitecture codename Cascade Lake-SP" stepping 7

Executing "./VE/himenoBM/himenoBMT" command:
Socket 0
Max UPI link 0 speed: 0.6 GBytes/second (0.3 GT/second)
Max UPI link 1 speed: 0.6 GBytes/second (0.3 GT/second)
Socket 1
Max UPI link 0 speed: 0.6 GBytes/second (0.3 GT/second)
Max UPI link 1 speed: 0.6 GBytes/second (0.3 GT/second)

Detected Intel(R) Xeon(R) Silver 4208 CPU @ 2.10GHz "Intel(r) microarchitecture codename Cascade Lake-SP" stepping 7

Executing "./VE/himenoBM/himenoBMT" command:
Socket 0
Max UPI link 0 speed: 0.5 GBytes/second (0.2 GT/second)
Max UPI link 1 speed: 0.5 GBytes/second (0.2 GT/second)
Socket 1
Max UPI link 0 speed: 0.5 GBytes/second (0.2 GT/second)
Max UPI link 1 speed: 0.5 GBytes/second (0.2Socket  GT/second)
0
Detected 
Max UPIIntel(R) Xeon(R) Silver 4208 CPU @ 2.10GHz link  "Intel(r) microarchitecture codename 0Cascade Lake-SP speed: " stepping 7
0.6 GBytes/second (0.3 GT/second)
Max UPI link 1 speed: 0.6 GBytes/second (0.3 GT/second)
Socket 1
Max UPI link 0 speed: 0.7 GBytes/second (0.3 GT/second)
Max UPI link 1 speed: 0.7 GBytes/second (0.3 GT/second)

Detected Intel(R) Xeon(R) Silver 4208 CPU @ 2.10GHz "Intel(r) microarchitecture codename Cascade Lake-SP" stepping 7

Executing "./VE/himenoBM/himenoBMT" command:

Executing "./VE/himenoBM/himenoBMT" command:
Socket 0
Max UPI link 0 speed: 0.6 GBytes/second (0.3 GT/second)
Max UPI link 1 speed: 0.6 GBytes/second (0.3 GT/second)
Socket 1
Max UPI link 0 speed: 0.8 GBytes/second (0.3 GT/second)
Max UPI link 1 speed: 0.8 GBytes/second (0.3 GT/second)

Detected Intel(R) Xeon(R) Silver 4208 CPU @ 2.10GHz "Intel(r) microarchitecture codename Cascade Lake-SP" stepping 7
Socket 0
Max UPI link 0 speed: 0.8 GBytes/second (0.4 GT/second)
Max UPI link 1 speed: 0.8 GBytes/second (0.4 GT/second)
Socket 1
Max UPI link 0 speed: 0.8 GBytes/second (0.4 GT/second)
Max UPI link 1 speed: 0.8 GBytes/second (0.4 GT/second)

Detected Intel(R) Xeon(R) Silver 4208 CPU @ 2.10GHz "Intel(r) microarchitecture codename Cascade Lake-SP" stepping 7

Executing "./VE/himenoBM/himenoBMT" command:

Executing "./VE/himenoBM/himenoBMT" command:
Socket 0
Max UPI link 0 speed: 0.8 GBytes/second (0.3 GT/second)
Max UPI link 1 speed: 0.8 GBytes/second (0.3 GT/second)
Socket 1
Max UPI link 0 speed: 0.8 GBytes/second (0.4 GT/second)
Max UPI link 1 speed: 0.8 GBytes/second (0.4 GT/second)

Detected Intel(R) Xeon(R) Silver 4208 CPU @ 2.10GHz "Intel(r) microarchitecture codename Cascade Lake-SP" stepping 7

Executing "./VE/himenoBM/himenoBMT" command:
Socket 0
Max UPI link 0 speed: 0.8 GBytes/second (0.4 GT/second)
Max UPI link 1 speed: 0.8 GBytes/second (0.4 GT/second)
Socket 1
Max UPI link 0 speed: 0.8 GBytes/second (0.4 GT/second)
Max UPI link 1 speed: 0.8 GBytes/second (0.4 GT/second)

Detected Intel(R) Xeon(R) Silver 4208 CPU @ 2.10GHz "Intel(r) microarchitecture codename Cascade Lake-SP" stepping 7

Executing "./VE/himenoBM/himenoBMT" command:
Sequential version array size
 mimax = 513 mjmax = 513 mkmax = 1025
Parallel version array size
 mimax = 131 mjmax = 131 mkmax = 1025
imax = 129 jmax = 129 kmax =1024
I-decomp = 4 J-decomp = 4 K-decomp =1
 Start rehearsal measurement process.
 Measure the performance in 3 times.

 MFLOPS: 1233.131626 time(s): 21.987810 4.389706e-04

 Now, start the actual measurement process.
 The loop will be excuted in 8 times
 This will take about one minute.
 Wait for a while

cpu : 52.781876 sec.
Loop executed for 8 times
Gosa : 4.351114e-04 
MFLOPS measured : 1369.857295
Score based on Pentium III 600MHz : 16.536182
DEBUG: caught signal to interrupt (Child exited).
Cleaning up
 Closed perf event handles
 Zeroed uncore PMU registers
DEBUG: caught signal to interrupt (Child exited).
Cleaning up
 Closed perf event handles
DEBUG: caught signal to interrupt (Child exited).
Cleaning up
 Closed perf event handles
 Zeroed uncore PMU registers
DEBUG: caught signal to interrupt (Child exited).
Cleaning up
 Closed perf event handles
DEBUG: caught signal to interrupt (Child exited).
Cleaning up
 Closed perf event handles
DEBUG: caught signal to interrupt (Child exited).
 Zeroed uncore PMU registers
DEBUG: caught signal to interrupt (DEBUG: caught signal to interrupt ( Zeroed uncore PMU registers
 Zeroed uncore PMU registers
Cleaning up
DEBUG: caught signal to interrupt (Child exitedChild exited).
Child exited).
Cleaning up
).
Cleaning up
Cleaning up
 Closed perf event handles
 Closed perf event handles
 Closed perf event handles
 Closed perf event handles
DEBUG: caught signal to interrupt (Child exited).
Cleaning up
 Closed perf event handles
DEBUG: caught signal to interrupt (Child exited).
Cleaning up
 Closed perf event handles
DEBUG: caught signal to interrupt (Child exited).
Cleaning up
DEBUG: caught signal to interrupt (Child exited).
Cleaning up
 Closed perf event handles
 Closed perf event handles
DEBUG: caught signal to interrupt (Child exited).
Cleaning up
 Closed perf event handles
DEBUG: caught signal to interrupt (Child exited).
Cleaning up
 Closed perf event handles
 Zeroed uncore PMU registers
 Zeroed uncore PMU registers
 Zeroed uncore PMU registers
 Zeroed uncore PMU registers
 Zeroed uncore PMU registers
 Zeroed uncore PMU registers
 Zeroed uncore PMU registers
 Zeroed uncore PMU registers
 Zeroed uncore PMU registers
 Zeroed uncore PMU registers
DEBUG: caught signal to interrupt (Child exited).
Cleaning up
 Closed perf event handles
 Zeroed uncore PMU registers
	Command being timed: "/opt/nec/ve/bin/mpirun -np 16 /usr/sbin/pcm 0.1 -csv=./output/2/ve_Himeno_VE_2.csv -- ./VE/himenoBM/himenoBMT"
	User time (seconds): 15.85
	System time (seconds): 10.56
	Percent of CPU this job got: 18%
	Elapsed (wall clock) time (h:mm:ss or m:ss): 2:20.64
	Average shared text size (kbytes): 0
	Average unshared data size (kbytes): 0
	Average stack size (kbytes): 0
	Average total size (kbytes): 0
	Maximum resident set size (kbytes): 141596
	Average resident set size (kbytes): 0
	Major (requiring I/O) page faults: 0
	Minor (reclaiming a frame) page faults: 9724
	Voluntary context switches: 426902
	Involuntary context switches: 22587
	Swaps: 0
	File system inputs: 0
	File system outputs: 113976
	Socket messages sent: 0
	Socket messages received: 0
	Signals delivered: 0
	Page size (bytes): 4096
	Exit status: 0
