

 Intel(r) Performance Counter Monitor  Intel(r) Performance Counter Monitor (2022-11-24 10:18:12 +0100 ID=1b16bb4e)(2022-11-24 10:18:12 +0100 ID=1b16bb4e)





PCM Info: setrlimit for file limit PCM Info: setrlimit for file limit 10000001000000 failed with error  failed with error Operation not permittedOperation not permitted


=====  Processor information  =====

=====  Processor information  =====

 Intel(r) Performance Counter Monitor (2022-11-24 10:18:12 +0100 ID=1b16bb4e)


 Intel(r) Performance Counter Monitor 



(2022-11-24 10:18:12 +0100 ID=1b16bb4e) Intel(r) Performance Counter Monitor 
 Intel(r) Performance Counter Monitor PCM Info: setrlimit for file limit  Intel(r) Performance Counter Monitor 
(2022-11-24 10:18:12 +0100 ID=1b16bb4e) Intel(r) Performance Counter Monitor (2022-11-24 10:18:12 +0100 ID=1b16bb4e)1000000(2022-11-24 10:18:12 +0100 ID=1b16bb4e)

(2022-11-24 10:18:12 +0100 ID=1b16bb4e)
 failed with error 




Operation not permitted


Linux arch_perfmon flag  : 


PCM Info: setrlimit for file limit 
yes
1000000PCM Info: setrlimit for file limit PCM Info: setrlimit for file limit Hybrid processor         :  failed with error PCM Info: setrlimit for file limit 1000000PCM Info: setrlimit for file limit 1000000no
=====  Processor information  =====
Operation not permitted1000000 failed with error 1000000 failed with error 

 failed with error Operation not permitted failed with error Operation not permitted
IBRS and IBPB supported  : 
Operation not permittedOperation not permittedyes



=====  Processor information  =====
STIBP supported          : yes
Spec arch caps supported : 
=====  Processor information  =====

=====  Processor information  =====
yes

=====  Processor information  =====
Max CPUID level          : 
=====  Processor information  =====
22
CPU model number         : 85
Linux arch_perfmon flag  : yes
Linux arch_perfmon flag  : Hybrid processor         : Number of physical cores: Linux arch_perfmon flag  : noyesLinux arch_perfmon flag  : 16yesLinux arch_perfmon flag  : 
yes
Linux arch_perfmon flag  : 

yesIBRS and IBPB supported  : 
Hybrid processor         : Number of logical cores: yesHybrid processor         : 
yesHybrid processor         : no16
noHybrid processor         : 
no

Hybrid processor         : 
noSTIBP supported          : 
IBRS and IBPB supported  : Number of online logical cores: noIBRS and IBPB supported  : 
yesIBRS and IBPB supported  : yes16
yesIBRS and IBPB supported  : 
yes

IBRS and IBPB supported  : 
yesSpec arch caps supported : yes
STIBP supported          : Threads (logical cores) per physical core: yesSTIBP supported          : 

STIBP supported          : yes1
yesSTIBP supported          : Max CPUID level          : yes

STIBP supported          : 
yes22
Spec arch caps supported : Num sockets: yesSpec arch caps supported : 


Spec arch caps supported : yes2yesSpec arch caps supported : CPU model number         : Spec arch caps supported : yes


yes85yes
Max CPUID level          : Physical cores per socket: Max CPUID level          : 


Max CPUID level          : 228
22Last level cache slices per socket: 
Max CPUID level          : 0CPU model number         : 
Max CPUID level          : 228522Core PMU (perfmon) version: 

22

Number of physical cores: 4CPU model number         : CPU model number         : 
CPU model number         : 
851685CPU model number         : 85Number of core PMU generic (programmable) counters: 


85
8Number of logical cores: 

16Width of generic (programmable) counters: 
48Number of online logical cores:  bits
16Number of core PMU fixed counters: 
3Threads (logical cores) per physical core: 
1Width of fixed counters: 
48Num sockets:  bits
2Nominal core frequency: 
2100000000Physical cores per socket:  Hz
8IBRS enabled in the kernel   : 
noLast level cache slices per socket: 
0STIBP enabled in the kernel  : 
noCore PMU (perfmon) version: 
4The processor is not susceptible to Rogue Data Cache Load: 
noNumber of core PMU generic (programmable) counters: 
8The processor supports enhanced IBRS                     : 
noWidth of generic (programmable) counters: 
48
=====  Processor topology  =====
 bits
OS_Processor    Thread_Id       Core_Id         Tile_Id         Package_Id      Core_Type   Native_CPU_Model
Number of core PMU fixed counters: 0               30               
0               Width of fixed counters: 0               480                bits
invalidNominal core frequency:  2100000000  Hz
 IBRS enabled in the kernel   :  no 
 STIBP enabled in the kernel  :  no 
The processor is not susceptible to Rogue Data Cache Load:  no-1              

The processor supports enhanced IBRS                     : no1               
0               
=====  Processor topology  =====
1               OS_Processor    Thread_Id       Core_Id         Tile_Id         Package_Id      Core_Type   Native_CPU_Model
1               0               0               0               invalid0                0                0                invalid            -1               
 2                0               -1              2               
2               0               1               invalid0                1                1                0                invalid          -1               
 3                0                3               -1              3               
0               2               invalid0                2                2                0                invalid          -1               
 4                0                4               -1              4               
0               3               invalid0                3                3               0                invalid            -1               
 5                0               -1              5               
5               4               0               0               invalid4                4                0                invalid           -1               
 6                0                6               -1              6               
0               5               invalid0                5                5                0                invalid          -1               
 7                0                7               -1              7               
0               6               invalid0                6                6                0                invalid           -1               
 8                0               0               -1              8               
1               invalid7                0                7                7                0                invalid        -1               
 9                0                1                9               -1              1               
invalid8                0                0                8                1                invalid        -1               
 10               0                2                10              -1              1               
invalid9                0                1                9                1                invalid        -1               
 11               0                3                11              -1              1               
invalid10               0                2                10               1                invalid        -1               
 12               0                4                12              -1              1               
invalid11               0                3                11               1                invalid        -1               
 13               0                5                13              -1              1               
invalid12               0                4                12               1                invalid        -1               
 14               0                6                14              -1              1               
invalid13               0                5                13               1                invalid        -1               
 15               0                7                15              -1              1               
invalid14               0                6                14               1                invalid        -1               
 =====  Placement on packages  =====
 Package Id.    Core Id.     Processors
 0               0-1              ,
115              ,0               27               ,15              31               ,invalid4 , 5 , 6 , 7 
 1               Linux arch_perfmon flag  : 0-1              yes,

1=====  Placement on packages  =====
Hybrid processor         : ,Package Id.    Core Id.     Processors
no20              
,0IBRS and IBPB supported  : 3,yes,1
4,2STIBP supported          : ,,yes53
,,Spec arch caps supported : 64yes,,
75Max CPUID level          : 
,622
=====  Core/Tile sharing  =====
,
Level      Processors
Core       7CPU model number         : (
8501              
)0(,11),(22,)3(,34),(54,)6(,57)
(
=====  Core/Tile sharing  =====
6Level      Processors
Core       )((07))((18))((29))((310))((411))((512))((613))((714))((815))(
Tile / L2$ 9()0()10()1()11()2()12()3()13()4()14()5()15()6
Tile / L2$ )((07))((18))((29))((310))((411))((512))((613))((714))((815))(
9
)(Package thermal spec power: 100) Watt; (Package minimum power: 110) Watt; (Package maximum power: 120) Watt;
(13)(14)(15)

Package thermal spec power: 0 Watt; Package minimum power: 0 Watt; Package maximum power: 0 Watt;

Can't open MCFG table. Check permission of /sys/firmware/acpi/tables/MCFG
Can't open MCFG table. Check permission of /sys/firmware/acpi/tables/MCFG1
Can't open MCFG table. Check permission of /pcm/sys/firmware/acpi/tables/MCFG
Can't open MCFG table. Check permission of /pcm/sys/firmware/acpi/tables/MCFG1

WARNING: enumeration of devices in UncorePMUDiscovery failed
Can't open MCFG table. Check permission of /sys/firmware/acpi/tables/MCFG
Can't open MCFG table. Check permission of /sys/firmware/acpi/tables/MCFG1
Can't open MCFG table. Check permission of /pcm/sys/firmware/acpi/tables/MCFG
Can't open MCFG table. Check permission of /pcm/sys/firmware/acpi/tables/MCFG1
INFO: Linux perf interface to program uncore PMUs is Number of physical cores: present
Number of physical cores: INFO: using Linux perf interface to program uncore PMUs because env variable PCM_USE_UNCORE_PERF=1
16INFO: Secure Boot detected. Using Linux perf for uncore PMU programming.

Number of logical cores: 16
Number of online logical cores: 16WARNING: enumeration of devices in UncorePMUDiscovery failed
16

Number of logical cores: Threads (logical cores) per physical core: 161

Number of online logical cores: Num sockets: 162

Threads (logical cores) per physical core: Physical cores per socket: 18

Num sockets: Last level cache slices per socket: 20

Physical cores per socket: Core PMU (perfmon) version: 84

Last level cache slices per socket: Number of core PMU generic (programmable) counters: 08

Core PMU (perfmon) version: Width of generic (programmable) counters: 448
 bits
Number of core PMU generic (programmable) counters: Number of core PMU fixed counters: 83

Width of generic (programmable) counters: Width of fixed counters: 4848 bits
 bits
Number of core PMU fixed counters: Nominal core frequency: 32100000000
 Hz
Width of fixed counters: IBRS enabled in the kernel   : 48no bits

Nominal core frequency: STIBP enabled in the kernel  : 2100000000no Hz

IBRS enabled in the kernel   : The processor is not susceptible to Rogue Data Cache Load: nono

STIBP enabled in the kernel  : The processor supports enhanced IBRS                     : nono

The processor is not susceptible to Rogue Data Cache Load: 
=====  Processor topology  =====
noOS_Processor    Thread_Id       Core_Id         Tile_Id         Package_Id      Core_Type   Native_CPU_Model

0               The processor supports enhanced IBRS                     : 0               no0               
0               0               
=====  Processor topology  =====
invalidOS_Processor    Thread_Id       Core_Id         Tile_Id         Package_Id      Core_Type   Native_CPU_Model
 0                0                0                0                0                invalid      -1               
   1                0                1               -1              1               
0               invalid 1                0                1                1                0                invalid      -1               
 2                0                2                2                0               -1              invalid
 2                0                2                2                0                invalid      -1               
 3                0                3                3                -1              0               
invalid3                0                3                3                0                invalid            -1               
-1              
4               4               0               0               4               4               4               4               0               0               invalidinvalid                  -1              -1              

5               5               0               0               5               5               5               5               0               0               invalidinvalid                  -1              -1              

6               6               0               0               6               6               6               6               0               0               invalidinvalid                  -1              -1              

7               7               0               0               7               7               7               7               0               0               invalidinvalid                  -1              -1              

8               8               0               0               0               0               8               8               1               1               invalidinvalid                  -1              -1              

9               9               0               0               1               1               9               9               1               invalid1                invalid                -1               
-1              10              
0               10              2               0               10              2               1               10              invalid1                invalid                -1               
-1              11              
0               11              3               0               11              3               1               11              invalid1                invalid                -1               
-1              12              
0               12              4               0               12              4               1               12              invalid1                invalid                -1               
-1              13              
0               13              5               0               13              5               1               13              invalid1                invalid                -1               
-1              14              
0               14              6               INFO: Linux perf interface to program uncore PMUs is 0               14              present
6               1               INFO: using Linux perf interface to program uncore PMUs because env variable PCM_USE_UNCORE_PERF=1
14              invalidINFO: Secure Boot detected. Using Linux perf for uncore PMU programming.
1                invalid                -1               
-1              15              
0               15              7               0               15              7               1               15              invalid1                invalid                -1               
-1              =====  Placement on packages  =====

Package Id.    Core Id.     Processors
=====  Placement on packages  =====
0              Package Id.    Core Id.     Processors
00              ,01,,12,,23,,34,,45,,56,,67,
71              
01              ,01,,12,,23,,34,,45,,56,,67,
7
=====  Core/Tile sharing  =====

Level      Processors
Core       
=====  Core/Tile sharing  =====
(Level      Processors
Core       0()0()1()1()2()2()3()3()4()4()5()5()6()6()7()7()8()8()9()9()10()10()11()11()12()12()13()13()14()14()15()15
Tile / L2$ Number of physical cores: )(16
Tile / L2$ 0
()Number of logical cores: 0(16)1
()Number of online logical cores: 1)(16(2
2)Threads (logical cores) per physical core: )(1(3
Num sockets: 3)2)(
(4Physical cores per socket: 4)8)(
(5Last level cache slices per socket: 5)0)(
(6Core PMU (perfmon) version: 6)4)(
(77Number of core PMU generic (programmable) counters: ))8((
88Width of generic (programmable) counters: ))48(( bits
99Number of core PMU fixed counters: ))3((
1010Width of fixed counters: ))48(( bits
1111Nominal core frequency: )()210000000012( Hz
)12IBRS enabled in the kernel   : ()no13(
)13STIBP enabled in the kernel  : ()no14(
)14The processor is not susceptible to Rogue Data Cache Load: ()no15)(

15The processor supports enhanced IBRS                     : 
)noPackage thermal spec power: 

0 Watt; 

=====  Processor topology  =====
Package minimum power: Package thermal spec power: OS_Processor    Thread_Id       Core_Id         Tile_Id         Package_Id      Core_Type   Native_CPU_Model
000                Watt; Package maximum power:  Watt; 0               0Package minimum power: 0                Watt;
00                Watt; 0               Package maximum power: invalid0  Watt;
        -1              
1               0               1               1               0               invalid         -1              
2               0               2               2               0               invalid         -1              
3               0               3               3               0               invalid         -1              
4               0               4               4               0               invalid         -1              
5               0               5               5               0               invalid      
   -1              
6               0               6               6               0               invalid   Can't open MCFG table. Check permission of  /sys/firmware/acpi/tables/MCFG 

 Can't open MCFG table. Check permission of  /sys/firmware/acpi/tables/MCFG1 
 Can't open MCFG table. Check permission of Can't open MCFG table. Check permission of -1              /sys/firmware/acpi/tables/MCFG/pcm/sys/firmware/acpi/tables/MCFG


7               Can't open MCFG table. Check permission of Can't open MCFG table. Check permission of 0               /sys/firmware/acpi/tables/MCFG1/pcm/sys/firmware/acpi/tables/MCFG17               

7               Can't open MCFG table. Check permission of 0               /pcm/sys/firmware/acpi/tables/MCFGinvalid
 Can't open MCFG table. Check permission of  /pcm/sys/firmware/acpi/tables/MCFG1 WARNING: enumeration of devices in UncorePMUDiscovery failed

      -1              
8               0               0               8               1               invalid      WARNING: enumeration of devices in UncorePMUDiscovery failed
   -1              
9               0               1               9               1               invalid         -1              
10              0               2               10              1               invalid         -1              
11              0               3               11              1               invalid         -1              
12              0               4               12              1               invalid         -1              
13              0               5               13              1               invalid         -1              
14              0               6               14              1               invalid         -1              
15              0               7               15              1               invalid         -1              
=====  Placement on packages  =====
Package Id.    Core Id.     Processors
0              0,1,2,3,4,5,6,7
1              0,1,2,3,4,5,6,7

=====  Core/Tile sharing  =====
Level      Processors
Core       (0)(1)(2)(3)(4)(5)(6)(7)(8)(9)(10)(11)(12)(13)(14)(15)
Tile / L2$ (0)(1)(2)(3)(4)(5)(6)(7)(8)(9)(10)(11)(12)(13)(14)(15)

Package thermal spec power: 0 Watt; Package minimum power: 0 Watt; Package maximum power: 0 Watt;

Can't open MCFG table. Check permission of /sys/firmware/acpi/tables/MCFG
Can't open MCFG table. Check permission of /sys/firmware/acpi/tables/MCFG1
Can't open MCFG table. Check permission of /pcm/sys/firmware/acpi/tables/MCFG
Can't open MCFG table. Check permission of /pcm/sys/firmware/acpi/tables/MCFG1
WARNING: enumeration of devices in UncorePMUDiscovery failed
INFO: Linux perf interface to program uncore PMUs is present
INFO: using Linux perf interface to program uncore PMUs because env variable PCM_USE_UNCORE_PERF=1
INFO: Secure Boot detected. Using Linux perf for uncore PMU programming.
INFO: Linux perf interface to program uncore PMUs is present
INFO: using Linux perf interface to program uncore PMUs because env variable PCM_USE_UNCORE_PERF=1
INFO: Secure Boot detected. Using Linux perf for uncore PMU programming.
INFO: Linux perf interface to program uncore PMUs is present
INFO: using Linux perf interface to program uncore PMUs because env variable PCM_USE_UNCORE_PERF=1
INFO: Secure Boot detected. Using Linux perf for uncore PMU programming.
Socket 0: 2 memory controllers detected with total number of 6 channels. 2 UPI ports detected. 2 M2M (mesh to memory) blocks detected. 0 Home Agents detected. 2 M3UPI blocks detected.
Socket 0: 2 memory controllers detected with total number of 6 channels. 2 UPI ports detected. 2 M2M (mesh to memory) blocks detected. 0 Home Agents detected. 2 M3UPI blocks detected.
Number of physical cores: 16
Number of logical cores: 16
Number of online logical cores: 16
Threads (logical cores) per physical core: 1
Num sockets: 2
Physical cores per socket: 8
Last level cache slices per socket: 0
Core PMU (perfmon) version: 4
Number of core PMU generic (programmable) counters: 8
Width of generic (programmable) counters: 48 bits
Number of core PMU fixed counters: 3
Width of fixed counters: 48 bits
Nominal core frequency: 2100000000 Hz
IBRS enabled in the kernel   : no
STIBP enabled in the kernel  : no
The processor is not susceptible to Rogue Data Cache Load: no
The processor supports enhanced IBRS                     : no

=====  Processor topology  =====
OS_Processor    Thread_Id       Core_Id         Tile_Id         Package_Id      Core_Type   Native_CPU_Model
0               0               0               0               0               invalid         -1              
1               0               1               1               0               invalid         -1              
2               0               2               2               0               invalid         -1              
3               0               3               3               0               invalid         -1              
4               0               4               4               0               invalid         -1              
5               0               5               5               0               invalid         -1              
6               0               6               6               0               invalid         -1              
7               0               7               7               0               invalid         -1              
8               0               0               8               1               invalid         -1              
9               0               1               9               1               invalid         -1              
10              0               2               10              1               invalid         -1              
11              0               3               11              1               invalid         -1              
12              0               4               12              1               invalid         -1              
13              0               5               13              1               invalid         -1              
14              0               6               14              1               invalid         -1              
15              0               7               15              1               invalid         -1              
=====  Placement on packages  =====
Package Id.    Core Id.     Processors
0              0,1,2,3,4,5,6,7
1              0,1,2,3,4,5,6,7

=====  Core/Tile sharing  =====
Level      Processors
Core       (0)(1)(2)(3)(4)(5)(6)(7)(8)(9)(10)(11)(12)(13)(14)(15)
Tile / L2$ (0)(1)(2)(3)(4)(5)(6)(7)(8)(9)(10)(11)(12)(13)(14)(15)

Package thermal spec power: 0 Watt; Package minimum power: 0 Watt; Package maximum power: 0 Watt;

Can't open MCFG table. Check permission of /sys/firmware/acpi/tables/MCFG
Can't open MCFG table. Check permission of /sys/firmware/acpi/tables/MCFG1
Can't open MCFG table. Check permission of /pcm/sys/firmware/acpi/tables/MCFG
Can't open MCFG table. Check permission of /pcm/sys/firmware/acpi/tables/MCFG1
WARNING: enumeration of devices in UncorePMUDiscovery failed
Socket 0: 2 memory controllers detected with total number of 6 channels. 2 UPI ports detected. 2 M2M (mesh to memory) blocks detected. 0 Home Agents detected. 2 M3UPI blocks detected.
Socket 0: 2 memory controllers detected with total number of 6 channels. 2 UPI ports detected. 2 M2M (mesh to memory) blocks detected. 0 Home Agents detected. 2 M3UPI blocks detected.
INFO: Linux perf interface to program uncore PMUs is present
INFO: using Linux perf interface to program uncore PMUs because env variable PCM_USE_UNCORE_PERF=1
INFO: Secure Boot detected. Using Linux perf for uncore PMU programming.
Socket 1Socket : 0Socket 2: 1 memory controllers detected with total number of 2: 6 memory controllers detected with total number of 2 channels. 6 memory controllers detected with total number of 2 channels. 6 2 channels. UPI 2 ports detected.UPI   ports detected.UPI2  ports detected. M2M (mesh to memory) blocks detected. 2 0 M2M (mesh to memory) blocks detected. 2 Home Agents detected. 0 M2M (mesh to memory) blocks detected. 2 Home Agents detected. 0 M3UPI blocks detected.
2 Home Agents detected.  M3UPI blocks detected.
2 M3UPI blocks detected.
Number of physical cores: 16
Number of logical cores: 16
Number of online logical cores: 16
Threads (logical cores) per physical core: 1
Num sockets: 2
Physical cores per socket: 8
Last level cache slices per socket: 0
Core PMU (perfmon) version: 4
Number of core PMU generic (programmable) counters: 8
Width of generic (programmable) counters: 48 bits
Number of core PMU fixed counters: 3
Width of fixed counters: 48 bits
Nominal core frequency: 2100000000 Hz
IBRS enabled in the kernel   : no
STIBP enabled in the kernel  : no
The processor is not susceptible to Rogue Data Cache Load: no
The processor supports enhanced IBRS                     : no

=====  Processor topology  =====
OS_Processor    Thread_Id       Core_Id         Tile_Id         Package_Id      Core_Type   Native_CPU_Model
0               0               0               0               0               invalid         -1              
1               0               1               1               0               invalid         -1              
2               0               2               2               0               invalid         -1              
3               0               3               3               0               invalid         -1              
4               0               4               4               0               invalid         -1              
5               0               5               5               0               invalid         -1              
6               0               6               6               0               invalid         -1              
7               0               7               7               0               invalid         -1              
8               0               0               8               1               invalid         -1              
9               0               1               9               1               invalid         -1              
10              0               2               10              1               invalid         -1              
11              0               3               11              1               invalid         -1              
12              0               4               12              1               invalid         -1              
13              0               5               13              1               invalid         -1              
14              0               6               14              1               invalid         -1              
15              0               7               15              1               invalid         -1              
=====  Placement on packages  =====
Package Id.    Core Id.     Processors
0              0,1,2,3,4,5,6,7
1              0,1,2,3,4,5,6,7

=====  Core/Tile sharing  =====
Level      Processors
Core       (0)(1)(2)(3)(4)(5)(6)(7)(8)(9)(10)(11)(12)(13)(14)(15)
Tile / L2$ (0)(1)(2)(3)(4)(5)(6)(7)(8)(9)(10)(11)(12)(13)(14)(15)

Package thermal spec power: 0 Watt; Package minimum power: 0 Watt; Package maximum power: 0 Watt;

Can't open MCFG table. Check permission of /sys/firmware/acpi/tables/MCFG
Can't open MCFG table. Check permission of /sys/firmware/acpi/tables/MCFG1
Can't open MCFG table. Check permission of /pcm/sys/firmware/acpi/tables/MCFG
Can't open MCFG table. Check permission of /pcm/sys/firmware/acpi/tables/MCFG1
WARNING: enumeration of devices in UncorePMUDiscovery failed
Socket 1: 2 memory controllers detected with total number of 6 channels. 2 UPI ports detected. 2 M2M (mesh to memory) blocks detected. 0 Home Agents detected. 2 M3UPI blocks detected.
Socket 1: 2 memory controllers detected with total number of 6 channels. 2 UPI ports detected. 2 M2M (mesh to memory) blocks detected. 0 Home Agents detected. 2 M3UPI blocks detected.
INFO: Linux perf interface to program uncore PMUs is present
INFO: using Linux perf interface to program uncore PMUs because env variable PCM_USE_UNCORE_PERF=1
INFO: Secure Boot detected. Using Linux perf for uncore PMU programming.
Socket 1: 2 memory controllers detected with total number of 6 channels. 2 UPI ports detected. 2 M2M (mesh to memory) blocks detected. 0 Home Agents detected. 2 M3UPI blocks detected.
Socket 0: 2 memory controllers detected with total number of 6 channels. 2 UPI ports detected. 2 M2M (mesh to memory) blocks detected. 0 Home Agents detected. 2 M3UPI blocks detected.
Socket 0: 2 memory controllers detected with total number of 6 channels. 2 UPI ports detected. 2 M2M (mesh to memory) blocks detected. 0 Home Agents detected. 2 M3UPI blocks detected.
Socket 1: 2 memory controllers detected with total number of 6 channels. 2 UPI ports detected. 2 M2M (mesh to memory) blocks detected. 0 Home Agents detected. 2 M3UPI blocks detected.
INFO: using Linux resctrl driver for RDT metrics (L3OCC, LMB, RMB) because environment variable PCM_USE_RESCTRL=1
ERROR: /sys/fs/resctrl is not mounted
ERROR: RDT metrics (L3OCC,LMB,RMB) will not be available
Mount it to make it work: mount -t resctrl resctrl /sys/fs/resctrl
INFO: using Linux resctrl driver for RDT metrics (L3OCC, LMB, RMB) because environment variable PCM_USE_RESCTRL=1
ERROR: /sys/fs/resctrl is not mounted
ERROR: RDT metrics (L3OCC,LMB,RMB) will not be available
Mount it to make it work: mount -t resctrl resctrl /sys/fs/resctrl
INFO: using Linux resctrl driver for RDT metrics (L3OCC, LMB, RMB) because environment variable PCM_USE_RESCTRL=1
ERROR: /sys/fs/resctrl is not mounted
ERROR: RDT metrics (L3OCC,LMB,RMB) will not be available
Mount it to make it work: mount -t resctrl resctrl /sys/fs/resctrl
INFO: using Linux resctrl driver for RDT metrics (L3OCC, LMB, RMB) because environment variable PCM_USE_RESCTRL=1

ERROR: /sys/fs/resctrl is not mounted
ERROR: RDT metrics (L3OCC,LMB,RMB) will not be available
Mount it to make it work: mount -t resctrl resctrl /sys/fs/resctrl


 Closed perf event handles
Trying to use Linux perf events...

 Closed perf event handles
Trying to use Linux perf events...
Number of physical cores: 16
Number of logical cores: 16
Number of online logical cores: 16
Threads (logical cores) per physical core: 1
Num sockets: 2
Physical cores per socket: 8
Last level cache slices per socket: 0
Core PMU (perfmon) version: 4
Number of core PMU generic (programmable) counters: 8
Width of generic (programmable) counters: 48 bits
Number of core PMU fixed counters: 3
Width of fixed counters: 48 bits
Nominal core frequency: 2100000000 Hz
IBRS enabled in the kernel   : no
STIBP enabled in the kernel  : no
The processor is not susceptible to Rogue Data Cache Load: no
The processor supports enhanced IBRS                     : no

=====  Processor topology  =====
OS_Processor    Thread_Id       Core_Id         Tile_Id         Package_Id      Core_Type   Native_CPU_Model
0               0               0               0               0               invalid         -1              
1               0               1               1               0               invalid         -1              
2               0               2               2               0               invalid         -1              
3               0               3               3               0               invalid         -1              
4               0               4               4               0               invalid         -1              
5               0               5               5               0               invalid         -1              
6               0               6               6               0               invalid         -1              
7               0               7               Socket 7               10               : invalid2  memory controllers detected with total number of  6  channels.  2   UPI  ports detected.   2-1               M2M (mesh to memory) blocks detected. 
08                Home Agents detected. 0               20                M3UPI blocks detected.
8               1               invalid         -1              
9               0               1               9               1               invalid         -1              
10              0               2               10              1               invalid         -1              
11              0               3               11              1               invalid         -1              
12              0               4               12              1               invalid         -1              
13              0               5               13              1               invalid         -1              
14              0               6               14              1               invalid         -1              
15              0               7               15              1               invalid         -1              
=====  Placement on packages  =====
Package Id.    Core Id.     Processors
0              0,1,2,3,4,5,6,7
1              0,1,2,3,4,5,6,7

=====  Core/Tile sharing  =====
Level      Processors
Core       (0)(1)(2)(3)( Closed perf event handles
4Trying to use Linux perf events...
)(5)(6)(7)(8)(9)(10)(11)(12)(13)(14)(15)
Tile / L2$ (0)(1)(2)(3)(4)(5)(6)(7)(8)(9)(10)(11)(12)(13)(14)(15)

Package thermal spec power: 0 Watt; Package minimum power: 0 Watt; Package maximum power: 0 Watt;
 Closed perf event handles
Trying to use Linux perf events...

Can't open MCFG table. Check permission of /sys/firmware/acpi/tables/MCFG
Can't open MCFG table. Check permission of /sys/firmware/acpi/tables/MCFG1
Can't open MCFG table. Check permission of /pcm/sys/firmware/acpi/tables/MCFG
Can't open MCFG table. Check permission of /pcm/sys/firmware/acpi/tables/MCFG1
WARNING: enumeration of devices in UncorePMUDiscovery failed
INFO: Linux perf interface to program uncore PMUs is present
INFO: using Linux perf interface to program uncore PMUs because env variable PCM_USE_UNCORE_PERF=1
INFO: Secure Boot detected. Using Linux perf for uncore PMU programming.
INFO: using Linux resctrl driver for RDT metrics (L3OCC, LMB, RMB) because environment variable PCM_USE_RESCTRL=1
ERROR: /sys/fs/resctrl is not mounted
ERROR: RDT metrics (L3OCC,LMB,RMB) will not be available
Mount it to make it work: mount -t resctrl resctrl /sys/fs/resctrl

Socket 0: 2 memory controllers detected with total number of 6 channels. 2 UPI ports detected. 2 M2M (mesh to memory) blocks detected. 0 Home Agents detected. 2 M3UPI blocks detected.
INFO: using Linux resctrl driver for RDT metrics (L3OCC, LMB, RMB) because environment variable PCM_USE_RESCTRL=1
ERROR: /sys/fs/resctrl is not mounted
ERROR: RDT metrics (L3OCC,LMB,RMB) will not be available
Mount it to make it work: mount -t resctrl resctrl /sys/fs/resctrl
 Closed perf event handles
Trying to use Linux perf events...

 Closed perf event handles
Trying to use Linux perf events...
Socket 1: 2 memory controllers detected with total number of 6 channels. 2 UPI ports detected. 2 M2M (mesh to memory) blocks detected. 0 Home Agents detected. 2 M3UPI blocks detected.
Successfully programmed on-core PMU using Linux perf
INFO: using Linux resctrl driver for RDT metrics (L3OCC, LMB, RMB) because environment variable PCM_USE_RESCTRL=1
ERROR: /sys/fs/resctrl is not mounted
ERROR: RDT metrics (L3OCC,LMB,RMB) will not be available
Mount it to make it work: mount -t resctrl resctrl /sys/fs/resctrl

Successfully programmed on-core PMU using Linux perf
 Closed perf event handles
Trying to use Linux perf events...
Successfully programmed on-core PMU using Linux perf
Successfully programmed on-core PMU using Linux perf
INFO: using Linux resctrl driver for RDT metrics (L3OCC, LMB, RMB) because environment variable PCM_USE_RESCTRL=1
ERROR: /sys/fs/resctrl is not mounted
ERROR: RDT metrics (L3OCC,LMB,RMB) will not be available
Mount it to make it work: mount -t resctrl resctrl /sys/fs/resctrl

 Closed perf event handles
Trying to use Linux perf events...
Successfully programmed on-core PMU using Linux perf
Successfully programmed on-core PMU using Linux perf
Successfully programmed on-core PMU using Linux perf
Successfully programmed on-core PMU using Linux perf
Socket 0
Max UPI link 0 speed: 1.8 GBytes/second (0.8 GT/second)
Max UPI link 1 speed: 1.8 GBytes/second (0.8 GT/second)
Socket 1
Max UPI link 0 speed: 0.7 GBytes/second (0.3 GT/second)
Max UPI link 1 speed: 0.7 GBytes/second (0.3 GT/second)

Detected Intel(R) Xeon(R) Silver 4208 CPU @ 2.10GHz "Intel(r) microarchitecture codename Cascade Lake-SP" stepping 7

Executing "./VE/b_eff1/b_eff" command:
Socket 0
Max UPI link 0 speed: 0.8 GBytes/second (0.4 GT/second)
Max UPI link 1 speed: 0.8 GBytes/second (0.4 GT/second)
Socket 1
Max UPI link 0 speed: 0.9 GBytes/second (0.4 GT/second)
Max UPI link 1 speed: 0.9 GBytes/second (0.4 GT/second)

Detected Intel(R) Xeon(R) Silver 4208 CPU @ 2.10GHz "Intel(r) microarchitecture codename Cascade Lake-SP" stepping 7

Executing "./VE/b_eff1/b_eff" command:
Socket 0
Max UPI link 0 speed: 1.1 GBytes/second (0.5 GT/second)
Max UPI link 1 speed: 1.1 GBytes/second (0.5 GT/second)
Socket 1
Max UPI link 0 speed: 0.9 GBytes/second (0.4 GT/second)
Max UPI link 1 speed: 0.9 GBytes/second (0.4 GT/second)

Detected Intel(R) Xeon(R) Silver 4208 CPU @ 2.10GHz "Intel(r) microarchitecture codename Cascade Lake-SP" stepping 7

Executing "./VE/b_eff1/b_eff" command:
Socket 0
Max UPI link 0 speed: 1.5 GBytes/second (0.7 GT/second)
Max UPI link 1 speed: 1.5 GBytes/second (0.7 GT/second)
Socket 1
Max UPI link 0 speed: 0.8 GBytes/second (0.4 GT/second)
Max UPI link 1 speed: 0.8 GBytes/second (0.4 GT/second)

Detected Intel(R) Xeon(R) Silver 4208 CPU @ 2.10GHz "Intel(r) microarchitecture codename Cascade Lake-SP" stepping 7

Executing "./VE/b_eff1/b_eff" command:
Socket 0
Max UPI link 0 speed: 0.9 GBytes/second (0.4 GT/second)
Max UPI link 1 speed: 0.9 GBytes/second (0.4 GT/second)
Socket 1
Max UPI link 0 speed: 0.8 GBytes/second (0.4 GT/second)
Max UPI link 1 speed: 0.8 GBytes/second (0.4 GT/second)

Detected Intel(R) Xeon(R) Silver 4208 CPU @ 2.10GHz "Intel(r) microarchitecture codename Cascade Lake-SP" stepping 7

Executing "./VE/b_eff1/b_eff" command:
Socket 0
Max UPI link 0 speed: 0.8 GBytes/second (0.4 GT/second)
Max UPI link 1 speed: 0.8 GBytes/second (0.4 GT/second)
Socket 1
Max UPI link 0 speed: 0.8 GBytes/second (0.4 GT/second)
Max UPI link 1 speed: 0.8 GBytes/second (0.4 GT/second)

Detected Intel(R) Xeon(R) Silver 4208 CPU @ 2.10GHz "Intel(r) microarchitecture codename Cascade Lake-SP" stepping 7

Executing "./VE/b_eff1/b_eff" command:
Socket 0
Max UPI link 0 speed: 0.8 GBytes/second (0.3 GT/second)
Max UPI link 1 speed: 0.8 GBytes/second (0.3 GT/second)
Socket 1
Max UPI link 0 speed: 0.9 GBytes/second (0.4 GT/second)
Max UPI link 1 speed: 0.9 GBytes/second (0.4 GT/second)

Detected Intel(R) Xeon(R) Silver 4208 CPU @ 2.10GHz "Intel(r) microarchitecture codename Cascade Lake-SP" stepping 7

Executing "./VE/b_eff1/b_eff" command:
Socket 0
Max UPI link 0 speed: 0.8 GBytes/second (0.4 GT/second)
Max UPI link 1 speed: 0.8 GBytes/second (0.4 GT/second)
Socket 1
Max UPI link 0 speed: 0.8 GBytes/second (0.4 GT/second)
Max UPI link 1 speed: 0.8 GBytes/second (0.4 GT/second)

Detected Intel(R) Xeon(R) Silver 4208 CPU @ 2.10GHz "Intel(r) microarchitecture codename Cascade Lake-SP" stepping 7

Executing "./VE/b_eff1/b_eff" command:
b_eff =  82998.611 MB/s = 10374.826 *   8 PEs with 256 MB/PE on Linux muffin 4.18.0-477.15.1.el8_8.x86_64 #1 SMP Wed Jun 28 15:04:18 UTC 2023 VE
DEBUG: caught signal to interrupt (Child exited).
Cleaning up
 Closed perf event handles
DEBUG: caught signal to interrupt (Child exited).
Cleaning up
 Closed perf event handles
DEBUG: caught signal to interrupt (Child exited).
Cleaning up
 Zeroed uncore PMU registers
 Closed perf event handles
 Zeroed uncore PMU registers
DEBUG: caught signal to interrupt (Child exited).
Cleaning up
 Closed perf event handles
DEBUG: caught signal to interrupt (Child exited).
Cleaning up
 Closed perf event handles
DEBUG: caught signal to interrupt (Child exited).
Cleaning up
 Closed perf event handles
 Zeroed uncore PMU registers
DEBUG: caught signal to interrupt ( Zeroed uncore PMU registers
Child exited).
Cleaning up
 Closed perf event handles
 Zeroed uncore PMU registers
DEBUG: caught signal to interrupt (Child exited).
Cleaning up
 Zeroed uncore PMU registers
 Closed perf event handles
 Zeroed uncore PMU registers
 Zeroed uncore PMU registers
	Command being timed: "/opt/nec/ve/bin/mpirun -np 8 /usr/sbin/pcm 0.1 -csv=./output/0/ve_b_eff_VE_0.csv -- ./VE/b_eff1/b_eff"
	User time (seconds): 4.65
	System time (seconds): 3.40
	Percent of CPU this job got: 9%
	Elapsed (wall clock) time (h:mm:ss or m:ss): 1:21.53
	Average shared text size (kbytes): 0
	Average unshared data size (kbytes): 0
	Average stack size (kbytes): 0
	Average total size (kbytes): 0
	Maximum resident set size (kbytes): 141512
	Average resident set size (kbytes): 0
	Major (requiring I/O) page faults: 0
	Minor (reclaiming a frame) page faults: 7389
	Voluntary context switches: 119253
	Involuntary context switches: 6158
	Swaps: 0
	File system inputs: 0
	File system outputs: 36944
	Socket messages sent: 0
	Socket messages received: 0
	Signals delivered: 0
	Page size (bytes): 4096
	Exit status: 0
