
 Intel(r) Performance Counter Monitor (2022-11-24 10:18:12 +0100 ID=1b16bb4e)


PCM Info: setrlimit for file limit 1000000 failed with error Operation not permitted

=====  Processor information  =====
Linux arch_perfmon flag  : yes
Hybrid processor         : no
IBRS and IBPB supported  : yes
STIBP supported          : yes
Spec arch caps supported : yes
Max CPUID level          : 22
CPU model number         : 85

 Intel(r) Performance Counter Monitor (2022-11-24 10:18:12 +0100 ID=1b16bb4e)


PCM Info: setrlimit for file limit 1000000 failed with error Operation not permitted

=====  Processor information  =====
Linux arch_perfmon flag  : yes
Hybrid processor         : no
IBRS and IBPB supported  : yes
STIBP supported          : yes
Spec arch caps supported : yes
Max CPUID level          : 22
CPU model number         : 85

 Intel(r) Performance Counter Monitor (2022-11-24 10:18:12 +0100 ID=1b16bb4e)


PCM Info: setrlimit for file limit 1000000 failed with error Operation not permitted

=====  Processor information  =====

 Intel(r) Performance Counter Monitor (2022-11-24 10:18:12 +0100 ID=1b16bb4e)


PCM Info: setrlimit for file limit 1000000 failed with error Operation not permitted

=====  Processor information  =====

 Intel(r) Performance Counter Monitor (2022-11-24 10:18:12 +0100 ID=1b16bb4e)


PCM Info: setrlimit for file limit 1000000 failed with error Operation not permitted

=====  Processor information  =====
Linux arch_perfmon flag  : yes
Hybrid processor         : no
IBRS and IBPB supported  : yes
STIBP supported          : yes
Spec arch caps supported : yes
Max CPUID level          : 22
CPU model number         : 85
Linux arch_perfmon flag  : yes
Hybrid processor         : no
IBRS and IBPB supported  : yes
STIBP supported          : yes
Spec arch caps supported : yes
Max CPUID level          : 22
CPU model number         : 85

Linux arch_perfmon flag  :  Intel(r) Performance Counter Monitor yes(2022-11-24 10:18:12 +0100 ID=1b16bb4e)

Hybrid processor         : 
no

IBRS and IBPB supported  : yes
STIBP supported          : yes
Spec arch caps supported : yes
PCM Info: setrlimit for file limit Max CPUID level          : 100000022 failed with error 
CPU model number         : 85Operation not permitted


=====  Processor information  =====
Linux arch_perfmon flag  : yes
Hybrid processor         : no
IBRS and IBPB supported  : yes
STIBP supported          : yes
Spec arch caps supported : yes
Max CPUID level          : 22
CPU model number         : 85

 Intel(r) Performance Counter Monitor (2022-11-24 10:18:12 +0100 ID=1b16bb4e)


PCM Info: setrlimit for file limit 1000000 failed with error Operation not permitted

=====  Processor information  =====
Linux arch_perfmon flag  : yes
Hybrid processor         : no
IBRS and IBPB supported  : yes
STIBP supported          : yes
Spec arch caps supported : yes
Max CPUID level          : 22
CPU model number         : 85

 Intel(r) Performance Counter Monitor (2022-11-24 10:18:12 +0100 ID=1b16bb4e)


PCM Info: setrlimit for file limit 1000000 failed with error Operation not permitted

=====  Processor information  =====
Linux arch_perfmon flag  : yes
Hybrid processor         : no
IBRS and IBPB supported  : yes
STIBP supported          : yes
Spec arch caps supported : yes
Max CPUID level          : 22
CPU model number         : 85
Number of physical cores: 16
Number of logical cores: 16
Number of online logical cores: 16
Threads (logical cores) per physical core: 1
Num sockets: 2
Physical cores per socket: 8
Last level cache slices per socket: 0
Core PMU (perfmon) version: 4
Number of core PMU generic (programmable) counters: 8
Width of generic (programmable) counters: 48 bits
Number of core PMU fixed counters: 3
Width of fixed counters: 48 bits
Nominal core frequency: 2100000000 Hz
IBRS enabled in the kernel   : no
STIBP enabled in the kernel  : no
The processor is not susceptible to Rogue Data Cache Load: no
The processor supports enhanced IBRS                     : no

=====  Processor topology  =====
OS_Processor    Thread_Id       Core_Id         Tile_Id         Package_Id      Core_Type   Native_CPU_Model
0               0               0               0               0               invalid         -1              
1               0               1               1               0               invalid         -1              
2               0               2               2               0               invalid         -1              
3               0               3               3               0               invalid         -1              
4               0               4               4               0               invalid         -1              
5               0               5               5               0               invalid         -1              
6               0               6               6               0               invalid         -1              
7               0               7               7               0               invalid         -1              
8               0               0               8               1               invalid         -1              
9               0               1               9               1               invalid         -1              
10              0               2               10              1               invalid         -1              
11              0               3               11              1               invalid         -1              
12              0               4               12              1               invalid         -1              
13              0               5               13              1               invalid         -1              
14              0               6               14              1               invalid         -1              
15              0               7               15              1               invalid         -1              
=====  Placement on packages  =====
Package Id.    Core Id.     Processors
0              0,1,2,3,4,5,6,7
1              0,1,2,3,4,5,6,7

=====  Core/Tile sharing  =====
Level      Processors
Core       (0)(1)(2)(3)(4)(5)(6)(7)(8)(9)(10)(11)(12)(13)(14)(15)
Tile / L2$ (0)(1)(2)(3)(4)(5)(6)(7)(8)(9)(10)(11)(12)(13)(14)(15)

Package thermal spec power: 0 Watt; Package minimum power: 0 Watt; Package maximum power: 0 Watt;

Can't open MCFG table. Check permission of /sys/firmware/acpi/tables/MCFG
Can't open MCFG table. Check permission of /sys/firmware/acpi/tables/MCFG1
Can't open MCFG table. Check permission of /pcm/sys/firmware/acpi/tables/MCFG
Can't open MCFG table. Check permission of /pcm/sys/firmware/acpi/tables/MCFG1
WARNING: enumeration of devices in UncorePMUDiscovery failed
INFO: Linux perf interface to program uncore PMUs is present
INFO: using Linux perf interface to program uncore PMUs because env variable PCM_USE_UNCORE_PERF=1
INFO: Secure Boot detected. Using Linux perf for uncore PMU programming.
Socket 0: 2 memory controllers detected with total number of 6 channels. 2 UPI ports detected. 2 M2M (mesh to memory) blocks detected. 0 Home Agents detected. 2 M3UPI blocks detected.
Number of physical cores: 16
Number of logical cores: 16
Number of online logical cores: 16
Threads (logical cores) per physical core: 1
Num sockets: 2
Physical cores per socket: 8
Last level cache slices per socket: 0
Core PMU (perfmon) version: 4
Number of core PMU generic (programmable) counters: 8
Width of generic (programmable) counters: 48 bits
Number of core PMU fixed counters: 3
Width of fixed counters: 48 bits
Nominal core frequency: 2100000000 Hz
IBRS enabled in the kernel   : no
STIBP enabled in the kernel  : no
The processor is not susceptible to Rogue Data Cache Load: no
The processor supports enhanced IBRS                     : no

=====  Processor topology  =====
Number of physical cores: Socket 161
: Number of logical cores: 216 memory controllers detected with total number of 
6Number of online logical cores:  channels. 162
 Threads (logical cores) per physical core: UPI1 ports detected.
 Num sockets: 22 M2M (mesh to memory) blocks detected. 
0Physical cores per socket:  Home Agents detected. 82
 M3UPI blocks detected.
Last level cache slices per socket: 0
Core PMU (perfmon) version: 4OS_Processor    Thread_Id       Core_Id         Tile_Id         Package_Id      Core_Type   Native_CPU_Model
0               0               
Number of core PMU generic (programmable) counters: 80               0               0               invalid         -1              
1               0               1               1               0               invalid         -1              
2               0               2               2               0               invalid         -1              
3               0               3               3               0               invalid         -1              
4               0               4               4               0               invalid         -1              
5               0               5               5               0               invalid         -1              
6               0               6               6               0               invalid         -1              
7               0               7               7               0               invalid         -1              
8               0               0               8               1               invalid         -1              
9               0               1               9               1               invalid         -1              
10              0               2               10              1               invalid    Number of physical cores:      -1              
11              0               3               1611              
1               Number of logical cores: invalid16 
 Number of online logical cores:  16 
 Threads (logical cores) per physical core:  1 
 Num sockets:  2-1              

Physical cores per socket: 12              80               
4               Last level cache slices per socket: 12              1               0invalid
 Core PMU (perfmon) version:  4 
 Number of core PMU generic (programmable) counters:  8 
 Width of generic (programmable) counters:  48  bits
Number of core PMU fixed counters: 3
Width of fixed counters: 48 bits
Nominal core frequency: 2100000000 Hz
IBRS enabled in the kernel   : no
STIBP enabled in the kernel  : no
The processor is not susceptible to Rogue Data Cache Load: no
The processor supports enhanced IBRS                     : no

=====  Processor topology  =====
OS_Processor    Thread_Id       Core_Id         Tile_Id         Package_Id      Core_Type   Native_CPU_Model
0               0               0               0               0               invalid         -1              
1               0               1               1               0               invalid         -1              
2               0               2               2               0               invalid         -1              
3               0               3               3               0               invalid         -1              
4               0               4               4               0               invalid         -1              
5               0               5               5               0               invalid         -1              
6               0               6               6               0               invalid         -1              
7               0               7               7               0               invalid         -1              
8               0               0               8               1               invalid         -1              
9               0               1               9               1               invalid         -1              
10              0               2               10              1               invalid         -1              
11              0               3               11              1               invalid         -1              
12              0               4               12              1               invalid         -1              
13              0               5               13              1               invalid         -1              
14              0               6               14              1               invalid         -1              
15              0               7               15              1               invalid         -1              
=====  Placement on packages  =====
Package Id.    Core Id.     Processors
0              0,1,2,3,4,5,6,7
1              0,1,2,3,4,5,6,7

=====  Core/Tile sharing  =====
Level      Processors
Core       (0)(1)(2)(3)(4)(5-1              )
(13              60               )5               (13              71               )invalid( 8 ) ( 9 ) ( 10 ) (-1              11
)14              (0               126               )14              (1               13invalid) ( 14 ) ( 15 ) 
Tile / L2$  ( 0-1              )
(15              10               )7               (15              21               )invalid( 3 ) ( 4 ) ( 5 ) (-1              6
)=====  Placement on packages  =====
(Package Id.    Core Id.     Processors
70              )0(,81),(29,)3(,104),(511,)6(,127)
(1              130),(114,)2(,153),
4
,5Package thermal spec power: ,06 Watt; ,Package minimum power: 70
 Watt; 
=====  Core/Tile sharing  =====
Package maximum power: Level      Processors
Core       0( Watt;
0)(1)(2)(3)(4)(5)(6)(7)(
8)(9)(10)(11)(12)(13Can't open MCFG table. Check permission of )/sys/firmware/acpi/tables/MCFG(
14Can't open MCFG table. Check permission of )/sys/firmware/acpi/tables/MCFG1(
15Can't open MCFG table. Check permission of )/pcm/sys/firmware/acpi/tables/MCFG
Tile / L2$ 
(Can't open MCFG table. Check permission of 0/pcm/sys/firmware/acpi/tables/MCFG1)
(1)(2)(3)(4)(5)(6)(7)(8WARNING: enumeration of devices in UncorePMUDiscovery failed
)(9)(10)(11)(12)(13)(14)(15)

Package thermal spec power: 0 Watt; Package minimum power: 0 Watt; Package maximum power: 0 Watt;

Can't open MCFG table. Check permission of /sys/firmware/acpi/tables/MCFG
Can't open MCFG table. Check permission of /sys/firmware/acpi/tables/MCFG1
Can't open MCFG table. Check permission of /pcm/sys/firmware/acpi/tables/MCFG
Can't open MCFG table. Check permission of /pcm/sys/firmware/acpi/tables/MCFG1
INFO: using Linux resctrl driver for RDT metrics (L3OCC, LMB, RMB) because environment variable PCM_USE_RESCTRL=1
ERROR: /sys/fs/resctrl is not mounted
ERROR: RDT metrics (L3OCC,LMB,RMB) will not be available
Mount it to make it work: mount -t resctrl resctrl /sys/fs/resctrl
INFO: Linux perf interface to program uncore PMUs is present
INFO: using Linux perf interface to program uncore PMUs because env variable PCM_USE_UNCORE_PERF=1
INFO: Secure Boot detected. Using Linux perf for uncore PMU programming.
WARNING: enumeration of devices in UncorePMUDiscovery failed
INFO: Linux perf interface to program uncore PMUs is present
INFO: using Linux perf interface to program uncore PMUs because env variable PCM_USE_UNCORE_PERF=1
INFO: Secure Boot detected. Using Linux perf for uncore PMU programming.
Socket Number of physical cores: 16
Number of logical cores: 16
Number of online logical cores: 16
Threads (logical cores) per physical core: 1
Num sockets: 2
Physical cores per socket: 8
Last level cache slices per socket: 0
Core PMU (perfmon) version: 4
Number of core PMU generic (programmable) counters: 8
Width of generic (programmable) counters: 48 bits
Number of core PMU fixed counters: 3
Width of fixed counters: 48 bits
Nominal core frequency: 2100000000 Hz
IBRS enabled in the kernel   : no
STIBP enabled in the kernel  : no
The processor is not susceptible to Rogue Data Cache Load: no
The processor supports enhanced IBRS                     : no

=====  Processor topology  =====
OS_Processor    Thread_Id       Core_Id         Tile_Id         Package_Id      Core_Type   Native_CPU_Model
0               0               0               0               0               invalid         -1              
1               0               1               1               0               invalid         -1              
2               0               2               2               0               invalid         -1              
3               0               3               3               0               invalid         -1              
4               0               4               4               0               invalid         -1              
5               0               5               5               0               invalid         -1              
6               0               6               6               0               invalid         -1              
7               0               7               7               0               invalid         -1              
8               0               0               8               1               invalid      Number of physical cores: 16
Number of logical cores: 16
Number of online logical cores: 16
Threads (logical cores) per physical core: 1
Num sockets: 2
Physical cores per socket: 8
Last level cache slices per socket: 0
Core PMU (perfmon) version: 4
Number of core PMU generic (programmable) counters: 8
Width of generic (programmable) counters: 48 bits
Number of core PMU fixed counters: 3
Width of fixed counters: 48 bits
Nominal core frequency: 2100000000 Hz
IBRS enabled in the kernel   : no
STIBP enabled in the kernel  : no
The processor is not susceptible to Rogue Data Cache Load: no
The processor supports enhanced IBRS                     : no

=====  Processor topology  =====
OS_Processor    Thread_Id       Core_Id         Tile_Id         Package_Id      Core_Type   Native_CPU_Model
0               0               0               0               0               invalid         -1              
1               0               1               1               0               invalid         -1              
2               0               2               2               0               invalid         -1              
3               0               3               3               0               invalid         -1              
4               0               4               4               0               invalid         -1              
5               0               5               5               0               invalid         -1              
6               0               6               6               0               invalid         -1              
7               0               7               7               0               invalid         -1              
8               0               0               8               1               invalid         -1              
9               0               1               9               1               invalid      Number of physical cores:    16-1              

Number of logical cores: 16
10              Number of online logical cores: 0               162               
10              Threads (logical cores) per physical core: 1               1invalid
 Num sockets:  2 
 Physical cores per socket:  8 
 Last level cache slices per socket:  0 
-1              Core PMU (perfmon) version: 
411              
0               Number of core PMU generic (programmable) counters: 3               811              
1               Width of generic (programmable) counters: invalid48  bits
 Number of core PMU fixed counters:  3 
 Width of fixed counters:  48  bits
 Nominal core frequency:  2100000000-1               Hz

IBRS enabled in the kernel   : 12              no0               
4               STIBP enabled in the kernel  : 12              no1               
invalidThe processor is not susceptible to Rogue Data Cache Load:  no 
 The processor supports enhanced IBRS                     :  no 
  
=====  Processor topology  =====
 OS_Processor    Thread_Id       Core_Id         Tile_Id         Package_Id      Core_Type   Native_CPU_Model
 0               -1              0               
0               13              0               0               0               5               invalid13               1                invalid              -1               
 -1              1               
0               14              1               0               1               6               0               14              invalid1                invalid       Socket   0  :    2 -1               memory controllers detected with total number of  
6 2                channels. -1              0               2
2                15              2               UPI0               0                ports detected.7               invalid 15               21                 M2M (mesh to memory) blocks detected. invalid 0   Home Agents detected.   2    M3UPI blocks detected.
       -1               
-1              3               
0               =====  Placement on packages  =====
3               Package Id.    Core Id.     Processors
3               0              0               0invalid, 1 , 2 , 3 , 4 , 5-1              ,
64               ,0               74               
4               1              0               0invalid, 1 , 2 , 3 , 4 , 5-1              ,
65               ,0               75               
5               
=====  Core/Tile sharing  =====
0               Level      Processors
Core       invalid( 0 ) ( 1 ) ( 2 ) (-1              3
)6               (0               46               )6               (0               5invalid) ( 6 ) ( 7 ) ( 8 )-1              (
97               )0               (7               10Number of physical cores: 7               )0               (invalid11 ) (16 12
 )Number of logical cores:  (16 13
 )Number of online logical cores:  (16 14
-1              )Threads (logical cores) per physical core: 
(18               15
0               )Num sockets: 0               
Tile / L2$ 28               (
1               0Physical cores per socket: invalid)8 (
 1Last level cache slices per socket:  ) 0( 
2 Core PMU (perfmon) version: ) 4( 
3 Number of core PMU generic (programmable) counters: )-1              8(

49               Width of generic (programmable) counters: )0               48(1                bits
59               Number of core PMU fixed counters: )1               3(invalid
6 Width of fixed counters: ) 48(  bits
7 Nominal core frequency: ) 2100000000(  Hz
8 IBRS enabled in the kernel   : ) no( 
9-1              STIBP enabled in the kernel  : )
no(10              
100               The processor is not susceptible to Rogue Data Cache Load: )2               no(10              
111               The processor supports enhanced IBRS                     : )invalidno( 
12 )
=====  Processor topology  =====
 (OS_Processor    Thread_Id       Core_Id         Tile_Id         Package_Id      Core_Type   Native_CPU_Model
 130                )0                (0                140                )0                (invalid-1              15 
) 11              
 0               
 3                Package thermal spec power: 11               01                 Watt; invalid Package minimum power:   0 -1               Watt;  
Package maximum power:  01                 Watt;
0                1                1                0                invalid-1               
 12               0                4                12               1                invalid    -1               
 2                0                2                2                0                invalid-1               
 13               0                5                13               1                invalid    -1               
 3                0                3                3                0                invalid-1               
 14               
0                6                14               1                invalid    -1               
 Can't open MCFG table. Check permission of 4                /sys/firmware/acpi/tables/MCFG0                
4                Can't open MCFG table. Check permission of 4                /sys/firmware/acpi/tables/MCFG10                
invalid-1              Can't open MCFG table. Check permission of  
/pcm/sys/firmware/acpi/tables/MCFG 15              
 0               Can't open MCFG table. Check permission of  7               /pcm/sys/firmware/acpi/tables/MCFG1 15              
 1                invalid    -1               
 5                0                5               WARNING: enumeration of devices in UncorePMUDiscovery failed
 5                0                invalid-1               
 =====  Placement on packages  =====
 Package Id.    Core Id.     Processors
 0               0 , 1 , 2-1              ,
36               ,0               46               ,6               50               ,invalid6 , 7 
 1               0 , 1 , 2-1              ,
37               ,0               47               ,7               50               ,invalid6 , 7 
 
=====  Core/Tile sharing  =====
 Level      Processors
Core        ( 0 ) (-1              1
)8               (0               20               )8               (1               3invalid) ( 4 ) ( 5 ) ( 6 )-1              (
79               )0               (1               89               )1               (invalid9 ) ( 10 ) ( 11 ) ( 12-1              )
(10              130               )2               (10              141               )invalid( 15 ) 
Tile / L2$  ( 0 ) ( 1 )-1              (
211              )0               (3               311              )1               (invalid4 ) ( 5 ) ( 6 ) ( 7-1              )
(12              80               )4               (12              91               )invalid( 10 ) ( 11 ) ( 12 ) (-1              13
)13              (0               145               )13              (1               15invalid) 
 
  Package thermal spec power:  0  Watt;  Package minimum power:  0  Watt; -1              Package maximum power: 
014               Watt;
0               6               14              1               invalid         -1              
15              0               7               15              1               invalid         -1              
=====  Placement on packages  =====
Package Id.    Core Id.     Processors
0              0,1,2,3,4,5,6,7
1              0,1,2,3,4,5,6,7

=====  Core/Tile sharing  =====
Level      Processors
Core       (0)(1)(2)(3)(4)(5)(6)(7)(8)(9)(10)(11)
(12)(13)(14)(15)
Tile / L2$ (0)(1Can't open MCFG table. Check permission of )/sys/firmware/acpi/tables/MCFG(
2Can't open MCFG table. Check permission of )/sys/firmware/acpi/tables/MCFG1(
3Can't open MCFG table. Check permission of )/pcm/sys/firmware/acpi/tables/MCFG(
4Can't open MCFG table. Check permission of )/pcm/sys/firmware/acpi/tables/MCFG1(
5)(6)(7
)(8)(9Width of generic (programmable) counters: )(4810 bits
)Number of core PMU fixed counters: (311
)Width of fixed counters: (4812 bits
)Nominal core frequency: (210000000013 Hz
)IBRS enabled in the kernel   : (no14
)STIBP enabled in the kernel  : (no15
)The processor is not susceptible to Rogue Data Cache Load: 
no

The processor supports enhanced IBRS                     : no
Package thermal spec power: 0
=====  Processor topology  =====
 Watt; OS_Processor    Thread_Id       Core_Id         Tile_Id         Package_Id      Core_Type   Native_CPU_Model
Package minimum power: 0               00                Watt; 0               Package maximum power: 0               00                Watt;
invalid         -1              
1               0               1               1               0               invalid         -1              
2               0               2               2               0               invalid         -1              
3               0               3               3               0               invalid       0  -1              
4               0               4               : 4               20                memory controllers detected with total number of invalid6  channels.  2   UPI  ports detected.   2  M2M (mesh to memory) blocks detected.  0-1               Home Agents detected. 
25                M3UPI blocks detected.
0               5               
5               0               invalid         -1              
6               0               6               6               0               invalid Can't open MCFG table. Check permission of  /sys/firmware/acpi/tables/MCFG 
 Can't open MCFG table. Check permission of  /sys/firmware/acpi/tables/MCFG1 
 Can't open MCFG table. Check permission of  /pcm/sys/firmware/acpi/tables/MCFG 
-1              Can't open MCFG table. Check permission of 
/pcm/sys/firmware/acpi/tables/MCFG17               
0               7               7               0               invalid         -1              
8               0               0               8               1               invalid   WARNING: enumeration of devices in UncorePMUDiscovery failed
      -1              
9               0               1               9               1               invalid         -1              
10              0               2               10              1               invalid         -1              
11              0               3               11              1               invalid         -1              
12              0               4               12              1               invalid         -1              
13              0               5                13              1               invalid         -1              
14              0               6               14              1               invalid         -1              
15              0               7               15              1               invalid         -1              
 =====  Placement on packages  =====
 Package Id.    Core Id.     Processors
INFO: Linux perf interface to program uncore PMUs is 0              present
0INFO: using Linux perf interface to program uncore PMUs because env variable PCM_USE_UNCORE_PERF=1
,INFO: Secure Boot detected. Using Linux perf for uncore PMU programming.
1,2,3,4,5,6,7
1              0,1,2,3,4,5,6,7

=====  Core/Tile sharing  =====
Level      Processors
Core       (0)(1)(2)(3)(4)(5)(6)(7)(8)(9)(10)(11)(12)(13)(14)(15)
Tile / L2$ (0)(1)(2)(3)(4)(5)(6)(7)(8)(9)(10)(11)(12)(13)(14)(15)

Package thermal spec power: 0 Watt; Package minimum power: 0 Watt; Package maximum power: 0 Watt;

Can't open MCFG table. Check permission of /sys/firmware/acpi/tables/MCFG
Can't open MCFG table. Check permission of /sys/firmware/acpi/tables/MCFG1
Can't open MCFG table. Check permission of /pcm/sys/firmware/acpi/tables/MCFG
Can't open MCFG table. Check permission of /pcm/sys/firmware/acpi/tables/MCFG1
WARNING: enumeration of devices in UncorePMUDiscovery failed
-1              INFO: Linux perf interface to program uncore PMUs is present
INFO: using Linux perf interface to program uncore PMUs because env variable PCM_USE_UNCORE_PERF=1
INFO: Secure Boot detected. Using Linux perf for uncore PMU programming.
Socket 1: 2 memory controllers detected with total number of 6 channels. 2 UPI ports detected. 2 M2M (mesh to memory) blocks detected. 0 Home Agents detected. 2 M3UPI blocks detected.

WARNING: enumeration of devices in UncorePMUDiscovery failed
INFO: Linux perf interface to program uncore PMUs is present
INFO: using Linux perf interface to program uncore PMUs because env variable PCM_USE_UNCORE_PERF=1
INFO: Secure Boot detected. Using Linux perf for uncore PMU programming.
Socket 0: 2 memory controllers detected with total number of 6 channels. 2 UPI ports detected. 2 M2M (mesh to memory) blocks detected. 0 Home Agents detected. 2 M3UPI blocks detected.
9               0               1               9               1               invalid         -1              
10              0               INFO: Linux perf interface to program uncore PMUs is present
INFO: using Linux perf interface to program uncore PMUs because env variable PCM_USE_UNCORE_PERF=1
INFO: Secure Boot detected. Using Linux perf for uncore PMU programming.
Socket 1: 2 memory controllers detected with total number of 6 channels. 2 UPI ports detected. 2 M2M (mesh to memory) blocks detected. 0 Home Agents detected. 2 M3UPI blocks detected.
2               Socket 10              1               invalid 1 :  2  memory controllers detected with total number of  INFO: using Linux resctrl driver for RDT metrics (L3OCC, LMB, RMB) because environment variable PCM_USE_RESCTRL=1
6  channels. INFO: using Linux resctrl driver for RDT metrics (L3OCC, LMB, RMB) because environment variable PCM_USE_RESCTRL=1
2 UPI ports detected. 2 M2M (mesh to memory) blocks detected. 0 Home Agents detected. 2 M3UPI blocks detected.
ERROR: /sys/fs/resctrl is not mounted
ERROR: RDT metrics (L3OCC,LMB,RMB) will not be available
Mount it to make it work: mount -t resctrl resctrl /sys/fs/resctrl

Socket Socket 0: 2  memory controllers detected with total number of 06ERROR: /sys/fs/resctrl is not mounted
 :  channels.  ERROR: RDT metrics (L3OCC,LMB,RMB) will not be available
22-1              Mount it to make it work: mount -t resctrl resctrl /sys/fs/resctrl
 memory controllers detected with total number of  
6UPI channels. 11               ports detected.20                 3               2UPI11               M2M (mesh to memory) blocks detected.  ports detected.1               0 invalid Home Agents detected. 2 2 M2M (mesh to memory) blocks detected. Socket   M3UPI blocks detected.
0  Home Agents detected. 0 2:   M3UPI blocks detected.
2  memory controllers detected with total number of  6  channels.  2-1               
UPI12               ports detected.0                4               212               M2M (mesh to memory) blocks detected. 1               0invalid Home Agents detected.  2  M3UPI blocks detected.
       -1              
13              0               5               13              1               invalid         -1              
14              0               6               14              1               invalid         -1              
15              0               7               15              1               invalid         -1              
=====  Placement on packages  =====
Package Id.    Core Id.     Processors
0              0,1,2,3,4,5,6,7
1              0,1,2,3,4,5,6,7

=====  Core/Tile sharing  =====
Level      Processors
Core       (0)(1)(2)(3)(4)(5)(6)(7)(8)(9)(10)(11)(12)(13)(14)(15)
Tile / L2$ (0)(1)(2)(3)(4)(5)(6)(7)(8)(9)(10)(11)(12)(13)(14)(15)

Package thermal spec power: 0 Watt; Package minimum power: 0 Watt; Package maximum power: 0 Watt;

Can't open MCFG table. Check permission of /sys/firmware/acpi/tables/MCFG
Can't open MCFG table. Check permission of /sys/firmware/acpi/tables/MCFG1
Can't open MCFG table. Check permission of /pcm/sys/firmware/acpi/tables/MCFG
Can't open MCFG table. Check permission of /pcm/sys/firmware/acpi/tables/MCFG1
WARNING: enumeration of devices in UncorePMUDiscovery failed
INFO: Linux perf interface to program uncore PMUs is present
INFO: using Linux perf interface to program uncore PMUs because env variable PCM_USE_UNCORE_PERF=1
INFO: Secure Boot detected. Using Linux perf for uncore PMU programming.
 Closed perf event handles
Trying to use Linux perf events...
Socket Socket 1: 12:  memory controllers detected with total number of 26 memory controllers detected with total number of  channels. 62 channels.  2UPI  ports detected.UPI  ports detected.2  M2M (mesh to memory) blocks detected. 20 M2M (mesh to memory) blocks detected.  Home Agents detected. 02 Home Agents detected.  M3UPI blocks detected.
2 M3UPI blocks detected.
Socket Socket 1: 02:  memory controllers detected with total number of 26 memory controllers detected with total number of  channels. 62 channels.  2UPI  ports detected.UPI  ports detected.2  M2M (mesh to memory) blocks detected. 20 M2M (mesh to memory) blocks detected.  Home Agents detected. 02 Home Agents detected.  M3UPI blocks detected.
2 M3UPI blocks detected.


 Closed perf event handles
Trying to use Linux perf events...
 Closed perf event handles
Trying to use Linux perf events...
Socket 1: 2 memory controllers detected with total number of 6 channels. 2 UPI ports detected. 2 M2M (mesh to memory) blocks detected. 0 Home Agents detected. 2 M3UPI blocks detected.
INFO: using Linux resctrl driver for RDT metrics (L3OCC, LMB, RMB) because environment variable PCM_USE_RESCTRL=1
ERROR: /sys/fs/resctrl is not mounted
ERROR: RDT metrics (L3OCC,LMB,RMB) will not be available
Mount it to make it work: mount -t resctrl resctrl /sys/fs/resctrl

 Closed perf event handles
Trying to use Linux perf events...
INFO: using Linux resctrl driver for RDT metrics (L3OCC, LMB, RMB) because environment variable PCM_USE_RESCTRL=1
ERROR: /sys/fs/resctrl is not mounted
ERROR: RDT metrics (L3OCC,LMB,RMB) will not be available
Mount it to make it work: mount -t resctrl resctrl /sys/fs/resctrl
INFO: using Linux resctrl driver for RDT metrics (L3OCC, LMB, RMB) because environment variable PCM_USE_RESCTRL=1
INFO: using Linux resctrl driver for RDT metrics (L3OCC, LMB, RMB) because environment variable PCM_USE_RESCTRL=1
ERROR: /sys/fs/resctrl is not mounted
ERROR: RDT metrics (L3OCC,LMB,RMB) will not be available
Mount it to make it work: mount -t resctrl resctrl /sys/fs/resctrl
ERROR: /sys/fs/resctrl is not mounted
ERROR: RDT metrics (L3OCC,LMB,RMB) will not be available
Mount it to make it work: mount -t resctrl resctrl /sys/fs/resctrl

 Closed perf event handles

Trying to use Linux perf events...
 Closed perf event handles
Trying to use Linux perf events...

 Closed perf event handles
Trying to use Linux perf events...
INFO: using Linux resctrl driver for RDT metrics (L3OCC, LMB, RMB) because environment variable PCM_USE_RESCTRL=1
ERROR: /sys/fs/resctrl is not mounted
ERROR: RDT metrics (L3OCC,LMB,RMB) will not be available
Mount it to make it work: mount -t resctrl resctrl /sys/fs/resctrl

 Closed perf event handles
Trying to use Linux perf events...
Successfully programmed on-core PMU using Linux perf
Successfully programmed on-core PMU using Linux perf
Successfully programmed on-core PMU using Linux perf
Successfully programmed on-core PMU using Linux perf
Successfully programmed on-core PMU using Linux perf
Successfully programmed on-core PMU using Linux perf
Successfully programmed on-core PMU using Linux perf
Successfully programmed on-core PMU using Linux perf
Socket 0
Max UPI link 0 speed: 0.9 GBytes/second (0.4 GT/second)
Max UPI link 1 speed: 0.9 GBytes/second (0.4 GT/second)
Socket 1
Max UPI link 0 speed: 1.0 GBytes/second (0.4 GT/second)
Max UPI link 1 speed: 1.0 GBytes/second (0.4 GT/second)

Detected Intel(R) Xeon(R) Silver 4208 CPU @ 2.10GHz "Intel(r) microarchitecture codename Cascade Lake-SP" stepping 7
Socket 0
Max UPI link 0 speed: 0.9 GBytes/second (0.4 GT/second)
Max UPI link 1 speed: 0.9 GBytes/second (0.4 GT/second)
Socket 1
Max UPI link 0 speed: 1.0 GBytes/second (0.4 GT/second)
Max UPI link 1 speed: 1.0 GBytes/second (0.4 GT/second)

Detected Intel(R) Xeon(R) Silver 4208 CPU @ 2.10GHz "Intel(r) microarchitecture codename Cascade Lake-SP" stepping 7

Executing "./VE/b_eff1/b_eff" command:

Executing "./VE/b_eff1/b_eff" command:
Socket 0
Max UPI link 0 speed: 0.7 GBytes/second (0.3 GT/second)
Max UPI link 1 speed: 0.7 GBytes/second (0.3 GT/second)
Socket 1
Max UPI link 0 speed: 1.0 GBytes/second (0.4 GT/second)
Max UPI link 1 speed: 1.0 GBytes/second (0.4 GT/second)

Detected Intel(R) Xeon(R) Silver 4208 CPU @ 2.10GHz "Intel(r) microarchitecture codename Cascade Lake-SP" stepping 7

Executing "./VE/b_eff1/b_eff" command:
Socket 0
Max UPI link 0 speed: 1.1 GBytes/second (0.5 GT/second)
Max UPI link 1 speed: 1.1 GBytes/second (0.5 GT/second)
Socket 1
Max UPI link 0 speed: 0.8 GBytes/second (0.4 GT/second)
Max UPI link 1 speed: 0.8 GBytes/second (0.4Socket  GT/second)

Detected 0Intel(R) Xeon(R) Silver 4208 CPU @ 2.10GHz
Max  "Intel(r) microarchitecture codename UPICascade Lake-SP link " stepping 0 speed: 7
0.8 GBytes/second (0.4 GT/second)
Max UPI link 1 speed: 0.8 GBytes/second (0.4 GT/second)
Socket 1
Max UPI link 0 speed: 0.7 GBytes/second (0.3 GT/second)
Max UPI link 1 speed: 0.7 GBytes/second (0.3 GT/second)

Detected Intel(R) Xeon(R) Silver 4208 CPU @ 2.10GHz "Intel(r) microarchitecture codename Cascade Lake-SP" stepping 7

Executing "./VE/b_eff1/b_eff" command:

Executing "./VE/b_eff1/b_eff" command:
Socket 0
Max UPI link 0 speed: 0.9 GBytes/second (0.4 GT/second)
Max UPI link 1 speed: 0.9 GBytes/second (0.4 GT/second)
Socket 1
Max UPI link 0 speed: 1.0 GBytes/second (0.5 GT/second)
Max UPI link 1 speed: 1.0 GBytes/second (0.5 GT/second)

Detected Intel(R) Xeon(R) Silver 4208 CPU @ 2.10GHz "Intel(r) microarchitecture codename Cascade Lake-SP" stepping 7

Executing "./VE/b_eff1/b_eff" command:
Socket 0
Max UPI link 0 speed: 0.9 GBytes/second (0.4 GT/second)
Max UPI link 1 speed: 0.9 GBytes/second (0.4 GT/second)
Socket 1
Max UPI link 0 speed: 0.7 GBytes/second (0.3 GT/second)
Max UPI link 1 speed: 0.7 GBytes/second (0.3 GT/second)

Detected Intel(R) Xeon(R) Silver 4208 CPU @ 2.10GHz "Intel(r) microarchitecture codename Cascade Lake-SP" stepping 7Socket 
0
Max UPI link 0 speed: 0.7 GBytes/second (0.3 GT/second)
Max UPI link 1 speed: 0.7 GBytes/second (0.3 GT/second)
Socket 1
Max UPI link 0 speed: 0.8 GBytes/second (0.4 GT/second)
Max UPI link 1 speed: 0.8 GBytes/second (0.4 GT/second)

Detected Intel(R) Xeon(R) Silver 4208 CPU @ 2.10GHz "Intel(r) microarchitecture codename Cascade Lake-SP" stepping 7

Executing "./VE/b_eff1/b_eff" command:

Executing "./VE/b_eff1/b_eff" command:
b_eff =  82631.667 MB/s = 10328.958 *   8 PEs with 256 MB/PE on Linux muffin 4.18.0-477.15.1.el8_8.x86_64 #1 SMP Wed Jun 28 15:04:18 UTC 2023 VE
DEBUG: caught signal to interrupt (Child exited).
Cleaning up
 Closed perf event handles
DEBUG: caught signal to interrupt (Child exited).
Cleaning up
 Closed perf event handles
DEBUG: caught signal to interrupt (Child exited).
Cleaning up
 Closed perf event handles
DEBUG: caught signal to interrupt (Child exited).
Cleaning up
 Closed perf event handles
DEBUG: caught signal to interrupt (Child exited).
Cleaning up
 Closed perf event handles
DEBUG: caught signal to interrupt (Child exited).
Cleaning up
DEBUG: caught signal to interrupt (Child exited).
Cleaning up
 Closed perf event handles
 Closed perf event handles
 Zeroed uncore PMU registers
 Zeroed uncore PMU registers
DEBUG: caught signal to interrupt (Child exited).
Cleaning up
 Closed perf event handles
 Zeroed uncore PMU registers
 Zeroed uncore PMU registers
 Zeroed uncore PMU registers
 Zeroed uncore PMU registers
 Zeroed uncore PMU registers
 Zeroed uncore PMU registers
	Command being timed: "/opt/nec/ve/bin/mpirun -np 8 /usr/sbin/pcm 0.1 -csv=./output/8/ve_b_eff_VE_8.csv -- ./VE/b_eff1/b_eff"
	User time (seconds): 5.12
	System time (seconds): 3.40
	Percent of CPU this job got: 10%
	Elapsed (wall clock) time (h:mm:ss or m:ss): 1:19.88
	Average shared text size (kbytes): 0
	Average unshared data size (kbytes): 0
	Average stack size (kbytes): 0
	Average total size (kbytes): 0
	Maximum resident set size (kbytes): 141552
	Average resident set size (kbytes): 0
	Major (requiring I/O) page faults: 0
	Minor (reclaiming a frame) page faults: 5315
	Voluntary context switches: 129769
	Involuntary context switches: 9425
	Swaps: 0
	File system inputs: 0
	File system outputs: 38792
	Socket messages sent: 0
	Socket messages received: 0
	Signals delivered: 0
	Page size (bytes): 4096
	Exit status: 0
