#----------------------------------------------------------------
#    Intel(R) MPI Benchmarks 2018, MPI-1 part
#----------------------------------------------------------------
# Date                  : Wed Mar 13 16:02:05 2024
# Machine               : VE
# System                : Linux
# Release               : 4.18.0-477.15.1.el8_8.x86_64
# Version               : #1 SMP Wed Jun 28 15:04:18 UTC 2023
# MPI Version           : 3.1
# MPI Thread Environment: 


# Calling sequence was: 

# ./VE/mpi-benchmarks-master/src_c/IMB-MPI1 -npmin 8 alltoallv -iter 800000 -time 80000
#                                           -mem 8000

# Minimum message length in bytes:   0
# Maximum message length in bytes:   4194304
#
# MPI_Datatype                   :   MPI_BYTE 
# MPI_Datatype for reductions    :   MPI_FLOAT
# MPI_Op                         :   MPI_SUM  
#
#

# List of Benchmarks to run:

# Alltoallv

#----------------------------------------------------------------
# Benchmarking Alltoallv 
# #processes = 8 
#----------------------------------------------------------------
       #bytes #repetitions  t_min[usec]  t_max[usec]  t_avg[usec]
            0       800000         2.71         2.86         2.78
            1       800000         5.24         5.59         5.42
            2       800000         5.30         5.65         5.47
            4       800000         5.44         5.68         5.56
            8       800000         5.38         5.64         5.51
           16       800000         5.38         5.64         5.51
           32       800000         5.17         5.46         5.32
           64       655360         5.04         5.35         5.18
          128       327680         4.96         5.30         5.14
          256       163840         5.02         5.33         5.17
          512        81920         5.02         5.33         5.17
         1024        40960         5.09         5.42         5.24
         2048        20480         5.11         5.42         5.26
         4096        10240         5.25         5.58         5.39
         8192         5120         5.48         5.84         5.65
        16384         2560         6.31         6.70         6.50
        32768         1280         7.89         8.23         8.05
        65536          640        11.97        12.14        12.04
       131072          320        40.70        42.23        41.76
       262144          160        65.28        73.31        67.97
       524288           80        94.55       104.72        97.63
      1048576           40       152.42       164.56       158.24
      2097152           20       262.39       274.22       268.86
      4194304           10       462.22       480.08       467.98


# All processes entering MPI_Finalize

Zeroed uncore PMU registers
 Zeroed uncore PMU registers
        Command being timed: "/opt/nec/ve/bin/mpirun -n 8 /usr/sbin/pcm 0.1 -csv=intel.csv -- ./VE/mpi-benchmarks-master/src_c/IMB-MPI1 -npmin 8 alltoallv -iter 800000 -time 80000 -mem 8000"
        User time (seconds): 4.06
        System time (seconds): 1.48
        Percent of CPU this job got: 10%
        Elapsed (wall clock) time (h:mm:ss or m:ss): 0:53.60
        Average shared text size (kbytes): 0
        Average unshared data size (kbytes): 0
        Average stack size (kbytes): 0
        Average total size (kbytes): 0
        Maximum resident set size (kbytes): 141568
        Average resident set size (kbytes): 0
        Major (requiring I/O) page faults: 0
        Minor (reclaiming a frame) page faults: 5821
        Voluntary context switches: 87290
        Involuntary context switches: 5139
        Swaps: 0
        File system inputs: 0
        File system outputs: 32912
        Socket messages sent: 0
        Socket messages received: 0
        Signals delivered: 0
        Page size (bytes): 4096
        Exit status: 0