
 Intel(r) Performance Counter Monitor (2022-11-24 10:18:12 +0100 ID=1b16bb4e)


PCM Info: setrlimit for file limit 1000000 failed with error Operation not permitted

=====  Processor information  =====

 Intel(r) Performance Counter Monitor (2022-11-24 10:18:12 +0100 ID=1b16bb4e)


PCM Info: setrlimit for file limit 1000000 failed with error 
Operation not permitted Intel(r) Performance Counter Monitor 

(2022-11-24 10:18:12 +0100 ID=1b16bb4e) Intel(r) Performance Counter Monitor 

(2022-11-24 10:18:12 +0100 ID=1b16bb4e)

 Intel(r) Performance Counter Monitor 


=====  Processor information  =====
 Intel(r) Performance Counter Monitor (2022-11-24 10:18:12 +0100 ID=1b16bb4e)
(2022-11-24 10:18:12 +0100 ID=1b16bb4e)


PCM Info: setrlimit for file limit 

1000000

 failed with error PCM Info: setrlimit for file limit Operation not permitted1000000
 failed with error PCM Info: setrlimit for file limit PCM Info: setrlimit for file limit 1000000Operation not permitted1000000 failed with error 
 failed with error Operation not permitted
=====  Processor information  =====
Operation not permitted


=====  Processor information  =====

=====  Processor information  =====

=====  Processor information  =====

 Intel(r) Performance Counter Monitor (2022-11-24 10:18:12 +0100 ID=1b16bb4e)


Linux arch_perfmon flag  : yes
Hybrid processor         : PCM Info: setrlimit for file limit no1000000
 failed with error IBRS and IBPB supported  : Operation not permittedyes

STIBP supported          : yes
Spec arch caps supported : yes
Max CPUID level          : 22
CPU model number         : 85

=====  Processor information  =====
Linux arch_perfmon flag  : yes
Hybrid processor         : no
IBRS and IBPB supported  : yes
STIBP supported          : Linux arch_perfmon flag  : yesyes

Spec arch caps supported : Hybrid processor         : yesno

Max CPUID level          : IBRS and IBPB supported  : 22yes

CPU model number         : 85STIBP supported          : 
yesLinux arch_perfmon flag  : 
yes
Spec arch caps supported : 
Number of physical cores: yes Intel(r) Performance Counter Monitor Hybrid processor         : 16
(2022-11-24 10:18:12 +0100 ID=1b16bb4e)no
Max CPUID level          : 

Number of logical cores: 22
IBRS and IBPB supported  : 16

yes
CPU model number         : 
Number of online logical cores: 85STIBP supported          : 16
yes
PCM Info: setrlimit for file limit 1000000 failed with error Operation not permitted

Threads (logical cores) per physical core: Spec arch caps supported : 1yes


=====  Processor information  =====
Num sockets: Max CPUID level          : 222

Physical cores per socket: CPU model number         : 885

Last level cache slices per socket: 0
Core PMU (perfmon) version: 4
Number of core PMU generic (programmable) counters: 8
Width of generic (programmable) counters: 48 bits
Number of core PMU fixed counters: 3
Width of fixed counters: 48 bits
Nominal core frequency: 2100000000 Hz
IBRS enabled in the kernel   : no
STIBP enabled in the kernel  : no
The processor is not susceptible to Rogue Data Cache Load: no
The processor supports enhanced IBRS                     : no

=====  Processor topology  =====
OS_Processor    Thread_Id       Core_Id         Tile_Id         Package_Id      Core_Type   Native_CPU_Model
0               0               0               Number of physical cores: 0               0               16invalidNumber of physical cores: 
 Number of logical cores: Number of physical cores:  161616 


 Number of online logical cores: Number of logical cores: Number of logical cores:  161616 


 Threads (logical cores) per physical core: Number of online logical cores: Number of online logical cores:  11616 


-1              Num sockets: Threads (logical cores) per physical core: Threads (logical cores) per physical core: 
211
1               

Physical cores per socket: 0               Num sockets: Num sockets: 81               22
1               

Last level cache slices per socket: 0               Physical cores per socket: Physical cores per socket: 0invalid88
 

Core PMU (perfmon) version:  Last level cache slices per socket: Last level cache slices per socket: 4 00
 

Number of core PMU generic (programmable) counters:  Core PMU (perfmon) version: Core PMU (perfmon) version: 8 44
 

Width of generic (programmable) counters:  Number of core PMU generic (programmable) counters: Number of core PMU generic (programmable) counters: 48 88 bits
-1              

Number of core PMU fixed counters: 
Width of generic (programmable) counters: Width of generic (programmable) counters: 32               4848
0                bits
 bits
Width of fixed counters: 2               Number of core PMU fixed counters: Number of core PMU fixed counters: 482               33 bits
0               

Nominal core frequency: invalidWidth of fixed counters: Width of fixed counters: 2100000000 4848 Hz
  bits
 bits
IBRS enabled in the kernel   :  Nominal core frequency: Nominal core frequency: no 21000000002100000000
  Hz
 Hz
STIBP enabled in the kernel  :  IBRS enabled in the kernel   : IBRS enabled in the kernel   : no nono
 

The processor is not susceptible to Rogue Data Cache Load:  STIBP enabled in the kernel  : STIBP enabled in the kernel  : no-1              nono



The processor supports enhanced IBRS                     : 3               The processor is not susceptible to Rogue Data Cache Load: The processor is not susceptible to Rogue Data Cache Load: no0               nono
3               


=====  Processor topology  =====
3               The processor supports enhanced IBRS                     : The processor supports enhanced IBRS                     : OS_Processor    Thread_Id       Core_Id         Tile_Id         Package_Id      Core_Type   Native_CPU_Model
0               nono0               invalid

0                
=====  Processor topology  =====
0                
=====  Processor topology  =====
OS_Processor    Thread_Id       Core_Id         Tile_Id         Package_Id      Core_Type   Native_CPU_Model
0                OS_Processor    Thread_Id       Core_Id         Tile_Id         Package_Id      Core_Type   Native_CPU_Model
0               0                0               0               invalid  0                0                0                0               -1              invalid
 4                0                4                4                0                0               invalid  0                  0                  invalid -1                 
    1                  0                  1                  1                 -1              0                -1              
invalid 
 1                5                0               -1              0                1               
5                1               5               1                0               0               0                invalidinvalid1                  1                  0                  invalid-1                 
   2                  0                  2                  2                  0               -1              -1               invalid

  2               6                 0               0               -1               2               6               
 2               6               2                0               0               0                invalidinvalid2                                 2               -1               
 -1              0               3                
invalid0               -1              7                3               
0                3               3               7                0               0               7                invalid3               0                 3               invalid  0                  invalid         -1                 
    3                  0                 -1              3                 
3                -1              4               0                
0               invalid-1              8               4                
0               4                4               0               0                0               8               invalid 4               1                 4               invalid  0                  invalid          -1                 
           -1               -1              
-1              
5               
4               9               0               5               0               5               0               0               1               5               4               5               9               0               4               5               1               invalid0               0               invalid invalidinvalid                        -1                 
   6                  0                -1               6               -1              
-1              6               
10              
0               0               5               6               invalid2               0               0                10              5               6                1               5               6                invalid0               0                 invalidinvalid              Linux arch_perfmon flag  :     yes
Hybrid processor         : no
IBRS and IBPB supported  : yes
STIBP supported          : yes
Spec arch caps supported : yes
 Max CPUID level          : 22 
 CPU model number         :  85 
-1              
 6               0               -1               6                
 6                7                0                0                invalid-1              7                -1              
7                
11              0                0               7               invalid 3               0                 11              7                 1               7                 invalid0                  invalid     -1                 
   7                  0                 -1              7                 
7                 8               0                 0               invalid-1               0                
-1              8                12              
1                 0                4               8                12              invalid 0               Linux arch_perfmon flag  : 1                Linux arch_perfmon flag  :  0               yesNumber of physical cores: invalid  yes-1              8               
16  

1               Hybrid processor         : 
  Hybrid processor         : 8               invalidnoNumber of logical cores:   no0                
16  
0                IBRS and IBPB supported  : 
  IBRS and IBPB supported  : 8                yesNumber of online logical cores:   yes1                
16  
invalid STIBP supported          : 
 -1              STIBP supported          :    yesThreads (logical cores) per physical core:  
yes   
1-1              9               
   Spec arch caps supported : 

0               Spec arch caps supported :    yesNum sockets: 13              1               yes -1              
20               9               
-1              
Max CPUID level          : 
5               1               Max CPUID level          : 
9               22Physical cores per socket: 13              8
1               Last level cache slices per socket: invalid0 
 Core PMU (perfmon) version: 4
Number of core PMU generic (programmable) counters: 8
 Width of generic (programmable) counters: invalid 4822   bits

  Number of core PMU fixed counters: CPU model number         :   385 9                

  Width of fixed counters: 0               -1               481               
 0                bits
9               14              
 Linux arch_perfmon flag  : Nominal core frequency: 1               1               0                CPU model number         : yes2100000000invalid9               6               -1              85
 Hz
 1               14              

Hybrid processor         : IBRS enabled in the kernel   :  invalid1               10              nono  invalid0               

   2               IBRS and IBPB supported  : STIBP enabled in the kernel  :    10              yesno   1               

   invalid STIBP supported          : The processor is not susceptible to Rogue Data Cache Load:     yesno      

-1                  Spec arch caps supported : The processor supports enhanced IBRS                     : 
    yesno

=====  Processor topology  =====
OS_Processor    Thread_Id       Core_Id         Tile_Id         Package_Id      Core_Type   Native_CPU_Model
0               0               0               0               0               invalid   -1                 
   10              -1              0               
2               10              1               10              1               0               invalid1               0                1               2                0               10               invalid1                 invalid               -1                
  11                0               -1               3               
-1              11              2               
1               0               11              invalid2               0                2               3                0               11               invalid -1              -1              


15              11              0               1               0               Max CPUID level          : 7                3               22invalid 15              11               
  1               1                CPU model number         :   invalidinvalid 85     
         -1                  
    12                  0                -1                4               -1              
  12              
3               12                1               0               0               -1              -1              invalid3               4               

 3               12              =====  Placement on packages  =====
12               0               1               Package Id.    Core Id.     Processors
0                invalidinvalid0              4                  012                 ,1                  1invalid     ,     2 Number of physical cores:   Number of physical cores:  ,Number of physical cores:   1616 -1              163  

 

,-1               Number of logical cores: Number of logical cores: 13              Number of logical cores: -1              4
 16160               16
, 13              

5               
5 4               0               Number of online logical cores: Number of online logical cores: 13              Number of online logical cores: ,-1              0               5               16161               166
4               13              

invalid
,13              4               1               Threads (logical cores) per physical core: Threads (logical cores) per physical core:  Threads (logical cores) per physical core: 70               0               invalid11 1
5               invalid  

 
1              13                Num sockets: Num sockets:  Num sockets: 01                 22 2,invalid  

 
1   Physical cores per socket: Physical cores per socket:  Physical cores per socket: ,   88 82    

 
,   Last level cache slices per socket: Last level cache slices per socket: -1              Last level cache slices per socket: 3,  -1              00
04  


14              0               
, -1              14              Core PMU (perfmon) version: Core PMU (perfmon) version: 6               Core PMU (perfmon) version: 5 
0               4414              4,-1              5               6               

1               
6
0               14              Number of core PMU generic (programmable) counters: Number of core PMU generic (programmable) counters: invalidNumber of core PMU generic (programmable) counters: ,14              5               1               88 870               5               invalid

 

6               0                Width of generic (programmable) counters: Width of generic (programmable) counters:  Width of generic (programmable) counters: 
=====  Core/Tile sharing  =====
14              invalid 4848 48Level      Processors
Core       1                  bits
 bits
  bits
(invalid  Number of core PMU fixed counters: Number of core PMU fixed counters:  Number of core PMU fixed counters: 0   33 3)   

 
(   Width of fixed counters: Width of fixed counters:  Width of fixed counters: 1   4848-1              48)    bits
 bits

 bits
(  -1              Nominal core frequency: Nominal core frequency: 15              Nominal core frequency: 2  
210000000021000000000               2100000000) -1              15               Hz
 Hz
7                Hz
( 
0               IBRS enabled in the kernel   : IBRS enabled in the kernel   : 15              IBRS enabled in the kernel   : 3-1              6               7               nono1               no)
0               15              

invalid
(15              6               1               STIBP enabled in the kernel  : STIBP enabled in the kernel  :  STIBP enabled in the kernel  : 40               6               invalidnono no)7               0                

 
(15              invalid The processor is not susceptible to Rogue Data Cache Load: The processor is not susceptible to Rogue Data Cache Load:  The processor is not susceptible to Rogue Data Cache Load: 5)1                 nono no(invalid  

 
6   The processor supports enhanced IBRS                     : The processor supports enhanced IBRS                     :  The processor supports enhanced IBRS                     : )   nono no(   

 
7   
=====  Processor topology  =====

=====  Processor topology  =====
-1              
=====  Processor topology  =====
)   OS_Processor    Thread_Id       Core_Id         Tile_Id         Package_Id      Core_Type   Native_CPU_Model
OS_Processor    Thread_Id       Core_Id         Tile_Id         Package_Id      Core_Type   Native_CPU_Model

OS_Processor    Thread_Id       Core_Id         Tile_Id         Package_Id      Core_Type   Native_CPU_Model
(  -1              0               0               =====  Placement on packages  =====
0               8  
0               0               Package Id.    Core Id.     Processors
0               ) -1              =====  Placement on packages  =====
0               0               0              0               ( 
Package Id.    Core Id.     Processors
0               0               00               9)-1              7               0              0               0               ,0               (
0               0invalidinvalid1invalid10=====  Placement on packages  =====
7               ,  , )Package Id.    Core Id.     Processors
0              07               1  2 (,0               ,  , 11)1invalid2  3 (, ,  , 122 3  4 ), ,  , (3 4  5 13, ,  , )4 5-1              -1              6-1              (, ,

,
141               5 61               71               )0               , ,0               
0               (1               6-1              71               1              1               151               0               ,

1               01               )invalid    78               1              0               ,0               
Tile / L2$   
0               0invalid1invalid(  1              0               , , 0 08               1 2 )-1              ,1               , , (
1invalid2 3 12               , , , )0               2 3 4 (2               2               , , , 20               3 4 5 )invalid , , , (     4 5-1              6-1              3  , ,
,
) 5 62               72               (-1              , ,0               
0               4
6-1              72               
=====  Core/Tile sharing  =====
2               )3               ,

2               Level      Processors
Core       2               (0               79               
=====  Core/Tile sharing  =====
0               (0               53               
0               Level      Processors
Core       invalid0invalid)3               
=====  Core/Tile sharing  =====
1               ( ) (0               invalidLevel      Processors
Core       9               0 ( 6     (1               ) 1 )  0invalid( ) ( ) 1 ( 7 ( ) 2 )-1              1 ( ) (
) 2 ( 84               ( ) 3 )0               2 (-1              )-1              (4               4               ) 3
(
90               ( )3               43               )invalid    3 (0               )0               (  )-1              43               (3               10 (
)3               53               )  410              (0               )0               (-1              )0               5invalid(invalid11
(2               ) 6 )5               510              ( ) (0               )1               6 ( 125               (invalid) 7 )5               6 ( ) (0               ) 7 ( 13invalid    ( ) 8 )  7      -1              
11              0               3               11              1               invalid         -1              
12              0               4               12              1               invalid         -1              
13              0               5               13              1               invalid         -1              
14              0               6               14              1               invalid         -1              
15              0               7               15              1               invalid         -1              
=====  Placement on packages  =====
Package Id.    Core Id.     Processors
0              0,1(,2,83),(49,)5(,106),(711
)1              ( 012) , )((-1               1 )(149
 ,-1              (13))4                2
8)((0               4               -1              ,4               )(15104               0               
30               (14))invalid    6               ,4               9)
(  0               44               )(
11  6               ,0               (15)Package thermal spec power:  6               5invalid    10)(0-1              0               ,  )
Tile / L2$ 12 Watt; 
invalid6 (()Package minimum power: 5                ,  110(00                7-1              ))13 Watt; 5                

(()Package maximum power: 5                
=====  Core/Tile sharing  =====
5               121(00                Level      Processors
Core       0               ))14 Watt;
invalid     (5               (()  05               132(    )0               ))15  (invalid  (()-1              -1              1    143
Tile / L2$ 

)  ))(6               7               ( ((00               0               2-1              154)6               7               )

))(6               7               (6               
Tile / L2$ (10               0               30               Can't open MCFG table. Check permission of (5)invalid    invalid)6               /sys/firmware/acpi/tables/MCFG0)(   (6               
)(2   40               Can't open MCFG table. Check permission of (6)  )invalid/sys/firmware/acpi/tables/MCFG11)(-1               ( 
)(3
 5 Can't open MCFG table. Check permission of (7)7                ) /pcm/sys/firmware/acpi/tables/MCFG2)(0                ( 
)(47                6 Can't open MCFG table. Check permission of (8)7                ) /pcm/sys/firmware/acpi/tables/MCFG13)(0               -1              ( 
)(5invalid    
7  WARNING: enumeration of devices in UncorePMUDiscovery failed
(9)  8               )-1              4)(  0               (
)(6 0               87               (10)-1              8               )0               5)(
1               (7               )(78               invalid97               (11)0                )0               6)(0                (invalid)(88                10     (12)1                )  7)(invalid   ( )(9      11 (13)   )-1              8)(-1               (
)(9)(10
 128               (14)9               -1              )0               10)(0               
(0               )(111               9               138               (15)9               0               )1               11)(1               1               (invalid    )
12invalid9               14  (
) Package thermal spec power: 1               ) 12( 0invalid( )13  Watt;  15 () Package minimum power:  )-1              13( 0 
Tile / L2$ 
)14  Watt;  (9               ()  INFO: Linux perf interface to program uncore PMUs is Package maximum power:  00               14( present
0 )1               )15-1              
INFO: using Linux perf interface to program uncore PMUs because env variable PCM_USE_UNCORE_PERF=1
 Watt;
 (9               ()10              INFO: Secure Boot detected. Using Linux perf for uncore PMU programming.
 11               15
0                )invalid)
2               -1              ( 
10              Package thermal spec power: 
2 
1               010              ) Package thermal spec power: invalid Watt; 0               ( 0 Package minimum power: 2               3  Watt;  010              ) Package minimum power:   Watt; 1               ( 0 Package maximum power: invalid4  Watt;  0 ) Package maximum power:   Watt;
 (-1              0  5
 Watt;
   )10              -1               (0               
 62               11               )10              0                (1               3                7invalid11              -1              ) 1               
( invalid    11              8   0               )   3               (  11              9 -1              1               )
 
invalid( 12               10Can't open MCFG table. Check permission of  0               
 )/sys/firmware/acpi/tables/MCFG-1              4                (

12               11Can't open MCFG table. Check permission of Can't open MCFG table. Check permission of 11              1                )/sys/firmware/acpi/tables/MCFG/sys/firmware/acpi/tables/MCFG10               invalid     (

3                  12Can't open MCFG table. Check permission of Can't open MCFG table. Check permission of 11                 )/sys/firmware/acpi/tables/MCFG1/pcm/sys/firmware/acpi/tables/MCFG1                -1               (

invalid
-1              13Can't open MCFG table. Check permission of Can't open MCFG table. Check permission of  13              
)/pcm/sys/firmware/acpi/tables/MCFG/pcm/sys/firmware/acpi/tables/MCFG1 0               12              (

 5               0               14Can't open MCFG table. Check permission of  13              4               )/pcm/sys/firmware/acpi/tables/MCFG1 1               12              (

 invalidWARNING: enumeration of devices in UncorePMUDiscovery failed
1               15     invalid)     Can't open MCFG table. Check permission of 
 WARNING: enumeration of devices in UncorePMUDiscovery failed
   /sys/firmware/acpi/tables/MCFG
-1              -1               

Package thermal spec power: 
 Can't open MCFG table. Check permission of 12              014               /sys/firmware/acpi/tables/MCFG10                Watt; 0                
4               Package minimum power: 6                Can't open MCFG table. Check permission of 12              014               /pcm/sys/firmware/acpi/tables/MCFG1                Watt; 1                
invalidPackage maximum power: invalid  -1              Can't open MCFG table. Check permission of  0 
/pcm/sys/firmware/acpi/tables/MCFG1  Watt;
      13              
 -1              0                
5                15              13               0               1                7               invalid 15               WARNING: enumeration of devices in UncorePMUDiscovery failed
 1                -1              invalid 
  13                0                 5                 13                1                 invalid -1                
  14               -1              0                
6                =====  Placement on packages  =====
14               Package Id.    Core Id.     Processors
1                0              invalid 
0  , -1              1 
, 14              2 0               , 6               3Can't open MCFG table. Check permission of  14              ,/sys/firmware/acpi/tables/MCFG 1               4
 invalid    ,Can't open MCFG table. Check permission of -1                5/sys/firmware/acpi/tables/MCFG1
 ,
15                6Can't open MCFG table. Check permission of 0               -1              ,/pcm/sys/firmware/acpi/tables/MCFG7               
7
15              15              
Can't open MCFG table. Check permission of 1               0               1              /pcm/sys/firmware/acpi/tables/MCFG1invalid7               0
 15              ,  1               1 invalid,   2      ,WARNING: enumeration of devices in UncorePMUDiscovery failed
  3  ,-1               4
-1              ,=====  Placement on packages  =====

5Package Id.    Core Id.     Processors
=====  Placement on packages  =====
,0              Package Id.    Core Id.     Processors
600              ,,071,
,1
=====  Core/Tile sharing  =====
2,Level      Processors
Core       ,2(3,0,3)4,(,415,),5(6,2,6)7,(
731              
)01              (,041,),1(2,5,2)3,(,364,5,6,7

=====  Core/Tile sharing  =====
Level      Processors
Core       (0)(1)(2)(3)(4)(5)(6)(7)(8)(9)(10)(11)(12)(13)(14)(15)
Tile / L2$ (0)(1)(2)(3)(4)(5)(6)(7)(8)(9)(10)(11)(12)(13)(14)(15)

Package thermal spec power: 0 Watt; Package minimum power: 0 Watt; Package maximum power: 0 Watt;
,4),(5INFO: Linux perf interface to program uncore PMUs is 7,)INFO: Linux perf interface to program uncore PMUs is present
6(INFO: Linux perf interface to program uncore PMUs is INFO: using Linux perf interface to program uncore PMUs because env variable PCM_USE_UNCORE_PERF=1
,INFO: Linux perf interface to program uncore PMUs is present
8present
INFO: Secure Boot detected. Using Linux perf for uncore PMU programming.
7INFO: using Linux perf interface to program uncore PMUs because env variable PCM_USE_UNCORE_PERF=1
)present
INFO: using Linux perf interface to program uncore PMUs because env variable PCM_USE_UNCORE_PERF=1
INFO: using Linux perf interface to program uncore PMUs because env variable PCM_USE_UNCORE_PERF=1

INFO: Secure Boot detected. Using Linux perf for uncore PMU programming.
(INFO: Secure Boot detected. Using Linux perf for uncore PMU programming.
INFO: Secure Boot detected. Using Linux perf for uncore PMU programming.

=====  Core/Tile sharing  =====
9Level      Processors
Core       )((0
10))((111))((212))((313))Can't open MCFG table. Check permission of ((/sys/firmware/acpi/tables/MCFG414
))Can't open MCFG table. Check permission of ((/sys/firmware/acpi/tables/MCFG1515
))Can't open MCFG table. Check permission of (
Tile / L2$ /pcm/sys/firmware/acpi/tables/MCFG6(
)0Can't open MCFG table. Check permission of ()/pcm/sys/firmware/acpi/tables/MCFG17(
)1()8()2()9()3(WARNING: enumeration of devices in UncorePMUDiscovery failed
)10()4()11()5()12()6()13()7()14()8()15()9
Tile / L2$ )((010))((111))((212))((313))((414))((515))(
6
)(Package thermal spec power: 70) Watt; (Package minimum power: 80) Watt; (Package maximum power: 90) Watt;
(10)(11)(12)(13)(14)(15)

Package thermal spec power: 0 Watt; Package minimum power: 0 Watt; Package maximum power: 0 Watt;


Can't open MCFG table. Check permission of /sys/firmware/acpi/tables/MCFG
Can't open MCFG table. Check permission of /sys/firmware/acpi/tables/MCFG1
Can't open MCFG table. Check permission of /pcm/sys/firmware/acpi/tables/MCFG
Can't open MCFG table. Check permission of /pcm/sys/firmware/acpi/tables/MCFG1
Can't open MCFG table. Check permission of /sys/firmware/acpi/tables/MCFG
Can't open MCFG table. Check permission of /sys/firmware/acpi/tables/MCFG1
Can't open MCFG table. Check permission of WARNING: enumeration of devices in UncorePMUDiscovery failed
/pcm/sys/firmware/acpi/tables/MCFG
Can't open MCFG table. Check permission of /pcm/sys/firmware/acpi/tables/MCFG1
WARNING: enumeration of devices in UncorePMUDiscovery failed
Socket 0: 2 memory controllers detected with total number of 6 channels. 2 UPI ports detected. 2 M2M (mesh to memory) blocks detected. 0 Home Agents detected. 2 M3UPI blocks detected.
INFO: Linux perf interface to program uncore PMUs is present
INFO: using Linux perf interface to program uncore PMUs because env variable PCM_USE_UNCORE_PERF=1
INFO: Secure Boot detected. Using Linux perf for uncore PMU programming.
INFO: Linux perf interface to program uncore PMUs is present
INFO: using Linux perf interface to program uncore PMUs because env variable PCM_USE_UNCORE_PERF=1
INFO: Secure Boot detected. Using Linux perf for uncore PMU programming.
INFO: Linux perf interface to program uncore PMUs is present
INFO: using Linux perf interface to program uncore PMUs because env variable PCM_USE_UNCORE_PERF=1
INFO: Secure Boot detected. Using Linux perf for uncore PMU programming.
Socket 0: 2 memory controllers detected with total number of 6 channels. 2 UPI ports detected. 2 M2M (mesh to memory) blocks detected. 0 Home Agents detected. 2 M3UPI blocks detected.
Socket 0: 2 memory controllers detected with total number of 6 channels. 2 UPI ports detected. 2 M2M (mesh to memory) blocks detected. 0 Home Agents detected. 2 M3UPI blocks detected.
Socket 0: 2 memory controllers detected with total number of 6 channels. 2 UPI ports detected. 2 M2M (mesh to memory) blocks detected. 0 Home Agents detected. 2 M3UPI blocks detected.
Socket 0: 2 memory controllers detected with total number of 6 channels. 2 UPI ports detected. 2 M2M (mesh to memory) blocks detected. 0 Home Agents detected. 2 M3UPI blocks detected.
Socket 0: 2 memory controllers detected with total number of 6 channels. 2 UPI ports detected. 2 M2M (mesh to memory) blocks detected. 0 Home Agents detected. 2 M3UPI blocks detected.
Socket 1: 2 memory controllers detected with total number of 6 channels. 2 UPI ports detected. 2 M2M (mesh to memory) blocks detected. 0 Home Agents detected. 2 M3UPI blocks detected.
Socket 0: 2 memory controllers detected with total number of 6 channels. 2 UPI ports detected. 2 M2M (mesh to memory) blocks detected. 0 Home Agents detected. 2 M3UPI blocks detected.
Socket 0: 2 memory controllers detected with total number of 6 channels. 2 UPI ports detected. 2 M2M (mesh to memory) blocks detected. 0 Home Agents detected. 2 M3UPI blocks detected.
Socket 1: 2Socket  memory controllers detected with total number of 16:  channels. 22 memory controllers detected with total number of  6UPI channels.  ports detected.2  2UPI M2M (mesh to memory) blocks detected.  ports detected.0  Home Agents detected. 22 M2M (mesh to memory) blocks detected.  M3UPI blocks detected.
0 Home Agents detected. 2 M3UPI blocks detected.
Socket 1: 2 memory controllers detected with total number of 6 channels. 2 UPI ports detected. 2 M2M (mesh to memory) blocks detected. 0 Home Agents detected. 2 M3UPI blocks detected.
Socket 1: 2 memory controllers detected with total number of 6 channels. 2 UPI ports detected. 2 M2M (mesh to memory) blocks detected. 0 Home Agents detected. 2 M3UPI blocks detected.
Socket 1: 2 memory controllers detected with total number of 6 channels. 2 UPI ports detected. 2 M2M (mesh to memory) blocks detected. 0 Home Agents detected. 2 M3UPI blocks detected.
Socket 1: 2 memory controllers detected with total number of 6 channels. 2 UPI ports detected. 2 M2M (mesh to memory) blocks detected. 0 Home Agents detected. 2 M3UPI blocks detected.
Socket 1: 2 memory controllers detected with total number of 6 channels. 2 UPI ports detected. 2 M2M (mesh to memory) blocks detected. 0 Home Agents detected. 2 M3UPI blocks detected.
INFO: using Linux resctrl driver for RDT metrics (L3OCC, LMB, RMB) because environment variable PCM_USE_RESCTRL=1
ERROR: /sys/fs/resctrl is not mounted
ERROR: RDT metrics (L3OCC,LMB,RMB) will not be available
Mount it to make it work: mount -t resctrl resctrl /sys/fs/resctrl
INFO: using Linux resctrl driver for RDT metrics (L3OCC, LMB, RMB) because environment variable PCM_USE_RESCTRL=1
ERROR: /sys/fs/resctrl is not mounted
ERROR: RDT metrics (L3OCC,LMB,RMB) will not be available
Mount it to make it work: mount -t resctrl resctrl /sys/fs/resctrl
INFO: using Linux resctrl driver for RDT metrics (L3OCC, LMB, RMB) because environment variable PCM_USE_RESCTRL=1
ERROR: /sys/fs/resctrl is not mounted
ERROR: RDT metrics (L3OCC,LMB,RMB) will not be available
Mount it to make it work: mount -t resctrl resctrl /sys/fs/resctrl
INFO: using Linux resctrl driver for RDT metrics (L3OCC, LMB, RMB) because environment variable PCM_USE_RESCTRL=1
ERROR: /sys/fs/resctrl is not mounted
ERROR: RDT metrics (L3OCC,LMB,RMB) will not be available
Mount it to make it work: mount -t resctrl resctrl /sys/fs/resctrl




 Closed perf event handles
Trying to use Linux perf events...
 Closed perf event handles
Trying to use Linux perf events...
 Closed perf event handles
Trying to use Linux perf events...
 Closed perf event handles
Trying to use Linux perf events...
INFO: using Linux resctrl driver for RDT metrics (L3OCC, LMB, RMB) because environment variable PCM_USE_RESCTRL=1
ERROR: /sys/fs/resctrl is not mounted
ERROR: RDT metrics (L3OCC,LMB,RMB) will not be available
Mount it to make it work: mount -t resctrl resctrl /sys/fs/resctrl

 Closed perf event handles
Trying to use Linux perf events...
INFO: using Linux resctrl driver for RDT metrics (L3OCC, LMB, RMB) because environment variable PCM_USE_RESCTRL=1
ERROR: /sys/fs/resctrl is not mounted
ERROR: RDT metrics (L3OCC,LMB,RMB) will not be available
Mount it to make it work: mount -t resctrl resctrl /sys/fs/resctrl
INFO: using Linux resctrl driver for RDT metrics (L3OCC, LMB, RMB) because environment variable PCM_USE_RESCTRL=1
ERROR: /sys/fs/resctrl is not mounted
ERROR: RDT metrics (L3OCC,LMB,RMB) will not be available
Mount it to make it work: mount -t resctrl resctrl /sys/fs/resctrl
Successfully programmed on-core PMU using Linux perf
INFO: using Linux resctrl driver for RDT metrics (L3OCC, LMB, RMB) because environment variable PCM_USE_RESCTRL=1
ERROR: /sys/fs/resctrl is not mounted
ERROR: RDT metrics (L3OCC,LMB,RMB) will not be available
Mount it to make it work: mount -t resctrl resctrl /sys/fs/resctrl

 Closed perf event handles
Trying to use Linux perf events...


 Closed perf event handles
Trying to use Linux perf events...
 Closed perf event handles
Trying to use Linux perf events...
Successfully programmed on-core PMU using Linux perf
Successfully programmed on-core PMU using Linux perf
Successfully programmed on-core PMU using Linux perf
Successfully programmed on-core PMU using Linux perf
Successfully programmed on-core PMU using Linux perf
Successfully programmed on-core PMU using Linux perf
Successfully programmed on-core PMU using Linux perf
Socket 0
Max UPI link 0 speed: 1.2 GBytes/second (0.6 GT/second)
Max UPI link 1 speed: 1.2 GBytes/second (0.6 GT/second)
Socket 1
Max UPI link 0 speed: 1.1 GBytes/second (0.5 GT/second)
Max UPI link 1 speed: 1.1 GBytes/second (0.5 GT/second)

Detected Intel(R) Xeon(R) Silver 4208 CPU @ 2.10GHz "Intel(r) microarchitecture codename Cascade Lake-SP" stepping 7

Executing "./VE/miniAMR/ref/miniAMR.x" command:
Socket 0
Max UPI link 0 speed: 1.3 GBytes/second (0.6 GT/second)
Max UPI link 1 speed: 1.3 GBytes/second (0.6 GT/second)
Socket 1
Max UPI link 0 speed: 1.4 GBytes/second (0.6 GT/second)
Max UPI link 1 speed: 1.4 GBytes/second (0.6 GT/second)
Socket 
Detected Socket Intel(R) Xeon(R) Silver 4208 CPU @ 2.10GHz0 "Intel(r) microarchitecture codename 
Cascade Lake-SPMax " stepping UPI0 link 7
0
Max  speed: UPI link 0 speed: 1.2 GBytes/second (0.61.4 GT/second)
 GBytes/second (Max 0.6UPI GT/second)
 link Max 1UPI speed:  link 1.21 GBytes/second ( speed: 0.61.4 GT/second)
 GBytes/second (Socket 0.61 GT/second)

Socket Max 1UPI
 link Max 0UPI speed:  link 1.30 GBytes/second ( speed: 0.61.3 GT/second)
 GBytes/second (Max 0.6UPI GT/second)
 link Max 1UPI speed:  link 1.31 GBytes/second ( speed: 0.61.3 GT/second)
 GBytes/second (0.6 GT/second)

Detected 
Detected Intel(R) Xeon(R) Silver 4208 CPU @ 2.10GHz "Intel(r) microarchitecture codename Intel(R) Xeon(R) Silver 4208 CPU @ 2.10GHzCascade Lake-SP "Intel(r) microarchitecture codename " stepping Cascade Lake-SP7" stepping 
7

Executing "./VE/miniAMR/ref/miniAMR.x" command:

Executing "./VE/miniAMR/ref/miniAMR.x" command:

Executing "./VE/miniAMR/ref/miniAMR.x" command:
Socket 0
Max UPI link 0 speed: 1.4 GBytes/second (0.6 GT/second)
Max UPI link 1 speed: 1.4 GBytes/second (0.6 GT/second)
Socket 1
Max UPI link 0 speed: 1.2 GBytes/second (0.5 GT/second)
Max UPI link 1 speed: 1.2 GBytes/second (0.5 GT/second)

Detected Intel(R) Xeon(R) Silver 4208 CPU @ 2.10GHz "Intel(r) microarchitecture codename Cascade Lake-SP" stepping 7

Executing "./VE/miniAMR/ref/miniAMR.x" command:
Socket 0
Max UPI link 0 speed: 1.2 GBytes/second (0.6 GT/second)
Max UPI link 1 speed: 1.2 GBytes/second (0.6 GT/second)
Socket 1
Max UPI link 0 speed: 1.4 GBytes/second (0.6 GT/second)
Max UPI link 1 speed: 1.4 GBytes/second (0.6 GT/second)

Detected Intel(R) Xeon(R) Silver 4208 CPU @ 2.10GHz "Intel(r) microarchitecture codename Cascade Lake-SP" stepping 7
Socket 
Executing "0
./VE/miniAMR/ref/miniAMR.xMax " command:
UPI link 0 speed: 1.5 GBytes/second (0.7 GT/second)
Max UPI link 1 speed: 1.5 GBytes/second (0.7 GT/second)
Socket 1
Max UPI link 0 speed: 1.3 GBytes/second (0.6 GT/second)
Max UPI link 1 speed: 1.3 GBytes/second (0.6 GT/second)

Detected Intel(R) Xeon(R) Silver 4208 CPU @ 2.10GHz "Intel(r) microarchitecture codename Cascade Lake-SP" stepping 7

Executing "./VE/miniAMR/ref/miniAMR.x" command:
Socket 0
Max UPI link 0 speed: 1.2 GBytes/second (0.6 GT/second)
Max UPI link 1 speed: 1.2 GBytes/second (0.6 GT/second)
Socket 1
Max UPI link 0 speed: 1.6 GBytes/second (0.7 GT/second)
Max UPI link 1 speed: 1.6 GBytes/second (0.7 GT/second)

Detected Intel(R) Xeon(R) Silver 4208 CPU @ 2.10GHz "Intel(r) microarchitecture codename Cascade Lake-SP" stepping 7

Executing "./VE/miniAMR/ref/miniAMR.x" command:
Number of blocks at level 0 at timestep 0 is 8
Number of blocks at level 1 at timestep 0 is 0
Number of blocks at level 2 at timestep 0 is 0
Number of blocks at level 3 at timestep 0 is 0
Number of blocks at level 4 at timestep 0 is 0
Total number of blocks at timestep 0 is 8
comm partners x ave   1.00 min 1 max 1
comm partners y ave   1.00 min 1 max 1
comm partners z ave   1.00 min 1 max 1
comm partners total ave   3.00 min 3 max 3
comm partners unique ave   3.00 min 3 max 3

Timestep 1 time 0.000000 delta 1.000000
Timestep 2 time 1.000000 delta 1.000000
Timestep 3 time 2.000000 delta 1.000000
Timestep 4 time 3.000000 delta 1.000000
Timestep 5 time 4.000000 delta 1.000000
Number of blocks at level 0 at timestep 5 is 8
Number of blocks at level 1 at timestep 5 is 0
Number of blocks at level 2 at timestep 5 is 0
Number of blocks at level 3 at timestep 5 is 0
Number of blocks at level 4 at timestep 5 is 0
Total number of blocks at timestep 5 is 8
comm partners x ave   1.00 min 1 max 1
comm partners y ave   1.00 min 1 max 1
comm partners z ave   1.00 min 1 max 1
comm partners total ave   3.00 min 3 max 3
comm partners unique ave   3.00 min 3 max 3

Timestep 6 time 5.000000 delta 1.000000
Timestep 7 time 6.000000 delta 1.000000
Timestep 8 time 7.000000 delta 1.000000
Timestep 9 time 8.000000 delta 1.000000
Timestep 10 time 9.000000 delta 1.000000
Number of blocks at level 0 at timestep 10 is 8
Number of blocks at level 1 at timestep 10 is 0
Number of blocks at level 2 at timestep 10 is 0
Number of blocks at level 3 at timestep 10 is 0
Number of blocks at level 4 at timestep 10 is 0
Total number of blocks at timestep 10 is 8
comm partners x ave   1.00 min 1 max 1
comm partners y ave   1.00 min 1 max 1
comm partners z ave   1.00 min 1 max 1
comm partners total ave   3.00 min 3 max 3
comm partners unique ave   3.00 min 3 max 3

Timestep 11 time 10.000000 delta 1.000000
Timestep 12 time 11.000000 delta 1.000000
Timestep 13 time 12.000000 delta 1.000000
Timestep 14 time 13.000000 delta 1.000000
Timestep 15 time 14.000000 delta 1.000000
Number of blocks at level 0 at timestep 15 is 8
Number of blocks at level 1 at timestep 15 is 0
Number of blocks at level 2 at timestep 15 is 0
Number of blocks at level 3 at timestep 15 is 0
Number of blocks at level 4 at timestep 15 is 0
Total number of blocks at timestep 15 is 8
comm partners x ave   1.00 min 1 max 1
comm partners y ave   1.00 min 1 max 1
comm partners z ave   1.00 min 1 max 1
comm partners total ave   3.00 min 3 max 3
comm partners unique ave   3.00 min 3 max 3

Timestep 16 time 15.000000 delta 1.000000
Timestep 17 time 16.000000 delta 1.000000
Timestep 18 time 17.000000 delta 1.000000
Timestep 19 time 18.000000 delta 1.000000
Timestep 20 time 19.000000 delta 1.000000
Number of blocks at level 0 at timestep 20 is 7
Number of blocks at level 1 at timestep 20 is 7
Number of blocks at level 2 at timestep 20 is 7
Number of blocks at level 3 at timestep 20 is 7
Number of blocks at level 4 at timestep 20 is 8
Total number of blocks at timestep 20 is 36
before ave 4 min 1 max 29
after ave 4 min 4 max 5
max sets on a rank 2, num sets over ranks 1 on 1 ranks
comm partners x ave   2.50 min 1 max 5
comm partners y ave   2.50 min 1 max 5
comm partners z ave   2.50 min 1 max 4
comm partners total ave   7.50 min 6 max 9
comm partners unique ave   4.25 min 2 max 6

Timestep 21 time 20.000000 delta 1.000000
Timestep 22 time 21.000000 delta 1.000000
Timestep 23 time 22.000000 delta 1.000000
Timestep 24 time 23.000000 delta 1.000000
Timestep 25 time 24.000000 delta 1.000000
Number of blocks at level 0 at timestep 25 is 7
Number of blocks at level 1 at timestep 25 is 7
Number of blocks at level 2 at timestep 25 is 7
Number of blocks at level 3 at timestep 25 is 7
Number of blocks at level 4 at timestep 25 is 8
Total number of blocks at timestep 25 is 36
max sets on a rank 2, num sets over ranks 1 on 1 ranks
comm partners x ave   2.50 min 1 max 5
comm partners y ave   2.50 min 1 max 5
comm partners z ave   2.50 min 1 max 4
comm partners total ave   7.50 min 6 max 9
comm partners unique ave   4.25 min 2 max 6

Timestep 26 time 25.000000 delta 1.000000
Timestep 27 time 26.000000 delta 1.000000
Timestep 28 time 27.000000 delta 1.000000
Timestep 29 time 28.000000 delta 1.000000
Timestep 30 time 29.000000 delta 1.000000
Number of blocks at level 0 at timestep 30 is 7
Number of blocks at level 1 at timestep 30 is 7
Number of blocks at level 2 at timestep 30 is 7
Number of blocks at level 3 at timestep 30 is 7
Number of blocks at level 4 at timestep 30 is 8
Total number of blocks at timestep 30 is 36
max sets on a rank 2, num sets over ranks 1 on 1 ranks
comm partners x ave   2.50 min 1 max 5
comm partners y ave   2.50 min 1 max 5
comm partners z ave   2.50 min 1 max 4
comm partners total ave   7.50 min 6 max 9
comm partners unique ave   4.25 min 2 max 6

Timestep 31 time 30.000000 delta 1.000000
Timestep 32 time 31.000000 delta 1.000000
Timestep 33 time 32.000000 delta 1.000000
Timestep 34 time 33.000000 delta 1.000000
Timestep 35 time 34.000000 delta 1.000000
Number of blocks at level 0 at timestep 35 is 7
Number of blocks at level 1 at timestep 35 is 7
Number of blocks at level 2 at timestep 35 is 7
Number of blocks at level 3 at timestep 35 is 7
Number of blocks at level 4 at timestep 35 is 8
Total number of blocks at timestep 35 is 36
max sets on a rank 2, num sets over ranks 1 on 1 ranks
comm partners x ave   2.50 min 1 max 5
comm partners y ave   2.50 min 1 max 5
comm partners z ave   2.50 min 1 max 4
comm partners total ave   7.50 min 6 max 9
comm partners unique ave   4.25 min 2 max 6

Timestep 36 time 35.000000 delta 1.000000
Timestep 37 time 36.000000 delta 1.000000
Timestep 38 time 37.000000 delta 1.000000
Timestep 39 time 38.000000 delta 1.000000
Timestep 40 time 39.000000 delta 1.000000
Number of blocks at level 0 at timestep 40 is 7
Number of blocks at level 1 at timestep 40 is 7
Number of blocks at level 2 at timestep 40 is 7
Number of blocks at level 3 at timestep 40 is 7
Number of blocks at level 4 at timestep 40 is 8
Total number of blocks at timestep 40 is 36
max sets on a rank 2, num sets over ranks 1 on 1 ranks
comm partners x ave   2.50 min 1 max 5
comm partners y ave   2.50 min 1 max 5
comm partners z ave   2.50 min 1 max 4
comm partners total ave   7.50 min 6 max 9
comm partners unique ave   4.25 min 2 max 6

Timestep 41 time 40.000000 delta 1.000000
Timestep 42 time 41.000000 delta 1.000000
Timestep 43 time 42.000000 delta 1.000000
Timestep 44 time 43.000000 delta 1.000000
Timestep 45 time 44.000000 delta 1.000000
Number of blocks at level 0 at timestep 45 is 7
Number of blocks at level 1 at timestep 45 is 7
Number of blocks at level 2 at timestep 45 is 7
Number of blocks at level 3 at timestep 45 is 7
Number of blocks at level 4 at timestep 45 is 8
Total number of blocks at timestep 45 is 36
max sets on a rank 2, num sets over ranks 1 on 1 ranks
comm partners x ave   2.50 min 1 max 5
comm partners y ave   2.50 min 1 max 5
comm partners z ave   2.50 min 1 max 4
comm partners total ave   7.50 min 6 max 9
comm partners unique ave   4.25 min 2 max 6

Timestep 46 time 45.000000 delta 1.000000
Timestep 47 time 46.000000 delta 1.000000
Timestep 48 time 47.000000 delta 1.000000
Timestep 49 time 48.000000 delta 1.000000
Timestep 50 time 49.000000 delta 1.000000
Number of blocks at level 0 at timestep 50 is 7
Number of blocks at level 1 at timestep 50 is 7
Number of blocks at level 2 at timestep 50 is 7
Number of blocks at level 3 at timestep 50 is 7
Number of blocks at level 4 at timestep 50 is 8
Total number of blocks at timestep 50 is 36
max sets on a rank 2, num sets over ranks 1 on 1 ranks
comm partners x ave   2.50 min 1 max 5
comm partners y ave   2.50 min 1 max 5
comm partners z ave   2.50 min 1 max 4
comm partners total ave   7.50 min 6 max 9
comm partners unique ave   4.25 min 2 max 6

Timestep 51 time 50.000000 delta 1.000000
Timestep 52 time 51.000000 delta 1.000000
Timestep 53 time 52.000000 delta 1.000000
Timestep 54 time 53.000000 delta 1.000000
Timestep 55 time 54.000000 delta 1.000000
Number of blocks at level 0 at timestep 55 is 7
Number of blocks at level 1 at timestep 55 is 7
Number of blocks at level 2 at timestep 55 is 7
Number of blocks at level 3 at timestep 55 is 7
Number of blocks at level 4 at timestep 55 is 8
Total number of blocks at timestep 55 is 36
max sets on a rank 2, num sets over ranks 1 on 1 ranks
comm partners x ave   2.50 min 1 max 5
comm partners y ave   2.50 min 1 max 5
comm partners z ave   2.50 min 1 max 4
comm partners total ave   7.50 min 6 max 9
comm partners unique ave   4.25 min 2 max 6

Timestep 56 time 55.000000 delta 1.000000
Timestep 57 time 56.000000 delta 1.000000
Timestep 58 time 57.000000 delta 1.000000
Timestep 59 time 58.000000 delta 1.000000
Timestep 60 time 59.000000 delta 1.000000
Number of blocks at level 0 at timestep 60 is 7
Number of blocks at level 1 at timestep 60 is 7
Number of blocks at level 2 at timestep 60 is 7
Number of blocks at level 3 at timestep 60 is 7
Number of blocks at level 4 at timestep 60 is 8
Total number of blocks at timestep 60 is 36
max sets on a rank 2, num sets over ranks 1 on 1 ranks
comm partners x ave   2.50 min 1 max 5
comm partners y ave   2.50 min 1 max 5
comm partners z ave   2.50 min 1 max 4
comm partners total ave   7.50 min 6 max 9
comm partners unique ave   4.25 min 2 max 6

Timestep 61 time 60.000000 delta 1.000000
Timestep 62 time 61.000000 delta 1.000000
Timestep 63 time 62.000000 delta 1.000000
Timestep 64 time 63.000000 delta 1.000000
Timestep 65 time 64.000000 delta 1.000000
Number of blocks at level 0 at timestep 65 is 7
Number of blocks at level 1 at timestep 65 is 7
Number of blocks at level 2 at timestep 65 is 7
Number of blocks at level 3 at timestep 65 is 7
Number of blocks at level 4 at timestep 65 is 8
Total number of blocks at timestep 65 is 36
max sets on a rank 2, num sets over ranks 1 on 1 ranks
comm partners x ave   2.50 min 1 max 5
comm partners y ave   2.50 min 1 max 5
comm partners z ave   2.50 min 1 max 4
comm partners total ave   7.50 min 6 max 9
comm partners unique ave   4.25 min 2 max 6

Timestep 66 time 65.000000 delta 1.000000
Timestep 67 time 66.000000 delta 1.000000
Timestep 68 time 67.000000 delta 1.000000
Timestep 69 time 68.000000 delta 1.000000
Timestep 70 time 69.000000 delta 1.000000
Number of blocks at level 0 at timestep 70 is 7
Number of blocks at level 1 at timestep 70 is 7
Number of blocks at level 2 at timestep 70 is 7
Number of blocks at level 3 at timestep 70 is 7
Number of blocks at level 4 at timestep 70 is 8
Total number of blocks at timestep 70 is 36
max sets on a rank 2, num sets over ranks 1 on 1 ranks
comm partners x ave   2.50 min 1 max 5
comm partners y ave   2.50 min 1 max 5
comm partners z ave   2.50 min 1 max 4
comm partners total ave   7.50 min 6 max 9
comm partners unique ave   4.25 min 2 max 6

Timestep 71 time 70.000000 delta 1.000000
Timestep 72 time 71.000000 delta 1.000000
Timestep 73 time 72.000000 delta 1.000000
Timestep 74 time 73.000000 delta 1.000000
Timestep 75 time 74.000000 delta 1.000000
Number of blocks at level 0 at timestep 75 is 7
Number of blocks at level 1 at timestep 75 is 7
Number of blocks at level 2 at timestep 75 is 7
Number of blocks at level 3 at timestep 75 is 7
Number of blocks at level 4 at timestep 75 is 8
Total number of blocks at timestep 75 is 36
max sets on a rank 2, num sets over ranks 1 on 1 ranks
comm partners x ave   2.50 min 1 max 5
comm partners y ave   2.50 min 1 max 5
comm partners z ave   2.50 min 1 max 4
comm partners total ave   7.50 min 6 max 9
comm partners unique ave   4.25 min 2 max 6

Timestep 76 time 75.000000 delta 1.000000
Timestep 77 time 76.000000 delta 1.000000
Timestep 78 time 77.000000 delta 1.000000
Timestep 79 time 78.000000 delta 1.000000
Timestep 80 time 79.000000 delta 1.000000
Number of blocks at level 0 at timestep 80 is 7
Number of blocks at level 1 at timestep 80 is 7
Number of blocks at level 2 at timestep 80 is 7
Number of blocks at level 3 at timestep 80 is 7
Number of blocks at level 4 at timestep 80 is 8
Total number of blocks at timestep 80 is 36
max sets on a rank 2, num sets over ranks 1 on 1 ranks
comm partners x ave   2.50 min 1 max 5
comm partners y ave   2.50 min 1 max 5
comm partners z ave   2.50 min 1 max 4
comm partners total ave   7.50 min 6 max 9
comm partners unique ave   4.25 min 2 max 6

Timestep 81 time 80.000000 delta 1.000000
Timestep 82 time 81.000000 delta 1.000000
Timestep 83 time 82.000000 delta 1.000000
Timestep 84 time 83.000000 delta 1.000000
Timestep 85 time 84.000000 delta 1.000000
Number of blocks at level 0 at timestep 85 is 4
Number of blocks at level 1 at timestep 85 is 28
Number of blocks at level 2 at timestep 85 is 28
Number of blocks at level 3 at timestep 85 is 28
Number of blocks at level 4 at timestep 85 is 32
Total number of blocks at timestep 85 is 120
before ave 15 min 4 max 25
after ave 15 min 15 max 15
max sets on a rank 2, num sets over ranks 1 on 1 ranks
comm partners x ave   3.50 min 1 max 6
comm partners y ave   2.75 min 1 max 5
comm partners z ave   3.25 min 1 max 5
comm partners total ave   9.50 min 5 max 14
comm partners unique ave   4.50 min 3 max 6

Timestep 86 time 85.000000 delta 1.000000
Timestep 87 time 86.000000 delta 1.000000
Timestep 88 time 87.000000 delta 1.000000
Timestep 89 time 88.000000 delta 1.000000
Timestep 90 time 89.000000 delta 1.000000
Number of blocks at level 0 at timestep 90 is 4
Number of blocks at level 1 at timestep 90 is 28
Number of blocks at level 2 at timestep 90 is 28
Number of blocks at level 3 at timestep 90 is 28
Number of blocks at level 4 at timestep 90 is 32
Total number of blocks at timestep 90 is 120
max sets on a rank 2, num sets over ranks 1 on 1 ranks
comm partners x ave   3.50 min 1 max 6
comm partners y ave   2.75 min 1 max 5
comm partners z ave   3.25 min 1 max 5
comm partners total ave   9.50 min 5 max 14
comm partners unique ave   4.50 min 3 max 6

Timestep 91 time 90.000000 delta 1.000000
Timestep 92 time 91.000000 delta 1.000000
Timestep 93 time 92.000000 delta 1.000000
Timestep 94 time 93.000000 delta 1.000000
Timestep 95 time 94.000000 delta 1.000000
Number of blocks at level 0 at timestep 95 is 4
Number of blocks at level 1 at timestep 95 is 28
Number of blocks at level 2 at timestep 95 is 28
Number of blocks at level 3 at timestep 95 is 28
Number of blocks at level 4 at timestep 95 is 32
Total number of blocks at timestep 95 is 120
max sets on a rank 2, num sets over ranks 1 on 1 ranks
comm partners x ave   3.50 min 1 max 6
comm partners y ave   2.75 min 1 max 5
comm partners z ave   3.25 min 1 max 5
comm partners total ave   9.50 min 5 max 14
comm partners unique ave   4.50 min 3 max 6

Timestep 96 time 95.000000 delta 1.000000
Timestep 97 time 96.000000 delta 1.000000
Timestep 98 time 97.000000 delta 1.000000
Timestep 99 time 98.000000 delta 1.000000
Timestep 100 time 99.000000 delta 1.000000
Number of blocks at level 0 at timestep 100 is 4
Number of blocks at level 1 at timestep 100 is 28
Number of blocks at level 2 at timestep 100 is 28
Number of blocks at level 3 at timestep 100 is 28
Number of blocks at level 4 at timestep 100 is 32
Total number of blocks at timestep 100 is 120
max sets on a rank 2, num sets over ranks 1 on 1 ranks
comm partners x ave   3.50 min 1 max 6
comm partners y ave   2.75 min 1 max 5
comm partners z ave   3.25 min 1 max 5
comm partners total ave   9.50 min 5 max 14
comm partners unique ave   4.50 min 3 max 6

Timestep 101 time 100.000000 delta 1.000000
Timestep 102 time 101.000000 delta 1.000000
Timestep 103 time 102.000000 delta 1.000000
Timestep 104 time 103.000000 delta 1.000000
Timestep 105 time 104.000000 delta 1.000000
Number of blocks at level 0 at timestep 105 is 4
Number of blocks at level 1 at timestep 105 is 28
Number of blocks at level 2 at timestep 105 is 28
Number of blocks at level 3 at timestep 105 is 28
Number of blocks at level 4 at timestep 105 is 32
Total number of blocks at timestep 105 is 120
max sets on a rank 2, num sets over ranks 1 on 1 ranks
comm partners x ave   3.50 min 1 max 6
comm partners y ave   2.75 min 1 max 5
comm partners z ave   3.25 min 1 max 5
comm partners total ave   9.50 min 5 max 14
comm partners unique ave   4.50 min 3 max 6

Timestep 106 time 105.000000 delta 1.000000
Timestep 107 time 106.000000 delta 1.000000
Timestep 108 time 107.000000 delta 1.000000
Timestep 109 time 108.000000 delta 1.000000
Timestep 110 time 109.000000 delta 1.000000
Number of blocks at level 0 at timestep 110 is 4
Number of blocks at level 1 at timestep 110 is 28
Number of blocks at level 2 at timestep 110 is 28
Number of blocks at level 3 at timestep 110 is 28
Number of blocks at level 4 at timestep 110 is 32
Total number of blocks at timestep 110 is 120
max sets on a rank 2, num sets over ranks 1 on 1 ranks
comm partners x ave   3.50 min 1 max 6
comm partners y ave   2.75 min 1 max 5
comm partners z ave   3.25 min 1 max 5
comm partners total ave   9.50 min 5 max 14
comm partners unique ave   4.50 min 3 max 6

Timestep 111 time 110.000000 delta 1.000000
Timestep 112 time 111.000000 delta 1.000000
Timestep 113 time 112.000000 delta 1.000000
Timestep 114 time 113.000000 delta 1.000000
Timestep 115 time 114.000000 delta 1.000000
Number of blocks at level 0 at timestep 115 is 4
Number of blocks at level 1 at timestep 115 is 28
Number of blocks at level 2 at timestep 115 is 28
Number of blocks at level 3 at timestep 115 is 25
Number of blocks at level 4 at timestep 115 is 56
Total number of blocks at timestep 115 is 141
before ave 17 min 15 max 22
after ave 17 min 17 max 18
max sets on a rank 2, num sets over ranks 1 on 1 ranks
comm partners x ave   3.75 min 2 max 5
comm partners y ave   4.00 min 2 max 6
comm partners z ave   3.25 min 2 max 5
comm partners total ave  11.00 min 7 max 16
comm partners unique ave   4.75 min 3 max 6

Timestep 116 time 115.000000 delta 1.000000
Timestep 117 time 116.000000 delta 1.000000
Timestep 118 time 117.000000 delta 1.000000
Timestep 119 time 118.000000 delta 1.000000
Timestep 120 time 119.000000 delta 1.000000
Number of blocks at level 0 at timestep 120 is 4
Number of blocks at level 1 at timestep 120 is 28
Number of blocks at level 2 at timestep 120 is 28
Number of blocks at level 3 at timestep 120 is 25
Number of blocks at level 4 at timestep 120 is 56
Total number of blocks at timestep 120 is 141
max sets on a rank 2, num sets over ranks 1 on 1 ranks
comm partners x ave   3.75 min 2 max 5
comm partners y ave   4.00 min 2 max 6
comm partners z ave   3.25 min 2 max 5
comm partners total ave  11.00 min 7 max 16
comm partners unique ave   4.75 min 3 max 6

Timestep 121 time 120.000000 delta 1.000000
Timestep 122 time 121.000000 delta 1.000000
Timestep 123 time 122.000000 delta 1.000000
Timestep 124 time 123.000000 delta 1.000000
Timestep 125 time 124.000000 delta 1.000000
Number of blocks at level 0 at timestep 125 is 4
Number of blocks at level 1 at timestep 125 is 28
Number of blocks at level 2 at timestep 125 is 28
Number of blocks at level 3 at timestep 125 is 25
Number of blocks at level 4 at timestep 125 is 56
Total number of blocks at timestep 125 is 141
max sets on a rank 2, num sets over ranks 1 on 1 ranks
comm partners x ave   3.75 min 2 max 5
comm partners y ave   4.00 min 2 max 6
comm partners z ave   3.25 min 2 max 5
comm partners total ave  11.00 min 7 max 16
comm partners unique ave   4.75 min 3 max 6

Timestep 126 time 125.000000 delta 1.000000
Timestep 127 time 126.000000 delta 1.000000
Timestep 128 time 127.000000 delta 1.000000
Timestep 129 time 128.000000 delta 1.000000
Timestep 130 time 129.000000 delta 1.000000
Number of blocks at level 0 at timestep 130 is 4
Number of blocks at level 1 at timestep 130 is 28
Number of blocks at level 2 at timestep 130 is 28
Number of blocks at level 3 at timestep 130 is 25
Number of blocks at level 4 at timestep 130 is 56
Total number of blocks at timestep 130 is 141
max sets on a rank 2, num sets over ranks 1 on 1 ranks
comm partners x ave   3.75 min 2 max 5
comm partners y ave   4.00 min 2 max 6
comm partners z ave   3.25 min 2 max 5
comm partners total ave  11.00 min 7 max 16
comm partners unique ave   4.75 min 3 max 6

Timestep 131 time 130.000000 delta 1.000000
Timestep 132 time 131.000000 delta 1.000000
Timestep 133 time 132.000000 delta 1.000000
Timestep 134 time 133.000000 delta 1.000000
Timestep 135 time 134.000000 delta 1.000000
Number of blocks at level 0 at timestep 135 is 4
Number of blocks at level 1 at timestep 135 is 28
Number of blocks at level 2 at timestep 135 is 28
Number of blocks at level 3 at timestep 135 is 25
Number of blocks at level 4 at timestep 135 is 56
Total number of blocks at timestep 135 is 141
max sets on a rank 2, num sets over ranks 1 on 1 ranks
comm partners x ave   3.75 min 2 max 5
comm partners y ave   4.00 min 2 max 6
comm partners z ave   3.25 min 2 max 5
comm partners total ave  11.00 min 7 max 16
comm partners unique ave   4.75 min 3 max 6

Timestep 136 time 135.000000 delta 1.000000
Timestep 137 time 136.000000 delta 1.000000
Timestep 138 time 137.000000 delta 1.000000
Timestep 139 time 138.000000 delta 1.000000
Timestep 140 time 139.000000 delta 1.000000
Number of blocks at level 0 at timestep 140 is 4
Number of blocks at level 1 at timestep 140 is 28
Number of blocks at level 2 at timestep 140 is 28
Number of blocks at level 3 at timestep 140 is 25
Number of blocks at level 4 at timestep 140 is 56
Total number of blocks at timestep 140 is 141
before ave 17 min 11 max 24
after ave 17 min 17 max 18
max sets on a rank 2, num sets over ranks 1 on 1 ranks
comm partners x ave   3.75 min 2 max 5
comm partners y ave   4.50 min 3 max 6
comm partners z ave   3.25 min 2 max 5
comm partners total ave  11.50 min 9 max 15
comm partners unique ave   5.00 min 3 max 7

Timestep 141 time 140.000000 delta 1.000000
Timestep 142 time 141.000000 delta 1.000000
Timestep 143 time 142.000000 delta 1.000000
Timestep 144 time 143.000000 delta 1.000000
Timestep 145 time 144.000000 delta 1.000000
Number of blocks at level 0 at timestep 145 is 4
Number of blocks at level 1 at timestep 145 is 28
Number of blocks at level 2 at timestep 145 is 28
Number of blocks at level 3 at timestep 145 is 25
Number of blocks at level 4 at timestep 145 is 56
Total number of blocks at timestep 145 is 141
max sets on a rank 2, num sets over ranks 1 on 1 ranks
comm partners x ave   3.75 min 2 max 5
comm partners y ave   4.50 min 3 max 6
comm partners z ave   3.25 min 2 max 5
comm partners total ave  11.50 min 9 max 15
comm partners unique ave   5.00 min 3 max 7

Timestep 146 time 145.000000 delta 1.000000
Timestep 147 time 146.000000 delta 1.000000
Timestep 148 time 147.000000 delta 1.000000
Timestep 149 time 148.000000 delta 1.000000
Timestep 150 time 149.000000 delta 1.000000
Number of blocks at level 0 at timestep 150 is 4
Number of blocks at level 1 at timestep 150 is 28
Number of blocks at level 2 at timestep 150 is 28
Number of blocks at level 3 at timestep 150 is 25
Number of blocks at level 4 at timestep 150 is 56
Total number of blocks at timestep 150 is 141
max sets on a rank 2, num sets over ranks 1 on 1 ranks
comm partners x ave   3.75 min 2 max 5
comm partners y ave   4.50 min 3 max 6
comm partners z ave   3.25 min 2 max 5
comm partners total ave  11.50 min 9 max 15
comm partners unique ave   5.00 min 3 max 7

Timestep 151 time 150.000000 delta 1.000000
Timestep 152 time 151.000000 delta 1.000000
Timestep 153 time 152.000000 delta 1.000000
Timestep 154 time 153.000000 delta 1.000000
Timestep 155 time 154.000000 delta 1.000000
Number of blocks at level 0 at timestep 155 is 4
Number of blocks at level 1 at timestep 155 is 28
Number of blocks at level 2 at timestep 155 is 28
Number of blocks at level 3 at timestep 155 is 22
Number of blocks at level 4 at timestep 155 is 80
Total number of blocks at timestep 155 is 162
before ave 20 min 17 max 25
after ave 20 min 20 max 21
comm partners x ave   3.50 min 2 max 6
comm partners y ave   3.50 min 1 max 5
comm partners z ave   3.50 min 1 max 6
comm partners total ave  10.50 min 7 max 16
comm partners unique ave   4.75 min 4 max 6

Timestep 156 time 155.000000 delta 1.000000
Timestep 157 time 156.000000 delta 1.000000
Timestep 158 time 157.000000 delta 1.000000
Timestep 159 time 158.000000 delta 1.000000
Timestep 160 time 159.000000 delta 1.000000
Number of blocks at level 0 at timestep 160 is 4
Number of blocks at level 1 at timestep 160 is 28
Number of blocks at level 2 at timestep 160 is 28
Number of blocks at level 3 at timestep 160 is 22
Number of blocks at level 4 at timestep 160 is 80
Total number of blocks at timestep 160 is 162
comm partners x ave   3.50 min 2 max 6
comm partners y ave   3.50 min 1 max 5
comm partners z ave   3.50 min 1 max 6
comm partners total ave  10.50 min 7 max 16
comm partners unique ave   4.75 min 4 max 6

Timestep 161 time 160.000000 delta 1.000000
Timestep 162 time 161.000000 delta 1.000000
Timestep 163 time 162.000000 delta 1.000000
Timestep 164 time 163.000000 delta 1.000000
Timestep 165 time 164.000000 delta 1.000000
Number of blocks at level 0 at timestep 165 is 4
Number of blocks at level 1 at timestep 165 is 28
Number of blocks at level 2 at timestep 165 is 28
Number of blocks at level 3 at timestep 165 is 22
Number of blocks at level 4 at timestep 165 is 80
Total number of blocks at timestep 165 is 162
comm partners x ave   3.50 min 2 max 6
comm partners y ave   3.50 min 1 max 5
comm partners z ave   3.50 min 1 max 6
comm partners total ave  10.50 min 7 max 16
comm partners unique ave   4.75 min 4 max 6

Timestep 166 time 165.000000 delta 1.000000
Timestep 167 time 166.000000 delta 1.000000
Timestep 168 time 167.000000 delta 1.000000
Timestep 169 time 168.000000 delta 1.000000
Timestep 170 time 169.000000 delta 1.000000
Number of blocks at level 0 at timestep 170 is 4
Number of blocks at level 1 at timestep 170 is 28
Number of blocks at level 2 at timestep 170 is 28
Number of blocks at level 3 at timestep 170 is 22
Number of blocks at level 4 at timestep 170 is 80
Total number of blocks at timestep 170 is 162
comm partners x ave   3.50 min 2 max 6
comm partners y ave   3.50 min 1 max 5
comm partners z ave   3.50 min 1 max 6
comm partners total ave  10.50 min 7 max 16
comm partners unique ave   4.75 min 4 max 6

Timestep 171 time 170.000000 delta 1.000000
Timestep 172 time 171.000000 delta 1.000000
Timestep 173 time 172.000000 delta 1.000000
Timestep 174 time 173.000000 delta 1.000000
Timestep 175 time 174.000000 delta 1.000000
Number of blocks at level 0 at timestep 175 is 4
Number of blocks at level 1 at timestep 175 is 28
Number of blocks at level 2 at timestep 175 is 25
Number of blocks at level 3 at timestep 175 is 40
Number of blocks at level 4 at timestep 175 is 128
Total number of blocks at timestep 175 is 225
before ave 28 min 20 max 41
after ave 28 min 28 max 29
max sets on a rank 2, num sets over ranks 1 on 1 ranks
comm partners x ave   4.00 min 3 max 6
comm partners y ave   3.75 min 2 max 6
comm partners z ave   3.00 min 1 max 5
comm partners total ave  10.75 min 7 max 15
comm partners unique ave   5.00 min 4 max 6

Timestep 176 time 175.000000 delta 1.000000
Timestep 177 time 176.000000 delta 1.000000
Timestep 178 time 177.000000 delta 1.000000
Timestep 179 time 178.000000 delta 1.000000
Timestep 180 time 179.000000 delta 1.000000
Number of blocks at level 0 at timestep 180 is 4
Number of blocks at level 1 at timestep 180 is 28
Number of blocks at level 2 at timestep 180 is 25
Number of blocks at level 3 at timestep 180 is 40
Number of blocks at level 4 at timestep 180 is 128
Total number of blocks at timestep 180 is 225
max sets on a rank 2, num sets over ranks 1 on 1 ranks
comm partners x ave   4.00 min 3 max 6
comm partners y ave   3.75 min 2 max 6
comm partners z ave   3.00 min 1 max 5
comm partners total ave  10.75 min 7 max 15
comm partners unique ave   5.00 min 4 max 6

Timestep 181 time 180.000000 delta 1.000000
Timestep 182 time 181.000000 delta 1.000000
Timestep 183 time 182.000000 delta 1.000000
Timestep 184 time 183.000000 delta 1.000000
Timestep 185 time 184.000000 delta 1.000000
Number of blocks at level 0 at timestep 185 is 4
Number of blocks at level 1 at timestep 185 is 28
Number of blocks at level 2 at timestep 185 is 25
Number of blocks at level 3 at timestep 185 is 40
Number of blocks at level 4 at timestep 185 is 128
Total number of blocks at timestep 185 is 225
max sets on a rank 2, num sets over ranks 1 on 1 ranks
comm partners x ave   4.00 min 3 max 6
comm partners y ave   3.75 min 2 max 6
comm partners z ave   3.00 min 1 max 5
comm partners total ave  10.75 min 7 max 15
comm partners unique ave   5.00 min 4 max 6

Timestep 186 time 185.000000 delta 1.000000
Timestep 187 time 186.000000 delta 1.000000
Timestep 188 time 187.000000 delta 1.000000
Timestep 189 time 188.000000 delta 1.000000
Timestep 190 time 189.000000 delta 1.000000
Number of blocks at level 0 at timestep 190 is 4
Number of blocks at level 1 at timestep 190 is 28
Number of blocks at level 2 at timestep 190 is 25
Number of blocks at level 3 at timestep 190 is 40
Number of blocks at level 4 at timestep 190 is 128
Total number of blocks at timestep 190 is 225
before ave 28 min 12 max 36
after ave 28 min 28 max 29
max sets on a rank 2, num sets over ranks 1 on 1 ranks
comm partners x ave   3.75 min 2 max 6
comm partners y ave   4.00 min 1 max 6
comm partners z ave   3.00 min 1 max 4
comm partners total ave  10.75 min 5 max 15
comm partners unique ave   5.25 min 4 max 7

Timestep 191 time 190.000000 delta 1.000000
Timestep 192 time 191.000000 delta 1.000000
Timestep 193 time 192.000000 delta 1.000000
Timestep 194 time 193.000000 delta 1.000000
Timestep 195 time 194.000000 delta 1.000000
Number of blocks at level 0 at timestep 195 is 4
Number of blocks at level 1 at timestep 195 is 28
Number of blocks at level 2 at timestep 195 is 25
Number of blocks at level 3 at timestep 195 is 40
Number of blocks at level 4 at timestep 195 is 128
Total number of blocks at timestep 195 is 225
max sets on a rank 2, num sets over ranks 1 on 1 ranks
comm partners x ave   3.75 min 2 max 6
comm partners y ave   4.00 min 1 max 6
comm partners z ave   3.00 min 1 max 4
comm partners total ave  10.75 min 5 max 15
comm partners unique ave   5.25 min 4 max 7

Timestep 196 time 195.000000 delta 1.000000
Timestep 197 time 196.000000 delta 1.000000
Timestep 198 time 197.000000 delta 1.000000
Timestep 199 time 198.000000 delta 1.000000
Timestep 200 time 199.000000 delta 1.000000
Number of blocks at level 0 at timestep 200 is 4
Number of blocks at level 1 at timestep 200 is 28
Number of blocks at level 2 at timestep 200 is 25
Number of blocks at level 3 at timestep 200 is 40
Number of blocks at level 4 at timestep 200 is 128
Total number of blocks at timestep 200 is 225
max sets on a rank 2, num sets over ranks 1 on 1 ranks
comm partners x ave   3.75 min 2 max 6
comm partners y ave   4.00 min 1 max 6
comm partners z ave   3.00 min 1 max 4
comm partners total ave  10.75 min 5 max 15
comm partners unique ave   5.25 min 4 max 7


 ================ Start report ===================

          Mantevo miniAMR
          version 1.7.0 (modified)

Run on 8 ranks arranged in a 2 x 2 x 2 grid
initial blocks per rank 1 x 1 x 1
block size 8 x 8 x 8
Initial ranks arranged by RCB across machine

change_dir 0 group_blocks 0 limit_move 0
Maximum number of blocks per rank is 9000
Number of levels of refinement is 4
Blocks can change by 4 levels per refinement step

Blocks will be refined by 1 objects

Object 0 is the surface of a spheroid
Object may leave mesh
Center starting at -0.010000 -0.010000 -0.010000
Center end at -0.010000 -0.010000 -0.010000
Moving at 0.000000 0.000000 0.000000 per timestep
   Rate relative to smallest cell size 0.000000 0.000000 0.000000
Initial size 0.000000 0.000000 0.000000
Final size 0.180000 0.180000 0.180000
Size increasing 0.000900 0.000900 0.000900 per timestep
   Rate relative to smallest cell size 0.460800 0.460800 0.460800


Number of timesteps is 200
Communicaion/computation stages per timestep is 20
Communication will be performed with nonblocking sends
Will perform checksums every 5 stages
Will refine every 5 timesteps
Load balance by RCB (Recursive Coordinate Bisection)
Load balance when inbalanced by 0%
Will not plot results
Calculate on 40 variables with 7 point stencil
Communicate 2 variables at a time
Error tolorance for variable sums is 10^(-8)

Total time for test: ave, std, min, max (sec): 25.167369 0.000000 25.167369 25.167369


Number of malloc calls: ave, std, min, max (sec): 39969080.000000 0.000000 39969080.000000 39969080.000000

Amount malloced: ave, std, min, max: 3290488476.000000 0.000000 3290488476.000000 3290488476.000000

Malloc calls in init: ave, std, min, max (sec): 39969080.000000 0.000000 39969080.000000 39969080.000000

Amount malloced in init: ave, std, min, max: 3290488476.000000 0.000000 3290488476.000000 3290488476.000000

Malloc calls in timestepping: ave, std, min, max (sec): 0.000000 0.000000 0.000000 0.000000

Amount malloced in timestepping: ave, std, min, max: 0.000000 0.000000 0.000000 0.000000

Main (parse, allocate) Time: ave, stddev, min, max (sec): 23.721062 1.062842 21.910388 25.383945

Initailize Time: ave, stddev, min, max (sec): 1.669893 1.062940 0.006596 3.480547

---------------------------------------------
          Computational Performance
---------------------------------------------

     Time: ave, stddev, min, max (sec): 6.702949 0.153766 6.474459 6.894919

     total GFLOPS:             8.208520
     Average GFLOPS per rank:  1.026065

     Total floating point ops: 59078656000.000000

        Adds:                  50638848000.000000
        Muls:                  0.000000
        Divides:               8439808000.000000

     Sum of min/max compute times per ts: 6.460085 6.943442

---------------------------------------------
           Interblock communication
---------------------------------------------

     Time: ave, stddev, min, max (sec): 16.320452 0.257373 15.949537 16.661416


Total communication:

                              average    stddev  minimum  maximum
     Total                  : 16.181434 0.254981 15.808639 16.524306
     Post IRecv             : 0.409069 0.130357 0.244807 0.599683
     Pack faces             : 1.833270 0.329793 1.420445 2.351669
     Send messages          : 0.982389 0.316772 0.686286 1.705003
     Exchange same level    : 2.031795 0.231391 1.759575 2.551982
     Exchange diff level    : 1.172068 0.267679 0.637218 1.538612
     Apply BC               : 1.387946 0.383298 0.602620 1.857585
     Wait time              : 3.685658 0.718571 2.337855 4.914185
     Unpack faces           : 2.201369 0.332403 1.737605 2.770694

     Comm partners total ave: 8.841463 1.684914 6.536585 11.292683
     Comm partners total min: 3.000000 0.000000 3.000000 3.000000
     Comm partners total max: 12.750000 1.984313 10.000000 16.000000
     Comm partners uniq ave : 4.457317 0.795375 2.926829 5.463415
     Comm partners uniq min : 2.875000 0.330719 2.000000 3.000000
     Comm partners uniq max : 5.750000 0.968246 4.000000 7.000000
     Messages received      : 703500.000000 134728.430556 514000.000000 896000.000000
     Bytes received         : 1600000000.000000 197549081.050761 1391104000.000000 1901056000.000000
     Faces received         : 2270500.000000 440884.055053 1604000.000000 2920000.000000
     Messages sent          : 703500.000000 134728.430556 514000.000000 896000.000000
     Bytes sent             : 1600000000.000000 197549081.050761 1391104000.000000 1901056000.000000
     Faces sent             : 2270500.000000 440884.055053 1604000.000000 2920000.000000
     Faces exchanged same   : 2357500.000000 396691.000654 1876000.000000 3092000.000000
     Faces exchanged diff   : 1282000.000000 263028.515564 764000.000000 1688000.000000
     Faces with BC applied  : 1106250.000000 209385.857927 618000.000000 1338000.000000

X direction communication statistics:

                              average    stddev  minimum  maximum
     Total                  : 4.867561 0.318245 4.230072 5.215417
     Post IRecv             : 0.089525 0.010226 0.075162 0.103421
     Pack faces             : 0.554824 0.113603 0.387254 0.712987
     Send messages          : 0.230980 0.047671 0.166345 0.297218
     Exchange same level    : 0.731410 0.086210 0.653737 0.933801
     Exchange diff level    : 0.355379 0.228781 0.116390 0.806936
     Apply BC               : 0.364910 0.176362 0.006028 0.558981
     Wait time              : 1.240873 0.211633 1.030687 1.723237
     Unpack faces           : 0.464528 0.098163 0.331418 0.596370

     Comm partners average  : 3.042683 0.779034 2.121951 4.268293
     Comm partners minimum  : 1.000000 0.000000 1.000000 1.000000
     Comm partners maximum  : 4.625000 0.992157 3.000000 6.000000
     Messages received      : 242000.000000 62777.384463 170000.000000 344000.000000
     Bytes received         : 437376000.000000 109590053.855266 261632000.000000 598528000.000000
     Faces received         : 658500.000000 204572.114424 456000.000000 1004000.000000
     Messages sent          : 242000.000000 62777.384463 170000.000000 344000.000000
     Bytes sent             : 437376000.000000 109590053.855266 261632000.000000 598528000.000000
     Faces sent             : 658500.000000 204572.114424 456000.000000 1004000.000000
     Faces exchanged same   : 878000.000000 154298.412176 716000.000000 1184000.000000
     Faces exchanged diff   : 433500.000000 328389.631383 64000.000000 1120000.000000
     Faces with BC applied  : 368750.000000 181171.017274 8000.000000 576000.000000

Y direction communication statistics:

                              average    stddev  minimum  maximum
     Total                  : 5.993893 0.235403 5.645996 6.350135
     Post IRecv             : 0.159737 0.085014 0.067479 0.284703
     Pack faces             : 0.853048 0.183791 0.622104 1.118914
     Send messages          : 0.457685 0.136961 0.265531 0.683282
     Exchange same level    : 0.690742 0.105097 0.500222 0.863640
     Exchange diff level    : 0.433488 0.316595 0.051700 0.944692
     Apply BC               : 0.372074 0.239089 0.005887 0.653319
     Wait time              : 1.569504 0.426220 0.930305 2.231821
     Unpack faces           : 0.626900 0.124550 0.476962 0.839068

     Comm partners average  : 3.018293 0.953308 1.951220 4.682927
     Comm partners minimum  : 1.000000 0.000000 1.000000 1.000000
     Comm partners maximum  : 5.000000 0.866025 3.000000 6.000000
     Messages received      : 239500.000000 76411.713762 154000.000000 372000.000000
     Bytes received         : 555264000.000000 126185929.104635 312832000.000000 743424000.000000
     Faces received         : 778500.000000 212176.223927 508000.000000 1118000.000000
     Messages sent          : 239500.000000 76411.713762 154000.000000 372000.000000
     Bytes sent             : 555264000.000000 126185929.104635 312832000.000000 743424000.000000
     Faces sent             : 778500.000000 212176.223927 508000.000000 1118000.000000
     Faces exchanged same   : 764500.000000 192649.292758 412000.000000 1064000.000000
     Faces exchanged diff   : 427000.000000 345385.292101 24000.000000 996000.000000
     Faces with BC applied  : 368750.000000 250563.240520 8000.000000 732000.000000

Z direction communication statistics:

                              average    stddev  minimum  maximum
     Total                  : 5.319980 0.382000 4.627947 5.979089
     Post IRecv             : 0.159808 0.047698 0.095246 0.255000
     Pack faces             : 0.425398 0.077377 0.321414 0.561856
     Send messages          : 0.293724 0.204745 0.149781 0.820611
     Exchange same level    : 0.609643 0.080060 0.484888 0.754541
     Exchange diff level    : 0.383201 0.276315 0.047486 0.765957
     Apply BC               : 0.650961 0.459343 0.013247 1.300599
     Wait time              : 0.875281 0.408583 0.345542 1.651678
     Unpack faces           : 1.109941 0.160171 0.883560 1.378762

     Comm partners average  : 2.780488 0.799036 1.853659 4.146341
     Comm partners minimum  : 1.000000 0.000000 1.000000 1.000000
     Comm partners maximum  : 4.375000 0.856957 3.000000 6.000000
     Messages received      : 222000.000000 63835.726674 150000.000000 332000.000000
     Bytes received         : 607360000.000000 73544103.992094 479744000.000000 696832000.000000
     Faces received         : 833500.000000 166369.318085 604000.000000 1084000.000000
     Messages sent          : 222000.000000 63835.726674 150000.000000 332000.000000
     Bytes sent             : 607360000.000000 73544103.992094 479744000.000000 696832000.000000
     Faces sent             : 833500.000000 166369.318085 604000.000000 1084000.000000
     Faces exchanged same   : 715000.000000 149956.660406 484000.000000 900000.000000
     Faces exchanged diff   : 421500.000000 344743.020234 0.000000 928000.000000
     Faces with BC applied  : 368750.000000 256957.073263 8000.000000 726000.000000

     Sum of min/max communicate times per ts: 15.896462 16.763362

     Sum of min/max calc and comm times per ts: 22.641755 23.477523

---------------------------------------------
             Gridsum performance
---------------------------------------------

     Time: ave, stddev, min, max (sec): 1.230072 0.211187 0.860735 1.527846

        red : ave, stddev, min, max (sec): 0.596903 0.215875 0.203350 0.897247

        calc: ave, stddev, min, max (sec): 0.570529 0.014857 0.546055 0.589661

     total number:             32000
     number per timestep:      40

     Sum of min/max gridsum times per ts: 0.776989 1.610740

---------------------------------------------
               Mesh Refinement
---------------------------------------------

     Time: ave, stddev, min, max (sec): 0.882318 0.001204 0.880649 0.884942

     Number of refinement steps: 41

     Number of load balance steps: 7

     Number of redistributing steps: 0

     Total blocks           : 412100
     Blocks/timestep ave, min, max : 103.025000 8 225
     Max blocks on a processor at any time: 44
     total blocks split     : 35.000000
     total blocks reformed  : 4.000000

     total blocks moved     : 247.000000
     total moved load bal   : 233.000000
     total moved redistribut: 0.000000
     total moved coasening  : 14.000000

     parents ave, min, max  : 3.875000 0 7
     max dots ave, min, max : 32.875000 28 41
     ave dots used          : 21.821429

     number of times more sets of blocks than ranks: 33
     total sets of blocks over num of ranks: 33
     max number of sets of blocks on a rank: 2

                              average    stddev  minimum  maximum
     Per processor:
     total blocks split     : 4.375000 1.996090 0.000000 7.000000
     total blocks reformed  : 0.500000 0.707107 0.000000 2.000000
     Total blocks moved     : 30.875000 11.117975 18.000000 58.000000
     Blocks moved load bal  : 29.125000 7.523920 18.000000 46.000000
     Blocks moved redistribu: 0.000000 0.000000 0.000000 0.000000
     Blocks moved coarsening: 1.750000 3.929058 0.000000 12.000000
     Time:
        initial refine      : 0.771400 0.000013 0.771395 0.771436

        compare objects     : 0.000634 0.000113 0.000485 0.000807
        mark refine/coarsen : 0.035863 0.000103 0.035697 0.035993
        communicate block 1 : 0.007274 0.000213 0.006975 0.007512
        split blocks        : 0.031797 0.000288 0.031379 0.032367
        communicate block 2 : 0.007755 0.000118 0.007606 0.007931
        sync time           : 0.100593 0.255555 0.002790 0.776725
        time for groups     : 0.675626 0.255202 0.000425 0.772092
        misc time           : 0.676957 0.254764 0.002914 0.773312
        total coarsen blocks: 0.004478 0.000494 0.003827 0.005546
           coarsen blocks   : 0.002535 0.000493 0.001881 0.003598
           pack blocks      : 0.000088 0.000197 0.000000 0.000601
           move blocks      : 0.000342 0.000445 0.000002 0.001184
           unpack blocks    : 0.000126 0.000196 0.000000 0.000575
        total redistribute  : 0.000956 0.000013 0.000937 0.000977
           choose blocks    : 0.000000 0.000000 0.000000 0.000000
           pack blocks      : 0.000000 0.000000 0.000000 0.000000
           move blocks      : 0.000000 0.000000 0.000000 0.000000
           unpack blocks    : 0.000000 0.000000 0.000000 0.000000
        total load balance  : 0.015482 0.000050 0.015356 0.015533
           sort             : 0.000537 0.000064 0.000367 0.000562
           move dots back   : 0.000057 0.000011 0.000041 0.000080
           move blocks total: 0.014876 0.000018 0.014841 0.014903
              pack blocks   : 0.001487 0.000625 0.000152 0.002340
              move blocks   : 0.007118 0.001028 0.005699 0.008659
              unpack blocks : 0.002047 0.000509 0.001304 0.003208
              misc          : 0.004225 0.001234 0.002601 0.006782

     Sum of min/max refinement times per ts: 0.108561 0.113599

---------------------------------------------
                   Plot
---------------------------------------------

     Time: ave, stddev, min, max (sec): 0.000054 0.000003 0.000049 0.000059

     Number of plot steps: 0

 ================== End report ===================
Summary: ranks 8 ts 200 time 25.167369 calc 6.702949 comm 16.320452 red 1.230072 refine 0.882318 blocks/ts 103.025000 max_blocks 44
DEBUG: caught signal to interrupt (DEBUG: caught signal to interrupt (DEBUG: caught signal to interrupt (Child exitedChild exited).
).
Child exitedCleaning up
Cleaning up
).
Cleaning up
DEBUG: caught signal to interrupt (DEBUG: caught signal to interrupt (DEBUG: caught signal to interrupt (DEBUG: caught signal to interrupt (Child exitedChild exited).
DEBUG: caught signal to interrupt ().
Child exitedCleaning up
Child exited).
).
Cleaning up
Cleaning up
Child exitedCleaning up
).
Cleaning up
 Closed perf event handles
 Closed perf event handles
 Closed perf event handles
 Closed perf event handles
 Closed perf event handles
 Closed perf event handles
 Closed perf event handles
 Closed perf event handles
 Zeroed uncore PMU registers
 Zeroed uncore PMU registers
 Zeroed uncore PMU registers
 Zeroed uncore PMU registers
 Zeroed uncore PMU registers
 Zeroed uncore PMU registers
 Zeroed uncore PMU registers
 Zeroed uncore PMU registers
	Command being timed: "/opt/nec/ve/bin/mpirun -np 8 /usr/sbin/pcm 0.1 -csv=./output/0/ve_mini_VE_0.csv -- ./VE/miniAMR/ref/miniAMR.x --num_refine 4 --max_blocks 9000 --init_x 1 --init_y 1 --init_z 1 --npx 2 --npy 2 --npz 2 --nx 8 --ny 8 --nz 8 --num_objects 1 --object 2 0 -0.01 -0.01 -0.01 0.0 0.0 0.0 0.0 0.0 0.0 0.0009 0.0009 0.0009 --num_tsteps 200 --comm_vars 2"
	User time (seconds): 5.30
	System time (seconds): 2.98
	Percent of CPU this job got: 6%
	Elapsed (wall clock) time (h:mm:ss or m:ss): 2:09.24
	Average shared text size (kbytes): 0
	Average unshared data size (kbytes): 0
	Average stack size (kbytes): 0
	Average total size (kbytes): 0
	Maximum resident set size (kbytes): 141600
	Average resident set size (kbytes): 0
	Major (requiring I/O) page faults: 0
	Minor (reclaiming a frame) page faults: 5811
	Voluntary context switches: 143859
	Involuntary context switches: 11430
	Swaps: 0
	File system inputs: 0
	File system outputs: 6752
	Socket messages sent: 0
	Socket messages received: 0
	Signals delivered: 0
	Page size (bytes): 4096
	Exit status: 0
