
 Intel(r) Performance Counter Monitor (2022-11-24 10:18:12 +0100 ID=1b16bb4e)


PCM Info: setrlimit for file limit 1000000 failed with error Operation not permitted

=====  Processor information  =====

Linux arch_perfmon flag  :  Intel(r) Performance Counter Monitor yes(2022-11-24 10:18:12 +0100 ID=1b16bb4e)

Hybrid processor         : 
no

IBRS and IBPB supported  : yes
STIBP supported          : yes
Spec arch caps supported : yes
Max CPUID level          : 22PCM Info: setrlimit for file limit 
1000000CPU model number         :  failed with error 85Operation not permitted


=====  Processor information  =====
Linux arch_perfmon flag  : yes
Hybrid processor         : no
IBRS and IBPB supported  : yes
STIBP supported          : yes
Spec arch caps supported : yes
Max CPUID level          : 22
CPU model number         : 85

 Intel(r) Performance Counter Monitor (2022-11-24 10:18:12 +0100 ID=1b16bb4e)


PCM Info: setrlimit for file limit 1000000 failed with error Operation not permitted

=====  Processor information  =====
Linux arch_perfmon flag  : yes

Hybrid processor         : 
 Intel(r) Performance Counter Monitor no
(2022-11-24 10:18:12 +0100 ID=1b16bb4e) Intel(r) Performance Counter Monitor  Intel(r) Performance Counter Monitor 

(2022-11-24 10:18:12 +0100 ID=1b16bb4e)(2022-11-24 10:18:12 +0100 ID=1b16bb4e)
IBRS and IBPB supported  : 


yes




STIBP supported          : yes
Spec arch caps supported : yes
PCM Info: setrlimit for file limit Max CPUID level          : 100000022PCM Info: setrlimit for file limit  failed with error PCM Info: setrlimit for file limit 
10000001000000CPU model number         : Operation not permitted failed with error  failed with error 85Operation not permitted
Operation not permitted



=====  Processor information  =====

=====  Processor information  =====

=====  Processor information  =====

Linux arch_perfmon flag  :  Intel(r) Performance Counter Monitor yes(2022-11-24 10:18:12 +0100 ID=1b16bb4e)

Hybrid processor         : Linux arch_perfmon flag  : 
noLinux arch_perfmon flag  : yes

yes
IBRS and IBPB supported  : 
Hybrid processor         : yesHybrid processor         : no
no
PCM Info: setrlimit for file limit STIBP supported          : 
IBRS and IBPB supported  : 1000000yesIBRS and IBPB supported  : yes failed with error 
yes
Operation not permittedSpec arch caps supported : 
STIBP supported          : 
yesSTIBP supported          : yes

Spec arch caps supported : yesMax CPUID level          : yes22

CPU model number         : 
Max CPUID level          : 85Spec arch caps supported : 22
yes

CPU model number         : Max CPUID level          : 8522

CPU model number         : 85

=====  Processor information  =====

 Intel(r) Performance Counter Monitor (2022-11-24 10:18:12 +0100 ID=1b16bb4e)


PCM Info: setrlimit for file limit 1000000 failed with error Operation not permitted

=====  Processor information  =====
Linux arch_perfmon flag  : yes
Hybrid processor         : no
IBRS and IBPB supported  : yes
STIBP supported          : yes
Spec arch caps supported : yes
Max CPUID level          : 22
CPU model number         : 85
Linux arch_perfmon flag  : yes
Hybrid processor         : no
IBRS and IBPB supported  : yes
STIBP supported          : yes
Spec arch caps supported : yes
Max CPUID level          : 22
CPU model number         : 85
Number of physical cores: 16
Number of logical cores: 16
Number of online logical cores: 16
Threads (logical cores) per physical core: 1
Num sockets: 2
Physical cores per socket: 8
Last level cache slices per socket: 0
Core PMU (perfmon) version: 4
Number of core PMU generic (programmable) counters: 8
Width of generic (programmable) counters: 48 bits
Number of core PMU fixed counters: 3
Width of fixed counters: 48 bits
Nominal core frequency: 2100000000 Hz
IBRS enabled in the kernel   : no
STIBP enabled in the kernel  : no
The processor is not susceptible to Rogue Data Cache Load: no
The processor supports enhanced IBRS                     : no

=====  Processor topology  =====
OS_Processor    Thread_Id       Core_Id         Tile_Id         Package_Id      Core_Type   Native_CPU_Model
0               0               0               0               0               invalid         -1              
1               0               1               1               0               invalid         -1              
2               0               2               2               0               invalid         -1              
3               0               3               3               0               invalid         -1              
4               0               4               4               0               invalid         -1              
5               0               5               5               0               invalid         -1              
6               0               6               6               0               invalid         -1              
7               0               7               7               0               invalid         -1              
8               0               0               8               1               invalid         -1              
9               0               1               9               1               invalid         -1              
10              0               2               10              1               invalid         -1              
11              0               3               11              1               invalid         -1              
12              0               4               12              1               invalid         -1              
13              0               5               13              1               invalid         -1              
14              0               6               14              1               invalid         -1              
15              0               7               15              1               invalid         -1              
=====  Placement on packages  =====
Package Id.    Core Id.     Processors
0              0,1,2,3,4,5,6,7
1              0,1,2,3,4,5,6,7

=====  Core/Tile sharing  =====
Level      Processors
Core       (0)(1)(2)(3)(4)(5)Number of physical cores: (6Number of physical cores: )16(
167Number of logical cores: 
)16Number of logical cores: (Number of physical cores: 
16Number of physical cores: 8Number of online logical cores: 
16)1616Number of online logical cores: 
(

16Number of logical cores: Number of physical cores: 9Threads (logical cores) per physical core: Number of logical cores: Number of physical cores: 
16)Number of physical cores: 11616Threads (logical cores) per physical core: 
16(
16

1Number of online logical cores: 
10Num sockets: 
Number of online logical cores: Number of logical cores: 
16Number of logical cores: )2Number of logical cores: 1616Num sockets: 
16(
16

2Threads (logical cores) per physical core: 
11Physical cores per socket: 
Threads (logical cores) per physical core: Number of online logical cores: 
1Number of online logical cores: )8Number of online logical cores: 116Physical cores per socket: 
16(
16

8Num sockets: 
12Last level cache slices per socket: 
Num sockets: Threads (logical cores) per physical core: 
2Threads (logical cores) per physical core: )0Threads (logical cores) per physical core: 21Last level cache slices per socket: 

0Num sockets: 1Physical cores per socket: 
(2

81Core PMU (perfmon) version: 13

Num sockets: Core PMU (perfmon) version: 

4)Physical cores per socket: Physical cores per socket: 24Last level cache slices per socket: Num sockets: 
(88

02Number of core PMU generic (programmable) counters: 14

Physical cores per socket: Number of core PMU generic (programmable) counters: 

8)Last level cache slices per socket: Last level cache slices per socket: 88Core PMU (perfmon) version: Physical cores per socket: 
(00

48Width of generic (programmable) counters: 15

Last level cache slices per socket: Width of generic (programmable) counters: 

48)Core PMU (perfmon) version: Core PMU (perfmon) version: 048Number of core PMU generic (programmable) counters: Last level cache slices per socket:  bits

Tile / L2$ 44
 bits
80Number of core PMU fixed counters: (

Core PMU (perfmon) version: Number of core PMU fixed counters: 

30Number of core PMU generic (programmable) counters: Number of core PMU generic (programmable) counters: 43Width of generic (programmable) counters: Core PMU (perfmon) version: 
)88

484Width of fixed counters: (

Number of core PMU generic (programmable) counters: Width of fixed counters:  bits

481Width of generic (programmable) counters: Width of generic (programmable) counters: 848Number of core PMU fixed counters: Number of core PMU generic (programmable) counters:  bits
)4848
 bits
38Nominal core frequency: ( bits
 bits
Width of generic (programmable) counters: Nominal core frequency: 

21000000002Number of core PMU fixed counters: Number of core PMU fixed counters: 482100000000Width of fixed counters: Width of generic (programmable) counters:  Hz
)33 bits
 Hz
4848IBRS enabled in the kernel   : (

Number of core PMU fixed counters: IBRS enabled in the kernel   :  bits
 bits
no3Width of fixed counters: Width of fixed counters: 3noNominal core frequency: Number of core PMU fixed counters: 
)4848

21000000003STIBP enabled in the kernel  : ( bits
 bits
Width of fixed counters: STIBP enabled in the kernel  :  Hz

no4Nominal core frequency: Nominal core frequency: 48noIBRS enabled in the kernel   : Width of fixed counters: 
)21000000002100000000 bits

no48The processor is not susceptible to Rogue Data Cache Load: ( Hz
 Hz
Nominal core frequency: The processor is not susceptible to Rogue Data Cache Load: 
 bits
no5IBRS enabled in the kernel   : IBRS enabled in the kernel   : 2100000000noSTIBP enabled in the kernel  : Nominal core frequency: 
)nono Hz

no2100000000The processor supports enhanced IBRS                     : (

IBRS enabled in the kernel   : The processor supports enhanced IBRS                     : 
 Hz
no6STIBP enabled in the kernel  : STIBP enabled in the kernel  : nonoThe processor is not susceptible to Rogue Data Cache Load: IBRS enabled in the kernel   : 
)
=====  Processor topology  =====
nono

no
=====  Processor topology  =====
no(OS_Processor    Thread_Id       Core_Id         Tile_Id         Package_Id      Core_Type   Native_CPU_Model


STIBP enabled in the kernel  : 
OS_Processor    Thread_Id       Core_Id         Tile_Id         Package_Id      Core_Type   Native_CPU_Model

70               The processor is not susceptible to Rogue Data Cache Load: The processor is not susceptible to Rogue Data Cache Load: noThe processor supports enhanced IBRS                     : 0               STIBP enabled in the kernel  : )0               nono
no0               no(0               

The processor is not susceptible to Rogue Data Cache Load: 
0               
80               The processor supports enhanced IBRS                     : The processor supports enhanced IBRS                     : no
=====  Processor topology  =====
0               The processor is not susceptible to Rogue Data Cache Load: )0               nono
OS_Processor    Thread_Id       Core_Id         Tile_Id         Package_Id      Core_Type   Native_CPU_Model
0               no(invalid

The processor supports enhanced IBRS                     : 0               invalid
9 
=====  Processor topology  =====

=====  Processor topology  =====
no0                The processor supports enhanced IBRS                     : ) OS_Processor    Thread_Id       Core_Id         Tile_Id         Package_Id      Core_Type   Native_CPU_Model
OS_Processor    Thread_Id       Core_Id         Tile_Id         Package_Id      Core_Type   Native_CPU_Model

0                no( 0               0               
=====  Processor topology  =====
0                
10 0               0               OS_Processor    Thread_Id       Core_Id         Tile_Id         Package_Id      Core_Type   Native_CPU_Model
0                
=====  Processor topology  =====
) 0               0               0               invalid OS_Processor    Thread_Id       Core_Id         Tile_Id         Package_Id      Core_Type   Native_CPU_Model
( 0               0               0                 0               11 0               0               0                 0               ) invalidinvalid0                 0               (   0                 0               12-1                invalid -1              0               )
    
invalid( 1                  1                13 0                  0                ) 1                  1                ( 1                 -1              1                14 0                 
0                ) invalid  invalid1                (-1               -1                0                15
 
  1                ) 1               -1              1                1                
 0               
0                0               -1              
 1               1               1                invalid
 Package thermal spec power: 1               1               0                  1               00               0               1                  0                Watt; invalidinvalid1                  1               Package minimum power:   0                 -1              1               0  invalid-1               
0                Watt;    
 2               invalidPackage maximum power:    2                0                0   0                2                 Watt;
   2                2                   2               -1              0                   0               
invalid    invalid2                 -1              -1                0                 

  2                 2               2               -1               2                 0               0               
 0                -1              2               2               2                invalid 
2               2               0                  2               0               0               2                  0               invalidinvalid2                  2                 0                  -1              2                 invalid-1               

0                  
 3               invalid   3                0                  Can't open MCFG table. Check permission of  0                3                  /sys/firmware/acpi/tables/MCFG 3               -1              3                  
 3               
0                  Can't open MCFG table. Check permission of  0               3               invalid   /sys/firmware/acpi/tables/MCFG1 invalid0                 -1              -1              
  3                 

Can't open MCFG table. Check permission of   3                 3               3               /pcm/sys/firmware/acpi/tables/MCFG-1               0                 0               0               

 invalid -1              3               3               Can't open MCFG table. Check permission of 3                  
3               3               /pcm/sys/firmware/acpi/tables/MCFG10                  3               0               0               
3                  0               invalidinvalid3                  3                 0                 -1              3                WARNING: enumeration of devices in UncorePMUDiscovery failed
 invalid-1               
0                  
 4               invalid   4                0                   0                4                   4               -1              4                   4               
0                   0               4               invalid    invalid0                 -1              -1                4                 

  4                 4               4               -1               0                 0               0               
 invalid -1              4               4               4                  
4               4               0                   4               0               0               4                  0               invalidinvalid4                  4                 0                 -1              4                 invalid-1               
0                  
 5               invalid   5                0                   0               -1              5                   5               
5                   5               5               0                   0               0               invalid    invalid5                 -1              -1                5                 

  0                 5               5               -1               invalid  0               0               
   -1              5               5               5                  
5               5               0                  5               0               0               5                  0               invalidinvalid5                  5                 0                 -1              5                 invalid-1               
0                  
 6               invalid   6                0                   0               -1              6                   6               
6                   6               6               0                   0               0               invalid    invalid6                 -1              -1                6                 

  0                 6               6               -1               invalid  0               0               
   -1              6               6               6                  
6               6               0                  6               0               0               6                  0               invalidinvalid6                  6                 0                 -1              6                 invalid-1               
0                  
 7               invalid   7                0                   0               -1              7                   7               
7                   7               7               0                   0               0               invalid    invalid7                 -1              -1                7                 

  0                 7               7               -1               invalid  0               0               
   -1              7               7               7                  
7               7               0                  7               0               0               7                  0               invalidinvalid7                  7                 0                 -1              7                 invalid-1               
0                  
INFO: Linux perf interface to program uncore PMUs is  8               invalid   8               present
 0                   0               INFO: using Linux perf interface to program uncore PMUs because env variable PCM_USE_UNCORE_PERF=1
-1              0                   0               INFO: Secure Boot detected. Using Linux perf for uncore PMU programming.

8                   8               8               1                   1               0               invalid    invalid0                 -1              -1                8                 

  1                 8               8               -1               invalid  0               0               
   -1              0               0               8                  
8               8               0                  8               1               1               0                  0               invalidinvalid8                  0                 1                 -1              8                 invalid-1               
1                  
 9               invalid   9                0                   0               -1              1                   1               
9                   9               9               1                   1               0               invalid    invalid1                 -1              -1                9                 

  1                 9               9               -1               invalid  0               0               
   -1              1               1               9                  
9               9               0                  9               1               1               1                  0               invalidinvalid9                  1                 1                 -1              9                 invalid-1               
1                  
 10              invalid   10               0                   0               -1              2                   2               
10                  10              10              1                   1               0               invalid    invalid2                 -1              -1                10                

  1                 10              10              -1               invalid  0               0               
   -1              2               2               10                 
10              10              0                   10              1               1               2                  0               invalidinvalid10                 2                 1                 -1              10                invalid-1               
1                  
 11              invalid   11              -1              0                    0               
3                   3               11              11                  11              0               1                   1               3               invalid  -1               invalid11                -1              
  1                 
11                invalid  11              0               -1                  0               3               
    -1              3               11              11                 
11              1               0                  11              1               invalid3                  0               invalid 11                 3                 1                 -1              11                invalid-1               
1                  
-1              12              invalid   12              
0                   0               12              4                   4               0               4               12              12              1                1               invalid  invalid         -1                 
   12                   0               -1               12                 4               
-1              1                  12              12              
invalid   1               0                12               -1               invalid4                0               -1              
-1               12               4               
13              
 1                12              13              0               12               invalid 1               0               5               0                  invalid5               13              4                   13              1               12                  1               invalid1                   invalid invalid  -1                    
    -1               13                  
 0                   13               5                   0               -1              13                  5               
1               -1                 13              13              invalid
   1               0                13               -1               invalid5                0               -1              
-1               13               5               
14              
 1                13              14              0               13               invalid 1               0               6               0                  invalid6               14              5                   14              1               13                  1               invalid1                   invalid invalid  -1                    
    -1               14                  
 0                   14               6                   0               -1              14                  6               
1               -1                 14              14              invalid
   1               0                14               -1               invalid6                0               -1              
-1               14               6               
15              
 1                14              15              0               14               invalid 1               0               7               0                  invalid7               15              6                   15              1               14                  1               invalid1                   invalid invalid  -1                    
    -1               15                  
 0                   15               7                   0               -1              15                  7               
1               -1                 15              15              invalid
   1               0                15               -1               invalid7                0               -1              
-1               15               7               
=====  Placement on packages  =====

 1                15              =====  Placement on packages  =====
Package Id.    Core Id.     Processors
15               invalid 1               Package Id.    Core Id.     Processors
0              0                  invalid0              07                   0,15                  ,11                   1,invalid  -1               ,2   
 2, -1               =====  Placement on packages  =====
 ,3 
 Package Id.    Core Id.     Processors
 3, =====  Placement on packages  =====
 0               ,4 Package Id.    Core Id.     Processors
-1              0 4, 0              
,-1              ,5 0=====  Placement on packages  =====
1
5, ,Package Id.    Core Id.     Processors
,=====  Placement on packages  =====
,6 10              2Package Id.    Core Id.     Processors
6,-1              ,0,0              ,7
2,307
=====  Placement on packages  =====
,1,,
1              Package Id.    Core Id.     Processors
3,411              00              ,2,,0,04,52,1,,3,,1,15,63,2,,4,,2,26,74,3,,5
,3,37,1              5,4,
60,4,41              ,,6,5,071,5,5,
,7,6,11              2
6,6,0,1              ,7,2,307
7,1,,

=====  Core/Tile sharing  =====

3,41
=====  Core/Tile sharing  =====
Level      Processors
Core       1              ,2,,Level      Processors
Core       (04,52(0,,3,,0)15,63)(,,4,,(126,741),,5
,)(37,
=====  Core/Tile sharing  =====
5(2,
6Level      Processors
Core       ,2)4
=====  Core/Tile sharing  =====
,(6)(,Level      Processors
Core       70,(35(
)73),0
=====  Core/Tile sharing  =====
(
)(6)Level      Processors
Core       1
=====  Core/Tile sharing  =====
(4,(()Level      Processors
Core       4)710(()(
))20(5
=====  Core/Tile sharing  =====
(())5)Level      Processors
Core       21(()(())31(60(())6))32(()(())42(71(())7))43(()(())53(82(())8))54(()(())64(93(())9))65(()(())75(104(())10))76(()(())86(115(())11))87(()(())97(126(())12))98(()(())108(137(())13))109(()(())119(148(())14))1110(()(())1210(159(())15))1211(()
Tile / L2$ ())1311
Tile / L2$ (10(())(0)1312((0)())1412)(11(())(1)1413((1)())1513)(12(())(2)1514
Tile / L2$ (2)())(14)(13
Tile / L2$ (0)(3)(15)(3)(0)(15)(14)
Tile / L2$ 1)(4)(()
Tile / L2$ 4)(10(()(15))20(5)(())5)
Tile / L2$ 21(()(())31(60(())6))32(()(())42(71(())7))43(()(())53(82(())8))54(()(())64(93(())9))65(()(())75(104(())10))76(()(())86(115(())11))87(()(Socket ())97(1206(())12): )98(()(2())108(13 memory controllers detected with total number of 7(())13)6)109(()( channels. ())119(1428(())14) )1110(()(UPI())1210(15 ports detected.9(())15)
 
2)Package thermal spec power:  M2M (mesh to memory) blocks detected. 120(011 Watt; )(10 Home Agents detected. (Package minimum power: )())132011(13()
 M3UPI blocks detected.
 Watt; )12)11(
Package maximum power: ()()140Package thermal spec power: 12(14() Watt;
0)13)12( Watt; ()()15Package minimum power: 13(15()0)14)13
 Watt; ()
)
Package maximum power: 14Package thermal spec power: (
(0)01514Package thermal spec power:  Watt;
( Watt; ))015Package minimum power: 
( Watt; )0
15Package minimum power: 
 Watt; )Package thermal spec power: 0
Package maximum power: 
0 Watt; 0Package thermal spec power: 
 Watt; Package maximum power:  Watt;
0Package minimum power: Package thermal spec power: 0 Watt; 00 Watt;
Package minimum power:  Watt;  Watt; 0Package maximum power: Package minimum power:  Watt; 00
Package maximum power:  Watt;
 Watt; 0Package maximum power:  Watt;
0 Watt;
Can't open MCFG table. Check permission of /sys/firmware/acpi/tables/MCFG
Can't open MCFG table. Check permission of /sys/firmware/acpi/tables/MCFG1
Can't open MCFG table. Check permission of /pcm/sys/firmware/acpi/tables/MCFG
Can't open MCFG table. Check permission of /pcm/sys/firmware/acpi/tables/MCFG1
WARNING: enumeration of devices in UncorePMUDiscovery failed

Can't open MCFG table. Check permission of /sys/firmware/acpi/tables/MCFG
Can't open MCFG table. Check permission of /sys/firmware/acpi/tables/MCFG1
Can't open MCFG table. Check permission of /pcm/sys/firmware/acpi/tables/MCFG
Can't open MCFG table. Check permission of /pcm/sys/firmware/acpi/tables/MCFG1

WARNING: enumeration of devices in UncorePMUDiscovery failed

Can't open MCFG table. Check permission of /sys/firmware/acpi/tables/MCFG
Can't open MCFG table. Check permission of /sys/firmware/acpi/tables/MCFG1
Can't open MCFG table. Check permission of /pcm/sys/firmware/acpi/tables/MCFG
Can't open MCFG table. Check permission of /pcm/sys/firmware/acpi/tables/MCFG1


Can't open MCFG table. Check permission of 
/sys/firmware/acpi/tables/MCFG
Can't open MCFG table. Check permission of WARNING: enumeration of devices in UncorePMUDiscovery failed
/sys/firmware/acpi/tables/MCFG1
Can't open MCFG table. Check permission of /pcm/sys/firmware/acpi/tables/MCFG
Can't open MCFG table. Check permission of Can't open MCFG table. Check permission of /pcm/sys/firmware/acpi/tables/MCFG1/sys/firmware/acpi/tables/MCFGCan't open MCFG table. Check permission of 

Can't open MCFG table. Check permission of /sys/firmware/acpi/tables/MCFGCan't open MCFG table. Check permission of /sys/firmware/acpi/tables/MCFG
/sys/firmware/acpi/tables/MCFG1
Can't open MCFG table. Check permission of 
Can't open MCFG table. Check permission of /sys/firmware/acpi/tables/MCFG1Can't open MCFG table. Check permission of /sys/firmware/acpi/tables/MCFG1
WARNING: enumeration of devices in UncorePMUDiscovery failed
/pcm/sys/firmware/acpi/tables/MCFG
Can't open MCFG table. Check permission of 
Can't open MCFG table. Check permission of /pcm/sys/firmware/acpi/tables/MCFGCan't open MCFG table. Check permission of /pcm/sys/firmware/acpi/tables/MCFG
/pcm/sys/firmware/acpi/tables/MCFG1
Can't open MCFG table. Check permission of 
Can't open MCFG table. Check permission of /pcm/sys/firmware/acpi/tables/MCFG1/pcm/sys/firmware/acpi/tables/MCFG1

WARNING: enumeration of devices in UncorePMUDiscovery failed
WARNING: enumeration of devices in UncorePMUDiscovery failed
WARNING: enumeration of devices in UncorePMUDiscovery failed
INFO: Linux perf interface to program uncore PMUs is present
INFO: using Linux perf interface to program uncore PMUs because env variable PCM_USE_UNCORE_PERF=1
INFO: Secure Boot detected. Using Linux perf for uncore PMU programming.
INFO: Linux perf interface to program uncore PMUs is present
INFO: using Linux perf interface to program uncore PMUs because env variable PCM_USE_UNCORE_PERF=1
INFO: Secure Boot detected. Using Linux perf for uncore PMU programming.
INFO: Linux perf interface to program uncore PMUs is present
INFO: using Linux perf interface to program uncore PMUs because env variable PCM_USE_UNCORE_PERF=1
INFO: Secure Boot detected. Using Linux perf for uncore PMU programming.
INFO: Linux perf interface to program uncore PMUs is present
INFO: using Linux perf interface to program uncore PMUs because env variable PCM_USE_UNCORE_PERF=1
INFO: Secure Boot detected. Using Linux perf for uncore PMU programming.
INFO: Linux perf interface to program uncore PMUs is present
INFO: using Linux perf interface to program uncore PMUs because env variable PCM_USE_UNCORE_PERF=1
INFO: Secure Boot detected. Using Linux perf for uncore PMU programming.
INFO: Linux perf interface to program uncore PMUs is present
INFO: using Linux perf interface to program uncore PMUs because env variable PCM_USE_UNCORE_PERF=1
INFO: Secure Boot detected. Using Linux perf for uncore PMU programming.
INFO: Linux perf interface to program uncore PMUs is present
INFO: using Linux perf interface to program uncore PMUs because env variable PCM_USE_UNCORE_PERF=1
INFO: Secure Boot detected. Using Linux perf for uncore PMU programming.
Socket 1: 2 memory controllers detected with total number of 6 channels. 2 UPI ports detected. 2 M2M (mesh to memory) blocks detected. 0 Home Agents detected. 2 M3UPI blocks detected.
Socket 0: 2 memory controllers detected with total number of 6 channels. 2 UPI ports detected. 2 M2M (mesh to memory) blocks detected. 0 Home Agents detected. 2 M3UPI blocks detected.
Socket 0Socket : 0Socket 2: Socket 0 memory controllers detected with total number of Socket 2: Socket 060 memory controllers detected with total number of 20:  channels. : 6 memory controllers detected with total number of : 222 channels. 62 memory controllers detected with total number of   memory controllers detected with total number of 2 channels.  memory controllers detected with total number of 6UPI6 26 channels.  ports detected. channels. UPI  channels. 2 2 ports detected.UPI2 2   ports detected. UPI M2M (mesh to memory) blocks detected. UPI2 UPI ports detected.0 ports detected. M2M (mesh to memory) blocks detected. 2 ports detected.  Home Agents detected.  0 M2M (mesh to memory) blocks detected.  222 Home Agents detected. 02 M2M (mesh to memory) blocks detected.  M3UPI blocks detected.
 M2M (mesh to memory) blocks detected. 2 Home Agents detected.  M2M (mesh to memory) blocks detected. 00 M3UPI blocks detected.
20 Home Agents detected.  Home Agents detected.  M3UPI blocks detected.
 Home Agents detected. 222 M3UPI blocks detected.
 M3UPI blocks detected.
 M3UPI blocks detected.
Socket 1: 2 memory controllers detected with total number of 6 channels. 2 UPI ports detected. 2 M2M (mesh to memory) blocks detected. 0 Home Agents detected. 2 M3UPI blocks detected.
Socket 1: 2 memory controllers detected with total number of 6 channels. 2 UPI ports detected. 2 M2M (mesh to memory) blocks detected. 0 Home Agents detected. 2 M3UPI blocks detected.
Socket 1: 2 memory controllers detected with total number of 6 channels. 2 UPI ports detected. 2 M2M (mesh to memory) blocks detected. 0 Home Agents detected. 2 M3UPI blocks detected.
Socket 1: 2 memory controllers detected with total number of 6 channels. 2 Socket UPI1 ports detected.:  22 memory controllers detected with total number of  M2M (mesh to memory) blocks detected. 60 channels.  Home Agents detected. 22  M3UPI blocks detected.
UPI ports detected. 2 M2M (mesh to memory) blocks detected. 0 Home Agents detected. 2 M3UPI blocks detected.
Socket 1: 2 memory controllers detected with total number of 6 channels. 2 UPI ports detected. 2 M2M (mesh to memory) blocks detected. 0 Home Agents detected. 2 M3UPI blocks detected.
Socket 1: 2 memory controllers detected with total number of 6 channels. 2 UPI ports detected. 2 M2M (mesh to memory) blocks detected. 0 Home Agents detected. 2 M3UPI blocks detected.
INFO: using Linux resctrl driver for RDT metrics (L3OCC, LMB, RMB) because environment variable PCM_USE_RESCTRL=1
ERROR: /sys/fs/resctrl is not mounted
ERROR: RDT metrics (L3OCC,LMB,RMB) will not be available
Mount it to make it work: mount -t resctrl resctrl /sys/fs/resctrl

INFO: using Linux resctrl driver for RDT metrics (L3OCC, LMB, RMB) because environment variable PCM_USE_RESCTRL=1
ERROR: /sys/fs/resctrl is not mounted
ERROR: RDT metrics (L3OCC,LMB,RMB) will not be available
Mount it to make it work: mount -t resctrl resctrl /sys/fs/resctrl
 Closed perf event handles
Trying to use Linux perf events...
INFO: using Linux resctrl driver for RDT metrics (L3OCC, LMB, RMB) because environment variable PCM_USE_RESCTRL=1
ERROR: /sys/fs/resctrl is not mounted
ERROR: RDT metrics (L3OCC,LMB,RMB) will not be available
Mount it to make it work: mount -t resctrl resctrl /sys/fs/resctrl
INFO: using Linux resctrl driver for RDT metrics (L3OCC, LMB, RMB) because environment variable PCM_USE_RESCTRL=1
INFO: using Linux resctrl driver for RDT metrics (L3OCC, LMB, RMB) because environment variable PCM_USE_RESCTRL=1
ERROR: /sys/fs/resctrl is not mounted
INFO: using Linux resctrl driver for RDT metrics (L3OCC, LMB, RMB) because environment variable PCM_USE_RESCTRL=1
ERROR: RDT metrics (L3OCC,LMB,RMB) will not be available
Mount it to make it work: mount -t resctrl resctrl /sys/fs/resctrl
ERROR: /sys/fs/resctrl is not mounted
INFO: using Linux resctrl driver for RDT metrics (L3OCC, LMB, RMB) because environment variable PCM_USE_RESCTRL=1
ERROR: RDT metrics (L3OCC,LMB,RMB) will not be available
INFO: using Linux resctrl driver for RDT metrics (L3OCC, LMB, RMB) because environment variable PCM_USE_RESCTRL=1
ERROR: /sys/fs/resctrl is not mounted
ERROR: /sys/fs/resctrl is not mounted
Mount it to make it work: mount -t resctrl resctrl /sys/fs/resctrl
ERROR: RDT metrics (L3OCC,LMB,RMB) will not be available
ERROR: RDT metrics (L3OCC,LMB,RMB) will not be available
Mount it to make it work: mount -t resctrl resctrl /sys/fs/resctrl
ERROR: /sys/fs/resctrl is not mounted
Mount it to make it work: mount -t resctrl resctrl /sys/fs/resctrl
ERROR: RDT metrics (L3OCC,LMB,RMB) will not be available
Mount it to make it work: mount -t resctrl resctrl /sys/fs/resctrl
Successfully programmed on-core PMU using Linux perf



 Closed perf event handles
 Closed perf event handles
 Closed perf event handles
Trying to use Linux perf events...
Trying to use Linux perf events...
Trying to use Linux perf events...

 Closed perf event handles
Trying to use Linux perf events...

 Closed perf event handles
Trying to use Linux perf events...
Successfully programmed on-core PMU using Linux perf
Successfully programmed on-core PMU using Linux perf
Successfully programmed on-core PMU using Linux perf
Successfully programmed on-core PMU using Linux perf
Successfully programmed on-core PMU using Linux perf


 Closed perf event handles
 Closed perf event handles
Trying to use Linux perf events...
Trying to use Linux perf events...
Successfully programmed on-core PMU using Linux perf
Successfully programmed on-core PMU using Linux perf
Socket 0
Max UPI link 0 speed: 1.4 GBytes/second (0.6 GT/second)
Max UPI link 1 speed: 1.4 GBytes/second (0.6 GT/second)
Socket 1
Max UPI link 0 speed: 1.5 GBytes/second (0.7 GT/second)
Max UPI link 1 speed: 1.5 GBytes/second (0.7 GT/second)

Detected Intel(R) Xeon(R) Silver 4208 CPU @ 2.10GHz "Intel(r) microarchitecture codename Cascade Lake-SP" stepping 7

Executing "./VE/mpi-benchmarks-master/src_c/IMB-MPI1" command:
Socket 0
Max UPI link 0 speed: 1.3 GBytes/second (0.6 GT/second)
Max UPI link 1 speed: 1.3 GBytes/second (0.6 GT/second)
Socket 1
Max UPI link 0 speed: 1.2 GBytes/second (0.5 GT/second)
Max UPI link 1 speed: 1.2 GBytes/second (0.5 GT/second)

Detected Intel(R) Xeon(R) Silver 4208 CPU @ 2.10GHz "Intel(r) microarchitecture codename Cascade Lake-SP" stepping 7

Executing "Socket ./VE/mpi-benchmarks-master/src_c/IMB-MPI1" command:
0
Max UPI link 0 speed: 1.4 GBytes/second (0.6 GT/second)
Max UPI link 1 speed: 1.4 GBytes/second (0.6 GT/second)
Socket 1
Max UPI link 0 speed: 1.5 GBytes/second (0.7 GT/second)
Max UPI link 1 speed: 1.5 GBytes/second (0.7 GT/second)

Detected Intel(R) Xeon(R) Silver 4208 CPU @ 2.10GHz "Intel(r) microarchitecture codename Cascade Lake-SP" stepping 7

Executing "./VE/mpi-benchmarks-master/src_c/IMB-MPI1" command:
Socket 0
Max UPI link 0 speed: 1.7 GBytes/second (0.8 GT/second)
Max UPI link 1 speed: 1.7 GBytes/second (0.8 GT/second)
Socket 1
Max UPI link 0 speed: 1.1 GBytes/second (0.5 GT/second)
Max UPI link 1 speed: 1.1 GBytes/second (0.5 GT/second)

Detected Intel(R) Xeon(R) Silver 4208 CPU @ 2.10GHz "Intel(r) microarchitecture codename Cascade Lake-SP" stepping 7

Executing "./VE/mpi-benchmarks-master/src_c/IMB-MPI1" command:
Socket Socket 0
Max UPI link 00
 speed: Max UPI link 0 speed: 1.0 GBytes/second (1.10.5 GT/second)
Max  GBytes/second (UPI link 1 speed: 1.00.5 GBytes/second ( GT/second)
0.5Max  GT/second)
UPISocket  link 11
 speed: Max 1.1UPI GBytes/second ( link 0.50 GT/second)
 speed: Socket 1.61 GBytes/second (
0.7Max  GT/second)
UPIMax  link UPI0 link  speed: 11.2 speed:  GBytes/second (1.60.6 GBytes/second ( GT/second)
0.7Max  GT/second)
UPI link 1 speed: 
Detected 1.2 GBytes/second (0.6Intel(R) Xeon(R) Silver 4208 CPU @ 2.10GHz GT/second)
 "Intel(r) microarchitecture codename Cascade Lake-SP" stepping 
Detected 7
Intel(R) Xeon(R) Silver 4208 CPU @ 2.10GHz "Intel(r) microarchitecture codename Cascade Lake-SP" stepping 7
Socket 0
Max UPI link 0 speed: 1.3 GBytes/second (0.6 GT/second)
Max UPI link 1 speed: 1.3 GBytes/second (0.6 GT/second)
Socket 1
Max UPI link 0 speed: 1.3 GBytes/second (0.6 GT/second)
Max UPI link 1 speed: 1.3 GBytes/second (0.6 GT/second)

Detected Intel(R) Xeon(R) Silver 4208 CPU @ 2.10GHz "Intel(r) microarchitecture codename Cascade Lake-SP" stepping 7

Executing "./VE/mpi-benchmarks-master/src_c/IMB-MPI1
Executing "" command:

Executing "./VE/mpi-benchmarks-master/src_c/IMB-MPI1" command:
./VE/mpi-benchmarks-master/src_c/IMB-MPI1" command:
Socket 0
Max UPI link 0 speed: 1.2 GBytes/second (0.5 GT/second)
Max UPI link 1 speed: 1.2 GBytes/second (0.5 GT/second)
Socket 1
Max UPI link 0 speed: 1.6 GBytes/second (0.7 GT/second)
Max UPI link 1 speed: 1.6 GBytes/second (0.7 GT/second)

Detected Intel(R) Xeon(R) Silver 4208 CPU @ 2.10GHz "Intel(r) microarchitecture codename Cascade Lake-SP" stepping 7

Executing "./VE/mpi-benchmarks-master/src_c/IMB-MPI1" command:
#----------------------------------------------------------------
#    Intel(R) MPI Benchmarks 2018, MPI-1 part
#----------------------------------------------------------------
# Date                  : Thu Mar 21 21:58:16 2024
# Machine               : VE
# System                : Linux
# Release               : 4.18.0-477.15.1.el8_8.x86_64
# Version               : #1 SMP Wed Jun 28 15:04:18 UTC 2023
# MPI Version           : 3.1
# MPI Thread Environment: 


# Calling sequence was: 

# ./VE/mpi-benchmarks-master/src_c/IMB-MPI1 -npmin 8 alltoallv -iter 800000 -time 80000
#                                           -mem 8000

# Minimum message length in bytes:   0
# Maximum message length in bytes:   4194304
#
# MPI_Datatype                   :   MPI_BYTE 
# MPI_Datatype for reductions    :   MPI_FLOAT
# MPI_Op                         :   MPI_SUM  
#
#

# List of Benchmarks to run:

# Alltoallv

#----------------------------------------------------------------
# Benchmarking Alltoallv 
# #processes = 8 
#----------------------------------------------------------------
       #bytes #repetitions  t_min[usec]  t_max[usec]  t_avg[usec]
            0       800000         2.66         2.86         2.78
            1       800000         5.20         5.59         5.41
            2       800000         5.27         5.65         5.48
            4       800000         5.37         5.61         5.50
            8       800000         5.32         5.57         5.45
           16       800000         5.30         5.55         5.44
           32       800000         5.13         5.38         5.27
           64       655360         5.00         5.28         5.16
          128       327680         4.93         5.28         5.13
          256       163840         4.96         5.27         5.15
          512        81920         5.01         5.30         5.18
         1024        40960         5.04         5.37         5.22
         2048        20480         5.07         5.40         5.25
         4096        10240         5.19         5.54         5.37
         8192         5120         5.42         5.86         5.65
        16384         2560         6.29         6.68         6.50
        32768         1280         7.85         8.20         8.05
        65536          640        11.95        12.19        12.08
       131072          320        40.74        42.58        41.71
       262144          160        65.13        72.90        67.47
       524288           80        93.98       103.89        97.25
      1048576           40       153.12       162.81       156.65
      2097152           20       263.03       270.81       266.05
      4194304           10       455.46       476.93       463.79


# All processes entering MPI_Finalize

DEBUG: caught signal to interrupt (Child exited).
Cleaning up
 Closed perf event handles
DEBUG: caught signal to interrupt (Child exited).
Cleaning up
 Closed perf event handles
DEBUG: caught signal to interrupt (Child exited).
Cleaning up
 Closed perf event handles
DEBUG: caught signal to interrupt (Child exited).
Cleaning up
DEBUG: caught signal to interrupt (Child exited).
Cleaning up
 Closed perf event handles
DEBUG: caught signal to interrupt (Child exited).
Cleaning up
DEBUG: caught signal to interrupt (Child exited).
Cleaning up
 Closed perf event handles
DEBUG: caught signal to interrupt (Child exited).
Cleaning up
 Closed perf event handles
 Closed perf event handles
 Closed perf event handles
 Zeroed uncore PMU registers
 Zeroed uncore PMU registers
 Zeroed uncore PMU registers
 Zeroed uncore PMU registers
 Zeroed uncore PMU registers
 Zeroed uncore PMU registers
 Zeroed uncore PMU registers
 Zeroed uncore PMU registers
	Command being timed: "/opt/nec/ve/bin/mpirun -n 8 /usr/sbin/pcm 0.1 -csv=./output/0/ve_Intel_VE_0.csv -- ./VE/mpi-benchmarks-master/src_c/IMB-MPI1 -npmin 8 alltoallv -iter 800000 -time 80000 -mem 8000"
	User time (seconds): 4.99
	System time (seconds): 2.60
	Percent of CPU this job got: 6%
	Elapsed (wall clock) time (h:mm:ss or m:ss): 1:52.32
	Average shared text size (kbytes): 0
	Average unshared data size (kbytes): 0
	Average stack size (kbytes): 0
	Average total size (kbytes): 0
	Maximum resident set size (kbytes): 141576
	Average resident set size (kbytes): 0
	Major (requiring I/O) page faults: 1
	Minor (reclaiming a frame) page faults: 6857
	Voluntary context switches: 131228
	Involuntary context switches: 9856
	Swaps: 0
	File system inputs: 0
	File system outputs: 6024
	Socket messages sent: 0
	Socket messages received: 0
	Signals delivered: 0
	Page size (bytes): 4096
	Exit status: 0
