
 Intel(r) Performance Counter Monitor (2022-11-24 10:18:12 +0100 ID=1b16bb4e)


PCM Info: setrlimit for file limit 1000000 failed with error Operation not permitted

=====  Processor information  =====

 Intel(r) Performance Counter Monitor 
(2022-11-24 10:18:12 +0100 ID=1b16bb4e) Intel(r) Performance Counter Monitor 

(2022-11-24 10:18:12 +0100 ID=1b16bb4e) Intel(r) Performance Counter Monitor 


(2022-11-24 10:18:12 +0100 ID=1b16bb4e) Intel(r) Performance Counter Monitor 


(2022-11-24 10:18:12 +0100 ID=1b16bb4e)


PCM Info: setrlimit for file limit 

PCM Info: setrlimit for file limit 1000000
1000000 failed with error PCM Info: setrlimit for file limit  failed with error Operation not permittedPCM Info: setrlimit for file limit 1000000Operation not permitted
1000000 failed with error 
 failed with error Operation not permittedOperation not permitted


=====  Processor information  =====

=====  Processor information  =====

=====  Processor information  =====


=====  Processor information  =====
 Intel(r) Performance Counter Monitor (2022-11-24 10:18:12 +0100 ID=1b16bb4e)


PCM Info: setrlimit for file limit 1000000 failed with error Operation not permitted

=====  Processor information  =====
Linux arch_perfmon flag  : Linux arch_perfmon flag  : yesyes

Linux arch_perfmon flag  : Hybrid processor         : Hybrid processor         : yesLinux arch_perfmon flag  : nono
yes

IBRS and IBPB supported  : Hybrid processor         : yesno


IBRS and IBPB supported  : Hybrid processor         : STIBP supported          : Linux arch_perfmon flag  : IBRS and IBPB supported  : yesno
yesyesyes



 Intel(r) Performance Counter Monitor 

 Intel(r) Performance Counter Monitor STIBP supported          : IBRS and IBPB supported  : Spec arch caps supported : (2022-11-24 10:18:12 +0100 ID=1b16bb4e)STIBP supported          : Hybrid processor         : (2022-11-24 10:18:12 +0100 ID=1b16bb4e)yesyesyes
yesno







Spec arch caps supported : STIBP supported          : Max CPUID level          : 
Spec arch caps supported : IBRS and IBPB supported  : 
yesyes22yesyes


PCM Info: setrlimit for file limit 

PCM Info: setrlimit for file limit Max CPUID level          : Spec arch caps supported : CPU model number         : 1000000Max CPUID level          : STIBP supported          : 100000022yes85 failed with error 22yes failed with error 

Operation not permitted

Operation not permitted
CPU model number         : Max CPUID level          : 
CPU model number         : 
Spec arch caps supported : 852285yes


=====  Processor information  =====


CPU model number         : Max CPUID level          : 
=====  Processor information  =====
8522

CPU model number         : 85
Linux arch_perfmon flag  : yesLinux arch_perfmon flag  : 
yesHybrid processor         : 
noHybrid processor         : 
noIBRS and IBPB supported  : 
yesIBRS and IBPB supported  : 
yesSTIBP supported          : 
yesSTIBP supported          : 
yesSpec arch caps supported : 
yesSpec arch caps supported : 
yesMax CPUID level          : 
22Max CPUID level          : 
22CPU model number         : 
85CPU model number         : 
85
Linux arch_perfmon flag  : yes
Hybrid processor         : no
IBRS and IBPB supported  : yes
STIBP supported          : yes
Spec arch caps supported : yes
Max CPUID level          : 22
CPU model number         : 85
Number of physical cores: 16
Number of logical cores: 16
Number of online logical cores: 16
Threads (logical cores) per physical core: 1
Num sockets: 2
Physical cores per socket: 8
Last level cache slices per socket: 0
Core PMU (perfmon) version: 4
Number of core PMU generic (programmable) counters: 8
Width of generic (programmable) counters: 48 bits
Number of core PMU fixed counters: 3
Width of fixed counters: 48 bits
Number of physical cores: Nominal core frequency: Number of physical cores: 210000000016 Hz
Number of physical cores: 
16IBRS enabled in the kernel   : Number of physical cores: Number of logical cores: 
16noNumber of physical cores: 16Number of logical cores: 16Number of physical cores: 


16
16Number of logical cores: STIBP enabled in the kernel  : Number of online logical cores: 16
Number of logical cores: 
16no16
Number of online logical cores: 16Number of logical cores: 


Number of logical cores: 16
16Number of online logical cores: The processor is not susceptible to Rogue Data Cache Load: Threads (logical cores) per physical core: 16
Number of online logical cores: 
16no1
Threads (logical cores) per physical core: 16Number of online logical cores: 


Number of online logical cores: 1
16Threads (logical cores) per physical core: The processor supports enhanced IBRS                     : Num sockets: 16
Threads (logical cores) per physical core: 
1no2
Num sockets: 1Threads (logical cores) per physical core: 


Threads (logical cores) per physical core: 2
1Num sockets: Physical cores per socket: 
=====  Processor topology  =====
1
Num sockets: 
28OS_Processor    Thread_Id       Core_Id         Tile_Id         Package_Id      Core_Type   Native_CPU_Model

Physical cores per socket: 2Num sockets: 

0               Num sockets: 8
2Physical cores per socket: Last level cache slices per socket: 0               2
Physical cores per socket: 
800               
Last level cache slices per socket: 8Physical cores per socket: 

0               Physical cores per socket: 0
8Last level cache slices per socket: Core PMU (perfmon) version: 0               8
Last level cache slices per socket: 
04invalid
Last level cache slices per socket: Core PMU (perfmon) version: 040

Last level cache slices per socket: 
Core PMU (perfmon) version: 
Number of core PMU generic (programmable) counters: Core PMU (perfmon) version: 
04 Core PMU (perfmon) version: 84Number of core PMU generic (programmable) counters: 

 4

8Core PMU (perfmon) version: Number of core PMU generic (programmable) counters:  
Width of generic (programmable) counters: Number of core PMU generic (programmable) counters: 
48 Number of core PMU generic (programmable) counters: 488Width of generic (programmable) counters: 

 8 bits

48Number of core PMU generic (programmable) counters: Width of generic (programmable) counters:  
Number of core PMU fixed counters: Width of generic (programmable) counters:  bits
848 Width of generic (programmable) counters: 348Number of core PMU fixed counters: 
 bits
 48
 bits
3Width of generic (programmable) counters: Number of core PMU fixed counters:   bits
Width of fixed counters: Number of core PMU fixed counters: 
483-1              Number of core PMU fixed counters: 483Width of fixed counters:  bits


3 bits

48Number of core PMU fixed counters: Width of fixed counters: 
Nominal core frequency: Width of fixed counters:  bits
31               48Width of fixed counters: 210000000048Nominal core frequency: 
0                bits
48 Hz
 bits
2100000000Width of fixed counters: 1               Nominal core frequency:  bits
IBRS enabled in the kernel   : Nominal core frequency:  Hz
481               2100000000Nominal core frequency: no2100000000IBRS enabled in the kernel   :  bits
0                Hz
2100000000
 Hz
noNominal core frequency: invalidIBRS enabled in the kernel   :  Hz
STIBP enabled in the kernel  : IBRS enabled in the kernel   : 
2100000000 noIBRS enabled in the kernel   : nonoSTIBP enabled in the kernel  :  Hz
 
no

noIBRS enabled in the kernel   :  STIBP enabled in the kernel  : 
The processor is not susceptible to Rogue Data Cache Load: STIBP enabled in the kernel  : 
The processor is not susceptible to Rogue Data Cache Load: nono
 
STIBP enabled in the kernel  :  The processor supports enhanced IBRS                     : nono STIBP enabled in the kernel  : no
no
 nono
The processor is not susceptible to Rogue Data Cache Load: The processor is not susceptible to Rogue Data Cache Load: 
 

no
=====  Processor topology  =====
noThe processor supports enhanced IBRS                     :  The processor is not susceptible to Rogue Data Cache Load: The processor is not susceptible to Rogue Data Cache Load: 
OS_Processor    Thread_Id       Core_Id         Tile_Id         Package_Id      Core_Type   Native_CPU_Model

0               no-1              nonoThe processor supports enhanced IBRS                     : The processor supports enhanced IBRS                     : 0               



nono0               
=====  Processor topology  =====
2               The processor supports enhanced IBRS                     : The processor supports enhanced IBRS                     : 

0               OS_Processor    Thread_Id       Core_Id         Tile_Id         Package_Id      Core_Type   Native_CPU_Model
0               nono
=====  Processor topology  =====

=====  Processor topology  =====
0               0               2               


=====  Processor topology  =====
OS_Processor    Thread_Id       Core_Id         Tile_Id         Package_Id      Core_Type   Native_CPU_Model
OS_Processor    Thread_Id       Core_Id         Tile_Id         Package_Id      Core_Type   Native_CPU_Model
invalid0               2               
=====  Processor topology  =====
OS_Processor    Thread_Id       Core_Id         Tile_Id         Package_Id      Core_Type   Native_CPU_Model
0               0                0               0               OS_Processor    Thread_Id       Core_Id         Tile_Id         Package_Id      Core_Type   Native_CPU_Model
0               0               0                0               invalid0               0               0               0                0                0               0               0               0                invalid 0               0               0               0                  0               0               invalidinvalid   0               invalid     invalid                        -1                  
  1                    -1              0                   
-1              1                  -1              1               
1                3               -1              -1              
0               0                0               

1               1               invalid 3               1               1               1               0                 3               0               0               0               1                0               -1              1               invalid1               1                invalid
1                1               0                     0               1                0               invalid  invalid0                invalid    1                     1                     0                   -1               invalid   -1              
     
4                    2               0                 -1                0               4                 
  2               4               0                invalid-1                
2                0                 2               -1               2               2               -1               0               
 2               2               0               
 2               2                0               0               invalid 0               2               -1              2               invalid  2               0               
2                  2               invalid2               0                  0                0               invalid   invalid 2                  -1                2                  
    0                  5                 invalid   0                     5                    -1              5                   -1              
0                   
3               invalid-1              -1                3               0                

 -1              0               3                3               3                
3               3                0               0                3               3               0                3               3                0               0               invalid  3                 3               0                -1              invalid
3               0               -1              invalid   3               3               invalid
   0               0                6                  3               invalid 0                  3                 6                  0                 6                  invalid  0                     invalid              -1              -1              -1                  


  -1               4               4               4                 
 0               0               0                -1              4                4               4               4                
0                4               4               4                4               4                0               0               0               -1              0               4                invalidinvalidinvalid
4               0               -1                 4               4               invalid
   0               0                7                   4                  4                0               invalid invalid  -1              0                   
  7                  5                 7                  0                 0                  5                 invalid   5                     0                    -1              invalid-1                 -1              
 
  -1              
 5               5               5               -1               
 0               0               0               
 5               5                5               5               5                0               0                5               5               5                5               5                0               0               0                5               5                invalidinvalidinvalid-1              0               0                   
invalidinvalid    8                 -1                 0                 
   0                 6                  8                 0                  1                  6                  6                  0                -1               invalid invalid  
  -1                 6               -1               
  -1              0               
 6                 
6               6                0                -1              6               6               0                6                
0               0               6                6                6               6               invalid6                0                0               6                0                invalid 6               0                invalid   6               invalid  -1               -1              0                  
 
invalid   9                7                   0                0                   1                7                   9                7                   1                0                 -1               invalid invalid  
  -1                 Number of physical cores: 7               160               -1              
7                
Number of logical cores: 
7                 7               160               7                 0               
invalid0                 7               Number of online logical cores:  7                 7               16 7                 0               
 0                 invalidThreads (logical cores) per physical core:  invalid   1  -1                
  
-1               Num sockets:   10              
 2  0               8                
  2               0                Physical cores per socket: -1               10              0                8
 1               8                
8                invalid1                Last level cache slices per socket: 0                 invalid-1              00               -1                 
-1              
8               
    8               
Core PMU (perfmon) version: 1               8                  0               -1              7               4invalid0                  0                 8               
 1               0               -1              invalid
7                7               
0                Number of core PMU generic (programmable) counters:  0                7               9               8                8 7                0               0               1                
 7                invalid1               invalid Width of generic (programmable) counters: -1              0                 9                 48
invalid  1                  bits
11                 invalid  Number of core PMU fixed counters: 0                     33                     
11               -1                 -1              Width of fixed counters: 1                
   
48invalid 9                  9                bits
  0                  0               Nominal core frequency:   1               -1               -1              1               2100000000  9               
 
9               9               1                Hz
0               invalid IBRS enabled in the kernel   : 1                -1               no1               9               invalid8                
  
1                0               0                8               -1               STIBP enabled in the kernel  : invalid 8                0               
 no  1                0               10               
  invalid     8               0               -1              The processor is not susceptible to Rogue Data Cache Load:      1               2               
no      invalid10              12              
  -1                1               0               The processor supports enhanced IBRS                     :   
-1               invalid4               no  9               
  12              
 -1              0               10                1               
=====  Processor topology  =====
 
1               0                 invalidOS_Processor    Thread_Id       Core_Id         Tile_Id         Package_Id      Core_Type   Native_CPU_Model
-1              10              9               2                     0                 
0                0                0               1               10               10              2                0                invalid0               -1              1               10                0                 2               
invalid11              1                 invalid  10               0               invalid-1               -1               1                3                
 
 invalid 11               13               9                  1                0                0                  invalid 5                1                    13              1                9                    invalid   1                         invalid-1                      
 -1                 -1               10               
 -1              -1              
 0               2                10              -1              11              1               
 0               invalid
11               
3                1               11              0                 14              11               0               0               3               -1               0               1                1               3               11              
 6               invalid 1               11              1               12               14                0               1               invalid0                1                 invalidinvalid  4                invalid         12              -1                     1               
     -1              invalid10                -1                
  0                 
  12               2                 11                0                10                0                 4                1                -1              3                 12               invalid 
11               -1               
-1              1               2               
 invalid0               12                  2               0               12               1                 -1              2               4               0                invalid-1               
0               12              4                 
 15              invalid1               12                13               0                invalid 1                 0                7                  invalid  5                15                    13               1                     1                invalid     -1               invalid-1                -1               
  
  
 11                13                13               0               -1               0                 0                3               
 5                -1              5               13               1               -1              invalid11              
 12              1                13               13              0                invalid
 0                1               4                  3               5                invalid12                 0               13                1                  3               1                 invalid -1               -1              3               invalid    
 
0                    =====  Placement on packages  =====
 14              invalid     Package Id.    Core Id.     Processors
 0                 -1                 0               6                 
 -1              0 14                14               
,-1              1                 0                13              1
invalid  6               -1              0               ,12                 14              
5               20               4               12               1                 invalid   -1              1                14                13              
invalid,  0               -1              1               14                 3  6               
invalid0                   ,  14              4                6                 4  1               0                14              -1              , -1              invalid4                1               
5 
 4                invalid15              , 15               0                 0               6 0                invalid  7               ,-1              7                   15              7
15                  1               
13              1                   invalid  1              0               invalid  -1                   0,5               113               , 1                 2
  invalid   ,14              -1                   30               
     ,6               15              -1               -1                414              0               
 
-1               ,1               7               15               =====  Placement on packages  =====

 5invalid15              0                Package Id.    Core Id.     Processors
5                , 1               7                0              0               -1              6 invalid 15               05               
,   1                ,5               =====  Placement on packages  =====
7   invalid-1              10               Package Id.    Core Id.     Processors

    
,invalid0              
=====  Core/Tile sharing  =====
    14              2 0Level      Processors
Core       ( 0 -1              )  
(-1              0                =====  Placement on packages  =====
,1
 6               , Package Id.    Core Id.     Processors
3)15               14              1 0              ,(0                1               , 0427                invalid2 ,,)15                 , 15(1                 3-1              ,,3invalid      ,
26)  -1               4=====  Placement on packages  =====
,,(  
 ,Package Id.    Core Id.     Processors
374 -1              6                50              ,
)
0                ,041              (=====  Placement on packages  =====
6                6,,05Package Id.    Core Id.     Processors
6                ,15,)0              0               -1              7,,1(0invalid

26,6,  15              1              ,,2,)3(1,7 ,4)0                20,,3(77                ,51,8
15               3,,4)1              1                ,62,(90invalid 4,,5),  ,73,(1 -1              5
,610, 
,
=====  Core/Tile sharing  =====
4,)2 7               6Level      Processors
Core       ,7(, 0               ,(5
113 7               70,1              ), 7               
)60(4 0               1              (,,12, invalid0171)5-1               ,)
,(,
 1(
=====  Core/Tile sharing  =====
2,133)6,(,=====  Placement on packages  =====
414 7,Package Id.    Core Id.     Processors
2,)Level      Processors
Core        
20              )5(( 
=====  Core/Tile sharing  =====
,0(,150 Level      Processors
Core       3,36)) (,1),
Tile / L2$ ( 04,(7(1 ),24
0)-1              (5,)
=====  Core/Tile sharing  =====
)(
1,3(Level      Processors
Core       (28               )6,5(1)0               (,4)0)(0               27,()(38               )
56(2)1               (
=====  Core/Tile sharing  =====
,6),1(7))((7
invalid(334)Level      Processors
Core       1               2)))(8(0 )((()0, (445()1 3)))9(, )((()12 (556(), 4)))10(3 )((()2, (667()4-1              5)))11(,
)9               ((()35(0               778(),61               )))12(6)9               ((()4,(1               889)((13)10)(7)(75invalid
)(14))) 
=====  Core/Tile sharing  =====
(11))((( Level      Processors
Core       9((986 ()1215))) 0())((( )10(
Tile / L2$ 1097 ()13())) 1()0(((  )11()11108-1              ()14()))
2()1(((10              )12()121190               ()15()))2               3()2(((10              )13
Tile / L2$ )1312101               ()(())()13(invalid)11 4()( 0)314((14     )())1214)  (5(())(-1              1)415((15
)())1315)11              0               (6(
Tile / L2$ ))
3               2)5((
Tile / L2$ 
11              )()014(1               Package thermal spec power: (7())0invalid03)6(()  Watt; )()115( Package minimum power: (8())1 04)7(
Tile / L2$ )  Watt; )()2(( Package maximum power: (9()02 05)8())  Watt;
)(10))3(((()9 1(11
3() )6))4(-1              ()Can't open MCFG table. Check permission of (()10
2(/sys/firmware/acpi/tables/MCFG124()12              )7
))5(0               ()Can't open MCFG table. Check permission of (()114               3(/sys/firmware/acpi/tables/MCFG1135()12              )8
))6(1               ()Can't open MCFG table. Check permission of (()12invalid4(/pcm/sys/firmware/acpi/tables/MCFG146() )9
))7( ()Can't open MCFG table. Check permission of (()13 5(/pcm/sys/firmware/acpi/tables/MCFG1157() )(106)
)(()11
Tile / L2$ )7)8(((14 )()WARNING: enumeration of devices in UncorePMUDiscovery failed
08) (12())( 8)9((15 )()19) (13())
-1              9)10((

)()21013              Package thermal spec power: (14())0               010)11((5                Watt; )()31113              Package minimum power: (15())1               011)12((invalid Watt; )
)412 Package maximum power: (
()) 01213Package thermal spec power: ((  Watt;
))0513 (( Watt; )) 1314Package minimum power: ((14 ) )( )(150 (146) Watt; 
-1              15INFO: Linux perf interface to program uncore PMUs is ))
Package maximum power: 
)present
((
014              
INFO: using Linux perf interface to program uncore PMUs because env variable PCM_USE_UNCORE_PERF=1
15Can't open MCFG table. Check permission of 7 Watt;
0               Package thermal spec power: 
INFO: Secure Boot detected. Using Linux perf for uncore PMU programming.
)/sys/firmware/acpi/tables/MCFG)6               0Package thermal spec power: 

(14               Watt; 0
Can't open MCFG table. Check permission of 81               Package minimum power:  Watt; /sys/firmware/acpi/tables/MCFG1Package thermal spec power: )invalid0Package minimum power: 
0(  Watt; 0Can't open MCFG table. Check permission of  Watt; 9 Package maximum power:  Watt; /pcm/sys/firmware/acpi/tables/MCFGPackage minimum power: ) 0Package maximum power: 
0(  Watt;
0Can't open MCFG table. Check permission of  Watt; 10  Watt;
/pcm/sys/firmware/acpi/tables/MCFG1Package maximum power: ) 
0(    Watt;
11-1              )
(15              120               )7               WARNING: enumeration of devices in UncorePMUDiscovery failed
(15              131               )invalid( 14
 )  ( 15Can't open MCFG table. Check permission of  )
/sys/firmware/acpi/tables/MCFG 



 INFO: Linux perf interface to program uncore PMUs is 
Can't open MCFG table. Check permission of Can't open MCFG table. Check permission of  Can't open MCFG table. Check permission of present
/sys/firmware/acpi/tables/MCFGPackage thermal spec power: /sys/firmware/acpi/tables/MCFG1-1              /sys/firmware/acpi/tables/MCFGCan't open MCFG table. Check permission of INFO: using Linux perf interface to program uncore PMUs because env variable PCM_USE_UNCORE_PERF=1

0


=====  Placement on packages  =====
/sys/firmware/acpi/tables/MCFGINFO: Secure Boot detected. Using Linux perf for uncore PMU programming.
Can't open MCFG table. Check permission of  Watt; Can't open MCFG table. Check permission of Can't open MCFG table. Check permission of Package Id.    Core Id.     Processors

/sys/firmware/acpi/tables/MCFG1Package minimum power: /pcm/sys/firmware/acpi/tables/MCFG/sys/firmware/acpi/tables/MCFG10              Can't open MCFG table. Check permission of 
0

0/sys/firmware/acpi/tables/MCFG1Can't open MCFG table. Check permission of  Watt; Can't open MCFG table. Check permission of Can't open MCFG table. Check permission of ,
/pcm/sys/firmware/acpi/tables/MCFGPackage maximum power: /pcm/sys/firmware/acpi/tables/MCFG1/pcm/sys/firmware/acpi/tables/MCFG1Can't open MCFG table. Check permission of 
0

,/pcm/sys/firmware/acpi/tables/MCFGCan't open MCFG table. Check permission of  Watt;
Can't open MCFG table. Check permission of 2
/pcm/sys/firmware/acpi/tables/MCFG1/pcm/sys/firmware/acpi/tables/MCFG1,Can't open MCFG table. Check permission of 

3/pcm/sys/firmware/acpi/tables/MCFG1,
4,5WARNING: enumeration of devices in UncorePMUDiscovery failed
,6,7
1              0,1,2WARNING: enumeration of devices in UncorePMUDiscovery failed
,WARNING: enumeration of devices in UncorePMUDiscovery failed
3WARNING: enumeration of devices in UncorePMUDiscovery failed
,4,5,6,7

=====  Core/Tile sharing  =====
Level      Processors
Core       (0)(1)(2)(3)(4)(5)(
6)INFO: Linux perf interface to program uncore PMUs is (7present
INFO: Linux perf interface to program uncore PMUs is )INFO: using Linux perf interface to program uncore PMUs because env variable PCM_USE_UNCORE_PERF=1
(INFO: Linux perf interface to program uncore PMUs is present
INFO: Secure Boot detected. Using Linux perf for uncore PMU programming.
8INFO: Linux perf interface to program uncore PMUs is present
present
INFO: using Linux perf interface to program uncore PMUs because env variable PCM_USE_UNCORE_PERF=1
Can't open MCFG table. Check permission of )INFO: using Linux perf interface to program uncore PMUs because env variable PCM_USE_UNCORE_PERF=1
INFO: using Linux perf interface to program uncore PMUs because env variable PCM_USE_UNCORE_PERF=1
INFO: Secure Boot detected. Using Linux perf for uncore PMU programming.
/sys/firmware/acpi/tables/MCFG(INFO: Secure Boot detected. Using Linux perf for uncore PMU programming.
INFO: Secure Boot detected. Using Linux perf for uncore PMU programming.

9Can't open MCFG table. Check permission of )/sys/firmware/acpi/tables/MCFG1(
10Can't open MCFG table. Check permission of )/pcm/sys/firmware/acpi/tables/MCFG(
11Can't open MCFG table. Check permission of )/pcm/sys/firmware/acpi/tables/MCFG1(
12)(13)(14)(15)
Tile / L2$ (0)(1)(2)(3)(WARNING: enumeration of devices in UncorePMUDiscovery failed
4)(5)(6)(7)(8)(9)(10)(11)(12)(13)(14)(15)

Package thermal spec power: 0 Watt; Package minimum power: 0 Watt; Package maximum power: 0 Watt;

Socket 0: INFO: Linux perf interface to program uncore PMUs is 2present
 memory controllers detected with total number of Can't open MCFG table. Check permission of INFO: using Linux perf interface to program uncore PMUs because env variable PCM_USE_UNCORE_PERF=1
6/sys/firmware/acpi/tables/MCFGINFO: Secure Boot detected. Using Linux perf for uncore PMU programming.
 channels. 
2Can't open MCFG table. Check permission of  /sys/firmware/acpi/tables/MCFG1UPI
 ports detected.Can't open MCFG table. Check permission of  /pcm/sys/firmware/acpi/tables/MCFG2
 M2M (mesh to memory) blocks detected. Can't open MCFG table. Check permission of 0/pcm/sys/firmware/acpi/tables/MCFG1 Home Agents detected. 
2 M3UPI blocks detected.
WARNING: enumeration of devices in UncorePMUDiscovery failed
INFO: Linux perf interface to program uncore PMUs is present
INFO: using Linux perf interface to program uncore PMUs because env variable PCM_USE_UNCORE_PERF=1
INFO: Secure Boot detected. Using Linux perf for uncore PMU programming.
Socket 0: 2 memory controllers detected with total number of 6 channels. 2 UPI ports detected. 2 M2M (mesh to memory) blocks detected. 0 Home Agents detected. 2 M3UPI blocks detected.
Socket 0: 2 memory controllers detected with total number of 6 channels. 2 UPI ports detected. Socket 20 M2M (mesh to memory) blocks detected. : 02 Home Agents detected.  memory controllers detected with total number of 26 M3UPI blocks detected.
 channels. 2 UPI ports detected. 2 M2M (mesh to memory) blocks detected. Socket 0 Home Agents detected. 2Socket 0 M3UPI blocks detected.
: Socket 02Socket 0:  memory controllers detected with total number of 1: 26: 2 memory controllers detected with total number of  channels. 2 memory controllers detected with total number of 62 memory controllers detected with total number of 6 channels.  6 channels. 2UPI channels. 2  ports detected.2 UPI  UPI ports detected.2UPI ports detected.Socket   M2M (mesh to memory) blocks detected.  ports detected. 020 2:  M2M (mesh to memory) blocks detected.  Home Agents detected. 2 M2M (mesh to memory) blocks detected. 202 M2M (mesh to memory) blocks detected. 0 memory controllers detected with total number of  Home Agents detected.  M3UPI blocks detected.
0 Home Agents detected. 6 channels. 2 Home Agents detected. 22 M3UPI blocks detected.
2 M3UPI blocks detected.
  M3UPI blocks detected.
UPI ports detected. 2 M2M (mesh to memory) blocks detected. 0 Home Agents detected. 2 M3UPI blocks detected.
Socket 1: 2 memory controllers detected with total number of 6 channels. 2 UPI ports detected. 2 M2M (mesh to memory) blocks detected. 0 Home Agents detected. 2 M3UPI blocks detected.
Socket 1: 2 memory controllers detected with total number of 6 channels. 2 UPI ports detected. 2 M2M (mesh to memory) blocks detected. 0 Home Agents detected. 2 M3UPI blocks detected.
Socket 1: 2 memory controllers detected with total number of 6 channels. 2 UPI ports detected. 2 M2M (mesh to memory) blocks detected. 0 Home Agents detected. 2 M3UPI blocks detected.
Socket 1: 2 memory controllers detected with total number of 6 channels. 2 UPI ports detected. 2 M2M (mesh to memory) blocks detected. 0 Home Agents detected. 2 M3UPI blocks detected.
Socket 1Socket : 21Socket  memory controllers detected with total number of : 162:  channels.  memory controllers detected with total number of 226 memory controllers detected with total number of   channels. 6UPI2 channels.  ports detected. 2 UPI 2 ports detected.UPI M2M (mesh to memory) blocks detected.   ports detected.02  Home Agents detected.  M2M (mesh to memory) blocks detected. 220 M2M (mesh to memory) blocks detected.  M3UPI blocks detected.
 Home Agents detected. 02 Home Agents detected.  M3UPI blocks detected.
2 M3UPI blocks detected.
INFO: using Linux resctrl driver for RDT metrics (L3OCC, LMB, RMB) because environment variable PCM_USE_RESCTRL=1
ERROR: /sys/fs/resctrl is not mounted
ERROR: RDT metrics (L3OCC,LMB,RMB) will not be available
Mount it to make it work: mount -t resctrl resctrl /sys/fs/resctrl

INFO: using Linux resctrl driver for RDT metrics (L3OCC, LMB, RMB) because environment variable PCM_USE_RESCTRL=1
INFO: using Linux resctrl driver for RDT metrics (L3OCC, LMB, RMB) because environment variable PCM_USE_RESCTRL=1
ERROR: /sys/fs/resctrl is not mounted
 Closed perf event handles
ERROR: RDT metrics (L3OCC,LMB,RMB) will not be available
Trying to use Linux perf events...
Mount it to make it work: mount -t resctrl resctrl /sys/fs/resctrl
ERROR: /sys/fs/resctrl is not mounted
ERROR: RDT metrics (L3OCC,LMB,RMB) will not be available
Mount it to make it work: mount -t resctrl resctrl /sys/fs/resctrl
INFO: using Linux resctrl driver for RDT metrics (L3OCC, LMB, RMB) because environment variable PCM_USE_RESCTRL=1
ERROR: /sys/fs/resctrl is not mounted
ERROR: RDT metrics (L3OCC,LMB,RMB) will not be available
Mount it to make it work: mount -t resctrl resctrl /sys/fs/resctrl


INFO: using Linux resctrl driver for RDT metrics (L3OCC, LMB, RMB) because environment variable PCM_USE_RESCTRL=1
ERROR: /sys/fs/resctrl is not mounted
ERROR: RDT metrics (L3OCC,LMB,RMB) will not be available
Mount it to make it work: mount -t resctrl resctrl /sys/fs/resctrl
INFO: using Linux resctrl driver for RDT metrics (L3OCC, LMB, RMB) because environment variable PCM_USE_RESCTRL=1

INFO: using Linux resctrl driver for RDT metrics (L3OCC, LMB, RMB) because environment variable PCM_USE_RESCTRL=1
INFO: using Linux resctrl driver for RDT metrics (L3OCC, LMB, RMB) because environment variable PCM_USE_RESCTRL=1
ERROR: /sys/fs/resctrl is not mounted
 Closed perf event handles
ERROR: RDT metrics (L3OCC,LMB,RMB) will not be available
ERROR: /sys/fs/resctrl is not mounted
ERROR: /sys/fs/resctrl is not mounted
Trying to use Linux perf events...
 Closed perf event handles
Mount it to make it work: mount -t resctrl resctrl /sys/fs/resctrl
Trying to use Linux perf events...
ERROR: RDT metrics (L3OCC,LMB,RMB) will not be available
ERROR: RDT metrics (L3OCC,LMB,RMB) will not be available

Mount it to make it work: mount -t resctrl resctrl /sys/fs/resctrl
Mount it to make it work: mount -t resctrl resctrl /sys/fs/resctrl
 Closed perf event handles
Trying to use Linux perf events...
 Closed perf event handles

Trying to use Linux perf events...

 Closed perf event handles
Trying to use Linux perf events...

 Closed perf event handles
Trying to use Linux perf events...
 Closed perf event handles
Trying to use Linux perf events...
Successfully programmed on-core PMU using Linux perf
Successfully programmed on-core PMU using Linux perf
Successfully programmed on-core PMU using Linux perf
Successfully programmed on-core PMU using Linux perf
Successfully programmed on-core PMU using Linux perf
Successfully programmed on-core PMU using Linux perf
Successfully programmed on-core PMU using Linux perf
Successfully programmed on-core PMU using Linux perf
Socket 0
Max UPI link 0 speed: 2.4 GBytes/second (1.1 GT/second)
Max UPI link 1 speed: 2.4 GBytes/second (1.1 GT/second)
Socket 1
Max UPI link 0 speed: 2.5 GBytes/second (1.1 GT/second)
Max UPI link 1 speed: 2.5 GBytes/second (1.1 GT/second)

Detected Intel(R) Xeon(R) Silver 4208 CPU @ 2.10GHz "Intel(r) microarchitecture codename Cascade Lake-SP" stepping 7

Executing "./VE/b_eff1/b_eff" command:
Socket 0
Max UPI link 0 speed: 2.4Socket  GBytes/second (1.1 GT/second)
0Max 
UPIMax  link UPI1 link  speed: 02.4 speed:  GBytes/second (1.1 GT/second)
Socket 1
Max UPI2.3 link  GBytes/second (01.0 speed:  GT/second)
2.2Max  GBytes/second (UPI1.0 link  GT/second)
1Max  speed: UPI2.3 link  GBytes/second (11.0 speed:  GT/second)
2.2Socket  GBytes/second (11.0
 GT/second)
Max UPI link 0 speed: 
Detected 2.6 GBytes/second (1.2Intel(R) Xeon(R) Silver 4208 CPU @ 2.10GHz GT/second)
 "Intel(r) microarchitecture codename Max Cascade Lake-SPUPI" stepping  link 71
 speed: 2.6 GBytes/second (1.2 GT/second)

Detected Intel(R) Xeon(R) Silver 4208 CPU @ 2.10GHz "Intel(r) microarchitecture codename Cascade Lake-SP" stepping 7

Executing "./VE/b_eff1/b_eff" command:

Executing "./VE/b_eff1/b_eff" command:
Socket 0
Max UPI link 0 speed: 2.5 GBytes/second (1.1 GT/second)
Max UPI link 1 speed: 2.5 GBytes/second (1.1 GT/second)
Socket 1
Max UPI link 0 speed: 2.5 GBytes/second (1.1 GT/second)
Max UPI link 1 speed: 2.5 GBytes/second (1.1 GT/second)

Detected Intel(R) Xeon(R) Silver 4208 CPU @ 2.10GHz "Intel(r) microarchitecture codename Cascade Lake-SP" stepping 7

Executing "./VE/b_eff1/b_eff" command:
Socket 0
Max UPI link 0 speed: 2.3 GBytes/second (1.0 GT/second)
Max UPI link 1 speed: 2.3 GBytes/second (1.0 GT/second)
Socket 1
Max UPI link 0 speed: 2.3 GBytes/second (1.0 GT/second)
Max UPI link 1 speed: 2.3 GBytes/second (1.0 GT/second)

Detected Intel(R) Xeon(R) Silver 4208 CPU @ 2.10GHz "Intel(r) microarchitecture codename Cascade Lake-SP" stepping 7

Executing "./VE/b_eff1/b_eff" command:
Socket 0
Max UPI link 0 speed: 2.6 GBytes/second (1.2 GT/second)
Max UPI link 1 speed: 2.6 GBytes/second (1.2 GT/second)
Socket 1
Max UPI link 0 speed: 2.5 GBytes/second (1.1 GT/second)
Max UPI link 1 speed: 2.5 GBytes/second (1.1 GT/second)

Detected Intel(R) Xeon(R) Silver 4208 CPU @ 2.10GHz "Intel(r) microarchitecture codename Cascade Lake-SP" stepping 7

Executing "./VE/b_eff1/b_eff" command:
Socket 0
Max UPI link 0 speed: 2.3 GBytes/second (1.0 GT/second)
Max UPI link 1 speed: 2.3 GBytes/second (1.0 GT/second)
Socket 1
Max UPI link 0 speed: 2.1 GBytes/second (0.9 GT/second)
Max UPI link 1 speed: 2.1 GBytes/second (0.9 GT/second)

Detected Intel(R) Xeon(R) Silver 4208 CPU @ 2.10GHz "Intel(r) microarchitecture codename Cascade Lake-SP" stepping 7

Executing "./VE/b_eff1/b_eff" command:
Socket 0
Max UPI link 0 speed: 2.5 GBytes/second (1.1 GT/second)
Max UPI link 1 speed: 2.5 GBytes/second (1.1 GT/second)
Socket 1
Max UPI link 0 speed: 2.4 GBytes/second (1.1 GT/second)
Max UPI link 1 speed: 2.4 GBytes/second (1.1 GT/second)

Detected Intel(R) Xeon(R) Silver 4208 CPU @ 2.10GHz "Intel(r) microarchitecture codename Cascade Lake-SP" stepping 7

Executing "./VE/b_eff1/b_eff" command:
b_eff =  82806.818 MB/s = 10350.852 *   8 PEs with 256 MB/PE on Linux muffin 4.18.0-477.15.1.el8_8.x86_64 #1 SMP Wed Jun 28 15:04:18 UTC 2023 VE
DEBUG: caught signal to interrupt (Child exited).
Cleaning up
 Closed perf event handles
DEBUG: caught signal to interrupt (Child exited).
Cleaning up
 Closed perf event handles
DEBUG: caught signal to interrupt (Child exited).
Cleaning up
DEBUG: caught signal to interrupt (Child exited).
Cleaning up
 Closed perf event handles
 Closed perf event handles
DEBUG: caught signal to interrupt (Child exited).
Cleaning up
DEBUG: caught signal to interrupt ( Closed perf event handles
Child exited).
Cleaning up
 Closed perf event handles
DEBUG: caught signal to interrupt (Child exited).
Cleaning up
 Closed perf event handles
 Zeroed uncore PMU registers
DEBUG: caught signal to interrupt (Child exited).
Cleaning up
 Closed perf event handles
 Zeroed uncore PMU registers
 Zeroed uncore PMU registers
 Zeroed uncore PMU registers
 Zeroed uncore PMU registers
 Zeroed uncore PMU registers
 Zeroed uncore PMU registers
 Zeroed uncore PMU registers
	Command being timed: "/opt/nec/ve/bin/mpirun -np 8 /usr/sbin/pcm 0.1 -csv=./output/9/ve_b_eff_VE_9.csv -- ./VE/b_eff1/b_eff"
	User time (seconds): 3.52
	System time (seconds): 3.13
	Percent of CPU this job got: 9%
	Elapsed (wall clock) time (h:mm:ss or m:ss): 1:10.22
	Average shared text size (kbytes): 0
	Average unshared data size (kbytes): 0
	Average stack size (kbytes): 0
	Average total size (kbytes): 0
	Maximum resident set size (kbytes): 141564
	Average resident set size (kbytes): 0
	Major (requiring I/O) page faults: 0
	Minor (reclaiming a frame) page faults: 5295
	Voluntary context switches: 113887
	Involuntary context switches: 6134
	Swaps: 0
	File system inputs: 0
	File system outputs: 43512
	Socket messages sent: 0
	Socket messages received: 0
	Signals delivered: 0
	Page size (bytes): 4096
	Exit status: 0

 Intel(r) Performance Counter Monitor (2022-11-24 10:18:12 +0100 ID=1b16bb4e)


PCM Info: setrlimit for file limit 1000000 failed with error Operation not permitted

=====  Processor information  =====

 Intel(r) Performance Counter Monitor 
(2022-11-24 10:18:12 +0100 ID=1b16bb4e) Intel(r) Performance Counter Monitor 

(2022-11-24 10:18:12 +0100 ID=1b16bb4e)


 Intel(r) Performance Counter Monitor 

 Intel(r) Performance Counter Monitor  Intel(r) Performance Counter Monitor (2022-11-24 10:18:12 +0100 ID=1b16bb4e)
(2022-11-24 10:18:12 +0100 ID=1b16bb4e)(2022-11-24 10:18:12 +0100 ID=1b16bb4e)



PCM Info: setrlimit for file limit 


1000000

PCM Info: setrlimit for file limit 
 failed with error 1000000 failed with error Operation not permittedOperation not permitted
PCM Info: setrlimit for file limit 
PCM Info: setrlimit for file limit PCM Info: setrlimit for file limit 100000010000001000000 failed with error  failed with error  failed with error Operation not permitted
=====  Processor information  =====
Operation not permittedOperation not permitted

=====  Processor information  =====



=====  Processor information  =====

=====  Processor information  =====

=====  Processor information  =====
Linux arch_perfmon flag  : yes
Linux arch_perfmon flag  : Hybrid processor         : yesLinux arch_perfmon flag  : no
Linux arch_perfmon flag  : yes
Hybrid processor         : 
yes

IBRS and IBPB supported  : no Intel(r) Performance Counter Monitor 
Hybrid processor         :  Intel(r) Performance Counter Monitor yes
(2022-11-24 10:18:12 +0100 ID=1b16bb4e)Hybrid processor         : no(2022-11-24 10:18:12 +0100 ID=1b16bb4e)
IBRS and IBPB supported  : 
no

STIBP supported          : yes

IBRS and IBPB supported  : 
yes

IBRS and IBPB supported  : yes

STIBP supported          : yes
Spec arch caps supported : PCM Info: setrlimit for file limit yes
STIBP supported          : yesPCM Info: setrlimit for file limit 1000000
STIBP supported          : yes
1000000 failed with error Spec arch caps supported : yes
Max CPUID level          :  failed with error Operation not permittedyes
Spec arch caps supported : 22
Operation not permitted
Spec arch caps supported : yes

Max CPUID level          : yes
CPU model number         : 22
Max CPUID level          : 
=====  Processor information  =====
85
Max CPUID level          : 
=====  Processor information  =====
22
CPU model number         : 8522


CPU model number         : CPU model number         : Linux arch_perfmon flag  : 8585Linux arch_perfmon flag  : yes

yes

Hybrid processor         : Hybrid processor         : nono

IBRS and IBPB supported  : IBRS and IBPB supported  : yesyes

STIBP supported          : STIBP supported          : yesyes

Spec arch caps supported : Spec arch caps supported : yesyes

Max CPUID level          : Max CPUID level          : 2222

CPU model number         : CPU model number         : 8585

Number of physical cores: Number of physical cores: 1616Number of physical cores: 

16Number of logical cores: 16Number of logical cores: 

16Number of logical cores: Number of online logical cores: 
1616Number of online logical cores: 

16Number of online logical cores: Threads (logical cores) per physical core: 
161Threads (logical cores) per physical core: 

1Threads (logical cores) per physical core: Num sockets: 
12Num sockets: 

2Num sockets: Physical cores per socket: 
28Physical cores per socket: 

8Physical cores per socket: Last level cache slices per socket: 
80Last level cache slices per socket: 

0Last level cache slices per socket: Core PMU (perfmon) version: 
04Core PMU (perfmon) version: 

4Core PMU (perfmon) version: Number of core PMU generic (programmable) counters: 
48Number of core PMU generic (programmable) counters: 

8Number of core PMU generic (programmable) counters: Width of generic (programmable) counters: 
848Width of generic (programmable) counters: 
 bits
48Width of generic (programmable) counters: Number of core PMU fixed counters:  bits
483Number of core PMU fixed counters:  bits

3Number of core PMU fixed counters: Width of fixed counters: 
348Width of fixed counters: 
 bits
48Width of fixed counters: Nominal core frequency:  bits
482100000000Nominal core frequency:  bits
 Hz
2100000000Nominal core frequency: IBRS enabled in the kernel   :  Hz
2100000000noIBRS enabled in the kernel   :  Hz

noIBRS enabled in the kernel   : STIBP enabled in the kernel  : 
nonoSTIBP enabled in the kernel  : 

noSTIBP enabled in the kernel  : The processor is not susceptible to Rogue Data Cache Load: 
nonoThe processor is not susceptible to Rogue Data Cache Load: 
noThe processor supports enhanced IBRS                     : 

noNumber of physical cores: The processor is not susceptible to Rogue Data Cache Load: The processor supports enhanced IBRS                     : Number of physical cores: 
noNumber of physical cores: 16no
=====  Processor topology  =====
16
16

OS_Processor    Thread_Id       Core_Id         Tile_Id         Package_Id      Core_Type   Native_CPU_Model

=====  Processor topology  =====

The processor supports enhanced IBRS                     : 
Number of logical cores: 0               OS_Processor    Thread_Id       Core_Id         Tile_Id         Package_Id      Core_Type   Native_CPU_Model
Number of logical cores: noNumber of logical cores: 160               0               16
16
0               0               

=====  Processor topology  =====

Number of online logical cores: 0               0               Number of online logical cores: OS_Processor    Thread_Id       Core_Id         Tile_Id         Package_Id      Core_Type   Native_CPU_Model
Number of online logical cores: 160               0               160               16
invalid0               
0               
Threads (logical cores) per physical core:  invalidThreads (logical cores) per physical core: 0               Threads (logical cores) per physical core: 1  10               1
   
0               
Num sockets:    Num sockets: invalidNum sockets: 2   2 2
  
 
Physical cores per socket: -1               Physical cores per socket:  Physical cores per socket: 8
 1               8 8
  0               
 
Last level cache slices per socket: -1              1               Last level cache slices per socket:  Last level cache slices per socket: 0
1               0 0
0               1               
 
Core PMU (perfmon) version: invalid0               Core PMU (perfmon) version:  Core PMU (perfmon) version: 4 1               1               0               4invalid
-1               Number of core PMU generic (programmable) counters: 4
 8

1                 
Number of core PMU generic (programmable) counters: 0               Number of core PMU generic (programmable) counters:    Width of generic (programmable) counters: 81               8   48
1               
   bits
Width of generic (programmable) counters: 0               Width of generic (programmable) counters:   Number of core PMU fixed counters: 48invalid 48-1               3 bits
   bits

 2               
Number of core PMU fixed counters:   Number of core PMU fixed counters:  0               Width of fixed counters: 3  3-1              2               48
  

2                bits
Width of fixed counters: -1              Width of fixed counters: 2               0               0               Nominal core frequency: 48
482               invalid2100000000 bits
2                bits
2                 Hz
Nominal core frequency: 0               Nominal core frequency: 0                 IBRS enabled in the kernel   : 21000000002               2100000000invalid no Hz
2                Hz
  
IBRS enabled in the kernel   : 0               IBRS enabled in the kernel   :      STIBP enabled in the kernel  : nono

invalidThe processor is not susceptible to Rogue Data Cache Load: STIBP enabled in the kernel  : no nono 
  

 Linux arch_perfmon flag  : STIBP enabled in the kernel  :   The processor supports enhanced IBRS                     : The processor is not susceptible to Rogue Data Cache Load:  no yes nono 
  
-1              

-1              The processor is not susceptible to Rogue Data Cache Load:   Hybrid processor         : 

=====  Processor topology  =====
The processor supports enhanced IBRS                     : 
no no3               OS_Processor    Thread_Id       Core_Id         Tile_Id         Package_Id      Core_Type   Native_CPU_Model
no3               
-1              
0               0               
0               The processor supports enhanced IBRS                     : 
IBRS and IBPB supported  : 3               0               
=====  Processor topology  =====
3               no3               yes3               Linux arch_perfmon flag  : 0               OS_Processor    Thread_Id       Core_Id         Tile_Id         Package_Id      Core_Type   Native_CPU_Model
3               
0               
0               invalid      yes0               0               0               
=====  Processor topology  =====
3               STIBP supported          :  
0               0               invalidOS_Processor    Thread_Id       Core_Id         Tile_Id         Package_Id      Core_Type   Native_CPU_Model
3               yes  Hybrid processor         : invalid0                0               0               
-1              no  0                0               0               invalid0                Spec arch caps supported : 0                
yes
invalid  4               
0               IBRS and IBPB supported  :     0               Max CPUID level          : invalidyes    4               22 
    4               
 STIBP supported          :     0               CPU model number         :  yes    invalid85   
 Spec arch caps supported :   yes    
    -1              -1              
Max CPUID level          : -1              -1                

22

-1               1               4               
1               4               
 0               0               CPU model number         : 0               0               1                1               4               851               4               0                1               4               
1               4               1                0               0               0               0               1                invalidinvalid    invalidinvalid0                     invalid-1                    
        5                  0                -1                 5                Number of physical cores:  
Number of physical cores:      5                 165               16-1               0                -1              
0               

 invalid 
Number of logical cores: 5               Number of logical cores: 2                  5               165               160               -1               -1              0               
0               
2               
 
5               Number of online logical cores: invalidNumber of online logical cores: 2               2                2               5               16 160               0                0               0               
 
invalid2                2               invalidThreads (logical cores) per physical core:  Threads (logical cores) per physical core:      2                2                1 1
 Num sockets:  0               2 invalid 
 0                  Physical cores per socket: -1              
invalid  -1              
 8
Num sockets:     6                
3               2    0                Last level cache slices per socket: 0               
    6                03               Physical cores per socket:    6                
3               8 -1              -1              0                Core PMU (perfmon) version: 0               
 

invalid 4invalidLast level cache slices per socket:  3               6                    -1              
 0 0               0                 
Number of core PMU generic (programmable) counters:  
 3               6                6               8 Core PMU (perfmon) version: -1              3               6                0               
 4
0               0               -1              6               Width of generic (programmable) counters:  
3               invalidinvalid
6               48 bits
 Number of core PMU fixed counters:  Number of core PMU generic (programmable) counters: 3 0               8
  3                
Width of fixed counters: 7                0               -1              3                Width of generic (programmable) counters: 480               7               7               0               invalid       invalid
0                48 bits
   4               invalid  bits
Nominal core frequency:    0                 Number of core PMU fixed counters: 2100000000   4                 3 Hz
-1                4                 
IBRS enabled in the kernel   : 
  0                 Width of fixed counters: no8                 invalid  48
0               -1                 -1               bits
STIBP enabled in the kernel  : 0               8               1               invalid 
   4                    0               
-1               Nominal core frequency:   no4               
7                2100000000  
4               7               0                 Hz
-1               The processor is not susceptible to Rogue Data Cache Load: 0               0               7                IBRS enabled in the kernel   : 
 noinvalid7               7                no4                
 7               0                
0               -1              The processor supports enhanced IBRS                     :  0               invalid-1              STIBP enabled in the kernel  : 4               
no invalid 
no4               9               
   5               
0               0               
=====  Processor topology  =====
   0               The processor is not susceptible to Rogue Data Cache Load: noinvalid
 1               The processor supports enhanced IBRS                     :  OS_Processor    Thread_Id       Core_Id         Tile_Id         Package_Id      Core_Type   Native_CPU_Model
9               no  1                0               
   5               invalid5                     -1              
0               
=====  Processor topology  =====
    0               8               0               OS_Processor    Thread_Id       Core_Id         Tile_Id         Package_Id      Core_Type   Native_CPU_Model
    invalid0               0               0                -1              
   0               0               0                5                  8               invalid0                0                  1                0               -1              5               -1                invalid 0               
5               
    invalid 8                0               0                0               5               invalid  8               0                    1                5                       -1              invalid 5                    
  0                   -1              10                invalid-1                
-1              0                  
 9               
2                  6                0               1               10              9               1               1               invalid1               invalid   0               -1               
   0               1                 1                  6               1                -1              0                  6               0                
1                     0               invalid 6               1               -1              -1               invalid     0               0               

      6               invalid6               9                    6                0               0                  -1              0                6               1               -1              -1              
 7                
0                invalid11              7                  6               0               7                  9               3               0               
0                -1               11              1               invalid10              invalid 
 1               invalid 0                 2                invalid  2                 0                      10                2                     1                -1              2                  -1               
 invalid10                 0               
   0               2                 2               -1                 10              invalid-1              0               
    1                
2               7                  invalid 7               2               0                -1                 0               0               7                
      7                 invalid7                7                0               -1                0                8                invalid
  invalid 0                 12               -1                0               -1               0                
 8               -1              
 4               3                11               1               
 12              0                0                invalid    11                1               0                3                invalid 3                3               3                   11               11              0               -1                 1                1               invalid
  -1              invalid invalid 8                 
     0                 3                    -1                0               -1               0                 
  8               1               
invalid 8                 0               3                  0               3               9                  -1              8                0               0               -1                
1                invalid1               
  12              invalid      9               13                 0                  1               0                -1              4                  invalid5                
12               -1                 13              -1              12              1                
-1               1               
0               invalid 4               
 invalid9               4                 0               4                 0               12                4               4               0               0               4                invalid4                  0               1                 1                invalid 9                      invalid   1                      invalid-1              -1              -1                   


     10              9               14                   0               0               0                    2               1               6                  -1               10              9               14               -1               
 1               1               invalid1                
 13               invalid   invalid 5               -1              0                          -1              0               5               
5               0               5               5               invalid 13              0                 -1               1               5                 
 
 10              invalid5                 13                0                0                -1              0                 2                    invalid 
5                 10                 -1              11              13                1                 
0               1                 invalid-1               15              0               3               invalid11                1               -1                 invalid

   -1               7               14              10                 
 15              0               0                  6                1               6               2                  0                invalid14              10                 6                 1               1                  6                 invalid      invalid -1               0                    -1              
 invalid         
6               -1                  -1               14              0               
  -1               
 0               6               11              -1              
 15              0                7                15              6                1               6               14               0               invalid0               
1               12               0               3                 invalid 7               invalid-1              4               11                  0                
12              1               -1                 7                11              1               invalid 
   7                0               invalid    =====  Placement on packages  =====
   0                3                   Package Id.    Core Id.     Processors
 -1              invalid 11                 0               
  1                -1               0 7                 invalid
  , 1  ,0               -1              -1               2 7               
 
 13              , 7               =====  Placement on packages  =====
 12                   0               3-1              0               Package Id.    Core Id.     Processors
 0               -1              5               ,
invalid0               4               
13              415               0 12              8               1               ,0                , 1               0               invalid57                1 invalid0                ,15               ,  8                61                2  1                ,invalid ,-1               invalid    7  
1              0,1,2,3   3, 
    ,4 12                      4,-1              0               -1                 ,5
4               
  -1              5,14              12              8                  
,60               1               0                 9               6,6               invalid0               -1              -1              0               ,714               8               

1               7
1                1               13              =====  Placement on packages  =====
9               

=====  Core/Tile sharing  =====
invalid invalid    0               Package Id.    Core Id.     Processors
0              0,1               1invalid1              , Level      Processors
Core       02  ( ,,   5               0 13   13              ) ,,   1               ( 24   invalid1 ,,    ) 35-1                 (-1              ,,6,7

1              09                ,0                 1 1               -1              2-1              ,
 13              49               
)
2 0               ,1               10              (15              , 5               5invalid 0               30               3 13              ,     2               )7               , 1               6  10              (15              4 invalid, 1               41               ,-1               7-1              invalid)invalid5
 

 ( ,6,714              
0                
=====  Core/Tile sharing  =====
6               
=====  Core/Tile sharing  =====
 Level      Processors
Core       10              14              0                Level      Processors
Core        5(1                2                ( )0invalid 10               0 ()  1                ) 6(  invalid ( )1    1-1              ()    )
7)((28) )(  (3   9 )(  14              )-1              -1              (2   0               (

4)-1                 6               10=====  Placement on packages  =====
11              )(
-1              14              )Package Id.    Core Id.     Processors
0               (315              
1               (0              3               5)0               11              invalid11011              )(7               0                ),1               (415              3                (1invalid6)1               11               12, )(5invalid) 1               (  invalid6)  2 ) ( ( , ( 13 7 3 7 ) ) , ) ( ( 4 ( 14 8-1              , 8 ) )
5 )  (-1              15-1              
()
15              12              9,
Tile / L2$ 6 =====  Placement on packages  =====
0               (0               )(, Package Id.    Core Id.     Processors
7               94               (07-1              0              15              )12              10)

01               (1               )(1              12              ,invalid10invalid(100               1 )  11 )) ,(4               (, 1 2(12              122 , )111               ), 2 ()invalid(3 , 3( 13, 3 )12 )4-1              , () (,
4  4( 14513              ,-1              )13 ),0               5
() (65               ,=====  Placement on packages  =====
5( 15,13              6Package Id.    Core Id.     Processors
)14 )71               ,0              0(,6)1 )(
Tile / L2$ ,-1              
(invalid157(2
1              7 )
0,13              0) 
Tile / L2$ 
=====  Core/Tile sharing  =====
)30               ,( (Level      Processors
Core       (,5               18 0(1413              ,) )0),1               2( ()(5invalid    ,9 1(2,   3) )1)6 ,(410 ,)(-1              5)(2(
,,(11 )314              672)-1              ()0               ,
)(
3(6               71              (1214              )414              
03)0               ()1               
=====  Core/Tile sharing  =====
,)(6               4(invalidLevel      Processors
Core       1(1314              )5 (,4))1               ()(6) ( 07 2))( ,(((invalid5 5314)18 ) ),()) ( (415(( 6 6,)29 )-1              )5
)) (
(,
(( 715              763Package thermal spec power: 010 Watt; )Package minimum power: ( 011 ) Watt; ) 0               (Package maximum power: )(-1              ,7               8)0(12
715              )( Watt;
8)(15              
1               (4))130               
=====  Core/Tile sharing  =====
invalid9(()7               Level      Processors
Core        )59(15              ( ())141               0 10(()invalid ) )610( ( ())15   1 )  (11  (2)( 11 )7)
( )-1              
)(12-1              (

(3)
12Can't open MCFG table. Check permission of =====  Placement on packages  =====
8Package thermal spec power: )(=====  Placement on packages  =====
)/sys/firmware/acpi/tables/MCFGPackage Id.    Core Id.     Processors
)0(13Package Id.    Core Id.     Processors
(
0              ( Watt; 4)0              13Can't open MCFG table. Check permission of 09Package minimum power: )(0)/sys/firmware/acpi/tables/MCFG1,)0(14,(
1( Watt; 5)114Can't open MCFG table. Check permission of ,10Package maximum power: )(,)/pcm/sys/firmware/acpi/tables/MCFG2)0(615))2(
Tile / L2$ (,7(
153,)0(Can't open MCFG table. Check permission of ) Watt;
,3()11/pcm/sys/firmware/acpi/tables/MCFG1
4,8()

,4)1(5Package thermal spec power: ,()12,059()6 Watt; ,)2(,Package minimum power: WARNING: enumeration of devices in UncorePMUDiscovery failed
6()1370,10()
 Watt; 7)3(1              Package maximum power: 
()14001              11(), Watt;
0)4(1,()15,112()2
,)5
Tile / L2$ ,2()(3,13(0,3Can't open MCFG table. Check permission of )6)(41,,)5/sys/firmware/acpi/tables/MCFG4((,
),2
146INFO: Linux perf interface to program uncore PMUs is Can't open MCFG table. Check permission of (5)),present
/sys/firmware/acpi/tables/MCFG17,((7INFO: using Linux perf interface to program uncore PMUs because env variable PCM_USE_UNCORE_PERF=1

Can't open MCFG table. Check permission of )6315
INFO: Secure Boot detected. Using Linux perf for uncore PMU programming.
Can't open MCFG table. Check permission of /sys/firmware/acpi/tables/MCFG(,))
=====  Core/Tile sharing  =====
/pcm/sys/firmware/acpi/tables/MCFG
87(
Tile / L2$ Level      Processors
Core       
Can't open MCFG table. Check permission of )
4((0Can't open MCFG table. Check permission of )/pcm/sys/firmware/acpi/tables/MCFG1/sys/firmware/acpi/tables/MCFG1((


=====  Core/Tile sharing  =====
19)Can't open MCFG table. Check permission of Level      Processors
Core       0))(/pcm/sys/firmware/acpi/tables/MCFGWARNING: enumeration of devices in UncorePMUDiscovery failed
()((5
0(210)Can't open MCFG table. Check permission of )1))(/pcm/sys/firmware/acpi/tables/MCFG1()((6
1(311))2))(()((72(412)WARNING: enumeration of devices in UncorePMUDiscovery failed
)(33)))()(((4(5INFO: Linux perf interface to program uncore PMUs is 4present
INFO: Linux perf interface to program uncore PMUs is 8)13))INFO: using Linux perf interface to program uncore PMUs because env variable PCM_USE_UNCORE_PERF=1
present
)()((INFO: Secure Boot detected. Using Linux perf for uncore PMU programming.
INFO: using Linux perf interface to program uncore PMUs because env variable PCM_USE_UNCORE_PERF=1
(5(65INFO: Secure Boot detected. Using Linux perf for uncore PMU programming.
9)14)))()(((6(7610)15)))()(((7
8711)
)))((Package thermal spec power: ((890812)) Watt; ))((Package minimum power: ((9100913)) Watt; ))((Package maximum power: ((101101014)) Watt;
))((((11121115))))(((

12Package thermal spec power: )130(12) Watt; 
13)(Socket Package minimum power: )(1400(13)Can't open MCFG table. Check permission of :  Watt; 14)(/sys/firmware/acpi/tables/MCFG2Package maximum power: )(15
 memory controllers detected with total number of 0(14)Can't open MCFG table. Check permission of 6 Watt;
15)
Tile / L2$ /sys/firmware/acpi/tables/MCFG1 channels. )((
2
150Can't open MCFG table. Check permission of  
))/pcm/sys/firmware/acpi/tables/MCFGUPI
Tile / L2$ Package thermal spec power: (
 ports detected.(01Can't open MCFG table. Check permission of  0 Watt; )/pcm/sys/firmware/acpi/tables/MCFG12)Package minimum power: (
 M2M (mesh to memory) blocks detected. (0201 Watt; )(3 Home Agents detected. )Package maximum power: )2WARNING: enumeration of devices in UncorePMUDiscovery failed
(0( M3UPI blocks detected.
2 Watt;
4
))((35))((46))((Can't open MCFG table. Check permission of 57/sys/firmware/acpi/tables/MCFG))
Can't open MCFG table. Check permission of (/sys/firmware/acpi/tables/MCFG16(
)
8Can't open MCFG table. Check permission of (INFO: Linux perf interface to program uncore PMUs is )/pcm/sys/firmware/acpi/tables/MCFG7present
(
)INFO: using Linux perf interface to program uncore PMUs because env variable PCM_USE_UNCORE_PERF=1
9Can't open MCFG table. Check permission of (INFO: Secure Boot detected. Using Linux perf for uncore PMU programming.
)/pcm/sys/firmware/acpi/tables/MCFG18Can't open MCFG table. Check permission of (
)/sys/firmware/acpi/tables/MCFG10(
)9Can't open MCFG table. Check permission of ()/sys/firmware/acpi/tables/MCFG111(
)10Can't open MCFG table. Check permission of ()/pcm/sys/firmware/acpi/tables/MCFGWARNING: enumeration of devices in UncorePMUDiscovery failed
12(
)11Can't open MCFG table. Check permission of ()/pcm/sys/firmware/acpi/tables/MCFG113(
)12()14()13()15()14
)
WARNING: enumeration of devices in UncorePMUDiscovery failed
(Package thermal spec power: 150) Watt; 
Package minimum power: 
0 Watt; Package thermal spec power: Package maximum power: 00 Watt;  Watt;
Package minimum power: 0 Watt; Package maximum power: 0 Watt;


INFO: Linux perf interface to program uncore PMUs is present
INFO: Linux perf interface to program uncore PMUs is INFO: using Linux perf interface to program uncore PMUs because env variable PCM_USE_UNCORE_PERF=1
present
INFO: Secure Boot detected. Using Linux perf for uncore PMU programming.
INFO: using Linux perf interface to program uncore PMUs because env variable PCM_USE_UNCORE_PERF=1
INFO: Secure Boot detected. Using Linux perf for uncore PMU programming.
Can't open MCFG table. Check permission of /sys/firmware/acpi/tables/MCFG
Can't open MCFG table. Check permission of /sys/firmware/acpi/tables/MCFG1
Can't open MCFG table. Check permission of /pcm/sys/firmware/acpi/tables/MCFG
Can't open MCFG table. Check permission of Can't open MCFG table. Check permission of /sys/firmware/acpi/tables/MCFG/pcm/sys/firmware/acpi/tables/MCFG1

Can't open MCFG table. Check permission of /sys/firmware/acpi/tables/MCFG1
Can't open MCFG table. Check permission of /pcm/sys/firmware/acpi/tables/MCFG
Can't open MCFG table. Check permission of /pcm/sys/firmware/acpi/tables/MCFG1
WARNING: enumeration of devices in UncorePMUDiscovery failed
WARNING: enumeration of devices in UncorePMUDiscovery failed
Socket 0: 2 memory controllers detected with total number of 6 channels. 2 UPI ports detected. 2 M2M (mesh to memory) blocks detected. 0 Home Agents detected. 2 M3UPI blocks detected.
INFO: Linux perf interface to program uncore PMUs is present
INFO: Linux perf interface to program uncore PMUs is INFO: using Linux perf interface to program uncore PMUs because env variable PCM_USE_UNCORE_PERF=1
present
INFO: Secure Boot detected. Using Linux perf for uncore PMU programming.
Socket INFO: using Linux perf interface to program uncore PMUs because env variable PCM_USE_UNCORE_PERF=1
0INFO: Secure Boot detected. Using Linux perf for uncore PMU programming.
: 2 memory controllers detected with total number of 6 channels. 2 UPI ports detected. 2 M2M (mesh to memory) blocks detected. 0 Home Agents detected. 2 M3UPI blocks detected.
Socket 1: 2 memory controllers detected with total number of 6 channels. 2 UPI ports detected. 2 M2M (mesh to memory) blocks detected. 0 Home Agents detected. 2 M3UPI blocks detected.
Socket 0: 2 memory controllers detected with total number of 6 channels. 2 UPI ports detected. 2 M2M (mesh to memory) blocks detected. 0 Home Agents detected. 2 M3UPI blocks detected.
Socket 1: 2 memory controllers detected with total number of 6 channels. 2 UPI ports detected. 2 M2M (mesh to memory) blocks detected. 0 Home Agents detected. 2 M3UPI blocks detected.
Socket 0Socket : 02:  memory controllers detected with total number of 26 memory controllers detected with total number of  channels. 62 channels.  2UPI  ports detected.UPI  ports detected.2  M2M (mesh to memory) blocks detected. 20 M2M (mesh to memory) blocks detected.  Home Agents detected. 02 Home Agents detected.  M3UPI blocks detected.
2 M3UPI blocks detected.
Socket 0: 2 memory controllers detected with total number of 6 channels. 2 UPI ports detected. 2 M2M (mesh to memory) blocks detected. 0 Home Agents detected. 2 M3UPI blocks detected.
Socket 0Socket : 12:  memory controllers detected with total number of 26 memory controllers detected with total number of  channels. 62 channels.  2UPI  ports detected.UPI  ports detected.2  M2M (mesh to memory) blocks detected. 20 M2M (mesh to memory) blocks detected.  Home Agents detected. 02 Home Agents detected.  M3UPI blocks detected.
2 M3UPI blocks detected.
Socket 1: 2 memory controllers detected with total number of 6 channels. 2 UPI ports detected. 2 M2M (mesh to memory) blocks detected. 0 Home Agents detected. 2 M3UPI blocks detected.
Socket 1: 2 memory controllers detected with total number of 6 channels. 2 UPI ports detected. 2 M2M (mesh to memory) blocks detected. 0 Home Agents detected. 2 M3UPI blocks detected.
Socket 1: 2 memory controllers detected with total number of 6 channels. 2 UPI ports detected. 2 M2M (mesh to memory) blocks detected. 0 Home Agents detected. 2 M3UPI blocks detected.
Socket 1: 2 memory controllers detected with total number of 6 channels. 2 UPI ports detected. 2 M2M (mesh to memory) blocks detected. 0 Home Agents detected. 2 M3UPI blocks detected.
Socket 1: 2 memory controllers detected with total number of 6 channels. 2 UPI ports detected. 2 M2M (mesh to memory) blocks detected. 0 Home Agents detected. 2 M3UPI blocks detected.
INFO: using Linux resctrl driver for RDT metrics (L3OCC, LMB, RMB) because environment variable PCM_USE_RESCTRL=1
ERROR: /sys/fs/resctrl is not mounted
ERROR: RDT metrics (L3OCC,LMB,RMB) will not be available
Mount it to make it work: mount -t resctrl resctrl /sys/fs/resctrl

 Closed perf event handles
Trying to use Linux perf events...
INFO: using Linux resctrl driver for RDT metrics (L3OCC, LMB, RMB) because environment variable PCM_USE_RESCTRL=1
ERROR: /sys/fs/resctrl is not mounted
ERROR: RDT metrics (L3OCC,LMB,RMB) will not be available
Mount it to make it work: mount -t resctrl resctrl /sys/fs/resctrl

 Closed perf event handles
Trying to use Linux perf events...
INFO: using Linux resctrl driver for RDT metrics (L3OCC, LMB, RMB) because environment variable PCM_USE_RESCTRL=1
ERROR: /sys/fs/resctrl is not mounted
ERROR: RDT metrics (L3OCC,LMB,RMB) will not be available
Mount it to make it work: mount -t resctrl resctrl /sys/fs/resctrl

 Closed perf event handles
Trying to use Linux perf events...
INFO: using Linux resctrl driver for RDT metrics (L3OCC, LMB, RMB) because environment variable PCM_USE_RESCTRL=1
ERROR: /sys/fs/resctrl is not mounted
ERROR: RDT metrics (L3OCC,LMB,RMB) will not be available
Mount it to make it work: mount -t resctrl resctrl /sys/fs/resctrl
INFO: using Linux resctrl driver for RDT metrics (L3OCC, LMB, RMB) because environment variable PCM_USE_RESCTRL=1
INFO: using Linux resctrl driver for RDT metrics (L3OCC, LMB, RMB) because environment variable PCM_USE_RESCTRL=1
ERROR: /sys/fs/resctrl is not mounted
ERROR: RDT metrics (L3OCC,LMB,RMB) will not be available
Mount it to make it work: mount -t resctrl resctrl /sys/fs/resctrl
ERROR: /sys/fs/resctrl is not mounted
ERROR: RDT metrics (L3OCC,LMB,RMB) will not be available
Mount it to make it work: mount -t resctrl resctrl /sys/fs/resctrl
INFO: using Linux resctrl driver for RDT metrics (L3OCC, LMB, RMB) because environment variable PCM_USE_RESCTRL=1
ERROR: /sys/fs/resctrl is not mounted
ERROR: RDT metrics (L3OCC,LMB,RMB) will not be available
Mount it to make it work: mount -t resctrl resctrl /sys/fs/resctrl

 Closed perf event handles
Trying to use Linux perf events...
INFO: using Linux resctrl driver for RDT metrics (L3OCC, LMB, RMB) because environment variable PCM_USE_RESCTRL=1
ERROR: /sys/fs/resctrl is not mounted
ERROR: RDT metrics (L3OCC,LMB,RMB) will not be available
Mount it to make it work: mount -t resctrl resctrl /sys/fs/resctrl




 Closed perf event handles
Trying to use Linux perf events...
 Closed perf event handles
Trying to use Linux perf events...
 Closed perf event handles
Trying to use Linux perf events...
 Closed perf event handles
Trying to use Linux perf events...
Successfully programmed on-core PMU using Linux perf
Successfully programmed on-core PMU using Linux perf
Successfully programmed on-core PMU using Linux perf
Successfully programmed on-core PMU using Linux perf
Successfully programmed on-core PMU using Linux perf
Successfully programmed on-core PMU using Linux perf
Successfully programmed on-core PMU using Linux perf
Successfully programmed on-core PMU using Linux perf
Socket 0
Max UPI link 0 speed: 2.6 GBytes/second (1.1 GT/second)
Max UPI link 1 speed: 2.6 GBytes/second (1.1 GT/second)
Socket 1
Max UPI link 0 speed: 2.8 GBytes/second (1.3 GT/second)
Max UPI link 1 speed: 2.8 GBytes/second (1.3 GT/second)

Detected Intel(R) Xeon(R) Silver 4208 CPU @ 2.10GHz "Intel(r) microarchitecture codename Cascade Lake-SP" stepping 7

Executing "./VE/b_eff1/b_eff" command:
Socket 0
Max UPI link 0 speed: 2.5 GBytes/second (1.1 GT/second)
Max UPI link 1 speed: 2.5 GBytes/second (1.1 GT/second)
Socket 1
Max UPI link 0 speed: 2.3 GBytes/second (1.0 GT/second)
Max UPI link 1 speed: 2.3 GBytes/second (1.0 GT/second)

Detected Intel(R) Xeon(R) Silver 4208 CPU @ 2.10GHz "Intel(r) microarchitecture codename Cascade Lake-SP" stepping 7

Executing "./VE/b_eff1/b_eff" command:
Socket 0
Max UPI link 0 speed: 2.6 GBytes/second (1.1 GT/second)
Max UPI link 1 speed: 2.6 GBytes/second (1.1 GT/second)
Socket 1
Max UPI link 0 speed: 2.3 GBytes/second (1.0 GT/second)
Max UPI link 1 speed: 2.3 GBytes/second (1.0 GT/second)

Detected Intel(R) Xeon(R) Silver 4208 CPU @ 2.10GHz "Intel(r) microarchitecture codename Cascade Lake-SP" stepping 7
Socket 0
Max UPI link 0 speed: 2.5 GBytes/second (1.1 GT/second)
Max UPI link 1 speed: 2.5 GBytes/second (1.1 GT/second)
Socket 1
Max UPI link 0 speed: 2.4 GBytes/second (1.1 GT/second)
Max UPI link 1 speed: 2.4 GBytes/second (1.1 GT/second)

Detected Intel(R) Xeon(R) Silver 4208 CPU @ 2.10GHz "Intel(r) microarchitecture codename Cascade Lake-SP" stepping 7

Executing "./VE/b_eff1/b_eff" command:

Executing "./VE/b_eff1/b_eff" command:
Socket 0
Max UPI link 0 speed: Socket 02.5
 GBytes/second (Max 1.1UPI GT/second)
 link Max 0UPI speed:  link 1 speed: 2.52.5 GBytes/second ( GBytes/second (1.11.1 GT/second)
 GT/second)
Max Socket UPI1 link 
1Max  speed: UPI2.5 link  GBytes/second (01.1 speed:  GT/second)
2.6Socket  GBytes/second (11.1
 GT/second)
Max Max UPIUPI link  link 01 speed:  speed: 2.62.6 GBytes/second ( GBytes/second (1.21.1 GT/second)
 GT/second)
Max UPI link 1 speed: 
Detected 2.6 GBytes/second (1.2Intel(R) Xeon(R) Silver 4208 CPU @ 2.10GHz GT/second)
 "Intel(r) microarchitecture codename Cascade Lake-SP" stepping 
Detected 7
Intel(R) Xeon(R) Silver 4208 CPU @ 2.10GHz "Intel(r) microarchitecture codename Cascade Lake-SP" stepping 7

Executing "./VE/b_eff1/b_eff" command:

Executing "./VE/b_eff1/b_eff" command:
Socket 0
Max UPI link 0 speed: 2.3 GBytes/second (1.0 GT/second)
Max UPI link 1 speed: 2.3 GBytes/second (1.0 GT/second)
Socket 1
Max UPI link 0 speed: 2.3 GBytes/second (1.0 GT/second)
Max UPI link 1 speed: 2.3 GBytes/second (1.0 GT/second)

Detected Intel(R) Xeon(R) Silver 4208 CPU @ 2.10GHz "Intel(r) microarchitecture codename Cascade Lake-SP" stepping 7

Executing "./VE/b_eff1/b_eff" command:
Socket 0
Max UPI link 0 speed: 2.4 GBytes/second (1.1 GT/second)
Max UPI link 1 speed: 2.4 GBytes/second (1.1 GT/second)
Socket 1
Max UPI link 0 speed: 2.1 GBytes/second (1.0 GT/second)
Max UPI link 1 speed: 2.1 GBytes/second (1.0 GT/second)

Detected Intel(R) Xeon(R) Silver 4208 CPU @ 2.10GHz "Intel(r) microarchitecture codename Cascade Lake-SP" stepping 7

Executing "./VE/b_eff1/b_eff" command:
b_eff =  82601.955 MB/s = 10325.244 *   8 PEs with 256 MB/PE on Linux muffin 4.18.0-477.15.1.el8_8.x86_64 #1 SMP Wed Jun 28 15:04:18 UTC 2023 VE
DEBUG: caught signal to interrupt (Child exited).
Cleaning up
 Closed perf event handles
DEBUG: caught signal to interrupt (Child exited).
Cleaning up
DEBUG: caught signal to interrupt (Child exited).
Cleaning up
 Closed perf event handles
 Closed perf event handles
DEBUG: caught signal to interrupt (Child exited).
Cleaning up
 Closed perf event handles
DEBUG: caught signal to interrupt (DEBUG: caught signal to interrupt (Child exited).
Cleaning up
Child exited).
Cleaning up
 Closed perf event handles
 Closed perf event handles
 Zeroed uncore PMU registers
DEBUG: caught signal to interrupt (Child exited).
Cleaning up
 Closed perf event handles
 Zeroed uncore PMU registers
 Zeroed uncore PMU registers
DEBUG: caught signal to interrupt (Child exited).
Cleaning up
 Closed perf event handles
 Zeroed uncore PMU registers
 Zeroed uncore PMU registers
 Zeroed uncore PMU registers
 Zeroed uncore PMU registers
 Zeroed uncore PMU registers
	Command being timed: "/opt/nec/ve/bin/mpirun -np 8 /usr/sbin/pcm 0.1 -csv=./output/9/ve_b_eff_0_9.csv -- ./VE/b_eff1/b_eff"
	User time (seconds): 4.56
	System time (seconds): 1.95
	Percent of CPU this job got: 9%
	Elapsed (wall clock) time (h:mm:ss or m:ss): 1:10.02
	Average shared text size (kbytes): 0
	Average unshared data size (kbytes): 0
	Average stack size (kbytes): 0
	Average total size (kbytes): 0
	Maximum resident set size (kbytes): 141588
	Average resident set size (kbytes): 0
	Major (requiring I/O) page faults: 0
	Minor (reclaiming a frame) page faults: 5334
	Voluntary context switches: 111308
	Involuntary context switches: 6566
	Swaps: 0
	File system inputs: 0
	File system outputs: 43560
	Socket messages sent: 0
	Socket messages received: 0
	Signals delivered: 0
	Page size (bytes): 4096
	Exit status: 0
