
 Intel(r) Performance Counter Monitor (2022-11-24 10:18:12 +0100 ID=1b16bb4e)


PCM Info: setrlimit for file limit 1000000 failed with error Operation not permitted

=====  Processor information  =====

 Intel(r) Performance Counter Monitor 
(2022-11-24 10:18:12 +0100 ID=1b16bb4e)
 Intel(r) Performance Counter Monitor 

(2022-11-24 10:18:12 +0100 ID=1b16bb4e)

 Intel(r) Performance Counter Monitor 
(2022-11-24 10:18:12 +0100 ID=1b16bb4e) Intel(r) Performance Counter Monitor 
PCM Info: setrlimit for file limit 
(2022-11-24 10:18:12 +0100 ID=1b16bb4e)
1000000


 failed with error  Intel(r) Performance Counter Monitor 
PCM Info: setrlimit for file limit 
(2022-11-24 10:18:12 +0100 ID=1b16bb4e)Operation not permitted1000000


 failed with error PCM Info: setrlimit for file limit 
1000000
Operation not permittedPCM Info: setrlimit for file limit  failed with error 

=====  Processor information  =====
1000000Operation not permitted failed with error 
PCM Info: setrlimit for file limit Operation not permitted1000000

=====  Processor information  =====
 failed with error Operation not permitted
=====  Processor information  =====


=====  Processor information  =====

=====  Processor information  =====

 Intel(r) Performance Counter Monitor (2022-11-24 10:18:12 +0100 ID=1b16bb4e)


PCM Info: setrlimit for file limit 1000000 failed with error Operation not permitted

=====  Processor information  =====
Linux arch_perfmon flag  : Linux arch_perfmon flag  : yesLinux arch_perfmon flag  : 
Linux arch_perfmon flag  : yes
yes
yes Intel(r) Performance Counter Monitor 

Hybrid processor         : 

(2022-11-24 10:18:12 +0100 ID=1b16bb4e) Intel(r) Performance Counter Monitor Hybrid processor         :  Intel(r) Performance Counter Monitor noHybrid processor         : Hybrid processor         : 
(2022-11-24 10:18:12 +0100 ID=1b16bb4e)no(2022-11-24 10:18:12 +0100 ID=1b16bb4e)
nono



IBRS and IBPB supported  : 



IBRS and IBPB supported  : 
yesIBRS and IBPB supported  : IBRS and IBPB supported  : 
yes

PCM Info: setrlimit for file limit yesyes
STIBP supported          : 1000000PCM Info: setrlimit for file limit 

STIBP supported          : PCM Info: setrlimit for file limit yes failed with error 1000000STIBP supported          : STIBP supported          : yes1000000
Operation not permitted failed with error yesyes
 failed with error Spec arch caps supported : 
Operation not permitted

Spec arch caps supported : Operation not permitted
yes
Spec arch caps supported : Spec arch caps supported : yes
yesyes
=====  Processor information  =====

Max CPUID level          : 


=====  Processor information  =====
Max CPUID level          : 22Max CPUID level          : 
=====  Processor information  =====
Max CPUID level          : 22
2222
CPU model number         : 

CPU model number         : 85CPU model number         : CPU model number         : 85
8585



 Intel(r) Performance Counter Monitor (2022-11-24 10:18:12 +0100 ID=1b16bb4e)
Linux arch_perfmon flag  : 
 Intel(r) Performance Counter Monitor Linux arch_perfmon flag  : yes

(2022-11-24 10:18:12 +0100 ID=1b16bb4e)yes



 Intel(r) Performance Counter Monitor 

 Intel(r) Performance Counter Monitor Hybrid processor         :  Intel(r) Performance Counter Monitor (2022-11-24 10:18:12 +0100 ID=1b16bb4e)
PCM Info: setrlimit for file limit Hybrid processor         : (2022-11-24 10:18:12 +0100 ID=1b16bb4e)no(2022-11-24 10:18:12 +0100 ID=1b16bb4e)

1000000no



 failed with error 

IBRS and IBPB supported  : 

PCM Info: setrlimit for file limit IBRS and IBPB supported  : 
Operation not permittedyesPCM Info: setrlimit for file limit 
1000000yes

1000000PCM Info: setrlimit for file limit  failed with error 
STIBP supported          : PCM Info: setrlimit for file limit  failed with error 1000000STIBP supported          : Operation not permittedyes1000000
=====  Processor information  =====
Operation not permitted failed with error yes

 failed with error 

Operation not permittedSpec arch caps supported : Operation not permittedSpec arch caps supported : 
yes

=====  Processor information  =====
yes

=====  Processor information  =====

Max CPUID level          : Max CPUID level          : 
=====  Processor information  =====

=====  Processor information  =====
2222

CPU model number         : CPU model number         : 8585

Linux arch_perfmon flag  : yes
Hybrid processor         : no
IBRS and IBPB supported  : yes
STIBP supported          : yes
Linux arch_perfmon flag  : Spec arch caps supported : yesLinux arch_perfmon flag  : yes
Linux arch_perfmon flag  : yesLinux arch_perfmon flag  : yes


Hybrid processor         : yes
Number of physical cores: Hybrid processor         : Max CPUID level          : Number of physical cores: no
Number of physical cores:  Intel(r) Performance Counter Monitor Number of physical cores: Number of physical cores: Hybrid processor         : no1622
16Hybrid processor         : 16(2022-11-24 10:18:12 +0100 ID=1b16bb4e)16no16


IBRS and IBPB supported  : 
no




IBRS and IBPB supported  : Number of logical cores: CPU model number         : yesNumber of logical cores: 
Number of logical cores: 
Number of logical cores: IBRS and IBPB supported  : Number of logical cores: yes1685
16IBRS and IBPB supported  : 16
16yes16


Number of physical cores: STIBP supported          : yes16


yesNumber of online logical cores: Spec arch caps supported : 
Number of logical cores: 
16
Number of online logical cores: 
yesNumber of online logical cores: 16

STIBP supported          : yes16STIBP supported          : 
16
Threads (logical cores) per physical core: 

Number of online logical cores: yesSTIBP supported          : Max CPUID level          : 
PCM Info: setrlimit for file limit Number of online logical cores: 1Number of online logical cores: Spec arch caps supported : Threads (logical cores) per physical core: 16
22Threads (logical cores) per physical core: yes16
1000000yes116
Spec arch caps supported : 
1

Num sockets:  failed with error 
Operation not permitted

Threads (logical cores) per physical core: yesCPU model number         : 
Spec arch caps supported : Threads (logical cores) per physical core: 2Max CPUID level          : 
Num sockets: Threads (logical cores) per physical core: 1
85Num sockets: yes1
2221
Max CPUID level          : 
2

Physical cores per socket: Num sockets: 8

2
CPU model number         : Last level cache slices per socket: 

=====  Processor information  =====
85Physical cores per socket: 
0Physical cores per socket: Num sockets: 
8
Num sockets: 8
Core PMU (perfmon) version: 22
Last level cache slices per socket: 4

Last level cache slices per socket: 0
Physical cores per socket: Physical cores per socket: 0
Number of core PMU generic (programmable) counters: 88
Core PMU (perfmon) version: 8

Core PMU (perfmon) version: 4
Last level cache slices per socket: Last level cache slices per socket: 4
Width of generic (programmable) counters: 00
Number of core PMU generic (programmable) counters: 48

Number of core PMU generic (programmable) counters: Linux arch_perfmon flag  : 8 bits
Core PMU (perfmon) version: Core PMU (perfmon) version: 8yes
Number of core PMU fixed counters: 44

Width of generic (programmable) counters: 3

Width of generic (programmable) counters: Hybrid processor         : 48
Number of core PMU generic (programmable) counters: Number of core PMU generic (programmable) counters: 48no bits
Width of fixed counters: 88 bits

Number of core PMU fixed counters: 48

Number of core PMU fixed counters: IBRS and IBPB supported  : 3 bits
Width of generic (programmable) counters: Width of generic (programmable) counters: 3yes
Nominal core frequency: 4848

Width of fixed counters: 2100000000 bits
 bits
Width of fixed counters: STIBP supported          : 48 Hz
Number of core PMU fixed counters: Number of core PMU fixed counters: 48yes bits
IBRS enabled in the kernel   : 33 bits

Nominal core frequency: no

Nominal core frequency: Spec arch caps supported : 2100000000
Width of fixed counters: Width of fixed counters: 2100000000yes Hz
STIBP enabled in the kernel  : 4848 Hz

IBRS enabled in the kernel   : no bits
 bits
IBRS enabled in the kernel   : Max CPUID level          : no
Nominal core frequency: Nominal core frequency: no22
The processor is not susceptible to Rogue Data Cache Load: 21000000002100000000

STIBP enabled in the kernel  : no Hz
 Hz
STIBP enabled in the kernel  : noCPU model number         : 85
no
IBRS enabled in the kernel   : IBRS enabled in the kernel   : 

The processor supports enhanced IBRS                     : nonoThe processor is not susceptible to Rogue Data Cache Load: The processor is not susceptible to Rogue Data Cache Load: no

nono
STIBP enabled in the kernel  : STIBP enabled in the kernel  : 


=====  Processor topology  =====
nonoThe processor supports enhanced IBRS                     : The processor supports enhanced IBRS                     : OS_Processor    Thread_Id       Core_Id         Tile_Id         Package_Id      Core_Type   Native_CPU_Model


nono0               The processor is not susceptible to Rogue Data Cache Load: The processor is not susceptible to Rogue Data Cache Load: 

0               nono
=====  Processor topology  =====

=====  Processor topology  =====
0               

OS_Processor    Thread_Id       Core_Id         Tile_Id         Package_Id      Core_Type   Native_CPU_Model
OS_Processor    Thread_Id       Core_Id         Tile_Id         Package_Id      Core_Type   Native_CPU_Model
0               The processor supports enhanced IBRS                     : The processor supports enhanced IBRS                     : 0               0               0               Linux arch_perfmon flag  : nono0               0               invalidyes

0               0                

=====  Processor topology  =====

=====  Processor topology  =====
0               0                Hybrid processor         : OS_Processor    Thread_Id       Core_Id         Tile_Id         Package_Id      Core_Type   Native_CPU_Model
OS_Processor    Thread_Id       Core_Id         Tile_Id         Package_Id      Core_Type   Native_CPU_Model
0               0                no0               0               invalidinvalid 
0               0                  IBRS and IBPB supported  : 0               0                  yes0               0                  
0               0                  STIBP supported          : invalidinvalid   yes    -1              
    
Spec arch caps supported :     1               yes    0               
  -1              -1              1               Max CPUID level          :   

1               1               22  1               0               0               
  0               invalid1               CPU model number         :   1                1               85-1              -1              1                0               


0                invalid1               1               invalid  0               0                  1               1                  1               1                  0               0                  invalidinvalid      -1                  
    2                   0               -1                -1              2               
  
2               2                 2               0               0                 0               invalid2                 2                2               -1              -1              2                0               

0                invalid2               2               invalid  0               0                  2               2                  2               2                  0               0                  invalidinvalid      -1                  
    3                   0               -1                -1              3               
  
3               3                 3               0               0                 0               invalid3                 3                3               -1              -1              3                0               

0                 invalid3               3               invalid  0               0                  3               3                  3               3                  0               0                  invalidinvalid -1                  
    4                   0                   4               -1                -1              4               
  
0               4                 4               invalid0                 0                4                 4                4               -1              -1              4                0               

0                invalid4               4               invalid  0               0                  4               4                  4               4                  0               0                  invalidinvalid -1                  
    5                   0                   5               -1                -1              5               
  
0               5                 5               invalid0                 0                5                 5                5               -1              -1              5                0               

0                invalid5               5               invalid  0               0                  5               5                  5               5                  0               0                  invalidinvalid -1                  
    6                   0                   6               -1               22 -1              6               
  

0               6                 CPU model number         : 6               
invalid0                Max CPUID level          :  850                6               Physical cores per socket:   
6                6               228-1              -1              6                0               



0                invalidCPU model number         : Last level cache slices per socket: 6               6               invalid  8500               0                  

6               6                   Core PMU (perfmon) version: 6               6                   40               0                  
invalidinvalid  -1                Number of core PMU generic (programmable) counters:    
-1              8    7               

    0               7               Width of generic (programmable) counters:     7               0               48  -1              Linux arch_perfmon flag  : 7               7                bits
 -1              
yes0               7               Number of core PMU fixed counters:  
7               
invalid0               3 7               0               Hybrid processor         :  invalid   
 0               7               no    Width of fixed counters: -1              7               7               
   48
Linux arch_perfmon flag  : 7               0               invalidIBRS and IBPB supported  :    bits
7               yes0                 yes -1              Nominal core frequency: 0               
invalid  
 
21000000007               Hybrid processor         :    STIBP supported          :  8                Hz
7               no   yes 0               IBRS enabled in the kernel   : 0               
  
 0               noinvalidIBRS and IBPB supported  :  -1              Spec arch caps supported : -1              8               
 yes 
yes
1               STIBP enabled in the kernel  :  
 8               
8               invalid  no STIBP supported          :  0               Max CPUID level          : 0                   
 yes 0               220                 The processor is not susceptible to Rogue Data Cache Load:  
 8               
8                no Spec arch caps supported : -1              1               CPU model number         : 1               -1              
 yes
invalid   85invalid
The processor supports enhanced IBRS                     :  
8                 
 9               no Max CPUID level          : 0                 0               
-1              220                 1               
=====  Processor topology  =====


8                 9               OS_Processor    Thread_Id       Core_Id         Tile_Id         Package_Id      Core_Type   Native_CPU_Model
8               CPU model number         : 1                 1               0               0               85invalid-1               invalid 0               0               
     
      0               8                 9                  0               1                0                 0               invalid 1               -1              -1              invalid -1              9               

  
1               9               10                9               invalid0               0                 0                1               2                 1                9               10                9                1               1                 1                invalidinvalid  invalid                    -1                  -1              
    
9               1                  -1              0               0               -1              -1                
1               1               

  11              9               1               10              10              -1              0               Number of physical cores: 1               0               0               0               
3               16invalidinvalid2               2               10              11              
  10              1               10              0               1               Number of logical cores:   invalid1               2               invalid 16       invalid10                
     1                 Number of online logical cores:      invalid 16  -1                   
  
  -1              Threads (logical cores) per physical core:   11                
1  0                 12              
-1              -1              3                 0               Num sockets: 

11                4               210              2               1                 12              
0               0               invalid    -1               1               Physical cores per socket: 2               2                 
 invalid    810              2                 11              -1               
1               0                0               
   Last level cache slices per socket: invalidinvalid-1              3               11               0  
11              0               -1              
  12              1               3               
Core PMU (perfmon) version:   0               invalid11              13              4  4                1               0               
  12               invalid5               Number of core PMU generic (programmable) counters:   1                 13              8  invalid     1               
       invalid    Width of generic (programmable) counters:         48-1              -1                    bits


-1                 Number of core PMU fixed counters: 11              3               
  -1              30               0               13              -1               

3               3               0               
 14              Width of fixed counters: 11              3               5               12              -1              0               481               0               13              0               
6                bits
invalidinvalid1               invalid  4               12              14              1               Nominal core frequency:      12              0               invalid   2100000000    1               4                   Hz
    invalid12                IBRS enabled in the kernel   :   -1               1                no  
 invalid-1              
  14                
STIBP enabled in the kernel  :   0                 15              no  6                 0               
  14                7               The processor is not susceptible to Rogue Data Cache Load: -1              -1              1                 15              no

invalid  1               
12              Linux arch_perfmon flag  : 4                      invalid The processor supports enhanced IBRS                     : 0               yes0                 -1                    no4               
4                
   
12              Hybrid processor         : 4                13              -1               
=====  Processor topology  =====
1               no0               -1              0               
-1              OS_Processor    Thread_Id       Core_Id         Tile_Id         Package_Id      Core_Type   Native_CPU_Model
invalid
invalid
5               13              
0                IBRS and IBPB supported  :  15              13              0               =====  Placement on packages  =====
0                yes 0               1               5               Package Id.    Core Id.     Processors
0                
 7               invalid13              0              0                STIBP supported          :  15               1               0,0                yes  1                invalid1invalid 
 invalid      ,  Spec arch caps supported :      2  yes    ,  
-1                  3 -1              Max CPUID level          : 
-1                , 
225               
  4 13              
0               =====  Placement on packages  =====
  , 0               CPU model number         : 5               Package Id.    Core Id.     Processors
-1               5 5               855               0              
 ,6 13              
0               014              -1              ,-1              1               invalid,0               
7
invalid 16               14              
1                 ,14              0               1              0                 21               6               01                 ,invalid14              ,1                 3 1               10                 , invalid,invalid  4  2   ,  ,   5  3  -1              ,  , -1              
6  4 
6               ,  , 14              0               7  5 0               6               
-1               ,  6               6               1              
 6-1              14              0               015              -1              ,
1               invalid,0               
72               invalid 1,7               15              
0                 215              0               
=====  Core/Tile sharing  =====
2                  ,1               7               Level      Processors
Core       2                 3invalid15              (0                 , 1               0invalid  4, invalid)   5  (1   ,  )   6  ( -1              -1              ,  2 

7  ) 15              7               
  ( 0               0               
=====  Core/Tile sharing  =====
  3 7               7               Level      Processors
Core       -1               ) 15              7               (
 (-1              1               0               0=====  Placement on packages  =====
-1              4
invalidinvalid)Package Id.    Core Id.     Processors

)3                 (0              =====  Placement on packages  =====
(0                 10Package Id.    Core Id.     Processors
53                 ),0              )3                 (10(0                 2,,6invalid  )21)   (,,(   3327)   ),,( -1              -1              (438 

4,,) =====  Placement on packages  =====
8               )54( Package Id.    Core Id.     Processors
0               (,,9 0              0               565) 08               ),,(-1              ,1               (7610
1invalid6
,)4               , )1              7(0               2 (0
114               , 7,1              )4               3 )10(0               , (,,12invalid4 821) , ),,( 5 (3213 , 9,,) 6-1              )43( ,
(,,14 79               1054) 
0               ),,( 1              1               (6515 09               11),,)-1              ,1               (76
Tile / L2$ 
1invalid12
,(5               , )
=====  Core/Tile sharing  =====
700               2 (Level      Processors
Core       
)5               , 13(
=====  Core/Tile sharing  =====
(5               3 )0Level      Processors
Core       10               , ()()invalid4 14(0( , )1)2 5 ()() , 15(1( 6-1              )2)3 ,

Tile / L2$ )() 710              ((2( 
0               03)4 
=====  Core/Tile sharing  =====
2               ))() Level      Processors
Core       10              ((3(-1              (1               14)5
0invalid))()6               ) ((4(0               ( 2)5)66               1 (3)()6               ) )(5(0               ( (6)7invalid2 4)() ) )(6( ( (7)8 3 5)() )-1              )(7( (
(8)9 411              6)() )0               )(8( (3               (9)10 511              7)()-1              )1               )(9(
(invalid(10)117               6 8))()0               ) ((10(7               ( 911)127               7 ))()0               ) ((11(invalid( 1012)13 8 ))() ) ((12( ( 1113)14 9-1              ))() )
((13( (12              1214)15 100               ))() )4               ((14
 (12              1315)
-1              111               ))(
Package thermal spec power: )invalid(
Tile / L2$ 158               0( 14()0                Watt; 12 )0
Tile / L2$ 0               Package minimum power: ) ()(8               0( 15(01                Watt; 13 )1)invalid   Package maximum power: ) 
)(   0( 
(1   Watt;
14 2Package thermal spec power: ) ) )0(-1              (-1              ( Watt; 2
15
3Package minimum power: )9               )13              )0(0               
Tile / L2$ 0               ( Watt; 31               (5               4Package maximum power: )9               013              )0(1               )1               ( Watt;
4invalid(invalid5) 1 
)( ) (5 ( 6)   Can't open MCFG table. Check permission of 2 )(  /sys/firmware/acpi/tables/MCFG) (6 
( 7)-1              Can't open MCFG table. Check permission of 3 )(
/sys/firmware/acpi/tables/MCFG1) (710              
( 8)0               
Can't open MCFG table. Check permission of 4-1              )(2               /pcm/sys/firmware/acpi/tables/MCFG)
(810              
Can't open MCFG table. Check permission of (14              9)1               Can't open MCFG table. Check permission of /sys/firmware/acpi/tables/MCFG50               )(invalid /pcm/sys/firmware/acpi/tables/MCFG1
)6               (9     
Can't open MCFG table. Check permission of (14              10) /sys/firmware/acpi/tables/MCFG161               )( 
)invalid(WARNING: enumeration of devices in UncorePMUDiscovery failed
10 Can't open MCFG table. Check permission of ( 11)-1              /pcm/sys/firmware/acpi/tables/MCFG7 )(

) (1111              Can't open MCFG table. Check permission of ( 12)(0               /pcm/sys/firmware/acpi/tables/MCFG18   )123               
) ()(11              ( 13131               9-1              ))invalid)
WARNING: enumeration of devices in UncorePMUDiscovery failed
(( (15              1414 100               )) )7               (( (15              1515 111               )) )invalid

 ( 

 Package thermal spec power: 12 Package thermal spec power:  0) 0-1               Watt; (  Watt; 
Package minimum power: 13  Package minimum power: 12              0) 00                Watt; (  Watt; 4               Package maximum power: 14 Package maximum power: 12              0)-1              01                Watt;
(
 Watt;
invalid15=====  Placement on packages  =====
 )Package Id.    Core Id.     Processors
 
0               
0   ,Package thermal spec power:    10-1              , Watt; 
2Package minimum power: 13              ,00               3 Watt; 5               ,Package maximum power: 13              1               40invalid, Watt;
 5 , 6 , 7 
 1               0 ,-1              1
,14              20               ,6               314              ,1               4invalid, 5 , 
6 , 7 

 
=====  Core/Tile sharing  =====
 Level      Processors
Core       Can't open MCFG table. Check permission of  (/sys/firmware/acpi/tables/MCFG-1              0

)Can't open MCFG table. Check permission of Can't open MCFG table. Check permission of 15              (/sys/firmware/acpi/tables/MCFG/sys/firmware/acpi/tables/MCFG10               1

7               )Can't open MCFG table. Check permission of Can't open MCFG table. Check permission of 15              1               (/sys/firmware/acpi/tables/MCFG1/pcm/sys/firmware/acpi/tables/MCFG
invalid 2

  )Can't open MCFG table. Check permission of Can't open MCFG table. Check permission of   (Can't open MCFG table. Check permission of /pcm/sys/firmware/acpi/tables/MCFG/pcm/sys/firmware/acpi/tables/MCFG1   3/sys/firmware/acpi/tables/MCFG

 )
Can't open MCFG table. Check permission of -1              (Can't open MCFG table. Check permission of /pcm/sys/firmware/acpi/tables/MCFG1
4/sys/firmware/acpi/tables/MCFG1
WARNING: enumeration of devices in UncorePMUDiscovery failed
=====  Placement on packages  =====
)
Package Id.    Core Id.     Processors
(INFO: Linux perf interface to program uncore PMUs is Can't open MCFG table. Check permission of 0              5present
/pcm/sys/firmware/acpi/tables/MCFG0WARNING: enumeration of devices in UncorePMUDiscovery failed
)INFO: using Linux perf interface to program uncore PMUs because env variable PCM_USE_UNCORE_PERF=1

,(INFO: Secure Boot detected. Using Linux perf for uncore PMU programming.
Can't open MCFG table. Check permission of 16/pcm/sys/firmware/acpi/tables/MCFG1,)
2(,73),(48,)5(WARNING: enumeration of devices in UncorePMUDiscovery failed
,96),(710
)1              (011,)1(,122),(313,)4(,145),(615,)7
Tile / L2$ 
(
=====  Core/Tile sharing  =====
0Level      Processors
Core       )((01))((12))((23))((34))((45INFO: Linux perf interface to program uncore PMUs is ))present
((INFO: using Linux perf interface to program uncore PMUs because env variable PCM_USE_UNCORE_PERF=1
56INFO: Secure Boot detected. Using Linux perf for uncore PMU programming.
))((67))((78))((89))((910))((1011))((1112))((1213))((1314))((1415))(
15
)
Tile / L2$ Package thermal spec power: (00 Watt; )Package minimum power: (01 Watt; )Package maximum power: (02 Watt;
)(3)(4)(5)(6)(7)(8)(9)(10)(11)(12)(13)(14)(15)

Package thermal spec power: 0 Watt; Package minimum power: 0 Watt; Package maximum power: 0 Watt;

Can't open MCFG table. Check permission of /sys/firmware/acpi/tables/MCFG
Can't open MCFG table. Check permission of /sys/firmware/acpi/tables/MCFG1

Can't open MCFG table. Check permission of /pcm/sys/firmware/acpi/tables/MCFG
Can't open MCFG table. Check permission of /pcm/sys/firmware/acpi/tables/MCFG1
Can't open MCFG table. Check permission of /sys/firmware/acpi/tables/MCFG
Can't open MCFG table. Check permission of /sys/firmware/acpi/tables/MCFG1
Can't open MCFG table. Check permission of /pcm/sys/firmware/acpi/tables/MCFGWARNING: enumeration of devices in UncorePMUDiscovery failed

Can't open MCFG table. Check permission of /pcm/sys/firmware/acpi/tables/MCFG1
WARNING: enumeration of devices in UncorePMUDiscovery failed
INFO: Linux perf interface to program uncore PMUs is present
INFO: Linux perf interface to program uncore PMUs is INFO: using Linux perf interface to program uncore PMUs because env variable PCM_USE_UNCORE_PERF=1
present
INFO: Linux perf interface to program uncore PMUs is INFO: Secure Boot detected. Using Linux perf for uncore PMU programming.
INFO: using Linux perf interface to program uncore PMUs because env variable PCM_USE_UNCORE_PERF=1
present
INFO: Linux perf interface to program uncore PMUs is INFO: Secure Boot detected. Using Linux perf for uncore PMU programming.
INFO: using Linux perf interface to program uncore PMUs because env variable PCM_USE_UNCORE_PERF=1
INFO: Linux perf interface to program uncore PMUs is present
INFO: Secure Boot detected. Using Linux perf for uncore PMU programming.
INFO: using Linux perf interface to program uncore PMUs because env variable PCM_USE_UNCORE_PERF=1
present
INFO: Secure Boot detected. Using Linux perf for uncore PMU programming.
INFO: using Linux perf interface to program uncore PMUs because env variable PCM_USE_UNCORE_PERF=1
INFO: Secure Boot detected. Using Linux perf for uncore PMU programming.
Number of physical cores: 16
Number of logical cores: 16
Number of online logical cores: 16
Threads (logical cores) per physical core: 1
Num sockets: 2
Physical cores per socket: 8
Last level cache slices per socket: 0
Core PMU (perfmon) version: 4
Number of core PMU generic (programmable) counters: 8
Width of generic (programmable) counters: 48 bits
Number of core PMU fixed counters: 3
Width of fixed counters: 48 bits
Nominal core frequency: 2100000000 Hz
IBRS enabled in the kernel   : no
STIBP enabled in the kernel  : no
The processor is not susceptible to Rogue Data Cache Load: no
The processor supports enhanced IBRS                     : no

=====  Processor topology  =====
OS_Processor    Thread_Id       Core_Id         Tile_Id         Package_Id      Core_Type   Native_CPU_Model
0               0               0               0               0               invalid         -1              
1               0               1               1               0               invalid         -1              
2               0               2               2               0               invalid         -1              
3               0               3               3               0               invalid         -1              
4               0               4               4               0               invalid         -1              
5               0               5               5               0               invalid         -1              Socket 
06               : 0               26                memory controllers detected with total number of 6               60                channels. invalid2   UPI  ports detected.   2  M2M (mesh to memory) blocks detected.  0  Home Agents detected.  2-1               M3UPI blocks detected.

7               0               7               7               0               invalid         -1              
8               0               0               8               1               invalid         -1              
9               0               1               9               1               invalid         -1              
10              0               2               10              1               invalid         -1              
11              0               3               11              1               invalid         -1              
12              0               4               12              1               invalid         -1              
13              0               5               13              1               invalid         -1              
14              0               6               14              1               invalid         -1              
15              0               7               15              1               invalid         -1              
=====  Placement on packages  =====
Package Id.    Core Id.     Processors
0              0,1,2,3,4,5,6,7
1              0,1,2,3,4,5,6,7

=====  Core/Tile sharing  =====
Level      Processors
Core       (0)(1)(2)(3)(4)(5)(6)(7)(8)(9)(10)(11)(12)(13)(14)(15)
Tile / L2$ (0)(1)(2)(3)(4)(5)(6)(7)(8)(9)(10)(11)(12)(13)(14)(15)

Package thermal spec power: 0 Watt; Package minimum power: 0 Watt; Package maximum power: 0 Watt;
Socket 0: 2 memory controllers detected with total number of 6 channels. 2 UPI ports detected. 2 M2M (mesh to memory) blocks detected. 0 Home Agents detected. 2 M3UPI blocks detected.

Can't open MCFG table. Check permission of /sys/firmware/acpi/tables/MCFG
Can't open MCFG table. Check permission of /sys/firmware/acpi/tables/MCFG1
Can't open MCFG table. Check permission of /pcm/sys/firmware/acpi/tables/MCFG
Can't open MCFG table. Check permission of /pcm/sys/firmware/acpi/tables/MCFG1
WARNING: enumeration of devices in UncorePMUDiscovery failed
INFO: Linux perf interface to program uncore PMUs is present
INFO: using Linux perf interface to program uncore PMUs because env variable PCM_USE_UNCORE_PERF=1
INFO: Secure Boot detected. Using Linux perf for uncore PMU programming.
Socket 0: 2 memory controllers detected with total number of 6 channels. Socket 20 : UPI2 ports detected. memory controllers detected with total number of  62 channels.  M2M (mesh to memory) blocks detected. 20  Home Agents detected. UPI2 ports detected. M3UPI blocks detected.
 2 M2M (mesh to memory) blocks detected. 0 Home Agents detected. 2 M3UPI blocks detected.
Socket 1: 2 memory controllers detected with total number of 6 channels. 2 UPI ports detected. 2 M2M (mesh to memory) blocks detected. 0 Home Agents detected. 2 M3UPI blocks detected.
Socket 0Socket : 20Socket  memory controllers detected with total number of : 062:  channels.  memory controllers detected with total number of 226 memory controllers detected with total number of   channels. 6UPI2 channels.  ports detected. 2 UPI 2 ports detected.UPI M2M (mesh to memory) blocks detected.   ports detected.02  Home Agents detected.  M2M (mesh to memory) blocks detected. 220 M2M (mesh to memory) blocks detected.  M3UPI blocks detected.
 Home Agents detected. 02 Home Agents detected.  M3UPI blocks detected.
2 M3UPI blocks detected.
Socket 1: 2 memory controllers detected with total number of 6 channels. 2 UPI ports detected. 2 M2M (mesh to memory) blocks detected. 0 Home Agents detected. 2 M3UPI blocks detected.
Socket 0: 2 memory controllers detected with total number of 6 channels. 2 UPI ports detected. 2 M2M (mesh to memory) blocks detected. 0 Home Agents detected. 2 M3UPI blocks detected.
Socket 1: 2 memory controllers detected with total number of 6 channels. 2 UPI ports detected. 2 M2M (mesh to memory) blocks detected. 0 Home Agents detected. 2 M3UPI blocks detected.
Socket 1: 2 memory controllers detected with total number of 6 channels. 2 UPI ports detected. 2 M2M (mesh to memory) blocks detected. 0 Home Agents detected. 2 M3UPI blocks detected.
Number of physical cores: 16
Number of logical cores: 16
Number of online logical cores: 16
Threads (logical cores) per physical core: 1
Num sockets: 2
Physical cores per socket: 8
Last level cache slices per socket: 0
Core PMU (perfmon) version: 4
Number of core PMU generic (programmable) counters: 8
Width of generic (programmable) counters: 48 bits
Number of core PMU fixed counters: 3
Width of fixed counters: 48 bits
Nominal core frequency: 2100000000 Hz
IBRS enabled in the kernel   : no
STIBP enabled in the kernel  : no
The processor is not susceptible to Rogue Data Cache Load: no
The processor supports enhanced IBRS                     : no

=====  Processor topology  =====
OS_Processor    Thread_Id       Core_Id         Tile_Id         Package_Id      Core_Type   Native_CPU_Model
0               0               0               Number of physical cores: 0               Number of physical cores: 160               
Socket invalid16Number of logical cores:  1
16 : Number of logical cores: 
 216Number of online logical cores:   memory controllers detected with total number of 
16 6Number of online logical cores: 
  channels. 16Threads (logical cores) per physical core:  2
1  Threads (logical cores) per physical core: 
 UPI1Num sockets: -1               ports detected.
2
 Num sockets: 
221               Physical cores per socket:  M2M (mesh to memory) blocks detected. 
0               80Physical cores per socket: 1               
 Home Agents detected. 81               Last level cache slices per socket: 2
0               0 M3UPI blocks detected.
Last level cache slices per socket: invalid
 0Core PMU (perfmon) version:  
4 Core PMU (perfmon) version: 
 4Number of core PMU generic (programmable) counters:  
8 Number of core PMU generic (programmable) counters: 
 8Width of generic (programmable) counters:  
48 Width of generic (programmable) counters:  bits
-1              48Number of core PMU fixed counters: 
 bits
32               Number of core PMU fixed counters: 
0               3Width of fixed counters: 2               
482               Width of fixed counters:  bits
0               48Nominal core frequency: invalid bits
2100000000 Nominal core frequency:  Hz
 2100000000IBRS enabled in the kernel   :   Hz
no IBRS enabled in the kernel   : 
 noSTIBP enabled in the kernel  :  
no STIBP enabled in the kernel  : 
 noThe processor is not susceptible to Rogue Data Cache Load:  
no-1              The processor is not susceptible to Rogue Data Cache Load: 

noThe processor supports enhanced IBRS                     : 3               
no0               The processor supports enhanced IBRS                     : 
3               no
=====  Processor topology  =====
3               
OS_Processor    Thread_Id       Core_Id         Tile_Id         Package_Id      Core_Type   Native_CPU_Model
0               
=====  Processor topology  =====
0               invalidOS_Processor    Thread_Id       Core_Id         Tile_Id         Package_Id      Core_Type   Native_CPU_Model
0                0               0                0               0                0               0                0               invalid 0                 invalid          -1                
  4                 0                 4                -1              4                
0               -1              invalid1               
 0                1                1               1                0               0                invalid1                 1                 0                 invalid   -1                
  5                 0                 5                 5               -1               0               
 invalid2                 0               -1               2               
 2               2                0               0                invalid2                 2                 0                 invalid   -1                
  6                 0                 6                 6               -1               0               
 invalid3                 0               -1               3               
 3               3                0               0                invalid3                 3                 0                 invalid   -1                
  7                 0                 7                 7               -1               0               
 invalid4                 0               -1               4               
 4               4                0               0                invalid4                 4                 0                 invalid   -1                
  8                 0                 0                 8               -1               1               
 invalid5                 0               -1               5               
 5               5                0               0                invalid5                 5                 0                 invalid   -1                
  9                 0                 1                 9               -1               1               
 invalid6                 0               -1               6               
 6               6                0               0                invalid6                 6                 0                 invalid   -1                
  10                0                 2                 10              -1               1               
 invalid7                 0               -1               7               
 7               7                0               0                invalid7                 7                 0                 invalid   -1                
  11                0                 3                 11              -1               1               
 invalid8                 0               -1               0               
 8               8                1               0                invalid0                 8                 1                 invalid   -1                
  12                0                 4                 12              -1               1               
 invalid9                 0               -1               1               
 9               9                1               0                invalid1                 9                 1                 invalid   -1                
  13                0                 5                 13              -1               1               
 invalid10                0               -1               2               
 10              10               1               0                invalid2                 10                1                 invalid   -1                
  14                0               6               14              1                 invalid   -1                
  11                0               -1               3               
 11              11               1               0                invalid3                 11              -1               1               
 invalid15                0                 7                 15                1                 invalid   -1                
  12                0               -1               4               
 12              12               1               0                invalid4                 12              -1               1               
 invalid=====  Placement on packages  =====
  Package Id.    Core Id.     Processors
  0                0  ,  1  ,-1               2
 ,13               30               -1              ,5               
413              13              ,1               0               5invalid5               , 13              6 1               , invalid7  
  1                0  ,  1  ,-1               2
 ,14               30               -1              ,6               
414              14              ,1               0               5invalid6               , 14              6 1               , invalid7  
  
=====  Core/Tile sharing  =====
  Level      Processors
Core         (  0  )-1               (
 115               )0               -1              (7               
215              15              )1               0               (invalid7               3 15              ) 1               ( invalid4  )  (  5  )  (  6-1               )
 (=====  Placement on packages  =====
 7Package Id.    Core Id.     Processors
-1              )0              
(0=====  Placement on packages  =====
8,Package Id.    Core Id.     Processors
)10              (,092,),1(3,10,2)4,(,3115,),4(6,12,5)7,(
6131              ,)07(,
1411              ),0(2,15,1)3,
Tile / L2$ ,2(4,0,3)5,(,416,),5(7,2
6)
=====  Core/Tile sharing  =====
,(Level      Processors
Core       73(
)0
=====  Core/Tile sharing  =====
()Level      Processors
Core       4(()10())5(()21())6(()32())7(()43())8(()54())9(Socket ()615(): )10(2()7 memory controllers detected with total number of 6()6)11( channels. ()827() )12(UPI()9 ports detected.8() )13(2()10 M2M (mesh to memory) blocks detected. 9()0)14( Home Agents detected. ()11210() M3UPI blocks detected.
)15(()1211
))
((1312Package thermal spec power: ))0(( Watt; 1413Package minimum power: ))0(( Watt; 1514Package maximum power: ))0
Tile / L2$ ( Watt;
(150))
Tile / L2$ ((10))((21))((32))((43))((54))((65))((76))((87))((98))((109))((1110))((1211))((1312))((1413))((1514))
(
15)Package thermal spec power: 
0
 Watt; Package minimum power: 
Package thermal spec power: 00 Watt;  Watt; Package maximum power: Package minimum power: 00 Watt;
 Watt; Package maximum power: 0 Watt;
Can't open MCFG table. Check permission of /sys/firmware/acpi/tables/MCFG
Can't open MCFG table. Check permission of /sys/firmware/acpi/tables/MCFG1
Can't open MCFG table. Check permission of /pcm/sys/firmware/acpi/tables/MCFG
Can't open MCFG table. Check permission of /pcm/sys/firmware/acpi/tables/MCFG1
WARNING: enumeration of devices in UncorePMUDiscovery failed


Can't open MCFG table. Check permission of /sys/firmware/acpi/tables/MCFG
Can't open MCFG table. Check permission of /sys/firmware/acpi/tables/MCFG1
Can't open MCFG table. Check permission of /pcm/sys/firmware/acpi/tables/MCFG
Can't open MCFG table. Check permission of /pcm/sys/firmware/acpi/tables/MCFG1
Can't open MCFG table. Check permission of /sys/firmware/acpi/tables/MCFG
Can't open MCFG table. Check permission of /sys/firmware/acpi/tables/MCFG1
Can't open MCFG table. Check permission of /pcm/sys/firmware/acpi/tables/MCFG
Can't open MCFG table. Check permission of /pcm/sys/firmware/acpi/tables/MCFG1
WARNING: enumeration of devices in UncorePMUDiscovery failed
WARNING: enumeration of devices in UncorePMUDiscovery failed
INFO: Linux perf interface to program uncore PMUs is present
INFO: using Linux perf interface to program uncore PMUs because env variable PCM_USE_UNCORE_PERF=1
INFO: Secure Boot detected. Using Linux perf for uncore PMU programming.
INFO: Linux perf interface to program uncore PMUs is present
INFO: using Linux perf interface to program uncore PMUs because env variable PCM_USE_UNCORE_PERF=1
INFO: Secure Boot detected. Using Linux perf for uncore PMU programming.
INFO: Linux perf interface to program uncore PMUs is present
INFO: using Linux perf interface to program uncore PMUs because env variable PCM_USE_UNCORE_PERF=1
INFO: Secure Boot detected. Using Linux perf for uncore PMU programming.
Socket 1: 2 memory controllers detected with total number of 6 channels. 2 UPI ports detected. 2 M2M (mesh to memory) blocks detected. 0 Home Agents detected. 2 M3UPI blocks detected.
Number of physical cores: 16
Number of logical cores: 16
Number of online logical cores: 16
Threads (logical cores) per physical core: 1
Num sockets: 2
Physical cores per socket: 8
Last level cache slices per socket: 0
Core PMU (perfmon) version: 4
Number of core PMU generic (programmable) counters: 8
Width of generic (programmable) counters: 48 bits
Number of core PMU fixed counters: 3
Width of fixed counters: 48 bits
Nominal core frequency: 2100000000 Hz
IBRS enabled in the kernel   : no
STIBP enabled in the kernel  : no
The processor is not susceptible to Rogue Data Cache Load: no
The processor supports enhanced IBRS                     : no

=====  Processor topology  =====
OS_Processor    Thread_Id       Core_Id         Tile_Id         Package_Id      Core_Type   Native_CPU_Model
0               0               0               0               0               invalid         -1              
1               0               1               1               0               invalid         -1              
2               0               2               2               0               invalid         -1              
3               0               3               3               0               invalid         -1              
4               0               4               4               0               invalid         -1              
5               0               5               5               0               invalid         -1              
6               0               6               6               0               invalid         -1              
7               0               7               7               0               invalid         -1              
8               0               0               8               1               invalid         -1              
9               0               1               9               1               invalid         -1              
10              0               2               10              1               invalid         -1              
11              0               3               11              1               invalid         -1              
12              0               4               12              1               invalid         -1              
13              0               5               13              1               invalid         -1              
14              0               6               14              1               invalid         -1              
15              0               7               15              1               invalid         -1              
=====  Placement on packages  =====
Package Id.    Core Id.     Processors
0              0,1,2,3,4,5,6,7
1              0,1,2,3,4,5,6,7

=====  Core/Tile sharing  =====
Level      Processors
Core       (0)(1)(2)(3)(4)(5)(6)(7)(8)(9)(10)(11)(12)(13)(14)(15)
Tile / L2$ (0)(1)(2)(3)(4)(5)(6)(7)(8)(9)(10)(11)(12)(13)(14)(15)

Package thermal spec power: 0 Watt; Package minimum power: 0 Watt; Package maximum power: 0 Watt;

Can't open MCFG table. Check permission of /sys/firmware/acpi/tables/MCFG
Can't open MCFG table. Check permission of /sys/firmware/acpi/tables/MCFG1
Can't open MCFG table. Check permission of /pcm/sys/firmware/acpi/tables/MCFG
Can't open MCFG table. Check permission of /pcm/sys/firmware/acpi/tables/MCFG1
WARNING: enumeration of devices in UncorePMUDiscovery failed
INFO: Linux perf interface to program uncore PMUs is present
INFO: using Linux perf interface to program uncore PMUs because env variable PCM_USE_UNCORE_PERF=1
INFO: Secure Boot detected. Using Linux perf for uncore PMU programming.
Socket 1: 2 memory controllers detected with total number of 6 channels. 2 UPI ports detected. 2 M2M (mesh to memory) blocks detected. 0 Home Agents detected. 2 M3UPI blocks detected.
Number of physical cores: 16
Number of logical cores: 16
Number of online logical cores: 16
Threads (logical cores) per physical core: 1
Num sockets: 2
Physical cores per socket: 8
Last level cache slices per socket: 0
Core PMU (perfmon) version: 4
Number of core PMU generic (programmable) counters: 8
Width of generic (programmable) counters: 48 bits
Number of core PMU fixed counters: 3
Width of fixed counters: 48 bits
Nominal core frequency: 2100000000 Hz
IBRS enabled in the kernel   : no
STIBP enabled in the kernel  : no
The processor is not susceptible to Rogue Data Cache Load: no
The processor supports enhanced IBRS                     : no

=====  Processor topology  =====
OS_Processor    Thread_Id       Core_Id         Tile_Id         Package_Id      Core_Type   Native_CPU_Model
0               0               0               0               0               invalid         -1              
1               0               1               1               0               invalid         -1              
2               0               2               2               0               invalid         -1              
3               Socket 0               03               : 3               20                memory controllers detected with total number of invalid6  channels.  2   UPI  ports detected. Socket   02 :  M2M (mesh to memory) blocks detected.  20-1               memory controllers detected with total number of  Home Agents detected. 
62Socket 4                channels.  M3UPI blocks detected.
00               2: 4                24               UPI memory controllers detected with total number of 0                ports detected.6invalid  channels.  22  M2M (mesh to memory) blocks detected.   0UPI  Home Agents detected.  ports detected. 2   M3UPI blocks detected.
2  M2M (mesh to memory) blocks detected.  0  Home Agents detected. -1              2
 M3UPI blocks detected.
5               0               5               5               0               invalid         -1              
6               0               6               6               0               invalid         -1              
7               0               7               7               0               invalid         -1              
8               0               0               8               1               invalid         -1              
9               0               1               9               1               invalid         -1              
10              0               2               10              1               invalid         -1              
11              0               3               11              1               invalid         -1              
12              0               4               12              1               invalid         -1              
13              0               5               13              1               invalid         -1              
14              0               6               14              1               invalid         -1              
15              0               7               15              1               invalid         -1              
=====  Placement on packages  =====
Package Id.    Core Id.     Processors
0              0,1,2,3,4,5,6,7
1              0,1,2,3,4,5,6,7

=====  Core/Tile sharing  =====
Level      Processors
Core       (0)(1)(2)(3)(4)(5)(6)(7)(8)(9)(10)(11)(12)(13)(14)(15)
Tile / L2$ (0)(1)(2)(3)(4)(5)(6)(7)(8)(9)(10)(11)(12)(13)(14)(15)

Package thermal spec power: 0 Watt; Package minimum power: 0 Watt; Package maximum power: 0 Watt;

Can't open MCFG table. Check permission of /sys/firmware/acpi/tables/MCFG
Can't open MCFG table. Check permission of /sys/firmware/acpi/tables/MCFG1
Can't open MCFG table. Check permission of /pcm/sys/firmware/acpi/tables/MCFG
Can't open MCFG table. Check permission of /pcm/sys/firmware/acpi/tables/MCFG1
WARNING: enumeration of devices in UncorePMUDiscovery failed
INFO: Linux perf interface to program uncore PMUs is present
INFO: using Linux perf interface to program uncore PMUs because env variable PCM_USE_UNCORE_PERF=1
INFO: Secure Boot detected. Using Linux perf for uncore PMU programming.
INFO: using Linux resctrl driver for RDT metrics (L3OCC, LMB, RMB) because environment variable PCM_USE_RESCTRL=1
ERROR: /sys/fs/resctrl is not mounted
ERROR: RDT metrics (L3OCC,LMB,RMB) will not be available
Mount it to make it work: mount -t resctrl resctrl /sys/fs/resctrl

Socket 0: 2 memory controllers detected with total number of 6 channels. 2 UPI ports detected. 2 M2M (mesh to memory) blocks detected. 0 Home Agents detected. 2 M3UPI blocks detected.
 Closed perf event handles
Trying to use Linux perf events...
Socket 1: 2 memory controllers detected with total number of 6 channels. 2 UPI ports detected. 2 M2M (mesh to memory) blocks detected. 0 Home Agents detected. 2 M3UPI blocks detected.
Socket Socket 11: : 22 memory controllers detected with total number of  memory controllers detected with total number of 66 channels.  channels. 22  UPIUPI ports detected. ports detected.  22 M2M (mesh to memory) blocks detected.  M2M (mesh to memory) blocks detected. 00 Home Agents detected.  Home Agents detected. 22 M3UPI blocks detected.
 M3UPI blocks detected.
INFO: using Linux resctrl driver for RDT metrics (L3OCC, LMB, RMB) because environment variable PCM_USE_RESCTRL=1
ERROR: /sys/fs/resctrl is not mounted
ERROR: RDT metrics (L3OCC,LMB,RMB) will not be available
Mount it to make it work: mount -t resctrl resctrl /sys/fs/resctrl

 Closed perf event handles
Trying to use Linux perf events...
INFO: using Linux resctrl driver for RDT metrics (L3OCC, LMB, RMB) because environment variable PCM_USE_RESCTRL=1
Socket 0: 2 memory controllers detected with total number of 6 channels. 2 UPI ports detected. 2 M2M (mesh to memory) blocks detected. 0 Home Agents detected. 2 M3UPI blocks detected.
ERROR: /sys/fs/resctrl is not mounted
ERROR: RDT metrics (L3OCC,LMB,RMB) will not be available
Mount it to make it work: mount -t resctrl resctrl /sys/fs/resctrl

INFO: using Linux resctrl driver for RDT metrics (L3OCC, LMB, RMB) because environment variable PCM_USE_RESCTRL=1
ERROR: /sys/fs/resctrl is not mounted
ERROR: RDT metrics (L3OCC,LMB,RMB) will not be available
Mount it to make it work: mount -t resctrl resctrl /sys/fs/resctrl
Number of physical cores: 16
Number of logical cores: 16
Number of online logical cores: 16
Threads (logical cores) per physical core: 1
Num sockets: 2
Physical cores per socket: 8
Last level cache slices per socket: 0
Core PMU (perfmon) version: 4
Number of core PMU generic (programmable) counters: 8
Width of generic (programmable) counters: 48 bits
Number of core PMU fixed counters: 3
Width of fixed counters: 48 bits
Nominal core frequency: 2100000000 Hz
IBRS enabled in the kernel   : no
STIBP enabled in the kernel  : no
The processor is not susceptible to Rogue Data Cache Load: no
The processor supports enhanced IBRS                     : no

=====  Processor topology  =====
OS_Processor    Thread_Id       Core_Id         Tile_Id         Package_Id      Core_Type   Native_CPU_Model
0               0               0               0               0               invalid         -1              
1               0               1               1               0               invalid         -1              
2               0               2               2               0               invalid         -1              
3               0               3               3               0               invalid         -1              
4               0               4               4               0               invalid         -1              
5               0               5               5               0               invalid         -1              
6               0               6               6               0               invalid         -1              
7               0               7               7               0               invalid         -1              
8               0               0               8               1               invalid         -1              
9               0               1               9               1               invalid         -1              
10              0               2               10              1               invalid         -1              
11              0               3               11              1               invalid         -1              
12              0               4               12              1               invalid         -1              
13              0               5               13              1               invalid         -1              
14              0               6               14              1               invalid         -1              
15              0               7               15              1               invalid         -1              
=====  Placement on packages  =====
Package Id.    Core Id.     Processors
0              0,1,2,3,4,5,6,7
1              0,1,2,3,4,5,6,7

=====  Core/Tile sharing  =====
Level      Processors
Core       (0)(1)(2)(3)(4)(5)(6)(7)(8)(9)(10)(11)(12)(13)(14)(15)
Tile / L2$ (0)(1)(2)(3)(4)(5)(6)(7)
(8)(9)(10)(11)(12)(13)(14)(15)

Package thermal spec power: 0 Watt; Package minimum power: 0 Watt; Package maximum power: 0 Watt;

Can't open MCFG table. Check permission of /sys/firmware/acpi/tables/MCFG
Can't open MCFG table. Check permission of /sys/firmware/acpi/tables/MCFG1
Can't open MCFG table. Check permission of /pcm/sys/firmware/acpi/tables/MCFG
Can't open MCFG table. Check permission of /pcm/sys/firmware/acpi/tables/MCFG1
WARNING: enumeration of devices in UncorePMUDiscovery failed
INFO: using Linux resctrl driver for RDT metrics (L3OCC, LMB, RMB) because environment variable PCM_USE_RESCTRL=1
ERROR: /sys/fs/resctrl is not mounted
ERROR: RDT metrics (L3OCC,LMB,RMB) will not be available
Mount it to make it work: mount -t resctrl resctrl /sys/fs/resctrl
Socket 1: 2 memory controllers detected with total number of 6 channels. 2 UPI ports detected. 2 M2M (mesh to memory) blocks detected. 0 Home Agents detected. 2 M3UPI blocks detected.

 Closed perf event handles
Trying to use Linux perf events...
 Closed perf event handles
Trying to use Linux perf events...
 Closed perf event handles
Trying to use Linux perf events...
INFO: Linux perf interface to program uncore PMUs is Number of physical cores: present
INFO: using Linux perf interface to program uncore PMUs because env variable PCM_USE_UNCORE_PERF=1
INFO: Secure Boot detected. Using Linux perf for uncore PMU programming.
16
Number of logical cores: 16
Number of online logical cores: 16
Threads (logical cores) per physical core: 1
Num sockets: 2
Physical cores per socket: 8
Last level cache slices per socket: 0
Core PMU (perfmon) version: 4
Number of core PMU generic (programmable) counters: 8
Width of generic (programmable) counters: 48 bits
Number of core PMU fixed counters: 3
Width of fixed counters: 48 bits
Nominal core frequency: 2100000000 Hz
IBRS enabled in the kernel   : no
STIBP enabled in the kernel  : no
The processor is not susceptible to Rogue Data Cache Load: no
The processor supports enhanced IBRS                     : no

=====  Processor topology  =====
OS_Processor    Thread_Id       Core_Id         Tile_Id         Package_Id      Core_Type   Native_CPU_Model
0               0               0               0               0               invalid        Number of physical cores:  -1              
161               
0               Number of logical cores: 1               161               
0               Number of online logical cores: invalid16 
 Threads (logical cores) per physical core:  1 
 Num sockets:  2 
 Physical cores per socket:  8-1              

Last level cache slices per socket: 2               00               
2               Core PMU (perfmon) version: 2               40               
invalidNumber of core PMU generic (programmable) counters:  8 
 Width of generic (programmable) counters:  48  bits
 Number of core PMU fixed counters:  3 
 Width of fixed counters: -1              48
 bits
3               Nominal core frequency: 0               21000000003                Hz
3               IBRS enabled in the kernel   : 0               noinvalid
 STIBP enabled in the kernel  :  no 
 The processor is not susceptible to Rogue Data Cache Load:  no 
 The processor supports enhanced IBRS                     :  no 
-1              

=====  Processor topology  =====
4               0               OS_Processor    Thread_Id       Core_Id         Tile_Id         Package_Id      Core_Type   Native_CPU_Model
4               0               4               0               0               0               invalid0                0                invalid              -1               
 5               -1              0               
5               5               1               0               0               invalid1                1                0                invalid            -1               
 6                0               -1              6               
6               2               0               0               invalid2                2                0                invalid            -1               
 7                0               -1              7               
7               3               0               0               invalid3                3                0                invalid            -1               
 8                0               -1              0               
8               4               1               0               invalid4                4                0                invalid            -1               
 9                0               -1              1               
9               5               1               0               invalid5                5                0                invalid            -1                 
-1              
10              6               INFO: using Linux resctrl driver for RDT metrics (L3OCC, LMB, RMB) because environment variable PCM_USE_RESCTRL=1
0               0               2               Socket 6               10              ERROR: /sys/fs/resctrl is not mounted
16               1               ERROR: RDT metrics (L3OCC,LMB,RMB) will not be available
: 0               invalidMount it to make it work: mount -t resctrl resctrl /sys/fs/resctrl
2invalid  memory controllers detected with total number of   6   channels.   2     UPI   ports detected.     2 -1               M2M (mesh to memory) blocks detected. -1              
0
11               Home Agents detected. 7               0               20               3                M3UPI blocks detected.
7               11              7               1               0               invalidinvalid                  -1              -1              

12              8               0               0               4               0               12              8               1               1               invalidinvalid                  -1              -1              

13              9               0               0               5               1               13              9               1               1               invalidinvalid                  -1              -1              

14              10              0               0               6               2               14              10              1               1               invalidinvalid                  -1              -1              

15              11              0               0               7               3               15              11              1               1               invalidinvalid                  -1              -1              

=====  Placement on packages  =====
12              Package Id.    Core Id.     Processors
0               0              4               012              ,1               1invalid, 2 , 3 , 4 , 5 , 6-1              ,
713              
0               1              5               013              ,1               1invalid, 2 , 3 , 4 , 5 , 6-1              ,
714              
0               
=====  Core/Tile sharing  =====
6               Level      Processors
Core       14              (1               0invalid) ( 1 ) ( 2 ) ( 3 )-1              (
415              )0               (7               515              )1               (invalid6 ) ( 7 ) ( 8 ) ( 9-1              )
(=====  Placement on packages  =====
10Package Id.    Core Id.     Processors
)0              (011,)1(,122),(313,)4(,145),(615,)7
Tile / L2$ 
(1              00),(11,)2(,23),(43,)5(,46),(75
)
=====  Core/Tile sharing  =====
(Level      Processors
Core       6()0()7()1()8()2()9()3()10()4()11()5()12()6()13()7()14()8()15()9
)
(10Package thermal spec power: )0( Watt; 11Package minimum power: )0( Watt; 12Package maximum power: )0( Watt;
13)(14)(15)
Tile / L2$ (0)(1)(2)(3)(4)(5)(6)(7)(8)(9)(10)(11)(12)(13)(14)(15)

Package thermal spec power: 0 Watt; Package minimum power: 0 Watt; Package maximum power: 0 Watt;

Can't open MCFG table. Check permission of /sys/firmware/acpi/tables/MCFG
Can't open MCFG table. Check permission of /sys/firmware/acpi/tables/MCFG1
Can't open MCFG table. Check permission of /pcm/sys/firmware/acpi/tables/MCFG
Can't open MCFG table. Check permission of /pcm/sys/firmware/acpi/tables/MCFG1

WARNING: enumeration of devices in UncorePMUDiscovery failed
Can't open MCFG table. Check permission of /sys/firmware/acpi/tables/MCFG
Can't open MCFG table. Check permission of /sys/firmware/acpi/tables/MCFG1
Can't open MCFG table. Check permission of /pcm/sys/firmware/acpi/tables/MCFG
Can't open MCFG table. Check permission of /pcm/sys/firmware/acpi/tables/MCFG1
WARNING: enumeration of devices in UncorePMUDiscovery failed
INFO: using Linux resctrl driver for RDT metrics (L3OCC, LMB, RMB) because environment variable PCM_USE_RESCTRL=1
ERROR: /sys/fs/resctrl is not mounted
ERROR: RDT metrics (L3OCC,LMB,RMB) will not be available
Mount it to make it work: mount -t resctrl resctrl /sys/fs/resctrl
INFO: Linux perf interface to program uncore PMUs is present
INFO: using Linux perf interface to program uncore PMUs because env variable PCM_USE_UNCORE_PERF=1
INFO: Secure Boot detected. Using Linux perf for uncore PMU programming.
INFO: Linux perf interface to program uncore PMUs is present
INFO: using Linux perf interface to program uncore PMUs because env variable PCM_USE_UNCORE_PERF=1
INFO: Secure Boot detected. Using Linux perf for uncore PMU programming.
INFO: using Linux resctrl driver for RDT metrics (L3OCC, LMB, RMB) because environment variable PCM_USE_RESCTRL=1
ERROR: /sys/fs/resctrl is not mounted
ERROR: RDT metrics (L3OCC,LMB,RMB) will not be available
Mount it to make it work: mount -t resctrl resctrl /sys/fs/resctrl
Socket 0: 2 memory controllers detected with total number of 6 channels. 2 UPI ports detected. 2 M2M (mesh to memory) blocks detected. 0 Home Agents detected. 2 M3UPI blocks detected.


INFO: using Linux resctrl driver for RDT metrics (L3OCC, LMB, RMB) because environment variable PCM_USE_RESCTRL=1
ERROR: /sys/fs/resctrl is not mounted
ERROR: RDT metrics (L3OCC,LMB,RMB) will not be available
Mount it to make it work: mount -t resctrl resctrl /sys/fs/resctrl

INFO: using Linux resctrl driver for RDT metrics (L3OCC, LMB, RMB) because environment variable PCM_USE_RESCTRL=1
ERROR: /sys/fs/resctrl is not mounted
ERROR: RDT metrics (L3OCC,LMB,RMB) will not be available
Mount it to make it work: mount -t resctrl resctrl /sys/fs/resctrl

INFO: using Linux resctrl driver for RDT metrics (L3OCC, LMB, RMB) because environment variable PCM_USE_RESCTRL=1
ERROR: /sys/fs/resctrl is not mounted
ERROR: RDT metrics (L3OCC,LMB,RMB) will not be available
Mount it to make it work: mount -t resctrl resctrl /sys/fs/resctrl


Socket 0: 2 memory controllers detected with total number of 6 channels. Successfully programmed on-core PMU using Linux perf
2 UPI ports detected. 2 M2M (mesh to memory) blocks detected. 0 Home Agents detected. 2 M3UPI blocks detected.
Successfully programmed on-core PMU using Linux perf
 Closed perf event handles
Trying to use Linux perf events...
 Closed perf event handles
Trying to use Linux perf events...
Socket 0: 2 memory controllers detected with total number of 6 channels. 2 UPI ports detected. 2 M2M (mesh to memory) blocks detected. 0 Home Agents detected. 2 M3UPI blocks detected.
 Closed perf event handles
 Closed perf event handles
 Closed perf event handles
Trying to use Linux perf events...
Trying to use Linux perf events...
Trying to use Linux perf events...
 Closed perf event handles
Trying to use Linux perf events...
Successfully programmed on-core PMU using Linux perf
Socket 1: 2 memory controllers detected with total number of 6 channels. 2 UPI ports detected. 2 M2M (mesh to memory) blocks detected. 0 Home Agents detected. 2 M3UPI blocks detected.
Socket 1: 2 memory controllers detected with total number of 6 channels. 2 UPI ports detected. 2 M2M (mesh to memory) blocks detected. 0 Home Agents detected. 2 M3UPI blocks detected.
INFO: using Linux resctrl driver for RDT metrics (L3OCC, LMB, RMB) because environment variable PCM_USE_RESCTRL=1
ERROR: /sys/fs/resctrl is not mounted
ERROR: RDT metrics (L3OCC,LMB,RMB) will not be available
Mount it to make it work: mount -t resctrl resctrl /sys/fs/resctrl

 Closed perf event handles
Trying to use Linux perf events...
Successfully programmed on-core PMU using Linux perf
Successfully programmed on-core PMU using Linux perf
Socket 1: 2 memory controllers detected with total number of 6 channels. 2 UPI ports detected. 2 M2M (mesh to memory) blocks detected. 0 Home Agents detected. 2 M3UPI blocks detected.
INFO: using Linux resctrl driver for RDT metrics (L3OCC, LMB, RMB) because environment variable PCM_USE_RESCTRL=1
ERROR: /sys/fs/resctrl is not mounted
ERROR: RDT metrics (L3OCC,LMB,RMB) will not be available
Mount it to make it work: mount -t resctrl resctrl /sys/fs/resctrl

 Closed perf event handles
Trying to use Linux perf events...
INFO: using Linux resctrl driver for RDT metrics (L3OCC, LMB, RMB) because environment variable PCM_USE_RESCTRL=1
INFO: using Linux resctrl driver for RDT metrics (L3OCC, LMB, RMB) because environment variable PCM_USE_RESCTRL=1
ERROR: /sys/fs/resctrl is not mounted
ERROR: RDT metrics (L3OCC,LMB,RMB) will not be available
Mount it to make it work: mount -t resctrl resctrl /sys/fs/resctrl
ERROR: /sys/fs/resctrl is not mounted
ERROR: RDT metrics (L3OCC,LMB,RMB) will not be available
Mount it to make it work: mount -t resctrl resctrl /sys/fs/resctrl

 Closed perf event handles
Trying to use Linux perf events...
INFO: using Linux resctrl driver for RDT metrics (L3OCC, LMB, RMB) because environment variable PCM_USE_RESCTRL=1
ERROR: /sys/fs/resctrl is not mounted
ERROR: RDT metrics (L3OCC,LMB,RMB) will not be available
Mount it to make it work: mount -t resctrl resctrl /sys/fs/resctrl
Successfully programmed on-core PMU using Linux perf
Successfully programmed on-core PMU using Linux perf
Successfully programmed on-core PMU using Linux perf
Successfully programmed on-core PMU using Linux perf
Successfully programmed on-core PMU using Linux perf
Successfully programmed on-core PMU using Linux perf
Successfully programmed on-core PMU using Linux perf

 Closed perf event handles
Trying to use Linux perf events...

 Closed perf event handles
Trying to use Linux perf events...
Successfully programmed on-core PMU using Linux perf
Successfully programmed on-core PMU using Linux perf
Successfully programmed on-core PMU using Linux perf
Successfully programmed on-core PMU using Linux perf
Socket 0
Max UPI link 0 speed: 2.5 GBytes/second (1.1 GT/second)
Max UPI link 1 speed: 2.5 GBytes/second (1.1 GT/second)
Socket 1
Max UPI link 0 speed: 1.0 GBytes/second (0.4 GT/second)
Max UPI link 1 speed: 1.0 GBytes/second (0.4 GT/second)

Detected Intel(R) Xeon(R) Silver 4208 CPU @ 2.10GHz "Intel(r) microarchitecture codename Cascade Lake-SP" stepping 7

Executing "./VE/himenoBM/himenoBMT" command:
Socket 0
Max UPI link 0 speed: 1.6 GBytes/second (0.7 GT/second)
Max UPI link 1 speed: 1.6 GBytes/second (0.7 GT/second)
Socket 1
Max UPI link 0 speed: 0.7 GBytes/second (0.3 GT/second)
Max UPI link 1 speed: 0.7 GBytes/second (0.3 GT/second)

Detected Intel(R) Xeon(R) Silver 4208 CPU @ 2.10GHz "Intel(r) microarchitecture codename Cascade Lake-SP" stepping 7

Executing "./VE/himenoBM/himenoBMT" command:
Socket 0
Max UPI link 0 speed: 0.7 GBytes/second (0.3 GT/second)
Max UPI link 1 speed: 0.7 GBytes/second (0.3 GT/second)
Socket 1
Max UPI link 0 speed: 0.6 GBytes/second (0.3 GT/second)
Max UPI link 1 speed: 0.6 GBytes/second (0.3 GT/second)

Detected Intel(R) Xeon(R) Silver 4208 CPU @ 2.10GHz "Intel(r) microarchitecture codename Cascade Lake-SP" stepping 7

Executing "./VE/himenoBM/himenoBMT" command:
Socket 0
Max UPI link 0 speed: 1.5 GBytes/second (0.7 GT/second)
Max UPI link 1 speed: 1.5 GBytes/second (0.7 GT/second)
Socket 1
Max UPI link 0 speed: 0.6 GBytes/second (0.3 GT/second)
Max UPI link 1 speed: 0.6 GBytes/second (0.3 GT/second)

Detected Socket Intel(R) Xeon(R) Silver 4208 CPU @ 2.10GHz "Intel(r) microarchitecture codename 0
Max UPI link Cascade Lake-SP0" stepping  speed: 7
0.7 GBytes/second (0.3 GT/second)
Max UPI link 1 speed: 0.7 GBytes/second (0.3 GT/second)
Socket 1
Max UPI link 0 speed: 0.7 GBytes/second (0.3 GT/second)
Max UPI link 1 speed: 0.7 GBytes/second (0.3 GT/second)

Detected Intel(R) Xeon(R) Silver 4208 CPU @ 2.10GHz "Intel(r) microarchitecture codename Cascade Lake-SP" stepping 7

Executing "./VE/himenoBM/himenoBMT" command:

Executing "./VE/himenoBM/himenoBMT" command:
Socket 0
Max UPI link 0 speed: 0.7 GBytes/second (0.3 GT/second)
Max UPI link 1 speed: 0.7 GBytes/second (0.3 GT/second)
Socket 1
Max UPI link 0 speed: 0.6 GBytes/second (0.3 GT/second)
Max UPI link 1 speed: 0.6 GBytes/second (0.3 GT/second)

Detected Intel(R) Xeon(R) Silver 4208 CPU @ 2.10GHz "Intel(r) microarchitecture codename Cascade Lake-SP" stepping 7

Executing "./VE/himenoBM/himenoBMT" command:
Socket 0
Max UPI link 0 speed: 0.9 GBytes/second (0.4 GT/second)
Max UPI link 1 speed: 0.9 GBytes/second (0.4 GT/second)
Socket 1
Max UPI link 0 speed: 0.8 GBytes/second (0.3 GT/second)
Max UPI link 1 speed: 0.8 GBytes/second (0.3 GT/second)

Detected Intel(R) Xeon(R) Silver 4208 CPU @ 2.10GHz "Intel(r) microarchitecture codename Cascade Lake-SP" stepping 7

Executing "./VE/himenoBM/himenoBMT" command:
Socket 0
Max UPI link 0 speed: 0.6 GBytes/second (0.3 GT/second)
Max UPI link 1 speed: 0.6 GBytes/second (0.3 GT/second)
Socket 1
Max UPI link 0 speed: 0.8 GBytes/second (0.4 GT/second)
Max UPI link 1 speed: 0.8 GBytes/second (0.4 GT/second)

Detected Intel(R) Xeon(R) Silver 4208 CPU @ 2.10GHz "Intel(r) microarchitecture codename Cascade Lake-SP" stepping 7

Executing "./VE/himenoBM/himenoBMT" command:
Socket 0
Max UPI link 0 speed: 0.8 GBytes/second (0.4 GT/second)
Max UPI link 1 speed: 0.8 GBytes/second (0.4 GT/second)
Socket 1
Max UPI link 0 speed: 0.6 GBytes/second (0.3 GT/second)
Max UPI link 1 speed: 0.6 GBytes/second (0.3 GT/second)

Detected Intel(R) Xeon(R) Silver 4208 CPU @ 2.10GHz "Intel(r) microarchitecture codename Cascade Lake-SP" stepping 7

Executing "./VE/himenoBM/himenoBMT" command:
Socket 0
Max UPI link 0 speed: 0.6 GBytes/second (0.3 GT/second)
Max UPI link 1 speed: 0.6 GBytes/second (0.3 GT/second)
Socket 1
Max UPI link 0 speed: 0.5 GBytes/second (0.2 GT/second)
Max UPI link 1 speed: 0.5 GBytes/second (0.2 GT/second)

Detected Intel(R) Xeon(R) Silver 4208 CPU @ 2.10GHz "Intel(r) microarchitecture codename Cascade Lake-SP" stepping 7

Executing "./VE/himenoBM/himenoBMT" command:
Socket 0
Max UPI link 0 speed: 0.7 GBytes/second (0.3 GT/second)
Max UPI link 1 speed: 0.7 GBytes/second (0.3 GT/second)
Socket 1
Max UPI link 0 speed: 0.7 GBytes/second (0.3 GT/second)
Max UPI link 1 speed: 0.7 GBytes/second (0.3 GT/second)

Detected Intel(R) Xeon(R) Silver 4208 CPU @ 2.10GHz "Intel(r) microarchitecture codename Cascade Lake-SP" stepping 7

Executing "./VE/himenoBM/himenoBMT" command:
Socket 0
Max UPI link 0 speed: 0.7 GBytes/second (0.3 GT/second)
Max UPI link 1 speed: 0.7 GBytes/second (0.3 GT/second)
Socket 1
Max UPI link 0 speed: 0.4 GBytes/second (0.2 GT/second)
Max UPI link 1 speed: 0.4 GBytes/second (0.2 GT/second)

Detected Intel(R) Xeon(R) Silver 4208 CPU @ 2.10GHz "Intel(r) microarchitecture codename Cascade Lake-SP" stepping 7

Executing "./VE/himenoBM/himenoBMT" command:
Socket 0
Max UPI link 0 speed: 0.6 GBytes/second (0.3 GT/second)
Max UPI link 1 speed: 0.6 GBytes/second (0.3 GT/second)
Socket 1
Max UPI link 0 speed: 0.7 GBytes/second (0.3 GT/second)
Max UPI link 1 speed: 0.7 GBytes/second (0.3 GT/second)

Detected Intel(R) Xeon(R) Silver 4208 CPU @ 2.10GHz "Intel(r) microarchitecture codename Cascade Lake-SP" stepping 7

Executing "./VE/himenoBM/himenoBMT" command:
Socket 0
Max UPI link 0 speed: 0.6 GBytes/second (0.3 GT/second)
Max UPI link 1 speed: 0.6 GBytes/second (0.3 GT/second)
Socket 1
Max UPI link 0 speed: 0.9 GBytes/second (0.4 GT/second)
Max UPI link 1 speed: 0.9 GBytes/second (0.4 GT/second)

Detected Intel(R) Xeon(R) Silver 4208 CPU @ 2.10GHz "Intel(r) microarchitecture codename Cascade Lake-SP" stepping 7

Executing "./VE/himenoBM/himenoBMT" command:
Socket 0
Max UPI link 0 speed: 0.8 GBytes/second (0.4 GT/second)
Max UPI link 1 speed: 0.8 GBytes/second (0.4 GT/second)
Socket 1
Max UPI link 0 speed: 0.9 GBytes/second (0.4 GT/second)
Max UPI link 1 speed: 0.9 GBytes/second (0.4 GT/second)

Detected Intel(R) Xeon(R) Silver 4208 CPU @ 2.10GHz "Intel(r) microarchitecture codename Cascade Lake-SP" stepping 7

Executing "./VE/himenoBM/himenoBMT" command:
Socket 0
Max UPI link 0 speed: 0.7 GBytes/second (0.3 GT/second)
Max UPI link 1 speed: 0.7 GBytes/second (0.3 GT/second)
Socket 1
Max UPI link 0 speed: 0.6 GBytes/second (0.3 GT/second)
Max UPI link 1 speed: 0.6 GBytes/second (0.3 GT/second)

Detected Intel(R) Xeon(R) Silver 4208 CPU @ 2.10GHz "Intel(r) microarchitecture codename Cascade Lake-SP" stepping 7

Executing "./VE/himenoBM/himenoBMT" command:
Sequential version array size
 mimax = 513 mjmax = 513 mkmax = 1025
Parallel version array size
 mimax = 131 mjmax = 131 mkmax = 1025
imax = 129 jmax = 129 kmax =1024
I-decomp = 4 J-decomp = 4 K-decomp =1
 Start rehearsal measurement process.
 Measure the performance in 3 times.

 MFLOPS: 1387.053328 time(s): 19.547817 4.389706e-04

 Now, start the actual measurement process.
 The loop will be excuted in 9 times
 This will take about one minute.
 Wait for a while

cpu : 55.038538 sec.
Loop executed for 9 times
Gosa : 4.345517e-04 
MFLOPS measured : 1477.902495
Score based on Pentium III 600MHz : 17.840445
DEBUG: caught signal to interrupt (Child exited).
Cleaning up
 Closed perf event handles
 Zeroed uncore PMU registers
DEBUG: caught signal to interrupt (Child exited).
Cleaning up
 Closed perf event handles
DEBUG: caught signal to interrupt (Child exited).
Cleaning up
 Closed perf event handles
 Zeroed uncore PMU registers
 Zeroed uncore PMU registers
DEBUG: caught signal to interrupt (Child exited).
Cleaning up
 Closed perf event handles
DEBUG: caught signal to interrupt (Child exited).
Cleaning up
 Closed perf event handles
DEBUG: caught signal to interrupt (Child exited).
Cleaning up
 Closed perf event handles
DEBUG: caught signal to interrupt (Child exited).
Cleaning up
 Closed perf event handles
 Zeroed uncore PMU registers
DEBUG: caught signal to interrupt (DEBUG: caught signal to interrupt (Child exited).
Cleaning up
 Closed perf event handles
 Zeroed uncore PMU registers
 Zeroed uncore PMU registers
Child exited).
Cleaning up
DEBUG: caught signal to interrupt (Child exited).
Cleaning up
 Closed perf event handles
 Closed perf event handles
DEBUG: caught signal to interrupt (Child exited).
Cleaning up
 Closed perf event handles
DEBUG: caught signal to interrupt (Child exited).
Cleaning up
 Closed perf event handles
DEBUG: caught signal to interrupt (Child exited).
Cleaning up
 Closed perf event handles
 Zeroed uncore PMU registers
DEBUG: caught signal to interrupt (Child exited).
Cleaning up
 Closed perf event handles
DEBUG: caught signal to interrupt (Child exited).
Cleaning up
 Closed perf event handles
DEBUG: caught signal to interrupt ( Zeroed uncore PMU registers
 Zeroed uncore PMU registers
 Zeroed uncore PMU registers
 Zeroed uncore PMU registers
 Zeroed uncore PMU registers
Child exited).
Cleaning up
 Closed perf event handles
 Zeroed uncore PMU registers
 Zeroed uncore PMU registers
 Zeroed uncore PMU registers
 Zeroed uncore PMU registers
	Command being timed: "/opt/nec/ve/bin/mpirun -np 16 /usr/sbin/pcm 0.1 -csv=./output/0/ve_Himeno_VE_0.csv -- ./VE/himenoBM/himenoBMT"
	User time (seconds): 14.09
	System time (seconds): 9.15
	Percent of CPU this job got: 17%
	Elapsed (wall clock) time (h:mm:ss or m:ss): 2:09.48
	Average shared text size (kbytes): 0
	Average unshared data size (kbytes): 0
	Average stack size (kbytes): 0
	Average total size (kbytes): 0
	Maximum resident set size (kbytes): 141576
	Average resident set size (kbytes): 0
	Major (requiring I/O) page faults: 4
	Minor (reclaiming a frame) page faults: 10225
	Voluntary context switches: 377697
	Involuntary context switches: 19904
	Swaps: 0
	File system inputs: 0
	File system outputs: 85384
	Socket messages sent: 0
	Socket messages received: 0
	Signals delivered: 0
	Page size (bytes): 4096
	Exit status: 0
