
 Intel(r) Performance Counter Monitor (2022-11-24 10:18:12 +0100 ID=1b16bb4e)


PCM Info: setrlimit for file limit 1000000 failed with error Operation not permitted

=====  Processor information  =====
Linux arch_perfmon flag  : yes
Hybrid processor         : no
IBRS and IBPB supported  : yes
STIBP supported          : yes
Spec arch caps supported : yes
Max CPUID level          : 22
CPU model number         : 85

 Intel(r) Performance Counter Monitor (2022-11-24 10:18:12 +0100 ID=1b16bb4e)


PCM Info: setrlimit for file limit 1000000 failed with error Operation not permitted

=====  Processor information  =====
Linux arch_perfmon flag  : yes
Hybrid processor         : no
IBRS and IBPB supported  : yes
STIBP supported          : yes
Spec arch caps supported : yes
Max CPUID level          : 22
CPU model number         : 85

 Intel(r) Performance Counter Monitor (2022-11-24 10:18:12 +0100 ID=1b16bb4e)


PCM Info: setrlimit for file limit 1000000 failed with error Operation not permitted

=====  Processor information  =====
Linux arch_perfmon flag  : yes
Hybrid processor         : no
IBRS and IBPB supported  : yes
STIBP supported          : yes
Spec arch caps supported : yes
Max CPUID level          : 22
CPU model number         : 85

 Intel(r) Performance Counter Monitor (2022-11-24 10:18:12 +0100 ID=1b16bb4e)


PCM Info: setrlimit for file limit 1000000 failed with error Operation not permitted

=====  Processor information  =====
Linux arch_perfmon flag  : yes
Hybrid processor         : no
IBRS and IBPB supported  : yes
STIBP supported          : yes
Spec arch caps supported : yes
Max CPUID level          : 22
CPU model number         : 85

 Intel(r) Performance Counter Monitor (2022-11-24 10:18:12 +0100 ID=1b16bb4e)


PCM Info: setrlimit for file limit 1000000 failed with error Operation not permitted

=====  Processor information  =====
Linux arch_perfmon flag  : yes
Hybrid processor         : no
IBRS and IBPB supported  : yes
STIBP supported          : yes
Spec arch caps supported : yes
Max CPUID level          : 22
CPU model number         : 85

 Intel(r) Performance Counter Monitor (2022-11-24 10:18:12 +0100 ID=1b16bb4e)


PCM Info: setrlimit for file limit 1000000 failed with error Operation not permitted

=====  Processor information  =====
Linux arch_perfmon flag  : yes
Hybrid processor         : no
IBRS and IBPB supported  : yes
STIBP supported          : yes
Spec arch caps supported : yes
Max CPUID level          : 22
CPU model number         : 85

 Intel(r) Performance Counter Monitor (2022-11-24 10:18:12 +0100 ID=1b16bb4e)


PCM Info: setrlimit for file limit 1000000 failed with error Operation not permitted

=====  Processor information  =====
Linux arch_perfmon flag  : yes
Hybrid processor         : no
IBRS and IBPB supported  : yes
STIBP supported          : yes
Spec arch caps supported : yes
Max CPUID level          : 22
CPU model number         : 85

 Intel(r) Performance Counter Monitor (2022-11-24 10:18:12 +0100 ID=1b16bb4e)


PCM Info: setrlimit for file limit 1000000 failed with error Operation not permitted

=====  Processor information  =====
Linux arch_perfmon flag  : yes
Hybrid processor         : no
IBRS and IBPB supported  : yes
STIBP supported          : yes
Spec arch caps supported : yes
Max CPUID level          : 22
CPU model number         : 85
Number of physical cores: 16
Number of logical cores: 16
Number of online logical cores: 16
Threads (logical cores) per physical core: 1
Num sockets: 2
Physical cores per socket: 8
Last level cache slices per socket: 0
Core PMU (perfmon) version: 4
Number of core PMU generic (programmable) counters: 8
Width of generic (programmable) counters: 48 bits
Number of core PMU fixed counters: 3
Width of fixed counters: 48 bits
Nominal core frequency: 2100000000 Hz
IBRS enabled in the kernel   : no
STIBP enabled in the kernel  : no
The processor is not susceptible to Rogue Data Cache Load: no
The processor supports enhanced IBRS                     : no

=====  Processor topology  =====
OS_Processor    Thread_Id       Core_Id         Tile_Id         Package_Id      Core_Type   Native_CPU_Model
0               0               0               0               0               invalid         -1              
1               0               1               1               0               invalid         -1              
2               0               2               2               0               invalid         -1              
3               0               3               3               0               invalid         -1              
4               0               4               4               0               invalid         -1              
5               0               5               5               0               invalid         -1              
6               0               6               6               0               invalid         -1              
7               0               7               7               0               invalid         -1              
8               0               0               8               1               invalid         -1              
9               0               1               9               1               invalid         -1              
10              0               2               10              1               invalid         -1              
11              0               3               11              1               invalid         -1              
12              0               4               12              1               invalid         -1              
13              0               5               13              1               invalid         -1              
14              0               6               14              1               invalid         -1              
15              0               7               15              1               invalid         -1              
=====  Placement on packages  =====
Package Id.    Core Id.     Processors
0              0,1,2,3,4,5,6,7
1              0,1,2,3,4,5,6,7

=====  Core/Tile sharing  =====
Level      Processors
Core       (0)(1)(2)(3)(4)(5)(6)(7)(8)(9)(10)(11)(12)(13)(14)(15)
Tile / L2$ (0)(1)(2)(3)(4)(5)(6)(7)(8)(9)(10)(11)(12)(13)(14)(15)

Package thermal spec power: 0 Watt; Package minimum power: 0 Watt; Package maximum power: 0 Watt;

Can't open MCFG table. Check permission of /sys/firmware/acpi/tables/MCFG
Can't open MCFG table. Check permission of /sys/firmware/acpi/tables/MCFG1
Can't open MCFG table. Check permission of /pcm/sys/firmware/acpi/tables/MCFG
Can't open MCFG table. Check permission of /pcm/sys/firmware/acpi/tables/MCFG1
WARNING: enumeration of devices in UncorePMUDiscovery failed
INFO: Linux perf interface to program uncore PMUs is Number of physical cores: present
INFO: using Linux perf interface to program uncore PMUs because env variable PCM_USE_UNCORE_PERF=1
Number of physical cores: 16INFO: Secure Boot detected. Using Linux perf for uncore PMU programming.
Number of physical cores: 
16Number of logical cores: Number of physical cores: 16
16Number of physical cores: 
16Number of logical cores: 
Number of logical cores: 
1616Number of online logical cores: 16Number of logical cores: 

16
16Number of online logical cores: Number of logical cores: 
Number of online logical cores: 
1616Threads (logical cores) per physical core: 16Number of online logical cores: 

1
16Threads (logical cores) per physical core: Number of online logical cores: 
Threads (logical cores) per physical core: 
116Num sockets: 1Threads (logical cores) per physical core: 

2
1Num sockets: Threads (logical cores) per physical core: 
Num sockets: 
21Physical cores per socket: 2Num sockets: 

8
2Physical cores per socket: Num sockets: 
Physical cores per socket: 
82Last level cache slices per socket: 8Physical cores per socket: 

0
8Last level cache slices per socket: Physical cores per socket: 
Last level cache slices per socket: 
08Core PMU (perfmon) version: 0Last level cache slices per socket: 

4
0Core PMU (perfmon) version: Last level cache slices per socket: 
Core PMU (perfmon) version: 
40Number of core PMU generic (programmable) counters: 4Core PMU (perfmon) version: 

8
4Number of core PMU generic (programmable) counters: Core PMU (perfmon) version: 
Number of core PMU generic (programmable) counters: 
84Width of generic (programmable) counters: 8Number of core PMU generic (programmable) counters: 

48
8Width of generic (programmable) counters: Number of core PMU generic (programmable) counters:  bits
Width of generic (programmable) counters: 
488Number of core PMU fixed counters: 48Width of generic (programmable) counters:  bits

3 bits
48Number of core PMU fixed counters: Width of generic (programmable) counters: 
Number of core PMU fixed counters:  bits
348Width of fixed counters: 3Number of core PMU fixed counters: 
 bits
48
3Width of fixed counters: Number of core PMU fixed counters:  bits
Width of fixed counters: 
483Nominal core frequency: 48Width of fixed counters:  bits

2100000000 bits
48Nominal core frequency: Width of fixed counters:  Hz
Nominal core frequency:  bits
210000000048IBRS enabled in the kernel   : 2100000000Nominal core frequency:  Hz
 bits
no Hz
2100000000IBRS enabled in the kernel   : Nominal core frequency: 
IBRS enabled in the kernel   :  Hz
no2100000000STIBP enabled in the kernel  : noIBRS enabled in the kernel   : 
 Hz
no
noSTIBP enabled in the kernel  : IBRS enabled in the kernel   : 
STIBP enabled in the kernel  : 
nonoThe processor is not susceptible to Rogue Data Cache Load: noSTIBP enabled in the kernel  : 

no
noThe processor is not susceptible to Rogue Data Cache Load: STIBP enabled in the kernel  : 
The processor is not susceptible to Rogue Data Cache Load: 
nonoThe processor supports enhanced IBRS                     : noThe processor is not susceptible to Rogue Data Cache Load: 

no
noThe processor supports enhanced IBRS                     : The processor is not susceptible to Rogue Data Cache Load: 
The processor supports enhanced IBRS                     : 
nono
=====  Processor topology  =====
noThe processor supports enhanced IBRS                     : 

OS_Processor    Thread_Id       Core_Id         Tile_Id         Package_Id      Core_Type   Native_CPU_Model

no
=====  Processor topology  =====
The processor supports enhanced IBRS                     : 0               
=====  Processor topology  =====

OS_Processor    Thread_Id       Core_Id         Tile_Id         Package_Id      Core_Type   Native_CPU_Model
no0               OS_Processor    Thread_Id       Core_Id         Tile_Id         Package_Id      Core_Type   Native_CPU_Model

=====  Processor topology  =====
0               
0               0               OS_Processor    Thread_Id       Core_Id         Tile_Id         Package_Id      Core_Type   Native_CPU_Model
0               
=====  Processor topology  =====
0               0               0               0               OS_Processor    Thread_Id       Core_Id         Tile_Id         Package_Id      Core_Type   Native_CPU_Model
0               0               0               0               0               invalid0               0               0               0                0               0               invalid0                invalid0                0                 invalid 0                   invalid                         -1                  
  -1               1               -1               
 0               
-1               1               1               1               
-1              0               1               0               1               
1               0               1               0               1               1               invalid1               1               0               0                0               1               invalid1                invalid0                1                 invalid 0                   invalid                         -1                  
  -1               2               -1               
 0               
-1              2                2               2               
0               -1              2               0               2               2               
0               2               0               2               2               invalid2               2               0               0                0               2               invalid2                invalid0                2                 invalid 0                   invalid                          -1                  
-1               -1               3               
 
 0               3               -1              3                3               0               
0               -1              3               3               3               3               
0               3               0               3               3               invalid0               3               0               0                invalid3               invalid3                 0                3                 invalid 0                   invalid                         -1                  
-1               -1               4               
 
 0               4               -1              4                4               0               
0               -1              4               4               4               4               
0               4               0               4               4               invalid0               4               0               0                invalid4               invalid4                 0                4                 invalid 0                   invalid                         -1                  
-1               -1               5               
 
 0               5               -1              5                5               0               
0               -1              5               5               5               5               
0               5               0               5               5               invalid0               5               0               0                invalid5               invalid5                 0                5                 invalid 0                   invalid                         -1                  
-1               -1               6               
 
 0               6               -1              6                6               0               
0               -1              6               6               6               6               
0               6               0               6               6               invalid0               6               0               0                invalid6               invalid6                 0                6                 invalid 0                   invalid                         -1                  
-1               -1               7               
 
 0               7               -1              7                7               0               
0               -1              7               7               7               7               
0               7               0               7               7               invalid0               7               0               0                invalid7               invalid7                 0                7                 invalid 0                   invalid                         -1                  
-1               -1               8               
 
 0               8               -1              8                0               0               
0               0               -1              8               0               8               8               
1               8               0               1               8               invalid1               0               invalid0                invalid8                0                 1                8                 invalid 1                   invalid                         -1                -1               
-1               
 9               
 9                0               9               -1              0                1               0               
1               -1              9               1               9               9               
1               9               0               1               9               invalid1               1               invalid0                invalid9                1                 1                9                 invalid 1                   invalid                         -1                -1               
-1               
 10              
 10               0               10              -1              0                2               0               
2               -1              10              2               10              10              
1               10              0               1               10              invalid1               2               invalid0                invalid10               2                 1                10                invalid 1                   invalid                         -1                -1               
-1               
 11              
 11               0               11              -1              0                3               0               
3               -1              11              3               11              11              
1               11              0               1               11              invalid1               3               invalid0                invalid11               3                 1                11                invalid 1                   invalid                         -1                -1               
-1               
 12              
 12               0               12              -1              0                4               0               
4               -1              12              4               12              12              
1               12              0               1               12              invalid1               4               invalid0                invalid12               4                 1                12                invalid 1                   invalid        Number of physical cores: 16
Number of logical cores: 16
Number of online logical cores: 16
Threads (logical cores) per physical core: 1
Num sockets: 2
Physical cores per socket: 8
Last level cache slices per socket: 0
Core PMU (perfmon) version: 4
Number of core PMU generic (programmable) counters: 8
Width of generic (programmable) counters: 48 bits
Number of core PMU fixed counters: 3
Width of fixed counters: 48 bits
Nominal core frequency: 2100000000 Hz
IBRS enabled in the kernel   : no
STIBP enabled in the kernel  : no
The processor is not susceptible to Rogue Data Cache Load: no
The processor supports enhanced IBRS                     : no

=====  Processor topology  =====
OS_Processor    Thread_Id       Core_Id         Tile_Id         Package_Id      Core_Type   Native_CPU_Model
0               0               0               0               0               invalid         -1              
1               0               1               1               0               invalid         -1              
2               0               2               2               0               invalid         -1              
3               0               3               3               0               invalid         -1              
4               0               4               4               0               invalid         -1              
5               0               5               5               0               invalid         -1              
6               0               6               6               0               invalid         -1              
7               0               7               7               0               invalid         -1              
8               0               0               8               1               invalid         -1              
9               0               1               9               1               invalid         -1              
10              0               2               10              1               invalid         -1              
11              0               3               11              1               invalid         -1              
12              0               4               12              1               invalid         -1              
13              0               5               13              1               invalid         -1              
14              0               6               14              1               invalid         -1              
15              0               7               15              1               invalid         -1              
=====  Placement on packages  =====
Package Id.    Core Id.     Processors
0              0,1,2,3,4,5,6,7
1              0,1,2,3,4,5,6,7

=====  Core/Tile sharing  =====
Level      Processors
Core       (0)(1)(2)(3)(4)(5)(6)(7)(8)Number of physical cores: (9 )16(  
 10   Number of logical cores: Socket  )   16 (0 -1               
-1              11:  
-1               Number of online logical cores: 
)2
13               1613              ( memory controllers detected with total number of 13              0                
0               1260               5                Threads (logical cores) per physical core: 5               ) channels. 5               13              1-1              13              (213              1               

1               13 1               invalidNum sockets: invalid13              )UPIinvalid 2 0               ( ports detected.  
 5               14   Physical cores per socket:  13              )2  8 1               ( M2M (mesh to memory) blocks detected.   
 invalid150  Last level cache slices per socket:   ) Home Agents detected.   0  
Tile / L2$ 2  
  ( M3UPI blocks detected.
  Core PMU (perfmon) version:   0 -1              4-1               )-1              


 (
14              Number of core PMU generic (programmable) counters: 14               114              0               80                )0               6               
6                (6               14              Width of generic (programmable) counters: 14              -1              214              1               481               
)1               invalid bits
invalid14              (invalid Number of core PMU fixed counters:  0               3  3 6               )  
 14              (  Width of fixed counters:  1               4  48 invalid)   bits
  (  Nominal core frequency:   5  2100000000  )   Hz
  ( -1              IBRS enabled in the kernel   : -1               6-1              
no
 )
15              
15               (15              0               STIBP enabled in the kernel  : 0                70               7               no7                )7               15              
15              -1              (15              1               The processor is not susceptible to Rogue Data Cache Load: 1               
81               invalidnoinvalid15              )invalid 
 0               (  The processor supports enhanced IBRS                     :  7               9  no 15              )  
 1               (  
=====  Processor topology  =====
 invalid10  OS_Processor    Thread_Id       Core_Id         Tile_Id         Package_Id      Core_Type   Native_CPU_Model
  )  0                 (  0                 11  0                 ) -1              0               -1               (-1              
0               
 12
=====  Placement on packages  =====
invalid=====  Placement on packages  =====
 )=====  Placement on packages  =====
Package Id.    Core Id.     Processors
 Package Id.    Core Id.     Processors
 (Package Id.    Core Id.     Processors
0               0               130              0 0-1              )0, ,
(,1 1=====  Placement on packages  =====
141, ,Package Id.    Core Id.     Processors
),2 20              (2, ,015,3 3,)3,-1              ,1
,4
4,
4,1               ,2,Package thermal spec power: 50               5,50,1               ,3, Watt; 61               6,6Package minimum power: ,0               ,4,07invalid7,7 Watt; 
 
5
Package maximum power: 1               1              ,1              00 060 Watt;
, ,,,1 171, ,
,2 21              2, ,0,3 3,3,-1              ,1,4
4,4,2               ,2,50               5,5,2               ,3,62               6,6,0               ,4,7invalid7,7
 
5

=====  Core/Tile sharing  =====
 
=====  Core/Tile sharing  =====
,
=====  Core/Tile sharing  =====
Level      Processors
Core        Level      Processors
Core       6Level      Processors
Core       ( (,(0
 070) )
)( (
=====  Core/Tile sharing  =====
(Can't open MCFG table. Check permission of 1 1Level      Processors
Core       1/sys/firmware/acpi/tables/MCFG) )()
(-1              (0(Can't open MCFG table. Check permission of 2
2)2/sys/firmware/acpi/tables/MCFG1)3               )()
(0               (1(Can't open MCFG table. Check permission of 33               3)3/pcm/sys/firmware/acpi/tables/MCFG)3               )()
(0               (2(Can't open MCFG table. Check permission of 4invalid4)4/pcm/sys/firmware/acpi/tables/MCFG1) )()
( (3(5 5)5) )()( (4(6WARNING: enumeration of devices in UncorePMUDiscovery failed
 6)6) )()( (5(7 7)7)-1              )()(
(6(84               8)8)0               )()(4               (7(94               9)9)0               )()(invalid(8(10 10)10) )()( (9(11 11)11) )()( (10(12 12)12) )()( (11(13-1              13)13)
)()(5               (12(140               14)14)5               )()(5               (13(150               15)15)invalid)()
Tile / L2$  
Tile / L2$ 14
Tile / L2$ ( ()(0 0(0) )15)( ()(1 1
Tile / L2$ 1) )()( (0(2 2)2)-1              )()(
(1(36               3)3)0               )()(6               (2(46               4)4)0               )()(invalid(3(5 5)5) )()( (4(6 6)6) )()( (5(7 7)7) )()( (6(8-1              8)8)
)()(7               (7(90               9)9)7               )()(7               (8(100               10)10)invalid)()( (9(11 11)11) )()( (10(12 12)12) )()( (11(13 13)13) )()(-1              (12(14
14)14)8               )()(0               (13INFO: Linux perf interface to program uncore PMUs is (150               15)present
15)8               )(INFO: using Linux perf interface to program uncore PMUs because env variable PCM_USE_UNCORE_PERF=1
)
1               
14INFO: Secure Boot detected. Using Linux perf for uncore PMU programming.


invalid
)
 Package thermal spec power: (Package thermal spec power:  Package thermal spec power: 0150 0 Watt; ) Watt;   Watt; Package minimum power: 
Package minimum power:  Package minimum power: 0
0 0 Watt;  Watt; Package thermal spec power:   Watt; Package maximum power: Package maximum power: 0 Package maximum power: 00 Watt;       -1              
13              0               5               13              1               invalid         -1              
14              0               6               14              1               invalid         -1              
15              0               7               15              1               invalid         -1              
=====  Placement on packages  =====
Package Id.    Core Id.     Processors
0              0,1,2,3,4,5,6,7
1              0,1,2,3,4,5,6,7

=====  Core/Tile sharing  =====
Level      Processors
Core       (0)(1)(2)(3)(4)(5)(6)(7)(8)(9)(10)(11)(12)(13)(14)(15)
Tile / L2$ (0)(1)(2)(3)(4)(5)(6)(7)(8)(9)(10)(11)(12)(13)(14)(15)

Package thermal spec power: 0 Watt; Package minimum power: 0 Watt; Package maximum power: 0 Watt;

Can't open MCFG table. Check permission of /sys/firmware/acpi/tables/MCFG
Can't open MCFG table. Check permission of /sys/firmware/acpi/tables/MCFG1
Can't open MCFG table. Check permission of /pcm/sys/firmware/acpi/tables/MCFG
Can't open MCFG table. Check permission of /pcm/sys/firmware/acpi/tables/MCFG1
WARNING: enumeration of devices in UncorePMUDiscovery failed
Socket 1: 2 memory controllers detected with total number of 6 channels. 2 UPI ports detected. 2 M2M (mesh to memory) blocks detected. 0 Home Agents detected. 2 M3UPI blocks detected.
INFO: Linux perf interface to program uncore PMUs is present
INFO: using Linux perf interface to program uncore PMUs because env variable PCM_USE_UNCORE_PERF=1
INFO: Secure Boot detected. Using Linux perf for uncore PMU programming.
Socket 0: 2 memory controllers detected with total number of 6 channels. 2 UPI ports detected. 2 M2M (mesh to memory) blocks detected. 0 Home Agents detected. 2 M3UPI blocks detected.
 0-1              
 Watt;
9               0               1               9               1               invalid         -1              
10              0               2               10              1               invalid         -1              
11              0               3               11              1               invalid         -1              
12              0               4               12              1               invalid         -1              
13              0               5               13              1               invalid         -1              
 Watt;
14              0               6               14              1               invalid         -1              
15              0               7               15              1               invalid    Watt;
   
   -1              
=====  Placement on packages  =====
Package Id.    Core Id.     Processors
0              0,1,2,3,4,5,6,7
1              0,1,2,3,4Can't open MCFG table. Check permission of ,/sys/firmware/acpi/tables/MCFG5
,Can't open MCFG table. Check permission of 6/sys/firmware/acpi/tables/MCFG1,
7Can't open MCFG table. Check permission of 
/pcm/sys/firmware/acpi/tables/MCFG
=====  Core/Tile sharing  =====

Level      Processors
Core       Can't open MCFG table. Check permission of (/pcm/sys/firmware/acpi/tables/MCFG10
)(1)(2
)(3)(4)(5WARNING: enumeration of devices in UncorePMUDiscovery failed
)(
6)(7)(Can't open MCFG table. Check permission of 8/sys/firmware/acpi/tables/MCFG)
(Can't open MCFG table. Check permission of 9/sys/firmware/acpi/tables/MCFG1)
(Can't open MCFG table. Check permission of 10Can't open MCFG table. Check permission of /pcm/sys/firmware/acpi/tables/MCFG)/sys/firmware/acpi/tables/MCFG
(
Can't open MCFG table. Check permission of 11Can't open MCFG table. Check permission of /pcm/sys/firmware/acpi/tables/MCFG1)/sys/firmware/acpi/tables/MCFG1
(
12Can't open MCFG table. Check permission of )/pcm/sys/firmware/acpi/tables/MCFG(
13Can't open MCFG table. Check permission of )/pcm/sys/firmware/acpi/tables/MCFG1(
14)(WARNING: enumeration of devices in UncorePMUDiscovery failed
15)
Tile / L2$ (0)(1)(2)(3)WARNING: enumeration of devices in UncorePMUDiscovery failed
(4)(5)(6)(7)(8)(9)(10)(11)(12)(13)(14)(15)

Package thermal spec power: 0 Watt; Package minimum power: 0 Watt; Package maximum power: 0 Watt;

Can't open MCFG table. Check permission of /sys/firmware/acpi/tables/MCFG
Can't open MCFG table. Check permission of /sys/firmware/acpi/tables/MCFG1
Can't open MCFG table. Check permission of /pcm/sys/firmware/acpi/tables/MCFG
Can't open MCFG table. Check permission of /pcm/sys/firmware/acpi/tables/MCFG1
WARNING: enumeration of devices in UncorePMUDiscovery failed
Socket Package minimum power: 0 Watt; Package maximum power: 0 Watt;
INFO: Linux perf interface to program uncore PMUs is present
INFO: using Linux perf interface to program uncore PMUs because env variable PCM_USE_UNCORE_PERF=1
INFO: Secure Boot detected. Using Linux perf for uncore PMU programming.

Can't open MCFG table. Check permission of /sys/firmware/acpi/tables/MCFG
Can't open MCFG table. Check permission of /sys/firmware/acpi/tables/MCFG1INFO: Linux perf interface to program uncore PMUs is 
Can't open MCFG table. Check permission of INFO: Linux perf interface to program uncore PMUs is /pcm/sys/firmware/acpi/tables/MCFGpresent
present

INFO: using Linux perf interface to program uncore PMUs because env variable PCM_USE_UNCORE_PERF=1
INFO: using Linux perf interface to program uncore PMUs because env variable PCM_USE_UNCORE_PERF=1
Can't open MCFG table. Check permission of INFO: Secure Boot detected. Using Linux perf for uncore PMU programming.
INFO: Secure Boot detected. Using Linux perf for uncore PMU programming.
/pcm/sys/firmware/acpi/tables/MCFG1
WARNING: enumeration of devices in UncorePMUDiscovery failed
INFO: Linux perf interface to program uncore PMUs is present
INFO: using Linux perf interface to program uncore PMUs because env variable PCM_USE_UNCORE_PERF=1
INFO: Secure Boot detected. Using Linux perf for uncore PMU programming.
INFO: Linux perf interface to program uncore PMUs is present
INFO: using Linux perf interface to program uncore PMUs because env variable PCM_USE_UNCORE_PERF=1
INFO: Secure Boot detected. Using Linux perf for uncore PMU programming.
Socket 1: 2 memory controllers detected with total number of 6 channels. 2 UPI ports detected. 2 M2M (mesh to memory) blocks detected. 0 Home Agents detected. 2 M3UPI blocks detected.
0: 2 memory controllers detected with total number of 6 channels. 2 UPI ports detected. 2 M2M (mesh to memory) blocks detected. 0 Home Agents detected. 2 M3UPI blocks detected.
Socket 0: 2 memory controllers detected with total number of 6 channels. 2 UPI ports detected. 2 M2M (mesh to memory) blocks detected. 0 Home Agents detected. Socket 0: 2 memory controllers detected with total number of 6 channels. 2 UPI ports detected. 2 M2M (mesh to memory) blocks detected. 0 Home Agents detected. 2 M3UPI blocks detected.
Socket 1: 2 memory controllers detected with total number of 6 channels. 2 UPI ports detected. 2 M2M (mesh to memory) blocks detected. 0 Home Agents detected. 2 M3UPI blocks detected.
Socket 0: 2 memory controllers detected with total number of 6 channels. 2 UPI ports detected. 2 M2M (mesh to memory) blocks detected. 0 Home Agents detected. 2 M3UPI blocks detected.
Socket 0: 2 memory controllers detected with total number of 6 channels. 2 UPI ports detected. 2 M2M (mesh to memory) blocks detected. 0 Home Agents detected. 2 M3UPI blocks detected.
Socket 0: 2 memory controllers detected with total number of 6 channels. 2 UPI ports detected. 2 M2M (mesh to memory) blocks detected. 0 Home Agents detected. 2 M3UPI blocks detected.
2 M3UPI blocks detected.
Socket 1: 2 memory controllers detected with total number of 6 channels. 2 UPI ports detected. 2 M2M (mesh to memory) blocks detected. 0 Home Agents detected. 2 M3UPI blocks detected.
Socket 1: 2 memory controllers detected with total number of 6 channels. 2 UPI ports detected. 2 M2M (mesh to memory) blocks detected. 0 Home Agents detected. 2 M3UPI blocks detected.
Socket 1: 2 memory controllers detected with total number of 6 channels. 2 UPI ports detected. 2 M2M (mesh to memory) blocks detected. 0 Home Agents detected. 2 M3UPI blocks detected.
Socket 1: 2 memory controllers detected with total number of 6 channels. 2 UPI ports detected. 2 M2M (mesh to memory) blocks detected. 0 Home Agents detected. 2 M3UPI blocks detected.
Socket 1: 2 memory controllers detected with total number of 6 channels. 2 UPI ports detected. 2 M2M (mesh to memory) blocks detected. 0 Home Agents detected. 2 M3UPI blocks detected.
INFO: using Linux resctrl driver for RDT metrics (L3OCC, LMB, RMB) because environment variable PCM_USE_RESCTRL=1
ERROR: /sys/fs/resctrl is not mounted
ERROR: RDT metrics (L3OCC,LMB,RMB) will not be available
Mount it to make it work: mount -t resctrl resctrl /sys/fs/resctrl

 Closed perf event handles
Trying to use Linux perf events...
INFO: using Linux resctrl driver for RDT metrics (L3OCC, LMB, RMB) because environment variable PCM_USE_RESCTRL=1
ERROR: /sys/fs/resctrl is not mounted
ERROR: RDT metrics (L3OCC,LMB,RMB) will not be available
Mount it to make it work: mount -t resctrl resctrl /sys/fs/resctrl
INFO: using Linux resctrl driver for RDT metrics (L3OCC, LMB, RMB) because environment variable PCM_USE_RESCTRL=1
ERROR: /sys/fs/resctrl is not mounted
ERROR: RDT metrics (L3OCC,LMB,RMB) will not be available
Mount it to make it work: mount -t resctrl resctrl /sys/fs/resctrl

 Closed perf event handles

Trying to use Linux perf events...
 Closed perf event handles
Trying to use Linux perf events...
Successfully programmed on-core PMU using Linux perf
INFO: using Linux resctrl driver for RDT metrics (L3OCC, LMB, RMB) because environment variable PCM_USE_RESCTRL=1
ERROR: /sys/fs/resctrl is not mounted
ERROR: RDT metrics (L3OCC,LMB,RMB) will not be available
Mount it to make it work: mount -t resctrl resctrl /sys/fs/resctrl

INFO: using Linux resctrl driver for RDT metrics (L3OCC, LMB, RMB) because environment variable PCM_USE_RESCTRL=1
ERROR: /sys/fs/resctrl is not mounted
ERROR: RDT metrics (L3OCC,LMB,RMB) will not be available
Mount it to make it work: mount -t resctrl resctrl /sys/fs/resctrl
 Closed perf event handles
Trying to use Linux perf events...

 Closed perf event handles
Trying to use Linux perf events...
Successfully programmed on-core PMU using Linux perf
Successfully programmed on-core PMU using Linux perf
Successfully programmed on-core PMU using Linux perf
Successfully programmed on-core PMU using Linux perf
INFO: using Linux resctrl driver for RDT metrics (L3OCC, LMB, RMB) because environment variable PCM_USE_RESCTRL=1
ERROR: /sys/fs/resctrl is not mounted
ERROR: RDT metrics (L3OCC,LMB,RMB) will not be available
Mount it to make it work: mount -t resctrl resctrl /sys/fs/resctrl

INFO: using Linux resctrl driver for RDT metrics (L3OCC, LMB, RMB) because environment variable PCM_USE_RESCTRL=1
ERROR: /sys/fs/resctrl is not mounted
ERROR: RDT metrics (L3OCC,LMB,RMB) will not be available
Mount it to make it work: mount -t resctrl resctrl /sys/fs/resctrl
 Closed perf event handles
Trying to use Linux perf events...

 Closed perf event handles
Trying to use Linux perf events...
Successfully programmed on-core PMU using Linux perf
INFO: using Linux resctrl driver for RDT metrics (L3OCC, LMB, RMB) because environment variable PCM_USE_RESCTRL=1
ERROR: /sys/fs/resctrl is not mounted
ERROR: RDT metrics (L3OCC,LMB,RMB) will not be available
Mount it to make it work: mount -t resctrl resctrl /sys/fs/resctrl
Successfully programmed on-core PMU using Linux perf

 Closed perf event handles
Trying to use Linux perf events...
Successfully programmed on-core PMU using Linux perf
Socket 0
Max UPI link 0 speed: 1.2 GBytes/second (0.6 GT/second)
Max UPI link 1 speed: 1.2 GBytes/second (0.6 GT/second)
Socket 1
Max UPI link 0 speed: 2.5 GBytes/second (1.1 GT/second)
Max UPI link 1 speed: 2.5 GBytes/second (1.1 GT/second)

Detected Intel(R) Xeon(R) Silver 4208 CPU @ 2.10GHz "Intel(r) microarchitecture codename Cascade Lake-SP" stepping 7

Executing "./VE/ior-main/src/ior" command:
Socket 0
Max UPI link 0 speed: 0.9 GBytes/second (0.4 GT/second)
Max UPI link 1 speed: 0.9 GBytes/second (0.4 GT/second)
Socket 1
Max UPI link 0 speed: 0.9 GBytes/second (0.4 GT/second)
Max UPI link 1 speed: 0.9 GBytes/second (0.4 GT/second)

Detected Intel(R) Xeon(R) Silver 4208 CPU @ 2.10GHz "Intel(r) microarchitecture codename Cascade Lake-SP" stepping 7

Executing "./VE/ior-main/src/ior" command:
Socket 0
Max UPI link 0 speed: 0.8 GBytes/second (0.3 GT/second)
Max UPI link 1 speed: 0.8 GBytes/second (0.3 GT/second)
Socket 1
Max UPI link 0 speed: 0.8 GBytes/second (0.4 GT/second)
Max UPI link 1 speed: 0.8 GBytes/second (0.4 GT/second)

Detected Intel(R) Xeon(R) Silver 4208 CPU @ 2.10GHz "Intel(r) microarchitecture codename Cascade Lake-SP" stepping 7

Executing "./VE/ior-main/src/ior" command:
Socket 0
Max UPI link 0 speed: 0.9 GBytes/second (0.4 GT/second)
Max UPI link 1 speed: 0.9 GBytes/second (0.4 GT/second)
Socket 1
Max UPI link 0 speed: 1.2 GBytes/second (0.6 GT/second)
Max UPI link 1 speed: 1.2 GBytes/second (0.6 GT/second)

Detected Intel(R) Xeon(R) Silver 4208 CPU @ 2.10GHz "Intel(r) microarchitecture codename Cascade Lake-SP" stepping 7

Executing "./VE/ior-main/src/ior" command:
Socket 0
Max UPI link 0 speed: 0.8 GBytes/second (0.4 GT/second)
Max UPI link 1 speed: 0.8 GBytes/second (0.4 GT/second)
Socket 1
Max UPI link 0 speed: 1.1 GBytes/second (0.5 GT/second)
Max UPI link 1 speed: 1.1 GBytes/second (0.5 GT/second)

Detected Intel(R) Xeon(R) Silver 4208 CPU @ 2.10GHz "Intel(r) microarchitecture codename Cascade Lake-SP" stepping 7

Executing "./VE/ior-main/src/ior" command:
Socket 0
Max UPI link 0 speed: 0.8 GBytes/second (0.4 GT/second)
Max UPI link 1 speed: 0.8 GBytes/second (0.4 GT/second)
Socket 1
Max UPI link 0 speed: 0.8 GBytes/second (0.4 GT/second)
Max UPI link 1 speed: 0.8 GBytes/second (0.4 GT/second)

Detected Intel(R) Xeon(R) Silver 4208 CPU @ 2.10GHz "Intel(r) microarchitecture codename Cascade Lake-SP" stepping 7

Executing "./VE/ior-main/src/ior" command:
Socket 0
Max UPI link 0 speed: 0.9 GBytes/second (0.4 GT/second)
Max UPI link 1 speed: 0.9 GBytes/second (0.4 GT/second)
Socket 1
Max UPI link 0 speed: 1.0 GBytes/second (0.4 GT/second)
Max UPI link 1 speed: 1.0 GBytes/second (0.4 GT/second)

Detected Intel(R) Xeon(R) Silver 4208 CPU @ 2.10GHz "Intel(r) microarchitecture codename Cascade Lake-SP" stepping 7

Executing "./VE/ior-main/src/ior" command:
Socket 0
Max UPI link 0 speed: 0.8 GBytes/second (0.4 GT/second)
Max UPI link 1 speed: 0.8 GBytes/second (0.4 GT/second)
Socket 1
Max UPI link 0 speed: 1.0 GBytes/second (0.4 GT/second)
Max UPI link 1 speed: 1.0 GBytes/second (0.4 GT/second)

Detected Intel(R) Xeon(R) Silver 4208 CPU @ 2.10GHz "Intel(r) microarchitecture codename Cascade Lake-SP" stepping 7

Executing "./VE/ior-main/src/ior" command:
IOR-4.1.0+dev: MPI Coordinated Test of Parallel I/O
Began               : Thu Mar 21 18:15:36 2024
Command line        : ./VE/ior-main/src/ior -t 1m -b 8m -s 8 -o hpl_test -F
Machine             : Linux muffin
TestID              : 0
StartTime           : Thu Mar 21 18:15:36 2024
Path                : hpl_test.00000000
FS                  : 79.0 TiB   Used FS: 12.7%   Inodes: 16179.2 Mi   Used Inodes: 0.2%

Options: 
api                 : POSIX
apiVersion          : 
test filename       : hpl_test
access              : file-per-process
type                : independent
segments            : 8
ordering in a file  : sequential
ordering inter file : no tasks offsets
nodes               : 1
tasks               : 8
clients per node    : 8
memoryBuffer        : CPU
dataAccess          : CPU
GPUDirect           : 0
repetitions         : 1
xfersize            : 1 MiB
blocksize           : 8 MiB
aggregate filesize  : 512 MiB

Results: 

access    bw(MiB/s)  IOPS       Latency(s)  block(KiB) xfer(KiB)  open(s)    wr/rd(s)   close(s)   total(s)   iter
------    ---------  ----       ----------  ---------- ---------  --------   --------   --------   --------   ----
write     5.66       30.58      0.005689    8192       1024.00    18.77      16.74      88.39      90.53      0   
read      302.07     2518.32    0.005379    8192       1024.00    0.892564   0.203310   0.896032   1.69       0   

Summary of all tests:
Operation   Max(MiB)   Min(MiB)  Mean(MiB)     StdDev   Max(OPs)   Min(OPs)  Mean(OPs)     StdDev    Mean(s) Stonewall(s) Stonewall(MiB) Test# #Tasks tPN reps fPP reord reordoff reordrand seed segcnt   blksiz    xsize aggs(MiB)   API RefNum
write           5.66       5.66       5.66       0.00       5.66       5.66       5.66       0.00   90.52684         NA            NA     0      8   8    1   1     0        1         0    0      8  8388608  1048576     512.0 POSIX      0
read          302.07     302.07     302.07       0.00     302.07     302.07     302.07       0.00    1.69499         NA            NA     0      8   8    1   1     0        1         0    0      8  8388608  1048576     512.0 POSIX      0
Finished            : Thu Mar 21 18:17:29 2024
DEBUG: caught signal to interrupt (Child exited).
Cleaning up
 Closed perf event handles
 Zeroed uncore PMU registers
DEBUG: caught signal to interrupt (Child exited).
Cleaning up
DEBUG: caught signal to interrupt (Child exited).
Cleaning up
 Closed perf event handles
 Closed perf event handles
DEBUG: caught signal to interrupt (DEBUG: caught signal to interrupt (DEBUG: caught signal to interrupt (Child exitedDEBUG: caught signal to interrupt (Child exited).
Child exited).
).
Cleaning up
Child exitedCleaning up
Cleaning up
).
DEBUG: caught signal to interrupt (Cleaning up
 Zeroed uncore PMU registers
Child exited Zeroed uncore PMU registers
).
Cleaning up
 Closed perf event handles
 Closed perf event handles
 Closed perf event handles
 Closed perf event handles
 Closed perf event handles
 Zeroed uncore PMU registers
 Zeroed uncore PMU registers
 Zeroed uncore PMU registers
 Zeroed uncore PMU registers
 Zeroed uncore PMU registers
	Command being timed: "/opt/nec/ve/bin/mpirun -n 8 /usr/sbin/pcm 0.1 -csv=./output/6/ve_IOR_VE_6.csv -- ./VE/ior-main/src/ior -t 1m -b 8m -s 8 -o hpl_test -F"
	User time (seconds): 6.71
	System time (seconds): 3.44
	Percent of CPU this job got: 6%
	Elapsed (wall clock) time (h:mm:ss or m:ss): 2:45.35
	Average shared text size (kbytes): 0
	Average unshared data size (kbytes): 0
	Average stack size (kbytes): 0
	Average total size (kbytes): 0
	Maximum resident set size (kbytes): 141564
	Average resident set size (kbytes): 0
	Major (requiring I/O) page faults: 0
	Minor (reclaiming a frame) page faults: 5854
	Voluntary context switches: 196726
	Involuntary context switches: 12849
	Swaps: 0
	File system inputs: 0
	File system outputs: 8704
	Socket messages sent: 0
	Socket messages received: 0
	Signals delivered: 0
	Page size (bytes): 4096
	Exit status: 0
