
 Intel(r) Performance Counter Monitor (2022-11-24 10:18:12 +0100 ID=1b16bb4e)


PCM Info: setrlimit for file limit 1000000 failed with error Operation not permitted

=====  Processor information  =====

 Intel(r) Performance Counter Monitor 
(2022-11-24 10:18:12 +0100 ID=1b16bb4e) Intel(r) Performance Counter Monitor 

(2022-11-24 10:18:12 +0100 ID=1b16bb4e)
 Intel(r) Performance Counter Monitor (2022-11-24 10:18:12 +0100 ID=1b16bb4e)

 Intel(r) Performance Counter Monitor 


(2022-11-24 10:18:12 +0100 ID=1b16bb4e)





PCM Info: setrlimit for file limit 1000000 failed with error PCM Info: setrlimit for file limit PCM Info: setrlimit for file limit Operation not permittedPCM Info: setrlimit for file limit 10000001000000
1000000 failed with error  failed with error  failed with error Operation not permittedOperation not permitted

Operation not permitted

=====  Processor information  =====

=====  Processor information  =====

=====  Processor information  =====

=====  Processor information  =====

 Intel(r) Performance Counter Monitor (2022-11-24 10:18:12 +0100 ID=1b16bb4e)


PCM Info: setrlimit for file limit 1000000 failed with error Operation not permitted

=====  Processor information  =====
Linux arch_perfmon flag  : yesLinux arch_perfmon flag  : 
yesHybrid processor         : Linux arch_perfmon flag  : 
noHybrid processor         : 
yes

no Intel(r) Performance Counter Monitor 
IBRS and IBPB supported  : 
 Intel(r) Performance Counter Monitor (2022-11-24 10:18:12 +0100 ID=1b16bb4e)Hybrid processor         : yesIBRS and IBPB supported  : (2022-11-24 10:18:12 +0100 ID=1b16bb4e)
no
yes


STIBP supported          : 


IBRS and IBPB supported  : yesSTIBP supported          : 
yes
yes
Spec arch caps supported : 
PCM Info: setrlimit for file limit STIBP supported          : yesSpec arch caps supported : PCM Info: setrlimit for file limit 1000000yes
yes1000000 failed with error 
Max CPUID level          : 
 failed with error Spec arch caps supported : 22Operation not permittedMax CPUID level          : yes
Operation not permitted
22
CPU model number         : 

Max CPUID level          : 85CPU model number         : 22
85

=====  Processor information  =====

CPU model number         : 
=====  Processor information  =====
85
Linux arch_perfmon flag  : yesLinux arch_perfmon flag  : 
Hybrid processor         : noyes

IBRS and IBPB supported  : Hybrid processor         : yesno

STIBP supported          : IBRS and IBPB supported  : yesyes

Spec arch caps supported : STIBP supported          : yesyes

Max CPUID level          : Spec arch caps supported : 22yes

CPU model number         : Max CPUID level          : 8522

CPU model number         : 85
Linux arch_perfmon flag  : Linux arch_perfmon flag  : yesyes

Hybrid processor         : Hybrid processor         : nono

IBRS and IBPB supported  : IBRS and IBPB supported  : yesyes

STIBP supported          : STIBP supported          : yesyes

Spec arch caps supported : Spec arch caps supported : yes
Number of physical cores: Max CPUID level          : yes22Number of physical cores: 

16Linux arch_perfmon flag  : Max CPUID level          : CPU model number         : 
Number of physical cores: 16yesNumber of physical cores: 2285Number of physical cores: Number of logical cores: 16
16

16

16Number of logical cores: 
Hybrid processor         : CPU model number         : 
Number of online logical cores: 
16Number of logical cores: no85Number of logical cores: 16Number of logical cores: 
Number of online logical cores: 16

16
1616
IBRS and IBPB supported  : 
Threads (logical cores) per physical core: 

Number of online logical cores: yesNumber of online logical cores: 1Number of online logical cores: Threads (logical cores) per physical core: 16
16
161
STIBP supported          : 
Num sockets: 

Threads (logical cores) per physical core: yesThreads (logical cores) per physical core: 2Threads (logical cores) per physical core: Num sockets: 1
1
12
Spec arch caps supported : 
Physical cores per socket: 

Num sockets: yesNum sockets: 8Num sockets: Physical cores per socket: 28


2Max CPUID level          : 
Physical cores per socket: 2Last level cache slices per socket: 
22Last level cache slices per socket: 80
0Physical cores per socket: 


Physical cores per socket: 
8CPU model number         : Last level cache slices per socket: Core PMU (perfmon) version: 8Core PMU (perfmon) version: 
8504
4Last level cache slices per socket: 


Last level cache slices per socket: 
0Core PMU (perfmon) version: Number of core PMU generic (programmable) counters: 0Number of core PMU generic (programmable) counters: 
48
8Core PMU (perfmon) version: 
Number of core PMU generic (programmable) counters: 8
Width of generic (programmable) counters: 48
Core PMU (perfmon) version: 
4 bits
Width of generic (programmable) counters: 4Width of generic (programmable) counters: 
Number of core PMU fixed counters: 48
48Number of core PMU generic (programmable) counters: 3 bits
Number of core PMU generic (programmable) counters:  bits
8
Number of core PMU fixed counters: 8Number of core PMU fixed counters: 
Width of fixed counters: 3
3Width of generic (programmable) counters: 48
Width of fixed counters: 48Width of generic (programmable) counters:  bits
48
Nominal core frequency:  bits
Width of fixed counters: 482100000000Number of core PMU fixed counters:  bits
48Nominal core frequency:  bits
 Hz
3
 bits
2100000000Number of core PMU fixed counters: IBRS enabled in the kernel   : Width of fixed counters: Nominal core frequency:  Hz
3no482100000000IBRS enabled in the kernel   : 

 bits
 Hz
noWidth of fixed counters: STIBP enabled in the kernel  : Nominal core frequency: IBRS enabled in the kernel   : 
STIBP enabled in the kernel  : 48no2100000000nono bits

 Hz


Nominal core frequency: The processor is not susceptible to Rogue Data Cache Load: IBRS enabled in the kernel   : STIBP enabled in the kernel  : The processor is not susceptible to Rogue Data Cache Load: 2100000000nononono Hz




IBRS enabled in the kernel   : The processor supports enhanced IBRS                     : STIBP enabled in the kernel  : The processor is not susceptible to Rogue Data Cache Load: The processor supports enhanced IBRS                     : nonononono




STIBP enabled in the kernel  : The processor is not susceptible to Rogue Data Cache Load: The processor supports enhanced IBRS                     : 
=====  Processor topology  =====

=====  Processor topology  =====
nononoOS_Processor    Thread_Id       Core_Id         Tile_Id         Package_Id      Core_Type   Native_CPU_Model
OS_Processor    Thread_Id       Core_Id         Tile_Id         Package_Id      Core_Type   Native_CPU_Model



0               0               The processor is not susceptible to Rogue Data Cache Load: The processor supports enhanced IBRS                     : no
=====  Processor topology  =====

OS_Processor    Thread_Id       Core_Id         Tile_Id         Package_Id      Core_Type   Native_CPU_Model

=====  Processor topology  =====
0               0               0               OS_Processor    Thread_Id       Core_Id         Tile_Id         Package_Id      Core_Type   Native_CPU_Model
0               no0               0               0               0               
0               0               0               0               The processor supports enhanced IBRS                     : no0               0               0               invalid
0               invalid0                
=====  Processor topology  =====
invalid  0               invalid OS_Processor    Thread_Id       Core_Id         Tile_Id         Package_Id      Core_Type   Native_CPU_Model
     0                   0                     0                   0                -1                0                
  invalid   1                   0                -1               -1              1                
-1              

1               1               1               0                1               0               0               1                    0               1               invalid1               -1              1               1                0               
1               0                invalid1               0               invalid   0               invalid   1                   1               0                   invalid                  -1                  
    2                -1                -1              
0               2               2               -1              0               2               

2               -1              0               2               2               2               
invalid2               0               0               0                0               2               2               invalid 2               2               2                 2               0               0                 0               invalidinvalid   invalid                             -1               -1              
 -1              
 3                
3                0               -1              3               0                3               3               0               
0               3                invalid3               3               3               -1               0               3               0               
   3               0               invalid 3                 0                 3                 3               3                Number of physical cores: invalid 0               0                16  invalidinvalid 
Number of logical cores:       16 -1                -1              
 
  
Number of online logical cores:  4                 4               16 0                    0               
 4               -1               4               Threads (logical cores) per physical core:  4               
 4               1 -1              
0               4               invalid4               0                 0               4               0                 
4               4               invalidNumber of physical cores:  -1              Number of physical cores: 4               0               Num sockets:   16
0               invalid216  
invalid4                

   Number of logical cores:  0                Physical cores per socket: Number of logical cores:   16 4                816  
Number of online logical cores:  4                

  16 0                Last level cache slices per socket: Number of online logical cores:  -1              
Threads (logical cores) per physical core:    invalid     0 -1              16  
 


5               1 Core PMU (perfmon) version: -1               5               Threads (logical cores) per physical core: 0               
 4
-1              0               15               Num sockets:  
5               
5               
5               2 Number of core PMU generic (programmable) counters: 0               5               5               Num sockets: 0               
 85               0               0               2invalidPhysical cores per socket:  
5               5               invalid 
 8-1              Width of generic (programmable) counters: 0               5                 Physical cores per socket:  

48invalid0                 8 Last level cache slices per socket: 5                bits
 invalid 
 00               Number of core PMU fixed counters:         Last level cache slices per socket:      0
   5               -1              
3 Core PMU (perfmon) version:   
Core PMU (perfmon) version: 5               
 4  6               4
0               Width of fixed counters: -1              
  0               Number of core PMU generic (programmable) counters: invalid48
Number of core PMU generic (programmable) counters:  -1              6               8  bits
6               8-1              
6               
 Nominal core frequency: 0               

6               0               Width of generic (programmable) counters:  21000000006               Width of generic (programmable) counters: 6               0               invalid    48  Hz
6               480               6                  bits
Number of core PMU fixed counters: 3
Width of fixed counters: 48 IBRS enabled in the kernel   : 0                bits
6               6                  bits
 noinvalidNumber of core PMU fixed counters: 6               0                Nominal core frequency:  
  3  0                
 invalidinvalidWidth of fixed counters: -1                2100000000 48
   STIBP enabled in the kernel  :   Hz
 bits
7                 -1               no IBRS enabled in the kernel   : Nominal core frequency: 0               -1              
 
 no21000000007               
     6               The processor is not susceptible to Rogue Data Cache Load:  
 Hz
7               7               -1              0               no STIBP enabled in the kernel  : IBRS enabled in the kernel   : 0               0               
6               
 nonoinvalid7               7               6               The processor supports enhanced IBRS                     :  

 7               0               0               no The processor is not susceptible to Rogue Data Cache Load: STIBP enabled in the kernel  :     0               7               invalid
-1              no
=====  Processor topology  =====
no  invalid7                

OS_Processor    Thread_Id       Core_Id         Tile_Id         Package_Id      Core_Type   Native_CPU_Model

   0                7               The processor supports enhanced IBRS                     : 0               The processor is not susceptible to Rogue Data Cache Load: -1               invalid 0               7               no7               0               
0               invalid
=====  Processor topology  =====
no0                
OS_Processor    Thread_Id       Core_Id         Tile_Id         Package_Id      Core_Type   Native_CPU_Model

 0                8                0               The processor supports enhanced IBRS                     :   0                   0                0               no  invalid   0               8                0               
 
=====  Processor topology  =====
  -1              1                0                OS_Processor    Thread_Id       Core_Id         Tile_Id         Package_Id      Core_Type   Native_CPU_Model
  
invalid 0                0                 8                 invalid 0                 0                     -1              0               -1               0                  
0               
 8                  7               0               8                1                 -1               0               invalid0               0                8                1               invalid-1              invalid-1               

 
   1               9               7                8                  0               0               7                0                  1               1               0                0                  1               9               invalid  8                  0               1                 1                -1               invalid    invalid  invalid 
     -1                 1                   
  -1              0                  9                 
1               -1                0                -1              9               1               
  1                
0               0               2                 9                1               9               1               1               0               invalidinvalid1               0                  1                2                  0               1                2                  -1              invalidinvalid-1              0                  
  
invalid     8                 10                  -1               0                 0                  
 0                 2                  9                8                 10               -1              0                1                 1               -1              
1               -1              invalid  invalid
2               9               
    3               0               1               10                  0               2               invalid0                -1              
-1              2               
 0               10              3                3               2               2               0                 0               2               0               2               2                  invalid10              invalid0               10                   1                invalid1                   -1                invalid   invalid  
        9               -1                     0               
       1               11                   -1              9               0                  -1                  
1               3                  
 10              invalid11                 3               -1              0                 1               -1               -1              0               
11              2               0                3               10              invalid 
11              4                1                
 3               1               0               -1              invalid     3                3               invalid4               
  0                0                4               11                 3                invalid 0               0                -1              3                  invalid   3                
0               -1                   11               12              invalid
 10                 1                0                    0                 invalid 4                   2                -1                12                 10               1               
 invalid 5               -1                 1               0               
-1              -1                 invalid5               12              

    5               0               4               11                  0               4               0               0               -1                 invalid12              4               3               
    1               4               11              4                   invalid   0               1               0                -1                   invalidinvalid4                
      4               -1              12                   0               
0                 -1                   invalid  4                12               11                -1              1                 0               
  
invalid  3               13                13               -1               11              0                 0                
-1              1               5               -1               5                5               
invalid13              
 13               0               6                1               12               1                5               0                invalid0                invalid 5               6                 4               -1                0               6                  12              
  invalid 0                 1               5                   invalid  invalid 0                5                 -1              5                   
0                     13              invalid         0                -1               -1                 5                
 
   13               14               12                -1              -1              1                0               -1              0                

invalid 6               
4                14                13               14              6               12               0                0                1               0               1               -1              6                5                invalid  6               invalid
14              1                13               -1               
 6               6                0                0                7               invalid6               invalid   0                1               6               invalid    7                   0                    7                  invalid    -1              0                    -1              
invalid-1                   
15               
    14              0                7                   0               7                0                  -1              6               15               7                  
14              1                7               0                 -1              13              1               invalid invalid    -1              

14              15              0               0               0               invalid5                6               7                  13              -1                14              15                     1               
 1               1                  invalid7                invalidinvalid-1                  0                  
-1                 7                  8               
-1               7                  0               15              0               
 0                  0               7               8               0               0               8               1               invalid   invalid-1                8               15                  
  1               1                    =====  Placement on packages  =====
  Package Id.    Core Id.     Processors
  0                invalid 0invalid    -1               ,    -1                    
 1    -1              
   8               -1              ,  
15                0               
2-1              =====  Placement on packages  =====
0                -1              0               14              ,
Package Id.    Core Id.     Processors
7               -1              
8               0               3=====  Placement on packages  =====
0              15              
9               1               6               ,Package Id.    Core Id.     Processors
01               9               0               invalid14              40              ,invalid0               1                1               ,01 1               9                  invalid  5 , ,, 1  29               6 1               ,    ,1               , invalid2   3invalid7-1                    ,   , 

 3-1               4 1              9                 ,
 , 00               -1              4=====  Placement on packages  =====
 5 ,1               
,Package Id.    Core Id.     Processors
-1              , 19               10              50              
6 ,1               0               ,015              , 2invalid2               6,10               7 , 10              ,,7               
 1              -1              30
 ,,1               10              invalid7 4120               ,15               
 ,,2               31                1               5210              ,invalid 0 ,,1               4  , 63,invalid,  1 ,4 5  , 7, ,  2-1              
5 6  ,

=====  Core/Tile sharing  =====
, ,  3Level      Processors
Core       10              6 7 -1              ,(0               , 
 
402               7 1               11              ,)10              
 0-1              0               5(11               )invalid
=====  Core/Tile sharing  =====
(  Level      Processors
Core       2 ,-1              
()3                1,
0=====  Placement on packages  =====
(11               ,611              )Package Id.    Core Id.     Processors
31                2,0               (10              )invalid ,73               )0(      3
11              (,4   ,
=====  Core/Tile sharing  =====
1               21)  4Level      Processors
Core       invalid    ),( -1              ,( (25-1              
50   3,)
11              ,) )3(612              )0               0               (4               3               6712              (11              -1              ,()41               ,11               
7()invalid4)invalid12              
8(5 ,(     0               
=====  Core/Tile sharing  =====
)) 52  4               Level      Processors
Core       ((  ,)  12              (96 6(-1              1               0))  ,3
invalid)(( 7)12                (107 
(0                1))-1              1              4)4               (12               51                ))invalid( 11(((
  )0286  (13              ,)))  120               1((( -1              )5               ,397 
(13              2))) 13              131               ,((( 0               )invalid3,4108 5               ( 4))) 13              14 ,(((-1              1               ) 55119
invalid( ,))()12(13              )10 0               (15)  5               13)6( ( 13              )
Tile / L2$ ,11 6 1               ((7) ) invalid140
( (  ))
=====  Core/Tile sharing  =====
12 7-1               ((Level      Processors
Core       ) )
 151(( (14               ))013-1              80                
Tile / L2$ ())
)6                (2)(((14              (14               031140               91                ))))6               14              )1               (invalidinvalid10   ()(-1                (1((4
    2)1115)14                  )())(0                 (2(
Tile / L2$ 56               -1               3)12()14              
  )()0(1               15               (3()6invalid0               -1              4)13() 7               
)()1( 15              15              (4(14))(7( 151               )20                )5invalid())7                
Tile / L2$ ) 8((15               (( )531                06 ())invalid  )) 9((      (( )64  -1              1)7 ()) 
() 10((-1              15              2)( )75
0               (8 ())=====  Placement on packages  =====
7               3)-1              11((Package Id.    Core Id.     Processors
0              15              )((49)
))(8=====  Placement on packages  =====
6(0(1               5)Package Id.    Core Id.     Processors
)(710,12invalid)(0              )()1)  (908(,( 6),)11213 )(1(),)  (10,9(3( 7)2)12,14 )(,()4) (11310(,(-1              8),)(1311)5)(15,(
14))612(=====  Placement on packages  =====
4)
(,)12Package Id.    Core Id.     Processors
,(
97()0              515Package thermal spec power: )
13(0,)0(1              )13,6
Tile / L2$  Watt; 100()1,(Package minimum power: ),14(,2700(1)14,
) Watt; 11,()31              (Package maximum power: )215(,0,10(,)154,15,,)26 Watt;
(,12,233
))7),,
(

(44Package thermal spec power: 13
1              3,,0)0Package thermal spec power: )55 Watt; (,0(,,Package minimum power: 141 Watt; 4660),Package minimum power: ),, Watt; (20(77Package maximum power: 15, Watt; 5

0)3Package maximum power: )
=====  Core/Tile sharing  =====

=====  Core/Tile sharing  =====
Level      Processors
Core        Watt;


,Package thermal spec power: 400,( Watt;
 Watt; Level      Processors
Core       56(Package minimum power: 
(,
)000)(1)6(Can't open MCFG table. Check permission of ) Watt; (,7Can't open MCFG table. Check permission of /sys/firmware/acpi/tables/MCFG(Package maximum power: 27)/sys/firmware/acpi/tables/MCFG
10)
(
Can't open MCFG table. Check permission of ) Watt;
(
=====  Core/Tile sharing  =====
8Can't open MCFG table. Check permission of /sys/firmware/acpi/tables/MCFG1(3Level      Processors
Core       )/sys/firmware/acpi/tables/MCFG1
2)((
Can't open MCFG table. Check permission of )(09Can't open MCFG table. Check permission of /pcm/sys/firmware/acpi/tables/MCFG(4))/pcm/sys/firmware/acpi/tables/MCFG
3)(((
Can't open MCFG table. Check permission of )5110Can't open MCFG table. Check permission of /pcm/sys/firmware/acpi/tables/MCFG1/pcm/sys/firmware/acpi/tables/MCFG1

(4))(()65()))
2(
((WARNING: enumeration of devices in UncorePMUDiscovery failed
WARNING: enumeration of devices in UncorePMUDiscovery failed
)1176(Can't open MCFG table. Check permission of )))3/sys/firmware/acpi/tables/MCFG(((Can't open MCFG table. Check permission of )
1287/sys/firmware/acpi/tables/MCFG(Can't open MCFG table. Check permission of )))
4/sys/firmware/acpi/tables/MCFG1(((Can't open MCFG table. Check permission of )
Can't open MCFG table. Check permission of 1398/sys/firmware/acpi/tables/MCFG1(/pcm/sys/firmware/acpi/tables/MCFG
)))
5Can't open MCFG table. Check permission of (((Can't open MCFG table. Check permission of )/pcm/sys/firmware/acpi/tables/MCFG114109/pcm/sys/firmware/acpi/tables/MCFG(
)))
6(((Can't open MCFG table. Check permission of )(157)11)
10)(WARNING: enumeration of devices in UncorePMUDiscovery failed

)/pcm/sys/firmware/acpi/tables/MCFG1(
INFO: Linux perf interface to program uncore PMUs is 8Package thermal spec power: INFO: Linux perf interface to program uncore PMUs is (12)present
0present
11)(INFO: using Linux perf interface to program uncore PMUs because env variable PCM_USE_UNCORE_PERF=1
 Watt; WARNING: enumeration of devices in UncorePMUDiscovery failed
INFO: using Linux perf interface to program uncore PMUs because env variable PCM_USE_UNCORE_PERF=1
)(9INFO: Secure Boot detected. Using Linux perf for uncore PMU programming.
Package minimum power: INFO: Secure Boot detected. Using Linux perf for uncore PMU programming.
(13)012)( Watt; )(10Package maximum power: (14)013)( Watt;
)(11(15)14)()
Tile / L2$ 12(()150())13
Tile / L2$ ()(1(0)14)()(2(1)15)()(3
Tile / L2$ 2)()(0(4)3)()(1(5)4)()(2(6)5)()(3(7)6)()(4(8)7)()(5(9)8)((106)))(
((INFO: Linux perf interface to program uncore PMUs is 1197INFO: Linux perf interface to program uncore PMUs is )present
))present
(INFO: using Linux perf interface to program uncore PMUs because env variable PCM_USE_UNCORE_PERF=1
((Can't open MCFG table. Check permission of INFO: using Linux perf interface to program uncore PMUs because env variable PCM_USE_UNCORE_PERF=1
12INFO: Secure Boot detected. Using Linux perf for uncore PMU programming.
10)8/sys/firmware/acpi/tables/MCFGINFO: Secure Boot detected. Using Linux perf for uncore PMU programming.
)()
(11(Can't open MCFG table. Check permission of 13)9)/sys/firmware/acpi/tables/MCFG1)((
(1210Can't open MCFG table. Check permission of 14))/pcm/sys/firmware/acpi/tables/MCFG)((
(1311Can't open MCFG table. Check permission of 15))/pcm/sys/firmware/acpi/tables/MCFG1)((

1412
))(Package thermal spec power: (15013) Watt; )
Package minimum power: (
014 Watt; WARNING: enumeration of devices in UncorePMUDiscovery failed
)Package thermal spec power: Package maximum power: (0015 Watt;  Watt;
)Package minimum power: 
0
 Watt; Package maximum power: Package thermal spec power: 00 Watt;
 Watt; Package minimum power: 0 Watt; Package maximum power: 0 Watt;



Can't open MCFG table. Check permission of /sys/firmware/acpi/tables/MCFG
Can't open MCFG table. Check permission of /sys/firmware/acpi/tables/MCFG1
Can't open MCFG table. Check permission of Can't open MCFG table. Check permission of /sys/firmware/acpi/tables/MCFG/pcm/sys/firmware/acpi/tables/MCFG

Can't open MCFG table. Check permission of Can't open MCFG table. Check permission of Can't open MCFG table. Check permission of /sys/firmware/acpi/tables/MCFG1/pcm/sys/firmware/acpi/tables/MCFG1/sys/firmware/acpi/tables/MCFG


Can't open MCFG table. Check permission of Can't open MCFG table. Check permission of /pcm/sys/firmware/acpi/tables/MCFG/sys/firmware/acpi/tables/MCFG1

Can't open MCFG table. Check permission of Can't open MCFG table. Check permission of /pcm/sys/firmware/acpi/tables/MCFG1/pcm/sys/firmware/acpi/tables/MCFGINFO: Linux perf interface to program uncore PMUs is 

present
Can't open MCFG table. Check permission of WARNING: enumeration of devices in UncorePMUDiscovery failed
INFO: using Linux perf interface to program uncore PMUs because env variable PCM_USE_UNCORE_PERF=1
/pcm/sys/firmware/acpi/tables/MCFG1INFO: Secure Boot detected. Using Linux perf for uncore PMU programming.

WARNING: enumeration of devices in UncorePMUDiscovery failed
WARNING: enumeration of devices in UncorePMUDiscovery failed
INFO: Linux perf interface to program uncore PMUs is present
INFO: using Linux perf interface to program uncore PMUs because env variable PCM_USE_UNCORE_PERF=1
INFO: Secure Boot detected. Using Linux perf for uncore PMU programming.
INFO: Linux perf interface to program uncore PMUs is present
INFO: Linux perf interface to program uncore PMUs is INFO: using Linux perf interface to program uncore PMUs because env variable PCM_USE_UNCORE_PERF=1
present
INFO: Secure Boot detected. Using Linux perf for uncore PMU programming.
INFO: using Linux perf interface to program uncore PMUs because env variable PCM_USE_UNCORE_PERF=1
INFO: Secure Boot detected. Using Linux perf for uncore PMU programming.
Socket 0: 2 memory controllers detected with total number of 6 channels. 2 UPI ports detected. 2 M2M (mesh to memory) blocks detected. 0 Home Agents detected. 2Socket  M3UPI blocks detected.
0: 2 memory controllers detected with total number of 6 channels. 2 UPI ports detected. 2 M2M (mesh to memory) blocks detected. 0 Home Agents detected. 2 M3UPI blocks detected.
Socket 0: 2 memory controllers detected with total number of 6 channels. 2 UPI ports detected. 2 M2M (mesh to memory) blocks detected. 0 Home Agents detected. 2 M3UPI blocks detected.
Socket 0: 2 memory controllers detected with total number of 6 channels. 2 UPI ports detected. 2 M2M (mesh to memory) blocks detected. 0 Home Agents detected. 2 M3UPI blocks detected.
Socket 0: 2 memory controllers detected with total number of 6 channels. 2 UPI ports detected. 2 M2M (mesh to memory) blocks detected. 0 Home Agents detected. 2 M3UPI blocks detected.
Socket 0: 2 memory controllers detected with total number of 6 channels. 2 UPI ports detected. 2 M2M (mesh to memory) blocks detected. 0 Home Agents detected. 2 M3UPI blocks detected.
Socket 0: 2 memory controllers detected with total number of 6 channels. 2 UPI ports detected. 2 M2M (mesh to memory) blocks detected. 0 Home Agents detected. 2 M3UPI blocks detected.
Socket 0Socket : 12:  memory controllers detected with total number of 26 memory controllers detected with total number of  channels. 6Socket 2 channels. 1 2: UPI Socket 2 ports detected.UPI1 memory controllers detected with total number of   ports detected.: 62 2 channels.  M2M (mesh to memory) blocks detected. 2 memory controllers detected with total number of 20 M2M (mesh to memory) blocks detected. 6  Home Agents detected. 0 channels. UPI2 Home Agents detected. 2 ports detected. M3UPI blocks detected.
2   M3UPI blocks detected.
UPI2 ports detected. M2M (mesh to memory) blocks detected.  02 Home Agents detected.  M2M (mesh to memory) blocks detected. 20 M3UPI blocks detected.
 Home Agents detected. 2 M3UPI blocks detected.
Socket 1: 2 memory controllers detected with total number of 6 channels. 2 UPI ports detected. 2 M2M (mesh to memory) blocks detected. 0 Home Agents detected. 2 M3UPI blocks detected.
Socket 1: 2 memory controllers detected with total number of 6 channels. 2 UPI ports detected. 2 M2M (mesh to memory) blocks detected. 0 Home Agents detected. 2 M3UPI blocks detected.
Socket 1: 2 memory controllers detected with total number of 6 channels. 2 UPI ports detected. 2 M2M (mesh to memory) blocks detected. 0 Home Agents detected. 2 M3UPI blocks detected.
Socket 1: 2 memory controllers detected with total number of 6 channels. 2 UPI ports detected. 2 M2M (mesh to memory) blocks detected. 0 Home Agents detected. 2 M3UPI blocks detected.
Socket 1: 2 memory controllers detected with total number of 6 channels. 2 UPI ports detected. 2 M2M (mesh to memory) blocks detected. 0 Home Agents detected. 2 M3UPI blocks detected.
INFO: using Linux resctrl driver for RDT metrics (L3OCC, LMB, RMB) because environment variable PCM_USE_RESCTRL=1
ERROR: /sys/fs/resctrl is not mounted
ERROR: RDT metrics (L3OCC,LMB,RMB) will not be available
Mount it to make it work: mount -t resctrl resctrl /sys/fs/resctrl
INFO: using Linux resctrl driver for RDT metrics (L3OCC, LMB, RMB) because environment variable PCM_USE_RESCTRL=1
ERROR: /sys/fs/resctrl is not mounted
ERROR: RDT metrics (L3OCC,LMB,RMB) will not be available
Mount it to make it work: mount -t resctrl resctrl /sys/fs/resctrl
INFO: using Linux resctrl driver for RDT metrics (L3OCC, LMB, RMB) because environment variable PCM_USE_RESCTRL=1
ERROR: /sys/fs/resctrl is not mounted
ERROR: RDT metrics (L3OCC,LMB,RMB) will not be available
Mount it to make it work: mount -t resctrl resctrl /sys/fs/resctrl



 Closed perf event handles
Trying to use Linux perf events...
 Closed perf event handles
Trying to use Linux perf events...
INFO: using Linux resctrl driver for RDT metrics (L3OCC, LMB, RMB) because environment variable PCM_USE_RESCTRL=1
INFO: using Linux resctrl driver for RDT metrics (L3OCC, LMB, RMB) because environment variable PCM_USE_RESCTRL=1
ERROR: /sys/fs/resctrl is not mounted
ERROR: RDT metrics (L3OCC,LMB,RMB) will not be available
ERROR: /sys/fs/resctrl is not mounted
Mount it to make it work: mount -t resctrl resctrl /sys/fs/resctrl
ERROR: RDT metrics (L3OCC,LMB,RMB) will not be available
Mount it to make it work: mount -t resctrl resctrl /sys/fs/resctrl
 Closed perf event handles
Trying to use Linux perf events...
INFO: using Linux resctrl driver for RDT metrics (L3OCC, LMB, RMB) because environment variable PCM_USE_RESCTRL=1
ERROR: /sys/fs/resctrl is not mounted
ERROR: RDT metrics (L3OCC,LMB,RMB) will not be available
Mount it to make it work: mount -t resctrl resctrl /sys/fs/resctrl


 Closed perf event handles
Trying to use Linux perf events...
INFO: using Linux resctrl driver for RDT metrics (L3OCC, LMB, RMB) because environment variable PCM_USE_RESCTRL=1
 Closed perf event handles
ERROR: /sys/fs/resctrl is not mounted
Trying to use Linux perf events...
INFO: using Linux resctrl driver for RDT metrics (L3OCC, LMB, RMB) because environment variable PCM_USE_RESCTRL=1
ERROR: RDT metrics (L3OCC,LMB,RMB) will not be available
Mount it to make it work: mount -t resctrl resctrl /sys/fs/resctrl
ERROR: /sys/fs/resctrl is not mounted
ERROR: RDT metrics (L3OCC,LMB,RMB) will not be available
Mount it to make it work: mount -t resctrl resctrl /sys/fs/resctrl

 Closed perf event handles
Trying to use Linux perf events...

Successfully programmed on-core PMU using Linux perf
Successfully programmed on-core PMU using Linux perf
Successfully programmed on-core PMU using Linux perf
Successfully programmed on-core PMU using Linux perf
 Closed perf event handles
Trying to use Linux perf events...
Successfully programmed on-core PMU using Linux perf

 Closed perf event handles
Trying to use Linux perf events...
Successfully programmed on-core PMU using Linux perf
Successfully programmed on-core PMU using Linux perf
Successfully programmed on-core PMU using Linux perf
Socket 0
Max UPI link 0 speed: 2.4 GBytes/second (1.1 GT/second)
Max UPI link 1 speed: 2.4 GBytes/second (1.1 GT/second)
Socket 1
Max UPI link 0 speed: 2.1 GBytes/second (0.9 GT/second)
Max UPI link 1 speed: 2.1 GBytes/second (0.9 GT/second)

Detected Intel(R) Xeon(R) Silver 4208 CPU @ 2.10GHz "Intel(r) microarchitecture codename Cascade Lake-SP" stepping 7

Executing "./VE/ior-main/src/ior" command:
Socket 0
Max UPI link 0 speed: 2.2 GBytes/second (1.0 GT/second)
Max UPI link 1 speed: 2.2 GBytes/second (1.0 GT/second)
Socket 1
Max UPI link 0 speed: 2.3 GBytes/second (1.0 GT/second)
Max UPI link 1 speed: 2.3 GBytes/second (1.0 GT/second)

Detected Intel(R) Xeon(R) Silver 4208 CPU @ 2.10GHz "Intel(r) microarchitecture codename Cascade Lake-SP" stepping 7

Executing "./VE/ior-main/src/ior" command:
Socket 0
Max UPI link 0 speed: 2.5 GBytes/second (1.1 GT/second)
Max UPI link 1 speed: 2.5 GBytes/second (1.1 GT/second)
Socket 1
Max UPI link 0 speed: 2.3 GBytes/second (1.0 GT/second)
Max UPI link 1 speed: 2.3 GBytes/second (1.0 GT/second)

Detected Intel(R) Xeon(R) Silver 4208 CPU @ 2.10GHz "Intel(r) microarchitecture codename Cascade Lake-SP" stepping 7
Socket 0
Max UPI link 0 speed: 2.6 GBytes/second (1.1 GT/second)
Max UPI link 1 speed: 2.6 GBytes/second (1.1 GT/second)
Socket 1
Max UPI link 0 speed: 2.2 GBytes/second (1.0 GT/second)
Max UPI link 1 speed: 2.2 GBytes/second (1.0 GT/second)

Detected Intel(R) Xeon(R) Silver 4208 CPU @ 2.10GHz "Intel(r) microarchitecture codename Cascade Lake-SP" stepping 7
Socket Socket 0
Socket Max 0UPISocket 
 link 0Max 00
UPI speed: 
Max  link Max UPI0UPI2.5 link  speed:  link  GBytes/second (001.1 speed:  speed:  GT/second)
2.3Max  GBytes/second (2.4UPI2.41.0 GBytes/second ( link  GBytes/second ( GT/second)
1.111.1Max  GT/second)
 speed:  GT/second)
UPIMax 2.5Max  link UPI GBytes/second (UPI1 link 1.1 link  speed: 1 GT/second)
12.3 speed: Socket  speed:  GBytes/second (2.412.41.0 GBytes/second (
 GBytes/second ( GT/second)
1.1Max 1.1Socket  GT/second)
UPI GT/second)
1Socket  link Socket 
101Max 
 speed: 
UPIMax 2.5Max  link UPI GBytes/second (UPI0 link 1.1 link  speed: 0 GT/second)
02.1 speed: 2.4Max  GBytes/second (UPI speed: 1.1 link  GT/second)
2.51Max  GBytes/second ( speed: UPI1.12.5 link  GT/second)
 GBytes/second (1Max 1.1 speed: UPI GT/second)
2.4 link  GBytes/second (1
Detected 1.1 speed:  GT/second)
Intel(R) Xeon(R) Silver 4208 CPU @ 2.10GHz2.5 "Intel(r) microarchitecture codename 
Detected  GBytes/second (Cascade Lake-SP1.1Intel(R) Xeon(R) Silver 4208 CPU @ 2.10GHz" stepping  GBytes/second ( GT/second)
 "Intel(r) microarchitecture codename 1.07Cascade Lake-SP GT/second)

Detected 
" stepping Intel(R) Xeon(R) Silver 4208 CPU @ 2.10GHz7 "Intel(r) microarchitecture codename Max 
Cascade Lake-SP" stepping UPI7 link 
1 speed: 2.1 GBytes/second (1.0 GT/second)

Detected Intel(R) Xeon(R) Silver 4208 CPU @ 2.10GHz "Intel(r) microarchitecture codename Cascade Lake-SP" stepping 7

Executing "
Executing "./VE/ior-main/src/ior" command:
./VE/ior-main/src/ior
Executing "" command:
./VE/ior-main/src/ior
Executing "" command:

Executing "./VE/ior-main/src/ior" command:
./VE/ior-main/src/ior
Executing "" command:
./VE/ior-main/src/ior" command:
IOR-4.1.0+dev: MPI Coordinated Test of Parallel I/O
Began               : Thu Mar 21 18:56:14 2024
Command line        : ./VE/ior-main/src/ior -t 1m -b 8m -s 8 -o hpl_test -F
Machine             : Linux muffin
TestID              : 0
StartTime           : Thu Mar 21 18:56:14 2024
Path                : hpl_test.00000000
FS                  : 79.0 TiB   Used FS: 12.7%   Inodes: 16179.2 Mi   Used Inodes: 0.2%

Options: 
api                 : POSIX
apiVersion          : 
test filename       : hpl_test
access              : file-per-process
type                : independent
segments            : 8
ordering in a file  : sequential
ordering inter file : no tasks offsets
nodes               : 1
tasks               : 8
clients per node    : 8
memoryBuffer        : CPU
dataAccess          : CPU
GPUDirect           : 0
repetitions         : 1
xfersize            : 1 MiB
blocksize           : 8 MiB
aggregate filesize  : 512 MiB

Results: 

access    bw(MiB/s)  IOPS       Latency(s)  block(KiB) xfer(KiB)  open(s)    wr/rd(s)   close(s)   total(s)   iter
------    ---------  ----       ----------  ---------- ---------  --------   --------   --------   --------   ----
write     11.17      118.72     0.006809    8192       1024.00    4.27       4.31       45.79      45.85      0   
read      89.39      89.43      0.005868    8192       1024.00    0.002286   5.73       5.68       5.73       0   

Summary of all tests:
Operation   Max(MiB)   Min(MiB)  Mean(MiB)     StdDev   Max(OPs)   Min(OPs)  Mean(OPs)     StdDev    Mean(s) Stonewall(s) Stonewall(MiB) Test# #Tasks tPN reps fPP reord reordoff reordrand seed segcnt   blksiz    xsize aggs(MiB)   API RefNum
write          11.17      11.17      11.17       0.00      11.17      11.17      11.17       0.00   45.84888         NA            NA     0      8   8    1   1     0        1         0    0      8  8388608  1048576     512.0 POSIX      0
read           89.39      89.39      89.39       0.00      89.39      89.39      89.39       0.00    5.72769         NA            NA     0      8   8    1   1     0        1         0    0      8  8388608  1048576     512.0 POSIX      0
Finished            : Thu Mar 21 18:57:06 2024
DEBUG: caught signal to interrupt (Child exited).
Cleaning up
 Closed perf event handles
DEBUG: caught signal to interrupt (Child exited).
Cleaning up
 Closed perf event handles
DEBUG: caught signal to interrupt (DEBUG: caught signal to interrupt (Child exited).
Cleaning up
Child exited).
Cleaning up
 Closed perf event handles
 Closed perf event handles
DEBUG: caught signal to interrupt (Child exited).
Cleaning up
DEBUG: caught signal to interrupt (Child exited).
Cleaning up
 Closed perf event handles
 Closed perf event handles
DEBUG: caught signal to interrupt (Child exited).
Cleaning up
 Closed perf event handles
 Zeroed uncore PMU registers
 Zeroed uncore PMU registers
 Zeroed uncore PMU registers
 Zeroed uncore PMU registers
 Zeroed uncore PMU registers
DEBUG: caught signal to interrupt (Child exited).
Cleaning up
 Zeroed uncore PMU registers
 Closed perf event handles
 Zeroed uncore PMU registers
 Zeroed uncore PMU registers
	Command being timed: "/opt/nec/ve/bin/mpirun -n 8 /usr/sbin/pcm 0.1 -csv=./output/9/ve_IOR_VE_9.csv -- ./VE/ior-main/src/ior -t 1m -b 8m -s 8 -o hpl_test -F"
	User time (seconds): 2.84
	System time (seconds): 2.12
	Percent of CPU this job got: 9%
	Elapsed (wall clock) time (h:mm:ss or m:ss): 0:53.51
	Average shared text size (kbytes): 0
	Average unshared data size (kbytes): 0
	Average stack size (kbytes): 0
	Average total size (kbytes): 0
	Maximum resident set size (kbytes): 141596
	Average resident set size (kbytes): 0
	Major (requiring I/O) page faults: 0
	Minor (reclaiming a frame) page faults: 5338
	Voluntary context switches: 67675
	Involuntary context switches: 4613
	Swaps: 0
	File system inputs: 0
	File system outputs: 4008
	Socket messages sent: 0
	Socket messages received: 0
	Signals delivered: 0
	Page size (bytes): 4096
	Exit status: 0

 Intel(r) Performance Counter Monitor (2022-11-24 10:18:12 +0100 ID=1b16bb4e)


PCM Info: setrlimit for file limit 1000000 failed with error Operation not permitted

=====  Processor information  =====

 Intel(r) Performance Counter Monitor 
(2022-11-24 10:18:12 +0100 ID=1b16bb4e)



 Intel(r) Performance Counter Monitor  Intel(r) Performance Counter Monitor (2022-11-24 10:18:12 +0100 ID=1b16bb4e)PCM Info: setrlimit for file limit (2022-11-24 10:18:12 +0100 ID=1b16bb4e)
1000000

 failed with error 


Operation not permitted

PCM Info: setrlimit for file limit PCM Info: setrlimit for file limit  Intel(r) Performance Counter Monitor 10000001000000(2022-11-24 10:18:12 +0100 ID=1b16bb4e)
=====  Processor information  =====
 failed with error  failed with error 

Operation not permitted

Operation not permitted
PCM Info: setrlimit for file limit 1000000 failed with error 
=====  Processor information  =====
Operation not permitted
=====  Processor information  =====


=====  Processor information  =====

Linux arch_perfmon flag  : yes
Hybrid processor         : no
IBRS and IBPB supported  :  Intel(r) Performance Counter Monitor Linux arch_perfmon flag  : yes(2022-11-24 10:18:12 +0100 ID=1b16bb4e)Linux arch_perfmon flag  : 
yes

yes
STIBP supported          : 
 Intel(r) Performance Counter Monitor 

 Intel(r) Performance Counter Monitor yesHybrid processor         : (2022-11-24 10:18:12 +0100 ID=1b16bb4e)
Hybrid processor         : (2022-11-24 10:18:12 +0100 ID=1b16bb4e)
no
no
Spec arch caps supported : 


PCM Info: setrlimit for file limit 
yesIBRS and IBPB supported  : 
IBRS and IBPB supported  : 1000000

yesyes failed with error Max CPUID level          : PCM Info: setrlimit for file limit 

22Operation not permittedPCM Info: setrlimit for file limit 1000000STIBP supported          : STIBP supported          : 

1000000 failed with error yes
yesCPU model number         :  failed with error Spec arch caps supported : Operation not permitted
85yesOperation not permitted
=====  Processor information  =====

Spec arch caps supported : 


yesMax CPUID level          : 
22

=====  Processor information  =====
CPU model number         : Max CPUID level          : 85
=====  Processor information  =====
22

Linux arch_perfmon flag  : CPU model number         : yes85

Hybrid processor         : no
IBRS and IBPB supported  : yes
STIBP supported          : yes
Spec arch caps supported : yes
Max CPUID level          : 22
CPU model number         : 85
Linux arch_perfmon flag  : yes
Hybrid processor         : no
IBRS and IBPB supported  : yes
STIBP supported          : yes
Spec arch caps supported : yes
Max CPUID level          : 22
CPU model number         : 85
Linux arch_perfmon flag  : yes
Hybrid processor         : no
IBRS and IBPB supported  : yes
STIBP supported          : yes
Spec arch caps supported : yes
Max CPUID level          : 22
CPU model number         : 85
Number of physical cores: Number of physical cores: 16Number of physical cores: 
16Number of physical cores: Number of logical cores: 16
1616
Number of logical cores: 

Number of logical cores: 16Number of online logical cores: Number of logical cores: 16
1616
Number of online logical cores: 

Number of online logical cores: 16Threads (logical cores) per physical core: Number of online logical cores: 16
116
Threads (logical cores) per physical core: 

Threads (logical cores) per physical core: 1Num sockets: Threads (logical cores) per physical core: 1
21
Num sockets: 

Num sockets: 2Physical cores per socket: Num sockets: 2
82
Physical cores per socket: 

Physical cores per socket: 8Last level cache slices per socket: Physical cores per socket: 8
08
Last level cache slices per socket: 

Last level cache slices per socket: 0Core PMU (perfmon) version: Last level cache slices per socket: 0
40
Core PMU (perfmon) version: 

Core PMU (perfmon) version: 4Number of core PMU generic (programmable) counters: Core PMU (perfmon) version: 4
84
Number of core PMU generic (programmable) counters: 

Number of core PMU generic (programmable) counters: 8Width of generic (programmable) counters: Number of core PMU generic (programmable) counters: 8
488
Width of generic (programmable) counters:  bits

Width of generic (programmable) counters: 48Number of core PMU fixed counters: Width of generic (programmable) counters: 48 bits
348 bits
Number of core PMU fixed counters: 
 bits
Number of core PMU fixed counters: 3Width of fixed counters: Number of core PMU fixed counters: 3
483
Width of fixed counters:  bits

Width of fixed counters: 48Nominal core frequency: Width of fixed counters: 48 bits
210000000048 bits
Nominal core frequency:  Hz
 bits
Nominal core frequency: 2100000000IBRS enabled in the kernel   : Nominal core frequency: 2100000000 Hz
no2100000000 Hz
IBRS enabled in the kernel   : 
 Hz
IBRS enabled in the kernel   : noSTIBP enabled in the kernel  : IBRS enabled in the kernel   : no
nono
STIBP enabled in the kernel  : 

STIBP enabled in the kernel  : noThe processor is not susceptible to Rogue Data Cache Load: STIBP enabled in the kernel  : no
nono
The processor is not susceptible to Rogue Data Cache Load: 

The processor is not susceptible to Rogue Data Cache Load: noThe processor supports enhanced IBRS                     : The processor is not susceptible to Rogue Data Cache Load: no
nono
The processor supports enhanced IBRS                     : 

The processor supports enhanced IBRS                     : no
=====  Processor topology  =====
The processor supports enhanced IBRS                     : no
OS_Processor    Thread_Id       Core_Id         Tile_Id         Package_Id      Core_Type   Native_CPU_Model
no
0               

=====  Processor topology  =====
0               
=====  Processor topology  =====

=====  Processor topology  =====
OS_Processor    Thread_Id       Core_Id         Tile_Id         Package_Id      Core_Type   Native_CPU_Model
0               OS_Processor    Thread_Id       Core_Id         Tile_Id         Package_Id      Core_Type   Native_CPU_Model
OS_Processor    Thread_Id       Core_Id         Tile_Id         Package_Id      Core_Type   Native_CPU_Model
0               0               0               0               0               0               0               0               0               invalid0               0               0                0               0               0                0               0               invalid invalidinvalid                         -1                 
    1                -1              -1              0               -1              

1               
1               1               1               1               0               0               0               0               1               invalid1               1               1                1               1               0                0               0               invalid invalidinvalid                         -1                 
   2                 -1              0               -1              -1              
2               

2               2               2               2               0               0               0               0               2               invalid2               2               2                2               2               0                0               0               invalid invalidinvalid                         -1                 
   3                 -1              0               -1              -1              
3               

3               3               3               3               0               0               0               0               3               invalid3               3               3                3               3               0                0               0               invalid invalidinvalid                         -1                 
   4                 -1              0               -1              -1              
4               

4               4               4               4               0               0               0               0               4               invalid4               4               4                4               4               0                0               0               invalid invalidinvalid                         -1                 
   5                 -1              0               -1              -1              
5               

5               5               5               5               0               0               0               0               5               invalid5               5               5                5               5               0                0               0               invalid invalidinvalid                         -1                 
   6                 -1              0               -1              -1              
6               

6               6               6               6               0               0               0               0               6               invalid6               6               6                6               6               0                0               0               invalid invalidinvalid                         -1                 
   7                 -1              0               -1              -1              
7               

7               7               7               7               0               0               0               0               7               invalid7               7               7                7               7               0                0               0               invalid invalidinvalid                         -1                 
   8                 -1              0               -1              -1              
0               

8               8               8               8               0               1               0               0               0               invalid0               0               8                8               8               1                1               1               invalid invalidinvalid                         -1                 
   9                 -1              0               -1              -1              
1               

9               9               9               9               0               1               0               0               1               invalid1               1               9                9               9               1                1               1               invalid invalidinvalid                         -1                 
   10                -1              0               -1              -1              
2               

10              10              10              10              0               1               0               0               2               invalid2               2               10               10              10              1                1               1               invalid invalidinvalid              -1                 
   11                 0                  3                  11                -1              1                 
invalid-1              -1              11               

0                11              11              3                0               0               11               3               3               1                11              11              invalid 1               1                 invalidinvalid         -1                 
   12                 0                  4                  12                -1              1                 
invalid-1              -1              12               

0                12              12              4                0               0               12               4               4               1                12              12              invalid 1               1                 invalidinvalid            -1                 
 13                 0                  5                  13              -1               -1              1               
 
invalid13               13               0               -1              0                5               
5                13              13              13               1               0               1                invalid5               invalid  13                 1                  invalid       -1                 
Linux arch_perfmon flag  :    Linux arch_perfmon flag  : 14                yes yes0                 
 
6                 Hybrid processor         : -1              Hybrid processor         : 14                no
no1               -1              -1              
14              
invalid

IBRS and IBPB supported  : 0               IBRS and IBPB supported  :  14              14              yes6               yes 0               0               
14              
 6               6               STIBP supported          : 1               STIBP supported          :  14              14              yesinvalidyes 1               1               
 
 invalidinvalidSpec arch caps supported :  Spec arch caps supported :    yes yes   
 
   Max CPUID level          :  Max CPUID level          : -1                22
 22
     CPU model number         :    85 
  15              
-1              CPU model number         :   0               
8515              -1              -1              7               
0               

15              7               15              15              1               15              0               0               invalid1               7               7                invalid15              15                1               1                 invalidinvalid                      -1              Number of physical cores:    Number of physical cores: 
 =====  Placement on packages  =====
Number of physical cores:  16 Number of physical cores:  16Package Id.    Core Id.     Processors
-1              
16-1               16
0              
Number of logical cores: 

 
Number of logical cores: 0=====  Placement on packages  =====
16Number of logical cores: =====  Placement on packages  =====
-1              Number of logical cores: 16,Package Id.    Core Id.     Processors

16Package Id.    Core Id.     Processors

16
10              Number of online logical cores: 
0              =====  Placement on packages  =====

Number of online logical cores: ,016Number of online logical cores: 0Package Id.    Core Id.     Processors
Number of online logical cores: 162,
16,0              16
,1Threads (logical cores) per physical core: 
10
Threads (logical cores) per physical core: 3,1Threads (logical cores) per physical core: ,,Threads (logical cores) per physical core: 1,2
1211
4,Num sockets: 
,,
Num sockets: ,32Num sockets: 32Num sockets: 25,
2,,2
,4Physical cores per socket: 
43
Physical cores per socket: 6,8Physical cores per socket: 8,
5,Last level cache slices per socket: ,Physical cores per socket: 40868,,
5
,

75Core PMU (perfmon) version: ,Last level cache slices per socket: 7Last level cache slices per socket: Last level cache slices per socket: 
,460
001              6
,
1              

0,Number of core PMU generic (programmable) counters: 7Core PMU (perfmon) version: 0Core PMU (perfmon) version: Core PMU (perfmon) version: ,78
4,441

1              
1

,1              Width of generic (programmable) counters: 0Number of core PMU generic (programmable) counters: 8,
2Number of core PMU generic (programmable) counters: Width of generic (programmable) counters: ,Number of core PMU generic (programmable) counters: 8482380
 bits
48,,,
,Width of generic (programmable) counters: Number of core PMU fixed counters:  bits
341Width of generic (programmable) counters: 1483Number of core PMU fixed counters: ,,,48, bits

3452 bits
2Number of core PMU fixed counters: Width of fixed counters: 
,,,Number of core PMU fixed counters: ,348Width of fixed counters: 56333
 bits
48,,,
,Width of fixed counters: Nominal core frequency:  bits
674Width of fixed counters: 4482100000000Nominal core frequency: ,
,48, bits
 Hz
IBRS enabled in the kernel   : 2100000000no Hz
7
IBRS enabled in the kernel   : 
=====  Core/Tile sharing  =====

STIBP enabled in the kernel  : 5noLevel      Processors
Core        bits

=====  Core/Tile sharing  =====
no5,
Nominal core frequency: (Nominal core frequency: Level      Processors
Core       
,6STIBP enabled in the kernel  : 210000000002100000000(The processor is not susceptible to Rogue Data Cache Load: 6,no Hz
) Hz
0no,7
IBRS enabled in the kernel   : (IBRS enabled in the kernel   : )
7
The processor is not susceptible to Rogue Data Cache Load: no1no(The processor supports enhanced IBRS                     : 

=====  Core/Tile sharing  =====
no
)
1)no(

=====  Core/Tile sharing  =====
2
=====  Processor topology  =====
Level      Processors
Core       Level      Processors
Core       )
OS_Processor    Thread_Id       Core_Id         Tile_Id         Package_Id      Core_Type   Native_CPU_Model
(STIBP enabled in the kernel  : (((The processor supports enhanced IBRS                     : 0               STIBP enabled in the kernel  : 0no032no0               no)
)))
0               
(The processor is not susceptible to Rogue Data Cache Load: (((
=====  Processor topology  =====
0               The processor is not susceptible to Rogue Data Cache Load: 1no143OS_Processor    Thread_Id       Core_Id         Tile_Id         Package_Id      Core_Type   Native_CPU_Model
0               no)
)))0               invalid
(The processor supports enhanced IBRS                     : (((0                The processor supports enhanced IBRS                     : 2no2540                no)
)))0                
(
=====  Processor topology  =====
(((0                
=====  Processor topology  =====
3OS_Processor    Thread_Id       Core_Id         Tile_Id         Package_Id      Core_Type   Native_CPU_Model
365invalid OS_Processor    Thread_Id       Core_Id         Tile_Id         Package_Id      Core_Type   Native_CPU_Model
)0               )))  0               (0               (((  0               40               476  0               )0               )))  0               (0               ((( -1              0               5invalid587 
invalid ) (   6 ) )) ( )( ( 6 71                (9)  )0                8)(  (1                )(7-1              -1              81                (10)

)0                9)(1               (91               )0               invalid(1               -1               10)1               
( )8(0               0               1               11 ()10invalid1               0               ) 11() 1               1               ( )9( 0               1               12 ()11 invalid0               ) 12()  invalid( )10(   13 ()12   )-1              13()   (
)2               11(   14(0               )13   )142               ()-1                ()2               12(
  15(0               )142                 )15invalid()0               -1               
Tile / L2$ ) 13(2               
-1              (
Tile / L2$   ) (15 142               )0               2                0               
)
Tile / L2$ 0invalid 2               2               (()  2               (0               150(  0               02               ))1 -1              invalid)2               
Tile / L2$ () 
 (0               (1( 3                1invalid0)2 0                ) )() 3                ( (2( 3                2 1)3 0                ) )()-1              invalid ( (3(
  3 2)43                 ) )()0                -1              ( (4(3                
4 3)53                3               )-1              )()0                0               3               (3               5
0               )(invalid3               5(4( 0               invalid)6 )6 3                () () 3                6( 5( 0                )7-1              )7 invalid ()
()   7(4               6(   )80               )8   ()4               ()   8(4               7(-1                )-1              9(
0               )9)4               invalid9()
0               (  )10(4               4               8  ()100               4               )   10()4               0               (  )11(4               invalid9-1               ()110                )
 11()invalid (4                )12(  100                ()12  )4               -1              12()  (4               
)13(  110               5               ()13  )invalid0               13()  ( 5               )14(  12 5               ()14  -1              -1              
)
5                (5               0               0                14130               (invalid5               ) ))5               15 5               ( ((5               ) 0               15 15140               
 invalid) ))invalid
  
 
(  Package thermal spec power:  
-1              
15  0 
Package thermal spec power: )Package thermal spec power:    Watt;  5               0
0  Package minimum power:  0                Watt; 
 Watt;  Package thermal spec power:  0 5               Package minimum power: Package minimum power:  0-1               Watt;  5               00  Watt; 
Package maximum power:  0                Watt;  Watt;  Package minimum power: 6               0 invalidPackage maximum power: Package maximum power:  00                Watt;
-1               00-1               Watt; 6               
  Watt;
 Watt;

Package maximum power: 6               6                6               0               06                Watt;
0               6               invalid0               0                 6               invalid
  
6                
  0                  invalidCan't open MCFG table. Check permission of  Can't open MCFG table. Check permission of    /sys/firmware/acpi/tables/MCFG Can't open MCFG table. Check permission of /sys/firmware/acpi/tables/MCFG   
 /sys/firmware/acpi/tables/MCFG
 -1               Can't open MCFG table. Check permission of  
Can't open MCFG table. Check permission of  
 /sys/firmware/acpi/tables/MCFG1 Can't open MCFG table. Check permission of /sys/firmware/acpi/tables/MCFG1 6                
 /sys/firmware/acpi/tables/MCFG1
-1              0                Can't open MCFG table. Check permission of  
Can't open MCFG table. Check permission of 
6                /pcm/sys/firmware/acpi/tables/MCFG-1              Can't open MCFG table. Check permission of /pcm/sys/firmware/acpi/tables/MCFG7               6                

/pcm/sys/firmware/acpi/tables/MCFG
0               0                Can't open MCFG table. Check permission of 7               
Can't open MCFG table. Check permission of 
7               invalid-1              /pcm/sys/firmware/acpi/tables/MCFG10               Can't open MCFG table. Check permission of /pcm/sys/firmware/acpi/tables/MCFG17                

7               /pcm/sys/firmware/acpi/tables/MCFG1
0                Can't open MCFG table. Check permission of 7               7               0               
invalid /sys/firmware/acpi/tables/MCFG0               invalid  
7                  WARNING: enumeration of devices in UncorePMUDiscovery failed
WARNING: enumeration of devices in UncorePMUDiscovery failed
Can't open MCFG table. Check permission of 7                  WARNING: enumeration of devices in UncorePMUDiscovery failed
/sys/firmware/acpi/tables/MCFG10                  
invalid        Can't open MCFG table. Check permission of     /pcm/sys/firmware/acpi/tables/MCFGINFO: Linux perf interface to program uncore PMUs is -1               INFO: Linux perf interface to program uncore PMUs is   INFO: Linux perf interface to program uncore PMUs is 
present

-1              present
 -1              present
Can't open MCFG table. Check permission of INFO: using Linux perf interface to program uncore PMUs because env variable PCM_USE_UNCORE_PERF=1
7               
INFO: using Linux perf interface to program uncore PMUs because env variable PCM_USE_UNCORE_PERF=1
 
INFO: using Linux perf interface to program uncore PMUs because env variable PCM_USE_UNCORE_PERF=1
/pcm/sys/firmware/acpi/tables/MCFG1INFO: Secure Boot detected. Using Linux perf for uncore PMU programming.
0               8               INFO: Secure Boot detected. Using Linux perf for uncore PMU programming.
 8               INFO: Secure Boot detected. Using Linux perf for uncore PMU programming.

7               0                0               7               0                0               0               8                 8               -1              1               invalid
invalid1                8               WARNING: enumeration of devices in UncorePMUDiscovery failed
 invalid 0                  0                  8                  1                  invalid              -1               -1               
 
-1              8                9               
0                0               9               0                1               0               8                9               1               1               -1              1               9               invalid
invalid1                9                invalid 0                  1                  9                  1                  invalid              -1               -1               
 
-1              9                10              
0                0               10              1                2               0               9                10              2               1               -1              1               10              invalid
invalid1                  10               0                 2               invalid  INFO: Linux perf interface to program uncore PMUs is  10                present
 1                 INFO: using Linux perf interface to program uncore PMUs because env variable PCM_USE_UNCORE_PERF=1
 invalid  INFO: Secure Boot detected. Using Linux perf for uncore PMU programming.
    -1                 
   10                 0                -1               2                
-1              10               11              
1                0               invalid11               3                0               -1              11               3               
1                11              11              invalid 1               0                 invalid3                  11                 1                  invalid     -1                 
   11                 0                 -1              3                 
11              -1               12              1               
 0               invalid12               4                0               -1              12               4               
1                12              12              invalid 1               0                 invalid4                  12                      1                 -1              invalid  
   12                -1              0                 
4                 13              12                0               1                -1              5               invalid 
13                13              1                 0               invalid -1              5                 
13                13              1                 0               invalid  5                  13                 1                 -1              invalid  
   13                -1              0                 
5                 14              13                0               1                -1              6               invalid 
14                14              1                 0               invalid -1              6                 
14                14              1                 0               Socket invalid  6               0   14              :    1               2  -1              invalid memory controllers detected with total number of   
 6 channels.  2    14              -1              UPISocket  0                
 ports detected.Socket  006                15               -1              : : 14               0               2
221                7                M2M (mesh to memory) blocks detected. 15               memory controllers detected with total number of  memory controllers detected with total number of invalid 15              00               66  1                Home Agents detected. 7                channels.  channels.   invalid215              22    M3UPI blocks detected.
1                  -1               invalidUPIUPI 
   ports detected. ports detected. 15                   0                 22 7                  M2M (mesh to memory) blocks detected.  M2M (mesh to memory) blocks detected.  15                00-1              1                  Home Agents detected.  Home Agents detected. 
invalid  2215               -1                M3UPI blocks detected.
 M3UPI blocks detected.
0                
 7                =====  Placement on packages  =====
-1              15               Package Id.    Core Id.     Processors

1                0              =====  Placement on packages  =====
invalid 0,Package Id.    Core Id.     Processors
10               ,0  2Socket ,  ,01  3: ,-1               ,22
 4 memory controllers detected with total number of ,=====  Placement on packages  =====
 ,63Package Id.    Core Id.     Processors
 5 channels. ,0               ,240-1              6 ,,
,UPI51=====  Placement on packages  =====
7 ports detected.,,Package Id.    Core Id.     Processors

 620              1              2,,00 M2M (mesh to memory) blocks detected. 73,,0
,11 Home Agents detected. 1              4,,20,22 M3UPI blocks detected.
,5,,1,33,6,,2,44,7,,3
55,1              ,,4066,,,,5177,,

621              
=====  Core/Tile sharing  =====
,,0Level      Processors
Core       73,(
,10
=====  Core/Tile sharing  =====
4,)Level      Processors
Core       (,052),(,(6131,),)7(4(
2,2
=====  Core/Tile sharing  =====
)5)Level      Processors
Core       (,((3630),))(7((4
41)
=====  Core/Tile sharing  =====
))(Level      Processors
Core       ((5(52)0))()((6(63)1))()((7(74)2))()((8(85)3))()((9(96)4))()((10(107)5))()((11(118)6))()((12(129)7))()((13(1310)8)()14()(11()Socket Socket 14)15(11)()9: : (12
Tile / L2$ )2215)(( memory controllers detected with total number of  memory controllers detected with total number of )(01066
Tile / L2$ 13)) channels.  channels. ()((220(111  )14))UPIUPI()(( ports detected. ports detected.1(2Socket 12  )15)1)22()(: ( M2M (mesh to memory) blocks detected.  M2M (mesh to memory) blocks detected. 2
Tile / L2$ 321300)() memory controllers detected with total number of ) Home Agents detected.  Home Agents detected. (0(6(223)4 channels. 14 M3UPI blocks detected.
 M3UPI blocks detected.
)()2)(1( (4)5UPI15)() ports detected.)(2( 
Tile / L2$ 5)62) M2M (mesh to memory) blocks detected. ((0)07(Socket  Home Agents detected. ())3126(():  M3UPI blocks detected.
)18(2())4 memory controllers detected with total number of 7(()6)29( channels. ())528(() )310(UPI())6 ports detected.9(() )411(2())7 M2M (mesh to memory) blocks detected. 10(()0)512( Home Agents detected. ())8211(() M3UPI blocks detected.
)613(())912(())714(())1013(())815(())1114(
))9
(()12Package thermal spec power: 15()0)10(13 Watt; )Package minimum power: 
(0)
14 Watt; ()Package thermal spec power: Package maximum power: 11(00)15 Watt;  Watt;
()Package minimum power: 12
0)
 Watt; (Package maximum power: 13Package thermal spec power: 0)0 Watt;
( Watt; 14Package minimum power: )0( Watt; 15Package maximum power: )0
 Watt;

Package thermal spec power: 0 Watt; Package minimum power: 0 Watt; Package maximum power: 0 Watt;

Can't open MCFG table. Check permission of /sys/firmware/acpi/tables/MCFG

Can't open MCFG table. Check permission of 
/sys/firmware/acpi/tables/MCFG1

Can't open MCFG table. Check permission of /pcm/sys/firmware/acpi/tables/MCFG
Can't open MCFG table. Check permission of /pcm/sys/firmware/acpi/tables/MCFG1
Can't open MCFG table. Check permission of /sys/firmware/acpi/tables/MCFG
Can't open MCFG table. Check permission of /sys/firmware/acpi/tables/MCFG1
Can't open MCFG table. Check permission of Can't open MCFG table. Check permission of /pcm/sys/firmware/acpi/tables/MCFG/sys/firmware/acpi/tables/MCFG
Can't open MCFG table. Check permission of 
Can't open MCFG table. Check permission of WARNING: enumeration of devices in UncorePMUDiscovery failed
/sys/firmware/acpi/tables/MCFGCan't open MCFG table. Check permission of /pcm/sys/firmware/acpi/tables/MCFG1
/sys/firmware/acpi/tables/MCFG1
Can't open MCFG table. Check permission of 
/sys/firmware/acpi/tables/MCFG1Can't open MCFG table. Check permission of 
/pcm/sys/firmware/acpi/tables/MCFGCan't open MCFG table. Check permission of 
/pcm/sys/firmware/acpi/tables/MCFGCan't open MCFG table. Check permission of 
/pcm/sys/firmware/acpi/tables/MCFG1Can't open MCFG table. Check permission of 
WARNING: enumeration of devices in UncorePMUDiscovery failed
/pcm/sys/firmware/acpi/tables/MCFG1
WARNING: enumeration of devices in UncorePMUDiscovery failed
WARNING: enumeration of devices in UncorePMUDiscovery failed
INFO: Linux perf interface to program uncore PMUs is present
INFO: Linux perf interface to program uncore PMUs is INFO: using Linux perf interface to program uncore PMUs because env variable PCM_USE_UNCORE_PERF=1
present
INFO: Linux perf interface to program uncore PMUs is INFO: Secure Boot detected. Using Linux perf for uncore PMU programming.
INFO: using Linux perf interface to program uncore PMUs because env variable PCM_USE_UNCORE_PERF=1
INFO: Linux perf interface to program uncore PMUs is present
INFO: Secure Boot detected. Using Linux perf for uncore PMU programming.
present
INFO: using Linux perf interface to program uncore PMUs because env variable PCM_USE_UNCORE_PERF=1
INFO: using Linux perf interface to program uncore PMUs because env variable PCM_USE_UNCORE_PERF=1
INFO: Secure Boot detected. Using Linux perf for uncore PMU programming.
INFO: Secure Boot detected. Using Linux perf for uncore PMU programming.
Socket 0Socket : 02:  memory controllers detected with total number of 26 memory controllers detected with total number of  channels. 62 channels.  2UPI  ports detected.UPI  ports detected.2  M2M (mesh to memory) blocks detected. 02 Home Agents detected. 2 M2M (mesh to memory) blocks detected. Socket  M3UPI blocks detected.
0Socket 0 Home Agents detected. 0: 2: 2 M3UPI blocks detected.
2 memory controllers detected with total number of  memory controllers detected with total number of 66 channels.  channels. 22  UPIUPI ports detected. ports detected.  22 M2M (mesh to memory) blocks detected.  M2M (mesh to memory) blocks detected. 00 Home Agents detected.  Home Agents detected. 22 M3UPI blocks detected.
 M3UPI blocks detected.
INFO: using Linux resctrl driver for RDT metrics (L3OCC, LMB, RMB) because environment variable PCM_USE_RESCTRL=1
ERROR: /sys/fs/resctrl is not mounted
ERROR: RDT metrics (L3OCC,LMB,RMB) will not be available
Mount it to make it work: mount -t resctrl resctrl /sys/fs/resctrl
Socket 1Socket : 21Socket  memory controllers detected with total number of : Socket 162INFO: using Linux resctrl driver for RDT metrics (L3OCC, LMB, RMB) because environment variable PCM_USE_RESCTRL=1
: 1 channels.  memory controllers detected with total number of 2ERROR: /sys/fs/resctrl is not mounted
: 26 memory controllers detected with total number of ERROR: RDT metrics (L3OCC,LMB,RMB) will not be available
2  channels. 6Mount it to make it work: mount -t resctrl resctrl /sys/fs/resctrl
 memory controllers detected with total number of UPI2 channels. 6 ports detected. 2 channels.  UPI 22 ports detected.UPI  M2M (mesh to memory) blocks detected.   ports detected.UPI02  ports detected. Home Agents detected.  M2M (mesh to memory) blocks detected. 2 20 M2M (mesh to memory) blocks detected. 2 M3UPI blocks detected.
 Home Agents detected. 0 M2M (mesh to memory) blocks detected. 2 Home Agents detected. 0 M3UPI blocks detected.
2 Home Agents detected.  M3UPI blocks detected.
2 M3UPI blocks detected.
INFO: using Linux resctrl driver for RDT metrics (L3OCC, LMB, RMB) because environment variable PCM_USE_RESCTRL=1
ERROR: /sys/fs/resctrl is not mounted
ERROR: RDT metrics (L3OCC,LMB,RMB) will not be available
Mount it to make it work: mount -t resctrl resctrl /sys/fs/resctrl

INFO: using Linux resctrl driver for RDT metrics (L3OCC, LMB, RMB) because environment variable PCM_USE_RESCTRL=1
ERROR: /sys/fs/resctrl is not mounted
ERROR: RDT metrics (L3OCC,LMB,RMB) will not be available
Mount it to make it work: mount -t resctrl resctrl /sys/fs/resctrl



 Closed perf event handles
Trying to use Linux perf events...
 Closed perf event handles
Trying to use Linux perf events...
 Closed perf event handles
Trying to use Linux perf events...
 Closed perf event handles
Trying to use Linux perf events...
Successfully programmed on-core PMU using Linux perf
Successfully programmed on-core PMU using Linux perf
Successfully programmed on-core PMU using Linux perf
Successfully programmed on-core PMU using Linux perf
INFO: using Linux resctrl driver for RDT metrics (L3OCC, LMB, RMB) because environment variable PCM_USE_RESCTRL=1
ERROR: /sys/fs/resctrl is not mounted
ERROR: RDT metrics (L3OCC,LMB,RMB) will not be available
Mount it to make it work: mount -t resctrl resctrl /sys/fs/resctrl
INFO: using Linux resctrl driver for RDT metrics (L3OCC, LMB, RMB) because environment variable PCM_USE_RESCTRL=1
INFO: using Linux resctrl driver for RDT metrics (L3OCC, LMB, RMB) because environment variable PCM_USE_RESCTRL=1
ERROR: /sys/fs/resctrl is not mounted
ERROR: RDT metrics (L3OCC,LMB,RMB) will not be available
Mount it to make it work: mount -t resctrl resctrl /sys/fs/resctrl
ERROR: /sys/fs/resctrl is not mounted
ERROR: RDT metrics (L3OCC,LMB,RMB) will not be available
Mount it to make it work: mount -t resctrl resctrl /sys/fs/resctrl
INFO: using Linux resctrl driver for RDT metrics (L3OCC, LMB, RMB) because environment variable PCM_USE_RESCTRL=1
ERROR: /sys/fs/resctrl is not mounted
ERROR: RDT metrics (L3OCC,LMB,RMB) will not be available
Mount it to make it work: mount -t resctrl resctrl /sys/fs/resctrl



 Closed perf event handles
Trying to use Linux perf events...

 Closed perf event handles
Trying to use Linux perf events...
 Closed perf event handles
Trying to use Linux perf events...
 Closed perf event handles
Trying to use Linux perf events...
Successfully programmed on-core PMU using Linux perf
Successfully programmed on-core PMU using Linux perf
Successfully programmed on-core PMU using Linux perf
Successfully programmed on-core PMU using Linux perf
Socket 0
Max UPI link 0 speed: 2.8 GBytes/second (1.2 GT/second)
Max UPI link 1 speed: 2.8 GBytes/second (1.2 GT/second)
Socket 1
Max UPI link 0 speed: 2.8 GBytes/second (1.2 GT/second)
Max UPI link 1 speed: 2.8 GBytes/second (1.2 GT/second)

Detected Intel(R) Xeon(R) Silver 4208 CPU @ 2.10GHz "Intel(r) microarchitecture codename Cascade Lake-SP" stepping 7

Executing "./VE/ior-main/src/ior" command:
Socket 0
Max UPI link 0 speed: 2.1 GBytes/second (0.9 GT/second)
Max UPI link 1 speed: 2.1 GBytes/second (0.9 GT/second)
Socket 1
Max UPI link 0 speed: 2.3 GBytes/second (1.0 GT/second)
Max UPI link 1 speed: 2.3 GBytes/second (1.0 GT/second)

Detected Intel(R) Xeon(R) Silver 4208 CPU @ 2.10GHz "Intel(r) microarchitecture codename Cascade Lake-SP" stepping 7

Executing "./VE/ior-main/src/ior" command:
Socket 0
Max UPI link 0 speed: 2.6 GBytes/second (1.1 GT/second)
Max UPI link 1 speed: 2.6 GBytes/second (1.1 GT/second)
Socket 1
Max UPI link 0 speed: 2.6 GBytes/second (1.2 GT/second)
Max UPI link 1 speed: 2.6 GBytes/second (1.2 GT/second)

Detected Intel(R) Xeon(R) Silver 4208 CPU @ 2.10GHz "Intel(r) microarchitecture codename Cascade Lake-SP" stepping 7

Executing "./VE/ior-main/src/ior" command:
Socket 0
Max UPI link 0 speed: 2.6 GBytes/second (1.1 GT/second)
Max UPI link 1 speed: 2.6 GBytes/second (1.1 GT/second)
Socket 1
Max UPI link 0 speed: 2.4 GBytes/second (1.1 GT/second)
Max UPI link 1 speed: 2.4 GBytes/second (1.1 GT/second)

Detected Intel(R) Xeon(R) Silver 4208 CPU @ 2.10GHz "Intel(r) microarchitecture codename Cascade Lake-SP" stepping 7
Socket 0
Max UPI link 0 speed: 2.5 GBytes/second (1.1 GT/second)
Max UPI link 1 speed: 2.5
Executing " GBytes/second (./VE/ior-main/src/ior" command:
1.1 GT/second)
Socket 1
Max UPI link 0 speed: 2.2 GBytes/second (1.0 GT/second)
Max UPI link 1 speed: 2.2 GBytes/second (1.0 GT/second)

Detected Intel(R) Xeon(R) Silver 4208 CPU @ 2.10GHz "Intel(r) microarchitecture codename Cascade Lake-SP" stepping 7

Executing "./VE/ior-main/src/ior" command:
Socket 0
Max UPI link 0 speed: 2.5 GBytes/second (1.1 GT/second)
Max UPI link 1 speed: 2.5 GBytes/second (1.1 GT/second)
Socket 1
Max UPI link 0 speed: 2.2 GBytes/second (1.0 GT/second)
Max UPI link 1 speed: 2.2 GBytes/second (1.0 GT/second)

Detected Intel(R) Xeon(R) Silver 4208 CPU @ 2.10GHz "Intel(r) microarchitecture codename Cascade Lake-SP" stepping 7
Socket 
Executing "0./VE/ior-main/src/ior
" command:
Max UPI link 0 speed: 2.3 GBytes/second (1.0 GT/second)
Max UPI link 1 speed: 2.3 GBytes/second (1.0 GT/second)
Socket 1
Max UPI link 0 speed: 2.4 GBytes/second (1.0 GT/second)
Max UPI link 1 speed: 2.4 GBytes/second (1.0 GT/second)

Detected Intel(R) Xeon(R) Silver 4208 CPU @ 2.10GHz "Intel(r) microarchitecture codename Cascade Lake-SP" stepping 7

Executing "./VE/ior-main/src/ior" command:
Socket 0
Max UPI link 0 speed: 2.4 GBytes/second (1.1 GT/second)
Max UPI link 1 speed: 2.4 GBytes/second (1.1 GT/second)
Socket 1
Max UPI link 0 speed: 2.5 GBytes/second (1.1 GT/second)
Max UPI link 1 speed: 2.5 GBytes/second (1.1 GT/second)

Detected Intel(R) Xeon(R) Silver 4208 CPU @ 2.10GHz "Intel(r) microarchitecture codename Cascade Lake-SP" stepping 7

Executing "./VE/ior-main/src/ior" command:
IOR-4.1.0+dev: MPI Coordinated Test of Parallel I/O
Began               : Thu Mar 21 18:57:07 2024
Command line        : ./VE/ior-main/src/ior -t 1m -b 8m -s 8 -o hpl_test -F
Machine             : Linux muffin
TestID              : 0
StartTime           : Thu Mar 21 18:57:07 2024
Path                : hpl_test.00000000
FS                  : 79.0 TiB   Used FS: 12.7%   Inodes: 16179.2 Mi   Used Inodes: 0.2%

Options: 
api                 : POSIX
apiVersion          : 
test filename       : hpl_test
access              : file-per-process
type                : independent
segments            : 8
ordering in a file  : sequential
ordering inter file : no tasks offsets
nodes               : 1
tasks               : 8
clients per node    : 8
memoryBuffer        : CPU
dataAccess          : CPU
GPUDirect           : 0
repetitions         : 1
xfersize            : 1 MiB
blocksize           : 8 MiB
aggregate filesize  : 512 MiB

Results: 

access    bw(MiB/s)  IOPS       Latency(s)  block(KiB) xfer(KiB)  open(s)    wr/rd(s)   close(s)   total(s)   iter
------    ---------  ----       ----------  ---------- ---------  --------   --------   --------   --------   ----
write     11.17      149.10     0.006406    8192       1024.00    3.39       3.43       45.78      45.84      0   
read      44.80      44.81      0.004254    8192       1024.00    0.002673   11.43      11.39      11.43      0   

Summary of all tests:
Operation   Max(MiB)   Min(MiB)  Mean(MiB)     StdDev   Max(OPs)   Min(OPs)  Mean(OPs)     StdDev    Mean(s) Stonewall(s) Stonewall(MiB) Test# #Tasks tPN reps fPP reord reordoff reordrand seed segcnt   blksiz    xsize aggs(MiB)   API RefNum
write          11.17      11.17      11.17       0.00      11.17      11.17      11.17       0.00   45.83929         NA            NA     0      8   8    1   1     0        1         0    0      8  8388608  1048576     512.0 POSIX      0
read           44.80      44.80      44.80       0.00      44.80      44.80      44.80       0.00   11.42814         NA            NA     0      8   8    1   1     0        1         0    0      8  8388608  1048576     512.0 POSIX      0
Finished            : Thu Mar 21 18:58:05 2024
DEBUG: caught signal to interrupt (Child exited).
Cleaning up
 Closed perf event handles
DEBUG: caught signal to interrupt (Child exited).
Cleaning up
DEBUG: caught signal to interrupt (Child exited).
Cleaning up
 Closed perf event handles
 Closed perf event handles
DEBUG: caught signal to interrupt (Child exitedDEBUG: caught signal to interrupt ().
Child exited).
Cleaning up
Cleaning up
 Closed perf event handles
DEBUG: caught signal to interrupt (Child exited).
Cleaning up
DEBUG: caught signal to interrupt (Child exited).
Cleaning up
 Closed perf event handles
 Closed perf event handles
 Closed perf event handles
 Zeroed uncore PMU registers
 Zeroed uncore PMU registers
 Zeroed uncore PMU registers
 Zeroed uncore PMU registers
 Zeroed uncore PMU registers
 Zeroed uncore PMU registers
 Zeroed uncore PMU registers
DEBUG: caught signal to interrupt (Child exited).
Cleaning up
 Closed perf event handles
 Zeroed uncore PMU registers
	Command being timed: "/opt/nec/ve/bin/mpirun -n 8 /usr/sbin/pcm 0.1 -csv=./output/9/ve_IOR_0_9.csv -- ./VE/ior-main/src/ior -t 1m -b 8m -s 8 -o hpl_test -F"
	User time (seconds): 3.63
	System time (seconds): 1.90
	Percent of CPU this job got: 9%
	Elapsed (wall clock) time (h:mm:ss or m:ss): 0:58.91
	Average shared text size (kbytes): 0
	Average unshared data size (kbytes): 0
	Average stack size (kbytes): 0
	Average total size (kbytes): 0
	Maximum resident set size (kbytes): 141564
	Average resident set size (kbytes): 0
	Major (requiring I/O) page faults: 0
	Minor (reclaiming a frame) page faults: 6308
	Voluntary context switches: 82513
	Involuntary context switches: 5828
	Swaps: 0
	File system inputs: 0
	File system outputs: 5456
	Socket messages sent: 0
	Socket messages received: 0
	Signals delivered: 0
	Page size (bytes): 4096
	Exit status: 0
