
 Intel(r) Performance Counter Monitor (2022-11-24 10:18:12 +0100 ID=1b16bb4e)


PCM Info: setrlimit for file limit 1000000 failed with error Operation not permitted

=====  Processor information  =====

 Intel(r) Performance Counter Monitor (2022-11-24 10:18:12 +0100 ID=1b16bb4e)


PCM Info: setrlimit for file limit 1000000 failed with error Operation not permitted

=====  Processor information  =====
Linux arch_perfmon flag  : yes

Hybrid processor         :  Intel(r) Performance Counter Monitor 
no(2022-11-24 10:18:12 +0100 ID=1b16bb4e)
 Intel(r) Performance Counter Monitor 

IBRS and IBPB supported  : (2022-11-24 10:18:12 +0100 ID=1b16bb4e)

yes Intel(r) Performance Counter Monitor 


 Intel(r) Performance Counter Monitor (2022-11-24 10:18:12 +0100 ID=1b16bb4e)
STIBP supported          : (2022-11-24 10:18:12 +0100 ID=1b16bb4e)

yes



PCM Info: setrlimit for file limit 
1000000Spec arch caps supported : 
 failed with error PCM Info: setrlimit for file limit Operation not permittedyes1000000

 failed with error Max CPUID level          : PCM Info: setrlimit for file limit 22Operation not permitted1000000

PCM Info: setrlimit for file limit  failed with error CPU model number         : 1000000Operation not permitted85 failed with error 

=====  Processor information  =====

Operation not permitted

=====  Processor information  =====

=====  Processor information  =====

=====  Processor information  =====
Linux arch_perfmon flag  : yes
Hybrid processor         : no
IBRS and IBPB supported  : yes

Linux arch_perfmon flag  : yes Intel(r) Performance Counter Monitor STIBP supported          : 
(2022-11-24 10:18:12 +0100 ID=1b16bb4e)Linux arch_perfmon flag  : yesHybrid processor         : 
yes
noLinux arch_perfmon flag  : 

Spec arch caps supported : 
yes
Hybrid processor         : yesIBRS and IBPB supported  : 
no
yesHybrid processor         : 
Max CPUID level          : 
PCM Info: setrlimit for file limit noIBRS and IBPB supported  : 22STIBP supported          : 1000000
yes
CPU model number         : yes85
 failed with error 
Spec arch caps supported : IBRS and IBPB supported  : Operation not permittedyes

yes

STIBP supported          : 
Max CPUID level          :  Intel(r) Performance Counter Monitor yesSTIBP supported          : 22
=====  Processor information  =====
(2022-11-24 10:18:12 +0100 ID=1b16bb4e)
yes

Spec arch caps supported : 
CPU model number         : 
yesSpec arch caps supported : 85

yes
Max CPUID level          : 
22Max CPUID level          : 
22CPU model number         : PCM Info: setrlimit for file limit 
851000000CPU model number         : 
 failed with error 85Operation not permitted


=====  Processor information  =====
Linux arch_perfmon flag  : yes
Hybrid processor         : no
IBRS and IBPB supported  : yes
STIBP supported          : yes
Spec arch caps supported : yes
Max CPUID level          : 22
CPU model number         : 85
Linux arch_perfmon flag  : yes
Hybrid processor         : no
IBRS and IBPB supported  : yes
STIBP supported          : yes
Spec arch caps supported : yes
Max CPUID level          : 22
CPU model number         : 85
Number of physical cores: 16
Number of logical cores: 16
Number of online logical cores: 16
Threads (logical cores) per physical core: 1
Num sockets: 2
Physical cores per socket: 8
Last level cache slices per socket: 0
Core PMU (perfmon) version: 4
Number of core PMU generic (programmable) counters: 8
Width of generic (programmable) counters: 48 bits
Number of core PMU fixed counters: 3
Width of fixed counters: 48 bits
Nominal core frequency: 2100000000 Hz
IBRS enabled in the kernel   : no
STIBP enabled in the kernel  : no
The processor is not susceptible to Rogue Data Cache Load: no
The processor supports enhanced IBRS                     : no

=====  Processor topology  =====
OS_Processor    Thread_Id       Core_Id         Tile_Id         Package_Id      Core_Type   Native_CPU_Model
0               0               0               0               0               invalid         -1              
1               0               1               1               0               invalid         -1              
2               0               2               2               0               invalid         -1              
3               0               3               3               0               invalid         -1              
4               0               4               4               0               invalid         -1              
5               0               5               5               0               invalid         -1              
6               0               6               6               0               invalid         -1              
7               0               7               7               0               invalid         -1              
8               0               0               8               1               invalid         -1              
9               0               1               9               1               invalid         -1              
10              0               2               10              1               invalid         -1              
11              0               3               11              1               invalid         -1              
12              0               4               12              1               invalid         -1              
13              0               5               13              1               invalid         -1              
14              0               6               14              1               invalid         -1              
15              0               7               15              1               invalid         -1              
=====  Placement on packages  =====
Package Id.    Core Id.     Processors
0              0,1,2,3,4,5,6,7
1              0,1,2,3,4,5,6,7

=====  Core/Tile sharing  =====
Level      Processors
Core       (0)(1)(2)(3)(4)(5)(6)(7)(8)(9)(10)(11)(12)(13)(14)(15)
Tile / L2$ (0)(1)(2)(3)(4)(5)(6)(7)(8)(9)(10)(11)(12)(13)(14)(15)

Package thermal spec power: 0 Watt; Package minimum power: 0 Watt; Package maximum power: 0 Watt;

Can't open MCFG table. Check permission of /sys/firmware/acpi/tables/MCFG
Can't open MCFG table. Check permission of /sys/firmware/acpi/tables/MCFG1
Can't open MCFG table. Check permission of /pcm/sys/firmware/acpi/tables/MCFG
Can't open MCFG table. Check permission of /pcm/sys/firmware/acpi/tables/MCFG1
WARNING: enumeration of devices in UncorePMUDiscovery failed
INFO: Linux perf interface to program uncore PMUs is Linux arch_perfmon flag  : present
yesINFO: using Linux perf interface to program uncore PMUs because env variable PCM_USE_UNCORE_PERF=1

INFO: Secure Boot detected. Using Linux perf for uncore PMU programming.
Hybrid processor         : no
IBRS and IBPB supported  : yes
STIBP supported          : yes
Spec arch caps supported : yes
Max CPUID level          : 22
CPU model number         : 85
Socket 0: 2 memory controllers detected with total number of 6 channels. 2 UPI ports detected. 2 M2M (mesh to memory) blocks detected. 0 Home Agents detected. 2 M3UPI blocks detected.
Socket 1: 2 memory controllers detected with total number of 6 channels. 2 UPI ports detected. 2 M2M (mesh to memory) blocks detected. 0 Home Agents detected. 2 M3UPI blocks detected.
Number of physical cores: 16
Number of logical cores: 16
Number of online logical cores: 16
Threads (logical cores) per physical core: 1
Num sockets: 2
Physical cores per socket: 8
Last level cache slices per socket: 0
Core PMU (perfmon) version: 4
Number of core PMU generic (programmable) counters: 8
Width of generic (programmable) counters: 48 bits
Number of core PMU fixed counters: 3
Width of fixed counters: 48 bits
Nominal core frequency: 2100000000 Hz
IBRS enabled in the kernel   : no
STIBP enabled in the kernel  : no
The processor is not susceptible to Rogue Data Cache Load: no
The processor supports enhanced IBRS                     : no

=====  Processor topology  =====
OS_Processor    Thread_Id       Core_Id         Tile_Id         Package_Id      Core_Type   Native_CPU_Model
0               0               0               0               0               invalid         -1              
1               0               1               1               0               invalid         -1              
2               0               2               2               0               invalid         -1              
3               0               3               3               0               invalid         -1              
4               0               4               4               0               invalid         -1              
5               0               5               5               0               invalid         -1              
6               0               6               6               0               invalid         -1              
7               0               7               7               0               invalid         -1              
8               0               0               8               1               invalid         -1              
9               0               1               9               1               invalid         -1              
10              0               2               10              1               invalid         -1              
11              0               3               11              1               invalid         -1              
12              0               4               12              1               invalid         -1              
13              0               5               13              1               invalid         -1              
14              0               6               14              1               invalid         -1              
15              0               7               15              1               invalid         -1              
=====  Placement on packages  =====
Package Id.    Core Id.     Processors
0              0,1,2,3,4,5,6,7
1              0,1,2,3,4,5,6,7

=====  Core/Tile sharing  =====
Level      Processors
Core       (0)(1)(2)(3)(4)(5)(6)(7)(8)(9)(10)(11)(12)(13)(14)(15)
Tile / L2$ (0)(1)(2)(3)(4)(5)(6)(7)(8)(9)(10)(11)(12)(13)(14)(15)

Package thermal spec power: 0 Watt; Package minimum power: 0 Watt; Package maximum power: 0 Watt;

Can't open MCFG table. Check permission of /sys/firmware/acpi/tables/MCFG
Can't open MCFG table. Check permission of /sys/firmware/acpi/tables/MCFG1
Can't open MCFG table. Check permission of /pcm/sys/firmware/acpi/tables/MCFG
Can't open MCFG table. Check permission of /pcm/sys/firmware/acpi/tables/MCFG1
WARNING: enumeration of devices in UncorePMUDiscovery failed
INFO: Linux perf interface to program uncore PMUs is present
INFO: using Linux perf interface to program uncore PMUs because env variable PCM_USE_UNCORE_PERF=1
INFO: Secure Boot detected. Using Linux perf for uncore PMU programming.
INFO: using Linux resctrl driver for RDT metrics (L3OCC, LMB, RMB) because environment variable PCM_USE_RESCTRL=1
ERROR: /sys/fs/resctrl is not mounted
ERROR: RDT metrics (L3OCC,LMB,RMB) will not be available
Mount it to make it work: mount -t resctrl resctrl /sys/fs/resctrl
Socket 0: 2 memory controllers detected with total number of 6 channels. 2 UPI ports detected. 2 M2M (mesh to memory) blocks detected. 0 Home Agents detected. 2 M3UPI blocks detected.

 Closed perf event handles
Trying to use Linux perf events...
Socket 1: 2 memory controllers detected with total number of 6 channels. 2 UPI ports detected. 2 M2M (mesh to memory) blocks detected. 0 Home Agents detected. 2 M3UPI blocks detected.
Successfully programmed on-core PMU using Linux perf
Number of physical cores: 16
Number of logical cores: 16
Number of online logical cores: 16
Threads (logical cores) per physical core: 1
Num sockets: 2
Physical cores per socket: 8
Last level cache slices per socket: 0
Core PMU (perfmon) version: 4
Number of core PMU generic (programmable) counters: 8
Width of generic (programmable) counters: 48 bits
Number of core PMU fixed counters: 3
Width of fixed counters: 48Number of physical cores:  bits
Number of physical cores: Nominal core frequency: 162100000000Number of physical cores: 
16 Hz
Number of physical cores: Number of logical cores: 
16Number of physical cores: IBRS enabled in the kernel   : 16INFO: using Linux resctrl driver for RDT metrics (L3OCC, LMB, RMB) because environment variable PCM_USE_RESCTRL=1
Number of logical cores: 16
no16
16
Number of logical cores: 
ERROR: /sys/fs/resctrl is not mounted

Number of online logical cores: 
Number of logical cores: 16STIBP enabled in the kernel  : ERROR: RDT metrics (L3OCC,LMB,RMB) will not be available
Number of logical cores: 16Number of online logical cores: 16
noMount it to make it work: mount -t resctrl resctrl /sys/fs/resctrl
16
16
Number of online logical cores: 

Threads (logical cores) per physical core: 
Number of online logical cores: 16The processor is not susceptible to Rogue Data Cache Load: Number of online logical cores: 1Threads (logical cores) per physical core: 16
no16
1
Threads (logical cores) per physical core: 

Num sockets: 
Threads (logical cores) per physical core: 1The processor supports enhanced IBRS                     : Threads (logical cores) per physical core: 2Num sockets: 1
no1
2
Num sockets: 

Physical cores per socket: 
Num sockets: 2Num sockets: 
=====  Processor topology  =====
8Physical cores per socket: 2
2OS_Processor    Thread_Id       Core_Id         Tile_Id         Package_Id      Core_Type   Native_CPU_Model

8
Physical cores per socket: 
0               Last level cache slices per socket: 
0Physical cores per socket: 8Physical cores per socket: 0               Last level cache slices per socket: 
8
80               0Core PMU (perfmon) version: 
Last level cache slices per socket: 
0               
4Last level cache slices per socket: 0Last level cache slices per socket: 0               Core PMU (perfmon) version: 
0
0invalid4Number of core PMU generic (programmable) counters: 
Core PMU (perfmon) version: 
 
8Core PMU (perfmon) version: 4Core PMU (perfmon) version:  Number of core PMU generic (programmable) counters: 
4
4 8Width of generic (programmable) counters: 
Number of core PMU generic (programmable) counters: 
 
48Number of core PMU generic (programmable) counters: 8Number of core PMU generic (programmable) counters:  Width of generic (programmable) counters:  bits
8
8 48Number of core PMU fixed counters: 
Width of generic (programmable) counters: 
  bits
3Width of generic (programmable) counters: 48 bits
Width of generic (programmable) counters: Number of core PMU fixed counters: 48 3 bits
Number of core PMU fixed counters:  
Number of core PMU fixed counters: 
3-1              48Width of fixed counters: 3Width of fixed counters: 


 bits
48
48Width of fixed counters: Number of core PMU fixed counters: 1                bits
Width of fixed counters:  bits
4830               Nominal core frequency: 48Nominal core frequency:  bits

1               2100000000 bits
2100000000Nominal core frequency: Width of fixed counters: 1                Hz
Nominal core frequency:  Hz
2100000000480               IBRS enabled in the kernel   : 2100000000IBRS enabled in the kernel   :  Hz
 bits
invalidno Hz
noIBRS enabled in the kernel   : Nominal core frequency:  
IBRS enabled in the kernel   : 
no2100000000 STIBP enabled in the kernel  : noSTIBP enabled in the kernel  : 
 Hz
 no
noSTIBP enabled in the kernel  : IBRS enabled in the kernel   :  
STIBP enabled in the kernel  : 
nono The processor is not susceptible to Rogue Data Cache Load: noThe processor is not susceptible to Rogue Data Cache Load: 

 no
noThe processor is not susceptible to Rogue Data Cache Load: STIBP enabled in the kernel  :  
The processor is not susceptible to Rogue Data Cache Load: 
nono The processor supports enhanced IBRS                     : noThe processor supports enhanced IBRS                     : 

 no
noThe processor supports enhanced IBRS                     : The processor is not susceptible to Rogue Data Cache Load: -1              
The processor supports enhanced IBRS                     : 
nono

=====  Processor topology  =====
no

=====  Processor topology  =====

=====  Processor topology  =====

2               OS_Processor    Thread_Id       Core_Id         Tile_Id         Package_Id      Core_Type   Native_CPU_Model

OS_Processor    Thread_Id       Core_Id         Tile_Id         Package_Id      Core_Type   Native_CPU_Model
OS_Processor    Thread_Id       Core_Id         Tile_Id         Package_Id      Core_Type   Native_CPU_Model
The processor supports enhanced IBRS                     : 0               0               
=====  Processor topology  =====
0               0               no2               0               OS_Processor    Thread_Id       Core_Id         Tile_Id         Package_Id      Core_Type   Native_CPU_Model
0               0               
2               
=====  Processor topology  =====
0               0               0               0               0               OS_Processor    Thread_Id       Core_Id         Tile_Id         Package_Id      Core_Type   Native_CPU_Model
0               0               0               0               invalid0               0               0               0               0                0               invalid0               invalidinvalid 0                0                  0                invalid          0                    invalid Closed perf event handles
      Trying to use Linux perf events...
                   -1              -1                -1              
 

 -1               1               3               1               -1              
 0               0               0               
 1               1               3               1               -1              1               0               1               3               1               
0               1               0               0               0               1               1               1               invalidinvalidinvalid0               1               0                  1               0               invalid   1               invalid    0                    invalid                                -1              
-1              2               
-1              0               4                
2                0                 2               2                4                -1              0               0               -1              4                
2               invalid
0               -1              2               2                2               invalid
0               0                0                2               2               invalid 2                0               2                 2                2               0                 0                2               invalid  invalid 0                    invalid              -1                   
 -1                 3                
  -1              0                5                 
3                0                 3               3                5                -1              0               0               -1              5                
3               invalid
0               -1              3               3                3               invalid
0               0                0                3               3               invalid 3                0               3                 3                3               0                 0                3               invalid  invalid      0                invalid             -1                   
     6               -1                 -1              0               
   
6               4                -1               4               6               0                
 0               0               4                4               -1              4               invalid4               -1              0               
4                0               
4               4               0                invalid4               4               0               invalid  0               0               4                  4               4               invalid4                  0                0                  invalid invalid                   -1                   
     7               -1                 -1              0               
   
7               5                -1               5               7               0                
 0               0               5               -1              5               -1              5               invalid5               
0               
5                0               5               5               5               0                invalid0               5               0               invalid  5               0               5                  5               invalid5                  0                0               invalid         invalid               -1                   
  -1                8                 
-1               0                 6               
 0               -1               0               6                8               
 6               0               -1              1               6                6               6               
invalid0               -1              0               6               6                6               
invalid0               0                6               6                invalid6                0               0                 6                invalid6                 0                 6                 invalid  0                    invalid               -1                   
  -1                9                 
-1               0                 7               
 1               -1               0               7                9               
 7               0               -1              1               7                7               0               7               invalid7                
0                invalidinvalid 0                 -1               7                 
 7                 7                0                 0                invalid     -1              
10              0               2               10              1               invalid         -1              
11              0               3               11              1               7                7                 invalid         -1              
12              0               4               12              1               invalid         -1              
0                7                 13              0               5               13              1               invalid         -1              
14              0               6               14              1               invalid      7                0               -1                  -1              
15              0               7               15              1               invalid         -1              
=====  Placement on packages  =====
Package Id.    Core Id.     Processors
0              0,1,2,3,4,5,6,7
1              0,1,2,3,4,5,6,7

=====  Core/Tile sharing  =====
Level      Processors
Core       (0)(1)(2)(3)(4)(5)(6)(7)(8)(9)(10)(11)(12)(13)(14)(15)
Tile / L2$ (0)(1)(2)(3)(4)(5)(67               )( 7 invalid)-1              
 ( 
 8               Successfully programmed on-core PMU using Linux perf
 88                0                )(9)(10)(11)(12)(13)(14)(15)

Package thermal spec power: 0 Watt; Package minimum power: 0 Watt; Package maximum power: 0 Watt;
0               0                0                     -1              
8               0               0               8               1               invalid         -1              
9               0               1               9               1               invalid         -1              
10              0               2               10              1               invalid        invalid0                8                8                1               -1              1               -1              invalid
invalid
 8               11                0               0                 0               3                  8               1               11              invalid1                 invalid   
                 Can't open MCFG table. Check permission of -1              -1                /sys/firmware/acpi/tables/MCFG

  
9               9                 Can't open MCFG table. Check permission of 0               0               -1               /sys/firmware/acpi/tables/MCFG11               1               
-1              
9               9               9               
Can't open MCFG table. Check permission of 1               1               0               12              /pcm/sys/firmware/acpi/tables/MCFGinvalidinvalid1               0               
  9               4               Can't open MCFG table. Check permission of   1               12              /pcm/sys/firmware/acpi/tables/MCFG1  invalid1               
   invalid                WARNING: enumeration of devices in UncorePMUDiscovery failed
    -1              -1                

  10              10                0               0               -1               2               2               
-1              10              10              10              
1               1                0               13              invalidinvalid2               10              1               invalid         -1              
11              0               3               11              1               invalid         -1              
 0                 12              0               4               12              1               invalid         -1              
13              0               5               13              1               invalid         5                  -1              
14              0               6               14              1               invalid         -1              
15              0               7               15              1               invalid      13                    1                  -1              
=====  Placement on packages  =====
Package Id.    Core Id.     Processors
0              0,1,2,3,4,5,6,7
1              0,1,2 invalid  ,3,4,5,6,7

=====  Core/Tile sharing  =====
Level      Processors
Core       ( 0) (  1    INFO: Linux perf interface to program uncore PMUs is )    -1              
-1              present
(  11              
INFO: using Linux perf interface to program uncore PMUs because env variable PCM_USE_UNCORE_PERF=1
2  0               INFO: Secure Boot detected. Using Linux perf for uncore PMU programming.
)-1               3               8               (
 11              0               311               1               0               )0               -1              invalid8               (3               
 1               411              14               invalid)1               0                 (invalid6                 5 14                ) 1                 ( invalid  6    )    (  -1               7  
 )  12              -1              (  0               
8-1               4               9               )
 12              0               (12               1               1               90               -1              invalid9               )4               
 1               (12              15               invalid 10  ) 1               ( invalid0               11   7               )   15              (   1               12   invalid)-1                 (
   13 10                )-1              0                 (
2                 1413              10              -1               )0               1               
 (5               invalid13               1513               0                )1                5               -1              
Tile / L2$ invalid 13              
(  1               =====  Placement on packages  =====
0  invalidPackage Id.    Core Id.     Processors
)   0              (   01   ,)   1( -1               ,2 
 2) 11               ,(-1              0                33
3                ,)14              11              -1              4,(540               ,)6               6(14              ,51               7)invalid
( 1              6 0) ,( 17 ,) 2( ,8 3) ,(-1              49
,)15              5(0               ,107               6)15              ,(1               711invalid
) 
=====  Core/Tile sharing  =====
( Level      Processors
Core       12 () 0( )13 () 1( )14 ()-1              2(
)15=====  Placement on packages  =====
()Package Id.    Core Id.     Processors
3
0              )
0(,Package thermal spec power: 410), Watt; (2Package minimum power: 5,0)3 Watt; (,Package maximum power: 640), Watt;
(57,1               )invalid6
( Socket ,14              8 700               ) 
: 6               ( 1              214              9 0 memory controllers detected with total number of 1               ) ,6invalid( 1 channels.  10 ,2 ) 2  (-1              ,UPI 11
312               ports detected. ),0                 (44               2 12,12               M2M (mesh to memory) blocks detected.  )51               0 (,invalid Home Agents detected. -1              136 
2
),  M3UPI blocks detected.
15              (7 0               14
 7               )Can't open MCFG table. Check permission of 
=====  Core/Tile sharing  =====
 15              (/sys/firmware/acpi/tables/MCFGLevel      Processors
Core        1               15
( invalid)Can't open MCFG table. Check permission of 0  
Tile / L2$ /sys/firmware/acpi/tables/MCFG1)  (
(-1               0Can't open MCFG table. Check permission of 1
 )/pcm/sys/firmware/acpi/tables/MCFG)13               (
(0                1Can't open MCFG table. Check permission of 25                )/pcm/sys/firmware/acpi/tables/MCFG1)13                (-1              2

)=====  Placement on packages  =====
((Package Id.    Core Id.     Processors
1               330              invalid))0 ((, 441 )WARNING: enumeration of devices in UncorePMUDiscovery failed
), ((2 55, ))3 ((, 664 )),-1              ((5
77,14              ))60               ((,6               88714              ))
1               ((1              invalid990 )), ((1 1010, ))2 ((, 11113 )), ((4 1212,-1              ))5
((,15              131360               )),7               ((715              1414
1               ))
=====  Core/Tile sharing  =====
invalid((Level      Processors
Core        1515( ))0 
Tile / L2$ 
) (
(Package thermal spec power: 10) Watt; (Package minimum power: 20) Watt; (Package maximum power: 30) Watt;
(4)(5)(6)(7)(8)(9)(10)(11)(12)(13)(14)(15)
Tile / L2$ (0Socket )1(: 12) memory controllers detected with total number of (62 channels. )2( 3UPI) ports detected.( 42) M2M (mesh to memory) blocks detected. (05 Home Agents detected. )2( M3UPI blocks detected.
6)(7)(8)(9)(10)(11)(12)(13)(14)(15)

Package thermal spec power: 0 Watt; Package minimum power: 0
 Watt; Package maximum power: 0 Watt;
Can't open MCFG table. Check permission of /sys/firmware/acpi/tables/MCFG
Can't open MCFG table. Check permission of /sys/firmware/acpi/tables/MCFG1
Can't open MCFG table. Check permission of /pcm/sys/firmware/acpi/tables/MCFG
Can't open MCFG table. Check permission of /pcm/sys/firmware/acpi/tables/MCFG1
WARNING: enumeration of devices in UncorePMUDiscovery failed
   0  )INFO: Linux perf interface to program uncore PMUs is (1-1              )present
(2INFO: using Linux perf interface to program uncore PMUs because env variable PCM_USE_UNCORE_PERF=1

)INFO: Secure Boot detected. Using Linux perf for uncore PMU programming.
=====  Placement on packages  =====
(Package Id.    Core Id.     Processors
30              )0(,41),(
25,)3(,64),(57,)Can't open MCFG table. Check permission of 6(/sys/firmware/acpi/tables/MCFG,8
7)Can't open MCFG table. Check permission of 
(/sys/firmware/acpi/tables/MCFG11              9
0)Can't open MCFG table. Check permission of ,(/pcm/sys/firmware/acpi/tables/MCFG110
,)Can't open MCFG table. Check permission of 2(/pcm/sys/firmware/acpi/tables/MCFG1,11
3),(412,)5(,136),(7WARNING: enumeration of devices in UncorePMUDiscovery failed
14
)
=====  Core/Tile sharing  =====
(Level      Processors
Core       15()0
)
(1Package thermal spec power: )0( Watt; 2Package minimum power: )0( Watt; 3Package maximum power: )0( Watt;
4)(5)(6)(7)(8)(9)(10)(11)(12)(13)(14)(15)
Tile / L2$ (0)(1)(2)(3)(4)(5)(6)(7)(8)(9)(10)(11)(12)(13)
(14INFO: Linux perf interface to program uncore PMUs is )(present
INFO: Linux perf interface to program uncore PMUs is 15INFO: using Linux perf interface to program uncore PMUs because env variable PCM_USE_UNCORE_PERF=1
present
)INFO: Secure Boot detected. Using Linux perf for uncore PMU programming.
INFO: using Linux perf interface to program uncore PMUs because env variable PCM_USE_UNCORE_PERF=1

Can't open MCFG table. Check permission of INFO: Secure Boot detected. Using Linux perf for uncore PMU programming.

/sys/firmware/acpi/tables/MCFG
Can't open MCFG table. Check permission of Package thermal spec power: /sys/firmware/acpi/tables/MCFG10
 Watt; Can't open MCFG table. Check permission of Package minimum power: /pcm/sys/firmware/acpi/tables/MCFG0
 Watt; Can't open MCFG table. Check permission of Package maximum power: /pcm/sys/firmware/acpi/tables/MCFG10
 Watt;
WARNING: enumeration of devices in UncorePMUDiscovery failed

Can't open MCFG table. Check permission of /sys/firmware/acpi/tables/MCFG
Can't open MCFG table. Check permission of /sys/firmware/acpi/tables/MCFG1
Can't open MCFG table. Check permission of /pcm/sys/firmware/acpi/tables/MCFG
Can't open MCFG table. Check permission of /pcm/sys/firmware/acpi/tables/MCFG1
WARNING: enumeration of devices in UncorePMUDiscovery failed
INFO: Linux perf interface to program uncore PMUs is present
INFO: Linux perf interface to program uncore PMUs is INFO: using Linux perf interface to program uncore PMUs because env variable PCM_USE_UNCORE_PERF=1
present
INFO: Secure Boot detected. Using Linux perf for uncore PMU programming.
INFO: using Linux perf interface to program uncore PMUs because env variable PCM_USE_UNCORE_PERF=1
INFO: Secure Boot detected. Using Linux perf for uncore PMU programming.
Socket 0: 2 memory controllers detected with total number of 6 channels. 2 UPI ports detected. 2 M2M (mesh to memory) blocks detected. 0 Home Agents detected. 2 M3UPI blocks detected.
Socket 0: 2 memory controllers detected with total number of 6 channels. 2 UPI ports detected. 2 M2M (mesh to memory) blocks detected. 0 Home Agents detected. 2 M3UPI blocks detected.
Socket 0: 2 memory controllers detected with total number of 6 channels. 2 UPI ports detected. 2 M2M (mesh to memory) blocks detected. 0 Home Agents detected. 2 M3UPI blocks detected.
Socket Socket 00: : 22 memory controllers detected with total number of  memory controllers detected with total number of 66 channels.  channels. 22  UPIUPI ports detected. ports detected.  22 M2M (mesh to memory) blocks detected.  M2M (mesh to memory) blocks detected. 00 Home Agents detected.  Home Agents detected. 22 M3UPI blocks detected.
 M3UPI blocks detected.
Socket 1: 2 memory controllers detected with total number of 6 channels. 2 UPI ports detected. 2 M2M (mesh to memory) blocks detected. 0 Home Agents detected. 2 M3UPI blocks detected.
Socket 1Socket : 12:  memory controllers detected with total number of 26 memory controllers detected with total number of  channels. 62 channels.  2UPI  ports detected.UPI  ports detected.2  M2M (mesh to memory) blocks detected. 20 M2M (mesh to memory) blocks detected.  Home Agents detected. 02 Home Agents detected.  M3UPI blocks detected.
2 M3UPI blocks detected.
Socket 1Socket : 12:  memory controllers detected with total number of 26 memory controllers detected with total number of  channels. 62 channels.  2UPI  ports detected.UPI  ports detected.2  M2M (mesh to memory) blocks detected. 20 M2M (mesh to memory) blocks detected.  Home Agents detected. 02 Home Agents detected.  M3UPI blocks detected.
2 M3UPI blocks detected.
INFO: using Linux resctrl driver for RDT metrics (L3OCC, LMB, RMB) because environment variable PCM_USE_RESCTRL=1
ERROR: /sys/fs/resctrl is not mounted
ERROR: RDT metrics (L3OCC,LMB,RMB) will not be available
Mount it to make it work: mount -t resctrl resctrl /sys/fs/resctrl

 Closed perf event handles
Trying to use Linux perf events...
INFO: using Linux resctrl driver for RDT metrics (L3OCC, LMB, RMB) because environment variable PCM_USE_RESCTRL=1
ERROR: /sys/fs/resctrl is not mounted
ERROR: RDT metrics (L3OCC,LMB,RMB) will not be available
Mount it to make it work: mount -t resctrl resctrl /sys/fs/resctrl
INFO: using Linux resctrl driver for RDT metrics (L3OCC, LMB, RMB) because environment variable PCM_USE_RESCTRL=1
INFO: using Linux resctrl driver for RDT metrics (L3OCC, LMB, RMB) because environment variable PCM_USE_RESCTRL=1
ERROR: /sys/fs/resctrl is not mounted
ERROR: RDT metrics (L3OCC,LMB,RMB) will not be available
Mount it to make it work: mount -t resctrl resctrl /sys/fs/resctrl
ERROR: /sys/fs/resctrl is not mounted
ERROR: RDT metrics (L3OCC,LMB,RMB) will not be available
Mount it to make it work: mount -t resctrl resctrl /sys/fs/resctrl

INFO: using Linux resctrl driver for RDT metrics (L3OCC, LMB, RMB) because environment variable PCM_USE_RESCTRL=1
INFO: using Linux resctrl driver for RDT metrics (L3OCC, LMB, RMB) because environment variable PCM_USE_RESCTRL=1
ERROR: /sys/fs/resctrl is not mounted

ERROR: RDT metrics (L3OCC,LMB,RMB) will not be available
ERROR: /sys/fs/resctrl is not mounted
Mount it to make it work: mount -t resctrl resctrl /sys/fs/resctrl

ERROR: RDT metrics (L3OCC,LMB,RMB) will not be available
Mount it to make it work: mount -t resctrl resctrl /sys/fs/resctrl
 Closed perf event handles
Trying to use Linux perf events...
 Closed perf event handles
Trying to use Linux perf events...
 Closed perf event handles
Trying to use Linux perf events...

 Closed perf event handles
Trying to use Linux perf events...

 Closed perf event handles
Trying to use Linux perf events...
Successfully programmed on-core PMU using Linux perf
Successfully programmed on-core PMU using Linux perf
Successfully programmed on-core PMU using Linux perf
Successfully programmed on-core PMU using Linux perf
Successfully programmed on-core PMU using Linux perf
Successfully programmed on-core PMU using Linux perf
Socket 0
Max UPI link 0 speed: 3.8 GBytes/second (1.7 GT/second)
Max UPI link 1 speed: 3.8 GBytes/second (1.7 GT/second)
Socket 1
Max UPI link 0 speed: 4.0 GBytes/second (1.8 GT/second)
Max UPI link 1 speed: 4.0 GBytes/second (1.8 GT/second)

Detected Intel(R) Xeon(R) Silver 4208 CPU @ 2.10GHz "Intel(r) microarchitecture codename Cascade Lake-SP" stepping 7

Executing "./VE/ior-main/src/ior" command:
Socket 0
Max UPI link 0 speed: 3.5 GBytes/second (1.6 GT/second)
Max UPI link 1 speed: 3.5 GBytes/second (1.6 GT/second)
Socket 1
Max UPI link 0 speed: 2.6 GBytes/second (1.2 GT/second)
Max UPI link 1 speed: 2.6 GBytes/second (1.2 GT/second)

Detected Intel(R) Xeon(R) Silver 4208 CPU @ 2.10GHz "Intel(r) microarchitecture codename Cascade Lake-SP" stepping 7

Executing "./VE/ior-main/src/ior" command:
Socket 0
Max UPI link 0 speed: 2.5 GBytes/second (1.1 GT/second)
Max UPI link 1 speed: 2.5 GBytes/second (1.1 GT/second)
Socket 1
Max UPI link 0 speed: 2.4 GBytes/second (1.1 GT/second)
Max UPI link 1 speed: 2.4 GBytes/second (1.1 GT/second)

Detected Intel(R) Xeon(R) Silver 4208 CPU @ 2.10GHz "Intel(r) microarchitecture codename Cascade Lake-SP" stepping 7

Executing "./VE/ior-main/src/ior" command:
Socket 0
Max UPI link 0 speed: 2.5 GBytes/second (1.1 GT/second)
Max UPI link 1 speed: 2.5 GBytes/second (1.1 GT/second)
Socket 1
Max UPI link 0 speed: 2.3 GBytes/second (1.0 GT/second)
Max UPI link 1 speed: 2.3 GBytes/second (1.0 GT/second)

Detected Intel(R) Xeon(R) Silver 4208 CPU @ 2.10GHz "Intel(r) microarchitecture codename Cascade Lake-SP" stepping 7

Executing "./VE/ior-main/src/ior" command:
Socket 0
Max UPI link 0 speed: 2.3 GBytes/second (1.0 GT/second)
Max UPI link 1 speed: 2.3 GBytes/second (Socket 1.00 GT/second)

Socket Max 1UPI
 link Max 0UPI speed:  link 0 speed: 2.52.5 GBytes/second ( GBytes/second (1.11.1 GT/second)
 GT/second)
Max Max UPIUPI link 1 speed:  link 2.51 GBytes/second ( speed: 1.1 GT/second)
2.5 GBytes/second (
Detected 1.1 GT/second)
Socket Intel(R) Xeon(R) Silver 4208 CPU @ 2.10GHz1 "Intel(r) microarchitecture codename 
Cascade Lake-SPMax " stepping UPI7 link 
0 speed: 2.2 GBytes/second (1.0 GT/second)
Max UPI link 1 speed: 2.2 GBytes/second (1.0 GT/second)

Detected Intel(R) Xeon(R) Silver 4208 CPU @ 2.10GHz "Intel(r) microarchitecture codename Cascade Lake-SP" stepping 7

Executing "./VE/ior-main/src/ior" command:

Executing "./VE/ior-main/src/ior" command:
Socket 0
Max UPI link 0 speed: 2.6 GBytes/second (1.1 GT/second)
Max UPI link 1 speed: 2.6 GBytes/second (1.1 GT/second)
Socket 1
Max UPI link 0 speed: 2.2 GBytes/second (1.0 GT/second)
Max UPI link 1 speed: 2.2 GBytes/second (1.0 GT/second)

Detected Intel(R) Xeon(R) Silver 4208 CPU @ 2.10GHz "Intel(r) microarchitecture codename Cascade Lake-SP" stepping 7

Executing "./VE/ior-main/src/ior" command:
Socket 0
Max UPI link 0 speed: 2.4 GBytes/second (1.1 GT/second)
Max UPI link 1 speed: 2.4 GBytes/second (1.1 GT/second)
Socket 1
Max UPI link 0 speed: 2.1 GBytes/second (1.0 GT/second)
Max UPI link 1 speed: 2.1 GBytes/second (1.0 GT/second)

Detected Intel(R) Xeon(R) Silver 4208 CPU @ 2.10GHz "Intel(r) microarchitecture codename Cascade Lake-SP" stepping 7

Executing "./VE/ior-main/src/ior" command:
IOR-4.1.0+dev: MPI Coordinated Test of Parallel I/O
Began               : Thu Mar 21 18:47:09 2024
Command line        : ./VE/ior-main/src/ior -t 1m -b 8m -s 8 -o hpl_test -F
Machine             : Linux muffin
TestID              : 0
StartTime           : Thu Mar 21 18:47:09 2024
Path                : hpl_test.00000000
FS                  : 79.0 TiB   Used FS: 12.7%   Inodes: 16179.2 Mi   Used Inodes: 0.2%

Options: 
api                 : POSIX
apiVersion          : 
test filename       : hpl_test
access              : file-per-process
type                : independent
segments            : 8
ordering in a file  : sequential
ordering inter file : no tasks offsets
nodes               : 1
tasks               : 8
clients per node    : 8
memoryBuffer        : CPU
dataAccess          : CPU
GPUDirect           : 0
repetitions         : 1
xfersize            : 1 MiB
blocksize           : 8 MiB
aggregate filesize  : 512 MiB

Results: 

access    bw(MiB/s)  IOPS       Latency(s)  block(KiB) xfer(KiB)  open(s)    wr/rd(s)   close(s)   total(s)   iter
------    ---------  ----       ----------  ---------- ---------  --------   --------   --------   --------   ----
write     11.15      152.39     0.007253    8192       1024.00    3.30       3.36       45.86      45.92      0   
read      44.80      44.81      0.004772    8192       1024.00    0.002600   11.43      11.39      11.43      0   

Summary of all tests:
Operation   Max(MiB)   Min(MiB)  Mean(MiB)     StdDev   Max(OPs)   Min(OPs)  Mean(OPs)     StdDev    Mean(s) Stonewall(s) Stonewall(MiB) Test# #Tasks tPN reps fPP reord reordoff reordrand seed segcnt   blksiz    xsize aggs(MiB)   API RefNum
write          11.15      11.15      11.15       0.00      11.15      11.15      11.15       0.00   45.92147         NA            NA     0      8   8    1   1     0        1         0    0      8  8388608  1048576     512.0 POSIX      0
read           44.80      44.80      44.80       0.00      44.80      44.80      44.80       0.00   11.42892         NA            NA     0      8   8    1   1     0        1         0    0      8  8388608  1048576     512.0 POSIX      0
Finished            : Thu Mar 21 18:48:06 2024
DEBUG: caught signal to interrupt (Child exited).
Cleaning up
 Closed perf event handles
DEBUG: caught signal to interrupt (Child exited).
Cleaning up
 Closed perf event handles
DEBUG: caught signal to interrupt (Child exited).
Cleaning up
DEBUG: caught signal to interrupt ( Closed perf event handles
Child exited).
Cleaning up
DEBUG: caught signal to interrupt (Child exited).
Cleaning up
 Closed perf event handles
 Closed perf event handles
DEBUG: caught signal to interrupt (Child exited).
Cleaning up
DEBUG: caught signal to interrupt (Child exited).
Cleaning up
 Closed perf event handles
 Closed perf event handles
 Zeroed uncore PMU registers
 Zeroed uncore PMU registers
 Zeroed uncore PMU registers
 Zeroed uncore PMU registers
 Zeroed uncore PMU registers
 Zeroed uncore PMU registers
 Zeroed uncore PMU registers
DEBUG: caught signal to interrupt (Child exited).
Cleaning up
 Closed perf event handles
 Zeroed uncore PMU registers
	Command being timed: "/opt/nec/ve/bin/mpirun -n 8 /usr/sbin/pcm 0.1 -csv=./output/4/ve_IOR_VE_4.csv -- ./VE/ior-main/src/ior -t 1m -b 8m -s 8 -o hpl_test -F"
	User time (seconds): 3.09
	System time (seconds): 2.03
	Percent of CPU this job got: 8%
	Elapsed (wall clock) time (h:mm:ss or m:ss): 0:59.09
	Average shared text size (kbytes): 0
	Average unshared data size (kbytes): 0
	Average stack size (kbytes): 0
	Average total size (kbytes): 0
	Maximum resident set size (kbytes): 141596
	Average resident set size (kbytes): 0
	Major (requiring I/O) page faults: 0
	Minor (reclaiming a frame) page faults: 6337
	Voluntary context switches: 77494
	Involuntary context switches: 5393
	Swaps: 0
	File system inputs: 0
	File system outputs: 4760
	Socket messages sent: 0
	Socket messages received: 0
	Signals delivered: 0
	Page size (bytes): 4096
	Exit status: 0

 Intel(r) Performance Counter Monitor (2022-11-24 10:18:12 +0100 ID=1b16bb4e)



 Intel(r) Performance Counter Monitor PCM Info: setrlimit for file limit (2022-11-24 10:18:12 +0100 ID=1b16bb4e)1000000
 failed with error 

Operation not permitted
PCM Info: setrlimit for file limit 1000000
=====  Processor information  =====
 failed with error 
Operation not permitted Intel(r) Performance Counter Monitor 

(2022-11-24 10:18:12 +0100 ID=1b16bb4e)
 Intel(r) Performance Counter Monitor 
 Intel(r) Performance Counter Monitor (2022-11-24 10:18:12 +0100 ID=1b16bb4e)

=====  Processor information  =====
(2022-11-24 10:18:12 +0100 ID=1b16bb4e)






PCM Info: setrlimit for file limit 1000000 failed with error PCM Info: setrlimit for file limit PCM Info: setrlimit for file limit 1000000Operation not permitted1000000 failed with error 

 failed with error Operation not permitted Intel(r) Performance Counter Monitor Operation not permitted
(2022-11-24 10:18:12 +0100 ID=1b16bb4e)

=====  Processor information  =====




=====  Processor information  =====
PCM Info: setrlimit for file limit 
=====  Processor information  =====
1000000 failed with error Operation not permitted

=====  Processor information  =====
Linux arch_perfmon flag  : yes
Hybrid processor         : no
IBRS and IBPB supported  : yes
Linux arch_perfmon flag  : Linux arch_perfmon flag  : STIBP supported          : yesyesyes

Linux arch_perfmon flag  : Spec arch caps supported : yes

Hybrid processor         : yes

Hybrid processor         :  Intel(r) Performance Counter Monitor  Intel(r) Performance Counter Monitor no
Hybrid processor         : no(2022-11-24 10:18:12 +0100 ID=1b16bb4e)(2022-11-24 10:18:12 +0100 ID=1b16bb4e)
Max CPUID level          : no


IBRS and IBPB supported  : 22
IBRS and IBPB supported  : 

yes
IBRS and IBPB supported  : yes


CPU model number         : yes
STIBP supported          : PCM Info: setrlimit for file limit 85
STIBP supported          : PCM Info: setrlimit for file limit yes1000000
STIBP supported          : yes1000000
Spec arch caps supported :  failed with error yes
 failed with error yes
Operation not permittedSpec arch caps supported : 
Operation not permittedSpec arch caps supported : 
yesMax CPUID level          : 
yes
22
Max CPUID level          : 
Max CPUID level          : 22
=====  Processor information  =====
CPU model number         : 
=====  Processor information  =====
22
85
CPU model number         : 85
CPU model number         : 85

Linux arch_perfmon flag  : yesLinux arch_perfmon flag  : 
yesHybrid processor         : 
noHybrid processor         : 
noIBRS and IBPB supported  : 
yesIBRS and IBPB supported  : 
yesSTIBP supported          : 
yesSTIBP supported          : 
yesSpec arch caps supported : 
yesSpec arch caps supported : 
yesMax CPUID level          : 
22Max CPUID level          : 
22CPU model number         : 
85CPU model number         : 
85
Number of physical cores: 16
Number of logical cores: 16
Number of online logical cores: 16
Threads (logical cores) per physical core: 1
Num sockets: 2
Physical cores per socket: 8
Last level cache slices per socket: 0
Core PMU (perfmon) version: 4
Number of core PMU generic (programmable) counters: 8
Width of generic (programmable) counters: 48 bits
Number of core PMU fixed counters: 3Number of physical cores: 
Width of fixed counters: 48Number of physical cores: 16 bits

Number of physical cores: Nominal core frequency: 16Number of logical cores: 210000000016
16 Hz

Number of logical cores: 
IBRS enabled in the kernel   : Number of logical cores: 16Number of online logical cores: no16
16

Number of online logical cores: 
STIBP enabled in the kernel  : Number of online logical cores: 16Threads (logical cores) per physical core: no16
1

Threads (logical cores) per physical core: 
The processor is not susceptible to Rogue Data Cache Load: Threads (logical cores) per physical core: 1Num sockets: no1
2

Num sockets: 
The processor supports enhanced IBRS                     : Num sockets: 2Physical cores per socket: no2
Physical cores per socket: 88


Last level cache slices per socket: 
Last level cache slices per socket: 
=====  Processor topology  =====
0Physical cores per socket: 0OS_Processor    Thread_Id       Core_Id         Tile_Id         Package_Id      Core_Type   Native_CPU_Model

8
0               Core PMU (perfmon) version: 
Core PMU (perfmon) version: 0               4Last level cache slices per socket: 40               
0
0               Number of core PMU generic (programmable) counters: 
Number of core PMU generic (programmable) counters: 0               8Core PMU (perfmon) version: 8invalid
4
 Width of generic (programmable) counters: 
Width of generic (programmable) counters:  48Number of core PMU generic (programmable) counters: 48  bits
8 bits
 Number of core PMU fixed counters: 
Number of core PMU fixed counters:  3Width of generic (programmable) counters: 3 
48
 Width of fixed counters:  bits
Number of core PMU fixed counters: Width of fixed counters: 348 
 bits
48 Width of fixed counters: Nominal core frequency:  bits
-1              482100000000Nominal core frequency: 
 bits
 Hz
21000000001               Nominal core frequency: IBRS enabled in the kernel   :  Hz
0               2100000000noIBRS enabled in the kernel   : 1                Hz

no1               IBRS enabled in the kernel   : STIBP enabled in the kernel  : 
0               nonoSTIBP enabled in the kernel  : invalid

no STIBP enabled in the kernel  : The processor is not susceptible to Rogue Data Cache Load: 
 nonoThe processor is not susceptible to Rogue Data Cache Load:  

no The processor is not susceptible to Rogue Data Cache Load: The processor supports enhanced IBRS                     : 
 nonoThe processor supports enhanced IBRS                     : no 
 

=====  Processor topology  =====
 
The processor supports enhanced IBRS                     : OS_Processor    Thread_Id       Core_Id         Tile_Id         Package_Id      Core_Type   Native_CPU_Model
 Linux arch_perfmon flag  : no
=====  Processor topology  =====
0               Linux arch_perfmon flag  : -1              
OS_Processor    Thread_Id       Core_Id         Tile_Id         Package_Id      Core_Type   Native_CPU_Model
0               yes
yes
=====  Processor topology  =====
0               0               
2               
OS_Processor    Thread_Id       Core_Id         Tile_Id         Package_Id      Core_Type   Native_CPU_Model
0               0               Hybrid processor         : 0               Hybrid processor         : 0               0               0               no2               no0               0               invalid
2               
0               0                IBRS and IBPB supported  : 0               IBRS and IBPB supported  : 0               invalid yesinvalidyes0                 
STIBP supported          :  yes 

 invalidSTIBP supported          : Spec arch caps supported :     yesyes    

    Spec arch caps supported : Max CPUID level          :     yes22    

    Max CPUID level          : CPU model number         :  -1               -1              2285 
 


-1              
3               1               0                0               3               1               -1              0               CPU model number         : 1               3               
1               851               0               1               1               
0               invalid0               0               invalid invalid1                  1                  0                  invalid                   -1                 
-1               -1              4               
 
0               2                2               4               0                0               4               2               -1              2               0               2               
2               invalid0               2               0                invalid0               invalid  2                  2                  0                  invalid                  -1              Number of physical cores:    Number of physical cores: 
-1               16 5               16
-1              3               
 0               

0               Number of logical cores: -1              5               Number of logical cores: 3               3               16
5               160               3               
3               0               
3               0               Number of online logical cores: 0               invalidNumber of online logical cores: 3               invalid163                160                
3                
invalid Threads (logical cores) per physical core: 0                 Threads (logical cores) per physical core:  1  
   1Num sockets:  invalid  
2    Num sockets: 
   -1              2Physical cores per socket:    

8   6               Physical cores per socket: 
   0               8Last level cache slices per socket: -1                6               
0
 -1              6               Last level cache slices per socket: 
4                
0               0Core PMU (perfmon) version: 0                4               invalid
44               -1              0                Core PMU (perfmon) version: 
4               
4                4Number of core PMU generic (programmable) counters: 0               4               4                
8invalid0               0                Number of core PMU generic (programmable) counters: 
 4               invalid 8Width of generic (programmable) counters:  4                 
48 0                 Width of generic (programmable) counters:  bits
 invalid  48Number of core PMU fixed counters:           bits
-1               3 Number of core PMU fixed counters:  
 
 3 7                Width of fixed counters:  
 0                48-1              Width of fixed counters:  7                 bits

48-1              7               -1              Nominal core frequency: 5                bits

0               
21000000000               Nominal core frequency: 5               invalid5                Hz
5               21000000000                0               IBRS enabled in the kernel   : 5                Hz
5                5               no0               IBRS enabled in the kernel   : 5                5               
invalidno0                0               STIBP enabled in the kernel  :  
invalid invalidno STIBP enabled in the kernel  :    
 no   The processor is not susceptible to Rogue Data Cache Load:  
   no The processor is not susceptible to Rogue Data Cache Load:    
 no -1               The processor supports enhanced IBRS                     :  
 
 no The processor supports enhanced IBRS                     :  8                
 no 0                
=====  Processor topology  =====
-1              

=====  Processor topology  =====
 OS_Processor    Thread_Id       Core_Id         Tile_Id         Package_Id      Core_Type   Native_CPU_Model
-1              0               0               
 8               0               OS_Processor    Thread_Id       Core_Id         Tile_Id         Package_Id      Core_Type   Native_CPU_Model
6               -1              
1               0               0               0               
6               invalid0               0               6               6               0                0               0               6               0               6                invalid0               0               6               6                 0               invalid6               0                 invalid 0               invalid    invalid                         -1                   
     9               -1                  0               
 -1                1               -1              1               
 -1              9               
0               7               -1              
1               1               1               0               
7               invalid1               0               7               7               0                0               invalid1                1               7                0               0               0                7               invalid7                invalid 7                7                  0                0                  invalid invalid                    -1                   
 2                 -1                0                 
  2               -1               10              -1               2               
 0               
 0               8                2               2               -1              invalid0               -1              10              0               
 0               
1               2               8                8               8               invalid2               0                1               0                0               0                invalid0                invalid8                 8                 1                 1                 invalid  invalid               -1                   -1                
 
 11                  3               0                -1                0               3                
  3               11              -1              3                 3               1               
0               -1               0               invalid9               3               
 invalid 0               3               9               -1                1               0               0               
  9               invalid1               9                 1                9               0                 invalid 1               1                   invalid9                    1                    invalid       -1                  -1              
    
12                  4               0                -1                0               4                
  4               12              -1              4                 4               1               
0               -1               0               invalid10              4               
 -1              invalid
  10               0                0               4                 10              2               2                Number of physical cores: 0                10              Number of physical cores: 0               10               invalid 161               2               161                  
invalid10              
invalid   Number of logical cores:  1               Number of logical cores:     16 invalid16  -1               
  5                
0               -1                Number of online logical cores:  5               

 Number of online logical cores:   16 5               13               16  
 0               0                
 -1              Threads (logical cores) per physical core:  invalid5                Threads (logical cores) per physical core:  
1  13               1 5               
  1                
 0               Num sockets:   invalid-1              Num sockets:  5               2   
211              -1              5               
   
0               
0               Physical cores per socket: -1                Physical cores per socket: 3               11              invalid8
  811              0                
11                
1               3                Last level cache slices per socket: 0                 Last level cache slices per socket: invalid11               03               -1               0 1                
11              
 
 invalid Core PMU (perfmon) version: 1               6                Core PMU (perfmon) version:    4invalid0               -1              4   
 6               

Number of core PMU generic (programmable) counters:  8  
   Width of generic (programmable) counters: Number of core PMU generic (programmable) counters:     486               8 14              -1                 bits
0               
-1              0               
  Number of core PMU fixed counters: invalidWidth of generic (programmable) counters: 
6               6                 3 4812              14              0                 
  bits
0               1               6                -1              Width of fixed counters:  Number of core PMU fixed counters: 4               invalid6                
48 312               0                12               bits
 
1                invalid-1              0               Nominal core frequency:  Width of fixed counters: invalid  
4               2100000000 48        12                12               1                Hz
0                    bits
invalidIBRS enabled in the kernel   : 4                   Nominal core frequency:  no12               -1               -1              2100000000 
1                
 
 Hz
15               STIBP enabled in the kernel  : invalid 7               -1              IBRS enabled in the kernel   : 0                no  0               
no7                
 -1              7               13              
15               The processor is not susceptible to Rogue Data Cache Load:  
7               0               STIBP enabled in the kernel  : 1                no 7               0               5               noinvalid 
 0               invalid13              
  The processor supports enhanced IBRS                     :  7                1               The processor is not susceptible to Rogue Data Cache Load:  -1              no 7                invalidno 

 0                 
 13              
=====  Processor topology  =====
 invalid  The processor supports enhanced IBRS                     :  0               OS_Processor    Thread_Id       Core_Id         Tile_Id         Package_Id      Core_Type   Native_CPU_Model
-1                 no 5               0               
   
 13              0               13                 
=====  Processor topology  =====
OS_Processor    Thread_Id       Core_Id         Tile_Id         Package_Id      Core_Type   Native_CPU_Model
 0                1               0               -1              0               invalid0               0               
0                 0                5               =====  Placement on packages  =====
 0                 0                13              Package Id.    Core Id.     Processors
 invalid  invalid-1              1               0                   
invalid0     8                ,-1                  0                1
 -1                0                ,14               
  8                20                8                 1                ,6                0               -1               invalid 314               0               
   ,1                8               14                 4invalid-1              1               0               -1                , 
invalid6               
 -1              5  14              1               1                
,  1               0               0                14              6  invalid1               1                 0                6               ,-1              14                7 
1                 
1                0               1               9               invalid  1               invalid0               0                  0  invalid1                 -1              ,   9                 
1   1                 15              ,-1                invalid  0               2
     7               ,9                    15              30                   -1              1               ,1                   
invalid49                  -1              15               ,1               -1                
0                5invalid
-1                15               0               7               -1              7                15              
,15                1               10              2               61               
  invalid0               0               ,invalid 2                 2               2               7  0                 10              2               
  2                 1               0               
=====  Core/Tile sharing  =====
  2                 invalidinvalidLevel      Processors
Core        -1              0                   ( 
invalid    0 =====  Placement on packages  =====
     ) Package Id.    Core Id.     Processors
 -1                 ( 0               
 -1               
  =====  Placement on packages  =====
 1 Package Id.    Core Id.     Processors
  )0 0               -1               10              (, 0 
-1              0               21 , =====  Placement on packages  =====

2               ),-1              1 Package Id.    Core Id.     Processors
11              10              (2
, 0              0               1               3,3               2 03               invalid)30               ,-1              ,11              1                invalid (  ,4 3                3               34)
  10               ,,( 3                ,invalid455 0                2 ,,) 3                , 56( 3                3 ,,6 0               -1              , 67) invalid
4 ,
(-1               11              , 71              7
 0               5 
0)12               3               , 1              ,(0                11              6 0184                1               ,7-1              

,1              4               ,10)0               212              ,1                ,(invalid4               ,2invalid 19 4               3,  ,) 0               ,3  2( invalid4, -1              ,10  ,4 
3)  5, 4               ,(  ,5 0               411  6, 4               ,)  ,6 4               5(  7, 0               ,12-1               
7-1              invalid6,)7(

13 12              
=====  Core/Tile sharing  =====

=====  Core/Tile sharing  =====
) 
0               Level      Processors
Core       
Level      Processors
Core       ( -1              
=====  Core/Tile sharing  =====
4               ((13              14 
Level      Processors
Core       12              000               ) 5               (1               ))5               ( 0               0invalid((13              15 5               ) 111               ) 5               ( ))invalid
Tile / L2$  0               1 (( ( invalid) 22 0  (2 ) )( )(3  ()3)-1                 3()(
 -1               )1(45                
 ()4)0                13               4()(5                0                )2(55                5                ()5)0               invalid-1               
13               14               1                50                (invalid ))6               (-1              3  ((14              6
)  661               )6               (  ))invalid(0               4  (( 76               )  77 )6               ( -1              )) (0               5 
(( 8invalid) 6               88 ) ( 0               )) ( 6-1              6               (( 9 )
6               99 ) (14              0               )) ( 70               invalid((-1              10  ) (6                8 14              -1              10) 101               

)() )invalid7               15              (9( ( 0               0               11)11 11 7               7               )() ) 7               15              (10( ( 0               1               12)12 12 invalidinvalid)() )   (11(-1              (   13)13
13   )()7               )   (12(0               (-1                14)147               14
  )()7               )15                (13)((150               14)(invalid)0               
Tile / L2$ 15  ( 7               (15)  15 15              0)
Tile / L2$ -1               )-1              1               )
Tile / L2$ (
 

invalid((08                
=====  Placement on packages  =====
 Package thermal spec power: 10)0                Package Id.    Core Id.     Processors
 0))(0                0                Watt; ((18                0 Package minimum power: 21)1                , 0))(invalid -1               
1 8                ,  Watt; 0                (2 (Package maximum power: 0               2 3, 208               ) )3 ) Watt;
1               (-1              (, (invalid3
44 3 )=====  Placement on packages  =====
),-1              ) (Package Id.    Core Id.     Processors
(5
( 40              5,9               4 )0)60               ) (,(,1               ( 51679               5 ),)
1               ) (2(1              invalid( 6,70 6-1              )3), )
(,(1  ( 79                0               7) 41               )8( ,,9               
()8 251               8()-1              ,,invalid)9(
Can't open MCFG table. Check permission of 36 ()910              /sys/firmware/acpi/tables/MCFG,, 9()0               
47 )10(2               Can't open MCFG table. Check permission of ,
 (10))((10111110              )))/sys/firmware/acpi/tables/MCFG1(1               5((1              12
invalid11,12)Can't open MCFG table. Check permission of 0 )6)(/pcm/sys/firmware/acpi/tables/MCFG, ( ,(13
1 127 13)Can't open MCFG table. Check permission of , )
 )(/pcm/sys/firmware/acpi/tables/MCFG12 (
=====  Core/Tile sharing  =====
 (14
, 13Level      Processors
Core        14)3 )()(-1              , (0(15
4 10              14WARNING: enumeration of devices in UncorePMUDiscovery failed
)15),-1              0               )()
5
2               (1

,11              10              15)
6Package thermal spec power: 0               1               )(,Package thermal spec power: 03               invalid
270 Watt; 11               
)
 Watt; Package minimum power: 1                (Package thermal spec power: 
=====  Core/Tile sharing  =====
Package minimum power: 0invalid  3 )0 (Level      Processors
Core        Watt;  04( Watt; Package minimum power:    Watt; )INFO: Linux perf interface to program uncore PMUs is 0Package maximum power: 0  Package maximum power: (present
)0 Watt;  -1              05INFO: using Linux perf interface to program uncore PMUs because env variable PCM_USE_UNCORE_PERF=1
( Watt;
Package maximum power:  
 Watt;
)INFO: Secure Boot detected. Using Linux perf for uncore PMU programming.
10 11              () Watt;
 0               6( 3               )2 11              () 1               7(-1              invalid)3
 ()12               8(0                )44                ()12               9(1                )5invalid ()  10(  )6 -1              () 
11( 12              )7 0               () 4               12( 12              )8 1               ()-1              invalid13(
 )
913              
 ()0               
 14)((105               15)Can't open MCFG table. Check permission of )13               (/sys/firmware/acpi/tables/MCFGCan't open MCFG table. Check permission of 
Tile / L2$ 1               Can't open MCFG table. Check permission of  11
/sys/firmware/acpi/tables/MCFG(invalid/sys/firmware/acpi/tables/MCFG )Can't open MCFG table. Check permission of 
0 
 (/sys/firmware/acpi/tables/MCFG1Can't open MCFG table. Check permission of ) Can't open MCFG table. Check permission of  12
/sys/firmware/acpi/tables/MCFG1( /sys/firmware/acpi/tables/MCFG1 )Can't open MCFG table. Check permission of 
1 
-1              (/pcm/sys/firmware/acpi/tables/MCFGCan't open MCFG table. Check permission of ) Can't open MCFG table. Check permission of 
13
/pcm/sys/firmware/acpi/tables/MCFG( /pcm/sys/firmware/acpi/tables/MCFG13              )Can't open MCFG table. Check permission of 
2 
0               (/pcm/sys/firmware/acpi/tables/MCFG1Can't open MCFG table. Check permission of ) Can't open MCFG table. Check permission of 5               14
/pcm/sys/firmware/acpi/tables/MCFG1( /pcm/sys/firmware/acpi/tables/MCFG113              )
3-1              
1               ()
invalid15WARNING: enumeration of devices in UncorePMUDiscovery failed
(14               )40                
Tile / L2$ WARNING: enumeration of devices in UncorePMUDiscovery failed
)6               WARNING: enumeration of devices in UncorePMUDiscovery failed
 ((14               051                ))invalid ((  16  ))  (( -1              27 
)) 14              (( 0               38 6               14              )1               ()invalid4 ( INFO: Linux perf interface to program uncore PMUs is )-1              INFO: Linux perf interface to program uncore PMUs is 9 INFO: Linux perf interface to program uncore PMUs is present
(INFO: using Linux perf interface to program uncore PMUs because env variable PCM_USE_UNCORE_PERF=1

present
) present
5INFO: Secure Boot detected. Using Linux perf for uncore PMU programming.
15              INFO: using Linux perf interface to program uncore PMUs because env variable PCM_USE_UNCORE_PERF=1
( INFO: using Linux perf interface to program uncore PMUs because env variable PCM_USE_UNCORE_PERF=1
)0               INFO: Secure Boot detected. Using Linux perf for uncore PMU programming.
10 INFO: Secure Boot detected. Using Linux perf for uncore PMU programming.
(67               ) )15              ( (1               11 7invalid) ) (-1              ( 12
8 )15              ) (0               ( 137               9 )15              ) (1               ( 14invalid10 ) )-1              ( (
15 11=====  Placement on packages  =====
) )Package Id.    Core Id.     Processors

 (0              
 120 Package thermal spec power: ), 0(1  Watt; 13,-1              Package minimum power: )2
0(,=====  Placement on packages  =====
 Watt; 143Package Id.    Core Id.     Processors
Package maximum power: ),0              0(40,, Watt;
51,15,6Socket 2),,0
73: 

,21              4Package thermal spec power:  memory controllers detected with total number of 0,06,5 Watt;  channels. 1,Package minimum power: 2,60 2, Watt; UPI,7Package maximum power:  ports detected.3
0 ,1               Watt;
240 M2M (mesh to memory) blocks detected. ,,051 Home Agents detected. ,,262 M3UPI blocks detected.
,,73
,
=====  Core/Tile sharing  =====
4Level      Processors
Core       ,(50,)6(,17)
(
=====  Core/Tile sharing  =====
2Level      Processors
Core       )((0
3))((14))((25Can't open MCFG table. Check permission of ))/sys/firmware/acpi/tables/MCFG((
36Can't open MCFG table. Check permission of ))/sys/firmware/acpi/tables/MCFG1((
47Can't open MCFG table. Check permission of ))/pcm/sys/firmware/acpi/tables/MCFG((
58Can't open MCFG table. Check permission of ))/pcm/sys/firmware/acpi/tables/MCFG1((
69
))((710))(WARNING: enumeration of devices in UncorePMUDiscovery failed
(811)Can't open MCFG table. Check permission of )(/sys/firmware/acpi/tables/MCFG(129))
((Can't open MCFG table. Check permission of INFO: Linux perf interface to program uncore PMUs is 1310/sys/firmware/acpi/tables/MCFG1present
))
INFO: using Linux perf interface to program uncore PMUs because env variable PCM_USE_UNCORE_PERF=1
((Can't open MCFG table. Check permission of INFO: Secure Boot detected. Using Linux perf for uncore PMU programming.
1411/pcm/sys/firmware/acpi/tables/MCFG))
((Can't open MCFG table. Check permission of 1512/pcm/sys/firmware/acpi/tables/MCFG1))

Tile / L2$ ((130))((141))((152WARNING: enumeration of devices in UncorePMUDiscovery failed
))
Tile / L2$ ((30))((41))((52))((63))((74))((85))((96))((107))((118))((129))((1310))((1411))((1512))
(
13)(Package thermal spec power: 140) Watt; (Package minimum power: 150) Watt; 
Package maximum power: 
0 Watt;
Package thermal spec power: 0 Watt; Package minimum power: 0
 Watt; Package maximum power: INFO: Linux perf interface to program uncore PMUs is 0present
 Watt;
INFO: using Linux perf interface to program uncore PMUs because env variable PCM_USE_UNCORE_PERF=1
INFO: Secure Boot detected. Using Linux perf for uncore PMU programming.
Can't open MCFG table. Check permission of /sys/firmware/acpi/tables/MCFG
Can't open MCFG table. Check permission of /sys/firmware/acpi/tables/MCFG1
Can't open MCFG table. Check permission of /pcm/sys/firmware/acpi/tables/MCFG
Can't open MCFG table. Check permission of /pcm/sys/firmware/acpi/tables/MCFG1
WARNING: enumeration of devices in UncorePMUDiscovery failed

Can't open MCFG table. Check permission of /sys/firmware/acpi/tables/MCFG
Can't open MCFG table. Check permission of /sys/firmware/acpi/tables/MCFG1
Can't open MCFG table. Check permission of /pcm/sys/firmware/acpi/tables/MCFG
Can't open MCFG table. Check permission of /pcm/sys/firmware/acpi/tables/MCFG1
WARNING: enumeration of devices in UncorePMUDiscovery failed
Socket 0Socket : 0Socket 2: INFO: Linux perf interface to program uncore PMUs is 0 memory controllers detected with total number of INFO: Linux perf interface to program uncore PMUs is 2present
: 6present
 memory controllers detected with total number of INFO: using Linux perf interface to program uncore PMUs because env variable PCM_USE_UNCORE_PERF=1
2 channels. INFO: using Linux perf interface to program uncore PMUs because env variable PCM_USE_UNCORE_PERF=1
6INFO: Secure Boot detected. Using Linux perf for uncore PMU programming.
 memory controllers detected with total number of 2INFO: Secure Boot detected. Using Linux perf for uncore PMU programming.
 channels. 6 2 channels. UPI 2 ports detected.UPI   ports detected.UPI2  ports detected. M2M (mesh to memory) blocks detected. 2 0 M2M (mesh to memory) blocks detected. 2 Home Agents detected. 0 M2M (mesh to memory) blocks detected. 2 Home Agents detected. 0 M3UPI blocks detected.
2 Home Agents detected.  M3UPI blocks detected.
2 M3UPI blocks detected.
Socket 1: 2 memory controllers detected with total number of 6 channels. 2 UPI ports detected. 2 M2M (mesh to memory) blocks detected. 0 Home Agents detected. 2 M3UPI blocks detected.
Socket 0: 2 memory controllers detected with total number of 6 channels. 2 UPI ports detected. 2 M2M (mesh to memory) blocks detected. 0 Home Agents detected. 2 M3UPI blocks detected.
Socket 0: 2 memory controllers detected with total number of 6 channels. 2 UPI ports detected. 2 M2M (mesh to memory) blocks detected. 0 Home Agents detected. 2 M3UPI blocks detected.
Socket 0: 2 memory controllers detected with total number of 6 channels. 2 UPI ports detected. 2 M2M (mesh to memory) blocks detected. 0 Home Agents detected. 2 M3UPI blocks detected.
Socket 0Socket : 21Socket  memory controllers detected with total number of : Socket 1621:  channels.  memory controllers detected with total number of : 2262 memory controllers detected with total number of   channels.  memory controllers detected with total number of 6UPI26 channels.  ports detected.  channels. 2 UPI2 2 ports detected. UPI M2M (mesh to memory) blocks detected.  UPI ports detected.02 ports detected.  Home Agents detected.  M2M (mesh to memory) blocks detected.  2202 M2M (mesh to memory) blocks detected.  M3UPI blocks detected.
 Home Agents detected.  M2M (mesh to memory) blocks detected. 020 Home Agents detected.  M3UPI blocks detected.
 Home Agents detected. 22 M3UPI blocks detected.
 M3UPI blocks detected.
Socket 1: 2 memory controllers detected with total number of 6 channels. 2 UPI ports detected. 2 M2M (mesh to memory) blocks detected. 0 Home Agents detected. 2 M3UPI blocks detected.
Socket 1: 2 memory controllers detected with total number of 6 channels. 2 UPI ports detected. 2 M2M (mesh to memory) blocks detected. 0 Home Agents detected. 2 M3UPI blocks detected.
Socket 1: 2 memory controllers detected with total number of 6 channels. 2 UPI ports detected. 2 M2M (mesh to memory) blocks detected. 0 Home Agents detected. 2 M3UPI blocks detected.
Socket 1: 2 memory controllers detected with total number of 6 channels. 2 UPI ports detected. 2 M2M (mesh to memory) blocks detected. 0 Home Agents detected. 2 M3UPI blocks detected.
INFO: using Linux resctrl driver for RDT metrics (L3OCC, LMB, RMB) because environment variable PCM_USE_RESCTRL=1
ERROR: /sys/fs/resctrl is not mounted
ERROR: RDT metrics (L3OCC,LMB,RMB) will not be available
Mount it to make it work: mount -t resctrl resctrl /sys/fs/resctrl

 Closed perf event handles
Trying to use Linux perf events...
INFO: using Linux resctrl driver for RDT metrics (L3OCC, LMB, RMB) because environment variable PCM_USE_RESCTRL=1
ERROR: /sys/fs/resctrl is not mounted
ERROR: RDT metrics (L3OCC,LMB,RMB) will not be available
Mount it to make it work: mount -t resctrl resctrl /sys/fs/resctrl
INFO: using Linux resctrl driver for RDT metrics (L3OCC, LMB, RMB) because environment variable PCM_USE_RESCTRL=1
INFO: using Linux resctrl driver for RDT metrics (L3OCC, LMB, RMB) because environment variable PCM_USE_RESCTRL=1
ERROR: /sys/fs/resctrl is not mounted
ERROR: RDT metrics (L3OCC,LMB,RMB) will not be available
Mount it to make it work: mount -t resctrl resctrl /sys/fs/resctrl
ERROR: /sys/fs/resctrl is not mounted
ERROR: RDT metrics (L3OCC,LMB,RMB) will not be available
Mount it to make it work: mount -t resctrl resctrl /sys/fs/resctrl
INFO: using Linux resctrl driver for RDT metrics (L3OCC, LMB, RMB) because environment variable PCM_USE_RESCTRL=1
ERROR: /sys/fs/resctrl is not mounted
ERROR: RDT metrics (L3OCC,LMB,RMB) will not be available
Mount it to make it work: mount -t resctrl resctrl /sys/fs/resctrl

INFO: using Linux resctrl driver for RDT metrics (L3OCC, LMB, RMB) because environment variable PCM_USE_RESCTRL=1


ERROR: /sys/fs/resctrl is not mounted
ERROR: RDT metrics (L3OCC,LMB,RMB) will not be available
Mount it to make it work: mount -t resctrl resctrl /sys/fs/resctrl
INFO: using Linux resctrl driver for RDT metrics (L3OCC, LMB, RMB) because environment variable PCM_USE_RESCTRL=1
ERROR: /sys/fs/resctrl is not mounted
ERROR: RDT metrics (L3OCC,LMB,RMB) will not be available
Mount it to make it work: mount -t resctrl resctrl /sys/fs/resctrl

 Closed perf event handles
Trying to use Linux perf events...
 Closed perf event handles
Trying to use Linux perf events...
 Closed perf event handles
Trying to use Linux perf events...

INFO: using Linux resctrl driver for RDT metrics (L3OCC, LMB, RMB) because environment variable PCM_USE_RESCTRL=1
ERROR: /sys/fs/resctrl is not mounted
ERROR: RDT metrics (L3OCC,LMB,RMB) will not be available
Mount it to make it work: mount -t resctrl resctrl /sys/fs/resctrl

 Closed perf event handles
Trying to use Linux perf events...
 Closed perf event handles
Trying to use Linux perf events...
 Closed perf event handles
Trying to use Linux perf events...
Successfully programmed on-core PMU using Linux perf

 Closed perf event handles
Trying to use Linux perf events...
Successfully programmed on-core PMU using Linux perf
Successfully programmed on-core PMU using Linux perf
Successfully programmed on-core PMU using Linux perf
Successfully programmed on-core PMU using Linux perf
Successfully programmed on-core PMU using Linux perf
Successfully programmed on-core PMU using Linux perf
Successfully programmed on-core PMU using Linux perf
Socket 0
Max UPI link 0 speed: 2.3 GBytes/second (1.0 GT/second)
Max UPI link 1 speed: 2.3 GBytes/second (1.0 GT/second)
Socket 1
Max UPI link 0 speed: 2.3 GBytes/second (1.0 GT/second)
Max UPI link 1 speed: 2.3 GBytes/second (1.0 GT/second)

Detected Intel(R) Xeon(R) Silver 4208 CPU @ 2.10GHz "Intel(r) microarchitecture codename Cascade Lake-SP" stepping 7

Executing "./VE/ior-main/src/ior" command:
Socket 0
Max UPI link 0 speed: 2.4 GBytes/second (1.1 GT/second)
Max UPI link 1 speed: 2.4 GBytes/second (1.1 GT/second)
Socket 1
Max UPI link 0 speed: 2.4 GBytes/second (1.1 GT/second)
Max UPI link 1 speed: 2.4 GBytes/second (1.1 GT/second)

Detected Intel(R) Xeon(R) Silver 4208 CPU @ 2.10GHz "Intel(r) microarchitecture codename Cascade Lake-SP" stepping 7

Executing "./VE/ior-main/src/ior" command:
Socket 0
Max UPI link 0 speed: 2.6 GBytes/second (1.2 GT/second)
Max UPI link 1 speed: 2.6 GBytes/second (1.2 GT/second)
Socket 1
Max UPI link 0 speed: 2.5 GBytes/second (1.1 GT/second)
Max UPI link 1 speed: 2.5 GBytes/second (1.1 GT/second)

Detected Intel(R) Xeon(R) Silver 4208 CPU @ 2.10GHzSocket  "Intel(r) microarchitecture codename Cascade Lake-SP" stepping 70

Max UPI link 0 speed: 2.3 GBytes/second (1.0 GT/second)
Max UPI link 1 speed: 2.3 GBytes/second (1.0 GT/second)
Socket 1
Max UPI link 0 speed: 2.4 GBytes/second (1.1 GT/second)
Max UPI link 1 speed: 2.4 GBytes/second (1.1 GT/second)

Detected Intel(R) Xeon(R) Silver 4208 CPU @ 2.10GHz "Intel(r) microarchitecture codename Cascade Lake-SP" stepping 7

Executing "./VE/ior-main/src/ior" command:

Executing "./VE/ior-main/src/ior" command:
Socket 0
Max UPI link 0 speed: 2.4 GBytes/second (1.1 GT/second)
Max UPI link 1 speed: 2.4 GBytes/second (1.1 GT/second)
Socket 1
Max UPI link 0 speed: 2.1 GBytes/second (0.9 GT/second)
Max UPI link 1 speed: 2.1 GBytes/second (0.9 GT/second)

Detected Intel(R) Xeon(R) Silver 4208 CPU @ 2.10GHz "Intel(r) microarchitecture codename Cascade Lake-SP" stepping 7

Executing "./VE/ior-main/src/ior" command:
Socket 0
Max UPI link 0 speed: 2.5 GBytes/second (1.1 GT/second)
Max UPI link 1 speed: 2.5 GBytes/second (1.1 GT/second)
Socket 1
Max UPI link 0 speed: 2.6 GBytes/second (1.2 GT/second)
Max UPI link 1 speed: 2.6 GBytes/second (1.2 GT/second)

Detected Intel(R) Xeon(R) Silver 4208 CPU @ 2.10GHz "Intel(r) microarchitecture codename Cascade Lake-SP" stepping 7

Executing "./VE/ior-main/src/ior" command:
Socket 0
Max UPI link 0 speed: 2.5 GBytes/second (1.1 GT/second)
Max UPI link 1 speed: 2.5 GBytes/second (1.1 GT/second)
Socket 1
Max UPI link 0 speed: 2.6 GBytes/second (1.2 GT/second)
Max UPI link 1 speed: 2.6 GBytes/second (1.2 GT/second)

Detected Intel(R) Xeon(R) Silver 4208 CPU @ 2.10GHz "Intel(r) microarchitecture codename Cascade Lake-SP" stepping 7

Executing "./VE/ior-main/src/ior" command:
Socket 0
Max UPI link 0 speed: 2.5 GBytes/second (1.1 GT/second)
Max UPI link 1 speed: 2.5 GBytes/second (1.1 GT/second)
Socket 1
Max UPI link 0 speed: 2.4 GBytes/second (1.1 GT/second)
Max UPI link 1 speed: 2.4 GBytes/second (1.1 GT/second)

Detected Intel(R) Xeon(R) Silver 4208 CPU @ 2.10GHz "Intel(r) microarchitecture codename Cascade Lake-SP" stepping 7

Executing "./VE/ior-main/src/ior" command:
IOR-4.1.0+dev: MPI Coordinated Test of Parallel I/O
Began               : Thu Mar 21 18:48:08 2024
Command line        : ./VE/ior-main/src/ior -t 1m -b 8m -s 8 -o hpl_test -F
Machine             : Linux muffin
TestID              : 0
StartTime           : Thu Mar 21 18:48:08 2024
Path                : hpl_test.00000000
FS                  : 79.0 TiB   Used FS: 12.7%   Inodes: 16179.2 Mi   Used Inodes: 0.2%

Options: 
api                 : POSIX
apiVersion          : 
test filename       : hpl_test
access              : file-per-process
type                : independent
segments            : 8
ordering in a file  : sequential
ordering inter file : no tasks offsets
nodes               : 1
tasks               : 8
clients per node    : 8
memoryBuffer        : CPU
dataAccess          : CPU
GPUDirect           : 0
repetitions         : 1
xfersize            : 1 MiB
blocksize           : 8 MiB
aggregate filesize  : 512 MiB

Results: 

access    bw(MiB/s)  IOPS       Latency(s)  block(KiB) xfer(KiB)  open(s)    wr/rd(s)   close(s)   total(s)   iter
------    ---------  ----       ----------  ---------- ---------  --------   --------   --------   --------   ----
write     11.16      152.84     0.009220    8192       1024.00    3.31       3.35       45.82      45.89      0   
read      89.44      89.49      0.715167    8192       1024.00    0.004980   5.72       5.69       5.72       0   

Summary of all tests:
Operation   Max(MiB)   Min(MiB)  Mean(MiB)     StdDev   Max(OPs)   Min(OPs)  Mean(OPs)     StdDev    Mean(s) Stonewall(s) Stonewall(MiB) Test# #Tasks tPN reps fPP reord reordoff reordrand seed segcnt   blksiz    xsize aggs(MiB)   API RefNum
write          11.16      11.16      11.16       0.00      11.16      11.16      11.16       0.00   45.88511         NA            NA     0      8   8    1   1     0        1         0    0      8  8388608  1048576     512.0 POSIX      0
read           89.44      89.44      89.44       0.00      89.44      89.44      89.44       0.00    5.72456         NA            NA     0      8   8    1   1     0        1         0    0      8  8388608  1048576     512.0 POSIX      0
Finished            : Thu Mar 21 18:49:00 2024
DEBUG: caught signal to interrupt (Child exited).
Cleaning up
 Closed perf event handles
DEBUG: caught signal to interrupt (Child exited).
Cleaning up
DEBUG: caught signal to interrupt (Child exited).
Cleaning up
 Closed perf event handles
 Closed perf event handles
DEBUG: caught signal to interrupt (Child exited).
Cleaning up
DEBUG: caught signal to interrupt (Child exited).
Cleaning up
 Closed perf event handles
DEBUG: caught signal to interrupt (Child exited).
Cleaning up
 Closed perf event handles
 Closed perf event handles
 Zeroed uncore PMU registers
 Zeroed uncore PMU registers
 Zeroed uncore PMU registers
 Zeroed uncore PMU registers
 Zeroed uncore PMU registers
 Zeroed uncore PMU registers
DEBUG: caught signal to interrupt (Child exited).
Cleaning up
 Closed perf event handles
DEBUG: caught signal to interrupt (Child exited).
Cleaning up
 Closed perf event handles
 Zeroed uncore PMU registers
 Zeroed uncore PMU registers
	Command being timed: "/opt/nec/ve/bin/mpirun -n 8 /usr/sbin/pcm 0.1 -csv=./output/4/ve_IOR_0_4.csv -- ./VE/ior-main/src/ior -t 1m -b 8m -s 8 -o hpl_test -F"
	User time (seconds): 3.03
	System time (seconds): 1.93
	Percent of CPU this job got: 9%
	Elapsed (wall clock) time (h:mm:ss or m:ss): 0:53.40
	Average shared text size (kbytes): 0
	Average unshared data size (kbytes): 0
	Average stack size (kbytes): 0
	Average total size (kbytes): 0
	Maximum resident set size (kbytes): 141552
	Average resident set size (kbytes): 0
	Major (requiring I/O) page faults: 0
	Minor (reclaiming a frame) page faults: 5820
	Voluntary context switches: 73767
	Involuntary context switches: 5261
	Swaps: 0
	File system inputs: 0
	File system outputs: 5568
	Socket messages sent: 0
	Socket messages received: 0
	Signals delivered: 0
	Page size (bytes): 4096
	Exit status: 0
