
 Intel(r) Performance Counter Monitor (2022-11-24 10:18:12 +0100 ID=1b16bb4e)


PCM Info: setrlimit for file limit 1000000 failed with error Operation not permitted

=====  Processor information  =====

 Intel(r) Performance Counter Monitor (2022-11-24 10:18:12 +0100 ID=1b16bb4e)

 Intel(r) Performance Counter Monitor 

(2022-11-24 10:18:12 +0100 ID=1b16bb4e)
 Intel(r) Performance Counter Monitor 

 Intel(r) Performance Counter Monitor (2022-11-24 10:18:12 +0100 ID=1b16bb4e)
(2022-11-24 10:18:12 +0100 ID=1b16bb4e)





PCM Info: setrlimit for file limit 
1000000 failed with error PCM Info: setrlimit for file limit PCM Info: setrlimit for file limit Operation not permitted10000001000000
PCM Info: setrlimit for file limit  failed with error 
 failed with error 1000000Operation not permitted Intel(r) Performance Counter Monitor  failed with error Operation not permitted
=====  Processor information  =====

(2022-11-24 10:18:12 +0100 ID=1b16bb4e)
Operation not permitted




=====  Processor information  =====

=====  Processor information  =====

=====  Processor information  =====
PCM Info: setrlimit for file limit 1000000 failed with error Operation not permitted

=====  Processor information  =====

 Intel(r) Performance Counter Monitor (2022-11-24 10:18:12 +0100 ID=1b16bb4e)


PCM Info: setrlimit for file limit 1000000 failed with error Operation not permitted
Linux arch_perfmon flag  : yesLinux arch_perfmon flag  : 
yesLinux arch_perfmon flag  : Hybrid processor         : 
noyes
=====  Processor information  =====
Hybrid processor         : 
Linux arch_perfmon flag  : 
noIBRS and IBPB supported  : 
yesHybrid processor         : 
yes Intel(r) Performance Counter Monitor 
noIBRS and IBPB supported  : 
(2022-11-24 10:18:12 +0100 ID=1b16bb4e)Hybrid processor         : 
yesSTIBP supported          : 
noIBRS and IBPB supported  : 
yes

yesSTIBP supported          : 

IBRS and IBPB supported  : 
yesSpec arch caps supported : yesSTIBP supported          : 
yes
yesSpec arch caps supported : PCM Info: setrlimit for file limit 
STIBP supported          : 
yes1000000Max CPUID level          : yesSpec arch caps supported : 
 failed with error 22
yesMax CPUID level          : Linux arch_perfmon flag  : 
Operation not permittedSpec arch caps supported : 
22yesCPU model number         : 
yesMax CPUID level          : 

85
22CPU model number         : Hybrid processor         : 
Max CPUID level          : 
=====  Processor information  =====

85no22CPU model number         : 


85IBRS and IBPB supported  : yesCPU model number         : 

85STIBP supported          : 
yes
Spec arch caps supported : yes
Max CPUID level          : 22
CPU model number         : 85
Linux arch_perfmon flag  : yes
Hybrid processor         : no
IBRS and IBPB supported  : yes
STIBP supported          : yes
Spec arch caps supported : yes
Max CPUID level          : 22
CPU model number         : 85
Linux arch_perfmon flag  : yes
Hybrid processor         : no
IBRS and IBPB supported  : yes
STIBP supported          : yes
Spec arch caps supported : yes
Max CPUID level          : 22
CPU model number         : 85
Linux arch_perfmon flag  : yes
Hybrid processor         : no
IBRS and IBPB supported  : yes
STIBP supported          : yes
Spec arch caps supported : yes
Max CPUID level          : 22
CPU model number         : 85
Number of physical cores: 16
Number of logical cores: 16
Number of online logical cores: 16
Threads (logical cores) per physical core: 1
Num sockets: 2
Physical cores per socket: 8
Last level cache slices per socket: 0
Core PMU (perfmon) version: 4
Number of core PMU generic (programmable) counters: 8
Width of generic (programmable) counters: 48 bits
Number of core PMU fixed counters: 3
Width of fixed counters: Number of physical cores: 48 bits
Number of physical cores: Nominal core frequency: 162100000000Number of physical cores: 
 Hz
16Number of physical cores: Number of logical cores: IBRS enabled in the kernel   : 
Number of physical cores: 1616noNumber of logical cores: Number of physical cores: 16


1616
Number of logical cores: Number of online logical cores: STIBP enabled in the kernel  : 
16
Number of logical cores: 1616noNumber of online logical cores: 
Number of logical cores: 16


16Number of logical cores: 16
Number of online logical cores: Threads (logical cores) per physical core: The processor is not susceptible to Rogue Data Cache Load: 
16
Number of online logical cores: 161noThreads (logical cores) per physical core: 
Number of online logical cores: 16


1Number of online logical cores: 16
Threads (logical cores) per physical core: Num sockets: The processor supports enhanced IBRS                     : 
16
Threads (logical cores) per physical core: 12noNum sockets: 
Threads (logical cores) per physical core: 1



=====  Processor topology  =====
OS_Processor    Thread_Id       Core_Id         Tile_Id         Package_Id      Core_Type   Native_CPU_Model
0               0               0               0               0               invalid  2Threads (logical cores) per physical core: 1
Num sockets: Physical cores per socket:  
1
Num sockets: 28 Physical cores per socket: 
Num sockets: 2

 8Num sockets: 2
Physical cores per socket: Last level cache slices per socket:  
2
Physical cores per socket: 80 Last level cache slices per socket: 
Physical cores per socket: 8

 0Physical cores per socket: 8
Last level cache slices per socket: Core PMU (perfmon) version:  
8
Last level cache slices per socket: 04-1              Core PMU (perfmon) version: 
Last level cache slices per socket: 0


4Last level cache slices per socket: 0
Core PMU (perfmon) version: Number of core PMU generic (programmable) counters: 
1               0
Core PMU (perfmon) version: 48Number of core PMU generic (programmable) counters: 0               
Core PMU (perfmon) version: 4

81               Core PMU (perfmon) version: 4
Number of core PMU generic (programmable) counters: Width of generic (programmable) counters: 
1               4
Number of core PMU generic (programmable) counters: 848Width of generic (programmable) counters: 0               
Number of core PMU generic (programmable) counters: 8
 bits
48invalidNumber of core PMU generic (programmable) counters: 8
Width of generic (programmable) counters: Number of core PMU fixed counters:  bits
 8
Width of generic (programmable) counters: 483Number of core PMU fixed counters:  
Width of generic (programmable) counters: 48 bits

3 Width of generic (programmable) counters: 48 bits
Number of core PMU fixed counters: Width of fixed counters: 
 48 bits
Number of core PMU fixed counters: 348Width of fixed counters:   bits
Number of core PMU fixed counters: 3
 bits
48 Number of core PMU fixed counters: 3
Width of fixed counters: Nominal core frequency:  bits
 3
Width of fixed counters: 482100000000Nominal core frequency:  
Width of fixed counters: 48 bits
 Hz
2100000000 Width of fixed counters: 48 bits
Nominal core frequency: IBRS enabled in the kernel   :  Hz
-1              48 bits
Nominal core frequency: 2100000000noIBRS enabled in the kernel   : 
 bits
Nominal core frequency: 2100000000 Hz

no2               Nominal core frequency: 2100000000 Hz
IBRS enabled in the kernel   : STIBP enabled in the kernel  : 
0               2100000000 Hz
IBRS enabled in the kernel   : nonoSTIBP enabled in the kernel  : 2                Hz
IBRS enabled in the kernel   : no

no2               IBRS enabled in the kernel   : no
STIBP enabled in the kernel  : The processor is not susceptible to Rogue Data Cache Load: 
0               no
STIBP enabled in the kernel  : nonoThe processor is not susceptible to Rogue Data Cache Load: invalid
STIBP enabled in the kernel  : no

no STIBP enabled in the kernel  : no
The processor is not susceptible to Rogue Data Cache Load: The processor supports enhanced IBRS                     : 
 no
The processor is not susceptible to Rogue Data Cache Load: nonoThe processor supports enhanced IBRS                     :  
The processor is not susceptible to Rogue Data Cache Load: no

no The processor is not susceptible to Rogue Data Cache Load: no
The processor supports enhanced IBRS                     : 

=====  Processor topology  =====
 no
The processor supports enhanced IBRS                     : no
=====  Processor topology  =====
OS_Processor    Thread_Id       Core_Id         Tile_Id         Package_Id      Core_Type   Native_CPU_Model
 0               
The processor supports enhanced IBRS                     : no
OS_Processor    Thread_Id       Core_Id         Tile_Id         Package_Id      Core_Type   Native_CPU_Model
 0               The processor supports enhanced IBRS                     : no

=====  Processor topology  =====
0                0               no
OS_Processor    Thread_Id       Core_Id         Tile_Id         Package_Id      Core_Type   Native_CPU_Model

=====  Processor topology  =====
0                0               

=====  Processor topology  =====
0               OS_Processor    Thread_Id       Core_Id         Tile_Id         Package_Id      Core_Type   Native_CPU_Model
0               -1              0               
=====  Processor topology  =====
OS_Processor    Thread_Id       Core_Id         Tile_Id         Package_Id      Core_Type   Native_CPU_Model
0               0               0               
invalid3               OS_Processor    Thread_Id       Core_Id         Tile_Id         Package_Id      Core_Type   Native_CPU_Model
0               0               0               0                0               0               0               0               0               invalid 3               0               0               0               0                 3               0               0               invalid0                 0               0               0                invalid  invalid0               invalid     invalid                         -1                    
     -1               1                   
 0                 -1                1               1                 
-1              -1              0               1                -1              
1               
1               0               -1              
0               1               4               1               invalid
1               1               0               0               0                1               1               0               1               4               invalid 0               0               1               1               4                 invalid1               1               0               0                  1               0               invalidinvalid   0               invalid     invalid                         -1                    
 2                   -1               0                   
-1              2                   2               
2                 -1              -1              0               2               0                -1              

2               0               invalid-1              
2               5               2               2                
2               0               0               0               2                2               0               2               5               invalid0                0               2               2               5                invalid 2               2               0               0                  2               0               invalidinvalid   0               invalid     invalid                   -1                    
      3                   -1               0                   
-1              3                   3               
3                 -1              -1              0               3               0                -1              

3               0               invalid-1              
3               6               3               3                
3               0               0               0               3                3               0               3               6               invalid0                0               3               3               6                invalid 3               3               0               0                  3               0               invalidinvalid   0               invalid     invalid                   -1                    
      4                   -1               0                   
-1              4                   4               
4                 -1              -1              0               4               0                -1              

4               0               invalid-1              
4               7               4               4                
4               0               0               0               4                4               0               4               7               invalid0                0               4               4               7                invalid 4               4               0               0                  4               0               invalidinvalid   0               invalid     invalid                   -1                    
      5                   -1               0                   
-1              5                   5               
5                 -1              -1              0               5               0                -1              

5               0               invalid-1              
5               8               5               5                
5               0               0               0               5                5               0               5               0               invalid0                0               5               5               8                invalid 5               5               0               1                  5               0               invalidinvalid   0               invalid     invalid                   -1                    
      6                   -1               0                   
-1              6                   6               
6                 -1              -1              0               6               0                -1              

6               0               invalid-1              
6               9               6               6                
6               0               0               0               6                6               0               6               1               invalid0                0               6               6               9                invalid 6               6               0               1                  6               0               invalidinvalid   0               invalid     invalid                   -1                    
      7                   -1               0                   
-1              7                   7               
7                 -1              -1              0               7               0                -1              

7               0               invalid-1              
7               10              7               7                
7               0               0               0               7                7               0               7               2               invalid0                0               7               7               10               invalid 7               7               0               1                  7               0               invalidinvalid   0               invalid     invalid                   -1                    
      8                   -1               0                   
-1              0                   8               
8                 -1              -1              0               8               1                -1              

0               0               invalid-1              
8               11              8               0                
8               0               0               1               8                8               0               0               3               invalid1                0               0               8               11               invalid 0               8               1               1                  8               1               invalidinvalid   1               invalid     invalid                   -1                    
      9                   -1               0                   
-1              1                   9               
9                 -1              -1              0               9               1                -1              

1               0               invalid-1              
9               12              9               1                
9               0               0               1               9                9               0               1               4               invalid1                0               1               9               12               invalid 1               9               1               1                  9               1               invalidinvalid   1               invalid     invalid                   -1                    
      10                  -1               0                   
-1              2                   10              
10                -1              -1              0               10              1                -1              

2               0               invalid-1              
10              13              10              2                
10              0               0               1               10               10              0               2               5               invalid1                0               2               10              13               invalid 2               10              1               1                  10              1               invalidinvalid   1               invalid     invalid                   -1                    
      11                  -1               0                   
-1              3                   11              
11                -1              -1              0               11              1                -1              

3               0               invalid-1              
11              14              11              3                
11              0               0               1               11               11              0               3               6               invalid1                0               3               11              14               invalid 3               11              1               1                  11              1               invalidinvalid   1               invalid     invalid                   -1                    
      12                  -1               0                   
-1              4                   12              
12                -1              -1              0               12              1                -1              

4               0               invalid-1              
12              15              12              4                
12              0               0               1               12               12              0               4               7               invalid1                0               4               12              15               invalid 4               12              1               1                  12              1               invalidinvalid   1               invalid     invalid                   -1                    
      13                  -1               0                   
-1              5                   13              
13                -1              -1              0               13              1                -1              

5               0               invalid-1              
13              =====  Placement on packages  =====
13              5                
13              0               Package Id.    Core Id.     Processors
1               13               13              0               5               0              invalid1                0               5               13              0 invalid 5               13              1               ,   13              1               invalid1   1               invalid ,   invalid  2      ,      3  -1                 ,  
   4  14                 ,-1               0                  5
-1              6                  ,14              
14                -1              60               14              1                -1              
,6               0               invalid-1              
14              714              6                
14              0               
1               14               14              0               6               1              invalid1                0               6               14              0 invalid 6               14              1               ,   14              1               invalid1   1               invalid ,   invalid  2      ,      3  -1                 ,  
   4  15                 ,-1               0                  5
-1              7                  ,15              
15                -1              60               15              1                -1              
,7               0               invalid-1              
15              715              7                
15              0               
1               15               15              0               7               
=====  Core/Tile sharing  =====
invalid1                0               7               15              Level      Processors
Core        invalid 7               15              1               (   15              1               invalid0   1               invalid )   invalid  (      1      )  -1                 (  
   2  =====  Placement on packages  =====
   )-1               Package Id.    Core Id.     Processors
   (
-1              0                 3=====  Placement on packages  =====

0  -1              )Package Id.    Core Id.     Processors
=====  Placement on packages  =====
, -1              
(0              Package Id.    Core Id.     Processors
1-1              
=====  Placement on packages  =====
400              ,
=====  Placement on packages  =====
Package Id.    Core Id.     Processors
),02=====  Placement on packages  =====
Package Id.    Core Id.     Processors
0              (1,,Package Id.    Core Id.     Processors
0              05,130              0,)2,,0,1(,24,1,63,,1,2),35,2,(4,,2,37,46,3,)5,,3,4(,57,4,86,
4,5),61              ,5,(7,05,69
7,,6,)1              
16,7(01              ,,7
10,027
1              )1,,
1              0(,131              0,112,,0,1),24,1,(3,,1,212,35,2,)4,,2,3(,46,3,135,,3,4),57,4,(6,
4,514,6
=====  Core/Tile sharing  =====
,5,)7,Level      Processors
Core       5,6(
7(,6,15
=====  Core/Tile sharing  =====

06,7)Level      Processors
Core       
=====  Core/Tile sharing  =====
),7

Tile / L2$ (Level      Processors
Core       (7

=====  Core/Tile sharing  =====
(0(1

=====  Core/Tile sharing  =====
Level      Processors
Core       0)0)
=====  Core/Tile sharing  =====
Level      Processors
Core       ()()(Level      Processors
Core       (0(1(2(0)1)1)0)()()()(1(2(3(1)2)2)1)()()()(2(3(4(2)3)3)2)()()()(3(4(5(3)4)4)3)()()()(4(5(6(4)5)5)4)()()()(5(6(7(5)6)6)5)()()()(6(7(8(6)7)7)6)()()()(7(8(9(7)8)8)7)()()()(8(9(10(8)9)9)8)()()()(9(10(11(9)10)10)9)()()()(10(11(12(10)11)11)10)()()()(11(12(13(11)12)12)11)()()()(12(13(14(12)13)13)12)()()()(13(14(15(13)14)14)13)()()
Tile / L2$ )(14(15(((14)15)15014)()
Tile / L2$ )))Number of physical cores: (15
(
Tile / L2$ ((15)
0(Package thermal spec power: 11615)
Tile / L2$ )00)
)
Tile / L2$ (() Watt; (Number of logical cores: 
Tile / L2$ (01(Package minimum power: 216(0))10)
0)(() Watt; (Number of online logical cores: )(12(Package maximum power: 316(1))20)
1)(() Watt;
(Threads (logical cores) per physical core: )(23(41(2))3))
2)((((Num sockets: )(34452(3))))
3)((((Physical cores per socket: )(455)68(4))()
4)((6(Last level cache slices per socket: )(56)70(5))()
5)((7(Core PMU (perfmon) version: )(
67)84(6))()
6)((8(Number of core PMU generic (programmable) counters: )Can't open MCFG table. Check permission of (78)98(/sys/firmware/acpi/tables/MCFG7))()
7
)((9(Width of generic (programmable) counters: )Can't open MCFG table. Check permission of (89)1048(/sys/firmware/acpi/tables/MCFG18))() bits
8
)((10(Number of core PMU fixed counters: )Can't open MCFG table. Check permission of (910)113(/pcm/sys/firmware/acpi/tables/MCFG9))()
9
)((11(Width of fixed counters: )Can't open MCFG table. Check permission of (1011)1248(/pcm/sys/firmware/acpi/tables/MCFG110))() bits
10
)((12)(Nominal core frequency: )(1112(13132100000000(11))WARNING: enumeration of devices in UncorePMUDiscovery failed
)() Hz
11)((14(IBRS enabled in the kernel   : )(1213)14no(12))()
12)((15(STIBP enabled in the kernel  : )(1314)15no(13))
)
13)((

The processor is not susceptible to Rogue Data Cache Load: )(1415
Package thermal spec power: no(14))0Package thermal spec power: 
14)(
 Watt; 0The processor supports enhanced IBRS                     : )(15
Package minimum power:  Watt; no(15)0Package thermal spec power: Package minimum power: 
15)
 Watt; 00)
=====  Processor topology  =====


Package maximum power:  Watt;  Watt; Package maximum power: 

OS_Processor    Thread_Id       Core_Id         Tile_Id         Package_Id      Core_Type   Native_CPU_Model

0Package thermal spec power: Package minimum power: 0Package thermal spec power: 0                Watt;
Package thermal spec power: 00 Watt;
00               0 Watt;  Watt;  Watt; 0                Watt; Package minimum power: Package maximum power: Package minimum power: 0               Package minimum power: 0000               0 Watt;  Watt;
 Watt; invalid Watt; Package maximum power: Package maximum power:  Package maximum power: 00 0 Watt;
 Watt;
  Watt;
      -1              
1               0               1               1               0               invalid         -1              
2               0               2               2               0               invalid         -1              
3               0               3               3               0               invalid         -1              

4               
0               4               4               0               invalid         -1              Can't open MCFG table. Check permission of Can't open MCFG table. Check permission of 
/sys/firmware/acpi/tables/MCFG/sys/firmware/acpi/tables/MCFG
5               

0               Can't open MCFG table. Check permission of Can't open MCFG table. Check permission of 5               /sys/firmware/acpi/tables/MCFG1/sys/firmware/acpi/tables/MCFG1Can't open MCFG table. Check permission of 5               


/sys/firmware/acpi/tables/MCFG

0               Can't open MCFG table. Check permission of Can't open MCFG table. Check permission of 
invalid/pcm/sys/firmware/acpi/tables/MCFG/pcm/sys/firmware/acpi/tables/MCFGCan't open MCFG table. Check permission of  Can't open MCFG table. Check permission of Can't open MCFG table. Check permission of 

/sys/firmware/acpi/tables/MCFG1Can't open MCFG table. Check permission of  /sys/firmware/acpi/tables/MCFG/sys/firmware/acpi/tables/MCFGCan't open MCFG table. Check permission of Can't open MCFG table. Check permission of 
/sys/firmware/acpi/tables/MCFG 

/pcm/sys/firmware/acpi/tables/MCFG1/pcm/sys/firmware/acpi/tables/MCFG1Can't open MCFG table. Check permission of 
 Can't open MCFG table. Check permission of Can't open MCFG table. Check permission of 

/pcm/sys/firmware/acpi/tables/MCFGCan't open MCFG table. Check permission of  /sys/firmware/acpi/tables/MCFG1/sys/firmware/acpi/tables/MCFG1INFO: Linux perf interface to program uncore PMUs is 
/sys/firmware/acpi/tables/MCFG1 

present
Can't open MCFG table. Check permission of 
 WARNING: enumeration of devices in UncorePMUDiscovery failed
WARNING: enumeration of devices in UncorePMUDiscovery failed
Can't open MCFG table. Check permission of Can't open MCFG table. Check permission of INFO: using Linux perf interface to program uncore PMUs because env variable PCM_USE_UNCORE_PERF=1
/pcm/sys/firmware/acpi/tables/MCFG1Can't open MCFG table. Check permission of  /pcm/sys/firmware/acpi/tables/MCFG/pcm/sys/firmware/acpi/tables/MCFGINFO: Secure Boot detected. Using Linux perf for uncore PMU programming.

/pcm/sys/firmware/acpi/tables/MCFG 


-1              Can't open MCFG table. Check permission of Can't open MCFG table. Check permission of Can't open MCFG table. Check permission of 
WARNING: enumeration of devices in UncorePMUDiscovery failed
/pcm/sys/firmware/acpi/tables/MCFG1/pcm/sys/firmware/acpi/tables/MCFG1/pcm/sys/firmware/acpi/tables/MCFG16               


0               6               6               0               invalid      WARNING: enumeration of devices in UncorePMUDiscovery failed
 WARNING: enumeration of devices in UncorePMUDiscovery failed
WARNING: enumeration of devices in UncorePMUDiscovery failed
  -1              
7               0               7               7               0               invalid         -1              
8               0               0               8               1               invalid         -1              
9               0               1               9               1               invalid         -1              
10              0               2               10              1               invalid         -1              
11              0               3               11              1               invalid         -1              
12              0               4               12              1               invalid         -1              
13              0               5               13              1               invalid         -1              
14              0               6               14              1               invalid         -1              
15              0               7               15              1               invalid         -1              
=====  Placement on packages  =====
Package Id.    Core Id.     Processors
0              0,1,2,3,4,5,6,7
1              0,1,2,3,4,5,6,7

=====  Core/Tile sharing  =====
Level      Processors
Core       (0)(1)(2)(3)(4)(5)(6)(7)(8)(9)(10)(11)(12)(13)(14)(15)
Tile / L2$ (0)(1)(2)(3)(4)(5)(6)(7)(8)(9)(10)(11)(12)(13)(14)(15)

Package thermal spec power: 0 Watt; Package minimum power: 0 Watt; Package maximum power: 0 Watt;
INFO: Linux perf interface to program uncore PMUs is present
INFO: using Linux perf interface to program uncore PMUs because env variable PCM_USE_UNCORE_PERF=1
INFO: Secure Boot detected. Using Linux perf for uncore PMU programming.
INFO: Linux perf interface to program uncore PMUs is present
INFO: using Linux perf interface to program uncore PMUs because env variable PCM_USE_UNCORE_PERF=1
INFO: Secure Boot detected. Using Linux perf for uncore PMU programming.
INFO: Linux perf interface to program uncore PMUs is present
INFO: using Linux perf interface to program uncore PMUs because env variable PCM_USE_UNCORE_PERF=1
INFO: Secure Boot detected. Using Linux perf for uncore PMU programming.
INFO: Linux perf interface to program uncore PMUs is INFO: Linux perf interface to program uncore PMUs is present
present
INFO: using Linux perf interface to program uncore PMUs because env variable PCM_USE_UNCORE_PERF=1
INFO: using Linux perf interface to program uncore PMUs because env variable PCM_USE_UNCORE_PERF=1
INFO: Secure Boot detected. Using Linux perf for uncore PMU programming.
INFO: Secure Boot detected. Using Linux perf for uncore PMU programming.
INFO: Linux perf interface to program uncore PMUs is present
INFO: using Linux perf interface to program uncore PMUs because env variable PCM_USE_UNCORE_PERF=1
INFO: Secure Boot detected. Using Linux perf for uncore PMU programming.

Can't open MCFG table. Check permission of /sys/firmware/acpi/tables/MCFG
Can't open MCFG table. Check permission of /sys/firmware/acpi/tables/MCFG1
Can't open MCFG table. Check permission of /pcm/sys/firmware/acpi/tables/MCFG
Can't open MCFG table. Check permission of /pcm/sys/firmware/acpi/tables/MCFG1
WARNING: enumeration of devices in UncorePMUDiscovery failed
INFO: Linux perf interface to program uncore PMUs is present
Socket INFO: using Linux perf interface to program uncore PMUs because env variable PCM_USE_UNCORE_PERF=1
INFO: Secure Boot detected. Using Linux perf for uncore PMU programming.
Socket 0: Socket 02: Socket 0 memory controllers detected with total number of Socket 2: Socket 06Socket  memory controllers detected with total number of 02: 0 channels. 60:  memory controllers detected with total number of 2: 2 channels. : 26 memory controllers detected with total number of 2 22 memory controllers detected with total number of  channels. 6 memory controllers detected with total number of UPI  memory controllers detected with total number of 62 channels. 6 ports detected.UPI6 channels.  2 channels.   ports detected. channels. 2UPI 22 2  ports detected.UPI  M2M (mesh to memory) blocks detected. 2 UPI  ports detected.UPI0 M2M (mesh to memory) blocks detected. UPI ports detected.2  ports detected. Home Agents detected. 0 ports detected.  M2M (mesh to memory) blocks detected. 2 2 Home Agents detected.  20 M2M (mesh to memory) blocks detected. 2 M3UPI blocks detected.
22 M2M (mesh to memory) blocks detected.  Home Agents detected. 0 M2M (mesh to memory) blocks detected.  M3UPI blocks detected.
 M2M (mesh to memory) blocks detected. 02 Home Agents detected. 00 Home Agents detected.  M3UPI blocks detected.
2 Home Agents detected.  Home Agents detected. 2 M3UPI blocks detected.
22 M3UPI blocks detected.
 M3UPI blocks detected.
 M3UPI blocks detected.
Socket 0Socket : Socket 21Socket 1 memory controllers detected with total number of Socket : 1Socket : 6Socket 2: 1Socket 21 channels.  memory controllers detected with total number of 12:  memory controllers detected with total number of 1: 26:  memory controllers detected with total number of 26: 2  channels. 26 memory controllers detected with total number of  channels. 2 memory controllers detected with total number of UPI2 memory controllers detected with total number of  channels. 62 memory controllers detected with total number of 6 ports detected. 62 channels.  6 channels.  UPI channels.  2UPI channels. 22 ports detected.2UPI  ports detected.2  M2M (mesh to memory) blocks detected.    ports detected.UPI  UPI02UPI  ports detected.2UPI ports detected. Home Agents detected.  M2M (mesh to memory) blocks detected.  ports detected.2 M2M (mesh to memory) blocks detected. 0 Home Agents detected. 2  M2M (mesh to memory) blocks detected.  ports detected. 20  M3UPI blocks detected.
20 2 M3UPI blocks detected.
 Home Agents detected. 2 M2M (mesh to memory) blocks detected.  Home Agents detected. 2 M2M (mesh to memory) blocks detected. 2 M2M (mesh to memory) blocks detected. 02 M2M (mesh to memory) blocks detected. 0 M3UPI blocks detected.
0 Home Agents detected.  M3UPI blocks detected.
0 Home Agents detected.  Home Agents detected. 2 Home Agents detected. 22 M3UPI blocks detected.
2 M3UPI blocks detected.
 M3UPI blocks detected.
 M3UPI blocks detected.
Socket 1: 2 memory controllers detected with total number of 6 channels. 2 UPI ports detected. 2 M2M (mesh to memory) blocks detected. 0 Home Agents detected. 2 M3UPI blocks detected.
INFO: using Linux resctrl driver for RDT metrics (L3OCC, LMB, RMB) because environment variable PCM_USE_RESCTRL=1
INFO: using Linux resctrl driver for RDT metrics (L3OCC, LMB, RMB) because environment variable PCM_USE_RESCTRL=1
ERROR: /sys/fs/resctrl is not mounted
ERROR: RDT metrics (L3OCC,LMB,RMB) will not be available
Mount it to make it work: mount -t resctrl resctrl /sys/fs/resctrl
ERROR: /sys/fs/resctrl is not mounted
ERROR: RDT metrics (L3OCC,LMB,RMB) will not be available
Mount it to make it work: mount -t resctrl resctrl /sys/fs/resctrl
INFO: using Linux resctrl driver for RDT metrics (L3OCC, LMB, RMB) because environment variable PCM_USE_RESCTRL=1
INFO: using Linux resctrl driver for RDT metrics (L3OCC, LMB, RMB) because environment variable PCM_USE_RESCTRL=1
ERROR: /sys/fs/resctrl is not mounted
INFO: using Linux resctrl driver for RDT metrics (L3OCC, LMB, RMB) because environment variable PCM_USE_RESCTRL=1
ERROR: RDT metrics (L3OCC,LMB,RMB) will not be available
ERROR: /sys/fs/resctrl is not mounted
Mount it to make it work: mount -t resctrl resctrl /sys/fs/resctrl
ERROR: RDT metrics (L3OCC,LMB,RMB) will not be available
INFO: using Linux resctrl driver for RDT metrics (L3OCC, LMB, RMB) because environment variable PCM_USE_RESCTRL=1
Mount it to make it work: mount -t resctrl resctrl /sys/fs/resctrl
ERROR: /sys/fs/resctrl is not mounted
ERROR: RDT metrics (L3OCC,LMB,RMB) will not be available
Mount it to make it work: mount -t resctrl resctrl /sys/fs/resctrl
ERROR: /sys/fs/resctrl is not mounted
ERROR: RDT metrics (L3OCC,LMB,RMB) will not be available
Mount it to make it work: mount -t resctrl resctrl /sys/fs/resctrl
INFO: using Linux resctrl driver for RDT metrics (L3OCC, LMB, RMB) because environment variable PCM_USE_RESCTRL=1
ERROR: /sys/fs/resctrl is not mounted
ERROR: RDT metrics (L3OCC,LMB,RMB) will not be available
Mount it to make it work: mount -t resctrl resctrl /sys/fs/resctrl


 Closed perf event handles

Trying to use Linux perf events...




 Closed perf event handles
Trying to use Linux perf events...
 Closed perf event handles
Trying to use Linux perf events...
 Closed perf event handles
Trying to use Linux perf events...
 Closed perf event handles
Trying to use Linux perf events...
 Closed perf event handles
 Closed perf event handles
Trying to use Linux perf events...
Trying to use Linux perf events...
INFO: using Linux resctrl driver for RDT metrics (L3OCC, LMB, RMB) because environment variable PCM_USE_RESCTRL=1
ERROR: /sys/fs/resctrl is not mounted
ERROR: RDT metrics (L3OCC,LMB,RMB) will not be available
Mount it to make it work: mount -t resctrl resctrl /sys/fs/resctrl

 Closed perf event handles
Trying to use Linux perf events...
Successfully programmed on-core PMU using Linux perf
Successfully programmed on-core PMU using Linux perf
Successfully programmed on-core PMU using Linux perf
Successfully programmed on-core PMU using Linux perf
Successfully programmed on-core PMU using Linux perf
Successfully programmed on-core PMU using Linux perf
Successfully programmed on-core PMU using Linux perf
Successfully programmed on-core PMU using Linux perf
Socket 0
Max UPI link 0 speed: 2.5 GBytes/second (1.1 GT/second)
Max UPI link 1 speed: 2.5 GBytes/second (1.1 GT/second)
Socket 1
Max UPI link 0 speed: 2.3 GBytes/second (1.0 GT/second)
Max UPI link 1 speed: 2.3 GBytes/second (1.0 GT/second)

Detected Intel(R) Xeon(R) Silver 4208 CPU @ 2.10GHz "Intel(r) microarchitecture codename Cascade Lake-SP" stepping 7

Executing "./VE/ior-main/src/ior" command:
Socket 0
Max UPI link 0 speed: 2.6 GBytes/second (1.2 GT/second)
Max UPI link 1 speed: 2.6 GBytes/second (1.2 GT/second)
Socket 1
Max UPI link 0 speed: 2.3 GBytes/second (1.0 GT/second)
Max UPI link 1 speed: 2.3 GBytes/second (1.0 GT/second)

Detected Intel(R) Xeon(R) Silver 4208 CPU @ 2.10GHz "Intel(r) microarchitecture codename Cascade Lake-SP" stepping 7

Executing "./VE/ior-main/src/ior" command:
Socket 0
Max UPI link 0 speed: 2.1 GBytes/second (0.9 GT/second)
Max UPI link 1 speed: 2.1 GBytes/second (0.9 GT/second)
Socket 1
Max UPI link 0 speed: 2.3 GBytes/second (1.0 GT/second)
Max UPI link 1 speed: 2.3 GBytes/second (1.0 GT/second)

Detected Intel(R) Xeon(R) Silver 4208 CPU @ 2.10GHz "Intel(r) microarchitecture codename Cascade Lake-SP" stepping 7

Executing "./VE/ior-main/src/ior" command:
Socket 0
Max UPI link 0 speed: 2.2 GBytes/second (1.0 GT/second)
Max UPI link 1 speed: 2.2 GBytes/second (1.0 GT/second)
Socket 1
Max UPI link 0 speed: 2.4 GBytes/second (1.1 GT/second)
Max UPI link 1 speed: 2.4 GBytes/second (1.1 GT/second)

Detected Intel(R) Xeon(R) Silver 4208 CPU @ 2.10GHz "Intel(r) microarchitecture codename Cascade Lake-SP" stepping 7
Socket 0
Max UPI link 0 speed: 2.4 GBytes/second (1.1 GT/second)
Max UPI link 1 speed: 2.4 GBytes/second (1.1 GT/second)
Socket 1
Max UPI link 0 speed: 2.2 GBytes/second (1.0 GT/second)
Max UPI link 1 speed: 2.2 GBytes/second (1.0 GT/second)

Detected Intel(R) Xeon(R) Silver 4208 CPU @ 2.10GHz "Intel(r) microarchitecture codename Cascade Lake-SP" stepping 7

Executing "./VE/ior-main/src/ior" command:

Executing "./VE/ior-main/src/ior" command:
Socket 0Socket 
Max UPI link 00 speed: 
Max UPI link 0 speed: 2.5 GBytes/second (1.1 GT/second)
Max UPI2.5 link  GBytes/second (11.1 speed:  GT/second)
2.5Max  GBytes/second (UPI1.1 link  GT/second)
1Socket  speed: 12.5
 GBytes/second (Max 1.1UPI GT/second)
 link Socket 01 speed: 
2.6Max  GBytes/second (UPI1.2 link  GT/second)
0Max  speed: UPI2.5 link  GBytes/second (11.1 speed:  GT/second)
2.6Max  GBytes/second (UPI1.2 link  GT/second)
1 speed: 2.5 GBytes/second (1.1
Detected  GT/second)
Intel(R) Xeon(R) Silver 4208 CPU @ 2.10GHz
Detected  "Intel(r) microarchitecture codename Cascade Lake-SPIntel(R) Xeon(R) Silver 4208 CPU @ 2.10GHz" stepping  "Intel(r) microarchitecture codename 7Cascade Lake-SP
" stepping 7

Executing "./VE/ior-main/src/ior" command:

Executing "./VE/ior-main/src/ior" command:
Socket 0
Max UPI link 0 speed: 2.4 GBytes/second (1.1 GT/second)
Max UPI link 1 speed: 2.4 GBytes/second (1.1 GT/second)
Socket 1
Max UPI link 0 speed: 2.5 GBytes/second (1.1 GT/second)
Max UPI link 1 speed: 2.5 GBytes/second (1.1 GT/second)

Detected Intel(R) Xeon(R) Silver 4208 CPU @ 2.10GHz "Intel(r) microarchitecture codename Cascade Lake-SP" stepping 7

Executing "./VE/ior-main/src/ior" command:
IOR-4.1.0+dev: MPI Coordinated Test of Parallel I/O
Began               : Thu Mar 21 18:38:21 2024
Command line        : ./VE/ior-main/src/ior -t 1m -b 8m -s 8 -o hpl_test -F
Machine             : Linux muffin
TestID              : 0
StartTime           : Thu Mar 21 18:38:21 2024
Path                : hpl_test.00000000
FS                  : 79.0 TiB   Used FS: 12.7%   Inodes: 16179.2 Mi   Used Inodes: 0.2%

Options: 
api                 : POSIX
apiVersion          : 
test filename       : hpl_test
access              : file-per-process
type                : independent
segments            : 8
ordering in a file  : sequential
ordering inter file : no tasks offsets
nodes               : 1
tasks               : 8
clients per node    : 8
memoryBuffer        : CPU
dataAccess          : CPU
GPUDirect           : 0
repetitions         : 1
xfersize            : 1 MiB
blocksize           : 8 MiB
aggregate filesize  : 512 MiB

Results: 

access    bw(MiB/s)  IOPS       Latency(s)  block(KiB) xfer(KiB)  open(s)    wr/rd(s)   close(s)   total(s)   iter
------    ---------  ----       ----------  ---------- ---------  --------   --------   --------   --------   ----
write     11.17      144.95     0.009189    8192       1024.00    3.49       3.53       45.78      45.84      0   
read      89.42      89.47      0.006555    8192       1024.00    0.003982   5.72       5.69       5.73       0   

Summary of all tests:
Operation   Max(MiB)   Min(MiB)  Mean(MiB)     StdDev   Max(OPs)   Min(OPs)  Mean(OPs)     StdDev    Mean(s) Stonewall(s) Stonewall(MiB) Test# #Tasks tPN reps fPP reord reordoff reordrand seed segcnt   blksiz    xsize aggs(MiB)   API RefNum
write          11.17      11.17      11.17       0.00      11.17      11.17      11.17       0.00   45.84190         NA            NA     0      8   8    1   1     0        1         0    0      8  8388608  1048576     512.0 POSIX      0
read           89.42      89.42      89.42       0.00      89.42      89.42      89.42       0.00    5.72548         NA            NA     0      8   8    1   1     0        1         0    0      8  8388608  1048576     512.0 POSIX      0
Finished            : Thu Mar 21 18:39:13 2024
DEBUG: caught signal to interrupt (Child exited).
Cleaning up
 Closed perf event handles
DEBUG: caught signal to interrupt (Child exited).
Cleaning up
 Closed perf event handles
DEBUG: caught signal to interrupt (Child exited).
Cleaning up
DEBUG: caught signal to interrupt (Child exited).
Cleaning up
 Closed perf event handles
 Closed perf event handles
DEBUG: caught signal to interrupt (Child exited).
Cleaning up
 Closed perf event handles
DEBUG: caught signal to interrupt (Child exited).
Cleaning up
 Closed perf event handles
 Zeroed uncore PMU registers
DEBUG: caught signal to interrupt (Child exited).
Cleaning up
 Closed perf event handles
 Zeroed uncore PMU registers
 Zeroed uncore PMU registers
 Zeroed uncore PMU registers
 Zeroed uncore PMU registers
DEBUG: caught signal to interrupt (Child exited).
Cleaning up
 Closed perf event handles
 Zeroed uncore PMU registers
 Zeroed uncore PMU registers
 Zeroed uncore PMU registers
	Command being timed: "/opt/nec/ve/bin/mpirun -n 8 /usr/sbin/pcm 0.1 -csv=./output/0/ve_IOR_VE_0.csv -- ./VE/ior-main/src/ior -t 1m -b 8m -s 8 -o hpl_test -F"
	User time (seconds): 3.17
	System time (seconds): 2.14
	Percent of CPU this job got: 9%
	Elapsed (wall clock) time (h:mm:ss or m:ss): 0:53.46
	Average shared text size (kbytes): 0
	Average unshared data size (kbytes): 0
	Average stack size (kbytes): 0
	Average total size (kbytes): 0
	Maximum resident set size (kbytes): 145552
	Average resident set size (kbytes): 0
	Major (requiring I/O) page faults: 0
	Minor (reclaiming a frame) page faults: 5815
	Voluntary context switches: 74925
	Involuntary context switches: 5106
	Swaps: 0
	File system inputs: 0
	File system outputs: 4088
	Socket messages sent: 0
	Socket messages received: 0
	Signals delivered: 0
	Page size (bytes): 4096
	Exit status: 0

 Intel(r) Performance Counter Monitor (2022-11-24 10:18:12 +0100 ID=1b16bb4e)


PCM Info: setrlimit for file limit 1000000 failed with error Operation not permitted

=====  Processor information  =====


 Intel(r) Performance Counter Monitor  Intel(r) Performance Counter Monitor (2022-11-24 10:18:12 +0100 ID=1b16bb4e)
(2022-11-24 10:18:12 +0100 ID=1b16bb4e)
 Intel(r) Performance Counter Monitor 

(2022-11-24 10:18:12 +0100 ID=1b16bb4e)





PCM Info: setrlimit for file limit PCM Info: setrlimit for file limit 10000001000000PCM Info: setrlimit for file limit  failed with error  failed with error 1000000Operation not permitted
 failed with error Operation not permitted
 Intel(r) Performance Counter Monitor 
Operation not permitted(2022-11-24 10:18:12 +0100 ID=1b16bb4e)




=====  Processor information  =====

=====  Processor information  =====
PCM Info: setrlimit for file limit 1000000
=====  Processor information  =====
 failed with error Operation not permitted

=====  Processor information  =====
Linux arch_perfmon flag  : yesLinux arch_perfmon flag  : 
yesHybrid processor         : 

noHybrid processor         : 
 Intel(r) Performance Counter Monitor 

no Intel(r) Performance Counter Monitor (2022-11-24 10:18:12 +0100 ID=1b16bb4e)IBRS and IBPB supported  :  Intel(r) Performance Counter Monitor 
(2022-11-24 10:18:12 +0100 ID=1b16bb4e)
yes(2022-11-24 10:18:12 +0100 ID=1b16bb4e)IBRS and IBPB supported  : 



yes

STIBP supported          : 

STIBP supported          : yes
Spec arch caps supported : 
yes
yes
PCM Info: setrlimit for file limit 
Max CPUID level          : Spec arch caps supported : PCM Info: setrlimit for file limit PCM Info: setrlimit for file limit 100000022yes10000001000000 failed with error 

 failed with error  failed with error CPU model number         : Operation not permittedMax CPUID level          : Operation not permitted
85Operation not permitted
22


CPU model number         : 85

=====  Processor information  =====

=====  Processor information  =====

=====  Processor information  =====
Number of physical cores: Linux arch_perfmon flag  : 16yes
Linux arch_perfmon flag  : 
Number of logical cores: Linux arch_perfmon flag  : yesHybrid processor         : 16yes
no

Hybrid processor         : 
Number of online logical cores: Hybrid processor         : noIBRS and IBPB supported  : 16no
yes

IBRS and IBPB supported  : 
Threads (logical cores) per physical core: IBRS and IBPB supported  : yesSTIBP supported          : 1yes
yes

STIBP supported          : 
Num sockets: STIBP supported          : yesSpec arch caps supported : 2yes
yes

Spec arch caps supported : Spec arch caps supported : 
Max CPUID level          : Physical cores per socket: yesyes228



Max CPUID level          : Max CPUID level          : CPU model number         : Last level cache slices per socket: 22
22850CPU model number         : 


85CPU model number         : Core PMU (perfmon) version: 
854

Number of core PMU generic (programmable) counters: 8
Width of generic (programmable) counters: 48 bits
Number of core PMU fixed counters: 3
Width of fixed counters: 48Number of physical cores: 16 bits

Nominal core frequency: Number of logical cores: 210000000016 Hz

IBRS enabled in the kernel   : Number of online logical cores: no16

STIBP enabled in the kernel  : Threads (logical cores) per physical core: no1

The processor is not susceptible to Rogue Data Cache Load: Num sockets: no2

The processor supports enhanced IBRS                     : Physical cores per socket: no8

Last level cache slices per socket: 
=====  Processor topology  =====
0OS_Processor    Thread_Id       Core_Id         Tile_Id         Package_Id      Core_Type   Native_CPU_Model

0               Core PMU (perfmon) version: 0               40               
0               Number of core PMU generic (programmable) counters: 0               8invalid
 Width of generic (programmable) counters:  48  bits
 Number of core PMU fixed counters:  3 
 Width of fixed counters:  48  bits
-1              Nominal core frequency: 
2100000000 Hz
1               IBRS enabled in the kernel   : no
STIBP enabled in the kernel  : 0               no1               
1               The processor is not susceptible to Rogue Data Cache Load: 0               noinvalid
 The processor supports enhanced IBRS                     :  no 
 
=====  Processor topology  =====
 OS_Processor    Thread_Id       Core_Id         Tile_Id         Package_Id      Core_Type   Native_CPU_Model
 0               0                0                0                0               -1              invalid
 2                0                2                2                0                invalid      -1               
   1                0                1               -1              1               
0               3               invalid0               3               3               0               invalid              -1               
 4                0                4               -1              4               
0               2               invalid    0                 2                2                0                invalid-1               
 5                0                5                5                0                invalid    -1               
  3                0                3                3                0               -1              invalid
 6                0                6                6                0                invalid      -1               
 4                0                4                4                0               -1              
7               0               invalid7                7                0                invalid            -1               
  5               -1              0               
5               8               5               0               0               invalid0                8                1                invalid            -1               
 6                0               -1              6               
6               9               0               0               invalid1                9               1               invalid    Linux arch_perfmon flag  :   Linux arch_perfmon flag  :  yesyes  

   Hybrid processor         : Hybrid processor         :    nono -1              


 10              IBRS and IBPB supported  : IBRS and IBPB supported  : -1              0               yesyes
2               

7               10              STIBP supported          : STIBP supported          : 0               1               yesyes7               invalid    

7                 Spec arch caps supported : Spec arch caps supported : 0                 yesyesinvalid 

 -1              
Max CPUID level          : Max CPUID level          : 22 
 CPU model number         : 11               85220                Linux arch_perfmon flag  : 

3                yesCPU model number         : 11               
851                Hybrid processor         : 
invalid no -1              
 
IBRS and IBPB supported  :  8               yes 0               
 0               STIBP supported          :  8               yes 1               
 invalidSpec arch caps supported :   yes-1               

 Max CPUID level          : 12               220                
4                CPU model number         : 12               851                
invalid  -1               
 9                0                1                9                1                invalid  -1               
 13                0                5               Number of physical cores:  13              Number of physical cores:  16Number of physical cores: 1                16
invalid16-1              
Number of logical cores:   

Number of logical cores: 16  Number of logical cores: 10              16
 160               
Number of online logical cores:    
2               Number of online logical cores: 16 Number of online logical cores: 10              16
-1              161               
Threads (logical cores) per physical core: 

invalidThreads (logical cores) per physical core: 114              Threads (logical cores) per physical core:  1
0               1 
Num sockets: 6               
 Num sockets: 214              Num sockets:  2
1               2 
Physical cores per socket: invalid      
 Physical cores per socket: 8   Physical cores per socket:  8
-1              8 
Last level cache slices per socket: 

 Last level cache slices per socket: 015              Last level cache slices per socket: -1              
011              

0               0               Core PMU (perfmon) version: 7               0Core PMU (perfmon) version: 3               415              
411              
1               Core PMU (perfmon) version: 
1               Number of core PMU generic (programmable) counters: invalid4Number of core PMU generic (programmable) counters: invalid8 
8 
 Number of core PMU generic (programmable) counters: 
 Width of generic (programmable) counters:  8Width of generic (programmable) counters: 48 bits
Number of core PMU fixed counters: 3
Width of fixed counters: 48 48 
 bits
  bits
 Width of generic (programmable) counters: Nominal core frequency:  Number of core PMU fixed counters:  482100000000 3  bits
 Hz
 
 Number of core PMU fixed counters: IBRS enabled in the kernel   :  Width of fixed counters:  3no 48-1              

-1               bits

Width of fixed counters: STIBP enabled in the kernel  : 
Nominal core frequency: =====  Placement on packages  =====
48no12              2100000000Package Id.    Core Id.     Processors
 bits

0                Hz
0              Nominal core frequency: The processor is not susceptible to Rogue Data Cache Load: no
4               The processor supports enhanced IBRS                     : noIBRS enabled in the kernel   : 12              0
,2100000000no1               1
=====  Processor topology  =====

 Hz
invalid,OS_Processor    Thread_Id       Core_Id         Tile_Id         Package_Id      Core_Type   Native_CPU_Model
STIBP enabled in the kernel  : IBRS enabled in the kernel   :  20               nono ,0               

 30               The processor is not susceptible to Rogue Data Cache Load: STIBP enabled in the kernel  :  ,0               nono 40               

 ,invalidThe processor supports enhanced IBRS                     : The processor is not susceptible to Rogue Data Cache Load:  5 nono , 


=====  Processor topology  =====
 6,7
 The processor supports enhanced IBRS                     : OS_Processor    Thread_Id       Core_Id         Tile_Id         Package_Id      Core_Type   Native_CPU_Model
-1              1               no0               
0 
0               13              , 
=====  Processor topology  =====
0               0               1 OS_Processor    Thread_Id       Core_Id         Tile_Id         Package_Id      Core_Type   Native_CPU_Model
0               5               ,  0               -1              0               0               
0               invalid 0               13              1                0               21               0                invalid,invalid1                 3 1                   , 0                  4 invalid   ,    5   -1              ,  -1              
6  
,1                 70               1                 
1               0               -1               
=====  Core/Tile sharing  =====
1               1               
 Level      Processors
Core       0               1               14               (invalid0               0               -1              0  invalid6               
)        14                2               1               (      0               invalid1-1              -1              2                )

2                (2               2               0                20               0               invalid )2               2               2                 (2               0                 30               invalid   )invalid       (     4   -1              ) -1              
3                
( 0                 -1              
3               15              5 3               0               0               ) 3               3               7               15              (1               6 invalid0               ) 3                invalid( 0                 7-1              invalid  )
   (3                  80                  )3                  (3                  90                  )invalid  -1               (   
-1              10   =====  Placement on packages  =====

) -1              Package Id.    Core Id.     Processors
4               (   
0              0               11-1              4               04               )
0               ,4               (4               4               10               120               4               ,invalid)4               0               2 (4               invalid, 130                3 )invalid        , 4   (, Number of physical cores:   14Number of physical cores: 5 Number of physical cores:   )16, 16-1               (16
6 

 5               15
Number of logical cores: , Number of logical cores: -1              0               )Number of logical cores: 167-1              16
5               
Tile / L2$ 16



5               5               (
Number of online logical cores: 1              5               Number of online logical cores: 0               0               0Number of online logical cores: 1600               165               invalid)16
,5               
5                (
Threads (logical cores) per physical core: 15               Threads (logical cores) per physical core: 0                1Threads (logical cores) per physical core: 1,0               1invalid )1
2invalid
  (
Num sockets: , Num sockets:   2Num sockets: 23 2  )2
, 
  (
Physical cores per socket: 4 Physical cores per socket:   3Physical cores per socket: 8, 8  )8
5 
 -1              (
Last level cache slices per socket: , Last level cache slices per socket:  0
4Last level cache slices per socket: 06  
6               )0
, -1              Core PMU (perfmon) version: 0               (
Core PMU (perfmon) version: 7-1              
46               5Core PMU (perfmon) version: 4

6               
6               )4

=====  Core/Tile sharing  =====
6               0               Number of core PMU generic (programmable) counters: 0               (
Number of core PMU generic (programmable) counters: Level      Processors
Core       0               6               8invalid6Number of core PMU generic (programmable) counters: 8(6               6               
 )8

06               0               Width of generic (programmable) counters:  (Width of generic (programmable) counters: Width of generic (programmable) counters: )0               invalid48 748 bits
48(invalid  bits
 )Number of core PMU fixed counters:  bits
1  Number of core PMU fixed counters:  (3Number of core PMU fixed counters: )  3 8
3(  
 )Width of fixed counters: 48
2  Width of fixed counters:  ( bits
Width of fixed counters: )  48 9Nominal core frequency: 48(   bits
-1              )2100000000 bits
3  Nominal core frequency: 
( Hz
Nominal core frequency: )  21000000007               10IBRS enabled in the kernel   : 2100000000( -1               Hz
0               )no Hz
4-1              
IBRS enabled in the kernel   : 7               (
IBRS enabled in the kernel   : )
7               no7               11STIBP enabled in the kernel  : no(7               0               
0               )no
50               7               STIBP enabled in the kernel  : invalid(
STIBP enabled in the kernel  : )7               7               no 12The processor is not susceptible to Rogue Data Cache Load: no(7               0               
 )no
60               invalidThe processor is not susceptible to Rogue Data Cache Load:  (
The processor is not susceptible to Rogue Data Cache Load: )invalid no 13The processor supports enhanced IBRS                     : no
no(  
 )

=====  Processor topology  =====
7  The processor supports enhanced IBRS                     :  (The processor supports enhanced IBRS                     : OS_Processor    Thread_Id       Core_Id         Tile_Id         Package_Id      Core_Type   Native_CPU_Model
)  no 14no0               (  
 )
0               8   
=====  Processor topology  =====
(0               0               
=====  Processor topology  =====
)  -1              OS_Processor    Thread_Id       Core_Id         Tile_Id         Package_Id      Core_Type   Native_CPU_Model
150               OS_Processor    Thread_Id       Core_Id         Tile_Id         Package_Id      Core_Type   Native_CPU_Model
(  
0               )invalid0               9  8               0               
      0               ) -1              0               0               
  0               (-1              
0               0                Package thermal spec power: 0               10
8               8               0               -1              00               )8               0               1               invalid
 Watt; invalid(0               0               invalid Package minimum power: 1                110               8                 00                )8               1                  Watt; 1                (1               invalid  Package maximum power: 1               0                12)invalid   0invalid     (     Watt;
   13       )      (    -1              
 14   -1              2               -1              )  -1              
0               
(  
2               151               1                 9               2               )0               0                -1              0               0               
Tile / L2$ 1               1               -1              
1               invalid(1               1               
9               9                00               0               9               0               1                )invalidinvalid0               1               invalid
 (  1               9                  1  9               1                 )Can't open MCFG table. Check permission of   1               invalid   (/sys/firmware/acpi/tables/MCFG  invalid     2
       )Can't open MCFG table. Check permission of     -1              -1              (/sys/firmware/acpi/tables/MCFG1    

3
    10              3               )Can't open MCFG table. Check permission of     0               0               (/pcm/sys/firmware/acpi/tables/MCFG-1              -1                2               10              3               4


  1               3               )Can't open MCFG table. Check permission of 2               2                 invalid  0               (/pcm/sys/firmware/acpi/tables/MCFG10               0                -1                  invalid5
2               2               -1              
   )2               2               
10                (0               0               10              0               -1               6invalidinvalidWARNING: enumeration of devices in UncorePMUDiscovery failed
0               2               
 )  2               10              11               (  10              1               0                7  1               invalid3                )  invalid 11               (    1                8    invalid-1              )         
(      4               9     0               )-1              -1                 4               (

  -1              4               103               3                 
0               )0               0                -1              12              invalid(3               3               -1              
0               4                113               3               
11              12               )0               0               11              0               1                (invalidinvalid0               3               invalid     12  3               11                 )  11              1                 (  1               invalid   13  invalid -1               )    
 (    13              -1              14    0               
)    5               5               (    13              0               15-1              -1                1               5               )

  invalid    5               
4               4                   0               
0               0                -1                invalidPackage thermal spec power: 4               4               -1              
  04               4               
12              -1                Watt; 0               0               12              0               
 Package minimum power: invalidinvalid0               4               14               0  4               12              0                 Watt;   12              1               6                Package maximum power: INFO: Linux perf interface to program uncore PMUs is   1               invalid14               0present
  invalid 1                 Watt;
INFO: using Linux perf interface to program uncore PMUs because env variable PCM_USE_UNCORE_PERF=1
    invalid INFO: Secure Boot detected. Using Linux perf for uncore PMU programming.
     -1                   
     6                    0               -1              -1                 6               

   6               5               5                  0               0               0                -1               invalid5               5               -1              
  5               5               
13              -1               0               0               13              0               
 invalidinvalid0               5               15                 5               13              0                  13              1               7                  
 1               invalid15                 invalid 1                Can't open MCFG table. Check permission of     invalid    -1              /sys/firmware/acpi/tables/MCFG      

      7               Can't open MCFG table. Check permission of      0               /sys/firmware/acpi/tables/MCFG1    -1              7               
-1              -1                
7               Can't open MCFG table. Check permission of 

  =====  Placement on packages  =====
0               /pcm/sys/firmware/acpi/tables/MCFG6               6                 Package Id.    Core Id.     Processors
invalid
0               0                -1              0               Can't open MCFG table. Check permission of 6               6               -1              
0 /pcm/sys/firmware/acpi/tables/MCFG16               6               
14              , 
0               0               14              0               1 invalidinvalid0               6               ,   6               14              2    WARNING: enumeration of devices in UncorePMUDiscovery failed
14              1               ,   1               invalid3   invalid ,     4-1                  ,
    58                   ,0               -1                 60               
-1                ,8               7               
  71               0               7                 
invalid7               0                -1              1               7               7               -1              
0 0               7               
15              , invalid0               15              0               1  invalid0               7               ,   7               15              2   15              1               ,   1               invalid3   invalid ,     4-1                  ,
    59                   ,0               -1                 61               
-1                ,9               8               
  71               0               8                 
invalid0               0                -1              
=====  Core/Tile sharing  =====
 8               0               -1              
Level      Processors
Core        1               8               
=====  Placement on packages  =====
( invalid1               =====  Placement on packages  =====
Package Id.    Core Id.     Processors
0  invalidPackage Id.    Core Id.     Processors
0              )   0              0(   0,1   ,1)   1,(   ,22-1                2,)
  ,3(10                3,30               -1               ,4)2               
-1              4,(10              9               
,541               0               9               5,)invalid1               0               ,6( 9               1               6,5 1               9               ,7) invalid1               7
(  invalid
1              6   1              0)   0,(   ,17   1,)   ,2(-1                2,8
  ,3)11                3,(0               -1               ,493               
-1              4,)11              10              
,5(1               0               10              5,10invalid2               0               ,6) 10              2               6,( 1               10              ,711 invalid1               7
)  invalid

=====  Core/Tile sharing  =====
(   
=====  Core/Tile sharing  =====
Level      Processors
Core       12   Level      Processors
Core       ()   (0(   0)13   )()-1                (1(
  1)1412                )()0               -1               (2(4               
-1              2)1512              11              
)()1               0               11              (3
Tile / L2$ invalidINFO: Linux perf interface to program uncore PMUs is 3               0               3)( present
11              3               )(0 INFO: using Linux perf interface to program uncore PMUs because env variable PCM_USE_UNCORE_PERF=1
1               11              (4) INFO: Secure Boot detected. Using Linux perf for uncore PMU programming.
invalid1               4)(  invalid)(1   (5)   5)(   )(2   (6)   6)(-1                )(3
  (7)13                7)(0               -1               )(45               
-1              (8)13              12              
8)(1               0               12              )(5invalid4               0               (9) 12              4               9)( 1               12              )(6 invalid1               (10)  invalid10)(   )(7   (11)   11)(   )(8   (12)-1                12)(
  )(914                (13)0               -1               13)(6               
-1              )(1014              13              
(14)1               0               13              14)(invalid5               0               )(11 13              5               (15) 1               13              15)( invalid1               )
Tile / L2$ 12  invalid
Tile / L2$ ()   (0(   0)13   )()   (1(   1)14-1                )()
  (2(15                2)150               -1               )()7               
-1              (3
15              14              
3)
1               0               14              )(invalid6               0               (Package thermal spec power: 4 14              6               40) 1               14              ) Watt; ( invalid1               (Package minimum power: 5  invalid50)   ) Watt; (   (Package maximum power: 6   60)   ) Watt;
(   (7-1                7)
  )(=====  Placement on packages  =====
  (8Package Id.    Core Id.     Processors
-1               8)0              
-1              )(015              
(9,0               15              9)17               0               )(,15              7               (1021               15              10),invalid1               )(3 invalid(11,  11)4  )(,  (125  12),  )(6  (
13,  13)7  )(
-1               (14Can't open MCFG table. Check permission of 1              
-1              14)/sys/firmware/acpi/tables/MCFG0=====  Placement on packages  =====

)(
,Package Id.    Core Id.     Processors
=====  Placement on packages  =====
(15Can't open MCFG table. Check permission of 10              Package Id.    Core Id.     Processors
15)/sys/firmware/acpi/tables/MCFG1,00              )

2,0

Can't open MCFG table. Check permission of ,1,
/pcm/sys/firmware/acpi/tables/MCFGPackage thermal spec power: 3,1
Package thermal spec power: 0,2,Can't open MCFG table. Check permission of 0 Watt; 4,2/pcm/sys/firmware/acpi/tables/MCFG1 Watt; Package minimum power: ,3,
Package minimum power: 053,0 Watt; ,,4 Watt; Package maximum power: 64,Package maximum power: 0WARNING: enumeration of devices in UncorePMUDiscovery failed
,,50 Watt;
75, Watt;

,6
=====  Core/Tile sharing  =====
6,Level      Processors
Core       ,7(7
0
1              )1              0(0,1,1)1,(,222,),3(3,3,4)4,(,545,),6(6,5,7)7
(

=====  Core/Tile sharing  =====
6
=====  Core/Tile sharing  =====
Level      Processors
Core       )Level      Processors
Core       (((070)))(((181)))
(((
292))((310Can't open MCFG table. Check permission of ))/sys/firmware/acpi/tables/MCFG((Can't open MCFG table. Check permission of 
411)/sys/firmware/acpi/tables/MCFGCan't open MCFG table. Check permission of ))(
/sys/firmware/acpi/tables/MCFG1((3Can't open MCFG table. Check permission of 
512)/sys/firmware/acpi/tables/MCFG1Can't open MCFG table. Check permission of ))(
/pcm/sys/firmware/acpi/tables/MCFG((4Can't open MCFG table. Check permission of 
613)/pcm/sys/firmware/acpi/tables/MCFGCan't open MCFG table. Check permission of ))(
/pcm/sys/firmware/acpi/tables/MCFG1((5Can't open MCFG table. Check permission of 
714)/pcm/sys/firmware/acpi/tables/MCFG1))(
((6815))WARNING: enumeration of devices in UncorePMUDiscovery failed
)((
Tile / L2$ 79())WARNING: enumeration of devices in UncorePMUDiscovery failed
0(()810())1(()911())2(()1012())3(()1113())4(()1214())5(()1315())6(
Tile / L2$ )14(()07())15(()18
Tile / L2$ ))(((029)))(((1310)))(((2411)))(((3512)))(((4613)))(((5714)))(((6815)))((
79
))(Package thermal spec power: (8010) Watt; )(Package minimum power: (9011) Watt; )(Package maximum power: (10012) Watt;
)((1113))((1214))((1315))(
14
)(Package thermal spec power: 150) Watt; 
Package minimum power: 
0 Watt; Package thermal spec power: Package maximum power: 00 Watt;  Watt;
Package minimum power: 0 Watt; Package maximum power: 0 Watt;

Can't open MCFG table. Check permission of /sys/firmware/acpi/tables/MCFG
Can't open MCFG table. Check permission of /sys/firmware/acpi/tables/MCFG1
Can't open MCFG table. Check permission of /pcm/sys/firmware/acpi/tables/MCFG
Can't open MCFG table. Check permission of /pcm/sys/firmware/acpi/tables/MCFG1

WARNING: enumeration of devices in UncorePMUDiscovery failed

Can't open MCFG table. Check permission of /sys/firmware/acpi/tables/MCFG
Can't open MCFG table. Check permission of /sys/firmware/acpi/tables/MCFG1
Can't open MCFG table. Check permission of /pcm/sys/firmware/acpi/tables/MCFG
Can't open MCFG table. Check permission of /pcm/sys/firmware/acpi/tables/MCFG1
Can't open MCFG table. Check permission of /sys/firmware/acpi/tables/MCFG
Can't open MCFG table. Check permission of /sys/firmware/acpi/tables/MCFG1
Can't open MCFG table. Check permission of /pcm/sys/firmware/acpi/tables/MCFG
Can't open MCFG table. Check permission of /pcm/sys/firmware/acpi/tables/MCFG1
WARNING: enumeration of devices in UncorePMUDiscovery failed
WARNING: enumeration of devices in UncorePMUDiscovery failed
INFO: Linux perf interface to program uncore PMUs is present
INFO: using Linux perf interface to program uncore PMUs because env variable PCM_USE_UNCORE_PERF=1
INFO: Secure Boot detected. Using Linux perf for uncore PMU programming.
INFO: Linux perf interface to program uncore PMUs is present
INFO: using Linux perf interface to program uncore PMUs because env variable PCM_USE_UNCORE_PERF=1
INFO: Secure Boot detected. Using Linux perf for uncore PMU programming.
INFO: Linux perf interface to program uncore PMUs is present
INFO: using Linux perf interface to program uncore PMUs because env variable PCM_USE_UNCORE_PERF=1
INFO: Secure Boot detected. Using Linux perf for uncore PMU programming.
INFO: Linux perf interface to program uncore PMUs is present
INFO: using Linux perf interface to program uncore PMUs because env variable PCM_USE_UNCORE_PERF=1
INFO: Secure Boot detected. Using Linux perf for uncore PMU programming.
INFO: Linux perf interface to program uncore PMUs is present
INFO: using Linux perf interface to program uncore PMUs because env variable PCM_USE_UNCORE_PERF=1
INFO: Secure Boot detected. Using Linux perf for uncore PMU programming.
INFO: Linux perf interface to program uncore PMUs is present
INFO: using Linux perf interface to program uncore PMUs because env variable PCM_USE_UNCORE_PERF=1
INFO: Secure Boot detected. Using Linux perf for uncore PMU programming.
Socket 0: 2 memory controllers detected with total number of 6 channels. 2 UPI ports detected. 2 M2M (mesh to memory) blocks detected. 0 Home Agents detected. 2 M3UPI blocks detected.
Socket 0: 2 memory controllers detected with total number of 6 channels. 2 UPI ports detected. 2 M2M (mesh to memory) blocks detected. 0 Home Agents detected. 2 M3UPI blocks detected.
Socket 0Socket : 0Socket 0Socket 2: Socket :  memory controllers detected with total number of Socket 022Socket 06: 0 memory controllers detected with total number of  memory controllers detected with total number of 1:  channels. 2: 66: 22 memory controllers detected with total number of 2 channels.  channels. 2 memory controllers detected with total number of  6 memory controllers detected with total number of 22 memory controllers detected with total number of 6UPI channels. 6  6 channels.  ports detected.2 channels. UPIUPI channels. 2  2 ports detected. ports detected.2 2UPI    UPI M2M (mesh to memory) blocks detected.  ports detected.UPI22UPI ports detected.0  ports detected. M2M (mesh to memory) blocks detected.  M2M (mesh to memory) blocks detected.  ports detected.  Home Agents detected. 2 00 22 M2M (mesh to memory) blocks detected. 2 Home Agents detected.  Home Agents detected. 2 M2M (mesh to memory) blocks detected.  M3UPI blocks detected.
0 M2M (mesh to memory) blocks detected. 22 M2M (mesh to memory) blocks detected. 0 Home Agents detected. 0 M3UPI blocks detected.
 M3UPI blocks detected.
0 Home Agents detected. 2 Home Agents detected.  Home Agents detected. 2 M3UPI blocks detected.
22 M3UPI blocks detected.
 M3UPI blocks detected.
 M3UPI blocks detected.
Socket 1: 2 memory controllers detected with total number of 6 channels. 2 UPI ports detected. 2 M2M (mesh to memory) blocks detected. 0 Home Agents detected. 2 M3UPI blocks detected.
Socket Socket 11Socket : : 1: 222 memory controllers detected with total number of  memory controllers detected with total number of  memory controllers detected with total number of 666 channels.  channels.  channels. 222   UPIUPIUPI ports detected. ports detected. ports detected.   222 M2M (mesh to memory) blocks detected.  M2M (mesh to memory) blocks detected.  M2M (mesh to memory) blocks detected. 000 Home Agents detected.  Home Agents detected.  Home Agents detected. 222 M3UPI blocks detected.
 M3UPI blocks detected.
 M3UPI blocks detected.
Socket Socket 11Socket : : 122:  memory controllers detected with total number of  memory controllers detected with total number of 266 memory controllers detected with total number of  channels.  channels. 622 channels.   2UPIUPI  ports detected. ports detected.UPI   ports detected.22  M2M (mesh to memory) blocks detected.  M2M (mesh to memory) blocks detected. 200 M2M (mesh to memory) blocks detected.  Home Agents detected.  Home Agents detected. 022 Home Agents detected.  M3UPI blocks detected.
 M3UPI blocks detected.
2 M3UPI blocks detected.
INFO: using Linux resctrl driver for RDT metrics (L3OCC, LMB, RMB) because environment variable PCM_USE_RESCTRL=1
ERROR: /sys/fs/resctrl is not mounted
ERROR: RDT metrics (L3OCC,LMB,RMB) will not be available
Mount it to make it work: mount -t resctrl resctrl /sys/fs/resctrl
INFO: using Linux resctrl driver for RDT metrics (L3OCC, LMB, RMB) because environment variable PCM_USE_RESCTRL=1
ERROR: /sys/fs/resctrl is not mounted
ERROR: RDT metrics (L3OCC,LMB,RMB) will not be available
Mount it to make it work: mount -t resctrl resctrl /sys/fs/resctrl


INFO: using Linux resctrl driver for RDT metrics (L3OCC, LMB, RMB) because environment variable PCM_USE_RESCTRL=1
INFO: using Linux resctrl driver for RDT metrics (L3OCC, LMB, RMB) because environment variable PCM_USE_RESCTRL=1
ERROR: /sys/fs/resctrl is not mounted
INFO: using Linux resctrl driver for RDT metrics (L3OCC, LMB, RMB) because environment variable PCM_USE_RESCTRL=1
ERROR: RDT metrics (L3OCC,LMB,RMB) will not be available
ERROR: /sys/fs/resctrl is not mounted
 Closed perf event handles
Mount it to make it work: mount -t resctrl resctrl /sys/fs/resctrl
ERROR: RDT metrics (L3OCC,LMB,RMB) will not be available
INFO: using Linux resctrl driver for RDT metrics (L3OCC, LMB, RMB) because environment variable PCM_USE_RESCTRL=1
ERROR: /sys/fs/resctrl is not mounted
Trying to use Linux perf events...
INFO: using Linux resctrl driver for RDT metrics (L3OCC, LMB, RMB) because environment variable PCM_USE_RESCTRL=1
Mount it to make it work: mount -t resctrl resctrl /sys/fs/resctrl
ERROR: RDT metrics (L3OCC,LMB,RMB) will not be available
INFO: using Linux resctrl driver for RDT metrics (L3OCC, LMB, RMB) because environment variable PCM_USE_RESCTRL=1
ERROR: /sys/fs/resctrl is not mounted
Mount it to make it work: mount -t resctrl resctrl /sys/fs/resctrl
ERROR: /sys/fs/resctrl is not mounted
ERROR: RDT metrics (L3OCC,LMB,RMB) will not be available
 Closed perf event handles
ERROR: RDT metrics (L3OCC,LMB,RMB) will not be available
ERROR: /sys/fs/resctrl is not mounted
Mount it to make it work: mount -t resctrl resctrl /sys/fs/resctrl
Trying to use Linux perf events...
Mount it to make it work: mount -t resctrl resctrl /sys/fs/resctrl
ERROR: RDT metrics (L3OCC,LMB,RMB) will not be available
Mount it to make it work: mount -t resctrl resctrl /sys/fs/resctrl



 Closed perf event handles
Trying to use Linux perf events...

 Closed perf event handles
Trying to use Linux perf events...
 Closed perf event handles
Trying to use Linux perf events...
 Closed perf event handles
Trying to use Linux perf events...


Successfully programmed on-core PMU using Linux perf
Successfully programmed on-core PMU using Linux perf
Successfully programmed on-core PMU using Linux perf
Successfully programmed on-core PMU using Linux perf
Successfully programmed on-core PMU using Linux perf
Successfully programmed on-core PMU using Linux perf
 Closed perf event handles
Trying to use Linux perf events...
 Closed perf event handles
Trying to use Linux perf events...
Successfully programmed on-core PMU using Linux perf
Successfully programmed on-core PMU using Linux perf
Socket 0
Max UPI link 0 speed: 2.4 GBytes/second (1.1 GT/second)
Max UPI link 1 speed: 2.4 GBytes/second (1.1 GT/second)
Socket 1
Max UPI link 0 speed: 2.3 GBytes/second (1.0 GT/second)
Max UPI link 1 speed: 2.3 GBytes/second (1.0 GT/second)

Detected Intel(R) Xeon(R) Silver 4208 CPU @ 2.10GHz "Intel(r) microarchitecture codename Cascade Lake-SP" stepping 7

Executing "./VE/ior-main/src/ior" command:
Socket 0
Max UPI link 0 speed: 2.3 GBytes/second (1.0 GT/second)
Max UPI link 1 speed: 2.3 GBytes/second (1.0 GT/second)
Socket 1
Max UPI link 0 speed: 2.4 GBytes/second (1.1 GT/second)
Max UPI link 1 speed: 2.4 GBytes/second (1.1 GT/second)

Detected Intel(R) Xeon(R) Silver 4208 CPU @ 2.10GHz "Intel(r) microarchitecture codename Cascade Lake-SP" stepping 7

Executing "./VE/ior-main/src/ior" command:
Socket 0
Max UPI link 0 speed: 2.4 GBytes/second (1.1 GT/second)
Max UPI link 1 speed: 2.4 GBytes/second (1.1 GT/second)
Socket 1
Max UPI link 0 speed: 2.3 GBytes/second (1.0 GT/second)
Max UPI link 1 speed: 2.3 GBytes/second (1.0 GT/second)

Detected Intel(R) Xeon(R) Silver 4208 CPU @ 2.10GHz "Intel(r) microarchitecture codename Cascade Lake-SP" stepping 7
Socket 0
Max UPI link 0 speed: 2.5 GBytes/second (1.1 GT/second)
Max UPI link 1 speed: 2.5 GBytes/second (1.1 GT/second)
Socket 1
Max UPI link 0 speed: 2.3 GBytes/second (1.0 GT/second)
Max UPI link 1 speed: 2.3 GBytes/second (1.0 GT/second)

Detected Intel(R) Xeon(R) Silver 4208 CPU @ 2.10GHz "Intel(r) microarchitecture codename Cascade Lake-SP" stepping 7

Executing "./VE/ior-main/src/ior" command:

Executing "./VE/ior-main/src/ior" command:
Socket 0
Max UPI link 0 speed: 2.6 GBytes/second (1.2 GT/second)
Max UPI link 1 speed: 2.6 GBytes/second (1.2 GT/second)
Socket 1
Max UPI link 0 speed: 2.4 GBytes/second (1.1 GT/second)
Max UPI link 1 speed: 2.4 GBytes/second (1.1 GT/second)

Detected Intel(R) Xeon(R) Silver 4208 CPU @ 2.10GHz "Intel(r) microarchitecture codename Cascade Lake-SP" stepping 7

Executing "./VE/ior-main/src/ior" command:
Socket 0
Max UPI link 0 speed: 2.2 GBytes/second (1.0 GT/second)
Max UPI link 1 speed: 2.2 GBytes/second (1.0 GT/second)
Socket 1
Max UPI link 0 speed: 2.3 GBytes/second (1.0 GT/second)
Max UPI link 1 speed: 2.3 GBytes/second (1.0 GT/second)

Detected Intel(R) Xeon(R) Silver 4208 CPU @ 2.10GHz "Intel(r) microarchitecture codename Cascade Lake-SP" stepping 7

Executing "./VE/ior-main/src/ior" command:
Socket 0
Max UPI link 0 speed: 2.2 GBytes/second (1.0 GT/second)
Max UPI link 1 speed: 2.2 GBytes/second (1.0 GT/second)
Socket 1
Max UPI link 0 speed: 2.5 GBytes/second (1.1 GT/second)
Max UPI link 1 speed: 2.5 GBytes/second (1.1 GT/second)

Detected Intel(R) Xeon(R) Silver 4208 CPU @ 2.10GHz "Intel(r) microarchitecture codename Cascade Lake-SP" stepping 7

Executing "./VE/ior-main/src/ior" command:
Socket 0
Max UPI link 0 speed: 2.2 GBytes/second (1.0 GT/second)
Max UPI link 1 speed: 2.2 GBytes/second (1.0 GT/second)
Socket 1
Max UPI link 0 speed: 2.5 GBytes/second (1.1 GT/second)
Max UPI link 1 speed: 2.5 GBytes/second (1.1 GT/second)

Detected Intel(R) Xeon(R) Silver 4208 CPU @ 2.10GHz "Intel(r) microarchitecture codename Cascade Lake-SP" stepping 7

Executing "./VE/ior-main/src/ior" command:
IOR-4.1.0+dev: MPI Coordinated Test of Parallel I/O
Began               : Thu Mar 21 18:39:15 2024
Command line        : ./VE/ior-main/src/ior -t 1m -b 8m -s 8 -o hpl_test -F
Machine             : Linux muffin
TestID              : 0
StartTime           : Thu Mar 21 18:39:15 2024
Path                : hpl_test.00000000
FS                  : 79.0 TiB   Used FS: 12.7%   Inodes: 16179.2 Mi   Used Inodes: 0.2%

Options: 
api                 : POSIX
apiVersion          : 
test filename       : hpl_test
access              : file-per-process
type                : independent
segments            : 8
ordering in a file  : sequential
ordering inter file : no tasks offsets
nodes               : 1
tasks               : 8
clients per node    : 8
memoryBuffer        : CPU
dataAccess          : CPU
GPUDirect           : 0
repetitions         : 1
xfersize            : 1 MiB
blocksize           : 8 MiB
aggregate filesize  : 512 MiB

Results: 

access    bw(MiB/s)  IOPS       Latency(s)  block(KiB) xfer(KiB)  open(s)    wr/rd(s)   close(s)   total(s)   iter
------    ---------  ----       ----------  ---------- ---------  --------   --------   --------   --------   ----
write     11.17      115.03     0.005821    8192       1024.00    4.40       4.45       45.80      45.85      0   
read      89.42      89.44      0.004704    8192       1024.00    0.001976   5.72       5.69       5.73       0   

Summary of all tests:
Operation   Max(MiB)   Min(MiB)  Mean(MiB)     StdDev   Max(OPs)   Min(OPs)  Mean(OPs)     StdDev    Mean(s) Stonewall(s) Stonewall(MiB) Test# #Tasks tPN reps fPP reord reordoff reordrand seed segcnt   blksiz    xsize aggs(MiB)   API RefNum
write          11.17      11.17      11.17       0.00      11.17      11.17      11.17       0.00   45.85494         NA            NA     0      8   8    1   1     0        1         0    0      8  8388608  1048576     512.0 POSIX      0
read           89.42      89.42      89.42       0.00      89.42      89.42      89.42       0.00    5.72573         NA            NA     0      8   8    1   1     0        1         0    0      8  8388608  1048576     512.0 POSIX      0
Finished            : Thu Mar 21 18:40:06 2024
DEBUG: caught signal to interrupt (Child exited).
Cleaning up
 Closed perf event handles
DEBUG: caught signal to interrupt (Child exited).
Cleaning up
 Closed perf event handles
DEBUG: caught signal to interrupt (Child exited).
Cleaning up
DEBUG: caught signal to interrupt (Child exited).
Cleaning up
 Closed perf event handles
DEBUG: caught signal to interrupt (Child exited).
Cleaning up
 Closed perf event handles
 Closed perf event handles
DEBUG: caught signal to interrupt (DEBUG: caught signal to interrupt (Child exited).
Child exited).
Cleaning up
Cleaning up
 Closed perf event handles
 Closed perf event handles
 Zeroed uncore PMU registers
 Zeroed uncore PMU registers
 Zeroed uncore PMU registers
DEBUG: caught signal to interrupt (Child exited).
Cleaning up
 Closed perf event handles
 Zeroed uncore PMU registers
 Zeroed uncore PMU registers
 Zeroed uncore PMU registers
 Zeroed uncore PMU registers
 Zeroed uncore PMU registers
	Command being timed: "/opt/nec/ve/bin/mpirun -n 8 /usr/sbin/pcm 0.1 -csv=./output/0/ve_IOR_0_0.csv -- ./VE/ior-main/src/ior -t 1m -b 8m -s 8 -o hpl_test -F"
	User time (seconds): 3.11
	System time (seconds): 2.12
	Percent of CPU this job got: 9%
	Elapsed (wall clock) time (h:mm:ss or m:ss): 0:53.29
	Average shared text size (kbytes): 0
	Average unshared data size (kbytes): 0
	Average stack size (kbytes): 0
	Average total size (kbytes): 0
	Maximum resident set size (kbytes): 141384
	Average resident set size (kbytes): 0
	Major (requiring I/O) page faults: 0
	Minor (reclaiming a frame) page faults: 6827
	Voluntary context switches: 75088
	Involuntary context switches: 5371
	Swaps: 0
	File system inputs: 0
	File system outputs: 4560
	Socket messages sent: 0
	Socket messages received: 0
	Signals delivered: 0
	Page size (bytes): 4096
	Exit status: 0
