----------------------- Start VH b_eff 2024-02-29_19-42-02 -----------------------

 Intel(r) Performance Counter Monitor (2022-11-24 10:18:12 +0100 ID=1b16bb4e)


PCM Info: setrlimit for file limit 1000000 failed with error Operation not permitted

=====  Processor information  =====

 Intel(r) Performance Counter Monitor (2022-11-24 10:18:12 +0100 ID=1b16bb4e)


PCM Info: setrlimit for file limit 1000000 failed with error Operation not permitted

=====  Processor information  =====
Linux arch_perfmon flag  : 
yes
 Intel(r) Performance Counter Monitor 

 Intel(r) Performance Counter Monitor 
(2022-11-24 10:18:12 +0100 ID=1b16bb4e)
Hybrid processor         :  Intel(r) Performance Counter Monitor 
(2022-11-24 10:18:12 +0100 ID=1b16bb4e) Intel(r) Performance Counter Monitor 
 Intel(r) Performance Counter Monitor no(2022-11-24 10:18:12 +0100 ID=1b16bb4e) Intel(r) Performance Counter Monitor 
(2022-11-24 10:18:12 +0100 ID=1b16bb4e)
(2022-11-24 10:18:12 +0100 ID=1b16bb4e)

(2022-11-24 10:18:12 +0100 ID=1b16bb4e)



IBRS and IBPB supported  : 





yesPCM Info: setrlimit for file limit 
PCM Info: setrlimit for file limit 


PCM Info: setrlimit for file limit 1000000
1000000STIBP supported          : 1000000 failed with error PCM Info: setrlimit for file limit Operation not permittedPCM Info: setrlimit for file limit  failed with error yes failed with error PCM Info: setrlimit for file limit 1000000
1000000
Operation not permittedOperation not permitted1000000 failed with error  failed with error Spec arch caps supported : 

 failed with error 
=====  Processor information  =====
Operation not permittedOperation not permittedyesOperation not permitted

=====  Processor information  =====



=====  Processor information  =====

Max CPUID level          : 
=====  Processor information  =====
22
=====  Processor information  =====

CPU model number         : 
=====  Processor information  =====
85
Linux arch_perfmon flag  : yes
Hybrid processor         : noLinux arch_perfmon flag  : 
yesLinux arch_perfmon flag  : IBRS and IBPB supported  : 
Linux arch_perfmon flag  : yesyesLinux arch_perfmon flag  : Hybrid processor         : yes
Linux arch_perfmon flag  : 
yesno
Hybrid processor         : yesSTIBP supported          : 

Hybrid processor         : nono
yesHybrid processor         : IBRS and IBPB supported  : 

Hybrid processor         : 
noyesIBRS and IBPB supported  : IBRS and IBPB supported  : noSpec arch caps supported : 

yesyes
yesIBRS and IBPB supported  : STIBP supported          : 

IBRS and IBPB supported  : 
yesyesSTIBP supported          : STIBP supported          : yesyesMax CPUID level          : 

yes

22STIBP supported          : Spec arch caps supported : 
Spec arch caps supported : STIBP supported          : 
yesyesSpec arch caps supported : yesyesCPU model number         : 

yes

Spec arch caps supported : 85Spec arch caps supported : Max CPUID level          : 
Max CPUID level          : yes
yes22Max CPUID level          : 22


22
Max CPUID level          : Max CPUID level          : CPU model number         : 
CPU model number         : 222285CPU model number         : 85


85
CPU model number         : CPU model number         : 
8585

Number of physical cores: 16
Number of logical cores: 16
Number of online logical cores: 16
Threads (logical cores) per physical core: 1
Num sockets: 2
Physical cores per socket: 8
Last level cache slices per socket: 0
Core PMU (perfmon) version: 4
Number of core PMU generic (programmable) counters: 8
Width of generic (programmable) counters: 48 bits
Number of core PMU fixed counters: 3
Width of fixed counters: 48 bits
Nominal core frequency: 2100000000 Hz
IBRS enabled in the kernel   : no
STIBP enabled in the kernel  : no
The processor is not susceptible to Rogue Data Cache Load: no
The processor supports enhanced IBRS                     : no

=====  Processor topology  =====
OS_Processor    Thread_Id       Core_Id         Tile_Id         Package_Id      Core_Type   Native_CPU_Model
0               0               0               0               0               invalid         -1              
1               0               1               1               0               invalid         -1              
2               0               2               2               0               invalid         -1              
3               0               3               3               0               invalid         -1              
4               0               4               4               0               invalid         -1              
5               0               5               5               0               invalid         -1              
6               0               6               6               0               invalid         -1              
7               0               7               7               0               invalid         -1              
8               0               0               8               1               invalid         -1              
9               0               1               9               1               invalid         -1              
10              0               2               10              1               invalid         -1              
11              0               3               11              1               invalid         -1              
12              0               4               12              1               invalid         -1              
13              0               5               13              1               invalid         -1              
14              0               6               14              1               invalid         -1              
15              0               7               15              1               invalid         -1              
=====  Placement on packages  =====
Package Id.    Core Id.     Processors
0              0,1,2,3,4,5,6,7
1              0,1,2,3,4,5,6,7

=====  Core/Tile sharing  =====
Level      Processors
Core       (0)(1)(2Number of physical cores: )(Number of physical cores: 163Number of physical cores: 
16Number of physical cores: )Number of logical cores: Number of physical cores: 16
Number of physical cores: (1616
16Number of logical cores: 416

Number of logical cores: 
16)
Number of logical cores: Number of online logical cores: 16Number of logical cores: 
(Number of logical cores: 1616
16Number of online logical cores: 516

Number of online logical cores: 
16)
Number of online logical cores: Threads (logical cores) per physical core: 16Number of online logical cores: 
(Number of online logical cores: 161
16Threads (logical cores) per physical core: 616

Threads (logical cores) per physical core: 
1)
Threads (logical cores) per physical core: Num sockets: 1Threads (logical cores) per physical core: 
(Threads (logical cores) per physical core: 12
1Num sockets: 71

Num sockets: 
2)
Num sockets: Physical cores per socket: 2Num sockets: 
(Num sockets: 28
2Physical cores per socket: 82

Physical cores per socket: 
8)
Physical cores per socket: Last level cache slices per socket: 8Physical cores per socket: 
(Physical cores per socket: 80
8Last level cache slices per socket: 98

Last level cache slices per socket: 
0)
Last level cache slices per socket: Core PMU (perfmon) version: 0Last level cache slices per socket: 
(Last level cache slices per socket: 04
0Core PMU (perfmon) version: 100

Core PMU (perfmon) version: 
4)
Core PMU (perfmon) version: Number of core PMU generic (programmable) counters: 4Core PMU (perfmon) version: 
(Core PMU (perfmon) version: 48
4Number of core PMU generic (programmable) counters: 114

Number of core PMU generic (programmable) counters: 
8)
Number of core PMU generic (programmable) counters: Width of generic (programmable) counters: 8Number of core PMU generic (programmable) counters: 
(Number of core PMU generic (programmable) counters: 848
8Width of generic (programmable) counters: 128
 bits
Width of generic (programmable) counters: 
48)
Width of generic (programmable) counters: Number of core PMU fixed counters: 48Width of generic (programmable) counters:  bits
(Width of generic (programmable) counters: 483 bits
48Number of core PMU fixed counters: 1348 bits

Number of core PMU fixed counters:  bits
3) bits
Number of core PMU fixed counters: Width of fixed counters: 3Number of core PMU fixed counters: 
(Number of core PMU fixed counters: 348
3Width of fixed counters: 143
 bits
Width of fixed counters: 
48)
Width of fixed counters: Nominal core frequency: 48Width of fixed counters:  bits
(Width of fixed counters: 482100000000 bits
48Nominal core frequency: 1548 bits
 Hz
Nominal core frequency:  bits
2100000000) bits
Nominal core frequency: IBRS enabled in the kernel   : 2100000000Nominal core frequency:  Hz

Tile / L2$ Nominal core frequency: 2100000000no Hz
2100000000IBRS enabled in the kernel   : (2100000000 Hz

IBRS enabled in the kernel   :  Hz
no0 Hz
IBRS enabled in the kernel   : STIBP enabled in the kernel  : noIBRS enabled in the kernel   : 
)IBRS enabled in the kernel   : nono
noSTIBP enabled in the kernel  : (no

STIBP enabled in the kernel  : 
no1
STIBP enabled in the kernel  : The processor is not susceptible to Rogue Data Cache Load: noSTIBP enabled in the kernel  : 
)STIBP enabled in the kernel  : nono
noThe processor is not susceptible to Rogue Data Cache Load: (no

The processor is not susceptible to Rogue Data Cache Load: 
no2
The processor is not susceptible to Rogue Data Cache Load: The processor supports enhanced IBRS                     : noThe processor is not susceptible to Rogue Data Cache Load: 
)The processor is not susceptible to Rogue Data Cache Load: nono
noThe processor supports enhanced IBRS                     : (no

The processor supports enhanced IBRS                     : 
no3
The processor supports enhanced IBRS                     : 
=====  Processor topology  =====
noThe processor supports enhanced IBRS                     : 
)The processor supports enhanced IBRS                     : noOS_Processor    Thread_Id       Core_Id         Tile_Id         Package_Id      Core_Type   Native_CPU_Model

no
=====  Processor topology  =====
(no
0               
=====  Processor topology  =====

OS_Processor    Thread_Id       Core_Id         Tile_Id         Package_Id      Core_Type   Native_CPU_Model
4

=====  Processor topology  =====
0               OS_Processor    Thread_Id       Core_Id         Tile_Id         Package_Id      Core_Type   Native_CPU_Model

=====  Processor topology  =====
0               )
=====  Processor topology  =====
OS_Processor    Thread_Id       Core_Id         Tile_Id         Package_Id      Core_Type   Native_CPU_Model
0               0               OS_Processor    Thread_Id       Core_Id         Tile_Id         Package_Id      Core_Type   Native_CPU_Model
0               (OS_Processor    Thread_Id       Core_Id         Tile_Id         Package_Id      Core_Type   Native_CPU_Model
0               0               0               0               0               50               0               0               0               0               0               )0               0               invalid0               0               0               (0               0                0               0               invalid60               0                invalid0                )0               invalid  invalid (invalid     7      )      (      8      )      (  -1                 9  
  -1              )  1               -1               
( -1              0               
-1              1               10-1              
1               1               
0               )
1               1               0               1               1               (1               0               0               1               0               1               110               1               invalid1               1               0               )1               1                0               1               invalid(1               0                invalid0                120               invalid  invalid  )invalid     (       13      )      (       14  -1                 )  
  -1              (  2               -1                
-1              2               15
0                ) 2               0               2               
 
-1              Linux arch_perfmon flag  : 0               2               2               -1              2               

2               yes2               0               
0               Package thermal spec power: 2               2               
0               invalid2               2               00               0               Hybrid processor         : invalid 0               2                Watt; 2               invalidno  2               0               Package minimum power: 2                
  2               invalid00                IBRS and IBPB supported  :   0                 Watt; invalid    yes   invalid Package maximum power:     
    0   STIBP supported          :      Watt;
  yes    -1               
 -1                
 Spec arch caps supported :  
  3                yes-1              3                 0               -1              

0                 3               
Max CPUID level          : 3               3                -1              3               3               220               3                
0               
0               
3               0               -1              3               invalid  3               CPU model number         : 3               invalid
0               Can't open MCFG table. Check permission of     3               850                3               3               /sys/firmware/acpi/tables/MCFG  0               
invalid 0               3               
 invalid  3               0               Can't open MCFG table. Check permission of -1                 3               invalid/sys/firmware/acpi/tables/MCFG1
   0                
4                  invalid Can't open MCFG table. Check permission of 0                    /pcm/sys/firmware/acpi/tables/MCFG4                    
4                    Can't open MCFG table. Check permission of 0                 -1                /pcm/sys/firmware/acpi/tables/MCFG1invalid  
  
  -1              4                  -1              
0                  
4               4               WARNING: enumeration of devices in UncorePMUDiscovery failed
 -1               4               0               4                
 0               4               0               -1              4                4               4               invalid
0                4               0                4               4                0               invalid 0               4                invalid  4               0               -1                 4               invalid
   0                5                  invalid 0                    5                    5                    0                 -1                invalid  
    -1              5                  -1              
0                  
5               5                -1               5               0               0               5               5               5               5               5               0               0               0                invalid
invalid invalid-1               5                  
 0                  5                5                  0                5                  5                0                -1               5                invalid 
 0                  6                invalid   0                    6                 -1               -1              6               -1               
 
0               
 6                6               invalid6                0                0                0                6                6                6                6                6                6                0               -1              0                0                invalid
invalid invalid-1               6                  
 0                  6                6                  0                6                  6                0                -1               6                invalid 
 0                  7                invalid   0                    7                 -1               -1              7               -1               
 
0               
 7                7               invalid7                0                0                0                7                7                7                7                7                7                0               -1              0                0                invalid
invalid invalid-1               7                  
 0                  7                7                  0                7                  7                0                -1               7                invalid 
 0                  8                invalid   0                    0                 -1               -1              8               -1               
 
1               
 8                8               invalid8                0                0                0                0                0                0                8                8                8                1               -1              1                1                invalid
invalid invalid-1               8                  
 0                  8                0                  0                8                  0                1                -1               8                invalid 
 1                  9                invalid   0                INFO: Linux perf interface to program uncore PMUs is     1                 present
-1               -1              9               -1               INFO: using Linux perf interface to program uncore PMUs because env variable PCM_USE_UNCORE_PERF=1

 
1               
 INFO: Secure Boot detected. Using Linux perf for uncore PMU programming.
9                9               invalid9                0                0                0                1                1                1                9                9                9                1               -1              1                1                invalid
invalid invalid-1               9                  
 0                  9                1                  0                9                  1                1                -1               9                invalid 
 1                  10               invalid   0                    2                 -1               -1              10              -1               
 
1               
 10               10              invalid10               0                0                0                2                2                2                10               10               10               1               -1              1                1                invalid
invalid invalid-1               10                 
 0                  10               2                  0                10                 2                1                -1               10               invalid 
 1                  11               invalid   0                    3                 -1               -1              11              -1               
 
1               
 11               11              invalid11               0                0                0                3                3                3                11               11               11               1               -1              1                1                invalid
invalid invalid-1               11                 
 0                  11               3                  0                11                 3                1                -1               11               invalid 
 1                  12               invalid   0                    4                 -1               -1              12              -1               
 
1               
 12               12              invalid12               0                0                0                4                4                4                12               12               12               1               -1              1                1                invalid
invalid invalid-1               12                 
 0                  12               4                   0                4                12               1                invalid  -1               
  13              12                 0               1                   5               invalid-1                 13               
   1                13                 invalid 0                -1                 5               -1              
-1                13              
13              
  1               13              0               13                invalid0               5               0                   5               13              5                   13              1               13               -1               1               invalid1               -1              
 invalid invalid
13                  14              0                   0               5                   6               13                  14              1                   1               invalid-1                 invalid 
     14                   0                -1                 6               -1              
-1                14              
14              
  1               14              0               14                invalid0               6               0                  6               14              6                  14              1               14               -1               1               invalid1               -1              
 invalid invalid
14                  15              0                    0               6                   7               14                  15              1                   1               invalid-1                 invalid 
     15                   0               -1              -1                 7               

-1                15              15              15              
  1               0               0               15                invalid7               7               0                  15              15              7                  1               1               15               -1               invalidinvalid1               -1              
   invalid
15                  =====  Placement on packages  =====
0                   Package Id.    Core Id.     Processors
7                   0              15                 -1               
 =====  Placement on packages  =====
 Package Id.    Core Id.     Processors
 0              -1              0
,=====  Placement on packages  =====
1Package Id.    Core Id.     Processors
,0              20 ,,  301 1                ,,, invalid 412   ,,,  -1              523  
,,,-1               =====  Placement on packages  =====
634
 Package Id.    Core Id.     Processors
,,,=====  Placement on packages  =====
 0              745Package Id.    Core Id.     Processors
 0
,,0               ,1              560 10,,,-1              ,,671
21,
,=====  Placement on packages  =====
,,71              2Package Id.    Core Id.     Processors
32
0,0              ,,1              ,304301,,2,,413,,,524,,,6,35,,,,15,474,,6,
,26,5Socket 1              5,,7,00,37
6,: 6,

=====  Core/Tile sharing  =====
,12,41              Level      Processors
Core       7, memory controllers detected with total number of 7,0(
26
5,0
=====  Core/Tile sharing  =====
, channels. 1              ,1)Level      Processors
Core       3206,((, ,,2104UPI17,)), ports detected.,
3((5 2
=====  Core/Tile sharing  =====
,21,2,Level      Processors
Core       4))6 M2M (mesh to memory) blocks detected. 3(,((,0,05327 Home Agents detected. 4),))
2,(6((
=====  Core/Tile sharing  =====
 M3UPI blocks detected.
51,43Level      Processors
Core       ,)7))(6(
((0,2
=====  Core/Tile sharing  =====
54)7)Level      Processors
Core       ))(
((((1
=====  Core/Tile sharing  =====
3065)Level      Processors
Core       ))))((((((204176))))))((((((315287))))))((((((426398))))))((((((5374109))))))((((((64851110))))))((((((75961211))))))((((((861071312))))))((((((971181413))))))((((((1081291514))))))((((
Tile / L2$ (1191310(15))))0)(((()
Tile / L2$ 12101411(())))10(((())13111512(())))21((
Tile / L2$ ())1412(13(())0)32(()())1513(14(())1)43
Tile / L2$ ()())(14(15((0)2)54)()
Tile / L2$ ))(15((((1)3065)
Tile / L2$ ))))((((((204176))))))((((((315287))))))((((((426398))))))((((((5374109))()4()8()5()(5)(6)(7)(8)(9)))((((10)119610)())))(6((((11)1210711)())))(7((((12)1311812)())))(8((((13)1412913)())))(9((((14)15131014)())))(10
(((15)
141115)()Package thermal spec power: ))
11(0(

)15 Watt; 12
(Package thermal spec power: )Package minimum power: )Package thermal spec power: 120
0(0) Watt; 
 Watt; 13 Watt; (Package minimum power: Package thermal spec power: Package maximum power: )Package minimum power: 13000(0) Watt;  Watt;  Watt;
14 Watt; (Package maximum power: Package minimum power: )Package maximum power: 1400(0) Watt;
 Watt; 15 Watt;
(Package maximum power: )150
) Watt;



Package thermal spec power: 0Package thermal spec power:  Watt; 0Package minimum power:  Watt; 0Package minimum power:  Watt; 0Package maximum power:  Watt; 0Package maximum power:  Watt;
0 Watt;



Can't open MCFG table. Check permission of /sys/firmware/acpi/tables/MCFG
Can't open MCFG table. Check permission of /sys/firmware/acpi/tables/MCFG1Can't open MCFG table. Check permission of 

/sys/firmware/acpi/tables/MCFGCan't open MCFG table. Check permission of Can't open MCFG table. Check permission of 
/sys/firmware/acpi/tables/MCFG/pcm/sys/firmware/acpi/tables/MCFGCan't open MCFG table. Check permission of 

/sys/firmware/acpi/tables/MCFG1Can't open MCFG table. Check permission of Can't open MCFG table. Check permission of Can't open MCFG table. Check permission of 

/sys/firmware/acpi/tables/MCFG/sys/firmware/acpi/tables/MCFG1/pcm/sys/firmware/acpi/tables/MCFG1Can't open MCFG table. Check permission of 



/pcm/sys/firmware/acpi/tables/MCFGCan't open MCFG table. Check permission of Can't open MCFG table. Check permission of 
/sys/firmware/acpi/tables/MCFG1/pcm/sys/firmware/acpi/tables/MCFGCan't open MCFG table. Check permission of Can't open MCFG table. Check permission of 

/pcm/sys/firmware/acpi/tables/MCFG1Can't open MCFG table. Check permission of /sys/firmware/acpi/tables/MCFGCan't open MCFG table. Check permission of Can't open MCFG table. Check permission of WARNING: enumeration of devices in UncorePMUDiscovery failed

/sys/firmware/acpi/tables/MCFG
/pcm/sys/firmware/acpi/tables/MCFG/pcm/sys/firmware/acpi/tables/MCFG1
Can't open MCFG table. Check permission of 

Can't open MCFG table. Check permission of /sys/firmware/acpi/tables/MCFG1Can't open MCFG table. Check permission of /sys/firmware/acpi/tables/MCFG1
/pcm/sys/firmware/acpi/tables/MCFG1WARNING: enumeration of devices in UncorePMUDiscovery failed

Can't open MCFG table. Check permission of 
WARNING: enumeration of devices in UncorePMUDiscovery failed
Can't open MCFG table. Check permission of /pcm/sys/firmware/acpi/tables/MCFG/pcm/sys/firmware/acpi/tables/MCFG

Can't open MCFG table. Check permission of Can't open MCFG table. Check permission of /pcm/sys/firmware/acpi/tables/MCFG1/pcm/sys/firmware/acpi/tables/MCFG1
WARNING: enumeration of devices in UncorePMUDiscovery failed

WARNING: enumeration of devices in UncorePMUDiscovery failed
WARNING: enumeration of devices in UncorePMUDiscovery failed
INFO: Linux perf interface to program uncore PMUs is present
INFO: using Linux perf interface to program uncore PMUs because env variable PCM_USE_UNCORE_PERF=1
INFO: Linux perf interface to program uncore PMUs is INFO: Secure Boot detected. Using Linux perf for uncore PMU programming.
INFO: Linux perf interface to program uncore PMUs is present
present
INFO: Linux perf interface to program uncore PMUs is INFO: using Linux perf interface to program uncore PMUs because env variable PCM_USE_UNCORE_PERF=1
present
INFO: Linux perf interface to program uncore PMUs is INFO: using Linux perf interface to program uncore PMUs because env variable PCM_USE_UNCORE_PERF=1
INFO: Secure Boot detected. Using Linux perf for uncore PMU programming.
INFO: Linux perf interface to program uncore PMUs is INFO: using Linux perf interface to program uncore PMUs because env variable PCM_USE_UNCORE_PERF=1
present
INFO: Secure Boot detected. Using Linux perf for uncore PMU programming.
INFO: Secure Boot detected. Using Linux perf for uncore PMU programming.
present
INFO: using Linux perf interface to program uncore PMUs because env variable PCM_USE_UNCORE_PERF=1
INFO: using Linux perf interface to program uncore PMUs because env variable PCM_USE_UNCORE_PERF=1
INFO: Secure Boot detected. Using Linux perf for uncore PMU programming.
INFO: Secure Boot detected. Using Linux perf for uncore PMU programming.
Socket 1: 2 memory controllers detected with total number of 6 channels. 2 UPI ports detected. 2 M2M (mesh to memory) blocks detected. 0 Home Agents detected. 2 M3UPI blocks detected.
Number of physical cores: 16
Number of logical cores: 16
Number of online logical cores: 16
Threads (logical cores) per physical core: 1
Num sockets: 2
Physical cores per socket: 8
Last level cache slices per socket: 0
Core PMU (perfmon) version: 4
Number of core PMU generic (programmable) counters: 8
Width of generic (programmable) counters: 48 bits
Number of core PMU fixed counters: 3
Width of fixed counters: 48 bits
Nominal core frequency: 2100000000 Hz
IBRS enabled in the kernel   : no
STIBP enabled in the kernel  : no
The processor is not susceptible to Rogue Data Cache Load: no
The processor supports enhanced IBRS                     : no

=====  Processor topology  =====
OS_Processor    Thread_Id       Core_Id         Tile_Id         Package_Id      Core_Type   Native_CPU_Model
0               0               0               0               0               invalid         -1              
1               0               1               1               0               invalid         -1              
2               0               2               2               0               invalid         -1              
3               0               3               3               0               invalid         -1              
4               0               4               4               0               invalid         -1              
5               0               5               5               0               invalid         -1              
6               0               6               6               0               invalid         -1              
7               0               7               7               0               invalid         -1              
8               0               0               8               1               invalid         -1              
9               0               1               9               1               invalid         -1              
10              0               2               10              1               invalid         -1              
11              0               3               11              1               invalid         -1              
12              0               4               12              1               invalid         -1              
13              0               5               13              1               invalid         -1              
14              0               6               14              1               invalid         -1              
15              0               7               15              1               invalid         -1              
=====  Placement on packages  =====
Package Id.    Core Id.     Processors
0              0,1,2,3,4,5,6,7
1              0,1,2,3,4,5,6,7

=====  Core/Tile sharing  =====
Level      Processors
Core       (0)(1)(2)(3)(4)(5)(6)(7)(8)(9)(10)(11)(12)(13)(14)(15)
Tile / L2$ (0)(1)(2)(3)(4)(5)(6)(7)(8)(9)(10)(11)(12)(13)(14)(15)

Package thermal spec power: 0 Watt; Package minimum power: 0 Watt; Package maximum power: 0 Watt;

Can't open MCFG table. Check permission of /sys/firmware/acpi/tables/MCFG
Can't open MCFG table. Check permission of /sys/firmware/acpi/tables/MCFG1
Can't open MCFG table. Check permission of /pcm/sys/firmware/acpi/tables/MCFG
Can't open MCFG table. Check permission of /pcm/sys/firmware/acpi/tables/MCFG1
WARNING: enumeration of devices in UncorePMUDiscovery failed
Socket 0: 2 memory controllers detected with total number of 6 channels. 2 UPI ports detected. 2 M2M (mesh to memory) blocks detected. 0 Home Agents detected. 2 M3UPI blocks detected.
Socket 0: 2 memory controllers detected with total number of 6 channels. 2 UPI ports detected. 2 M2M (mesh to memory) blocks detected. 0 Home Agents detected. 2 M3UPI blocks detected.
Socket 0: 2 memory controllers detected with total number of 6 channels. 2 Socket UPI0 ports detected.:  22 memory controllers detected with total number of  M2M (mesh to memory) blocks detected. 60 channels. Socket  Home Agents detected. 202 :  M3UPI blocks detected.
UPI2 ports detected. memory controllers detected with total number of  62 channels.  M2M (mesh to memory) blocks detected. 20  Home Agents detected. UPI2 ports detected. M3UPI blocks detected.
 2 M2M (mesh to memory) blocks detected. 0 Home Agents detected. 2 M3UPI blocks detected.
Socket 0: 2 memory controllers detected with total number of 6 channels. 2 UPI ports detected. 2 M2M (mesh to memory) blocks detected. 0 Home Agents detected. 2 M3UPI blocks detected.
INFO: Linux perf interface to program uncore PMUs is present
INFO: using Linux perf interface to program uncore PMUs because env variable PCM_USE_UNCORE_PERF=1
INFO: Secure Boot detected. Using Linux perf for uncore PMU programming.
Socket 1: 2 memory controllers detected with total number of 6 channels. 2 UPI ports detected. 2 M2M (mesh to memory) blocks detected. 0 Home Agents detected. 2 M3UPI blocks detected.
Socket 1: 2 memory controllers detected with total number of 6 channels. 2 UPI ports detected. 2 M2M (mesh to memory) blocks detected. 0 Home Agents detected. 2 M3UPI blocks detected.
Socket 1: 2 memory controllers detected with total number of 6 channels. 2 UPI ports detected. 2 M2M (mesh to memory) blocks detected. 0 Home Agents detected. 2 M3UPI blocks detected.
Socket 1: 2 memory controllers detected with total number of 6 channels. 2 UPI ports detected. 2 M2M (mesh to memory) blocks detected. 0 Home Agents detected. 2 M3UPI blocks detected.
Socket 1: 2 memory controllers detected with total number of 6 channels. 2 UPI ports detected. 2 M2M (mesh to memory) blocks detected. 0 Home Agents detected. 2 M3UPI blocks detected.
Socket Socket 10: : 22 memory controllers detected with total number of  memory controllers detected with total number of 66 channels.  channels. 22INFO: using Linux resctrl driver for RDT metrics (L3OCC, LMB, RMB) because environment variable PCM_USE_RESCTRL=1
  UPIUPI ports detected.ERROR: /sys/fs/resctrl is not mounted
 ports detected. ERROR: RDT metrics (L3OCC,LMB,RMB) will not be available
 2Mount it to make it work: mount -t resctrl resctrl /sys/fs/resctrl
2 M2M (mesh to memory) blocks detected.  M2M (mesh to memory) blocks detected. 00 Home Agents detected.  Home Agents detected. 22 M3UPI blocks detected.
 M3UPI blocks detected.

 Closed perf event handles
Trying to use Linux perf events...
Socket 1: 2 memory controllers detected with total number of 6 channels. 2 UPI ports detected. 2 M2M (mesh to memory) blocks detected. 0 Home Agents detected. 2 M3UPI blocks detected.
INFO: using Linux resctrl driver for RDT metrics (L3OCC, LMB, RMB) because environment variable PCM_USE_RESCTRL=1
ERROR: /sys/fs/resctrl is not mounted
ERROR: RDT metrics (L3OCC,LMB,RMB) will not be available
Mount it to make it work: mount -t resctrl resctrl /sys/fs/resctrl
INFO: using Linux resctrl driver for RDT metrics (L3OCC, LMB, RMB) because environment variable PCM_USE_RESCTRL=1
ERROR: /sys/fs/resctrl is not mounted
ERROR: RDT metrics (L3OCC,LMB,RMB) will not be available
Mount it to make it work: mount -t resctrl resctrl /sys/fs/resctrl

INFO: using Linux resctrl driver for RDT metrics (L3OCC, LMB, RMB) because environment variable PCM_USE_RESCTRL=1
INFO: using Linux resctrl driver for RDT metrics (L3OCC, LMB, RMB) because environment variable PCM_USE_RESCTRL=1
ERROR: /sys/fs/resctrl is not mounted
ERROR: RDT metrics (L3OCC,LMB,RMB) will not be available
Mount it to make it work: mount -t resctrl resctrl /sys/fs/resctrl
ERROR: /sys/fs/resctrl is not mounted
ERROR: RDT metrics (L3OCC,LMB,RMB) will not be available
Mount it to make it work: mount -t resctrl resctrl /sys/fs/resctrl

 Closed perf event handles
Trying to use Linux perf events...
INFO: using Linux resctrl driver for RDT metrics (L3OCC, LMB, RMB) because environment variable PCM_USE_RESCTRL=1

ERROR: /sys/fs/resctrl is not mounted
ERROR: RDT metrics (L3OCC,LMB,RMB) will not be available
Mount it to make it work: mount -t resctrl resctrl /sys/fs/resctrl
 Closed perf event handles
Trying to use Linux perf events...

 Closed perf event handles
Trying to use Linux perf events...
 Closed perf event handles

Trying to use Linux perf events...
 Closed perf event handles
Trying to use Linux perf events...
INFO: using Linux resctrl driver for RDT metrics (L3OCC, LMB, RMB) because environment variable PCM_USE_RESCTRL=1
ERROR: /sys/fs/resctrl is not mounted
ERROR: RDT metrics (L3OCC,LMB,RMB) will not be available
Mount it to make it work: mount -t resctrl resctrl /sys/fs/resctrl
INFO: using Linux resctrl driver for RDT metrics (L3OCC, LMB, RMB) because environment variable PCM_USE_RESCTRL=1
ERROR: /sys/fs/resctrl is not mounted
ERROR: RDT metrics (L3OCC,LMB,RMB) will not be available
Mount it to make it work: mount -t resctrl resctrl /sys/fs/resctrl

 Closed perf event handles
Trying to use Linux perf events...

 Closed perf event handles
Trying to use Linux perf events...
Successfully programmed on-core PMU using Linux perf
Successfully programmed on-core PMU using Linux perf
Successfully programmed on-core PMU using Linux perf
Successfully programmed on-core PMU using Linux perf
Successfully programmed on-core PMU using Linux perf
Successfully programmed on-core PMU using Linux perf
Successfully programmed on-core PMU using Linux perf
Successfully programmed on-core PMU using Linux perf
Socket 0
Max UPI link 0 speed: 1.8 GBytes/second (0.8 GT/second)
Max UPI link 1 speed: 1.8 GBytes/second (0.8 GT/second)
Socket 1
Max UPI link 0 speed: 1.9 GBytes/second (0.9 GT/second)
Max UPI link 1 speed: 1.9 GBytes/second (0.9 GT/second)

Detected Intel(R) Xeon(R) Silver 4208 CPU @ 2.10GHz "Intel(r) microarchitecture codename Cascade Lake-SP" stepping 7

Executing "./VH/b_eff1/b_eff" command:
Socket 0
Max UPI link 0 speed: 1.7 GBytes/second (0.8 GT/second)
Max UPI link 1 speed: 1.7 GBytes/second (0.8 GT/second)
Socket 1
Max UPI link 0 speed: 1.6 GBytes/second (0.7 GT/second)
Max UPI link 1 speed: 1.6 GBytes/second (0.7 GT/second)

Detected Intel(R) Xeon(R) Silver 4208 CPU @ 2.10GHz "Intel(r) microarchitecture codename Cascade Lake-SP" stepping 7
Socket 0
Max UPI link 0 speed: 1.8 GBytes/second (0.8 GT/second)
Max UPI link 1 speed: 1.8 GBytes/second (0.8 GT/second)
Socket 1
Max UPI link 0 speed: 1.8 GBytes/second (0.8 GT/second)
Max UPI link 1 speed: 1.8 GBytes/second (0.8 GT/second)

Detected Intel(R) Xeon(R) Silver 4208 CPU @ 2.10GHz "Intel(r) microarchitecture codename Cascade Lake-SP" stepping 7

Executing "./VH/b_eff1/b_eff" command:

Executing "./VH/b_eff1/b_eff" command:
Socket 0
Max UPI link 0 speed: 1.6 GBytes/second (0.7 GT/second)
Max UPI link 1 speed: 1.6 GBytes/second (0.7 GT/second)
Socket 1
Max UPI link 0 speed: 1.6 GBytes/second (0.7 GT/second)
Max UPI link 1 speed: 1.6 GBytes/second (0.7 GT/second)

Detected Intel(R) Xeon(R) Silver 4208 CPU @ 2.10GHz "Intel(r) microarchitecture codename Cascade Lake-SP" stepping 7

Executing "./VH/b_eff1/b_eff" command:
Socket 0
Max UPI link 0 speed: 2.0 GBytes/second (0.9 GT/second)
Max UPI link 1 speed: 2.0Socket  GBytes/second (00.9
 GT/second)
Max Socket UPI1 link 
0Max  speed: UPI link 0 speed: 1.71.6 GBytes/second ( GBytes/second (0.80.7 GT/second)
 GT/second)
Max Max UPIUPI link  link 11 speed:  speed: 1.71.6 GBytes/second ( GBytes/second (0.80.7 GT/second)
 GT/second)
Socket 1
Detected 
Max Intel(R) Xeon(R) Silver 4208 CPU @ 2.10GHzUPI "Intel(r) microarchitecture codename  link Cascade Lake-SP0" stepping  speed: 71.8
 GBytes/second (0.8 GT/second)
Max UPI link 1 speed: 1.8 GBytes/second (0.8 GT/second)

Detected Intel(R) Xeon(R) Silver 4208 CPU @ 2.10GHz "Intel(r) microarchitecture codename Cascade Lake-SP" stepping 7

Executing "./VH/b_eff1/b_eff" command:
Socket 0
Max UPI link 0 speed: 2.1 GBytes/second (0.9 GT/second)
Max UPI link 1 speed: 2.1 GBytes/second (0.9 GT/second)
Socket 1
Max UPI link 0 speed: 1.8 GBytes/second (0.8 GT/second)
Max UPI link 1
Executing " speed: ./VH/b_eff1/b_eff" command:
1.8 GBytes/second (0.8 GT/second)

Detected Intel(R) Xeon(R) Silver 4208 CPU @ 2.10GHz "Intel(r) microarchitecture codename Cascade Lake-SP" stepping 7

Executing "./VH/b_eff1/b_eff" command:
Socket 0
Max UPI link 0 speed: 1.6 GBytes/second (0.7 GT/second)
Max UPI link 1 speed: 1.6 GBytes/second (0.7 GT/second)
Socket 1
Max UPI link 0 speed: 2.0 GBytes/second (0.9 GT/second)
Max UPI link 1 speed: 2.0 GBytes/second (0.9 GT/second)

Detected Intel(R) Xeon(R) Silver 4208 CPU @ 2.10GHz "Intel(r) microarchitecture codename Cascade Lake-SP" stepping 7

Executing "./VH/b_eff1/b_eff" command:
b_eff =   6385.706 MB/s = 798.213 *   8 PEs with 256 MB/PE on Linux muffin 4.18.0-477.15.1.el8_8.x86_64 #1 SMP Wed Jun 28 15:04:18 UTC 2023 x86_64
DEBUG: caught signal to interrupt (Child exited).
Cleaning up
 Closed perf event handles
DEBUG: caught signal to interrupt (DEBUG: caught signal to interrupt (DEBUG: caught signal to interrupt (DEBUG: caught signal to interrupt (Child exitedDEBUG: caught signal to interrupt (Child exitedChild exited).
Child exited).
).
Child exited).
Cleaning up
).
Cleaning up
Cleaning up
Cleaning up
Cleaning up
DEBUG: caught signal to interrupt (Child exited).
Cleaning up
 Closed perf event handles
 Closed perf event handles
 Closed perf event handles
 Closed perf event handles
 Closed perf event handles
 Closed perf event handles
DEBUG: caught signal to interrupt (Child exited).
Cleaning up
 Closed perf event handles
 Zeroed uncore PMU registers
 Zeroed uncore PMU registers
 Zeroed uncore PMU registers
 Zeroed uncore PMU registers
 Zeroed uncore PMU registers
 Zeroed uncore PMU registers
 Zeroed uncore PMU registers
 Zeroed uncore PMU registers
	Command being timed: "mpirun -vh -np 8 /usr/sbin/pcm 0.1 -csv=vh_b_eff_ior.csv -- ./VH/b_eff1/b_eff"
	User time (seconds): 3.71
	System time (seconds): 3.45
	Percent of CPU this job got: 10%
	Elapsed (wall clock) time (h:mm:ss or m:ss): 1:09.38
	Average shared text size (kbytes): 0
	Average unshared data size (kbytes): 0
	Average stack size (kbytes): 0
	Average total size (kbytes): 0
	Maximum resident set size (kbytes): 141504
	Average resident set size (kbytes): 0
	Major (requiring I/O) page faults: 2
	Minor (reclaiming a frame) page faults: 5290
	Voluntary context switches: 113246
	Involuntary context switches: 5429
	Swaps: 0
	File system inputs: 0
	File system outputs: 28904
	Socket messages sent: 0
	Socket messages received: 0
	Signals delivered: 0
	Page size (bytes): 4096
	Exit status: 0
