This file contains any messages produced by compilers while
running configure, to aid debugging if configure makes a mistake.

It was created by hpl configure 2.3, which was
generated by GNU Autoconf 2.69.  Invocation command line was

  $ ./configure arch=Linux_x86_64

## --------- ##
## Platform. ##
## --------- ##

hostname = muffin
uname -m = x86_64
uname -r = 4.18.0-477.15.1.el8_8.x86_64
uname -s = Linux
uname -v = #1 SMP Wed Jun 28 15:04:18 UTC 2023

/usr/bin/uname -p = x86_64
/bin/uname -X     = unknown

/bin/arch              = x86_64
/usr/bin/arch -k       = unknown
/usr/convex/getsysinfo = unknown
/usr/bin/hostinfo      = unknown
/bin/machine           = unknown
/usr/bin/oslevel       = unknown
/bin/universe          = unknown

PATH: /usr/lib64/openmpi/bin
PATH: /opt/nec/ve/bin
PATH: /opt/nec/ve/mpi/3.5.0/bin64
PATH: /opt/nec/ve/bin
PATH: /usr/local/go/bin
PATH: /home/gp.sc.cc.tohoku.ac.jp/shubham/anaconda3/bin
PATH: /home/gp.sc.cc.tohoku.ac.jp/shubham/anaconda3/condabin
PATH: /usr/share/Modules/bin
PATH: /usr/local/bin
PATH: /usr/bin
PATH: /usr/local/sbin
PATH: /usr/sbin
PATH: /home/gp.sc.cc.tohoku.ac.jp/shubham/.local/bin
PATH: /home/gp.sc.cc.tohoku.ac.jp/shubham/bin


## ----------- ##
## Core tests. ##
## ----------- ##

configure:2240: checking for mpicc
configure:2256: found /usr/lib64/openmpi/bin/mpicc
configure:2267: result: mpicc
configure:2341: checking for gcc
configure:2368: result: mpicc
configure:2597: checking for C compiler version
configure:2606: mpicc --version >&5
gcc (GCC) 8.5.0 20210514 (Red Hat 8.5.0-18)
Copyright (C) 2018 Free Software Foundation, Inc.
This is free software; see the source for copying conditions.  There is NO
warranty; not even for MERCHANTABILITY or FITNESS FOR A PARTICULAR PURPOSE.

configure:2617: $? = 0
configure:2606: mpicc -v >&5
Using built-in specs.
COLLECT_GCC=/usr/bin/gcc
COLLECT_LTO_WRAPPER=/usr/libexec/gcc/x86_64-redhat-linux/8/lto-wrapper
OFFLOAD_TARGET_NAMES=nvptx-none
OFFLOAD_TARGET_DEFAULT=1
Target: x86_64-redhat-linux
Configured with: ../configure --enable-bootstrap --enable-languages=c,c++,fortran,lto --prefix=/usr --mandir=/usr/share/man --infodir=/usr/share/info --with-bugurl=https://bugs.rockylinux.org/ --enable-shared --enable-threads=posix --enable-checking=release --enable-multilib --with-system-zlib --enable-__cxa_atexit --disable-libunwind-exceptions --enable-gnu-unique-object --enable-linker-build-id --with-gcc-major-version-only --with-linker-hash-style=gnu --enable-plugin --enable-initfini-array --with-isl --disable-libmpx --enable-offload-targets=nvptx-none --without-cuda-driver --enable-gnu-indirect-function --enable-cet --with-tune=generic --with-arch_32=x86-64 --build=x86_64-redhat-linux
Thread model: posix
gcc version 8.5.0 20210514 (Red Hat 8.5.0-18) (GCC) 
configure:2617: $? = 0
configure:2606: mpicc -V >&5
gcc: error: unrecognized command line option '-V'
gcc: fatal error: no input files
compilation terminated.
configure:2617: $? = 1
configure:2606: mpicc -qversion >&5
gcc: error: unrecognized command line option '-qversion'; did you mean '--version'?
gcc: fatal error: no input files
compilation terminated.
configure:2617: $? = 1
configure:2637: checking whether the C compiler works
configure:2659: mpicc    conftest.c  >&5
configure:2663: $? = 0
configure:2711: result: yes
configure:2714: checking for C compiler default output file name
configure:2716: result: a.out
configure:2722: checking for suffix of executables
configure:2729: mpicc -o conftest    conftest.c  >&5
configure:2733: $? = 0
configure:2755: result: 
configure:2777: checking whether we are cross compiling
configure:2785: mpicc -o conftest    conftest.c  >&5
configure:2789: $? = 0
configure:2796: ./conftest
configure:2800: $? = 0
configure:2815: result: no
configure:2820: checking for suffix of object files
configure:2842: mpicc -c   conftest.c >&5
configure:2846: $? = 0
configure:2867: result: o
configure:2871: checking whether we are using the GNU C compiler
configure:2890: mpicc -c   conftest.c >&5
configure:2890: $? = 0
configure:2899: result: yes
configure:2908: checking whether mpicc accepts -g
configure:2928: mpicc -c -g  conftest.c >&5
configure:2928: $? = 0
configure:2969: result: yes
configure:2986: checking for mpicc option to accept ISO C89
configure:3049: mpicc  -c -g -O2  conftest.c >&5
configure:3049: $? = 0
configure:3062: result: none needed
configure:3087: checking whether mpicc understands -c and -o together
configure:3109: mpicc -c conftest.c -o conftest2.o
configure:3112: $? = 0
configure:3109: mpicc -c conftest.c -o conftest2.o
configure:3112: $? = 0
configure:3124: result: yes
configure:3168: checking for function MPI_Init
configure:3193: mpicc -o conftest -g -O2   conftest.c  >&5
configure:3193: $? = 0
configure:3200: result: yes
configure:3211: checking for mpi.h
configure:3224: mpicc -c -g -O2  conftest.c >&5
configure:3224: $? = 0
configure:3225: result: yes
configure:3305: checking for ranlib
configure:3321: found /usr/bin/ranlib
configure:3332: result: ranlib
configure:3369: checking for a BSD-compatible install
configure:3437: result: /usr/bin/install -c
configure:3451: checking whether build environment is sane
configure:3506: result: yes
configure:3654: checking for a thread-safe mkdir -p
configure:3693: result: /usr/bin/mkdir -p
configure:3700: checking for gawk
configure:3716: found /usr/bin/gawk
configure:3727: result: gawk
configure:3738: checking whether make sets $(MAKE)
configure:3760: result: yes
configure:3782: checking whether make supports the include directive
configure:3797: make -f confmf.GNU && cat confinc.out
this is the am__doit target
configure:3800: $? = 0
configure:3819: result: yes (GNU style)
configure:3852: checking whether make supports nested variables
configure:3869: result: yes
configure:3954: checking dependency style of mpicc
configure:4065: result: gcc3
configure:4184: checking for dgemm_ in OpenBLAS
configure:4206: mpicc -o conftest -g -O2   conftest.c -lopenblas -lm >&5
/usr/bin/ld: cannot find -lopenblas
collect2: error: ld returned 1 exit status
configure:4206: $? = 1
configure: failed program was:
| /* confdefs.h */
| #define PACKAGE_NAME "hpl"
| #define PACKAGE_TARNAME "hpl"
| #define PACKAGE_VERSION "2.3"
| #define PACKAGE_STRING "hpl 2.3"
| #define PACKAGE_BUGREPORT "hpl@icl.utk.edu"
| #define PACKAGE_URL ""
| #define HAVE_MPI 1
| #define PACKAGE "hpl"
| #define VERSION "2.3"
| /* end confdefs.h.  */
| 
| /* Override any GCC internal prototype to avoid an error.
|    Use char because int might match the return type of a GCC
|    builtin and then its argument prototype would still apply.  */
| #ifdef __cplusplus
| extern "C"
| #endif
| char dgemm_ ();
| int
| main ()
| {
| return dgemm_ ();
|   ;
|   return 0;
| }
configure:4213: result: no
configure:4184: checking for dgemm_ in Atlas Fortran BLAS
configure:4206: mpicc -o conftest -g -O2   conftest.c -lf77blas -latlas >&5
/usr/bin/ld: cannot find -lf77blas
/usr/bin/ld: cannot find -latlas
collect2: error: ld returned 1 exit status
configure:4206: $? = 1
configure: failed program was:
| /* confdefs.h */
| #define PACKAGE_NAME "hpl"
| #define PACKAGE_TARNAME "hpl"
| #define PACKAGE_VERSION "2.3"
| #define PACKAGE_STRING "hpl 2.3"
| #define PACKAGE_BUGREPORT "hpl@icl.utk.edu"
| #define PACKAGE_URL ""
| #define HAVE_MPI 1
| #define PACKAGE "hpl"
| #define VERSION "2.3"
| /* end confdefs.h.  */
| 
| /* Override any GCC internal prototype to avoid an error.
|    Use char because int might match the return type of a GCC
|    builtin and then its argument prototype would still apply.  */
| #ifdef __cplusplus
| extern "C"
| #endif
| char dgemm_ ();
| int
| main ()
| {
| return dgemm_ ();
|   ;
|   return 0;
| }
configure:4213: result: no
configure:4184: checking for dgemm_ in Sequential Intel MKL LP64 (group)
configure:4206: mpicc -o conftest -g -O2   conftest.c -Wl,--start-group -lmkl_intel_lp64 -lmkl_sequential -lmkl_core -Wl,--end-group -lpthread >&5
/usr/bin/ld: cannot find -lmkl_intel_lp64
/usr/bin/ld: cannot find -lmkl_sequential
/usr/bin/ld: cannot find -lmkl_core
collect2: error: ld returned 1 exit status
configure:4206: $? = 1
configure: failed program was:
| /* confdefs.h */
| #define PACKAGE_NAME "hpl"
| #define PACKAGE_TARNAME "hpl"
| #define PACKAGE_VERSION "2.3"
| #define PACKAGE_STRING "hpl 2.3"
| #define PACKAGE_BUGREPORT "hpl@icl.utk.edu"
| #define PACKAGE_URL ""
| #define HAVE_MPI 1
| #define PACKAGE "hpl"
| #define VERSION "2.3"
| /* end confdefs.h.  */
| 
| /* Override any GCC internal prototype to avoid an error.
|    Use char because int might match the return type of a GCC
|    builtin and then its argument prototype would still apply.  */
| #ifdef __cplusplus
| extern "C"
| #endif
| char dgemm_ ();
| int
| main ()
| {
| return dgemm_ ();
|   ;
|   return 0;
| }
configure:4213: result: no
configure:4184: checking for dgemm_ in Sequential Intel MKL LP64
configure:4206: mpicc -o conftest -g -O2   conftest.c -lmkl_intel_lp64 -lmkl_sequential -lmkl_core -lpthread >&5
/usr/bin/ld: cannot find -lmkl_intel_lp64
/usr/bin/ld: cannot find -lmkl_sequential
/usr/bin/ld: cannot find -lmkl_core
collect2: error: ld returned 1 exit status
configure:4206: $? = 1
configure: failed program was:
| /* confdefs.h */
| #define PACKAGE_NAME "hpl"
| #define PACKAGE_TARNAME "hpl"
| #define PACKAGE_VERSION "2.3"
| #define PACKAGE_STRING "hpl 2.3"
| #define PACKAGE_BUGREPORT "hpl@icl.utk.edu"
| #define PACKAGE_URL ""
| #define HAVE_MPI 1
| #define PACKAGE "hpl"
| #define VERSION "2.3"
| /* end confdefs.h.  */
| 
| /* Override any GCC internal prototype to avoid an error.
|    Use char because int might match the return type of a GCC
|    builtin and then its argument prototype would still apply.  */
| #ifdef __cplusplus
| extern "C"
| #endif
| char dgemm_ ();
| int
| main ()
| {
| return dgemm_ ();
|   ;
|   return 0;
| }
configure:4213: result: no
configure:4184: checking for dgemm_ in AMD's ACML
configure:4206: mpicc -o conftest -g -O2   conftest.c -lacml -lm >&5
/usr/bin/ld: cannot find -lacml
collect2: error: ld returned 1 exit status
configure:4206: $? = 1
configure: failed program was:
| /* confdefs.h */
| #define PACKAGE_NAME "hpl"
| #define PACKAGE_TARNAME "hpl"
| #define PACKAGE_VERSION "2.3"
| #define PACKAGE_STRING "hpl 2.3"
| #define PACKAGE_BUGREPORT "hpl@icl.utk.edu"
| #define PACKAGE_URL ""
| #define HAVE_MPI 1
| #define PACKAGE "hpl"
| #define VERSION "2.3"
| /* end confdefs.h.  */
| 
| /* Override any GCC internal prototype to avoid an error.
|    Use char because int might match the return type of a GCC
|    builtin and then its argument prototype would still apply.  */
| #ifdef __cplusplus
| extern "C"
| #endif
| char dgemm_ ();
| int
| main ()
| {
| return dgemm_ ();
|   ;
|   return 0;
| }
configure:4213: result: no
configure:4184: checking for dgemm_ in Accelerate
configure:4206: mpicc -o conftest -g -O2   conftest.c -framework Accelerate >&5
gcc: error: Accelerate: No such file or directory
gcc: error: unrecognized command line option '-framework'
configure:4206: $? = 1
configure: failed program was:
| /* confdefs.h */
| #define PACKAGE_NAME "hpl"
| #define PACKAGE_TARNAME "hpl"
| #define PACKAGE_VERSION "2.3"
| #define PACKAGE_STRING "hpl 2.3"
| #define PACKAGE_BUGREPORT "hpl@icl.utk.edu"
| #define PACKAGE_URL ""
| #define HAVE_MPI 1
| #define PACKAGE "hpl"
| #define VERSION "2.3"
| /* end confdefs.h.  */
| 
| /* Override any GCC internal prototype to avoid an error.
|    Use char because int might match the return type of a GCC
|    builtin and then its argument prototype would still apply.  */
| #ifdef __cplusplus
| extern "C"
| #endif
| char dgemm_ ();
| int
| main ()
| {
| return dgemm_ ();
|   ;
|   return 0;
| }
configure:4213: result: no
configure:4184: checking for dgemm_ in Apple VecLib
configure:4206: mpicc -o conftest -g -O2   conftest.c -framework vecLib >&5
gcc: error: vecLib: No such file or directory
gcc: error: unrecognized command line option '-framework'
configure:4206: $? = 1
configure: failed program was:
| /* confdefs.h */
| #define PACKAGE_NAME "hpl"
| #define PACKAGE_TARNAME "hpl"
| #define PACKAGE_VERSION "2.3"
| #define PACKAGE_STRING "hpl 2.3"
| #define PACKAGE_BUGREPORT "hpl@icl.utk.edu"
| #define PACKAGE_URL ""
| #define HAVE_MPI 1
| #define PACKAGE "hpl"
| #define VERSION "2.3"
| /* end confdefs.h.  */
| 
| /* Override any GCC internal prototype to avoid an error.
|    Use char because int might match the return type of a GCC
|    builtin and then its argument prototype would still apply.  */
| #ifdef __cplusplus
| extern "C"
| #endif
| char dgemm_ ();
| int
| main ()
| {
| return dgemm_ ();
|   ;
|   return 0;
| }
configure:4213: result: no
configure:4184: checking for dgemm_ in IBM ESSL
configure:4206: mpicc -o conftest -g -O2   conftest.c -lessl >&5
/usr/bin/ld: cannot find -lessl
collect2: error: ld returned 1 exit status
configure:4206: $? = 1
configure: failed program was:
| /* confdefs.h */
| #define PACKAGE_NAME "hpl"
| #define PACKAGE_TARNAME "hpl"
| #define PACKAGE_VERSION "2.3"
| #define PACKAGE_STRING "hpl 2.3"
| #define PACKAGE_BUGREPORT "hpl@icl.utk.edu"
| #define PACKAGE_URL ""
| #define HAVE_MPI 1
| #define PACKAGE "hpl"
| #define VERSION "2.3"
| /* end confdefs.h.  */
| 
| /* Override any GCC internal prototype to avoid an error.
|    Use char because int might match the return type of a GCC
|    builtin and then its argument prototype would still apply.  */
| #ifdef __cplusplus
| extern "C"
| #endif
| char dgemm_ ();
| int
| main ()
| {
| return dgemm_ ();
|   ;
|   return 0;
| }
configure:4213: result: no
configure:4184: checking for dgemm_ in NVIDIA nvblas
configure:4206: mpicc -o conftest -g -O2   conftest.c -lnvblas >&5
/usr/bin/ld: cannot find -lnvblas
collect2: error: ld returned 1 exit status
configure:4206: $? = 1
configure: failed program was:
| /* confdefs.h */
| #define PACKAGE_NAME "hpl"
| #define PACKAGE_TARNAME "hpl"
| #define PACKAGE_VERSION "2.3"
| #define PACKAGE_STRING "hpl 2.3"
| #define PACKAGE_BUGREPORT "hpl@icl.utk.edu"
| #define PACKAGE_URL ""
| #define HAVE_MPI 1
| #define PACKAGE "hpl"
| #define VERSION "2.3"
| /* end confdefs.h.  */
| 
| /* Override any GCC internal prototype to avoid an error.
|    Use char because int might match the return type of a GCC
|    builtin and then its argument prototype would still apply.  */
| #ifdef __cplusplus
| extern "C"
| #endif
| char dgemm_ ();
| int
| main ()
| {
| return dgemm_ ();
|   ;
|   return 0;
| }
configure:4213: result: no
configure:4184: checking for dgemm_ in Generic BLAS
configure:4206: mpicc -o conftest -g -O2   conftest.c -lblas >&5
/usr/bin/ld: cannot find -lblas
collect2: error: ld returned 1 exit status
configure:4206: $? = 1
configure: failed program was:
| /* confdefs.h */
| #define PACKAGE_NAME "hpl"
| #define PACKAGE_TARNAME "hpl"
| #define PACKAGE_VERSION "2.3"
| #define PACKAGE_STRING "hpl 2.3"
| #define PACKAGE_BUGREPORT "hpl@icl.utk.edu"
| #define PACKAGE_URL ""
| #define HAVE_MPI 1
| #define PACKAGE "hpl"
| #define VERSION "2.3"
| /* end confdefs.h.  */
| 
| /* Override any GCC internal prototype to avoid an error.
|    Use char because int might match the return type of a GCC
|    builtin and then its argument prototype would still apply.  */
| #ifdef __cplusplus
| extern "C"
| #endif
| char dgemm_ ();
| int
| main ()
| {
| return dgemm_ ();
|   ;
|   return 0;
| }
configure:4213: result: no
configure:4220: checking for dgemm_ in OpenBLAS
configure:4222: checking for dgemm_ in -lopenblas
configure:4247: mpicc -o conftest -g -O2   conftest.c -lopenblas   >&5
/usr/bin/ld: cannot find -lopenblas
collect2: error: ld returned 1 exit status
configure:4247: $? = 1
configure: failed program was:
| /* confdefs.h */
| #define PACKAGE_NAME "hpl"
| #define PACKAGE_TARNAME "hpl"
| #define PACKAGE_VERSION "2.3"
| #define PACKAGE_STRING "hpl 2.3"
| #define PACKAGE_BUGREPORT "hpl@icl.utk.edu"
| #define PACKAGE_URL ""
| #define HAVE_MPI 1
| #define PACKAGE "hpl"
| #define VERSION "2.3"
| /* end confdefs.h.  */
| 
| /* Override any GCC internal prototype to avoid an error.
|    Use char because int might match the return type of a GCC
|    builtin and then its argument prototype would still apply.  */
| #ifdef __cplusplus
| extern "C"
| #endif
| char dgemm_ ();
| int
| main ()
| {
| return dgemm_ ();
|   ;
|   return 0;
| }
configure:4256: result: no
configure:4262: result: no
configure:4274: error: BLAS not found

## ---------------- ##
## Cache variables. ##
## ---------------- ##

ac_cv_c_compiler_gnu=yes
ac_cv_env_CC_set=
ac_cv_env_CC_value=
ac_cv_env_CFLAGS_set=
ac_cv_env_CFLAGS_value=
ac_cv_env_CPPFLAGS_set=
ac_cv_env_CPPFLAGS_value=
ac_cv_env_CPP_set=
ac_cv_env_CPP_value=
ac_cv_env_LDFLAGS_set=
ac_cv_env_LDFLAGS_value=
ac_cv_env_LIBS_set=
ac_cv_env_LIBS_value=
ac_cv_env_MPICC_set=
ac_cv_env_MPICC_value=
ac_cv_env_build_alias_set=
ac_cv_env_build_alias_value=
ac_cv_env_host_alias_set=
ac_cv_env_host_alias_value=
ac_cv_env_target_alias_set=
ac_cv_env_target_alias_value=
ac_cv_lib_openblas_dgemm_=no
ac_cv_objext=o
ac_cv_path_install='/usr/bin/install -c'
ac_cv_path_mkdir=/usr/bin/mkdir
ac_cv_prog_AWK=gawk
ac_cv_prog_ac_ct_CC=mpicc
ac_cv_prog_ac_ct_RANLIB=ranlib
ac_cv_prog_cc_c89=
ac_cv_prog_cc_g=yes
ac_cv_prog_make_make_set=yes
am_cv_CC_dependencies_compiler_type=gcc3
am_cv_make_support_nested_variables=yes
am_cv_prog_cc_c_o=yes

## ----------------- ##
## Output variables. ##
## ----------------- ##

ACLOCAL='${SHELL} /home/gp.sc.cc.tohoku.ac.jp/shubham/VE/hpl-2.3/missing aclocal-1.16'
AMDEPBACKSLASH='\'
AMDEP_FALSE='#'
AMDEP_TRUE=''
AMTAR='$${TAR-tar}'
AM_BACKSLASH='\'
AM_DEFAULT_V='$(AM_DEFAULT_VERBOSITY)'
AM_DEFAULT_VERBOSITY='1'
AM_V='$(V)'
AUTOCONF='${SHELL} /home/gp.sc.cc.tohoku.ac.jp/shubham/VE/hpl-2.3/missing autoconf'
AUTOHEADER='${SHELL} /home/gp.sc.cc.tohoku.ac.jp/shubham/VE/hpl-2.3/missing autoheader'
AUTOMAKE='${SHELL} /home/gp.sc.cc.tohoku.ac.jp/shubham/VE/hpl-2.3/missing automake-1.16'
AWK='gawk'
BLAS_LIBS=''
CC='mpicc'
CCDEPMODE='depmode=gcc3'
CFLAGS='-g -O2'
CPP=''
CPPFLAGS=''
CYGPATH_W='echo'
DEFS=''
DEPDIR='.deps'
ECHO_C=''
ECHO_N='-n'
ECHO_T=''
EGREP=''
EXEEXT=''
GREP=''
INSTALL_DATA='${INSTALL} -m 644'
INSTALL_PROGRAM='${INSTALL}'
INSTALL_SCRIPT='${INSTALL}'
INSTALL_STRIP_PROGRAM='$(install_sh) -c -s'
LDFLAGS=''
LIBOBJS=''
LIBS=''
LTLIBOBJS=''
MAKEINFO='${SHELL} /home/gp.sc.cc.tohoku.ac.jp/shubham/VE/hpl-2.3/missing makeinfo'
MKDIR_P='/usr/bin/mkdir -p'
MPICC=''
OBJEXT='o'
PACKAGE='hpl'
PACKAGE_BUGREPORT='hpl@icl.utk.edu'
PACKAGE_NAME='hpl'
PACKAGE_STRING='hpl 2.3'
PACKAGE_TARNAME='hpl'
PACKAGE_URL=''
PACKAGE_VERSION='2.3'
PATH_SEPARATOR=':'
RANLIB='ranlib'
SET_MAKE=''
SHELL='/bin/sh'
STRIP=''
VERSION='2.3'
ac_ct_CC='mpicc'
am__EXEEXT_FALSE=''
am__EXEEXT_TRUE=''
am__fastdepCC_FALSE='#'
am__fastdepCC_TRUE=''
am__include='include'
am__isrc=''
am__leading_dot='.'
am__nodep='_no'
am__quote=''
am__tar='$${TAR-tar} chof - "$$tardir"'
am__untar='$${TAR-tar} xf -'
bindir='${exec_prefix}/bin'
build_alias=''
datadir='${datarootdir}'
datarootdir='${prefix}/share'
docdir='${datarootdir}/doc/${PACKAGE_TARNAME}'
dvidir='${docdir}'
exec_prefix='NONE'
host_alias=''
htmldir='${docdir}'
includedir='${prefix}/include'
infodir='${datarootdir}/info'
install_sh='${SHELL} /home/gp.sc.cc.tohoku.ac.jp/shubham/VE/hpl-2.3/install-sh'
libdir='${exec_prefix}/lib'
libexecdir='${exec_prefix}/libexec'
localedir='${datarootdir}/locale'
localstatedir='${prefix}/var'
mandir='${datarootdir}/man'
mkdir_p='$(MKDIR_P)'
oldincludedir='/usr/include'
pdfdir='${docdir}'
prefix='NONE'
program_transform_name='s,x,x,'
psdir='${docdir}'
sbindir='${exec_prefix}/sbin'
sharedstatedir='${prefix}/com'
sysconfdir='${prefix}/etc'
target_alias=''

## ----------- ##
## confdefs.h. ##
## ----------- ##

/* confdefs.h */
#define PACKAGE_NAME "hpl"
#define PACKAGE_TARNAME "hpl"
#define PACKAGE_VERSION "2.3"
#define PACKAGE_STRING "hpl 2.3"
#define PACKAGE_BUGREPORT "hpl@icl.utk.edu"
#define PACKAGE_URL ""
#define HAVE_MPI 1
#define PACKAGE "hpl"
#define VERSION "2.3"

configure: exit 1
