
 Intel(r) Performance Counter Monitor (2022-11-24 10:18:12 +0100 ID=1b16bb4e)


PCM Info: setrlimit for file limit 1000000 failed with error Operation not permitted

=====  Processor information  =====

 Intel(r) Performance Counter Monitor (2022-11-24 10:18:12 +0100 ID=1b16bb4e)


PCM Info: setrlimit for file limit 1000000 failed with error Operation not permitted

=====  Processor information  =====
Linux arch_perfmon flag  : yes
Hybrid processor         : no
IBRS and IBPB supported  : yes
STIBP supported          : yes
Spec arch caps supported : yes
Max CPUID level          : 22
CPU model number         : 85

 Intel(r) Performance Counter Monitor (2022-11-24 10:18:12 +0100 ID=1b16bb4e)


PCM Info: setrlimit for file limit 1000000 failed with error Operation not permitted

=====  Processor information  =====
Linux arch_perfmon flag  : yes
Hybrid processor         : no
IBRS and IBPB supported  : yes
STIBP supported          : yes
Spec arch caps supported : yes
Max CPUID level          : 22
CPU model number         : 85

 Intel(r) Performance Counter Monitor (2022-11-24 10:18:12 +0100 ID=1b16bb4e)


PCM Info: setrlimit for file limit 1000000 failed with error Operation not permitted

=====  Processor information  =====
Linux arch_perfmon flag  : yes
Hybrid processor         : no
IBRS and IBPB supported  : yes
STIBP supported          : yes
Spec arch caps supported : yes
Max CPUID level          : 22
CPU model number         : 85

 Intel(r) Performance Counter Monitor (2022-11-24 10:18:12 +0100 ID=1b16bb4e)


PCM Info: setrlimit for file limit 1000000 failed with error Operation not permitted

=====  Processor information  =====
Linux arch_perfmon flag  : yes
Hybrid processor         : no
IBRS and IBPB supported  : yes
STIBP supported          : yes
Spec arch caps supported : yes
Max CPUID level          : 22
CPU model number         : 85

 Intel(r) Performance Counter Monitor (2022-11-24 10:18:12 +0100 ID=1b16bb4e)


PCM Info: setrlimit for file limit 1000000 failed with error Operation not permitted

=====  Processor information  =====
Linux arch_perfmon flag  : yes
Hybrid processor         : no
IBRS and IBPB supported  : yes
STIBP supported          : yes
Spec arch caps supported : yes
Max CPUID level          : 22
CPU model number         : 85

 Intel(r) Performance Counter Monitor (2022-11-24 10:18:12 +0100 ID=1b16bb4e)


PCM Info: setrlimit for file limit 1000000 failed with error Operation not permitted

=====  Processor information  =====
Linux arch_perfmon flag  : yes
Hybrid processor         : no
IBRS and IBPB supported  : yes
STIBP supported          : yes
Spec arch caps supported : yes
Max CPUID level          : 22
CPU model number         : 85

 Intel(r) Performance Counter Monitor (2022-11-24 10:18:12 +0100 ID=1b16bb4e)


PCM Info: setrlimit for file limit 1000000 failed with error Operation not permitted

=====  Processor information  =====
Linux arch_perfmon flag  : yes
Hybrid processor         : no
IBRS and IBPB supported  : yes
STIBP supported          : yes
Spec arch caps supported : yes
Max CPUID level          : 22
CPU model number         : 85
Number of physical cores: 16
Number of logical cores: 16
Number of online logical cores: 16
Threads (logical cores) per physical core: 1
Num sockets: 2
Physical cores per socket: 8
Last level cache slices per socket: 0
Core PMU (perfmon) version: 4
Number of core PMU generic (programmable) counters: 8
Width of generic (programmable) counters: 48 bits
Number of core PMU fixed counters: 3
Width of fixed counters: 48 bits
Nominal core frequency: 2100000000 Hz
IBRS enabled in the kernel   : no
STIBP enabled in the kernel  : no
The processor is not susceptible to Rogue Data Cache Load: no
The processor supports enhanced IBRS                     : no

=====  Processor topology  =====
OS_Processor    Thread_Id       Core_Id         Tile_Id         Package_Id      Core_Type   Native_CPU_Model
0               0               0               0               0               invalid         -1              
1               0               1               1               0               invalid         -1              
2               0               2               2               0               invalid         -1              
3               0               3               3               0               invalid         -1              
4               0               4               4               0               invalid         -1              
5               0               5               5               0               invalid         -1              
6               0               6               6               0               invalid         -1              
7               0               7               7               0               invalid         -1              
8               0               0               8               1               invalid         -1              
9               0               1               9               1               invalid         -1              
10              0               2               10              1               invalid         -1              
11              0               3               11              1               invalid         -1              
12              0               4               12              1               invalid         -1              
13              0               5               13              1               invalid         -1              
14              0               6               14              1               invalid         -1              
15              0               7               15              1               invalid         -1              
=====  Placement on packages  =====
Package Id.    Core Id.     Processors
0              0,1,2,3,4,5,6,7
1              0,1,2,3,4,5,6,7

=====  Core/Tile sharing  =====
Level      Processors
Core       (0)(1)(2)(3)(4)(5)(6)(7)(8)(9)(10)(11)(12)(13)(14)(15)
Tile / L2$ (0)(1)(2)(3)(4)(5)(6)(7)(8)(9)(10)(11)(12)(13)(14)(15)

Package thermal spec power: 0 Watt; Package minimum power: 0 Watt; Package maximum power: 0 Watt;

Can't open MCFG table. Check permission of /sys/firmware/acpi/tables/MCFG
Can't open MCFG table. Check permission of /sys/firmware/acpi/tables/MCFG1
Can't open MCFG table. Check permission of /pcm/sys/firmware/acpi/tables/MCFG
Can't open MCFG table. Check permission of /pcm/sys/firmware/acpi/tables/MCFG1
WARNING: enumeration of devices in UncorePMUDiscovery failed
INFO: Linux perf interface to program uncore PMUs is present
INFO: using Linux perf interface to program uncore PMUs because env variable PCM_USE_UNCORE_PERF=1
INFO: Secure Boot detected. Using Linux perf for uncore PMU programming.
Socket 0: 2 memory controllers detected with total number of 6 channels. 2 UPI ports detected. 2 M2M (mesh to memory) blocks detected. 0 Home Agents detected. 2 M3UPI blocks detected.
Linux arch_perfmon flag  : yes
Hybrid processor         : no
IBRS and IBPB supported  : yes
STIBP supported          : yes
Spec arch caps supported : yes
Max CPUID level          : 22
CPU model number         : 85
Socket 1: 2 memory controllers detected with total number of 6 channels. 2 UPI ports detected. 2 M2M (mesh to memory) blocks detected. 0 Home Agents detected. 2 M3UPI blocks detected.
Number of physical cores: 16
Number of logical cores: 16
Number of online logical cores: 16
Threads (logical cores) per physical core: 1
Num sockets: 2
Physical cores per socket: 8
Last level cache slices per socket: 0
Core PMU (perfmon) version: 4
Number of core PMU generic (programmable) counters: 8
Width of generic (programmable) counters: 48 bits
Number of core PMU fixed counters: 3
Width of fixed counters: 48 bits
Nominal core frequency: 2100000000 Hz
IBRS enabled in the kernel   : no
STIBP enabled in the kernel  : no
The processor is not susceptible to Rogue Data Cache Load: no
The processor supports enhanced IBRS                     : no

=====  Processor topology  =====
OS_Processor    Thread_Id       Core_Id         Tile_Id         Package_Id      Core_Type   Native_CPU_Model
0               0               0               0               0               invalid         -1              
1               0               1               1               0               invalid         -1              
2               0               2               2               0               invalid         -1              
3               0               3               3               0               invalid         -1              
4               0               4               4               0               invalid         -1              
5               0               5               5               0               invalid         -1              
6               0               6               6               0               invalid         -1              
7               0               7               7               0               invalid         -1              
8               0               0               8               1               invalid         -1              
9               0               1               9               1               invalid         -1              
10              0               2               10              1               invalid         -1              
11              0               3               11              1               invalid         -1              
12              0               4               12              1               invalid         -1              
13              0               5               13              1               invalid         -1              
14              0               6               14              1               invalid         -1              
15              0               7               15              1               invalid         -1              
=====  Placement on packages  =====
Package Id.    Core Id.     Processors
0              0,1,2,3,4,5,6,7
1              0,1,2,3,4,5,6,7

=====  Core/Tile sharing  =====
Level      Processors
Core       (0)(1)(2)(3)(4)(5)(6)(7)(8)(9)(10)(11)(12)(13)(14)(15)
Tile / L2$ (0)(1)(2)(3)(4)(5)(6)(7)(8)(9)(10)(11)(12)(13)(14)(15)

Package thermal spec power: 0 Watt; Package minimum power: 0 Watt; Package maximum power: 0 Watt;

Can't open MCFG table. Check permission of /sys/firmware/acpi/tables/MCFG
Can't open MCFG table. Check permission of /sys/firmware/acpi/tables/MCFG1
Can't open MCFG table. Check permission of /pcm/sys/firmware/acpi/tables/MCFG
Can't open MCFG table. Check permission of /pcm/sys/firmware/acpi/tables/MCFG1
WARNING: enumeration of devices in UncorePMUDiscovery failed
INFO: Linux perf interface to program uncore PMUs is present
INFO: using Linux perf interface to program uncore PMUs because env variable PCM_USE_UNCORE_PERF=1
INFO: Secure Boot detected. Using Linux perf for uncore PMU programming.
Number of physical cores: 16
Number of logical cores: 16
Number of online logical cores: 16
Threads (logical cores) per physical core: 1
Num sockets: 2
Physical cores per socket: 8
Last level cache slices per socket: 0
Core PMU (perfmon) version: 4
Number of core PMU generic (programmable) counters: 8
Width of generic (programmable) counters: 48 bits
Number of core PMU fixed counters: 3
Width of fixed counters: 48 bits
Nominal core frequency: 2100000000 Hz
IBRS enabled in the kernel   : no
STIBP enabled in the kernel  : no
The processor is not susceptible to Rogue Data Cache Load: no
The processor supports enhanced IBRS                     : no

=====  Processor topology  =====
OS_Processor    Thread_Id       Core_Id         Tile_Id         Package_Id      Core_Type   Native_CPU_Model
0               0               0               0               0               invalid         -1              
1               0               1               1               0               invalid         -1              
2               0               2               2               0               invalid         -1              
3               0               3               3               0               invalid         -1              
4               0               4               4               0               invalid         -1              
5               0               5               5               0               invalid         -1              
6               0               6               6               0               invalid         -1              
7               0               7               7               0               invalid         -1              
8               0               0               8               1               invalid         -1              
9               0               1               9               1               invalid         -1              
10              0               2               10              1               invalid         -1              
11              0               3               11              1               invalid         -1              
12              0               4               12              1               invalid         -1              
13              0               5               13              1               invalid         -1              
14              0               6               14              1               invalid         -1              
15              0               7               15              1               invalid         -1              
=====  Placement on packages  =====
Package Id.    Core Id.     Processors
0              0,1,2,3,4,5,6,7
1              0,1,2,3,4,5,6,7

=====  Core/Tile sharing  =====
Level      Processors
Core       (0)(1)(2)(3)(4)(5)(6)(7)(8)(9)(10)(11)(12)(13)(14)(15)
Tile / L2$ (0)(1)(2)(3)(4)(5)(6)(7)(8)(9)(10)(11)(12)(13)(14)(15)

Package thermal spec power: 0 Watt; Package minimum power: 0 Watt; Package maximum power: 0 Watt;

Can't open MCFG table. Check permission of /sys/firmware/acpi/tables/MCFG
Can't open MCFG table. Check permission of /sys/firmware/acpi/tables/MCFG1
Can't open MCFG table. Check permission of /pcm/sys/firmware/acpi/tables/MCFG
Can't open MCFG table. Check permission of /pcm/sys/firmware/acpi/tables/MCFG1
WARNING: enumeration of devices in UncorePMUDiscovery failed
INFO: Linux perf interface to program uncore PMUs is present
INFO: using Linux perf interface to program uncore PMUs because env variable PCM_USE_UNCORE_PERF=1
INFO: Secure Boot detected. Using Linux perf for uncore PMU programming.
Socket 0: 2 memory controllers detected with total number of 6 channels. 2 UPI ports detected. 2 M2M (mesh to memory) blocks detected. 0 Home Agents detected. 2 M3UPI blocks detected.
Socket 0: 2 memory controllers detected with total number of 6 channels. 2 UPI ports detected. 2 M2M (mesh to memory) blocks detected. 0 Home Agents detected. 2 M3UPI blocks detected.
Socket 1: 2 memory controllers detected with total number of 6 channels. 2 UPI ports detected. 2 M2M (mesh to memory) blocks detected. 0 Home Agents detected. 2 M3UPI blocks detected.
INFO: using Linux resctrl driver for RDT metrics (L3OCC, LMB, RMB) because environment variable PCM_USE_RESCTRL=1
ERROR: /sys/fs/resctrl is not mounted
ERROR: RDT metrics (L3OCC,LMB,RMB) will not be available
Socket Mount it to make it work: mount -t resctrl resctrl /sys/fs/resctrl
1: 2 memory controllers detected with total number of 6 channels. 2 Number of physical cores: UPI ports detected. Number of physical cores: 162
 M2M (mesh to memory) blocks detected. Number of logical cores: 16016
 Home Agents detected. 
Number of logical cores: 2Number of online logical cores: 16 M3UPI blocks detected.
16

Number of online logical cores: Threads (logical cores) per physical core: 161

Threads (logical cores) per physical core: Num sockets: 12

Num sockets: Physical cores per socket: 28

Physical cores per socket: Last level cache slices per socket: 80

Last level cache slices per socket: Core PMU (perfmon) version: 04

Core PMU (perfmon) version: Number of core PMU generic (programmable) counters: 48

Number of core PMU generic (programmable) counters: Width of generic (programmable) counters: 848
 bits
Width of generic (programmable) counters: Number of core PMU fixed counters: 483 bits

Number of core PMU fixed counters: Width of fixed counters: 348
 bits
Width of fixed counters: Nominal core frequency: 482100000000 bits
 Hz
Nominal core frequency: IBRS enabled in the kernel   : 2100000000no Hz

IBRS enabled in the kernel   : STIBP enabled in the kernel  : nono

STIBP enabled in the kernel  : The processor is not susceptible to Rogue Data Cache Load: nono

The processor is not susceptible to Rogue Data Cache Load: The processor supports enhanced IBRS                     : nono

The processor supports enhanced IBRS                     : 
=====  Processor topology  =====
noOS_Processor    Thread_Id       Core_Id         Tile_Id         Package_Id      Core_Type   Native_CPU_Model

0               
=====  Processor topology  =====
0               OS_Processor    Thread_Id       Core_Id         Tile_Id         Package_Id      Core_Type   Native_CPU_Model
0               0               0               0               0               0               invalid0                0                invalid              -1               
 Number of physical cores: 1               -1              0               
1               16Number of physical cores: 1               1               
0               0               Number of logical cores: 161               invalid16Number of physical cores: 
1                
Number of logical cores: 0               16 Number of online logical cores: 16invalid
 16
 Number of logical cores:  
Number of online logical cores:  16 Threads (logical cores) per physical core: 16 
 1
 Number of online logical cores:  
Threads (logical cores) per physical core:  16 Num sockets: 1 
 2
 Threads (logical cores) per physical core: -1              
Num sockets:  1
Physical cores per socket: 2 
2               8
-1              Num sockets: 0               
Physical cores per socket: 
22               Last level cache slices per socket: 82               
2               0
0               Physical cores per socket: 0               
Last level cache slices per socket: 2               8invalidCore PMU (perfmon) version: 02               
 4
0               Last level cache slices per socket:  
Core PMU (perfmon) version: invalid0 Number of core PMU generic (programmable) counters: 4 
 8
 Core PMU (perfmon) version:  
Number of core PMU generic (programmable) counters:  4 Width of generic (programmable) counters: 8 
 48
 Number of core PMU generic (programmable) counters:   bits
Width of generic (programmable) counters:  8 Number of core PMU fixed counters: 48 
-1              3 bits
 Width of generic (programmable) counters: 

Number of core PMU fixed counters:  483               Width of fixed counters: 3-1               bits
0               48

Number of core PMU fixed counters: 3                bits
Width of fixed counters: 3               33               Nominal core frequency: 480               
0               2100000000 bits
3               Width of fixed counters: invalid Hz
Nominal core frequency: 3               48 IBRS enabled in the kernel   : 21000000000                bits
 no Hz
invalidNominal core frequency:  
IBRS enabled in the kernel   :  2100000000 STIBP enabled in the kernel  : no  Hz
 no
 IBRS enabled in the kernel   :  
STIBP enabled in the kernel  :  no The processor is not susceptible to Rogue Data Cache Load: no 
 no
 STIBP enabled in the kernel  :  
The processor is not susceptible to Rogue Data Cache Load:  no-1              The processor supports enhanced IBRS                     : no 

no
 The processor is not susceptible to Rogue Data Cache Load: 4               
The processor supports enhanced IBRS                     : -1              no0               
=====  Processor topology  =====
no

4               OS_Processor    Thread_Id       Core_Id         Tile_Id         Package_Id      Core_Type   Native_CPU_Model

4               The processor supports enhanced IBRS                     : 4               0               
=====  Processor topology  =====
0               no0               0               OS_Processor    Thread_Id       Core_Id         Tile_Id         Package_Id      Core_Type   Native_CPU_Model
4               
invalid0               0               4               
=====  Processor topology  =====
 0               0               0               OS_Processor    Thread_Id       Core_Id         Tile_Id         Package_Id      Core_Type   Native_CPU_Model
 0               0               invalid0                invalid0                0                 0                0                 invalid 0                   0                   invalid          -1                  
    5                 -1               0               -1               
 5               
 5                5               -1              1               0                0               
0               5                invalid1               1               5               -1               0               1               0               
 1               0               invalid 1               invalid 1                0                 0                invalid  1                   1                   0                   invalid     -1                  
    6                 -1               0                -1              
 6                
6                6               -1              2               0                0               
0               6                invalid2               2               6                 0               2               0               -1               2               0               invalid
 2               invalid 2                0                 0                invalid  2                   2                   0                   invalid     -1                  
    7                 -1               0                -1              
 7                
7                7               -1              3               0                0               
0               7                invalid3               3               7                 0               3               0               -1               3               0               invalid
 3               invalid 3                0                 0                invalid  3                   3                   0                   invalid     -1                  
    8                 -1               0                -1              
 0                
8                8               -1              4               0                1               
0               0                invalid4               4               8                 0               4               1               -1               4               0               invalid
 4               invalid 4               
 0                 0                invalid  4                   4                   0                   invalid     -1                  
    9                 -1               0                -1              
 1                
9                9               -1              5               0                1               
0               1                invalid5               5               9                 0               5               1               -1               5               0               invalid
 5               invalid 5                0                 0                invalid  5                   5                   0                   invalid     -1                  
    10                -1               0                -1              
 2                
10               10              -1              6               0                1               
0               2                invalid6               6               10                0               6               1               -1               6               0               invalid
 6               invalid 6                0                 0                invalid  6                   6                   0                   invalid     -1                  
    11                -1               0                -1              
 3                
11               11              -1              7               0                1               
0               3                invalid7               7               11                0               7               1               -1               7               0               invalid
 7               invalid 7                0                 0                invalid  7                   7                   0                   invalid     -1                  
    12                -1               0                -1              
 4                
12               12              -1              8               0                1               
0               4                invalid8               0               12                0               8               1               -1               0               1               invalid
 8               invalid 8                1                 0                invalid  0                   8                   1                   invalid     -1                  
    13                -1               0                -1              
 5                
13               13              -1              9               0                1               
0               5                invalid9               1               13                0               9               1               -1               1               1               invalid
 9               invalid 9                1                 0                invalid  1                   9                   1                   invalid     -1                  
    14                -1               0                -1              
 6                
14               14              -1              10              0                1               
0               6                invalid10              2               14                0               10              1               -1               2               1               invalid
 10              invalid 10               1                 0                invalid  2                   10                  1                   invalid     -1                  
    15                -1               0                -1              
 7                
15               15              -1              11              0                1               
0               7                invalid11              3               15                0               11              1               -1               3               1               invalid
 11              invalid 11               1                 0                invalid  3                   11                  1                   invalid     -1                  
    =====  Placement on packages  =====
  -1               Package Id.    Core Id.     Processors
 -1              
 0               
=====  Placement on packages  =====
 0-1              12              Package Id.    Core Id.     Processors
 ,
0               0               112              4               0 ,0               12              ,-1              24               1               1
,12              invalid,12              31                20               ,invalid ,4               4  312              ,  ,1               5  4invalid,  , 6  5 ,  , 7  6 
 -1              , 1               
7 0-1              13              
 ,
0               1               113              5               0 ,0               13              ,-1              25               1               1
,13              invalid,13              31                20               ,invalid ,5               4  313              ,  ,1               5            -1              -1              

14              414              0               0               6               6               ,14              14              51               1               ,invalidinvalid6  ,  7  
  
=====  Core/Tile sharing  =====
  Level      Processors
Core         (  0  )  (-1              -1              1

)15              15              (0               0               27               7               )15              15              (1               1               3invalidinvalid)  (  4  )  (  5  )  (  6  )-1              -1              (

7=====  Placement on packages  =====
=====  Placement on packages  =====
)Package Id.    Core Id.     Processors
Package Id.    Core Id.     Processors
(0              0              800),,(119,invalid,),22 (6,, 10,3 Closed perf event handles
3 )7,Trying to use Linux perf events...
, (
44 11
=====  Core/Tile sharing  =====
,, )Level      Processors
Core       55 ((,, 12066 )),,(-1              (7713
1

))14              1              1              ((0               001426               ,,))14              11((1               ,,153invalid22)) ,,
Tile / L2$ ( 33(4 ,,0) 44)( ,,(5 551) ,,)( 66(6 ,,2)-1              77)(


(715              
=====  Core/Tile sharing  =====

=====  Core/Tile sharing  =====
3)0               Level      Processors
Core       Level      Processors
Core       )(7               (((815              004)1               )))(invalid(((9 115) )))( (((10 226) )))( (((11 337) )))( (((12-1              448)
)))(=====  Placement on packages  =====
(((13Package Id.    Core Id.     Processors
559)0              )))(0(((14,6610)1)))(,(((1527711),)))
Tile / L2$ 3((((,881204)))),((((599131,))))6((((,10101427))))
((((1              11111530)))),((
(11212
4,)))Package thermal spec power: 2(((0,13135 Watt; 3)))Package minimum power: ,(((0414146 Watt; ,)))Package maximum power: 5(((0,15157 Watt;
6))),
Tile / L2$ 
Tile / L2$ (7((8
00)
=====  Core/Tile sharing  =====
))(Level      Processors
Core       ((9(11)0))()((10(22)1))()((11(33)2))()((12(44)3))()((13(55)4))()((14(66)5))()((15(77)6))
)((
(887Package thermal spec power: )))0((( Watt; 998Package minimum power: )
))0((( Watt; 10109Package maximum power: )))0((( Watt;
11Can't open MCFG table. Check permission of 1110)/sys/firmware/acpi/tables/MCFG))(
((12Can't open MCFG table. Check permission of 1211)/sys/firmware/acpi/tables/MCFG1))(
((13Can't open MCFG table. Check permission of 1312)/pcm/sys/firmware/acpi/tables/MCFG))(
((14Can't open MCFG table. Check permission of 1413)/pcm/sys/firmware/acpi/tables/MCFG1))(
((151514)))

(

15Package thermal spec power: WARNING: enumeration of devices in UncorePMUDiscovery failed
)Package thermal spec power: 0
Tile / L2$ 0 Watt; ( Watt; Package minimum power: 0Package minimum power: 0)0 Watt; ( Watt; Package maximum power: 1Package maximum power: 0)0 Watt;
( Watt;
2)(3)(4)(5)(6)(7)(8)(9)(10)(11)(12)(13)(14)(15)

Package thermal spec power: 0 Watt; Package minimum power: 0 Watt; Package maximum power: 0 Watt;

Can't open MCFG table. Check permission of /sys/firmware/acpi/tables/MCFG
Can't open MCFG table. Check permission of /sys/firmware/acpi/tables/MCFG1
Can't open MCFG table. Check permission of /pcm/sys/firmware/acpi/tables/MCFG
Can't open MCFG table. Check permission of /pcm/sys/firmware/acpi/tables/MCFG1
WARNING: enumeration of devices in UncorePMUDiscovery failed



Can't open MCFG table. Check permission of /sys/firmware/acpi/tables/MCFG
Can't open MCFG table. Check permission of Can't open MCFG table. Check permission of /sys/firmware/acpi/tables/MCFG/sys/firmware/acpi/tables/MCFG1

Can't open MCFG table. Check permission of Can't open MCFG table. Check permission of /sys/firmware/acpi/tables/MCFG1/pcm/sys/firmware/acpi/tables/MCFG

Can't open MCFG table. Check permission of Can't open MCFG table. Check permission of /pcm/sys/firmware/acpi/tables/MCFG/pcm/sys/firmware/acpi/tables/MCFG1Can't open MCFG table. Check permission of 

/sys/firmware/acpi/tables/MCFGCan't open MCFG table. Check permission of 
/pcm/sys/firmware/acpi/tables/MCFG1Can't open MCFG table. Check permission of 
/sys/firmware/acpi/tables/MCFG1
Can't open MCFG table. Check permission of /pcm/sys/firmware/acpi/tables/MCFG
Can't open MCFG table. Check permission of /pcm/sys/firmware/acpi/tables/MCFG1
WARNING: enumeration of devices in UncorePMUDiscovery failed
WARNING: enumeration of devices in UncorePMUDiscovery failed
WARNING: enumeration of devices in UncorePMUDiscovery failed
INFO: Linux perf interface to program uncore PMUs is INFO: Linux perf interface to program uncore PMUs is present
INFO: using Linux perf interface to program uncore PMUs because env variable PCM_USE_UNCORE_PERF=1
INFO: Linux perf interface to program uncore PMUs is present
INFO: Secure Boot detected. Using Linux perf for uncore PMU programming.
present
INFO: using Linux perf interface to program uncore PMUs because env variable PCM_USE_UNCORE_PERF=1
INFO: using Linux perf interface to program uncore PMUs because env variable PCM_USE_UNCORE_PERF=1
INFO: Secure Boot detected. Using Linux perf for uncore PMU programming.
INFO: Secure Boot detected. Using Linux perf for uncore PMU programming.
Successfully programmed on-core PMU using Linux perf
INFO: Linux perf interface to program uncore PMUs is present
INFO: using Linux perf interface to program uncore PMUs because env variable PCM_USE_UNCORE_PERF=1
INFO: Secure Boot detected. Using Linux perf for uncore PMU programming.
INFO: Linux perf interface to program uncore PMUs is present
INFO: using Linux perf interface to program uncore PMUs because env variable PCM_USE_UNCORE_PERF=1
INFO: Secure Boot detected. Using Linux perf for uncore PMU programming.
INFO: using Linux resctrl driver for RDT metrics (L3OCC, LMB, RMB) because environment variable PCM_USE_RESCTRL=1
ERROR: /sys/fs/resctrl is not mounted
ERROR: RDT metrics (L3OCC,LMB,RMB) will not be available
Mount it to make it work: mount -t resctrl resctrl /sys/fs/resctrl
Socket 0: 2 memory controllers detected with total number of 6 channels. 2 UPI ports detected. 2 M2M (mesh to memory) blocks detected. 0 Home Agents detected. 2 M3UPI blocks detected.

 Closed perf event handles
Trying to use Linux perf events...
Socket 0: 2 memory controllers detected with total number of 6 channels. 2 UPI ports detected. Socket 20 M2M (mesh to memory) blocks detected. : 02 Home Agents detected.  memory controllers detected with total number of 26 M3UPI blocks detected.
 channels. 2 UPI ports detected. 2 M2M (mesh to memory) blocks detected. 0 Home Agents detected. 2 M3UPI blocks detected.
Socket 0: 2 memory controllers detected with total number of 6 channels. 2 UPI ports detected. 2 M2M (mesh to memory) blocks detected. 0 Home Agents detected. 2 M3UPI blocks detected.
Socket 1: 2 memory controllers detected with total number of 6 channels. 2 UPI ports detected. 2 M2M (mesh to memory) blocks detected. 0 Home Agents detected. 2 M3UPI blocks detected.
Successfully programmed on-core PMU using Linux perf
Socket 0: 2 memory controllers detected with total number of 6 channels. 2 UPI ports detected. 2 M2M (mesh to memory) blocks detected. 0 Home Agents detected. 2 M3UPI blocks detected.
INFO: using Linux resctrl driver for RDT metrics (L3OCC, LMB, RMB) because environment variable PCM_USE_RESCTRL=1
ERROR: /sys/fs/resctrl is not mounted
ERROR: RDT metrics (L3OCC,LMB,RMB) will not be available
Mount it to make it work: mount -t resctrl resctrl /sys/fs/resctrl
Socket 1: Socket 21 memory controllers detected with total number of : 62 channels.  memory controllers detected with total number of 26  channels. UPI2 ports detected.  UPI2 ports detected. M2M (mesh to memory) blocks detected.  02 Home Agents detected.  M2M (mesh to memory) blocks detected. 20 M3UPI blocks detected.
 Home Agents detected. 2 M3UPI blocks detected.
Socket 1: 2 memory controllers detected with total number of 6 channels. 2 UPI ports detected. 2 M2M (mesh to memory) blocks detected. 0 Home Agents detected. 2 M3UPI blocks detected.

 Closed perf event handles
Trying to use Linux perf events...
Socket 1: 2 memory controllers detected with total number of 6 channels. 2 UPI ports detected. 2 M2M (mesh to memory) blocks detected. 0 Home Agents detected. 2 M3UPI blocks detected.
Successfully programmed on-core PMU using Linux perf
INFO: using Linux resctrl driver for RDT metrics (L3OCC, LMB, RMB) because environment variable PCM_USE_RESCTRL=1
ERROR: /sys/fs/resctrl is not mounted
ERROR: RDT metrics (L3OCC,LMB,RMB) will not be available
Mount it to make it work: mount -t resctrl resctrl /sys/fs/resctrl
INFO: using Linux resctrl driver for RDT metrics (L3OCC, LMB, RMB) because environment variable PCM_USE_RESCTRL=1
ERROR: /sys/fs/resctrl is not mounted
ERROR: RDT metrics (L3OCC,LMB,RMB) will not be available
Mount it to make it work: mount -t resctrl resctrl /sys/fs/resctrl
INFO: using Linux resctrl driver for RDT metrics (L3OCC, LMB, RMB) because environment variable PCM_USE_RESCTRL=1
ERROR: /sys/fs/resctrl is not mounted
ERROR: RDT metrics (L3OCC,LMB,RMB) will not be available
Mount it to make it work: mount -t resctrl resctrl /sys/fs/resctrl

 Closed perf event handles
Trying to use Linux perf events...

INFO: using Linux resctrl driver for RDT metrics (L3OCC, LMB, RMB) because environment variable PCM_USE_RESCTRL=1

ERROR: /sys/fs/resctrl is not mounted
ERROR: RDT metrics (L3OCC,LMB,RMB) will not be available
Mount it to make it work: mount -t resctrl resctrl /sys/fs/resctrl
 Closed perf event handles
 Closed perf event handles
Trying to use Linux perf events...
Trying to use Linux perf events...

 Closed perf event handles
Trying to use Linux perf events...
INFO: using Linux resctrl driver for RDT metrics (L3OCC, LMB, RMB) because environment variable PCM_USE_RESCTRL=1
ERROR: /sys/fs/resctrl is not mounted
ERROR: RDT metrics (L3OCC,LMB,RMB) will not be available
Mount it to make it work: mount -t resctrl resctrl /sys/fs/resctrl
Successfully programmed on-core PMU using Linux perf
Successfully programmed on-core PMU using Linux perf
Successfully programmed on-core PMU using Linux perf

Successfully programmed on-core PMU using Linux perf
 Closed perf event handles
Trying to use Linux perf events...
Successfully programmed on-core PMU using Linux perf
Socket 0
Max UPI link 0 speed: 5.8 GBytes/second (2.6 GT/second)
Max UPI link 1 speed: 5.8 GBytes/second (2.6 GT/second)
Socket 1
Max UPI link 0 speed: 5.1 GBytes/second (2.3 GT/second)
Max UPI link 1 speed: 5.1 GBytes/second (2.3 GT/second)

Detected Intel(R) Xeon(R) Silver 4208 CPU @ 2.10GHz "Intel(r) microarchitecture codename Cascade Lake-SP" stepping 7

Executing "./VE/ior-main/src/ior" command:
Socket 0
Max UPI link 0 speed: 3.7 GBytes/second (1.6 GT/second)
Max UPI link 1 speed: 3.7 GBytes/second (1.6 GT/second)
Socket 1
Max UPI link 0 speed: 1.9 GBytes/second (0.8 GT/second)
Max UPI link 1 speed: 1.9 GBytes/second (0.8 GT/second)

Detected Intel(R) Xeon(R) Silver 4208 CPU @ 2.10GHz "Intel(r) microarchitecture codename Cascade Lake-SP" stepping 7

Executing "./VE/ior-main/src/ior" command:
Socket 0
Max UPI link 0 speed: 1.0 GBytes/second (0.4 GT/second)
Max UPI link 1 speed: 1.0 GBytes/second (0.4 GT/second)
Socket 1
Max UPI link 0 speed: 1.5 GBytes/second (0.7 GT/second)
Max UPI link 1 speed: 1.5 GBytes/second (0.7 GT/second)

Detected Intel(R) Xeon(R) Silver 4208 CPU @ 2.10GHz "Intel(r) microarchitecture codename Cascade Lake-SP" stepping 7

Executing "./VE/ior-main/src/ior" command:
Socket 0
Max UPI link 0 speed: 1.3 GBytes/second (0.6 GT/second)
Max UPI link 1 speed: 1.3 GBytes/second (0.6 GT/second)
Socket 1
Max UPI link 0 speed: 1.0 GBytes/second (0.4 GT/second)
Max UPI link 1 speed: 1.0 GBytes/second (0.4 GT/second)

Detected Intel(R) Xeon(R) Silver 4208 CPU @ 2.10GHz "Intel(r) microarchitecture codename Cascade Lake-SP" stepping 7

Executing "./VE/ior-main/src/ior" command:
Socket 0
Max UPI link 0 speed: 1.0 GBytes/second (0.5 GT/second)
Max UPI link 1 speed: 1.0 GBytes/second (0.5 GT/second)
Socket 1
Max UPI link 0 speed: 0.9 GBytes/second (0.4 GT/second)
Max UPI link 1 speed: 0.9 GBytes/second (0.4 GT/second)

Detected Intel(R) Xeon(R) Silver 4208 CPU @ 2.10GHz "Intel(r) microarchitecture codename Cascade Lake-SP" stepping 7

Executing "./VE/ior-main/src/ior" command:
Socket 0
Max UPI link 0 speed: 0.8 GBytes/second (0.3 GT/second)
Max UPI link 1 speed: 0.8 GBytes/second (0.3 GT/second)
Socket 1
Max UPI link 0 speed: 1.2 GBytes/second (0.5 GT/second)
Max UPI link 1 speed: 1.2 GBytes/second (0.5 GT/second)

Detected Intel(R) Xeon(R) Silver 4208 CPU @ 2.10GHz "Intel(r) microarchitecture codename Cascade Lake-SP" stepping 7
Socket 0
Max UPI link 0 speed: 0.8 GBytes/second (0.4 GT/second)
Max UPI link 1 speed: 0.8 GBytes/second (0.4 GT/second)
Socket 1
Max UPI link 0 speed: 0.8 GBytes/second (0.4 GT/second)
Max UPI link 1 speed: 0.8 GBytes/second (0.4 GT/second)

Detected Intel(R) Xeon(R) Silver 4208 CPU @ 2.10GHz "Intel(r) microarchitecture codename Cascade Lake-SP" stepping 7

Executing "./VE/ior-main/src/ior" command:

Executing "./VE/ior-main/src/ior" command:
Socket 0
Max UPI link 0 speed: 1.0 GBytes/second (0.4 GT/second)
Max UPI link 1 speed: 1.0 GBytes/second (0.4 GT/second)
Socket 1
Max UPI link 0 speed: 0.8 GBytes/second (0.4 GT/second)
Max UPI link 1 speed: 0.8 GBytes/second (0.4 GT/second)

Detected Intel(R) Xeon(R) Silver 4208 CPU @ 2.10GHz "Intel(r) microarchitecture codename Cascade Lake-SP" stepping 7

Executing "./VE/ior-main/src/ior" command:
IOR-4.1.0+dev: MPI Coordinated Test of Parallel I/O
Began               : Thu Mar 21 19:37:35 2024
Command line        : ./VE/ior-main/src/ior -t 1m -b 8m -s 8 -o hpl_test -F
Machine             : Linux muffin
TestID              : 0
StartTime           : Thu Mar 21 19:37:35 2024
Path                : hpl_test.00000000
FS                  : 79.0 TiB   Used FS: 12.7%   Inodes: 16179.2 Mi   Used Inodes: 0.2%

Options: 
api                 : POSIX
apiVersion          : 
test filename       : hpl_test
access              : file-per-process
type                : independent
segments            : 8
ordering in a file  : sequential
ordering inter file : no tasks offsets
nodes               : 1
tasks               : 8
clients per node    : 8
memoryBuffer        : CPU
dataAccess          : CPU
GPUDirect           : 0
repetitions         : 1
xfersize            : 1 MiB
blocksize           : 8 MiB
aggregate filesize  : 512 MiB

Results: 

access    bw(MiB/s)  IOPS       Latency(s)  block(KiB) xfer(KiB)  open(s)    wr/rd(s)   close(s)   total(s)   iter
------    ---------  ----       ----------  ---------- ---------  --------   --------   --------   --------   ----
write     11.11      189.71     0.269163    8192       1024.00    0.366936   2.70       44.88      46.09      0   
read      44.67      44.69      0.004830    8192       1024.00    0.001874   11.46      11.43      11.46      0   

Summary of all tests:
Operation   Max(MiB)   Min(MiB)  Mean(MiB)     StdDev   Max(OPs)   Min(OPs)  Mean(OPs)     StdDev    Mean(s) Stonewall(s) Stonewall(MiB) Test# #Tasks tPN reps fPP reord reordoff reordrand seed segcnt   blksiz    xsize aggs(MiB)   API RefNum
write          11.11      11.11      11.11       0.00      11.11      11.11      11.11       0.00   46.08745         NA            NA     0      8   8    1   1     0        1         0    0      8  8388608  1048576     512.0 POSIX      0
read           44.67      44.67      44.67       0.00      44.67      44.67      44.67       0.00   11.46153         NA            NA     0      8   8    1   1     0        1         0    0      8  8388608  1048576     512.0 POSIX      0
Finished            : Thu Mar 21 19:38:33 2024
DEBUG: caught signal to interrupt (Child exited).
Cleaning up
 Closed perf event handles
DEBUG: caught signal to interrupt (Child exited).
Cleaning up
DEBUG: caught signal to interrupt (Child exited).
Cleaning up
 Closed perf event handles
 Closed perf event handles
DEBUG: caught signal to interrupt (Child exited).
Cleaning up
DEBUG: caught signal to interrupt (Child exited).
Cleaning up
DEBUG: caught signal to interrupt (Child exitedDEBUG: caught signal to interrupt ().
Cleaning up
Child exited).
 Closed perf event handles
Cleaning up
 Closed perf event handles
 Closed perf event handles
 Closed perf event handles
 Zeroed uncore PMU registers
 Zeroed uncore PMU registers
 Zeroed uncore PMU registers
 Zeroed uncore PMU registers
DEBUG: caught signal to interrupt (Child exited).
Cleaning up
 Closed perf event handles
 Zeroed uncore PMU registers
 Zeroed uncore PMU registers
 Zeroed uncore PMU registers
 Zeroed uncore PMU registers
	Command being timed: "/opt/nec/ve/bin/mpirun -n 8 /usr/sbin/pcm 0.1 -csv=./output/7/ve_IOR_VE_7.csv -- ./VE/ior-main/src/ior -t 1m -b 8m -s 8 -o hpl_test -F"
	User time (seconds): 3.46
	System time (seconds): 2.69
	Percent of CPU this job got: 9%
	Elapsed (wall clock) time (h:mm:ss or m:ss): 1:01.78
	Average shared text size (kbytes): 0
	Average unshared data size (kbytes): 0
	Average stack size (kbytes): 0
	Average total size (kbytes): 0
	Maximum resident set size (kbytes): 141504
	Average resident set size (kbytes): 0
	Major (requiring I/O) page faults: 5
	Minor (reclaiming a frame) page faults: 6312
	Voluntary context switches: 82619
	Involuntary context switches: 5290
	Swaps: 0
	File system inputs: 0
	File system outputs: 5600
	Socket messages sent: 0
	Socket messages received: 0
	Signals delivered: 0
	Page size (bytes): 4096
	Exit status: 0
