----------------------- Start VH b_eff 2024-03-22_14-12-28 -----------------------

 Intel(r) Performance Counter Monitor (2022-11-24 10:18:12 +0100 ID=1b16bb4e)



 Intel(r) Performance Counter Monitor (2022-11-24 10:18:12 +0100 ID=1b16bb4e)


PCM Info: setrlimit for file limit 1000000 failed with error Operation not permittedPCM Info: setrlimit for file limit 
1000000 failed with error Operation not permitted

=====  Processor information  =====

=====  Processor information  =====

 Intel(r) Performance Counter Monitor 
(2022-11-24 10:18:12 +0100 ID=1b16bb4e) Intel(r) Performance Counter Monitor 

(2022-11-24 10:18:12 +0100 ID=1b16bb4e) Intel(r) Performance Counter Monitor 

(2022-11-24 10:18:12 +0100 ID=1b16bb4e)





PCM Info: setrlimit for file limit 1000000PCM Info: setrlimit for file limit  failed with error 1000000PCM Info: setrlimit for file limit  failed with error Operation not permitted1000000
 failed with error Operation not permittedOperation not permitted


=====  Processor information  =====

=====  Processor information  =====

=====  Processor information  =====

 Intel(r) Performance Counter Monitor (2022-11-24 10:18:12 +0100 ID=1b16bb4e)


PCM Info: setrlimit for file limit 1000000 failed with error Operation not permitted

=====  Processor information  =====
Linux arch_perfmon flag  : yes
Hybrid processor         : Linux arch_perfmon flag  : Linux arch_perfmon flag  : noyesyes


IBRS and IBPB supported  : yes
Hybrid processor         : STIBP supported          : noHybrid processor         : yesLinux arch_perfmon flag  : 
no
yes
IBRS and IBPB supported  : 

Spec arch caps supported : 
 Intel(r) Performance Counter Monitor yesIBRS and IBPB supported  :  Intel(r) Performance Counter Monitor yesHybrid processor         : (2022-11-24 10:18:12 +0100 ID=1b16bb4e)
yes(2022-11-24 10:18:12 +0100 ID=1b16bb4e)
no
STIBP supported          : 

Max CPUID level          : 

yesSTIBP supported          : 
22IBRS and IBPB supported  : 

yes

yesSpec arch caps supported : 
CPU model number         : 
PCM Info: setrlimit for file limit yesSpec arch caps supported : PCM Info: setrlimit for file limit 85STIBP supported          : 1000000
yes1000000
yes failed with error Max CPUID level          : 
 failed with error 
Operation not permitted22Max CPUID level          : 22Spec arch caps supported : 
yesOperation not permittedCPU model number         : 


85
Max CPUID level          : Number of physical cores: 
=====  Processor information  =====
16
CPU model number         : 22
85
Number of logical cores: 

=====  Processor information  =====
CPU model number         : 1685

Number of online logical cores: 16
Threads (logical cores) per physical core: 1
Num sockets: 2
Physical cores per socket: 8
Last level cache slices per socket: 0
Core PMU (perfmon) version: 4
Number of core PMU generic (programmable) counters: 8
Width of generic (programmable) counters: 48 bits
Number of core PMU fixed counters: 3
Width of fixed counters: 48 bits
Nominal core frequency: 2100000000 Hz
IBRS enabled in the kernel   : no
STIBP enabled in the kernel  : no
The processor is not susceptible to Rogue Data Cache Load: no
The processor supports enhanced IBRS                     : no

=====  Processor topology  =====
OS_Processor    Thread_Id       Core_Id         Tile_Id         Package_Id      Core_Type   Native_CPU_Model
Linux arch_perfmon flag  : 0               yes0               
0               Hybrid processor         : 0               no0               
invalidIBRS and IBPB supported  :  yes 
 STIBP supported          :  yes 
 Spec arch caps supported :  yes 
 Max CPUID level          : -1              22

CPU model number         : 1               850               
1               1               0               invalid         -1              
2               0               2               2               0               invalid         -1              
3               0               3               3               0               invalid         -1              
4               0               4               4               0               invalid         -1              
5               0               5               5               0               invalid       Linux arch_perfmon flag  :   -1              yesNumber of physical cores: 

6               Number of physical cores: Hybrid processor         : 0               16no6               16

6               
Number of logical cores: IBRS and IBPB supported  : 0               Number of logical cores: 16yesinvalid16

Number of physical cores:  
Number of online logical cores: STIBP supported          :  Number of online logical cores: 16yes16 16

Number of physical cores: 
 
Threads (logical cores) per physical core: Spec arch caps supported : Number of logical cores:  16Threads (logical cores) per physical core: 1yes16 
1


 Number of logical cores: 
Num sockets: Max CPUID level          : Number of online logical cores:   -1              
7               0               7               7               0               invalid         16-1              Num sockets: 
2
28               22
Number of online logical cores: 
0               
Physical cores per socket: 16Physical cores per socket: 0               CPU model number         : 8
88               85
Threads (logical cores) per physical core: 
1               
Last level cache slices per socket: 1Last level cache slices per socket: invalid0
016 
Num sockets: 
 
Core PMU (perfmon) version: 2Core PMU (perfmon) version:  Threads (logical cores) per physical core: 4
4 1
Physical cores per socket: 
 
Number of core PMU generic (programmable) counters: 8Number of core PMU generic (programmable) counters:  Num sockets: 8
8 2
Last level cache slices per socket: 
 
Width of generic (programmable) counters: 0Width of generic (programmable) counters:  Physical cores per socket: 48
48-1              8 bits
Core PMU (perfmon) version:  bits


Number of core PMU fixed counters: 4Number of core PMU fixed counters: 9               Last level cache slices per socket: 3
30               0
Number of core PMU generic (programmable) counters: 
1               
Width of fixed counters: 8Width of fixed counters: 9               Core PMU (perfmon) version: 48
481               4 bits
Width of generic (programmable) counters:  bits
invalid
Nominal core frequency: 48Nominal core frequency:  Number of core PMU generic (programmable) counters: 2100000000 bits
2100000000 8 Hz
Number of core PMU fixed counters: 3 Hz
 
IBRS enabled in the kernel   : 
IBRS enabled in the kernel   :  Width of generic (programmable) counters: noWidth of fixed counters: no 48
48 bits

  bits
STIBP enabled in the kernel  : Nominal core frequency: STIBP enabled in the kernel  :  Number of core PMU fixed counters: no2100000000no 3
 Hz

 
The processor is not susceptible to Rogue Data Cache Load: IBRS enabled in the kernel   : The processor is not susceptible to Rogue Data Cache Load: -1              Width of fixed counters: nonono
48


10               bits
The processor supports enhanced IBRS                     : STIBP enabled in the kernel  : The processor supports enhanced IBRS                     : 0               Nominal core frequency: nonono2               2100000000


10               Hz
The processor is not susceptible to Rogue Data Cache Load: 
=====  Processor topology  =====

=====  Processor topology  =====
1               IBRS enabled in the kernel   : noOS_Processor    Thread_Id       Core_Id         Tile_Id         Package_Id      Core_Type   Native_CPU_Model
OS_Processor    Thread_Id       Core_Id         Tile_Id         Package_Id      Core_Type   Native_CPU_Model
invalidno
0               0                
The processor supports enhanced IBRS                     : 0               0                STIBP enabled in the kernel  : no0               0                no
0               
=====  Processor topology  =====
0                
0               OS_Processor    Thread_Id       Core_Id         Tile_Id         Package_Id      Core_Type   Native_CPU_Model
0                The processor is not susceptible to Rogue Data Cache Load: invalid0               invalid no 0                 
  0                 The processor supports enhanced IBRS                     :  0                 no 0                -1              
 invalid 
 
=====  Processor topology  =====
    11               OS_Processor    Thread_Id       Core_Id         Tile_Id         Package_Id      Core_Type   Native_CPU_Model
     0                0                  3               -1              0               -1               11              
0               
-1              1               0               1               
1               invalid0               0               1               0                invalid1               0               1                 1               1               1                 0               1               0                 invalid0               invalid   invalid                          -1                -1              
 
-1               2                12              
 0               1                0                2               0                4               -1              2               1               -1              12              
0               1               
1               2               invalid0               2               invalid0                invalid  0                2                     2                2                  2                0                -1              0                invalid 
invalid   2                   0                   2                   2                  -1              0                -1               
invalid  
 3                      13               0                  0                3               -1               5               -1              3               
-1              13              
0               3               
1               3               invalid0               3               invalid0                3               0                3                3               3                3                0               3                0                invalid    0                invalid   invalid              -1                  
   -1              4                -1               
0                
 4               4                14               0               4                0                4               0                6               -1              4               invalid    -1              14              
0                 
1               4               invalid  4               invalid0                 0                4                -1              4                4                
4                0                5               0                invalid 0               invalid   5                   5                   0                   invalid       -1                -1               
    
 5                 15               0               -1               0                5               
 7               -1              5               6               -1              15              
0               0               
1               5               invalid6               5               invalid0                6               0                5                0               5                5                invalid 5                0                   0                invalid    invalid         -1                  
    7               0                  -1              7                -1               
7                
 6               0                =====  Placement on packages  =====
 0               invalid    Package Id.    Core Id.     Processors
 6                   0              -1              6                 -1              0
0                
,6               invalid-1              6               10                
0               ,6                8               6               26                0               6               ,0                0               0               3invalid 8               invalid,  1                 4  invalid   ,       5     , -1                6 
-1               , 7               
 7 0               9                
 7               0               -1              1              -1              7               1               
0
0               9               7               ,7               invalid1               0               10                invalid7               ,7                     7               27                  0               ,0                Linux arch_perfmon flag  : Linux arch_perfmon flag  :  invalid3 invalid,   4yes  yes , 
 
 5 Hybrid processor         :  Hybrid processor         :   , Number of physical cores: no no 166-1               
-1              
 
,
 IBRS and IBPB supported  : 
IBRS and IBPB supported  :  Number of logical cores: 7 10              yesyes8                16
0               -1              

0                

=====  Core/Tile sharing  =====
2               
STIBP supported          : STIBP supported          : 0               -1              Number of online logical cores: Level      Processors
Core       10              yes8               yes8               
16(1               
0               
1               8               
0invalidSpec arch caps supported : 0               Spec arch caps supported : invalid0               0               8               1               invalid Threads (logical cores) per physical core: ) yes8               yes   1( 
1               
   
1 Max CPUID level          : invalidMax CPUID level          :    Num sockets: ) 22 22   2( 
 
 -1              
2 CPU model number         :  CPU model number         :  
Physical cores per socket: )( 85 85 9               83 
 
 0               
)   1               Last level cache slices per socket: (-1               -1              9               04
 
1               
)11               9               invalid    Core PMU (perfmon) version: (0               -1              0                 453               
1                
)11              9               9                 Number of core PMU generic (programmable) counters: (1               0               1               -1              86invalid1               invalid

) 9                10              Width of generic (programmable) counters: ( 1                0               487 invalid 2                bits
)   10              Number of core PMU fixed counters: (   1               38   invalid    
)     Width of fixed counters: (     489     bits
)-1               -1              -1              Nominal core frequency: (
 

21000000001012               10              11               Hz
)0               -1              0               0               IBRS enabled in the kernel   : (4               
2               3               no1112              10              10              11              
)1               0               1               1               STIBP enabled in the kernel  : (invalid2               invalidinvalid    no12 10                
) 1                  The processor is not susceptible to Rogue Data Cache Load: ( invalid   no13   -1              
)   
The processor supports enhanced IBRS                     : (   12              no14   0               
)   4               
=====  Processor topology  =====
(   12              OS_Processor    Thread_Id       Core_Id         Tile_Id         Package_Id      Core_Type   Native_CPU_Model
15-1               -1              1               0               )
 
invalid   0               
Tile / L2$ 13               11                0               (0               -1              0                 0               05               
3                 0               )13              11              11              -1              invalid(1               0               1               
 1invalid3               invalid13               ) 11               0                ( 1                5                2 invalid 13               )   1                (   invalid    3       )      (    -1              4   -1              
)-1               -1              
(
1                
14              514              0                12              0               )0               1               -1              0               6               (6               1               
4               14              614              0               12              12              1               )1               invalid0               1               invalid(invalid 4               invalid  7  12                 )  1                  (  invalid   8      )   -1               (   
 9   13               )   0                ( -1               5               -1              10-1              
 13              
)
2                1               15              (15              0                invalid   0               110               2               -1                 7               )7               2               
  15              (15              0               13               1               121               invalid0               -1              invalid)invalid 5               
 (  13              14               13  1               0                )  invalid6                (   14               14   1                )   invalid   (        15      ) -1                -1              
-1              
 -1              


Package thermal spec power: 3                
=====  Placement on packages  =====
=====  Placement on packages  =====
00                15              Package Id.    Core Id.     Processors
Package Id.    Core Id.     Processors
 Watt; 3               -1              0               0              0              Package minimum power: 3               
7               0000               14              15              ,, Watt; invalid0               1               11Package maximum power:  6               invalid,,0 14               22 Watt;
 1                ,, invalid 33   ,,   44   ,,   55   ,,-1                66
 -1              ,,4                
770                =====  Placement on packages  =====


4               -1              Package Id.    Core Id.     Processors
1              1              4               
0              000               15              0,,invalid0               ,11 7               1,, 15              ,22 
1               2,, invalid,33  3,,Can't open MCFG table. Check permission of   ,44/sys/firmware/acpi/tables/MCFG  4,,
  ,55Can't open MCFG table. Check permission of   5,,/sys/firmware/acpi/tables/MCFG1-1               ,66

 6,,Can't open MCFG table. Check permission of 5                ,77/pcm/sys/firmware/acpi/tables/MCFG0                7


Can't open MCFG table. Check permission of /pcm/sys/firmware/acpi/tables/MCFG15               
5               0               invalid  WARNING: enumeration of devices in UncorePMUDiscovery failed
       -1              -1              


6               
=====  Core/Tile sharing  =====
1              0               =====  Placement on packages  =====

=====  Core/Tile sharing  =====
Level      Processors
Core       06               Package Id.    Core Id.     Processors
Number of physical cores: (,6               Level      Processors
Core       Number of physical cores: 0              010               (160),16invalid0
,(2
 )Number of logical cores: 11,Number of logical cores:  (16,)316 1
2(,
 )Number of online logical cores: ,24Number of online logical cores:  (163),16 2
,(5
 )Threads (logical cores) per physical core: 43,Threads (logical cores) per physical core:  (1,)61 3
5(,
-1              )Num sockets: ,47Num sockets: 
(26)
27               4
,(
=====  Core/Tile sharing  =====

0               )Physical cores per socket: 75Level      Processors
Core       Physical cores per socket: 7               (8
)(87               5
1              (0
0               )Last level cache slices per socket: 06)Last level cache slices per socket: invalid(0,)(0 6
1(1
 )Core PMU (perfmon) version: ,7)Core PMU (perfmon) version:  (42)(4 7
,(2
 )Number of core PMU generic (programmable) counters: 38)Number of core PMU generic (programmable) counters:  (8,)(8 8
4(3
 )Width of generic (programmable) counters: ,9)Width of generic (programmable) counters:  (485)(48-1              9 bits
,(4 bits

)Number of core PMU fixed counters: 610)Number of core PMU fixed counters: 8               (3,)(30               10
7(5
0               )Width of fixed counters: 
11)Width of fixed counters: 8               (48
=====  Core/Tile sharing  =====
)(481               11 bits
Level      Processors
Core       (6 bits
invalid)Nominal core frequency: (12)Nominal core frequency:  (21000000000)(2100000000 12 Hz
)(7 Hz
 )IBRS enabled in the kernel   : (13)IBRS enabled in the kernel   :  (no1)(no 13
)(8
 )STIBP enabled in the kernel  : (14)STIBP enabled in the kernel  :  (no2)(no 14
)(9
 )The processor is not susceptible to Rogue Data Cache Load: INFO: Linux perf interface to program uncore PMUs is present
(15)The processor is not susceptible to Rogue Data Cache Load: -1              (noINFO: using Linux perf interface to program uncore PMUs because env variable PCM_USE_UNCORE_PERF=1
3)(no
15
INFO: Secure Boot detected. Using Linux perf for uncore PMU programming.
)
Tile / L2$ 10
9               )The processor supports enhanced IBRS                     : (()The processor supports enhanced IBRS                     : 
Tile / L2$ no400               (no(
))
=====  Processor topology  =====
1               11
0((OS_Processor    Thread_Id       Core_Id         Tile_Id         Package_Id      Core_Type   Native_CPU_Model
9               ))
=====  Processor topology  =====
510               1               ((OS_Processor    Thread_Id       Core_Id         Tile_Id         Package_Id      Core_Type   Native_CPU_Model
))0               invalid1210               ((0                ))0               620                ((0               ))0                1320               ((invalid ))0               73  ((invalid))  143 ((  )) 84  (( ))  154 (( -1              )) 95 

Tile / L2$ ( )) 10              (5 (( 0               0) 106-1              2               )( ))
10              (6-1              ((1               1               1)
117invalid0               )()1               ) 1               (7(0               ( 1               2)121               8 0               )()1               ) invalid(8(0               (  3)13invalid9  )() )  (9( (  4)14 10  )() )-1               (10( (
 5)15 1111               )() )0                (11
Tile / L2$  (3               -1              6)( 1211              
)(0-1              )1               2               (12)
(invalid0               7)(2               13 2               )(10               ) 2               (13)2               ( 0               8)(2               14 invalid)(20               )  (14)invalid(  9)( 15  )(3 )  (15) 
  10)( 
-1               )
4 
Package thermal spec power:  (
) 12              0 11(Package thermal spec power:  0                Watt;  )50 4               Package minimum power: -1              () Watt;  12              0
12(Package minimum power: -1              1                Watt; 3               )60
invalidPackage maximum power: 0               () Watt; 3                03               13(Package maximum power: 0                 Watt;
3               )703                0               () Watt;
3                invalid14(0                 )8invalid  ()   15(   )9   
) -1               
( 
 10Package thermal spec power:  13               )0 0                ( Watt;   5               -1              11Package minimum power: -1              13              
)0
1               4               ( Watt; 4               invalid0               12Package maximum power: 0                4               )04                4               ( Watt;
4                0               130                invalid)
invalid  (   14   )  
 ( Can't open MCFG table. Check permission of   15 /sys/firmware/acpi/tables/MCFG-1               ) 

 
 Can't open MCFG table. Check permission of Can't open MCFG table. Check permission of 14               
 /sys/firmware/acpi/tables/MCFG/sys/firmware/acpi/tables/MCFG10                 Package thermal spec power: 

6               -1              -1              0Can't open MCFG table. Check permission of Can't open MCFG table. Check permission of 14              1               invalid
 5               
 0                 Watt; 5               5                /sys/firmware/acpi/tables/MCFG1Package minimum power: 
/pcm/sys/firmware/acpi/tables/MCFG5               
0                0Can't open MCFG table. Check permission of 
0               5                 Watt; /pcm/sys/firmware/acpi/tables/MCFGCan't open MCFG table. Check permission of invalid5                Package maximum power: 
/pcm/sys/firmware/acpi/tables/MCFG1Can't open MCFG table. Check permission of  0                0Can't open MCFG table. Check permission of 
/sys/firmware/acpi/tables/MCFG invalid  Watt;
/pcm/sys/firmware/acpi/tables/MCFG1
  -1              
Can't open MCFG table. Check permission of   
/sys/firmware/acpi/tables/MCFG1  WARNING: enumeration of devices in UncorePMUDiscovery failed
15              
  0               Can't open MCFG table. Check permission of   7               /pcm/sys/firmware/acpi/tables/MCFG WARNING: enumeration of devices in UncorePMUDiscovery failed
 15              
  1               Can't open MCFG table. Check permission of -1               invalid/pcm/sys/firmware/acpi/tables/MCFG1
  
6               -1               0               
 6               6                6               0                0               6                invalidWARNING: enumeration of devices in UncorePMUDiscovery failed
6                 0                 invalid   -1                
  =====  Placement on packages  =====
  Package Id.    Core Id.     Processors
  0                0  ,
-1                -1              
7               1
0               ,7               7               20               7               ,7               0               37               invalidCan't open MCFG table. Check permission of ,0                /sys/firmware/acpi/tables/MCFG4invalid 
,  Can't open MCFG table. Check permission of 5  /sys/firmware/acpi/tables/MCFG1, 6  , 
 7INFO: Linux perf interface to program uncore PMUs is  Can't open MCFG table. Check permission of INFO: Linux perf interface to program uncore PMUs is  
 present
/pcm/sys/firmware/acpi/tables/MCFG present
1               INFO: using Linux perf interface to program uncore PMUs because env variable PCM_USE_UNCORE_PERF=1

 INFO: using Linux perf interface to program uncore PMUs because env variable PCM_USE_UNCORE_PERF=1
0 INFO: Secure Boot detected. Using Linux perf for uncore PMU programming.
Can't open MCFG table. Check permission of -1              INFO: Secure Boot detected. Using Linux perf for uncore PMU programming.
,-1              /pcm/sys/firmware/acpi/tables/MCFG1
1

8               ,8               0               20               0               ,0               8               38               1               ,1               invalid4invalid , WARNING: enumeration of devices in UncorePMUDiscovery failed
 5  ,  6  ,  7  
INFO: Linux perf interface to program uncore PMUs is   
=====  Core/Tile sharing  =====
  present
Level      Processors
Core        -1              INFO: using Linux perf interface to program uncore PMUs because env variable PCM_USE_UNCORE_PERF=1
(-1              
INFO: Secure Boot detected. Using Linux perf for uncore PMU programming.
0
9               )9               0               (0               1               11               9               )9               1               (1               invalid2invalid )  (  3  )  (  4  )  (  5 -1              )-1              
(
10              610              0               )0               2               (2               10              710              1               )1               invalid(invalid 8  )  (  9  )  (  10  )  ( -1              11-1              
)
11              (11              0               120               3               )3               11              (11              1               131               invalid)invalid (  14  )  (  15  )  
Tile / L2$   (  0 -1              )-1              
(
12              112              0               )0               4               (4               12              212              1               )1               invalid(invalid 3  )  (  4  )  (  5  )  ( -1              6-1              
)
13              (13              0               70               5               )5               13              (13              1               81               invalid)invalid (  9  )  (  10  )  (  11  ) -1              (-1              
12
14              )14              0               (0               6               136               14              )14              1               (1               invalid14invalid )  (  15  )  
  
  Package thermal spec power:   0   Watt;  -1              Package minimum power: -1              
0
15               Watt; 15              0               Package maximum power: 0               7               07               15               Watt;
15              1               1               invalidinvalid                  -1              -1              

=====  Placement on packages  =====
=====  Placement on packages  =====
Package Id.    Core Id.     Processors
Package Id.    Core Id.     Processors
0              0              00,,11,,22,,33,,44,,55,,66,,77

1              1              00,,11,,22,,33,,44,,
55,,66,,77


=====  Core/Tile sharing  =====

=====  Core/Tile sharing  =====
Level      Processors
Core       Level      Processors
Core       ((0Can't open MCFG table. Check permission of 0)/sys/firmware/acpi/tables/MCFG)(
(1Can't open MCFG table. Check permission of 1)/sys/firmware/acpi/tables/MCFG1)(
(2Can't open MCFG table. Check permission of 2)/pcm/sys/firmware/acpi/tables/MCFG)(
(3Can't open MCFG table. Check permission of 3)/pcm/sys/firmware/acpi/tables/MCFG1)(
(44))((55))WARNING: enumeration of devices in UncorePMUDiscovery failed
((66))((77))((88))((99))((1010))((1111))((1212))((1313))((1414))((1515))
Tile / L2$ 
Tile / L2$ ((00))((11))((22))((33))((44))((55))((66))((77))((88))((99))((1010))((1111))((1212))((1313))((1414))((1515))



Package thermal spec power: Package thermal spec power: 00 Watt;  Watt; Package minimum power: Package minimum power: 00 Watt;  Watt; Package maximum power: Package maximum power: 00 Watt;
 Watt;


Can't open MCFG table. Check permission of /sys/firmware/acpi/tables/MCFG
Can't open MCFG table. Check permission of /sys/firmware/acpi/tables/MCFG1
Can't open MCFG table. Check permission of Can't open MCFG table. Check permission of /pcm/sys/firmware/acpi/tables/MCFG/sys/firmware/acpi/tables/MCFG

Can't open MCFG table. Check permission of Can't open MCFG table. Check permission of /pcm/sys/firmware/acpi/tables/MCFG1/sys/firmware/acpi/tables/MCFG1

Can't open MCFG table. Check permission of /pcm/sys/firmware/acpi/tables/MCFG
Can't open MCFG table. Check permission of /pcm/sys/firmware/acpi/tables/MCFG1
WARNING: enumeration of devices in UncorePMUDiscovery failed
WARNING: enumeration of devices in UncorePMUDiscovery failed
INFO: Linux perf interface to program uncore PMUs is present
INFO: using Linux perf interface to program uncore PMUs because env variable PCM_USE_UNCORE_PERF=1
INFO: Secure Boot detected. Using Linux perf for uncore PMU programming.
Socket 0: 2 memory controllers detected with total number of 6 channels. 2 UPI ports detected. 2 M2M (mesh to memory) blocks detected. 0 Home Agents detected. 2 M3UPI blocks detected.
INFO: Linux perf interface to program uncore PMUs is present
INFO: Linux perf interface to program uncore PMUs is INFO: using Linux perf interface to program uncore PMUs because env variable PCM_USE_UNCORE_PERF=1
INFO: Linux perf interface to program uncore PMUs is present
INFO: Secure Boot detected. Using Linux perf for uncore PMU programming.
present
INFO: using Linux perf interface to program uncore PMUs because env variable PCM_USE_UNCORE_PERF=1
INFO: using Linux perf interface to program uncore PMUs because env variable PCM_USE_UNCORE_PERF=1
INFO: Secure Boot detected. Using Linux perf for uncore PMU programming.
INFO: Secure Boot detected. Using Linux perf for uncore PMU programming.
Socket 0: 2 memory controllers detected with total number of 6 channels. 2 UPI ports detected. 2 M2M (mesh to memory) blocks detected. 0 Home Agents detected. 2 M3UPI blocks detected.
Socket 0: 2 memory controllers detected with total number of 6 channels. 2 UPI ports detected. 2 M2M (mesh to memory) blocks detected. 0 Home Agents detected. 2 M3UPI blocks detected.
Socket 0: 2 memory controllers detected with total number of 6 channels. 2 UPI ports detected. 2 M2M (mesh to memory) blocks detected. 0 Home Agents detected. 2 M3UPI blocks detected.
Socket 0: 2 memory controllers detected with total number of 6 channels. 2 UPI ports detected. 2 M2M (mesh to memory) blocks detected. 0 Home Agents detected. 2 M3UPI blocks detected.
Socket 1: 2 memory controllers detected with total number of 6 channels. 2 UPI ports detected. 2 M2M (mesh to memory) blocks detected. 0 Home Agents detected. 2 M3UPI blocks detected.
Socket 0: 2 memory controllers detected with total number of 6 channels. 2 UPI ports detected. 2 M2M (mesh to memory) blocks detected. 0 Home Agents detected. 2 M3UPI blocks detected.
Socket 0: 2 memory controllers detected with total number of 6 channels. 2 UPI ports detected. 2 M2M (mesh to memory) blocks detected. 0 Home Agents detected. 2 M3UPI blocks detected.
Socket 0: 2 memory controllers detected with total number of 6 channels. 2 UPI ports detected. 2 M2M (mesh to memory) blocks detected. 0 Home Agents detected. 2 M3UPI blocks detected.
Socket 1Socket : 2 memory controllers detected with total number of 61 channels. Socket : 2Socket 2 1 memory controllers detected with total number of Socket UPI1: 6 ports detected.: 21 channels.  2 memory controllers detected with total number of : 22 memory controllers detected with total number of 62  M2M (mesh to memory) blocks detected. 6 channels.  memory controllers detected with total number of UPI0 channels. 26 ports detected. Home Agents detected. 2  channels.  2 UPI22 M3UPI blocks detected.
UPI ports detected.  M2M (mesh to memory) blocks detected.  ports detected. UPI0 2 ports detected. Home Agents detected. 2 M2M (mesh to memory) blocks detected.  2 M2M (mesh to memory) blocks detected. 02 M3UPI blocks detected.
0 Home Agents detected.  M2M (mesh to memory) blocks detected.  Home Agents detected. 202 M3UPI blocks detected.
 Home Agents detected.  M3UPI blocks detected.
2 M3UPI blocks detected.
Socket 1: 2 memory controllers detected with total number of 6 channels. 2 UPI ports detected. 2 M2M (mesh to memory) blocks detected. Socket 0 Home Agents detected. 2 M3UPI blocks detected.
1: 2 memory controllers detected with total number of 6 channels. 2 UPI ports detected. 2 M2M (mesh to memory) blocks detected. 0 Home Agents detected. 2 M3UPI blocks detected.
INFO: using Linux resctrl driver for RDT metrics (L3OCC, LMB, RMB) because environment variable PCM_USE_RESCTRL=1
ERROR: /sys/fs/resctrl is not mounted
ERROR: RDT metrics (L3OCC,LMB,RMB) will not be available
Mount it to make it work: mount -t resctrl resctrl /sys/fs/resctrl

 Closed perf event handles
Trying to use Linux perf events...
INFO: using Linux resctrl driver for RDT metrics (L3OCC, LMB, RMB) because environment variable PCM_USE_RESCTRL=1
ERROR: /sys/fs/resctrl is not mounted
ERROR: RDT metrics (L3OCC,LMB,RMB) will not be available
Mount it to make it work: mount -t resctrl resctrl /sys/fs/resctrl
INFO: using Linux resctrl driver for RDT metrics (L3OCC, LMB, RMB) because environment variable PCM_USE_RESCTRL=1
INFO: using Linux resctrl driver for RDT metrics (L3OCC, LMB, RMB) because environment variable PCM_USE_RESCTRL=1
ERROR: /sys/fs/resctrl is not mounted
INFO: using Linux resctrl driver for RDT metrics (L3OCC, LMB, RMB) because environment variable PCM_USE_RESCTRL=1
ERROR: RDT metrics (L3OCC,LMB,RMB) will not be available
ERROR: /sys/fs/resctrl is not mounted
INFO: using Linux resctrl driver for RDT metrics (L3OCC, LMB, RMB) because environment variable PCM_USE_RESCTRL=1
Mount it to make it work: mount -t resctrl resctrl /sys/fs/resctrl
ERROR: RDT metrics (L3OCC,LMB,RMB) will not be available
ERROR: /sys/fs/resctrl is not mounted
Mount it to make it work: mount -t resctrl resctrl /sys/fs/resctrl
ERROR: RDT metrics (L3OCC,LMB,RMB) will not be available
ERROR: /sys/fs/resctrl is not mounted
Mount it to make it work: mount -t resctrl resctrl /sys/fs/resctrl
ERROR: RDT metrics (L3OCC,LMB,RMB) will not be available
Mount it to make it work: mount -t resctrl resctrl /sys/fs/resctrl


INFO: using Linux resctrl driver for RDT metrics (L3OCC, LMB, RMB) because environment variable PCM_USE_RESCTRL=1


ERROR: /sys/fs/resctrl is not mounted

ERROR: RDT metrics (L3OCC,LMB,RMB) will not be available
Mount it to make it work: mount -t resctrl resctrl /sys/fs/resctrl
 Closed perf event handles
Trying to use Linux perf events...
 Closed perf event handles
Trying to use Linux perf events...
 Closed perf event handles
Trying to use Linux perf events...
 Closed perf event handles
 Closed perf event handles
Trying to use Linux perf events...
Trying to use Linux perf events...

 Closed perf event handles
Trying to use Linux perf events...
INFO: using Linux resctrl driver for RDT metrics (L3OCC, LMB, RMB) because environment variable PCM_USE_RESCTRL=1
ERROR: /sys/fs/resctrl is not mounted
ERROR: RDT metrics (L3OCC,LMB,RMB) will not be available
Mount it to make it work: mount -t resctrl resctrl /sys/fs/resctrl

 Closed perf event handles
Trying to use Linux perf events...
Successfully programmed on-core PMU using Linux perf
Successfully programmed on-core PMU using Linux perf
Successfully programmed on-core PMU using Linux perf
Successfully programmed on-core PMU using Linux perf
Successfully programmed on-core PMU using Linux perf
Successfully programmed on-core PMU using Linux perf
Successfully programmed on-core PMU using Linux perf
Successfully programmed on-core PMU using Linux perf
Socket 0
Max UPI link 0 speed: 1.2 GBytes/second (0.5 GT/second)
Max UPI link 1 speed: 1.2 GBytes/second (0.5 GT/second)
Socket 1
Max UPI link 0 speed: 1.3 GBytes/second (0.6 GT/second)
Max UPI link 1 speed: 1.3 GBytes/second (0.6 GT/second)

Detected Intel(R) Xeon(R) Silver 4208 CPU @ 2.10GHz "Intel(r) microarchitecture codename Cascade Lake-SP" stepping 7

Executing "./VH/b_eff1/b_eff" command:
Socket 0
Max UPI link 0 speed: 1.3 GBytes/second (0.6 GT/second)
Max UPI link 1 speed: 1.3 GBytes/second (0.6 GT/second)
Socket 1
Max UPI link 0 speed: 1.4 GBytes/second (0.6 GT/second)
Max UPI link 1 speed: 1.4 GBytes/second (0.6 GT/second)

Detected Intel(R) Xeon(R) Silver 4208 CPU @ 2.10GHz "Intel(r) microarchitecture codename Cascade Lake-SP" stepping 7

Executing "./VH/b_eff1/b_eff" command:
Socket 0
Max UPI link 0 speed: 1.5 GBytes/second (0.7 GT/second)
Max UPI link 1 speed: 1.5 GBytes/second (0.7 GT/second)
Socket 1
Max Socket UPI link 00
 speed: Max UPI link 0 speed: 1.3 GBytes/second (0.6 GT/second)
Max UPI link 1 speed: 1.31.3 GBytes/second ( GBytes/second (0.60.6 GT/second)
 GT/second)
Max UPI link 1
Detected  speed: 1.3Intel(R) Xeon(R) Silver 4208 CPU @ 2.10GHz GBytes/second ( "Intel(r) microarchitecture codename 0.6Cascade Lake-SP GT/second)
" stepping Socket 71

Max UPI link 0 speed: 1.5 GBytes/second (0.7 GT/second)
Max UPI link 1 speed: 1.5 GBytes/second (0.7 GT/second)

Detected Intel(R) Xeon(R) Silver 4208 CPU @ 2.10GHz "Intel(r) microarchitecture codename Cascade Lake-SP" stepping 7

Executing "./VH/b_eff1/b_eff" command:

Executing "./VH/b_eff1/b_eff" command:
Socket 0
Max UPI link 0 speed: 1.2 GBytes/second (0.6 GT/second)
Max UPI link 1 speed: 1.2 GBytes/second (0.6 GT/second)
Socket 1
Max UPI link 0 speed: 1.3 GBytes/second (0.6 GT/second)
Max UPI link 1 speed: 1.3 GBytes/second (0.6 GT/second)

Detected Intel(R) Xeon(R) Silver 4208 CPU @ 2.10GHz "Intel(r) microarchitecture codename Cascade Lake-SP" stepping 7
Socket 0
Max UPI link 0 speed: 1.3 GBytes/second (0.6 GT/second)
Max UPI link 1 speed: 1.3 GBytes/second (0.6 GT/second)
Socket 1
Max UPI link 0 speed: 1.3 GBytes/second (0.6 GT/second)
Max UPI link 1 speed: 1.3 GBytes/second (0.6 GT/second)

Detected Intel(R) Xeon(R) Silver 4208 CPU @ 2.10GHz "Intel(r) microarchitecture codename Cascade Lake-SP" stepping 7
Socket 0
Max UPI link 0 speed: 1.4 GBytes/second (0.6 GT/second)
Max UPI link 1 speed: 1.4 GBytes/second (0.6 GT/second)
Socket 1
Max UPI link 0 speed: 1.4 GBytes/second (0.6 GT/second)
Max UPI link 1 speed: 1.4
Executing " GBytes/second (./VH/b_eff1/b_eff0.6 GT/second)
" command:

Detected Intel(R) Xeon(R) Silver 4208 CPU @ 2.10GHz "Intel(r) microarchitecture codename Cascade Lake-SP" stepping 7

Executing "./VH/b_eff1/b_eff" command:

Executing "./VH/b_eff1/b_eff" command:
Socket 0
Max UPI link 0 speed: 1.3 GBytes/second (0.6 GT/second)
Max UPI link 1 speed: 1.3 GBytes/second (0.6 GT/second)
Socket 1
Max UPI link 0 speed: 1.2 GBytes/second (0.6 GT/second)
Max UPI link 1 speed: 1.2 GBytes/second (0.6 GT/second)

Detected Intel(R) Xeon(R) Silver 4208 CPU @ 2.10GHz "Intel(r) microarchitecture codename Cascade Lake-SP" stepping 7

Executing "./VH/b_eff1/b_eff" command:
b_eff =   5647.543 MB/s = 705.943 *   8 PEs with 256 MB/PE on Linux muffin 4.18.0-477.15.1.el8_8.x86_64 #1 SMP Wed Jun 28 15:04:18 UTC 2023 x86_64
DEBUG: caught signal to interrupt (Child exited).
Cleaning up
 Closed perf event handles
DEBUG: caught signal to interrupt (Child exited).
Cleaning up
DEBUG: caught signal to interrupt (Child exited).
Cleaning up
DEBUG: caught signal to interrupt (Child exited).
Cleaning up
DEBUG: caught signal to interrupt (Child exited).
Cleaning up
DEBUG: caught signal to interrupt (DEBUG: caught signal to interrupt (Child exited).
Child exited).
Cleaning up
Cleaning up
 Closed perf event handles
 Closed perf event handles
 Closed perf event handles
 Closed perf event handles
 Closed perf event handles
 Closed perf event handles
DEBUG: caught signal to interrupt (Child exited).
Cleaning up
 Closed perf event handles
 Zeroed uncore PMU registers
 Zeroed uncore PMU registers
 Zeroed uncore PMU registers
 Zeroed uncore PMU registers
 Zeroed uncore PMU registers
 Zeroed uncore PMU registers
 Zeroed uncore PMU registers
 Zeroed uncore PMU registers
	Command being timed: "mpirun -vh -np 8 /usr/sbin/pcm 0.1 -csv=./output/5/vh_b_eff_VH_5.csv -- ./VH/b_eff1/b_eff"
	User time (seconds): 3.99
	System time (seconds): 3.91
	Percent of CPU this job got: 11%
	Elapsed (wall clock) time (h:mm:ss or m:ss): 1:07.84
	Average shared text size (kbytes): 0
	Average unshared data size (kbytes): 0
	Average stack size (kbytes): 0
	Average total size (kbytes): 0
	Maximum resident set size (kbytes): 141596
	Average resident set size (kbytes): 0
	Major (requiring I/O) page faults: 2
	Minor (reclaiming a frame) page faults: 5263
	Voluntary context switches: 107824
	Involuntary context switches: 4565
	Swaps: 0
	File system inputs: 0
	File system outputs: 34088
	Socket messages sent: 0
	Socket messages received: 0
	Signals delivered: 0
	Page size (bytes): 4096
	Exit status: 0
