

 Intel(r) Performance Counter Monitor  Intel(r) Performance Counter Monitor (2022-11-24 10:18:12 +0100 ID=1b16bb4e)(2022-11-24 10:18:12 +0100 ID=1b16bb4e)





PCM Info: setrlimit for file limit 1000000 failed with error PCM Info: setrlimit for file limit Operation not permitted1000000
 failed with error Operation not permitted

 Intel(r) Performance Counter Monitor (2022-11-24 10:18:12 +0100 ID=1b16bb4e)



=====  Processor information  =====

=====  Processor information  =====
PCM Info: setrlimit for file limit 1000000 failed with error Operation not permitted

=====  Processor information  =====

 Intel(r) Performance Counter Monitor (2022-11-24 10:18:12 +0100 ID=1b16bb4e)




 Intel(r) Performance Counter Monitor  Intel(r) Performance Counter Monitor 
PCM Info: setrlimit for file limit (2022-11-24 10:18:12 +0100 ID=1b16bb4e)
(2022-11-24 10:18:12 +0100 ID=1b16bb4e)1000000 Intel(r) Performance Counter Monitor Linux arch_perfmon flag  : 

 Intel(r) Performance Counter Monitor Linux arch_perfmon flag  :  failed with error (2022-11-24 10:18:12 +0100 ID=1b16bb4e)Operation not permittedyes

(2022-11-24 10:18:12 +0100 ID=1b16bb4e)yes







Hybrid processor         : 
Hybrid processor         : 
=====  Processor information  =====

noPCM Info: setrlimit for file limit 
no
1000000PCM Info: setrlimit for file limit 
IBRS and IBPB supported  :  failed with error 1000000PCM Info: setrlimit for file limit IBRS and IBPB supported  : yesOperation not permitted failed with error PCM Info: setrlimit for file limit 10000001000000yes

Operation not permitted failed with error  failed with error 
STIBP supported          : 
Operation not permittedLinux arch_perfmon flag  : Linux arch_perfmon flag  : STIBP supported          : Operation not permitted
=====  Processor information  =====
yes
yesyesyes

Spec arch caps supported : 
yesHybrid processor         : 
=====  Processor information  =====

no
Max CPUID level          : 


=====  Processor information  =====

=====  Processor information  =====
Hybrid processor         : Linux arch_perfmon flag  : yes22IBRS and IBPB supported  : Spec arch caps supported : no

yesyes
Hybrid processor         : CPU model number         : 

IBRS and IBPB supported  : no85STIBP supported          : Max CPUID level          : yes

yes22
IBRS and IBPB supported  : 

STIBP supported          : yesSpec arch caps supported : CPU model number         : yes
yes85
STIBP supported          : 

Spec arch caps supported : yesLinux arch_perfmon flag  : Max CPUID level          : yes
yesLinux arch_perfmon flag  : Linux arch_perfmon flag  : 22
Spec arch caps supported : 
yesyes
Max CPUID level          : yesHybrid processor         : 

CPU model number         : 22
noHybrid processor         : Hybrid processor         : 85
Max CPUID level          : 
nono
CPU model number         : 85
22
IBRS and IBPB supported  : CPU model number         : yes
85

IBRS and IBPB supported  : 
STIBP supported          : IBRS and IBPB supported  : yesyesyes


STIBP supported          : Spec arch caps supported : STIBP supported          : yesyesyes


Spec arch caps supported : Max CPUID level          : Spec arch caps supported : yes22yes


Max CPUID level          : CPU model number         : Max CPUID level          : 228522


CPU model number         : CPU model number         : 8585

Number of physical cores: 16
Number of logical cores: 16
Number of online logical cores: 16
Threads (logical cores) per physical core: 1
Num sockets: 2
Physical cores per socket: 8
Last level cache slices per socket: 0
Core PMU (perfmon) version: 4
Number of core PMU generic (programmable) counters: 8
Width of generic (programmable) counters: 48 bits
Number of core PMU fixed counters: 3
Width of fixed counters: 48 bits
Nominal core frequency: 2100000000 Hz
IBRS enabled in the kernel   : no
STIBP enabled in the kernel  : no
The processor is not susceptible to Rogue Data Cache Load: no
The processor supports enhanced IBRS                     : no

=====  Processor topology  =====
OS_Processor    Thread_Id       Core_Id         Tile_Id         Package_Id      Core_Type   Native_CPU_Model
0               0               0               0               0               invalid         -1              
1               0               1               1               0               invalid         -1              
2               0               2               2               0               invalid         -1              
3               0               3               3               0               invalid         -1              
4               0               4               4               0               invalid         -1              
5               0               5               5               0               invalid         -1              
6               0               6               6               0               invalid         -1              
7               0               7               7               0               invalid         -1              
8               0               0               8               1               invalid         -1              
9               0               1               9               1               invalid         -1              
10              0               2               10              1               invalid         -1              
11              0               3               11              1               invalid         -1              
12              0               4               12              1               invalid         -1              
13              0               5               13              1               invalid         -1              
14              0               6               14              1               invalid         -1              
15              0               7               15              1               invalid         -1              
=====  Placement on packages  =====
Package Id.    Core Id.     Processors
0              0,1,2,3,4,5,6,7
1              0,1,2,3,4,5,6,7

=====  Core/Tile sharing  =====
Level      Processors
Core       (0)(1)(2)(3)(4)(5)(6)(7)(8)(9)(10)(11)(12)(13)(14)(15)
Tile / L2$ (0)(1)(2)(3)(4)(5)(6)(7)(8)(9)(10)(11)(12)(13)(14)(15)

Package thermal spec power: 0 Watt; Package minimum power: 0 Watt; Package maximum power: 0 Watt;

Can't open MCFG table. Check permission of /sys/firmware/acpi/tables/MCFG
Can't open MCFG table. Check permission of /sys/firmware/acpi/tables/MCFG1
Can't open MCFG table. Check permission of /pcm/sys/firmware/acpi/tables/MCFG
Can't open MCFG table. Check permission of /pcm/sys/firmware/acpi/tables/MCFG1
WARNING: enumeration of devices in UncorePMUDiscovery failed
INFO: Linux perf interface to program uncore PMUs is Number of physical cores: present
Number of physical cores: INFO: using Linux perf interface to program uncore PMUs because env variable PCM_USE_UNCORE_PERF=1
16Number of physical cores: INFO: Secure Boot detected. Using Linux perf for uncore PMU programming.

Number of physical cores: 1616Number of physical cores: Number of logical cores: 
16
16Number of logical cores: 16
Number of logical cores: 
16
Number of logical cores: 16Number of online logical cores: 
Number of logical cores: 16
16Number of online logical cores: 16
Number of online logical cores: 
Threads (logical cores) per physical core: 16
Number of online logical cores: 161
Number of online logical cores: 16

Threads (logical cores) per physical core: 16
Threads (logical cores) per physical core: Num sockets: 1
Threads (logical cores) per physical core: 12
Threads (logical cores) per physical core: 1

Num sockets: 1
Num sockets: Physical cores per socket: 2
Num sockets: 28
Num sockets: 2

Physical cores per socket: 2
Physical cores per socket: Last level cache slices per socket: 8
Physical cores per socket: 80
Physical cores per socket: 8

Last level cache slices per socket: 8
Last level cache slices per socket: Core PMU (perfmon) version: 0
Last level cache slices per socket: 04
Last level cache slices per socket: 0

Core PMU (perfmon) version: 0
Core PMU (perfmon) version: Number of core PMU generic (programmable) counters: Number of physical cores: 4
Number of physical cores: Core PMU (perfmon) version: 48
Core PMU (perfmon) version: 16416

Number of core PMU generic (programmable) counters: 4


Number of core PMU generic (programmable) counters: Width of generic (programmable) counters: 8
Number of logical cores: Number of core PMU generic (programmable) counters: Number of logical cores: 848
Number of core PMU generic (programmable) counters: 16816
 bits
Width of generic (programmable) counters: 8


Width of generic (programmable) counters: Number of core PMU fixed counters: 48
Number of online logical cores: Width of generic (programmable) counters: Number of online logical cores: 483 bits
Width of generic (programmable) counters: 164816 bits

Number of core PMU fixed counters: 48
 bits

Number of core PMU fixed counters: Width of fixed counters: 3 bits
Threads (logical cores) per physical core: Number of core PMU fixed counters: Threads (logical cores) per physical core: 348
Number of core PMU fixed counters: 131
 bits
Width of fixed counters: 3


Width of fixed counters: Nominal core frequency: 48
Num sockets: Width of fixed counters: Num sockets: 482100000000 bits
Width of fixed counters: 2482 bits
 Hz
Nominal core frequency: 48
 bits

Nominal core frequency: IBRS enabled in the kernel   : 2100000000 bits
Physical cores per socket: Nominal core frequency: Physical cores per socket: 2100000000no Hz
Nominal core frequency: 821000000008 Hz

IBRS enabled in the kernel   : 2100000000
 Hz

IBRS enabled in the kernel   : STIBP enabled in the kernel  : no Hz
Last level cache slices per socket: IBRS enabled in the kernel   : Last level cache slices per socket: nono
IBRS enabled in the kernel   : 0no0

STIBP enabled in the kernel  : no


STIBP enabled in the kernel  : The processor is not susceptible to Rogue Data Cache Load: no
Core PMU (perfmon) version: STIBP enabled in the kernel  : Core PMU (perfmon) version: nono
STIBP enabled in the kernel  : 4no4

The processor is not susceptible to Rogue Data Cache Load: no


The processor is not susceptible to Rogue Data Cache Load: The processor supports enhanced IBRS                     : no
Number of core PMU generic (programmable) counters: The processor is not susceptible to Rogue Data Cache Load: Number of core PMU generic (programmable) counters: nono
The processor is not susceptible to Rogue Data Cache Load: 8no8

The processor supports enhanced IBRS                     : no


The processor supports enhanced IBRS                     : 
=====  Processor topology  =====
no
The processor supports enhanced IBRS                     : Width of generic (programmable) counters: The processor supports enhanced IBRS                     : Width of generic (programmable) counters: noOS_Processor    Thread_Id       Core_Id         Tile_Id         Package_Id      Core_Type   Native_CPU_Model

no48no48
0               
=====  Processor topology  =====

 bits

 bits

=====  Processor topology  =====
0               OS_Processor    Thread_Id       Core_Id         Tile_Id         Package_Id      Core_Type   Native_CPU_Model

=====  Processor topology  =====
Number of core PMU fixed counters: 
=====  Processor topology  =====
Number of core PMU fixed counters: OS_Processor    Thread_Id       Core_Id         Tile_Id         Package_Id      Core_Type   Native_CPU_Model
0               0               OS_Processor    Thread_Id       Core_Id         Tile_Id         Package_Id      Core_Type   Native_CPU_Model
3OS_Processor    Thread_Id       Core_Id         Tile_Id         Package_Id      Core_Type   Native_CPU_Model
30               0               0               0               
0               
0               0               0               0               Width of fixed counters: 0               Width of fixed counters: 0               invalid0               0               480               480                0               0                bits
0                bits
0                invalid0               Nominal core frequency: 0               Nominal core frequency: invalid  invalid2100000000invalid2100000000      Hz
  Hz
        -1              
1               0               1               1               0               invalid            IBRS enabled in the kernel   :  IBRS enabled in the kernel   : -1                    no no
    
 
2                  STIBP enabled in the kernel  :  STIBP enabled in the kernel  : 0                -1               no no2               -1              
 
 
2               
-1              1               1               The processor is not susceptible to Rogue Data Cache Load:  The processor is not susceptible to Rogue Data Cache Load: 0               
0               0               no noinvalid1               1               1               
-1              
 0               1               1               The processor supports enhanced IBRS                     : 
The processor supports enhanced IBRS                     :  1               0               0               no1               no 1               invalid   invalid
0               
 0                   
=====  Processor topology  =====
1               
=====  Processor topology  =====
 invalid   OS_Processor    Thread_Id       Core_Id         Tile_Id         Package_Id      Core_Type   Native_CPU_Model
1               OS_Processor    Thread_Id       Core_Id         Tile_Id         Package_Id      Core_Type   Native_CPU_Model
    0               0               0                 -1               0               invalid0                 
 0                0                 2                0                0               -1               0                0                0               
 2                invalid invalid3                2                   0                0               -1                 3                invalid  
   3               -1                  2                  0               
  0                  invalid2                2                -1                0               -1              2                
  2               
0                2                 2               3               invalid 0                 0               0                -1              2               -1               invalid3                
2               1               
  3                 0               0               1                 0                invalid1               0                 invalid  1               1                     0               1               -1                  invalid    0               
  -1                 invalid4                 
   0                 3                   4                 0                -1               4               -1               3                
 0               
 3                2                invalid3                0               -1              0                 0               -1              invalid
2                 3               
     3               2                 3               4                 0               0                  0               0                 3               invalid-1               invalid4               -1              3                    
  4               
0                2                 0               4               invalid  0                 invalid0                 2               -1                4                -1              2               
  4                
0               5                 0                3               invalid0                 invalid     0                5                    3                5                    3                0               -1                 0                invalid
 -1               invalid  4                
-1                    0               -1              5               
     4               
0               4                   4               5               5               0               -1                0               0               5               4               
-1               invalid5               0               4               4               
  5               invalid    0               0               3                 0                invalid4               0                 invalid    4               3               -1                  0               3               
  -1               invalid   0               6                 
  invalid0                 6                  6                 0                     6                 6                -1               0               -1               6                
 invalid
 0                5                 5                invalid    -1              0                 0               -1                
5                 5               
  5               5                 5               6                0               0                 0               0               -1              5               invalid-1               invalid6               
5                
  6               7               0                4                 0               0               invalid     0                4                invalid7                 -1              4                 7                 
0                 0                -1              7               invalid  invalid    
0                      6               7                    0               7                     6               0                -1               -1               6               invalid 
 
 0                 6                8               -1              invalid  0               -1              0               
   6               
0               6                  6               7               8               0                 -1              0               0               1               6                 
invalid7               invalid 6                 5                7                    0                 0                0                 invalid  5                invalid   -1              5                 -1                
0                 
 -1              8               invalid  9                
0                  0                7               0                  1                0               8                  9                7               1                -1               1                7               invalid 
 invalid 0                 7                     -1              invalid  0               -1                
   7               
 7                  7               8                0                 -1              0               0               -1              7                 
invalid0               
7                 6                8               10              0                 0                1               0               invalid  6                invalid2                 -1              6                 10                
0                 1                -1              9               invalid  invalid     
0                     8               1                    0               9                     0               1                -1               -1               8               invalid 
 
 1                 8                11              -1              invalid  0               -1              0               
   0               
3               8                  8               9               11              0                Socket  -1              1               0               1               0                0 
invalid1               invalid    8                :  7                9                 1                2 0                1                 invalid  memory controllers detected with total number of  7                invalid   6 channels. -1              7                 -1                2
0                 
  -1               10              invalid  12                
UPI0                  0                9                ports detected.2                  4                0                10                 12               1               21                -1               1               -1              9                M2M (mesh to memory) blocks detected. invalid 
 invalid    
1               0   9                   9               invalid Home Agents detected.   0               -1                0                2  1               
-1              1                 M3UPI blocks detected.
  9               10              
9                 -1              1               0               13              1                 
invalid2               0               invalid  8                10              5                  0                1               13                -1              0                invalid1                 
8                 invalid     11              1                      -1              0               invalid     -1               
  14              0               -1              6               
14              1               10              invalid0                2                10               1                invalid          -1               
 15               0                7               -1              15              
1               11              invalid0                3                11               1                invalid          -1               
 =====  Placement on packages  =====
 Package Id.    Core Id.     Processors
 0              -1              0
,12              10               ,4               212              ,1               3invalid, 4 , 5 , 6 , 7 
 1              -1              0
,13              10               ,5               213              ,1               3invalid, 4 , 5 , 6 , 7 
 
=====  Core/Tile sharing  =====
-1              Level      Processors
Core       
(14              00               )6               (14              11               )invalid( 2 ) ( 3 ) ( 4 ) (-1              5
)15              (0               67               )15              (1               7invalid) ( 8 ) (
 9 3               )10               (0               11               102               1                )10              invalid-1              (1                
11invalid =====  Placement on packages  =====
)  Package Id.    Core Id.     Processors
(  0              12  0)  ,(  113  ,)  2( -1              ,14 
3)-1              ,12              (
40               1511              ,4               )0               512              
Tile / L2$ 3               ,1               (11              6invalid01               , )invalid7 ( 
 1 1               ) 0 ( , 2 1 ) , ( 2 3 ,-1              ) 3
(-1              ,13              4
40               )12              ,5               ( 0                513              5 4               , 1               ) 12              6 invalid( 1               , -1              6 invalid7 
)  
 (10                
=====  Core/Tile sharing  =====
 70                 Level      Processors
Core        )2                 ( (10              -1               0 81               
 ) )invalid9                ( ( 0                1-1              9 1                )
) 9               -1              (14              ( 1               
20               10 invalid13              )6               )  0               (14              (  5               31               11   13              )invalid)-1               1               ( (
 invalid4 1211                ) )0                 ( (3                 5 1311                ) )1               -1               ( (invalid
 6 14 10               ) ) 0                (-1              ( 2                7
15  10              -1              )15              ) 1               
(0               
 invalid14              87               
  0               )15               Package thermal spec power:  6               (1               -1              0 14              9invalid
 Watt;  1               ) 12              Package minimum power:  invalid( 0               0  10 4                Watt;     ) 12              Package maximum power:    ( 1               0    -1               11 invalid Watt;

-1               )  11              
 (  0               11               12  3               0                )-1               11              3                (
 1               11              -1              13=====  Placement on packages  =====
 invalid 1               
)Package Id.    Core Id.     Processors
   invalid15              (0                  0               140    7               ),-1                 15              (1
-1               1               15,13              

 invalid)20               12                
Tile / L2$ Can't open MCFG table. Check permission of ,5               0                 (/sys/firmware/acpi/tables/MCFG313              4                 0
,1               12                )Can't open MCFG table. Check permission of 4invalid1               -1               (/sys/firmware/acpi/tables/MCFG1, invalid    
 1
5  12               )Can't open MCFG table. Check permission of ,    0                (/pcm/sys/firmware/acpi/tables/MCFG6  4                2
, -1              12              -1              )Can't open MCFG table. Check permission of 7 
1               
(/pcm/sys/firmware/acpi/tables/MCFG1
 13              invalid =====  Placement on packages  =====
3
1               0                Package Id.    Core Id.     Processors
)0 5                0              (,-1              13              WARNING: enumeration of devices in UncorePMUDiscovery failed
 041
1                ,),14              invalid     1(20                  ,5,6                   2)314               -1              -1              ,(,1               

364invalid14              13              ,), 0               0               4(5 6               5               ,7, 14              13              5)6 1               1               ,(, invalid   invalid687     ,)
    7(
=====  Core/Tile sharing  =====
   
9Level      Processors
Core        -1               1              )(-1              
 0(0
15               ,10)15              0                1)(0               7                ,(17               15               211)15              1               -1              ,)(1               invalid  
3(2invalid    14              ,12)   0               4)(  6               ,(3 -1              14              513) 
1               ,)( =====  Placement on packages  =====
invalid6(4 Package Id.    Core Id.     Processors
 ,14) 0               7)( 0 
(5 , 
=====  Core/Tile sharing  =====
15)-1              1 Level      Processors
Core       )(
, (
6=====  Placement on packages  =====
2 0
)Package Id.    Core Id.     Processors
, )(Package thermal spec power: 0              3 (700,-1              1) Watt; ,4
)(Package minimum power: 1,15              (8)(9)(10)(11)(12)(13)(14)(15)
Tile / L2$ (0)(1)(2)(3)(4)(50,50               2) Watt; 2,7               )(Package maximum power: ,615              (603,1               3) Watt;
,7invalid)(4,
 (751               4),0 )(6, (8,1 5)7, )(
2,  (91              3 6)0,4-1              )(,,
(1015=====  Placement on packages  =====
7),,Package Id.    Core Id.     Processors
)
(260              (11,,08)37,)(,
Can't open MCFG table. Check permission of 1(124
=====  Core/Tile sharing  =====
/sys/firmware/acpi/tables/MCFG,
29Can't open MCFG table. Check permission of ,))/sys/firmware/acpi/tables/MCFG1,3((
,51310Can't open MCFG table. Check permission of 4,))/pcm/sys/firmware/acpi/tables/MCFG,6((
5,1411Can't open MCFG table. Check permission of ,7))/pcm/sys/firmware/acpi/tables/MCFG16
((
,
=====  Core/Tile sharing  =====
15127Level      Processors
Core       ))
(
WARNING: enumeration of devices in UncorePMUDiscovery failed
(1              0
130)Package thermal spec power: ),(0(11 Watt; 14,)Package minimum power: )2(0(,2 Watt; 153)Level      Processors
Core       Package maximum power: )INFO: Linux perf interface to program uncore PMUs is ,(0(
Tile / L2$ present
43 Watt;
0(INFO: using Linux perf interface to program uncore PMUs because env variable PCM_USE_UNCORE_PERF=1
,))0INFO: Secure Boot detected. Using Linux perf for uncore PMU programming.
5((),41(6)(5)1,)()7(2(
6)2
=====  Core/Tile sharing  =====
)()Level      Processors
Core       (3((7)30)())(4((8)41)()
)(5((9)52)())(6)((10(63)Can't open MCFG table. Check permission of 7))(/sys/firmware/acpi/tables/MCFG)((11
(74)Can't open MCFG table. Check permission of 8))(/sys/firmware/acpi/tables/MCFG1)((12
(85)Can't open MCFG table. Check permission of 9))(/pcm/sys/firmware/acpi/tables/MCFG)((13
(96)Can't open MCFG table. Check permission of 10))(/pcm/sys/firmware/acpi/tables/MCFG1)((14
(107)11)))((((15WARNING: enumeration of devices in UncorePMUDiscovery failed
12118))))
Tile / L2$ ((((131290))))((((1141310))))((((2151411))))(
Tile / L2$ ((3(1512)0))()
(4(
13)1)Package thermal spec power: ()(05(14 Watt; )2)Package minimum power: ()(06(15 Watt; )3)Package maximum power: ()
Tile / L2$ 07(( Watt;
)40())8(()51())9(()62())10(()73())11(()84())12(()95())13(()106())14(()117())15(()128
))
((13Package thermal spec power: 9)0)
( Watt; (14Package minimum power: 10)0)( Watt; (15Package maximum power: 11Socket )0Can't open MCFG table. Check permission of )1
 Watt;
/sys/firmware/acpi/tables/MCFG(: 2 memory controllers detected with total number of 6 channels. 2

12 Package thermal spec power: Can't open MCFG table. Check permission of )UPI0/sys/firmware/acpi/tables/MCFG1( ports detected. Watt; 
13 Package minimum power: Can't open MCFG table. Check permission of )20/pcm/sys/firmware/acpi/tables/MCFG( M2M (mesh to memory) blocks detected.  Watt; 
140Package maximum power: Can't open MCFG table. Check permission of ) Home Agents detected. 0/pcm/sys/firmware/acpi/tables/MCFG1(2 Watt;

15 M3UPI blocks detected.
)

Package thermal spec power: 0 Watt; Package minimum power: 0 Watt; Package maximum power: 0 Watt;
WARNING: enumeration of devices in UncorePMUDiscovery failed

Can't open MCFG table. Check permission of /sys/firmware/acpi/tables/MCFG
Can't open MCFG table. Check permission of /sys/firmware/acpi/tables/MCFG1
Can't open MCFG table. Check permission of /pcm/sys/firmware/acpi/tables/MCFG
Can't open MCFG table. Check permission of /pcm/sys/firmware/acpi/tables/MCFG1

WARNING: enumeration of devices in UncorePMUDiscovery failed

Can't open MCFG table. Check permission of /sys/firmware/acpi/tables/MCFG
Can't open MCFG table. Check permission of /sys/firmware/acpi/tables/MCFG1
Can't open MCFG table. Check permission of /pcm/sys/firmware/acpi/tables/MCFG
Can't open MCFG table. Check permission of /pcm/sys/firmware/acpi/tables/MCFG1
WARNING: enumeration of devices in UncorePMUDiscovery failed
Can't open MCFG table. Check permission of /sys/firmware/acpi/tables/MCFG
Can't open MCFG table. Check permission of /sys/firmware/acpi/tables/MCFG1
Can't open MCFG table. Check permission of /pcm/sys/firmware/acpi/tables/MCFG
Can't open MCFG table. Check permission of /pcm/sys/firmware/acpi/tables/MCFG1
WARNING: enumeration of devices in UncorePMUDiscovery failed
INFO: Linux perf interface to program uncore PMUs is present
INFO: using Linux perf interface to program uncore PMUs because env variable PCM_USE_UNCORE_PERF=1
INFO: Secure Boot detected. Using Linux perf for uncore PMU programming.
INFO: Linux perf interface to program uncore PMUs is present
INFO: using Linux perf interface to program uncore PMUs because env variable PCM_USE_UNCORE_PERF=1
INFO: Secure Boot detected. Using Linux perf for uncore PMU programming.
INFO: Linux perf interface to program uncore PMUs is present
INFO: using Linux perf interface to program uncore PMUs because env variable PCM_USE_UNCORE_PERF=1
INFO: Secure Boot detected. Using Linux perf for uncore PMU programming.
INFO: Linux perf interface to program uncore PMUs is present
INFO: using Linux perf interface to program uncore PMUs because env variable PCM_USE_UNCORE_PERF=1
INFO: Secure Boot detected. Using Linux perf for uncore PMU programming.
INFO: Linux perf interface to program uncore PMUs is present
INFO: using Linux perf interface to program uncore PMUs because env variable PCM_USE_UNCORE_PERF=1
INFO: Secure Boot detected. Using Linux perf for uncore PMU programming.
INFO: Linux perf interface to program uncore PMUs is present
INFO: using Linux perf interface to program uncore PMUs because env variable PCM_USE_UNCORE_PERF=1
INFO: Secure Boot detected. Using Linux perf for uncore PMU programming.
Socket 0: 2 memory controllers detected with total number of 6 channels. 2 UPI ports detected. 2 M2M (mesh to memory) blocks detected. 0 Home Agents detected. 2 M3UPI blocks detected.
Socket 0: 2 memory controllers detected with total number of 6 channels. 2 UPI ports detected. 2 M2M (mesh to memory) blocks detected. 0 Home Agents detected. 2 M3UPI blocks detected.
Socket 0: 2 memory controllers detected with total number of 6 channels. 2 UPI ports detected. 2 M2M (mesh to memory) blocks detected. 0 Home Agents detected. 2 M3UPI blocks detected.
Socket 0: 2 memory controllers detected with total number of 6 channels. 2 UPI ports detected. 2 M2M (mesh to memory) blocks detected. 0 Home Agents detected. 2 M3UPI blocks detected.
Socket 0: 2 memory controllers detected with total number of 6 channels. 2 UPI ports detected. 2 M2M (mesh to memory) blocks detected. 0 Home Agents detected. 2 M3UPI blocks detected.
Socket 0: 2 memory controllers detected with total number of 6 channels. 2 UPI ports detected. 2 M2M (mesh to memory) blocks detected. 0 Home Agents detected. 2 M3UPI blocks detected.
Socket 0: 2 memory controllers detected with total number of 6 channels. 2 UPI ports detected. 2 M2M (mesh to memory) blocks detected. 0 Home Agents detected. 2 M3UPI blocks detected.
Socket 1: 2 memory controllers detected with total number of 6 channels. 2 UPI ports detected. 2 M2M (mesh to memory) blocks detected. 0 Home Agents detected. 2 M3UPI blocks detected.
Socket 1: 2 memory controllers detected with total number of 6 channels. 2 UPI ports detected. 2 M2M (mesh to memory) blocks detected. 0 Home Agents detected. 2 M3UPI blocks detected.
Socket 1: 2 memory controllers detected with total number of 6 channels. 2 UPI ports detected. 2 M2M (mesh to memory) blocks detected. 0 Home Agents detected. 2 M3UPI blocks detected.
Socket 1: 2 memory controllers detected with total number of 6 channels. 2 UPI ports detected. 2 M2M (mesh to memory) blocks detected. 0 Home Agents detected. 2 M3UPI blocks detected.
Socket 1: 2 memory controllers detected with total number of 6 channels. 2 UPI ports detected. 2 M2M (mesh to memory) blocks detected. 0 Home Agents detected. 2 M3UPI blocks detected.
Socket 1: 2 memory controllers detected with total number of 6 channels. 2 UPI ports detected. 2 M2M (mesh to memory) blocks detected. 0 Home Agents detected. 2 M3UPI blocks detected.
Socket 1: 2 memory controllers detected with total number of 6 channels. 2 UPI ports detected. 2 M2M (mesh to memory) blocks detected. 0 Home Agents detected. 2 M3UPI blocks detected.
INFO: using Linux resctrl driver for RDT metrics (L3OCC, LMB, RMB) because environment variable PCM_USE_RESCTRL=1
ERROR: /sys/fs/resctrl is not mounted
ERROR: RDT metrics (L3OCC,LMB,RMB) will not be available
Mount it to make it work: mount -t resctrl resctrl /sys/fs/resctrl

 Closed perf event handles
Trying to use Linux perf events...
INFO: using Linux resctrl driver for RDT metrics (L3OCC, LMB, RMB) because environment variable PCM_USE_RESCTRL=1
ERROR: /sys/fs/resctrl is not mounted
ERROR: RDT metrics (L3OCC,LMB,RMB) will not be available
Mount it to make it work: mount -t resctrl resctrl /sys/fs/resctrl
INFO: using Linux resctrl driver for RDT metrics (L3OCC, LMB, RMB) because environment variable PCM_USE_RESCTRL=1
ERROR: /sys/fs/resctrl is not mounted
ERROR: RDT metrics (L3OCC,LMB,RMB) will not be available
Mount it to make it work: mount -t resctrl resctrl /sys/fs/resctrl


INFO: using Linux resctrl driver for RDT metrics (L3OCC, LMB, RMB) because environment variable PCM_USE_RESCTRL=1
ERROR: /sys/fs/resctrl is not mounted
ERROR: RDT metrics (L3OCC,LMB,RMB) will not be available
Mount it to make it work: mount -t resctrl resctrl /sys/fs/resctrl
INFO: using Linux resctrl driver for RDT metrics (L3OCC, LMB, RMB) because environment variable PCM_USE_RESCTRL=1
ERROR: /sys/fs/resctrl is not mounted
ERROR: RDT metrics (L3OCC,LMB,RMB) will not be available
Mount it to make it work: mount -t resctrl resctrl /sys/fs/resctrl
INFO: using Linux resctrl driver for RDT metrics (L3OCC, LMB, RMB) because environment variable PCM_USE_RESCTRL=1
 Closed perf event handles
ERROR: /sys/fs/resctrl is not mounted
ERROR: RDT metrics (L3OCC,LMB,RMB) will not be available
Trying to use Linux perf events...
Mount it to make it work: mount -t resctrl resctrl /sys/fs/resctrl
 Closed perf event handles
Trying to use Linux perf events...
INFO: using Linux resctrl driver for RDT metrics (L3OCC, LMB, RMB) because environment variable PCM_USE_RESCTRL=1
ERROR: /sys/fs/resctrl is not mounted
ERROR: RDT metrics (L3OCC,LMB,RMB) will not be available
Mount it to make it work: mount -t resctrl resctrl /sys/fs/resctrl

 Closed perf event handles
Trying to use Linux perf events...

 Closed perf event handles
Trying to use Linux perf events...
INFO: using Linux resctrl driver for RDT metrics (L3OCC, LMB, RMB) because environment variable PCM_USE_RESCTRL=1
ERROR: /sys/fs/resctrl is not mounted
ERROR: RDT metrics (L3OCC,LMB,RMB) will not be available
Mount it to make it work: mount -t resctrl resctrl /sys/fs/resctrl

 Closed perf event handles
Trying to use Linux perf events...

 Closed perf event handles
Trying to use Linux perf events...

 Closed perf event handles
Trying to use Linux perf events...
Successfully programmed on-core PMU using Linux perf
Successfully programmed on-core PMU using Linux perf
Successfully programmed on-core PMU using Linux perf
Successfully programmed on-core PMU using Linux perf
Successfully programmed on-core PMU using Linux perf
Successfully programmed on-core PMU using Linux perf
Successfully programmed on-core PMU using Linux perf
Successfully programmed on-core PMU using Linux perf
Socket 0
Max UPI link 0 speed: 1.4 GBytes/second (0.6 GT/second)
Max UPI link 1 speed: 1.4 GBytes/second (0.6 GT/second)
Socket 1
Max UPI link 0 speed: 1.4 GBytes/second (0.6 GT/second)
Max UPI link 1 speed: 1.4 GBytes/second (0.6 GT/second)

Detected Intel(R) Xeon(R) Silver 4208 CPU @ 2.10GHz "Intel(r) microarchitecture codename Cascade Lake-SPSocket " stepping 7
0
Max UPI link 0 speed: 1.3 GBytes/second (0.6 GT/second)
Max UPI link 1 speed: 1.3 GBytes/second (0.6 GT/second)
Socket 1
Max UPI link 0 speed: 1.3 GBytes/second (0.6 GT/second)
Max UPI link 1 speed: 1.3 GBytes/second (0.6 GT/second)

Detected Intel(R) Xeon(R) Silver 4208 CPU @ 2.10GHz "Intel(r) microarchitecture codename Cascade Lake-SP" stepping 7

Executing "./VE/b_eff1/b_eff" command:

Executing "./VE/b_eff1/b_eff" command:
Socket 0
Max UPI link 0 speed: 1.6 GBytes/second (0.7 GT/second)
Max UPI link 1 speed: 1.6 GBytes/second (0.7 GT/second)
Socket 1
Max UPI link 0 speed: 1.4 GBytes/second (0.6 GT/second)
Max UPI link 1Socket  speed: Socket 1.40 GBytes/second (
0.6Max  GT/second)
0UPI
 link 
Detected Max 0UPIIntel(R) Xeon(R) Silver 4208 CPU @ 2.10GHz "Intel(r) microarchitecture codename  speed:  link Cascade Lake-SP0" stepping  speed: 71.5
 GBytes/second (0.7 GT/second)
1.2Max  GBytes/second (UPI link 0.51 GT/second)
 speed: Max 1.5UPI GBytes/second ( link 0.71 GT/second)
 speed: Socket 1.21 GBytes/second (
0.5Max  GT/second)
UPISocket  link 10
 speed: Max 1.4UPI GBytes/second ( link 0.60 GT/second)
 speed: Max 1.4UPI GBytes/second ( link 0.61 GT/second)
 speed: Max 1.4UPI GBytes/second ( link 0.61 GT/second)
 speed: 1.4 GBytes/second (0.6
Detected  GT/second)
Intel(R) Xeon(R) Silver 4208 CPU @ 2.10GHz "Intel(r) microarchitecture codename 
Detected Cascade Lake-SP" stepping 7Intel(R) Xeon(R) Silver 4208 CPU @ 2.10GHz
 "Intel(r) microarchitecture codename Cascade Lake-SP" stepping 7

Executing "
Executing "./VE/b_eff1/b_eff./VE/b_eff1/b_eff" command:
" command:

Executing "./VE/b_eff1/b_eff" command:
Socket 0
Max UPI link 0 speed: 1.2 GBytes/second (0.5 GT/second)
Max UPI link 1 speed: 1.2 GBytes/second (0.5 GT/second)
Socket 1
Max UPI link 0 speed: 1.3 GBytes/second (0.6 GT/second)
Max UPI link 1 speed: 1.3 GBytes/second (0.6 GT/second)

Detected Intel(R) Xeon(R) Silver 4208 CPU @ 2.10GHz "Intel(r) microarchitecture codename Cascade Lake-SP" stepping 7

Executing "./VE/b_eff1/b_eff" command:
Socket 0
Max UPI link 0 speed: 1.6 GBytes/second (0.7 GT/second)
Max UPI link 1 speed: 1.6 GBytes/second (0.7 GT/second)
Socket 1
Max UPI link 0 speed: 1.3 GBytes/second (0.6 GT/second)
Max UPI link 1 speed: 1.3 GBytes/second (0.6 GT/second)

Detected Intel(R) Xeon(R) Silver 4208 CPU @ 2.10GHz "Intel(r) microarchitecture codename Cascade Lake-SP" stepping 7
Socket 0
Max UPI link 0 speed: 1.1 GBytes/second (0.5 GT/second)
Max UPI link 1 speed: 1.1 GBytes/second (0.5 GT/second)
Socket 1
Max UPI link 0 speed: 1.3 GBytes/second (0.6 GT/second)
Max UPI link 1 speed: 1.3 GBytes/second (0.6 GT/second)

Detected Intel(R) Xeon(R) Silver 4208 CPU @ 2.10GHz "Intel(r) microarchitecture codename Cascade Lake-SP" stepping 7

Executing "./VE/b_eff1/b_eff" command:

Executing "./VE/b_eff1/b_eff" command:
b_eff =  82449.931 MB/s = 10306.241 *   8 PEs with 256 MB/PE on Linux muffin 4.18.0-477.15.1.el8_8.x86_64 #1 SMP Wed Jun 28 15:04:18 UTC 2023 VE
DEBUG: caught signal to interrupt (Child exited).
Cleaning up
 Closed perf event handles
DEBUG: caught signal to interrupt (Child exited).
Cleaning up
 Closed perf event handles
DEBUG: caught signal to interrupt (Child exited).
DEBUG: caught signal to interrupt (Cleaning up
Child exited).
Cleaning up
 Closed perf event handles
 Closed perf event handles
DEBUG: caught signal to interrupt (Child exited).
Cleaning up
DEBUG: caught signal to interrupt (DEBUG: caught signal to interrupt (Child exited).
Child exited).
Cleaning up
Cleaning up
 Closed perf event handles
 Closed perf event handles
 Closed perf event handles
 Zeroed uncore PMU registers
 Zeroed uncore PMU registers
DEBUG: caught signal to interrupt (Child exited).
Cleaning up
 Closed perf event handles
 Zeroed uncore PMU registers
 Zeroed uncore PMU registers
 Zeroed uncore PMU registers
 Zeroed uncore PMU registers
 Zeroed uncore PMU registers
 Zeroed uncore PMU registers
	Command being timed: "/opt/nec/ve/bin/mpirun -np 8 /usr/sbin/pcm 0.1 -csv=./output/0/ve_b_eff_VE_0.csv -- ./VE/b_eff1/b_eff"
	User time (seconds): 4.31
	System time (seconds): 4.15
	Percent of CPU this job got: 12%
	Elapsed (wall clock) time (h:mm:ss or m:ss): 1:10.54
	Average shared text size (kbytes): 0
	Average unshared data size (kbytes): 0
	Average stack size (kbytes): 0
	Average total size (kbytes): 0
	Maximum resident set size (kbytes): 141528
	Average resident set size (kbytes): 0
	Major (requiring I/O) page faults: 7
	Minor (reclaiming a frame) page faults: 5293
	Voluntary context switches: 118804
	Involuntary context switches: 6812
	Swaps: 0
	File system inputs: 0
	File system outputs: 40272
	Socket messages sent: 0
	Socket messages received: 0
	Signals delivered: 0
	Page size (bytes): 4096
	Exit status: 0
