
 Intel(r) Performance Counter Monitor (2022-11-24 10:18:12 +0100 ID=1b16bb4e)


PCM Info: setrlimit for file limit 1000000 failed with error Operation not permitted

=====  Processor information  =====

 Intel(r) Performance Counter Monitor (2022-11-24 10:18:12 +0100 ID=1b16bb4e)


PCM Info: setrlimit for file limit 1000000 failed with error Operation not permitted
Linux arch_perfmon flag  : 
=====  Processor information  =====
yes
Hybrid processor         : no
IBRS and IBPB supported  : yes
STIBP supported          : yes
Spec arch caps supported : yes
Max CPUID level          : 22
CPU model number         : 85
Linux arch_perfmon flag  : yes
Hybrid processor         : no
IBRS and IBPB supported  : yes
STIBP supported          : yes
Spec arch caps supported : yes
Max CPUID level          : 22
CPU model number         : 85

 Intel(r) Performance Counter Monitor (2022-11-24 10:18:12 +0100 ID=1b16bb4e)


PCM Info: setrlimit for file limit 1000000 failed with error Operation not permitted

=====  Processor information  =====
Linux arch_perfmon flag  : yes
Hybrid processor         : no
IBRS and IBPB supported  : yes
STIBP supported          : yes
Spec arch caps supported : yes
Max CPUID level          : 22
CPU model number         : 85

 Intel(r) Performance Counter Monitor (2022-11-24 10:18:12 +0100 ID=1b16bb4e)


PCM Info: setrlimit for file limit 1000000 failed with error Operation not permitted

=====  Processor information  =====
Linux arch_perfmon flag  : yes
Hybrid processor         : no
IBRS and IBPB supported  : yes
STIBP supported          : yes
Spec arch caps supported : yes
Max CPUID level          : 22
CPU model number         : 85

 Intel(r) Performance Counter Monitor (2022-11-24 10:18:12 +0100 ID=1b16bb4e)


PCM Info: setrlimit for file limit 1000000 failed with error Operation not permitted

=====  Processor information  =====
Linux arch_perfmon flag  : yes
Hybrid processor         : no
IBRS and IBPB supported  : yes
STIBP supported          : yes
Spec arch caps supported : yes
Max CPUID level          : 22
CPU model number         : 85

 Intel(r) Performance Counter Monitor (2022-11-24 10:18:12 +0100 ID=1b16bb4e)


PCM Info: setrlimit for file limit 1000000 failed with error Operation not permitted

=====  Processor information  =====
Linux arch_perfmon flag  : yes
Hybrid processor         : no
IBRS and IBPB supported  : yes
STIBP supported          : yes
Spec arch caps supported : yes
Max CPUID level          : 22
CPU model number         : 85

 Intel(r) Performance Counter Monitor (2022-11-24 10:18:12 +0100 ID=1b16bb4e)


PCM Info: setrlimit for file limit 1000000 failed with error Operation not permitted

=====  Processor information  =====
Linux arch_perfmon flag  : yes
Hybrid processor         : no
IBRS and IBPB supported  : yes
STIBP supported          : yes
Spec arch caps supported : yes
Max CPUID level          : 22
CPU model number         : 85

 Intel(r) Performance Counter Monitor (2022-11-24 10:18:12 +0100 ID=1b16bb4e)


PCM Info: setrlimit for file limit 1000000 failed with error Operation not permitted

=====  Processor information  =====

 Intel(r) Performance Counter Monitor (2022-11-24 10:18:12 +0100 ID=1b16bb4e)


PCM Info: setrlimit for file limit 1000000 failed with error Operation not permitted

=====  Processor information  =====
Linux arch_perfmon flag  : yes
Hybrid processor         : no
IBRS and IBPB supported  : yes
STIBP supported          : yes
Spec arch caps supported : yes
Max CPUID level          : 22
CPU model number         : 85
Linux arch_perfmon flag  : yes
Hybrid processor         : no
IBRS and IBPB supported  : yes
STIBP supported          : yes
Spec arch caps supported : yes
Max CPUID level          : 22
CPU model number         : 85

 Intel(r) Performance Counter Monitor (2022-11-24 10:18:12 +0100 ID=1b16bb4e)


PCM Info: setrlimit for file limit 1000000 failed with error Operation not permitted

=====  Processor information  =====
Linux arch_perfmon flag  : yes
Hybrid processor         : no
IBRS and IBPB supported  : yes
STIBP supported          : yes
Spec arch caps supported : yes
Max CPUID level          : 22
CPU model number         : 85

 Intel(r) Performance Counter Monitor (2022-11-24 10:18:12 +0100 ID=1b16bb4e)


PCM Info: setrlimit for file limit 1000000 failed with error Operation not permitted

=====  Processor information  =====

 Intel(r) Performance Counter Monitor (2022-11-24 10:18:12 +0100 ID=1b16bb4e)


PCM Info: setrlimit for file limit 1000000 failed with error Operation not permitted

=====  Processor information  =====
Linux arch_perfmon flag  : yes
Hybrid processor         : no
IBRS and IBPB supported  : yes
STIBP supported          : yes
Spec arch caps supported : yes
Max CPUID level          : 22
CPU model number         : 85
Linux arch_perfmon flag  : yes
Hybrid processor         : no
IBRS and IBPB supported  : yes
STIBP supported          : yes
Spec arch caps supported : yes
Max CPUID level          : 22
CPU model number         : 85

 Intel(r) Performance Counter Monitor (2022-11-24 10:18:12 +0100 ID=1b16bb4e)


PCM Info: setrlimit for file limit 1000000 failed with error Operation not permitted

=====  Processor information  =====

 Intel(r) Performance Counter Monitor (2022-11-24 10:18:12 +0100 ID=1b16bb4e)


PCM Info: setrlimit for file limit 1000000 failed with error Operation not permitted

=====  Processor information  =====
Linux arch_perfmon flag  : yes
Hybrid processor         : no
IBRS and IBPB supported  : yes
STIBP supported          : yes
Spec arch caps supported : yes
Max CPUID level          : 22
CPU model number         : 85
Linux arch_perfmon flag  : yes
Hybrid processor         : no
IBRS and IBPB supported  : yes
STIBP supported          : yes
Spec arch caps supported : yes
Max CPUID level          : 22
CPU model number         : 85

 Intel(r) Performance Counter Monitor (2022-11-24 10:18:12 +0100 ID=1b16bb4e)


PCM Info: setrlimit for file limit 1000000 failed with error Operation not permitted


=====  Processor information  =====
 Intel(r) Performance Counter Monitor (2022-11-24 10:18:12 +0100 ID=1b16bb4e)


PCM Info: setrlimit for file limit 1000000 failed with error Operation not permitted

=====  Processor information  =====
Linux arch_perfmon flag  : yes
Hybrid processor         : no
IBRS and IBPB supported  : yes
STIBP supported          : yes
Spec arch caps supported : yes
Max CPUID level          : 22
CPU model number         : 85
Linux arch_perfmon flag  : yes
Hybrid processor         : no
IBRS and IBPB supported  : yes
STIBP supported          : yes
Spec arch caps supported : yes
Max CPUID level          : 22
CPU model number         : 85
Number of physical cores: 16
Number of logical cores: 16
Number of online logical cores: 16
Threads (logical cores) per physical core: 1
Num sockets: 2
Physical cores per socket: 8
Last level cache slices per socket: 0
Core PMU (perfmon) version: 4
Number of core PMU generic (programmable) counters: 8
Width of generic (programmable) counters: 48 bits
Number of core PMU fixed counters: 3
Width of fixed counters: 48 bits
Nominal core frequency: 2100000000 Hz
IBRS enabled in the kernel   : no
STIBP enabled in the kernel  : no
The processor is not susceptible to Rogue Data Cache Load: no
The processor supports enhanced IBRS                     : no

=====  Processor topology  =====
OS_Processor    Thread_Id       Core_Id         Tile_Id         Package_Id      Core_Type   Native_CPU_Model
0               0               0               0               0               invalid         -1              
1               0               1               1               0               invalid         -1              
2               0               2               2               0               invalid         -1              
3               0               3               3               0               invalid         -1              
4               0               4               4               0               invalid         -1              
5               0               5               5               0               invalid         -1              
6               0               6               6               0               invalid         -1              
7               0               7               7               0               invalid         -1              
8               0               0               8               1               invalid         -1              
9               0               1               9               1               invalid         -1              
10              0               2               10              1               invalid         -1              
11              0               3               11              1               invalid         -1              
12              0               4               12              1               invalid         -1              
13              0               5               13              1               invalid         -1              
14              0               6               14              1               invalid         -1              
15              0               7               15              1               invalid         -1              
=====  Placement on packages  =====
Package Id.    Core Id.     Processors
0              0,1,2,3,4,5,6,7
1              0,1,2,3,4,5,6,7

=====  Core/Tile sharing  =====
Level      Processors
Core       (0)(1)(2)(3)(4)(5)(6)(7)(8)(9)(10)(11)(12)(13)(14)(15)
Tile / L2$ (0)(1)(2)(3)(4)(5)(6)(7)(8)(9)(10)(11)(12)(13)(14)(15)

Package thermal spec power: 0 Watt; Package minimum power: 0 Watt; Package maximum power: 0 Watt;

Can't open MCFG table. Check permission of /sys/firmware/acpi/tables/MCFG
Can't open MCFG table. Check permission of /sys/firmware/acpi/tables/MCFG1
Can't open MCFG table. Check permission of /pcm/sys/firmware/acpi/tables/MCFG
Can't open MCFG table. Check permission of /pcm/sys/firmware/acpi/tables/MCFG1
WARNING: enumeration of devices in UncorePMUDiscovery failed
INFO: Linux perf interface to program uncore PMUs is present
INFO: using Linux perf interface to program uncore PMUs because env variable PCM_USE_UNCORE_PERF=1
INFO: Secure Boot detected. Using Linux perf for uncore PMU programming.
Socket 0: 2 memory controllers detected with total number of 6 channels. 2 UPI ports detected. 2 M2M (mesh to memory) blocks detected. 0 Home Agents detected. 2 M3UPI blocks detected.
Number of physical cores: 16
Number of logical cores: 16
Number of online logical cores: 16
Threads (logical cores) per physical core: 1Number of physical cores: 
Num sockets: 2
Physical cores per socket: 168

Number of logical cores: Last level cache slices per socket: 160Number of physical cores: 

Number of physical cores: Number of online logical cores: Core PMU (perfmon) version: 1616416



Number of logical cores: Threads (logical cores) per physical core: Number of core PMU generic (programmable) counters: Number of logical cores: 161816



Number of online logical cores: Num sockets: Width of generic (programmable) counters: Number of online logical cores: 1624816

 bits

Threads (logical cores) per physical core: Physical cores per socket: Number of core PMU fixed counters: Threads (logical cores) per physical core: 1831



Num sockets: Last level cache slices per socket: Width of fixed counters: Num sockets: 20482

 bits

Physical cores per socket: Core PMU (perfmon) version: Nominal core frequency: Physical cores per socket: 8421000000008

 Hz

Last level cache slices per socket: Number of core PMU generic (programmable) counters: IBRS enabled in the kernel   : Last level cache slices per socket: 0Number of physical cores: 8no0



Core PMU (perfmon) version: 16Width of generic (programmable) counters: STIBP enabled in the kernel  : Core PMU (perfmon) version: 4
48no4
Number of logical cores:  bits


Number of core PMU generic (programmable) counters: Number of core PMU generic (programmable) counters: 16Number of core PMU fixed counters: The processor is not susceptible to Rogue Data Cache Load: 88
3no

Number of online logical cores: 

Width of generic (programmable) counters: Width of generic (programmable) counters: 16Width of fixed counters: The processor supports enhanced IBRS                     : 4848
48no bits
 bits
Threads (logical cores) per physical core:  bits

Number of core PMU fixed counters: Number of core PMU fixed counters: 1Nominal core frequency: 33
=====  Processor topology  =====

2100000000

OS_Processor    Thread_Id       Core_Id         Tile_Id         Package_Id      Core_Type   Native_CPU_Model
Num sockets:  Hz
Width of fixed counters: Width of fixed counters: 0               2IBRS enabled in the kernel   : 48480               
no bits
 bits
0               Physical cores per socket: 
Nominal core frequency: Nominal core frequency: 0               8STIBP enabled in the kernel  : 210000000021000000000               
no Hz
 Hz
invalidLast level cache slices per socket: 
IBRS enabled in the kernel   : IBRS enabled in the kernel   :  0The processor is not susceptible to Rogue Data Cache Load: nono 
no

 Core PMU (perfmon) version: 
STIBP enabled in the kernel  : STIBP enabled in the kernel  :  4The processor supports enhanced IBRS                     : nono 
no

 Number of core PMU generic (programmable) counters: 
The processor is not susceptible to Rogue Data Cache Load: The processor is not susceptible to Rogue Data Cache Load:  8
=====  Processor topology  =====
nono 
OS_Processor    Thread_Id       Core_Id         Tile_Id         Package_Id      Core_Type   Native_CPU_Model


 Width of generic (programmable) counters: 0               The processor supports enhanced IBRS                     : The processor supports enhanced IBRS                     : -1              480               nono
 bits
0               

1               Number of core PMU fixed counters: 0               
=====  Processor topology  =====

=====  Processor topology  =====
0               30               OS_Processor    Thread_Id       Core_Id         Tile_Id         Package_Id      Core_Type   Native_CPU_Model
OS_Processor    Thread_Id       Core_Id         Tile_Id         Package_Id      Core_Type   Native_CPU_Model
1               
invalid0               0               1               Width of fixed counters:  0               0               0               48 0               0               invalid bits
 0               0                Nominal core frequency:  0               0                2100000000 invalidinvalid  Hz
    IBRS enabled in the kernel   :     no    
    STIBP enabled in the kernel  : -1                 no
   
 1                -1              The processor is not susceptible to Rogue Data Cache Load:  0                
no 1                2               
-1              1               -1              0               The processor supports enhanced IBRS                     : 
0               
2               no1               invalid1               2               
0               
=====  Processor topology  =====
 0               0               1               OS_Processor    Thread_Id       Core_Id         Tile_Id         Package_Id      Core_Type   Native_CPU_Model
 1               invalid1               0                1                0               0                0                invalid0                invalid  0                   0                   invalid          -1                  
    2                -1                0                
  2                3               -1               2               -1              0               
 0               
3               2                invalid2               3               0               -1               0               0               2               
 2               invalid2               1                2                0               0                0                invalid1                invalid  1                   0                   invalid          -1                  
    3                -1                0                
  3                4               -1               3               -1              0               
 0               
4               3                invalid3               4               0               -1               0               0               3               
 3               invalid3               2                3                0               0                0                invalid2                invalid  2                   0                   invalid          -1                  
    4                -1                0                
  4                5               -1               4               -1              0               
 0               
5               4                invalid4               5               0               -1               0               0               4               
 4               invalid4               3                4                0               0                0                 invalid3                invalid  3                    0                   invalid          -1               -1                
 
  5                6                 0                0                 5                6               -1               5               -1              6               
 0               
0               5                invalid5               invalid0               -1               0                5               
 5                5               4                5                0               0                0                invalid4                invalid  4                   0                   invalid          -1               -1                
 
  6                7                 0                0                 6                7               -1               6               -1              7               
 0               
0               6                invalid6               invalid0               -1               0                6               
 6                6               5                6                0               0                0                invalid5                invalid  5                   0                   invalid          -1               -1                
 
  7                8                 0                0                 7                0               -1               7               -1              8               
 0               
1               7                invalid7               invalid0               -1               0                7               
 7                7               6                7                0               0                0                invalid6                invalid   6                   0                   invalid       -1                -1               
  
 9                 8                0                 0                Number of physical cores: Number of physical cores: 16
Number of physical cores: Number of logical cores: 16
Number of online logical cores: 1616

Number of logical cores: Threads (logical cores) per physical core: 161

Number of online logical cores: Num sockets: 162

Threads (logical cores) per physical core: Physical cores per socket: 18

Num sockets: Last level cache slices per socket: 20

Physical cores per socket: Core PMU (perfmon) version: 84

Last level cache slices per socket: Number of core PMU generic (programmable) counters: 08

Core PMU (perfmon) version: Width of generic (programmable) counters: 448
 bits
Number of core PMU generic (programmable) counters: Number of core PMU fixed counters: 83

Width of generic (programmable) counters: Width of fixed counters: 4848 bits
 bits
Number of core PMU fixed counters: Nominal core frequency: 32100000000
 Hz
Width of fixed counters: IBRS enabled in the kernel   : 48no bits

Nominal core frequency: STIBP enabled in the kernel  : 2100000000no Hz

IBRS enabled in the kernel   : The processor is not susceptible to Rogue Data Cache Load: nono

STIBP enabled in the kernel  : The processor supports enhanced IBRS                     : nono

The processor is not susceptible to Rogue Data Cache Load: 
=====  Processor topology  =====
noOS_Processor    Thread_Id       Core_Id         Tile_Id         Package_Id      Core_Type   Native_CPU_Model

0               The processor supports enhanced IBRS                     : 0               no0               
0               0               
=====  Processor topology  =====
invalidOS_Processor    Thread_Id       Core_Id         Tile_Id         Package_Id      Core_Type   Native_CPU_Model
 0                0                0                0                0                invalid      -1               
  1                0                1                1               -1              0               
invalid 1                0                1                1                0                invalid      -1               
 2                0                2                2                0               -1              invalid
 2                0                2                2                0                invalid      -1               
 3                0                3                3                0               -1              invalid
 3                0                3                3                0                invalid      -1               
 4                0                4                4                0               -1              invalid
 4                0                4                4                0                invalid      -1               
 5                0                5                5                0               -1              invalid
 5                0                5                5                0                invalid      -1               
 6                0                6                6                0               -1              invalid
 6                0                6                6                0                invalid      -1               
 7                0                7                7                0               -1              invalid
 7                0                7                7                0                invalid      -1               
 8                0                0                8                1               -1              invalid
 8                0                0                8                1                invalid      -1               
 9                0                1                9                1               -1              invalid
 9                0                1                9                1                invalid      -1               
 10               0                2                10               1               -1              invalid
 10               0                2                10               1                invalid      -1               
 11               0                3                11               1               -1              invalid
 11               0                3                11               1                invalid      -1               
 12               0                4                12               1               -1              invalid
 12               0                4                12               1                invalid      -1               
 13               0                5                13               1               -1              invalid
 13               0                5                13               1                invalid      -1               
 14               0                6                14               1               -1              invalid
 14               0                6                14               1                invalid      -1               
 15               0                7                15               1               -1              invalid
 15               0                7                15               1                invalid      -1               
 =====  Placement on packages  =====
 Package Id.    Core Id.     Processors
 0               0 ,-1              1
,=====  Placement on packages  =====
2Package Id.    Core Id.     Processors
,0              30,,41,,52,,63,,74
,1              50,,61,,72
,1              30,,41,,52,,63,,74
,
=====  Core/Tile sharing  =====
5Level      Processors
Core       ,(60,)7(
1
=====  Core/Tile sharing  =====
)Level      Processors
Core       ((20))((31))((42))((53))((64))((75))((86))((97))((108))((119))((1210))((1311))((1412))((1513))
Tile / L2$ ((140))((151))
Tile / L2$ ((20))((31))((42))((53))((64))((75))((86))((97))((108))((119))((1210))((1311))((1412))((1513))
(
14)Package thermal spec power: (015 Watt; )Package minimum power: 
0
 Watt; Package maximum power: Package thermal spec power: 00 Watt;
 Watt; Package minimum power: 0 Watt; Package maximum power: 0 Watt;


Can't open MCFG table. Check permission of /sys/firmware/acpi/tables/MCFG
Can't open MCFG table. Check permission of Can't open MCFG table. Check permission of /sys/firmware/acpi/tables/MCFG/sys/firmware/acpi/tables/MCFG1

Can't open MCFG table. Check permission of Can't open MCFG table. Check permission of /sys/firmware/acpi/tables/MCFG1/pcm/sys/firmware/acpi/tables/MCFG

Can't open MCFG table. Check permission of Can't open MCFG table. Check permission of /pcm/sys/firmware/acpi/tables/MCFG/pcm/sys/firmware/acpi/tables/MCFG1

Can't open MCFG table. Check permission of /pcm/sys/firmware/acpi/tables/MCFG1
WARNING: enumeration of devices in UncorePMUDiscovery failed
WARNING: enumeration of devices in UncorePMUDiscovery failed
INFO: Linux perf interface to program uncore PMUs is present
INFO: Linux perf interface to program uncore PMUs is INFO: using Linux perf interface to program uncore PMUs because env variable PCM_USE_UNCORE_PERF=1
present
INFO: Secure Boot detected. Using Linux perf for uncore PMU programming.
INFO: using Linux perf interface to program uncore PMUs because env variable PCM_USE_UNCORE_PERF=1
INFO: Secure Boot detected. Using Linux perf for uncore PMU programming.
Number of physical cores: 16
Number of logical cores: 16
Number of online logical cores: 16
Threads (logical cores) per physical core: 1
Num sockets: 2
Physical cores per socket: 8
Last level cache slices per socket: 0
Core PMU (perfmon) version: 4
Number of core PMU generic (programmable) counters: 8
Width of generic (programmable) counters: 48 bits
Number of core PMU fixed counters: 3
Width of fixed counters: 48 bits
Nominal core frequency: 2100000000 Hz
IBRS enabled in the kernel   : no
STIBP enabled in the kernel  : no
The processor is not susceptible to Rogue Data Cache Load: no
The processor supports enhanced IBRS                     : no

=====  Processor topology  =====
OS_Processor    Thread_Id       Core_Id         Tile_Id         Package_Id      Core_Type   Native_CPU_Model
0               0               0               0               0               invalid         -1              
1               0               1               1               0               invalid         -1              
2               0               2               2               0               invalid         -1              
3               0               3               3               0               invalid         -1              
4               0               4               4               0               invalid         -1              
5               0               5               5               0               invalid         -1              
6               0               6               6               0               invalid         -1              
7               0               7               7               0               invalid         -1              
8               0               0               8               1               invalid         -1              
9               0               1               9               1               invalid         -1              
10              0               2               10              1               invalid         -1              
11              0               3               11              1               invalid         -1              
12              0               4               12              1               invalid         -1              
13              0               5               13              1               invalid         -1              
14              0               6               14              1               invalid         -1              
15              0               7               15              1               invalid         -1              
=====  Placement on packages  =====
Package Id.    Core Id.     Processors
0              0,1,2,3,4,5,6,7
1              0,1,2,3,4,5,6,7

=====  Core/Tile sharing  =====
Level      Processors
Core       (0)(1)(2)(3)(4)(5)(6)(7)(8)(9)(10)(11)(12)(13)(14)(15)
Tile / L2$ (0)(1)(2)(3)(4)(5)(6)(7)(8)(9)(10)(11)(12)(13)(14)(15)

Package thermal spec power: 0 Watt; Package minimum power: 0 Watt; Package maximum power: 0 Watt;

Can't open MCFG table. Check permission of /sys/firmware/acpi/tables/MCFG
Can't open MCFG table. Check permission of /sys/firmware/acpi/tables/MCFG1
Can't open MCFG table. Check permission of /pcm/sys/firmware/acpi/tables/MCFG
Can't open MCFG table. Check permission of /pcm/sys/firmware/acpi/tables/MCFG1
WARNING: enumeration of devices in UncorePMUDiscovery failed
Number of physical cores: Number of physical cores: 16
Number of logical cores: 1616

Number of logical cores: Number of online logical cores: 1616

Number of online logical cores: Threads (logical cores) per physical core: 161

Threads (logical cores) per physical core: Num sockets: 12

Num sockets: Physical cores per socket: 28

Physical cores per socket: Last level cache slices per socket: 80

Last level cache slices per socket: Core PMU (perfmon) version: 04

Core PMU (perfmon) version: Number of core PMU generic (programmable) counters: 48

Number of core PMU generic (programmable) counters: Width of generic (programmable) counters: 848
 bits
Width of generic (programmable) counters: Number of core PMU fixed counters: 483 bits

Number of core PMU fixed counters: Width of fixed counters: 348
 bits
Width of fixed counters: Nominal core frequency: 482100000000 bits
 Hz
Nominal core frequency: IBRS enabled in the kernel   : 2100000000no Hz

IBRS enabled in the kernel   : STIBP enabled in the kernel  : nono

STIBP enabled in the kernel  : The processor is not susceptible to Rogue Data Cache Load: nono

The processor is not susceptible to Rogue Data Cache Load: The processor supports enhanced IBRS                     : nono

The processor supports enhanced IBRS                     : 
=====  Processor topology  =====
noOS_Processor    Thread_Id       Core_Id         Tile_Id         Package_Id      Core_Type   Native_CPU_Model

0               
=====  Processor topology  =====
0               OS_Processor    Thread_Id       Core_Id         Tile_Id         Package_Id      Core_Type   Native_CPU_Model
0               0               0               0               0               0               invalid0                0                invalid              -1               
 1               -1              0               
1               1               1               0               0               1               invalid1                0                invalid              -1               
 2               -1              0               
2               2               2               0               0               2               invalid2                0                invalid              -1               
 3               -1              0               
3               3               3               0               0               3               invalid3                0                invalid              -1               
 4               -1              0               
4               4               4               0               0               4               INFO: Linux perf interface to program uncore PMUs is invalid4               present
 0               INFO: using Linux perf interface to program uncore PMUs because env variable PCM_USE_UNCORE_PERF=1
 invalidINFO: Secure Boot detected. Using Linux perf for uncore PMU programming.
              -1               
 5               -1              0               
5               5               5               0               0               5               invalid5                0                invalid              -1               
 6               -1              0               
6               6               6               0               0               6               invalid6                0                invalid              -1               
 7               -1              0               
7               7               7               0               0               7               invalid7                0                invalid              -1               
 -1              
8               8               0               0               0               0               8               8               1               1               invalidinvalid                  -1              -1              

9               9               0               0               1               1               9               9               1               1               invalidinvalid                  -1              -1              

10              10              0               0               2               2               10              10              1               1               invalidinvalid                  -1              -1              

11              11              0               0               3               3               11              11              1               1               invalidinvalid                  -1              -1              

12              12              0               0               4               4               12              12              1               1               invalidinvalid                  -1              -1              

13              13              0               0               5               5               13              13              1               1               invalidinvalid                -1               
 14              -1              0               
6               14              14              0               1               6               invalid14               1                invalid        Number of physical cores:   16 
 Number of logical cores:  16
Number of online logical cores: -1              
1615              
0               Threads (logical cores) per physical core: 7               115              
1               Num sockets: invalid2 
 Physical cores per socket:  8 
 Last level cache slices per socket:  0 
 Core PMU (perfmon) version:  4-1              

Number of core PMU generic (programmable) counters: =====  Placement on packages  =====
8Package Id.    Core Id.     Processors

0              Width of generic (programmable) counters: 048, bits
1Number of core PMU fixed counters: ,32
,Width of fixed counters: 348, bits
4Nominal core frequency: ,21000000005 Hz
,IBRS enabled in the kernel   : 6no,
7STIBP enabled in the kernel  : 
no1              
0The processor is not susceptible to Rogue Data Cache Load: ,no1
,The processor supports enhanced IBRS                     : 2no,
3
=====  Processor topology  =====
,OS_Processor    Thread_Id       Core_Id         Tile_Id         Package_Id      Core_Type   Native_CPU_Model
40               ,0               50               ,0               60               ,invalid7 
 
=====  Core/Tile sharing  =====
 Level      Processors
Core        ( 0 ) ( 1 )-1              (
21               )0               (1               31               )0               (invalid4 ) ( 5 ) ( 6 ) ( 7-1              )
(2               80               )2               (2               90               )invalid( 10 ) ( 11 ) ( 12 ) (-1              13
)3               (0               143               )3               (0               15invalid) 
Tile / L2$  ( 0 ) ( 1 ) ( 2-1              )
(4               30               )4               (4               40               )invalid( 5 ) ( 6 ) ( 7 ) (-1              8
)5               (0               95               )5               (0               10invalid) ( 11 )      -1              
6               0               6               6               0               invalid         -1              (
127               )0               (7               137               )0               (invalid14 ) ( 15 ) 
 
   Package thermal spec power: -1              0
 Watt; 8               Package minimum power: 0               00                Watt; 8               Package maximum power: 1               0invalid Watt;
         -1              
9               0               1               9               1               invalid         -1              
10              0               2               10              1               invalid         -1              
11              0               3               11              1               invalid       Socket  0 : -1              2
 memory controllers detected with total number of 12              60                channels. 4               212               1               UPIinvalid ports detected.   2  M2M (mesh to memory) blocks detected. 
 0  Home Agents detected.  2  M3UPI blocks detected.
 Can't open MCFG table. Check permission of  /sys/firmware/acpi/tables/MCFG-1              

Can't open MCFG table. Check permission of 13              /sys/firmware/acpi/tables/MCFG10               
5               Can't open MCFG table. Check permission of 13              /pcm/sys/firmware/acpi/tables/MCFG1               
invalidCan't open MCFG table. Check permission of  /pcm/sys/firmware/acpi/tables/MCFG1 
       -1              
14              0               6               14              1               invalid    WARNING: enumeration of devices in UncorePMUDiscovery failed
     -1              
15              0               7               15              1               invalid         -1              
=====  Placement on packages  =====
Package Id.    Core Id.     Processors
0              0,1,2,3,4,5,6,7
1              0,1,2,3,4,5,6,7

=====  Core/Tile sharing  =====
Level      Processors
Core       (0)(1)(2)(3)(4)(5)(6)(7)(8)(9)(10)(11)(12)(13)(14)(15)
Tile / L2$ (0)(1)(2)(3)(4)(5)(6)(7)(8)(9)(10)(11)(12)(13)(14)(15)

Package thermal spec power: 0 Watt; Package minimum power: 0 Watt; Package maximum power: 0 Watt;

Can't open MCFG table. Check permission of /sys/firmware/acpi/tables/MCFG
Can't open MCFG table. Check permission of /sys/firmware/acpi/tables/MCFG1
Can't open MCFG table. Check permission of /pcm/sys/firmware/acpi/tables/MCFG
Can't open MCFG table. Check permission of /pcm/sys/firmware/acpi/tables/MCFG1
WARNING: enumeration of devices in UncorePMUDiscovery failed
INFO: Linux perf interface to program uncore PMUs is present
INFO: using Linux perf interface to program uncore PMUs because env variable PCM_USE_UNCORE_PERF=1
INFO: Secure Boot detected. Using Linux perf for uncore PMU programming.
Socket 0: 2 memory controllers detected with total number of 6 channels. Socket 20 : UPI2 ports detected. memory controllers detected with total number of  62 channels.  M2M (mesh to memory) blocks detected. 20  Home Agents detected. UPI2 ports detected. M3UPI blocks detected.
 2 M2M (mesh to memory) blocks detected. 0 Home Agents detected. 2 M3UPI blocks detected.
INFO: Linux perf interface to program uncore PMUs is present
INFO: using Linux perf interface to program uncore PMUs because env variable PCM_USE_UNCORE_PERF=1
INFO: Secure Boot detected. Using Linux perf for uncore PMU programming.
Number of physical cores: Number of physical cores: 16
Number of logical cores: 16
Number of online logical cores: 1616

Threads (logical cores) per physical core: Number of logical cores: 116

Num sockets: Number of online logical cores: 216

Physical cores per socket: Threads (logical cores) per physical core: 81

Last level cache slices per socket: Num sockets: 02

Core PMU (perfmon) version: Physical cores per socket: 48

Number of core PMU generic (programmable) counters: Last level cache slices per socket: 80

Width of generic (programmable) counters: Core PMU (perfmon) version: 484 bits

Number of core PMU fixed counters: Number of core PMU generic (programmable) counters: 38

Width of fixed counters: Width of generic (programmable) counters: 4848 bits
 bits
Nominal core frequency: Number of core PMU fixed counters: 21000000003 Hz

IBRS enabled in the kernel   : Width of fixed counters: no48
 bits
STIBP enabled in the kernel  : Nominal core frequency: no2100000000
 Hz
The processor is not susceptible to Rogue Data Cache Load: IBRS enabled in the kernel   : nono

The processor supports enhanced IBRS                     : STIBP enabled in the kernel  : nono

The processor is not susceptible to Rogue Data Cache Load: 
=====  Processor topology  =====
noOS_Processor    Thread_Id       Core_Id         Tile_Id         Package_Id      Core_Type   Native_CPU_Model

0               The processor supports enhanced IBRS                     : 0               no0               
0               0               
=====  Processor topology  =====
invalidOS_Processor    Thread_Id       Core_Id         Tile_Id         Package_Id      Core_Type   Native_CPU_Model
 0                0                0                0                0                invalid      -1               
   1                0                1               -1              1               
0               invalid1                0                1                1                0                invalid        -1               
 2                0                2                2               -1              0               
invalid2                0                2                2                0                invalid        -1               
 3                0                3                3               -1              0               
invalid3                0                3                3                0                invalid        -1               
 4                0                4                4               -1              0               
invalid4                0                4                4                0                invalid        -1               
 5                0                5                5               -1              0               
invalid5                0                5                5                0                invalid        -1               
 6                0                6                6               -1              0               
invalid6                0                6                6                0                invalid        -1               
 7                0                7                7               -1              0               
invalid7                0                7                7                0                invalid        -1               
 8                0                0                8               -1              1               
invalid8                0                0                8                1                invalid        -1               
 9                0                1                9               -1              1               
invalid9                0                1                9                1                invalid        -1               
 10               0                2                10              -1              1               
invalid10               0                2                10               1                invalid        -1               
 11               0                3                11              -1              1               
invalid11               0                3                11               1                invalid        -1               
 12               0                4                12              -1              1               
invalid12               0                4                12               1                invalid        -1               
 13               0                5                13              -1              1               
invalid13               0                5                13               1                invalid        -1               
 14               0                6                14              -1              1               
invalid14               0                6                14               1                invalid        -1               
 15               0                7                15              -1              1               
invalid15               0                7                15               1                invalid        -1               
 =====  Placement on packages  =====
 Package Id.    Core Id.     Processors
 0               0-1              ,
1=====  Placement on packages  =====
,Package Id.    Core Id.     Processors
20              ,03,,14,,25,,36,,47,
51              ,06,,17,
21              ,03,,14,,25,,36,,47,
5
=====  Core/Tile sharing  =====
,Level      Processors
Core       6(,07)
(
=====  Core/Tile sharing  =====
1Level      Processors
Core       )((02))((13))((24))((35))((46))((57))((68))((79))((810))((911))((1012))((1113))((1214))((1315))(
Tile / L2$ 14()0()15()1
Tile / L2$ )((02))((13))((24))((35))((46))((57))((68))((79))((810))((911))((1012))((1113))((1214))((1315))(
14
)(Package thermal spec power: 150) Watt; 
Package minimum power: 
0 Watt; Package thermal spec power: Package maximum power: 00 Watt;  Watt;
Package minimum power: 0 Watt; Package maximum power: 0 Watt;


Can't open MCFG table. Check permission of Can't open MCFG table. Check permission of /sys/firmware/acpi/tables/MCFG/sys/firmware/acpi/tables/MCFG

Can't open MCFG table. Check permission of Can't open MCFG table. Check permission of /sys/firmware/acpi/tables/MCFG1/sys/firmware/acpi/tables/MCFG1

Can't open MCFG table. Check permission of Can't open MCFG table. Check permission of /pcm/sys/firmware/acpi/tables/MCFG/pcm/sys/firmware/acpi/tables/MCFG

Can't open MCFG table. Check permission of Can't open MCFG table. Check permission of /pcm/sys/firmware/acpi/tables/MCFG1/pcm/sys/firmware/acpi/tables/MCFG1

WARNING: enumeration of devices in UncorePMUDiscovery failed
WARNING: enumeration of devices in UncorePMUDiscovery failed
Socket 1: 2 memory controllers detected with total number of 6 channels. 2 UPI ports detected. 2 M2M (mesh to memory) blocks detected. 0 Home Agents detected. 2 M3UPI blocks detected.
INFO: Linux perf interface to program uncore PMUs is present
INFO: using Linux perf interface to program uncore PMUs because env variable PCM_USE_UNCORE_PERF=1
INFO: Secure Boot detected. Using Linux perf for uncore PMU programming.
INFO: Linux perf interface to program uncore PMUs is present
INFO: using Linux perf interface to program uncore PMUs because env variable PCM_USE_UNCORE_PERF=1
INFO: Secure Boot detected. Using Linux perf for uncore PMU programming.
1                9               1               invalid     -1               
   8               -1              0               
0               8               1               10              invalid0                2                10               1                invalid          -1               
 9                0               1               9               1                invalid-1               
 11                 0                3                11               1                invalid-1               
 10               0                2                10               1                invalid    -1               
 12               0                4                12               1                invalid-1               
 11               0                3                11               1                invalid    -1               
 13               0                5                13               1                invalid-1               
 12               0                4                12               1                invalid    -1               
 14               0                6                14               1                invalid-1               
 13               0                5                13               1                invalid    -1               
 15               0                7                15               1                invalid-1               
 14               0                6                14               1                invalid    -1               
 =====  Placement on packages  =====
 Package Id.    Core Id.     Processors
 0               0 , 1-1              ,
215              ,0               37               ,15              41               ,invalid5 , 6 , 7 
 1                   -1              
7               0               7               7               0               invalid         -1              
8               0               0               8               1               invalid         -1              
9               0               1               9               1               invalid         -1              
10              0               2               10              1               invalid         -1              
11              0               3               11              1               invalid         -1              
12              0               4               12              1               invalid         -1              
13              0               5               13              1               invalid         -1              
14              0               6               14              1               0               invalid         8               -1              1               
invalid15               0                7                15               1                invalid        -1               
   9                0               -1              1               
9               =====  Placement on packages  =====
1               Package Id.    Core Id.     Processors
invalid0               0 , 1 , 2 , 3 , 4-1              ,
510              ,0               62               ,10              71               
invalid1               0 , 1 , 2 , 3 , 4-1              ,
511              ,0               63               ,11              71               
invalid
=====  Core/Tile sharing  =====
 Level      Processors
Core        ( 0 ) ( 1 ) ( 2-1              )
(12              30               )4               (12              41               )invalid( 5 ) ( 6 ) ( 7 ) (-1              8
)13              (0               95               )13              (1               10invalid) ( 11 ) ( 12 ) ( 13 )-1              (
1414              )0               (6               1514              )1               
Tile / L2$ invalid( 0 ) ( 1 ) ( 2 ) (-1              3
Socket )15              1(0               : 47               2)15               memory controllers detected with total number of (1               65invalid channels. ) 2(  6 UPI)  ports detected.(  7 2)  M2M (mesh to memory) blocks detected. ( 08  Home Agents detected. )-1              2(
 M3UPI blocks detected.
9=====  Placement on packages  =====
)Package Id.    Core Id.     Processors
(0              Socket 1000),: (1211, memory controllers detected with total number of )26(, channels. 1232), (4UPI13, ports detected.)5 (,2146 M2M (mesh to memory) blocks detected. ),0(7 Home Agents detected. 15
2)1               M3UPI blocks detected.

0
,1,Package thermal spec power: 20, Watt; 3Package minimum power: ,04 Watt; ,Package maximum power: 50, Watt;
6,7

=====  Core/Tile sharing  =====
Level      Processors
Core       (0)(1)(2)(3)(4)(5)(6)(7)(8)(9)(10)(11)(12)(13)(14)(15)
Tile / L2$ (0)(1)(2)(3)(4)(5)(6)(7)(8)(9)(10)(11)(12)(13)(14)(15)

Package thermal spec power: 0 Watt; Package minimum power: 0 Watt; Package maximum power: 0 Watt;

Can't open MCFG table. Check permission of /sys/firmware/acpi/tables/MCFG
Can't open MCFG table. Check permission of /sys/firmware/acpi/tables/MCFG1
Can't open MCFG table. Check permission of /pcm/sys/firmware/acpi/tables/MCFG
Can't open MCFG table. Check permission of /pcm/sys/firmware/acpi/tables/MCFG1
WARNING: enumeration of devices in UncorePMUDiscovery failed

Can't open MCFG table. Check permission of /sys/firmware/acpi/tables/MCFG
Can't open MCFG table. Check permission of /sys/firmware/acpi/tables/MCFG1
Can't open MCFG table. Check permission of /pcm/sys/firmware/acpi/tables/MCFG
Can't open MCFG table. Check permission of /pcm/sys/firmware/acpi/tables/MCFG1
WARNING: enumeration of devices in UncorePMUDiscovery failed
INFO: Linux perf interface to program uncore PMUs is  -1              
8               0               0               8               1               invalid         -1              
9               0               1               9               1               invalid         -1              
10              0               2               10              1               invalid         -1              
11              0               3               11              1               invalid         -1              
12              0               4               12              1               invalid         -1              
13              0               5               13              1               invalid         -1              
14              0               6               14              1               invalid         -1              
15              0               7               15              1               invalid         -1              
=====  Placement on packages  =====
Package Id.    Core Id.     Processors
0              0,1,2,3,4,5,6,7
1              0,1,2,3,4,5,6,7

=====  Core/Tile sharing  =====
Level      Processors
Core       (0)(1)(2)(3)(4)(5)(6)(7)(8)(9)(10)(11)(12)(13)(14)(15)
Tile / L2$ (0)(1)(2)(3)(4)(5)(6)(7)(8)(9)(10)(11)(12)(13)(14)(15)

Package thermal spec power: 0 Watt; Package minimum power: 0 Watt; Package maximum power: 0 Watt;

Can't open MCFG table. Check permission of /sys/firmware/acpi/tables/MCFG
Can't open MCFG table. Check permission of /sys/firmware/acpi/tables/MCFG1
Can't open MCFG table. Check permission of /pcm/sys/firmware/acpi/tables/MCFG
Can't open MCFG table. Check permission of /pcm/sys/firmware/acpi/tables/MCFG1
WARNING: enumeration of devices in UncorePMUDiscovery failed
16
Number of logical cores: 16
Number of online logical cores: 16
Threads (logical cores) per physical core: 1
Num sockets: 2
Physical cores per socket: 8
Last level cache slices per socket: 0
Core PMU (perfmon) version: 4
Number of core PMU generic (programmable) counters: 8
Width of generic (programmable) counters: 48 bits
Number of core PMU fixed counters: 3
Width of fixed counters: 48 bits
Nominal core frequency: 2100000000 Hz
IBRS enabled in the kernel   : no
STIBP enabled in the kernel  : no
The processor is not susceptible to Rogue Data Cache Load: no
The processor supports enhanced IBRS                     : no

=====  Processor topology  =====
OS_Processor    Thread_Id       Core_Id         Tile_Id         Package_Id      Core_Type   Native_CPU_Model
0               0               0               0               0               invalid         -1              
1               0               1               1               0               invalid         -1              
2               0               2               2               0               invalid         -1              
3               0               3               3               0               invalid         -1              
4               0               4               4               0               invalid         -1              
5               0               5               5               0               invalid         -1              
6               0               Socket 6               6               0               invalid  1  :   2  memory controllers detected with total number of  -1              6 
 channels.  215                0                UPI7               -1               ports detected.15              
 1               7               2invalid0                M2M (mesh to memory) blocks detected.  7               0Number of physical cores:  7               016 Home Agents detected. Socket  0               ,
2 invalid01Number of logical cores:  M3UPI blocks detected.
  : ,16  22
   memory controllers detected with total number of ,Number of online logical cores:   6316   channels. ,
-1               24Threads (logical cores) per physical core: 
  ,1=====  Placement on packages  =====
 UPI5
Package Id.    Core Id.     Processors
  ports detected.,Num sockets: 0              -1               620
2,
INFO: Linux perf interface to program uncore PMUs is ,8                M2M (mesh to memory) blocks detected. 7Physical cores per socket: present
10               0
8INFO: using Linux perf interface to program uncore PMUs because env variable PCM_USE_UNCORE_PERF=1
,0                Home Agents detected. 
=====  Core/Tile sharing  =====

INFO: Secure Boot detected. Using Linux perf for uncore PMU programming.
28               2Level      Processors
Core       Last level cache slices per socket: ,1                M3UPI blocks detected.
(03invalid0
, )(1Core PMU (perfmon) version: 4 )4, (
5 2Number of core PMU generic (programmable) counters: , )86 (
, 3Width of generic (programmable) counters: 7 )48
 ( bits
1              -1              4Number of core PMU fixed counters: 0
)3,9               (
10               5Width of fixed counters: ,1               )4829               ( bits
,1               6Nominal core frequency: 3invalid)2100000000, ( Hz
4 7IBRS enabled in the kernel   : , )no5 (
, 8STIBP enabled in the kernel  : 6 )no, (
7 9The processor is not susceptible to Rogue Data Cache Load: 
 )no
=====  Core/Tile sharing  =====
-1              (
Level      Processors
Core       
10The processor supports enhanced IBRS                     : (10              )no00               (
)2               11
=====  Processor topology  =====
(10              )OS_Processor    Thread_Id       Core_Id         Tile_Id         Package_Id      Core_Type   Native_CPU_Model
11               (0               )invalid120               ( )0               2 (0               ) 130               ( )invalid3 ( ) 14 ( ) 4 ( ) 15 (-1              ) 5

Tile / L2$  )11              ( (0               0 63               )-1              )11              (
(1               11               7invalid)0               ) (1               ( 21               8 )0               ) (invalid( 3 9 ) ) ( ( 4 10 ) )-1              ( (
5 1112              ) )0               ( (4               6-1              1212              )
)1               (2               (invalid70               13)(14)(15)
Tile / L2$ (0)(1)(2)(3) )2               ( (2               4 80               ) )invalid( ( 5 9 ) ) ( ( 6 10 )-1              ) (
( 713              11 )0               ) (5               (-1              813              12
)1               )3               (invalid(0               9 133               ) )3               ( (0               10 14)invalid) ( (11 15 ) ) ( 
 12 
 )-1               Package thermal spec power: (
 01314                Watt; )0                Package minimum power: (6               -1              01414              
 Watt; )1               4               Package maximum power: (invalid0               015 4                Watt;
) 4               
 0               
 invalid Package thermal spec power:   0   Watt;   Package minimum power:   0 -1              
 Watt;  15              Package maximum power:  0               0 7                Watt;
 15              -1              1               
invalid5                0                5                5                0                invalid        -1               
 =====  Placement on packages  =====

 Package Id.    Core Id.     Processors
 0               0-1              ,
16               ,0               26               ,Can't open MCFG table. Check permission of 6               3/sys/firmware/acpi/tables/MCFG0               ,
invalid4Can't open MCFG table. Check permission of  ,/sys/firmware/acpi/tables/MCFG1 5

 ,Can't open MCFG table. Check permission of  6/pcm/sys/firmware/acpi/tables/MCFG ,
 7Can't open MCFG table. Check permission of  
Can't open MCFG table. Check permission of /pcm/sys/firmware/acpi/tables/MCFG1 1              /sys/firmware/acpi/tables/MCFG
 0
-1              ,Can't open MCFG table. Check permission of 
1/sys/firmware/acpi/tables/MCFG17               WARNING: enumeration of devices in UncorePMUDiscovery failed
,
0               7               7               0               invalid        2Can't open MCFG table. Check permission of  ,/pcm/sys/firmware/acpi/tables/MCFG-1              3

,Can't open MCFG table. Check permission of 8               4/pcm/sys/firmware/acpi/tables/MCFG10               ,
0               58               ,1               6invalid, 7WARNING: enumeration of devices in UncorePMUDiscovery failed
 
 
=====  Core/Tile sharing  =====
 Level      Processors
Core        ( 0 ) ( 1-1              )
(9               20               )1               (9               31               )invalid( 4 ) ( 5 ) ( 6 ) (-1              7
)10              (0               82               )10              (1               9invalid) ( 10 ) ( 11 ) ( 12 )-1              (
1311              )0               (3               1411              )1               (invalid15 ) 
Tile / L2$  ( 0 ) ( 1 ) (-1              2
)12              (0               34               )12              (1               4invalid) ( 5 ) ( 6 ) ( 7 )-1              (
813              )0               (5               913              )1               (invalid10 ) Socket ( 011 : ) 2(  memory controllers detected with total number of 12 6)  channels. ( 213-1               )
UPI(14               ports detected.140                )6               2(14               M2M (mesh to memory) blocks detected. 151               0)invalid Home Agents detected. 
 2
  M3UPI blocks detected.
 Package thermal spec power:  0  Watt;  Package minimum power:  0  Watt;  Package maximum power: -1              0
15              0               7               15              1               invalid      Watt;
    -1              
=====  Placement on packages  =====
Package Id.    Core Id.     Processors
0              0,1,2,3,4,5,6,7
1              0,1,2,3,4,5,6,7

=====  Core/Tile sharing  =====
Level      Processors
Core       (0)(1)(2)(3)(4)(5)(6)(7)(8)(9)(10)(11)(12)(13)(14)(15)
Tile / L2$ (0)(1)(2)(3)(4)(5)(6)(7)(8)
(9)(10)(11)(12)(13)(14)(15)

Package thermal spec power: 0 Watt; Package minimum power: 0 Watt; Package maximum power: Can't open MCFG table. Check permission of 0/sys/firmware/acpi/tables/MCFG Watt;

Can't open MCFG table. Check permission of /sys/firmware/acpi/tables/MCFG1
Can't open MCFG table. Check permission of /pcm/sys/firmware/acpi/tables/MCFG
Can't open MCFG table. Check permission of /pcm/sys/firmware/acpi/tables/MCFG1
WARNING: enumeration of devices in UncorePMUDiscovery failed

Can't open MCFG table. Check permission of /sys/firmware/acpi/tables/MCFG
Can't open MCFG table. Check permission of /sys/firmware/acpi/tables/MCFG1
Can't open MCFG table. Check permission of /pcm/sys/firmware/acpi/tables/MCFG
Can't open MCFG table. Check permission of /pcm/sys/firmware/acpi/tables/MCFG1
WARNING: enumeration of devices in UncorePMUDiscovery failed
Socket 1: 2 memory controllers detected with total number of 6 channels. 2 UPI ports detected. 2 M2M (mesh to memory) blocks detected. 0 Home Agents detected. 2 M3UPI blocks detected.
INFO: Linux perf interface to program uncore PMUs is present
INFO: using Linux perf interface to program uncore PMUs because env variable PCM_USE_UNCORE_PERF=1
INFO: Secure Boot detected. Using Linux perf for uncore PMU programming.
INFO: Linux perf interface to program uncore PMUs is present
INFO: using Linux perf interface to program uncore PMUs because env variable PCM_USE_UNCORE_PERF=1
INFO: Secure Boot detected. Using Linux perf for uncore PMU programming.
INFO: Linux perf interface to program uncore PMUs is present
INFO: using Linux perf interface to program uncore PMUs because env variable PCM_USE_UNCORE_PERF=1
INFO: Secure Boot detected. Using Linux perf for uncore PMU programming.
INFO: Linux perf interface to program uncore PMUs is present
INFO: using Linux perf interface to program uncore PMUs because env variable PCM_USE_UNCORE_PERF=1
INFO: Secure Boot detected. Using Linux perf for uncore PMU programming.
Socket   -1              
=====  Placement on packages  =====
Package Id.    Core Id.     Processors
0              0,1,2,3,4,5,6,7
1              0,1,2,3,4,5,6,7

=====  Core/Tile sharing  =====
Level      Processors
Core       (0)(1)(2)(3)(4)(5)(6)(7)(8)(9)(10)(11)(12)(13)(14)(15)
Tile / L2$ (0)(1)(2)(3)(4)(5)(6)(7)(8)(9)(10)(11)(12)(13)(14)(15)

Package thermal spec power: 0 Watt; Package minimum power: 0 Watt; Package maximum power: 0 Watt;

Can't open MCFG table. Check permission of /sys/firmware/acpi/tables/MCFG
Can't open MCFG table. Check permission of /sys/firmware/acpi/tables/MCFG1
Can't open MCFG table. Check permission of /pcm/sys/firmware/acpi/tables/MCFG
Can't open MCFG table. Check permission of /pcm/sys/firmware/acpi/tables/MCFG1
WARNING: enumeration of devices in UncorePMUDiscovery failed
INFO: Linux perf interface to program uncore PMUs is present
INFO: using Linux perf interface to program uncore PMUs because env variable PCM_USE_UNCORE_PERF=1
INFO: Secure Boot detected. Using Linux perf for uncore PMU programming.
INFO: Linux perf interface to program uncore PMUs is present
INFO: using Linux perf interface to program uncore PMUs because env variable PCM_USE_UNCORE_PERF=1
INFO: Secure Boot detected. Using Linux perf for uncore PMU programming.
Socket 0: 2 memory controllers detected with total number of 6 channels. 2 UPI ports detected. 2 M2M (mesh to memory) blocks detected. 0 Home Agents detected. 2 M3UPI blocks detected.
Socket 0: 2 memory controllers detected with total number of 6 channels. 2 UPI ports detected. 2 M2M (mesh to memory) blocks detected. 0 Home Agents detected. 2 M3UPI blocks detected.
Socket 0: 2 memory controllers detected with total number of 6 channels. 2 UPI ports detected. 2 M2M (mesh to memory) blocks detected. 0 Home Agents detected. 2 M3UPI blocks detected.
Socket 1: 2 memory controllers detected with total number of 6 channels. 2 UPI ports detected. 2 M2M (mesh to memory) blocks detected. 0 Home Agents detected. 2 M3UPI blocks detected.
present
INFO: using Linux perf interface to program uncore PMUs because env variable PCM_USE_UNCORE_PERF=1
INFO: Secure Boot detected. Using Linux perf for uncore PMU programming.
Socket 0: 2 memory controllers detected with total number of 6 channels. 2 UPI ports detected. 2 M2M (mesh to memory) blocks detected. 0 Home Agents detected. 2 M3UPI blocks detected.
Socket 0: 2 memory controllers detected with total number of 6 channels. 2 UPI ports detected. 2 M2M (mesh to memory) blocks detected. 0 Home Agents detected. 2 M3UPI blocks detected.
Socket 1: 2 memory controllers detected with total number of 6 channels. 2 UPI ports detected. 2 M2M (mesh to memory) blocks detected. 0 Home Agents detected. 2 M3UPI blocks detected.
Socket 0: 2 memory controllers detected with total number of 6 channels. 2 UPI ports detected. 2 M2M (mesh to memory) blocks detected. 0 Home Agents detected. 2 M3UPI blocks detected.
0: 2 memory controllers detected with total number of 6 channels. 2 UPI ports detected. 2 M2M (mesh to memory) blocks detected. 0 Home Agents detected. 2 M3UPI blocks detected.
Socket Socket 11: : 22 memory controllers detected with total number of  memory controllers detected with total number of 66INFO: using Linux resctrl driver for RDT metrics (L3OCC, LMB, RMB) because environment variable PCM_USE_RESCTRL=1
 channels.  channels. 22  UPIUPI ports detected. ports detected. ERROR: /sys/fs/resctrl is not mounted
 2ERROR: RDT metrics (L3OCC,LMB,RMB) will not be available
2 M2M (mesh to memory) blocks detected. Mount it to make it work: mount -t resctrl resctrl /sys/fs/resctrl
 M2M (mesh to memory) blocks detected. 00 Home Agents detected.  Home Agents detected. 22 M3UPI blocks detected.
 M3UPI blocks detected.
Socket 1: 2 memory controllers detected with total number of 6 channels. 2 UPI ports detected. 2 M2M (mesh to memory) blocks detected. 0 Home Agents detected. 2 M3UPI blocks detected.
Socket 1: 2 memory controllers detected with total number of 6 channels. 2 UPI ports detected. 2 M2M (mesh to memory) blocks detected. 0 Home Agents detected. 2 M3UPI blocks detected.
Socket INFO: using Linux resctrl driver for RDT metrics (L3OCC, LMB, RMB) because environment variable PCM_USE_RESCTRL=1
1: 2 memory controllers detected with total number of 6 channels. 2 UPI ports detected. 2ERROR: /sys/fs/resctrl is not mounted
 M2M (mesh to memory) blocks detected. ERROR: RDT metrics (L3OCC,LMB,RMB) will not be available
0Mount it to make it work: mount -t resctrl resctrl /sys/fs/resctrl
 Home Agents detected. 2 M3UPI blocks detected.
Socket 1: 2 memory controllers detected with total number of 6 channels. 2 UPI ports detected. 2 M2M (mesh to memory) blocks detected. 0 Home Agents detected. 2 M3UPI blocks detected.
INFO: using Linux resctrl driver for RDT metrics (L3OCC, LMB, RMB) because environment variable PCM_USE_RESCTRL=1
ERROR: /sys/fs/resctrl is not mounted
ERROR: RDT metrics (L3OCC,LMB,RMB) will not be available
Mount it to make it work: mount -t resctrl resctrl /sys/fs/resctrl


 Closed perf event handles
Trying to use Linux perf events...
 Closed perf event handles
Trying to use Linux perf events...

 Closed perf event handles
Trying to use Linux perf events...
Socket 1: 2 memory controllers detected with total number of 6 channels. 2 UPI ports detected. 2 M2M (mesh to memory) blocks detected. 0 Home Agents detected. 2 M3UPI blocks detected.
Successfully programmed on-core PMU using Linux perf
INFO: using Linux resctrl driver for RDT metrics (L3OCC, LMB, RMB) because environment variable PCM_USE_RESCTRL=1
ERROR: /sys/fs/resctrl is not mounted
ERROR: RDT metrics (L3OCC,LMB,RMB) will not be available
Mount it to make it work: mount -t resctrl resctrl /sys/fs/resctrl
Socket 0: 2 memory controllers detected with total number of 6 channels. 2 UPI ports detected. 2 M2M (mesh to memory) blocks detected. 0 Home Agents detected. 2 M3UPI blocks detected.
Socket 0: 2 memory controllers detected with total number of 6 channels. 2 UPI ports detected. 2 M2M (mesh to memory) blocks detected. 0 Home Agents detected. 2 M3UPI blocks detected.

 Closed perf event handles
Trying to use Linux perf events...
Successfully programmed on-core PMU using Linux perf
Socket 1: 2 memory controllers detected with total number of 6 channels. 2 UPI ports detected. 2 M2M (mesh to memory) blocks detected. 0 Home Agents detected. 2 M3UPI blocks detected.
INFO: using Linux resctrl driver for RDT metrics (L3OCC, LMB, RMB) because environment variable PCM_USE_RESCTRL=1
INFO: using Linux resctrl driver for RDT metrics (L3OCC, LMB, RMB) because environment variable PCM_USE_RESCTRL=1
INFO: using Linux resctrl driver for RDT metrics (L3OCC, LMB, RMB) because environment variable PCM_USE_RESCTRL=1
Socket 1: 2 memory controllers detected with total number of 6 channels. 2 UPI ports detected. 2 M2M (mesh to memory) blocks detected. 0 Home Agents detected. 2 M3UPI blocks detected.
ERROR: /sys/fs/resctrl is not mounted
ERROR: /sys/fs/resctrl is not mounted
ERROR: RDT metrics (L3OCC,LMB,RMB) will not be available
ERROR: RDT metrics (L3OCC,LMB,RMB) will not be available
ERROR: /sys/fs/resctrl is not mounted
Mount it to make it work: mount -t resctrl resctrl /sys/fs/resctrl
Mount it to make it work: mount -t resctrl resctrl /sys/fs/resctrl
ERROR: RDT metrics (L3OCC,LMB,RMB) will not be available
Mount it to make it work: mount -t resctrl resctrl /sys/fs/resctrl
INFO: using Linux resctrl driver for RDT metrics (L3OCC, LMB, RMB) because environment variable PCM_USE_RESCTRL=1
ERROR: /sys/fs/resctrl is not mounted
ERROR: RDT metrics (L3OCC,LMB,RMB) will not be available
Mount it to make it work: mount -t resctrl resctrl /sys/fs/resctrl
INFO: using Linux resctrl driver for RDT metrics (L3OCC, LMB, RMB) because environment variable PCM_USE_RESCTRL=1
ERROR: /sys/fs/resctrl is not mounted
ERROR: RDT metrics (L3OCC,LMB,RMB) will not be available
Mount it to make it work: mount -t resctrl resctrl /sys/fs/resctrl
Successfully programmed on-core PMU using Linux perf
Successfully programmed on-core PMU using Linux perf
Socket 1: 2 memory controllers detected with total number of 6 channels. 2 UPI ports detected. 2 M2M (mesh to memory) blocks detected. 0 Home Agents detected. 2 M3UPI blocks detected.


 Closed perf event handles
Trying to use Linux perf events...
 Closed perf event handles
Trying to use Linux perf events...

 Closed perf event handles
Trying to use Linux perf events...
INFO: using Linux resctrl driver for RDT metrics (L3OCC, LMB, RMB) because environment variable PCM_USE_RESCTRL=1
ERROR: /sys/fs/resctrl is not mounted
ERROR: RDT metrics (L3OCC,LMB,RMB) will not be available
Mount it to make it work: mount -t resctrl resctrl /sys/fs/resctrl
INFO: using Linux resctrl driver for RDT metrics (L3OCC, LMB, RMB) because environment variable PCM_USE_RESCTRL=1
ERROR: /sys/fs/resctrl is not mounted
ERROR: RDT metrics (L3OCC,LMB,RMB) will not be available
Mount it to make it work: mount -t resctrl resctrl /sys/fs/resctrl
INFO: using Linux resctrl driver for RDT metrics (L3OCC, LMB, RMB) because environment variable PCM_USE_RESCTRL=1
ERROR: /sys/fs/resctrl is not mounted
ERROR: RDT metrics (L3OCC,LMB,RMB) will not be available
Mount it to make it work: mount -t resctrl resctrl /sys/fs/resctrl
INFO: using Linux resctrl driver for RDT metrics (L3OCC, LMB, RMB) because environment variable PCM_USE_RESCTRL=1
ERROR: /sys/fs/resctrl is not mounted
ERROR: RDT metrics (L3OCC,LMB,RMB) will not be available
Mount it to make it work: mount -t resctrl resctrl /sys/fs/resctrl
INFO: using Linux resctrl driver for RDT metrics (L3OCC, LMB, RMB) because environment variable PCM_USE_RESCTRL=1
ERROR: /sys/fs/resctrl is not mounted
ERROR: RDT metrics (L3OCC,LMB,RMB) will not be available
Mount it to make it work: mount -t resctrl resctrl /sys/fs/resctrl

 Closed perf event handles
Trying to use Linux perf events...





 Closed perf event handles
Trying to use Linux perf events...
 Closed perf event handles
Trying to use Linux perf events...
 Closed perf event handles
Trying to use Linux perf events...
INFO: using Linux resctrl driver for RDT metrics (L3OCC, LMB, RMB) because environment variable PCM_USE_RESCTRL=1
ERROR: /sys/fs/resctrl is not mounted
ERROR: RDT metrics (L3OCC,LMB,RMB) will not be available
Mount it to make it work: mount -t resctrl resctrl /sys/fs/resctrl
 Closed perf event handles
Trying to use Linux perf events...
 Closed perf event handles
Trying to use Linux perf events...


 Closed perf event handles
 Closed perf event handles
Trying to use Linux perf events...
Trying to use Linux perf events...
INFO: using Linux resctrl driver for RDT metrics (L3OCC, LMB, RMB) because environment variable PCM_USE_RESCTRL=1
ERROR: /sys/fs/resctrl is not mounted
ERROR: RDT metrics (L3OCC,LMB,RMB) will not be available
Mount it to make it work: mount -t resctrl resctrl /sys/fs/resctrl

 Closed perf event handles
Trying to use Linux perf events...
Successfully programmed on-core PMU using Linux perf
Successfully programmed on-core PMU using Linux perf
Successfully programmed on-core PMU using Linux perf
Successfully programmed on-core PMU using Linux perf
Successfully programmed on-core PMU using Linux perf
Successfully programmed on-core PMU using Linux perf
Successfully programmed on-core PMU using Linux perf
Successfully programmed on-core PMU using Linux perf
Successfully programmed on-core PMU using Linux perf
Successfully programmed on-core PMU using Linux perf
Successfully programmed on-core PMU using Linux perf
Successfully programmed on-core PMU using Linux perf
Socket 0
Max UPI link 0 speed: 0.7 GBytes/second (0.3 GT/second)
Max UPI link 1 speed: 0.7 GBytes/second (0.3 GT/second)
Socket 1
Max UPI link 0 speed: 0.7 GBytes/second (0.3 GT/second)
Max UPI link 1 speed: 0.7 GBytes/second (0.3 GT/second)

Detected Intel(R) Xeon(R) Silver 4208 CPU @ 2.10GHz "Intel(r) microarchitecture codename Cascade Lake-SP" stepping 7

Executing "./VE/himenoBM/himenoBMT" command:
Socket 0
Max UPI link 0 speed: 0.7 GBytes/second (0.3 GT/second)
Max UPI link 1 speed: 0.7 GBytes/second (0.3 GT/second)
Socket 1
Max UPI link 0 speed: 0.7 GBytes/second (0.3 GT/second)
Max UPI link 1 speed: 0.7 GBytes/second (0.3 GT/second)

Detected Intel(R) Xeon(R) Silver 4208 CPU @ 2.10GHz "Intel(r) microarchitecture codename Cascade Lake-SP" stepping 7

Executing "./VE/himenoBM/himenoBMT" command:
Socket 0
Max UPI link 0 speed: 0.7 GBytes/second (0.3 GT/second)
Max UPI link 1 speed: 0.7 GBytes/second (0.3 GT/second)
Socket 1
Max UPI link 0 speed: 0.7 GBytes/second (0.3 GT/second)
Max UPI link 1 speed: 0.7 GBytes/second (0.3 GT/second)

Detected Intel(R) Xeon(R) Silver 4208 CPU @ 2.10GHz "Intel(r) microarchitecture codename Cascade Lake-SP" stepping 7

Executing "./VE/himenoBM/himenoBMT" command:
Socket 0
Max UPI link 0 speed: 0.8 GBytes/second (0.3 GT/second)
Max UPI link 1 speed: 0.8 GBytes/second (0.3 GT/second)
Socket 1
Max UPI link 0 speed: 0.6 GBytes/second (0.3 GT/second)
Max UPI link 1 speed: 0.6 GBytes/second (0.3 GT/second)

Detected Intel(R) Xeon(R) Silver 4208 CPU @ 2.10GHz "Intel(r) microarchitecture codename Cascade Lake-SP" stepping 7

Executing "./VE/himenoBM/himenoBMT" command:
Socket 0
Max UPI link 0 speed: 0.7 GBytes/second (0.3 GT/second)
Max UPI link 1 speed: 0.7 GBytes/second (0.3 GT/second)
Socket 1
Max UPI link 0 speed: 0.7 GBytes/second (0.3 GT/second)
Max UPI link 1 speed: 0.7 GBytes/second (0.3 GT/second)

Detected Intel(R) Xeon(R) Silver 4208 CPU @ 2.10GHz "Intel(r) microarchitecture codename Cascade Lake-SP" stepping 7

Executing "./VE/himenoBM/himenoBMT" command:
Socket 0
Max UPI link 0 speed: 0.7 GBytes/second (0.3 GT/second)
Max UPI link 1 speed: 0.7 GBytes/second (0.3 GT/second)
Socket 1
Max UPI link 0 speed: 0.6 GBytes/second (0.3 GT/second)
Max UPI link 1 speed: 0.6 GBytes/second (0.3 GT/second)

Detected Intel(R) Xeon(R) Silver 4208 CPU @ 2.10GHz "Intel(r) microarchitecture codename Cascade Lake-SP" stepping 7

Executing "./VE/himenoBM/himenoBMT" command:
Socket 0
Max UPI link 0 speed: 0.4 GBytes/second (0.2 GT/second)
Max UPI link 1 speed: 0.4 GBytes/second (0.2 GT/second)
Socket 1
Max UPI link 0 speed: 0.5 GBytes/second (0.2 GT/second)
Max UPI link 1 speed: 0.5 GBytes/second (0.2 GT/second)

Detected Intel(R) Xeon(R) Silver 4208 CPU @ 2.10GHz "Intel(r) microarchitecture codename Cascade Lake-SP" stepping 7
Socket 0
Max UPI link 0 speed: 0.7 GBytes/second (0.3 GT/second)
Max UPI link 1 speed: 0.7 GBytes/second (0.3 GT/second)
Socket 1
Max UPI link 0 speed: 0.5 GBytes/second (0.2 GT/second)
Max UPI link 1 speed: 0.5 GBytes/second (0.2 GT/second)

Detected Intel(R) Xeon(R) Silver 4208 CPU @ 2.10GHz "Intel(r) microarchitecture codename Cascade Lake-SP" stepping 7

Executing "./VE/himenoBM/himenoBMT" command:

Executing "./VE/himenoBM/himenoBMT" command:
Socket 0
Max UPI link 0 speed: 0.4 GBytes/second (0.2 GT/second)
Max UPI link 1 speed: 0.4 GBytes/second (0.2 GT/second)
Socket 1
Max UPI link 0 speed: 0.7 GBytes/second (0.3 GT/second)
Max UPI link 1 speed: 0.7 GBytes/second (0.3 GT/second)

Detected Intel(R) Xeon(R) Silver 4208 CPU @ 2.10GHz "Intel(r) microarchitecture codename Cascade Lake-SP" stepping 7

Executing "./VE/himenoBM/himenoBMT" command:
Socket 0
Max UPI link 0 speed: 0.6 GBytes/second (0.3 GT/second)
Max UPI link 1 speed: 0.6 GBytes/second (0.3 GT/second)
Socket 1
Max UPI link 0 speed: 0.7 GBytes/second (0.3 GT/second)
Max UPI link 1 speed: 0.7 GBytes/second (0.3 GT/second)

Detected Intel(R) Xeon(R) Silver 4208 CPU @ 2.10GHz "Intel(r) microarchitecture codename Cascade Lake-SP" stepping 7
Socket 0
Max UPI link 0 speed: 0.6 GBytes/second (0.3 GT/second)
Max UPI link 1 speed: 0.6 GBytes/second (0.3 GT/second)
Socket 1
Max UPI link 0 speed: 0.7 GBytes/second (0.3 GT/second)
Max UPI link 1 speed: 0.7 GBytes/second (0.3 GT/second)

Detected Intel(R) Xeon(R) Silver 4208 CPU @ 2.10GHz "Intel(r) microarchitecture codename Cascade Lake-SP" stepping 7
Socket 0
Max UPI link 0 speed: 0.8 GBytes/second (0.4 GT/second)
Max UPI link 1 speed: 0.8 GBytes/second (0.4 GT/second)
Socket 1
Max UPI link 0 speed: 0.7 GBytes/second (0.3 GT/second)
Max UPI link 1 speed: 0.7 GBytes/second (0.3 GT/second)

Detected Intel(R) Xeon(R) Silver 4208 CPU @ 2.10GHz "Intel(r) microarchitecture codename Cascade Lake-SP" stepping 7
Socket 0
Max UPI link 0 speed: 0.8 GBytes/second (0.3 GT/second)
Max UPI link 1 speed: 0.8 GBytes/second (0.3 GT/second)
Socket 1
Max UPI link 0 speed: 0.6 GBytes/second (0.3 GT/second)
Max UPI link 1 speed: 0.6 GBytes/second (0.3 GT/second)

Detected Intel(R) Xeon(R) Silver 4208 CPU @ 2.10GHz "Intel(r) microarchitecture codename Cascade Lake-SP" stepping 7

Executing "./VE/himenoBM/himenoBMT" command:

Executing "./VE/himenoBM/himenoBMT" command:

Executing "./VE/himenoBM/himenoBMT" command:
Socket 0
Max UPI link 0 speed: 0.6 GBytes/second (0.3 GT/second)
Max UPI link 1 speed: 0.6 GBytes/second (0.3 GT/second)
Socket 1
Max UPI link 0 speed: 0.8 GBytes/second (0.4 GT/second)
Max UPI link 1 speed: 0.8 GBytes/second (0.4 GT/second)

Detected Intel(R) Xeon(R) Silver 4208 CPU @ 2.10GHz "Intel(r) microarchitecture codename Cascade Lake-SP" stepping 7

Executing "./VE/himenoBM/himenoBMT" command:
Socket 0
Max UPI link 0 speed: 0.6 GBytes/second (0.3 GT/second)
Max UPI link 1 speed: 0.6 GBytes/second (0.3 GT/second)
Socket 1
Max UPI link 0 speed: 0.8 GBytes/second (0.3 GT/second)
Max UPI link 1 speed: 0.8 GBytes/second (0.3 GT/second)

Detected Intel(R) Xeon(R) Silver 4208 CPU @ 2.10GHz "Intel(r) microarchitecture codename Cascade Lake-SP" stepping 7

Executing "./VE/himenoBM/himenoBMT" command:

Executing "./VE/himenoBM/himenoBMT" command:
Socket 0
Max UPI link 0 speed: 0.5 GBytes/second (0.2 GT/second)
Max UPI link 1 speed: 0.5 GBytes/second (0.2 GT/second)
Socket 1
Max UPI link 0 speed: 0.8 GBytes/second (0.4 GT/second)
Max UPI link 1 speed: 0.8 GBytes/second (0.4 GT/second)

Detected Intel(R) Xeon(R) Silver 4208 CPU @ 2.10GHz "Intel(r) microarchitecture codename Cascade Lake-SP" stepping 7

Executing "./VE/himenoBM/himenoBMT" command:
Sequential version array size
 mimax = 513 mjmax = 513 mkmax = 1025
Parallel version array size
 mimax = 131 mjmax = 131 mkmax = 1025
imax = 129 jmax = 129 kmax =1024
I-decomp = 4 J-decomp = 4 K-decomp =1
 Start rehearsal measurement process.
 Measure the performance in 3 times.

 MFLOPS: 1120.362511 time(s): 24.200974 4.389706e-04

 Now, start the actual measurement process.
 The loop will be excuted in 7 times
 This will take about one minute.
 Wait for a while

cpu : 52.800619 sec.
Loop executed for 7 times
Gosa : 4.358650e-04 
MFLOPS measured : 1198.199646
Score based on Pentium III 600MHz : 14.464023
DEBUG: caught signal to interrupt (Child exited).
Cleaning up
DEBUG: caught signal to interrupt (Child exited).
Cleaning up
DEBUG: caught signal to interrupt (Child exited).
Cleaning up
 Closed perf event handles
DEBUG: caught signal to interrupt (Child exited).
Cleaning up
 Closed perf event handles
DEBUG: caught signal to interrupt (Child exited).
Cleaning up
 Closed perf event handles
 Closed perf event handles
 Closed perf event handles
DEBUG: caught signal to interrupt (Child exited).
Cleaning up
DEBUG: caught signal to interrupt (Child exited).
Cleaning up
 Closed perf event handles
 Closed perf event handles
DEBUG: caught signal to interrupt (Child exited).
Cleaning up
 Closed perf event handles
DEBUG: caught signal to interrupt (Child exited).
Cleaning up
 Closed perf event handles
DEBUG: caught signal to interrupt (Child exited).
Cleaning up
 Closed perf event handles
DEBUG: caught signal to interrupt (Child exited).
Cleaning up
 Closed perf event handles
DEBUG: caught signal to interrupt (Child exited).
Cleaning up
DEBUG: caught signal to interrupt (Child exited).
Cleaning up
DEBUG: caught signal to interrupt (Child exited).
Cleaning up
 Closed perf event handles
 Closed perf event handles
DEBUG: caught signal to interrupt (Child exited).
Cleaning up
 Closed perf event handles
 Closed perf event handles
 Zeroed uncore PMU registers
 Zeroed uncore PMU registers
 Zeroed uncore PMU registers
DEBUG: caught signal to interrupt (Child exited).
Cleaning up
 Closed perf event handles
 Zeroed uncore PMU registers
 Zeroed uncore PMU registers
 Zeroed uncore PMU registers
 Zeroed uncore PMU registers
 Zeroed uncore PMU registers
 Zeroed uncore PMU registers
 Zeroed uncore PMU registers
 Zeroed uncore PMU registers
 Zeroed uncore PMU registers
 Zeroed uncore PMU registers
 Zeroed uncore PMU registers
 Zeroed uncore PMU registers
 Zeroed uncore PMU registers
	Command being timed: "/opt/nec/ve/bin/mpirun -np 16 /usr/sbin/pcm 0.1 -csv=./output/4/ve_Himeno_VE_4.csv -- ./VE/himenoBM/himenoBMT"
	User time (seconds): 14.73
	System time (seconds): 8.45
	Percent of CPU this job got: 9%
	Elapsed (wall clock) time (h:mm:ss or m:ss): 4:15.24
	Average shared text size (kbytes): 0
	Average unshared data size (kbytes): 0
	Average stack size (kbytes): 0
	Average total size (kbytes): 0
	Maximum resident set size (kbytes): 141508
	Average resident set size (kbytes): 0
	Major (requiring I/O) page faults: 2
	Minor (reclaiming a frame) page faults: 9739
	Voluntary context switches: 433597
	Involuntary context switches: 32978
	Swaps: 0
	File system inputs: 0
	File system outputs: 16408
	Socket messages sent: 0
	Socket messages received: 0
	Signals delivered: 0
	Page size (bytes): 4096
	Exit status: 0
