
 Intel(r) Performance Counter Monitor (2022-11-24 10:18:12 +0100 ID=1b16bb4e)


PCM Info: setrlimit for file limit 1000000 failed with error Operation not permitted

=====  Processor information  =====

 Intel(r) Performance Counter Monitor (2022-11-24 10:18:12 +0100 ID=1b16bb4e)


PCM Info: setrlimit for file limit 1000000 failed with error Operation not permitted
Linux arch_perfmon flag  : yes
Hybrid processor         : no
IBRS and IBPB supported  : yes
STIBP supported          : yes
Spec arch caps supported : yes

=====  Processor information  =====
Max CPUID level          : 22
CPU model number         : 85
Linux arch_perfmon flag  : yes
Hybrid processor         : no
IBRS and IBPB supported  : yes

STIBP supported          :  Intel(r) Performance Counter Monitor yes(2022-11-24 10:18:12 +0100 ID=1b16bb4e)

Spec arch caps supported : 
yes

Max CPUID level          : 22
CPU model number         : 85
PCM Info: setrlimit for file limit 1000000 failed with error Operation not permitted

=====  Processor information  =====
Linux arch_perfmon flag  : yes
Hybrid processor         : no
IBRS and IBPB supported  : yes
STIBP supported          : yes
Spec arch caps supported : yes
Max CPUID level          : 22
CPU model number         : 85

 Intel(r) Performance Counter Monitor (2022-11-24 10:18:12 +0100 ID=1b16bb4e)


PCM Info: setrlimit for file limit 1000000 failed with error Operation not permitted

=====  Processor information  =====
Linux arch_perfmon flag  : yes
Hybrid processor         : no
IBRS and IBPB supported  : yes
STIBP supported          : yes
Spec arch caps supported : yes
Max CPUID level          : 22
CPU model number         : 85

 Intel(r) Performance Counter Monitor (2022-11-24 10:18:12 +0100 ID=1b16bb4e)


PCM Info: setrlimit for file limit 1000000 failed with error Operation not permitted

=====  Processor information  =====
Linux arch_perfmon flag  : yes
Hybrid processor         : no
IBRS and IBPB supported  : yes
STIBP supported          : yes
Spec arch caps supported : yes
Max CPUID level          : 22
CPU model number         : 85

 Intel(r) Performance Counter Monitor (2022-11-24 10:18:12 +0100 ID=1b16bb4e)


PCM Info: setrlimit for file limit 1000000 failed with error Operation not permitted

=====  Processor information  =====

 Intel(r) Performance Counter Monitor (2022-11-24 10:18:12 +0100 ID=1b16bb4e)


Linux arch_perfmon flag  : PCM Info: setrlimit for file limit yes1000000
 failed with error Hybrid processor         : no
Operation not permittedIBRS and IBPB supported  : 
yes
STIBP supported          : yes
Spec arch caps supported : yes
Max CPUID level          : 22
CPU model number         : 85

=====  Processor information  =====

 Intel(r) Performance Counter Monitor (2022-11-24 10:18:12 +0100 ID=1b16bb4e)

Linux arch_perfmon flag  : 
yes
Hybrid processor         : no
IBRS and IBPB supported  : yes
STIBP supported          : yes
Spec arch caps supported : PCM Info: setrlimit for file limit yes1000000
 failed with error Max CPUID level          : 22
Operation not permittedCPU model number         : 
85

=====  Processor information  =====
Linux arch_perfmon flag  : yes
Hybrid processor         : no
IBRS and IBPB supported  : yes
STIBP supported          : yes
Spec arch caps supported : yes
Max CPUID level          : 22
CPU model number         : 85
Number of physical cores: 16
Number of logical cores: 16
Number of online logical cores: 16
Threads (logical cores) per physical core: 1
Num sockets: 2
Physical cores per socket: 8
Last level cache slices per socket: 0
Core PMU (perfmon) version: 4
Number of core PMU generic (programmable) counters: 8
Width of generic (programmable) counters: 48 bits
Number of core PMU fixed counters: 3
Width of fixed counters: 48 bits
Nominal core frequency: 2100000000 Hz
IBRS enabled in the kernel   : no
STIBP enabled in the kernel  : no
The processor is not susceptible to Rogue Data Cache Load: no
The processor supports enhanced IBRS                     : no

=====  Processor topology  =====
OS_Processor    Thread_Id       Core_Id         Tile_Id         Package_Id      Core_Type   Native_CPU_Model
0               0               0               0               0               invalid         -1              
1               0               1               1               0               invalid         -1              
2               0               2               2               0               invalid         -1              
3               0               3               3               0               invalid         -1              
4               0               4               4               0               invalid         -1              
5               0               5               5               0               invalid         -1              
6               0               6               6               0               invalid         -1              
7               0               7               7               0               invalid         -1              
8               0               0               8               1               invalid         -1              
9               0               1               9               1               invalid         -1              
10              0               2               10              1               invalid         -1              
11              0               3               11              1               invalid         -1              
12              0               4               12              1               invalid         -1              
13              0               5               13              1               invalid         -1              
14              0               6               14              1               invalid         -1              
15              0               7               15              1               invalid         -1              
=====  Placement on packages  =====
Package Id.    Core Id.     Processors
0              0,1,2,3,4,5,6,7
1              0,1,2,3,4,5,6,7

=====  Core/Tile sharing  =====
Level      Processors
Core       (0)(1)(2)(3)(4)(5)(6)(7)(8)(9)(10)(11)(12)(13)(14)(15)
Tile / L2$ (0)(1)(2)(3)(4)(5)(6)(7)(8)(9)(10)(11)(12)(13)(14)(15)

Package thermal spec power: 0 Watt; Package minimum power: 0 Watt; Package maximum power: 0 Watt;

Can't open MCFG table. Check permission of /sys/firmware/acpi/tables/MCFG
Can't open MCFG table. Check permission of /sys/firmware/acpi/tables/MCFG1
Can't open MCFG table. Check permission of /pcm/sys/firmware/acpi/tables/MCFG
Can't open MCFG table. Check permission of /pcm/sys/firmware/acpi/tables/MCFG1
WARNING: enumeration of devices in UncorePMUDiscovery failed
INFO: Linux perf interface to program uncore PMUs is present
INFO: using Linux perf interface to program uncore PMUs because env variable PCM_USE_UNCORE_PERF=1
INFO: Secure Boot detected. Using Linux perf for uncore PMU programming.
Number of physical cores: 16
Number of logical cores: 16
Number of online logical cores: 16
Threads (logical cores) per physical core: 1
Number of physical cores: Num sockets: 2
Physical cores per socket: 168

Number of logical cores: Last level cache slices per socket: 160

Number of online logical cores: Core PMU (perfmon) version: 164

Threads (logical cores) per physical core: Number of core PMU generic (programmable) counters: 18

Num sockets: Width of generic (programmable) counters: 248
 bits
Physical cores per socket: Number of core PMU fixed counters: 83

Last level cache slices per socket: Width of fixed counters: 048
 bits
Core PMU (perfmon) version: Nominal core frequency: 42100000000
 Hz
Number of core PMU generic (programmable) counters: IBRS enabled in the kernel   : 8no

Width of generic (programmable) counters: STIBP enabled in the kernel  : 48no bits

Number of core PMU fixed counters: The processor is not susceptible to Rogue Data Cache Load: 3no

Width of fixed counters: The processor supports enhanced IBRS                     : 48no bits

Nominal core frequency: 
=====  Processor topology  =====
2100000000OS_Processor    Thread_Id       Core_Id         Tile_Id         Package_Id      Core_Type   Native_CPU_Model
 Hz
0               IBRS enabled in the kernel   : 0               no0               
0               STIBP enabled in the kernel  : 0               noinvalid
 The processor is not susceptible to Rogue Data Cache Load:  no 
 The processor supports enhanced IBRS                     :  no 
 
=====  Processor topology  =====
 OS_Processor    Thread_Id       Core_Id         Tile_Id         Package_Id      Core_Type   Native_CPU_Model
 0               -1              0               
0               1               0               0               0               1               invalid1                0                invalid              -1               
 1               -1              0               
1               2               1               0               0               2               invalid2                0                invalid              Socket -1               0
 : 2               -1              20               
 memory controllers detected with total number of 2               3               62               0                channels. 0               3               2invalid3                 0               UPI invalid ports detected.     2   M2M (mesh to memory) blocks detected.   0   Home Agents detected.   2   M3UPI blocks detected.
-1               
 3               -1              0               
3               4               3               0               0               4               invalid4                0                invalid              -1               
 4               -1              0               
4               5               4               0               0               5               invalid5                0                invalid              -1               
 5               -1              0               
5               6               5               0               0               6               invalid6                0                invalid              -1               
 6               -1              0               
6               7               6               0               0               7               invalid7                0                invalid              -1               
 7               -1              0               
7               8               7               0               0               0               invalid8                1                invalid              -1               
 8               -1              0               
0               9               8               0               1               1               invalid9                1                invalid              -1               
 9               -1              0               
1               10              9               0               1               2               invalid10               1                invalid              -1               
 10              -1              0               
2               11              10              0               1               3               invalid11               1                invalid              -1               
11               0               -1              3               
11              12              1               0               invalid4                12               1                invalid            -1               
 12               0               -1              4               
12              Number of physical cores: 13              1               Number of physical cores: 0               invalid165               16 
13              
 Number of logical cores: 1               invalidNumber of logical cores:  16  16  
  
  Number of online logical cores:   Number of online logical cores:   16  16-1              
 

Threads (logical cores) per physical core: -1              Threads (logical cores) per physical core: 13              1
10               
14              
5               Num sockets: 0               Num sockets: 13              26               21               
14              
invalidPhysical cores per socket: 1               Physical cores per socket:  8invalid    8   
  
 Last level cache slices per socket:   Last level cache slices per socket:  0 0   
-1              
-1              Core PMU (perfmon) version: 
Core PMU (perfmon) version: 
415              414              
0               
0               Number of core PMU generic (programmable) counters: 7               Number of core PMU generic (programmable) counters: 6               815              814              
1               
1               Width of generic (programmable) counters: invalid  Width of generic (programmable) counters: invalid   48    48  bits
   bits
    Number of core PMU fixed counters:  Number of core PMU fixed counters:  3-1              3-1              



Width of fixed counters: =====  Placement on packages  =====
Width of fixed counters: 15              48Package Id.    Core Id.     Processors
480                bits
0               bits
7               Nominal core frequency: 0Nominal core frequency: 15              2100000000,21000000001                Hz
1, Hz
invalidIBRS enabled in the kernel   : 2IBRS enabled in the kernel   :   no,no      
3,
 STIBP enabled in the kernel  : 4STIBP enabled in the kernel  : -1              no,no

5
=====  Placement on packages  =====
The processor is not susceptible to Rogue Data Cache Load: ,The processor is not susceptible to Rogue Data Cache Load: Package Id.    Core Id.     Processors
no6no0              
,
0The processor supports enhanced IBRS                     : 7The processor supports enhanced IBRS                     : ,no
no1
1              
,
=====  Processor topology  =====
0
=====  Processor topology  =====
2,OS_Processor    Thread_Id       Core_Id         Tile_Id         Package_Id      Core_Type   Native_CPU_Model
,OS_Processor    Thread_Id       Core_Id         Tile_Id         Package_Id      Core_Type   Native_CPU_Model
30               10               ,40               ,0               ,0               20               50               ,0               ,0               30               6invalid,invalid, 4 7 , 
 5 1               , 0 6, , 7 1 
 , 
=====  Core/Tile sharing  =====
 2 Level      Processors
Core        ,-1              (-1              3
0
,1               )1               40               (0               ,1               11               51               )1               ,0               (0               6invalid2invalid, ) 7 ( 
 3 
=====  Core/Tile sharing  =====
 ) Level      Processors
Core        ( ( 4 0 ) ) ( ( 5 1-1              )-1              )
(
(2               62               20               )0               )2               (72               (2               )2               30               (0               )invalid8invalid( ) 4 ( ) 9 (  )( 5 10 ) ) ( ( 6 11 )-1              ) (
(-1              7)3               12
(0               )3               83               (0               )3               133               (0               )3               9invalid(0               ) 14invalid( ) 10 ( ) 15 (11 ) ) 
Tile / L2$ ( ( 0 12) ) ( (1 13)-1              ) (
(-1              144               2
)0               )4               (4               (0               154               34               )0               )4               
Tile / L2$ invalid(0               ( 4invalid0 ) ) ( ( 5 1) ) ( ( 2 6 ) ) ( ( 3)-1              7) (
(-1              45               8
)0               )5               (5               (0               55               95               )0               )5               (invalid(0               6 10invalid) ) ( ( 7 11 ) ) ( ( 8) 12 ( ) 9) ( (-1              13 10
)-1              )6               (
(0               146               116               )0               )6               (6               (0               156               12invalid)0               ) 
invalid( 
 13 Package thermal spec power:  ) 0 (  Watt;  14 Package minimum power:  ) 0 (  Watt;  15 Package maximum power:  )-1              0 

 Watt;
-1              
7               
Package thermal spec power: 0               7               07               0                Watt; 7               7               Package minimum power: 0               7               0invalid0                Watt;  invalidPackage maximum power: 0   Watt;
              -1               
-1              8               
0               8               0               0               8               0               1               8               invalid1                invalid 
           Can't open MCFG table. Check permission of    /sys/firmware/acpi/tables/MCFG -1              
 
Can't open MCFG table. Check permission of -1              9               /sys/firmware/acpi/tables/MCFG1
0               

9               1               Can't open MCFG table. Check permission of 0               9               /pcm/sys/firmware/acpi/tables/MCFG1               1               
9               invalid   Can't open MCFG table. Check permission of Can't open MCFG table. Check permission of 1                /pcm/sys/firmware/acpi/tables/MCFG1/sys/firmware/acpi/tables/MCFGinvalid    

  Can't open MCFG table. Check permission of  -1              /sys/firmware/acpi/tables/MCFG1 

WARNING: enumeration of devices in UncorePMUDiscovery failed
 10              Can't open MCFG table. Check permission of  0               /pcm/sys/firmware/acpi/tables/MCFG 2               
 10              Can't open MCFG table. Check permission of  1               /pcm/sys/firmware/acpi/tables/MCFG1 invalid
-1               
 10               0                2                10               WARNING: enumeration of devices in UncorePMUDiscovery failed
1                invalid    -1                
 11               0                3                11               1               -1              invalid
 11               0                3                11               1                invalid      -1               
 12               0                4                12               1               -1              invalid
 12               0                4                12               1                invalid      -1                
 13               0                5                13              -1              1               
invalid13               0                5                13               1                invalid        -1               
 14               0                6                14              -1              1               
invalid14               0                6                14               1                invalid        -1               
 15               0                7                15              -1              1               
invalid15               0                7                15               1                invalid        -1               
 =====  Placement on packages  =====
 Package Id.    Core Id.     Processors
 0               0-1              ,
1=====  Placement on packages  =====
,Package Id.    Core Id.     Processors
20              ,03,,14,,25,,36,,47,
51              ,06,,17,
21              ,03,,14,,25,,36,,47,
5
=====  Core/Tile sharing  =====
,Level      Processors
Core       6(,07)
(
=====  Core/Tile sharing  =====
1Level      Processors
Core       )((02))((13))((24))((35))((46))((57))((68))((79))((810))(Socket (9111): )(2(10 memory controllers detected with total number of 12)6)( channels. (11213) )(UPI(12 ports detected.14) )(2(13 M2M (mesh to memory) blocks detected. 15)0)( Home Agents detected. 
Tile / L2$ 142() M3UPI blocks detected.
0()15()1
Tile / L2$ )((02))((13))((24))((35))((46))((57))((68))((79))((810))((911))((1012))((1113)INFO: Linux perf interface to program uncore PMUs is )(present
(12INFO: using Linux perf interface to program uncore PMUs because env variable PCM_USE_UNCORE_PERF=1
14)INFO: Secure Boot detected. Using Linux perf for uncore PMU programming.
)((1315))(
14
)(Package thermal spec power: 150) Watt; 
Package minimum power: 
0Package thermal spec power: INFO: Linux perf interface to program uncore PMUs is  Watt; 0present
Package maximum power:  Watt; INFO: using Linux perf interface to program uncore PMUs because env variable PCM_USE_UNCORE_PERF=1
0Package minimum power: INFO: Secure Boot detected. Using Linux perf for uncore PMU programming.
 Watt;
0 Watt; Package maximum power: 0 Watt;


Can't open MCFG table. Check permission of /sys/firmware/acpi/tables/MCFG
Can't open MCFG table. Check permission of /sys/firmware/acpi/tables/MCFG1
Can't open MCFG table. Check permission of /pcm/sys/firmware/acpi/tables/MCFG
Can't open MCFG table. Check permission of /pcm/sys/firmware/acpi/tables/MCFG1
Can't open MCFG table. Check permission of /sys/firmware/acpi/tables/MCFG
Can't open MCFG table. Check permission of /sys/firmware/acpi/tables/MCFG1
Can't open MCFG table. Check permission of /pcm/sys/firmware/acpi/tables/MCFG
Can't open MCFG table. Check permission of /pcm/sys/firmware/acpi/tables/MCFG1
WARNING: enumeration of devices in UncorePMUDiscovery failed
WARNING: enumeration of devices in UncorePMUDiscovery failed
INFO: Linux perf interface to program uncore PMUs is present
INFO: using Linux perf interface to program uncore PMUs because env variable PCM_USE_UNCORE_PERF=1
INFO: Secure Boot detected. Using Linux perf for uncore PMU programming.
INFO: Linux perf interface to program uncore PMUs is present
INFO: using Linux perf interface to program uncore PMUs because env variable PCM_USE_UNCORE_PERF=1
INFO: Secure Boot detected. Using Linux perf for uncore PMU programming.
Number of physical cores: Socket 16Socket 
0Number of logical cores: 0: 16: 2
2 memory controllers detected with total number of Number of online logical cores:  memory controllers detected with total number of 6166 channels. 
 channels. 2Threads (logical cores) per physical core: 2 1 UPI
UPI ports detected.Num sockets:  ports detected. 2 2
2 M2M (mesh to memory) blocks detected. Physical cores per socket:  M2M (mesh to memory) blocks detected. 080 Home Agents detected. 
 Home Agents detected. 2Last level cache slices per socket: 2 M3UPI blocks detected.
0 M3UPI blocks detected.

Core PMU (perfmon) version: 4
Number of core PMU generic (programmable) counters: 8
Width of generic (programmable) counters: 48 bits
Number of core PMU fixed counters: 3
Width of fixed counters: 48 bits
Nominal core frequency: 2100000000 Hz
IBRS enabled in the kernel   : no
STIBP enabled in the kernel  : no
The processor is not susceptible to Rogue Data Cache Load: no
The processor supports enhanced IBRS                     : no

=====  Processor topology  =====
OS_Processor    Thread_Id       Core_Id         Tile_Id         Package_Id      Core_Type   Native_CPU_Model
0               0               0               0               0               invalid         -1              
1               0               1               1               0               invalid         -1              
2               0               2               2               0               invalid         -1              
3               0               3               3               0               invalid         -1              
4               0               4               4               0               invalid         -1              
5               0               5               5               0               invalid         -1              
6               0               6               6               0               invalid         -1              
7               0               7               7               0               invalid         -1              
8               0               0               8               1               invalid         -1              
9               0               1               9               1               invalid         -1              
10              0               2               10              1               invalid         -1              
11              0               3               11              1               invalid         -1              
12              0               4               12              1               invalid         -1              
13              0               5               13              1               invalid         -1              
14              0               6               14              1               invalid         -1              
15              0               7               15              1               invalid         -1              
=====  Placement on packages  =====
Package Id.    Core Id.     Processors
0              0,1,2,3,4,5,6,7
1              0,1,2,3,4,5,6,7

=====  Core/Tile sharing  =====
Level      Processors
Core       (0)(1)(2)(3)(4)(5)(6)(7)(8)(9)(10)(11)(12)(13)(14)(15)
Tile / L2$ (0)(1)(2)(3)(4)(5)(6)(7)(8)(9)(10)(11)(12)(13)(14)(15)

Package thermal spec power: 0 Watt; Package minimum power: 0 Watt; Package maximum power: 0 Watt;

Can't open MCFG table. Check permission of /sys/firmware/acpi/tables/MCFG
Can't open MCFG table. Check permission of /sys/firmware/acpi/tables/MCFG1
Can't open MCFG table. Check permission of /pcm/sys/firmware/acpi/tables/MCFG
Can't open MCFG table. Check permission of /pcm/sys/firmware/acpi/tables/MCFG1
WARNING: enumeration of devices in UncorePMUDiscovery failed
INFO: Linux perf interface to program uncore PMUs is present
INFO: using Linux perf interface to program uncore PMUs because env variable PCM_USE_UNCORE_PERF=1
INFO: Secure Boot detected. Using Linux perf for uncore PMU programming.
Socket 0: 2 memory controllers detected with total number of 6 channels. 2 UPI ports detected. 2 M2M (mesh to memory) blocks detected. 0 Home Agents detected. 2 M3UPI blocks detected.
Socket 0: 2 memory controllers detected with total number of 6 channels. 2 UPI ports detected. 2 M2M (mesh to memory) blocks detected. 0 Home Agents detected. 2 M3UPI blocks detected.
Socket 1: 2 memory controllers detected with total number of 6 channels. 2 Socket UPI1 ports detected.:  22 memory controllers detected with total number of  M2M (mesh to memory) blocks detected. 60 channels.  Home Agents detected. 22  M3UPI blocks detected.
UPI ports detected. 2 M2M (mesh to memory) blocks detected. 0 Home Agents detected. 2 M3UPI blocks detected.
Socket 1: 2 memory controllers detected with total number of 6 channels. 2 UPI ports detected. 2 M2M (mesh to memory) blocks detected. 0 Home Agents detected. 2 M3UPI blocks detected.
Socket 0: 2 memory controllers detected with total number of 6 channels. 2 UPI ports detected. 2 M2M (mesh to memory) blocks detected. 0 Home Agents detected. 2 M3UPI blocks detected.
Socket 1: 2 memory controllers detected with total number of 6 channels. 2 UPI ports detected. 2 M2M (mesh to memory) blocks detected. 0 Home Agents detected. 2 M3UPI blocks detected.
Number of physical cores: 16
Number of logical cores: 16
Number of online logical cores: 16
Threads (logical cores) per physical core: 1
Num sockets: 2
Physical cores per socket: 8
Last level cache slices per socket: 0
Core PMU (perfmon) version: 4
Number of core PMU generic (programmable) counters: 8
Width of generic (programmable) counters: 48 bits
Number of core PMU fixed counters: 3
Width of fixed counters: 48 bits
Nominal core frequency: 2100000000 Hz
IBRS enabled in the kernel   : no
STIBP enabled in the kernel  : no
The processor is not susceptible to Rogue Data Cache Load: no
The processor supports enhanced IBRS                     : no

=====  Processor topology  =====
OS_Processor    Thread_Id       Core_Id         Tile_Id         Package_Id      Core_Type   Native_CPU_Model
0               0               0               0               0               invalid         -1              
1               0               1               1               0               invalid         -1              
2               0               2               2               0               invalid         -1              
3               0               3               3               0               invalid         -1              
4               0               4               4               0               invalid         -1              
5               0               5               5               0               invalid         -1              
6               0               6               6               0               invalid         -1              
7               0               7               7               0               invalid         -1              
8               0               0               8               1               invalid         -1              
9               0               1               9               1               invalid         -1              
10              0               2               10              1               invalid         -1              
11              0               3               11              1               invalid         -1              
12              0               4               12              1               invalid         -1              
13              0               5               13              1               invalid         -1              
14              0               6               14              1               invalid         -1              
15              0               7               15              1               invalid         -1              
=====  Placement on packages  =====
Package Id.    Core Id.     Processors
0              0,1,2,3,4,5,6,7
1              0,1,2,3,4,5,6,7

=====  Core/Tile sharing  =====
Level      Processors
Core       (0)(1)(2)(3)(4)(5)(6)(7)(8)(9)(10)(11)(12)(13)(14)(15)
Tile / L2$ (0)(1)(2)(3)(4)(5)(6)(7)(8)(9)(10)(11)(12)(13)(14)(15)

Package thermal spec power: 0 Watt; Package minimum power: 0 Watt; Package maximum power: 0 Watt;

Can't open MCFG table. Check permission of /sys/firmware/acpi/tables/MCFG
Can't open MCFG table. Check permission of /sys/firmware/acpi/tables/MCFG1
Can't open MCFG table. Check permission of /pcm/sys/firmware/acpi/tables/MCFG
Can't open MCFG table. Check permission of /pcm/sys/firmware/acpi/tables/MCFG1
WARNING: enumeration of devices in UncorePMUDiscovery failed
INFO: Linux perf interface to program uncore PMUs is present
INFO: using Linux perf interface to program uncore PMUs because env variable PCM_USE_UNCORE_PERF=1
INFO: Secure Boot detected. Using Linux perf for uncore PMU programming.
Socket 1: 2 memory controllers detected with total number of 6 channels. 2 UPI ports detected. 2 M2M (mesh to memory) blocks detected. 0 Home Agents detected. 2 M3UPI blocks detected.
INFO: using Linux resctrl driver for RDT metrics (L3OCC, LMB, RMB) because environment variable PCM_USE_RESCTRL=1
ERROR: /sys/fs/resctrl is not mounted
ERROR: RDT metrics (L3OCC,LMB,RMB) will not be available
Mount it to make it work: mount -t resctrl resctrl /sys/fs/resctrl

Number of physical cores: 16
Number of logical cores: 16
Number of online logical cores: 16
Threads (logical cores) per physical core: 1
Num sockets: 2
Physical cores per socket: 8
Last level cache slices per socket: 0
Core PMU (perfmon) version: 4
Number of core PMU generic (programmable) counters: 8
Width of generic (programmable) counters: 48 bits
Number of core PMU fixed counters: 3
Width of fixed counters: 48 bits
Nominal core frequency: 2100000000 Hz
IBRS enabled in the kernel   : no
STIBP enabled in the kernel  : no
The processor is not susceptible to Rogue Data Cache Load: no
The processor supports enhanced IBRS                     : no

=====  Processor topology  =====
OS_Processor    Thread_Id       Core_Id         Tile_Id         Package_Id      Core_Type   Native_CPU_Model
0               0               0               0               0               invalid         -1              
1               0               1               1               0               invalid         -1              
2               0               2               2               0               invalid         -1              
3               0               3               3               0               invalid         -1              
4               0               4               4               0               invalid         -1              
5               0               5               5               0               invalid         -1              
6               0               6               6               0               invalid         -1              
7               0               7               7               0               invalid         -1              
8               0               0               8               1               invalid         -1              
9               0               1               9               1               invalid         -1              
10              0               2               10              1               invalid         -1              
11              0               3               11              1               invalid         -1              
12              0               4               12              1               invalid         -1              
13              0               5               13              1               invalid         -1              
14              0               6               14              1               invalid         -1              
15              0               7               15              1               invalid         -1              
=====  Placement on packages  =====
Package Id.    Core Id.     Processors
0              0,1,2,3,4,5,6,7
1              0,1,2,3,4,5,6,7

=====  Core/Tile sharing  =====
Level      Processors
Core       (0)(1)(2)(3)(4)(5)(6)(7)(8)(9)(10)(11)(12)(13)(14)(15)
Tile / L2$ (0)(1)(2)(3)(4)(5)(6)(7)(8)(9)(10)(11)(12)(13)(14)(15)

Package thermal spec power: 0 Watt; Package minimum power: 0 Watt; Package maximum power: 0 Watt;

Can't open MCFG table. Check permission of /sys/firmware/acpi/tables/MCFG
Can't open MCFG table. Check permission of /sys/firmware/acpi/tables/MCFG1
Can't open MCFG table. Check permission of /pcm/sys/firmware/acpi/tables/MCFG
Can't open MCFG table. Check permission of /pcm/sys/firmware/acpi/tables/MCFG1
WARNING: enumeration of devices in UncorePMUDiscovery failed
INFO: Linux perf interface to program uncore PMUs is present
INFO: using Linux perf interface to program uncore PMUs because env variable PCM_USE_UNCORE_PERF=1
INFO: Secure Boot detected. Using Linux perf for uncore PMU programming.
Socket 0: 2 memory controllers detected with total number of 6 channels. 2 UPI ports detected. 2 M2M (mesh to memory) blocks detected. 0 Home Agents detected. 2 M3UPI blocks detected.
INFO: using Linux resctrl driver for RDT metrics (L3OCC, LMB, RMB) because environment variable PCM_USE_RESCTRL=1
ERROR: /sys/fs/resctrl is not mounted
ERROR: RDT metrics (L3OCC,LMB,RMB) will not be available
Mount it to make it work: mount -t resctrl resctrl /sys/fs/resctrl
INFO: using Linux resctrl driver for RDT metrics (L3OCC, LMB, RMB) because environment variable PCM_USE_RESCTRL=1
ERROR: /sys/fs/resctrl is not mounted
ERROR: RDT metrics (L3OCC,LMB,RMB) will not be available
Mount it to make it work: mount -t resctrl resctrl /sys/fs/resctrl
 Closed perf event handles
Trying to use Linux perf events...
INFO: using Linux resctrl driver for RDT metrics (L3OCC, LMB, RMB) because environment variable PCM_USE_RESCTRL=1
ERROR: /sys/fs/resctrl is not mounted
ERROR: RDT metrics (L3OCC,LMB,RMB) will not be available
Mount it to make it work: mount -t resctrl resctrl /sys/fs/resctrl
Successfully programmed on-core PMU using Linux perf



 Closed perf event handles
Trying to use Linux perf events...
 Closed perf event handles
Trying to use Linux perf events...
 Closed perf event handles
Trying to use Linux perf events...
Socket 0: 2 memory controllers detected with total number of 6 channels. 2 UPI ports detected. 2 M2M (mesh to memory) blocks detected. 0 Home Agents detected. 2 M3UPI blocks detected.
Socket 1: 2 memory controllers detected with total number of 6 channels. 2 UPI ports detected. 2 M2M (mesh to memory) blocks detected. 0 Home Agents detected. 2 M3UPI blocks detected.
INFO: using Linux resctrl driver for RDT metrics (L3OCC, LMB, RMB) because environment variable PCM_USE_RESCTRL=1
ERROR: /sys/fs/resctrl is not mounted
ERROR: RDT metrics (L3OCC,LMB,RMB) will not be available
Mount it to make it work: mount -t resctrl resctrl /sys/fs/resctrl
Socket 1: 2 memory controllers detected with total number of 6 channels. 2 UPI ports detected. 2 M2M (mesh to memory) blocks detected. 0 Home Agents detected. 2 M3UPI blocks detected.

 Closed perf event handles
Trying to use Linux perf events...
INFO: using Linux resctrl driver for RDT metrics (L3OCC, LMB, RMB) because environment variable PCM_USE_RESCTRL=1
ERROR: /sys/fs/resctrl is not mounted
ERROR: RDT metrics (L3OCC,LMB,RMB) will not be available
Mount it to make it work: mount -t resctrl resctrl /sys/fs/resctrl

Successfully programmed on-core PMU using Linux perf
Successfully programmed on-core PMU using Linux perf
 Closed perf event handles
Trying to use Linux perf events...
Successfully programmed on-core PMU using Linux perf
Successfully programmed on-core PMU using Linux perf
Successfully programmed on-core PMU using Linux perf
INFO: using Linux resctrl driver for RDT metrics (L3OCC, LMB, RMB) because environment variable PCM_USE_RESCTRL=1
ERROR: /sys/fs/resctrl is not mounted
ERROR: RDT metrics (L3OCC,LMB,RMB) will not be available
Mount it to make it work: mount -t resctrl resctrl /sys/fs/resctrl
INFO: using Linux resctrl driver for RDT metrics (L3OCC, LMB, RMB) because environment variable PCM_USE_RESCTRL=1
ERROR: /sys/fs/resctrl is not mounted
ERROR: RDT metrics (L3OCC,LMB,RMB) will not be available
Mount it to make it work: mount -t resctrl resctrl /sys/fs/resctrl


 Closed perf event handles
Trying to use Linux perf events...
 Closed perf event handles
Trying to use Linux perf events...
Successfully programmed on-core PMU using Linux perf
Successfully programmed on-core PMU using Linux perf
Socket 0
Max UPI link 0 speed: 1.1 GBytes/second (0.5 GT/second)
Max UPI link 1 speed: 1.1 GBytes/second (0.5 GT/second)
Socket 1
Max UPI link 0 speed: 2.3 GBytes/second (1.0 GT/second)
Max UPI link 1 speed: 2.3 GBytes/second (1.0 GT/second)

Detected Intel(R) Xeon(R) Silver 4208 CPU @ 2.10GHz "Intel(r) microarchitecture codename Cascade Lake-SP" stepping 7

Executing "./VE/mpi-benchmarks-master/src_c/IMB-MPI1" command:
Socket 0
Max UPI link 0 speed: 0.7 GBytes/second (0.3 GT/second)
Max UPI link 1 speed: 0.7 GBytes/second (0.3 GT/second)
Socket 1
Max UPI link 0 speed: 1.0 GBytes/second (0.5 GT/second)
Max UPI link 1 speed: 1.0 GBytes/second (0.5 GT/second)

Detected Intel(R) Xeon(R) Silver 4208 CPU @ 2.10GHz "Intel(r) microarchitecture codename Cascade Lake-SP" stepping 7

Executing "./VE/mpi-benchmarks-master/src_c/IMB-MPI1" command:
Socket 0
Max UPI link 0 speed: 0.9 GBytes/second (0.4 GT/second)
Max UPI link 1 speed: 0.9 GBytes/second (0.4 GT/second)
Socket 1
Max UPI link 0 speed: 0.7 GBytes/second (0.3 GT/second)
Max UPI link 1 speed: 0.7 GBytes/second (0.3 GT/second)

Detected Intel(R) Xeon(R) Silver 4208 CPU @ 2.10GHz "Intel(r) microarchitecture codename Cascade Lake-SP" stepping 7

Executing "./VE/mpi-benchmarks-master/src_c/IMB-MPI1" command:
Socket 0
Max UPI link 0 speed: 1.0 GBytes/second (0.4 GT/second)
Max UPI link 1 speed: 1.0 GBytes/second (0.4 GT/second)
Socket 1
Max UPISocket  link 0 speed: 0
Max UPI0.7 link  GBytes/second (00.3 speed:  GT/second)
Max UPI link 1 speed: 0.7 GBytes/second (0.3 GT/second)
1.2 GBytes/second (
Detected 0.5 GT/second)
Max UPIIntel(R) Xeon(R) Silver 4208 CPU @ 2.10GHz link  "Intel(r) microarchitecture codename 1Cascade Lake-SP speed: " stepping 1.27 GBytes/second (
0.5 GT/second)
Socket 1
Max UPI link 0 speed: 1.1 GBytes/second (0.5 GT/second)
Max UPI link 1 speed: 1.1 GBytes/second (0.5 GT/second)

Detected Intel(R) Xeon(R) Silver 4208 CPU @ 2.10GHz "Intel(r) microarchitecture codename Cascade Lake-SP" stepping 7

Executing "./VE/mpi-benchmarks-master/src_c/IMB-MPI1" command:

Executing "./VE/mpi-benchmarks-master/src_c/IMB-MPI1" command:
Socket 0
Max UPI link 0 speed: 0.6 GBytes/second (0.3 GT/second)
Max UPI link 1 speed: 0.6 GBytes/second (0.3 GT/second)
Socket 1
Max UPI link 0 speed: 0.8 GBytes/second (0.4 GT/second)
Max UPI link 1 speed: 0.8 GBytes/second (0.4 GT/second)

Detected Intel(R) Xeon(R) Silver 4208 CPU @ 2.10GHz "Intel(r) microarchitecture codename Cascade Lake-SP" stepping 7

Executing "./VE/mpi-benchmarks-master/src_c/IMB-MPI1" command:
Socket 0
Max UPI link 0 speed: 0.9 GBytes/second (0.4 GT/second)
Max UPI link 1 speed: 0.9 GBytes/second (0.4 GT/second)
Socket 1
Max UPI link 0 speed: 0.8 GBytes/second (0.4 GT/second)
Max UPI link 1 speed: 0.8 GBytes/second (0.4 GT/second)

Detected Intel(R) Xeon(R) Silver 4208 CPU @ 2.10GHz "Intel(r) microarchitecture codename Cascade Lake-SP" stepping 7

Executing "./VE/mpi-benchmarks-master/src_c/IMB-MPI1" command:
Socket 0
Max UPI link 0 speed: 0.8 GBytes/second (0.3 GT/second)
Max UPI link 1 speed: 0.8 GBytes/second (0.3 GT/second)
Socket 1
Max UPI link 0 speed: 0.9 GBytes/second (0.4 GT/second)
Max UPI link 1 speed: 0.9 GBytes/second (0.4 GT/second)

Detected Intel(R) Xeon(R) Silver 4208 CPU @ 2.10GHz "Intel(r) microarchitecture codename Cascade Lake-SP" stepping 7

Executing "./VE/mpi-benchmarks-master/src_c/IMB-MPI1" command:
#----------------------------------------------------------------
#    Intel(R) MPI Benchmarks 2018, MPI-1 part
#----------------------------------------------------------------
# Date                  : Thu Mar 21 22:15:42 2024
# Machine               : VE
# System                : Linux
# Release               : 4.18.0-477.15.1.el8_8.x86_64
# Version               : #1 SMP Wed Jun 28 15:04:18 UTC 2023
# MPI Version           : 3.1
# MPI Thread Environment: 


# Calling sequence was: 

# ./VE/mpi-benchmarks-master/src_c/IMB-MPI1 -npmin 8 alltoallv -iter 800000 -time 80000
#                                           -mem 8000

# Minimum message length in bytes:   0
# Maximum message length in bytes:   4194304
#
# MPI_Datatype                   :   MPI_BYTE 
# MPI_Datatype for reductions    :   MPI_FLOAT
# MPI_Op                         :   MPI_SUM  
#
#

# List of Benchmarks to run:

# Alltoallv

#----------------------------------------------------------------
# Benchmarking Alltoallv 
# #processes = 8 
#----------------------------------------------------------------
       #bytes #repetitions  t_min[usec]  t_max[usec]  t_avg[usec]
            0       800000         2.70         2.87         2.78
            1       800000         5.19         5.59         5.41
            2       800000         5.25         5.65         5.47
            4       800000         5.35         5.68         5.54
            8       800000         5.29         5.62         5.48
           16       800000         5.29         5.62         5.48
           32       800000         5.10         5.43         5.29
           64       655360         4.98         5.29         5.16
          128       327680         4.91         5.27         5.12
          256       163840         4.95         5.29         5.15
          512        81920         4.98         5.29         5.16
         1024        40960         5.02         5.35         5.21
         2048        20480         5.05         5.39         5.25
         4096        10240         5.18         5.59         5.40
         8192         5120         5.44         5.81         5.65
        16384         2560         6.30         6.64         6.48
        32768         1280         7.93         8.30         8.10
        65536          640        11.97        12.22        12.09
       131072          320        40.53        43.28        41.93
       262144          160        65.54        72.46        67.53
       524288           80        93.45       103.38        96.42
      1048576           40       151.85       162.40       156.78
      2097152           20       259.25       274.33       265.84
      4194304           10       457.79       478.81       465.21


# All processes entering MPI_Finalize

DEBUG: caught signal to interrupt (Child exited).
Cleaning up
 Closed perf event handles
DEBUG: caught signal to interrupt (Child exited).
Cleaning up
 Closed perf event handles
DEBUG: caught signal to interrupt (Child exited).
Cleaning up
Error while reading perf data. Result is -1
Check if you run other competing Linux perf clients.
 Closed perf event handles
DEBUG: caught signal to interrupt (Child exited).
Cleaning up
DEBUG: caught signal to interrupt (Child exited).
Cleaning up
DEBUG: caught signal to interrupt (Child exited).
Cleaning up
 Closed perf event handles
DEBUG: caught signal to interrupt (Child exited).
Cleaning up
 Closed perf event handles
 Closed perf event handles
DEBUG: caught signal to interrupt (Child exited).
Cleaning up
 Closed perf event handles
 Closed perf event handles
 Zeroed uncore PMU registers
 Zeroed uncore PMU registers
 Zeroed uncore PMU registers
 Zeroed uncore PMU registers
 Zeroed uncore PMU registers
 Zeroed uncore PMU registers
 Zeroed uncore PMU registers
 Zeroed uncore PMU registers
	Command being timed: "/opt/nec/ve/bin/mpirun -n 8 /usr/sbin/pcm 0.1 -csv=./output/7/ve_Intel_VE_7.csv -- ./VE/mpi-benchmarks-master/src_c/IMB-MPI1 -npmin 8 alltoallv -iter 800000 -time 80000 -mem 8000"
	User time (seconds): 3.65
	System time (seconds): 2.12
	Percent of CPU this job got: 7%
	Elapsed (wall clock) time (h:mm:ss or m:ss): 1:19.68
	Average shared text size (kbytes): 0
	Average unshared data size (kbytes): 0
	Average stack size (kbytes): 0
	Average total size (kbytes): 0
	Maximum resident set size (kbytes): 141500
	Average resident set size (kbytes): 0
	Major (requiring I/O) page faults: 0
	Minor (reclaiming a frame) page faults: 5815
	Voluntary context switches: 91600
	Involuntary context switches: 6885
	Swaps: 0
	File system inputs: 0
	File system outputs: 3768
	Socket messages sent: 0
	Socket messages received: 0
	Signals delivered: 0
	Page size (bytes): 4096
	Exit status: 0
