----------------------- Start VH Himeno BM 2024-03-19_09-51-27 -----------------------

 Intel(r) Performance Counter Monitor (2022-11-24 10:18:12 +0100 ID=1b16bb4e)


PCM Info: setrlimit for file limit 1000000 failed with error Operation not permitted

=====  Processor information  =====

 Intel(r) Performance Counter Monitor (2022-11-24 10:18:12 +0100 ID=1b16bb4e)


PCM Info: setrlimit for file limit 1000000 failed with error Operation not permitted

=====  Processor information  =====
Linux arch_perfmon flag  : yes

Hybrid processor         : no
IBRS and IBPB supported  :  Intel(r) Performance Counter Monitor yes(2022-11-24 10:18:12 +0100 ID=1b16bb4e)


STIBP supported          : yes


Spec arch caps supported : yes
 Intel(r) Performance Counter Monitor Max CPUID level          : (2022-11-24 10:18:12 +0100 ID=1b16bb4e)PCM Info: setrlimit for file limit 22
1000000

 failed with error CPU model number         : 
Operation not permitted85

PCM Info: setrlimit for file limit 
1000000
=====  Processor information  =====
 failed with error  Intel(r) Performance Counter Monitor (2022-11-24 10:18:12 +0100 ID=1b16bb4e)Operation not permitted



PCM Info: setrlimit for file limit 1000000 failed with error 
=====  Processor information  =====
Operation not permitted

=====  Processor information  =====
Linux arch_perfmon flag  : yes
Hybrid processor         : no
IBRS and IBPB supported  : yes
STIBP supported          : yes

Spec arch caps supported : Linux arch_perfmon flag  :  Intel(r) Performance Counter Monitor 
yesyes
(2022-11-24 10:18:12 +0100 ID=1b16bb4e) Intel(r) Performance Counter Monitor 


(2022-11-24 10:18:12 +0100 ID=1b16bb4e) Intel(r) Performance Counter Monitor Max CPUID level          : Hybrid processor         : 

(2022-11-24 10:18:12 +0100 ID=1b16bb4e)22no






CPU model number         : IBRS and IBPB supported  : PCM Info: setrlimit for file limit 
85yes1000000PCM Info: setrlimit for file limit 

 failed with error 1000000PCM Info: setrlimit for file limit STIBP supported          :  failed with error 1000000Operation not permittedyes failed with error 
Operation not permitted
Operation not permitted
Spec arch caps supported : 
yes
Max CPUID level          : 22
CPU model number         : 85

=====  Processor information  =====

=====  Processor information  =====

=====  Processor information  =====
Linux arch_perfmon flag  : 
 Intel(r) Performance Counter Monitor 
(2022-11-24 10:18:12 +0100 ID=1b16bb4e)

Linux arch_perfmon flag  : 
 Intel(r) Performance Counter Monitor  Intel(r) Performance Counter Monitor 
yes(2022-11-24 10:18:12 +0100 ID=1b16bb4e)(2022-11-24 10:18:12 +0100 ID=1b16bb4e)


Hybrid processor         : 
PCM Info: setrlimit for file limit 
no
1000000

 failed with error IBRS and IBPB supported  : yes
Operation not permittedSTIBP supported          : 
yes
PCM Info: setrlimit for file limit PCM Info: setrlimit for file limit Spec arch caps supported : 10000001000000yes failed with error  failed with error 

=====  Processor information  =====
Operation not permittedMax CPUID level          : Operation not permitted
22

CPU model number         : 85

=====  Processor information  =====

=====  Processor information  =====
Linux arch_perfmon flag  : 
yes Intel(r) Performance Counter Monitor 

(2022-11-24 10:18:12 +0100 ID=1b16bb4e)


 Intel(r) Performance Counter Monitor Hybrid processor         : yes
 Intel(r) Performance Counter Monitor  Intel(r) Performance Counter Monitor (2022-11-24 10:18:12 +0100 ID=1b16bb4e)Linux arch_perfmon flag  :  Intel(r) Performance Counter Monitor no

(2022-11-24 10:18:12 +0100 ID=1b16bb4e)(2022-11-24 10:18:12 +0100 ID=1b16bb4e)
yes(2022-11-24 10:18:12 +0100 ID=1b16bb4e)
Hybrid processor         : 





IBRS and IBPB supported  : no
Linux arch_perfmon flag  : 

Hybrid processor         : Linux arch_perfmon flag  : 
yes
PCM Info: setrlimit for file limit 
yes
noyes

IBRS and IBPB supported  : 1000000PCM Info: setrlimit for file limit 


PCM Info: setrlimit for file limit STIBP supported          : yesPCM Info: setrlimit for file limit  failed with error 1000000Operation not permitted
Hybrid processor         : no
PCM Info: setrlimit for file limit IBRS and IBPB supported  : yesIBRS and IBPB supported  : 1000000Hybrid processor         : 
yes
=====  Processor information  =====
1000000 failed with error STIBP supported          : yesno


 failed with error 1000000yesOperation not permitted failed with error 
Spec arch caps supported : STIBP supported          : STIBP supported          : Operation not permitted failed with error 

Operation not permittedIBRS and IBPB supported  : yesyesyes
Operation not permittedSpec arch caps supported : 
yes



yes
Max CPUID level          : Spec arch caps supported : Spec arch caps supported : 
=====  Processor information  =====

STIBP supported          : 22yes
=====  Processor information  =====
yes
=====  Processor information  =====
Max CPUID level          : yes


=====  Processor information  =====

22
CPU model number         : Linux arch_perfmon flag  : Max CPUID level          : Max CPUID level          : 
Spec arch caps supported : 85yes2222CPU model number         : yes



85
Hybrid processor         : CPU model number         : CPU model number         : 
Max CPUID level          : no858522



IBRS and IBPB supported  : CPU model number         : yes85

STIBP supported          : yes
Spec arch caps supported : yes
Max CPUID level          : 22Linux arch_perfmon flag  : 
yesCPU model number         : Linux arch_perfmon flag  : 
85yesHybrid processor         : Linux arch_perfmon flag  : 

noyesLinux arch_perfmon flag  : Hybrid processor         : 

yesnoIBRS and IBPB supported  : 
yesHybrid processor         : IBRS and IBPB supported  : 
yes
noHybrid processor         : STIBP supported          : 

noyesSTIBP supported          : IBRS and IBPB supported  : 

yesyesIBRS and IBPB supported  : Spec arch caps supported : 

yesyesSpec arch caps supported : STIBP supported          : 

yesyesSTIBP supported          : Max CPUID level          : 
Max CPUID level          : 
yes2222Spec arch caps supported : 


CPU model number         : yesSpec arch caps supported : CPU model number         : 85
yes85
Max CPUID level          : 

22Max CPUID level          : 
22CPU model number         : 
85CPU model number         : 
85
Number of physical cores: 16
Number of logical cores: 16
Number of online logical cores: 16
Threads (logical cores) per physical core: 1
Num sockets: 2
Physical cores per socket: 8
Last level cache slices per socket: 0
Core PMU (perfmon) version: 4
Number of core PMU generic (programmable) counters: 8
Width of generic (programmable) counters: 48 bits
Number of core PMU fixed counters: 3
Width of fixed counters: 48 bits
Nominal core frequency: Number of physical cores: 2100000000 Hz
Number of physical cores: IBRS enabled in the kernel   : 16noNumber of physical cores: 

16Number of physical cores: Number of logical cores: STIBP enabled in the kernel  : 16Number of physical cores: 
16noNumber of physical cores: 
16Number of logical cores: 

16Number of logical cores: 
16Number of online logical cores: 16The processor is not susceptible to Rogue Data Cache Load: 
16Number of logical cores: 
16
noNumber of logical cores: 
16Number of online logical cores: 
Number of logical cores: 
16Number of online logical cores: 
16Threads (logical cores) per physical core: 16The processor supports enhanced IBRS                     : 
16Number of online logical cores: 
1
noNumber of online logical cores: 
16Threads (logical cores) per physical core: 
Number of online logical cores: 
16Threads (logical cores) per physical core: 
1Num sockets: 16
=====  Processor topology  =====

1Threads (logical cores) per physical core: 
2
OS_Processor    Thread_Id       Core_Id         Tile_Id         Package_Id      Core_Type   Native_CPU_Model
Threads (logical cores) per physical core: 
1Num sockets: 
Threads (logical cores) per physical core: 0               1Num sockets: 
2Physical cores per socket: 10               
Num sockets: 22Num sockets: 
8
0               

2Physical cores per socket: 
Num sockets: 0               Physical cores per socket: Physical cores per socket: 
8Last level cache slices per socket: 20               88Physical cores per socket: 
0
invalid

8Last level cache slices per socket: 
Physical cores per socket:  Last level cache slices per socket: Last level cache slices per socket: 
0Core PMU (perfmon) version: 8 00Last level cache slices per socket: 
4
 

0Core PMU (perfmon) version: 
Last level cache slices per socket:  Core PMU (perfmon) version: Core PMU (perfmon) version: 
4Number of core PMU generic (programmable) counters: 0 44Core PMU (perfmon) version: 
8
 

4Number of core PMU generic (programmable) counters: 
Core PMU (perfmon) version:  Number of core PMU generic (programmable) counters: Number of core PMU generic (programmable) counters: 
8Width of generic (programmable) counters: 4 88Number of core PMU generic (programmable) counters: 
48
 

8Width of generic (programmable) counters:  bits
Number of core PMU generic (programmable) counters: -1              Width of generic (programmable) counters: Width of generic (programmable) counters: 
48Number of core PMU fixed counters: 8
48481               Width of generic (programmable) counters: 48 bits
Number of core PMU fixed counters: 3
Width of fixed counters: 48 bits
Nominal core frequency: 2100000000 Hz
IBRS enabled in the kernel   : no
STIBP enabled in the kernel  :  bits
3
 bits
 bits
0               noNumber of core PMU fixed counters: 
Width of generic (programmable) counters: Number of core PMU fixed counters: Number of core PMU fixed counters: 1               
3Width of fixed counters: 48331               The processor is not susceptible to Rogue Data Cache Load: 
48 bits


0               noWidth of fixed counters:  bits
Number of core PMU fixed counters: Width of fixed counters: Width of fixed counters: invalid
48Nominal core frequency: 34848 The processor supports enhanced IBRS                     :  bits
2100000000
 bits
 bits
 noNominal core frequency:  Hz
Width of fixed counters: Nominal core frequency: Nominal core frequency:  
2100000000IBRS enabled in the kernel   : 4821000000002100000000  Hz

=====  Processor topology  =====
no
 bits
Linux arch_perfmon flag  :  Hz
 Hz
 IBRS enabled in the kernel   : OS_Processor    Thread_Id       Core_Id         Tile_Id         Package_Id      Core_Type   Native_CPU_Model
STIBP enabled in the kernel  : Nominal core frequency: yesIBRS enabled in the kernel   : IBRS enabled in the kernel   :  no0               no2100000000 Hz

nono 
0               
IBRS enabled in the kernel   : Hybrid processor         : 

 STIBP enabled in the kernel  : 0               The processor is not susceptible to Rogue Data Cache Load: nonoSTIBP enabled in the kernel  : STIBP enabled in the kernel  :  no0               no

nono-1              
0               
STIBP enabled in the kernel  : IBRS and IBPB supported  : 


The processor is not susceptible to Rogue Data Cache Load: invalidThe processor supports enhanced IBRS                     : noyesThe processor is not susceptible to Rogue Data Cache Load: The processor is not susceptible to Rogue Data Cache Load: 2               no no

nono0               
 
The processor is not susceptible to Rogue Data Cache Load: STIBP supported          : 

2               The processor supports enhanced IBRS                     :  
=====  Processor topology  =====
noyesThe processor supports enhanced IBRS                     : The processor supports enhanced IBRS                     : 2               no OS_Processor    Thread_Id       Core_Id         Tile_Id         Package_Id      Core_Type   Native_CPU_Model


nono0               
 0               The processor supports enhanced IBRS                     : Spec arch caps supported : 

invalid
=====  Processor topology  =====
 0               noyes
=====  Processor topology  =====
 
=====  Processor topology  =====
OS_Processor    Thread_Id       Core_Id         Tile_Id         Package_Id      Core_Type   Native_CPU_Model
 0               

OS_Processor    Thread_Id       Core_Id         Tile_Id         Package_Id      Core_Type   Native_CPU_Model
 OS_Processor    Thread_Id       Core_Id         Tile_Id         Package_Id      Core_Type   Native_CPU_Model
0                0               
=====  Processor topology  =====
Max CPUID level          : 0                0               0                0               OS_Processor    Thread_Id       Core_Id         Tile_Id         Package_Id      Core_Type   Native_CPU_Model
220                0               0               -1              invalid0               
0                0               0               
 0               CPU model number         : 0                0               0                0               1               850                0               invalid 0               0               
invalid invalid  0               1                    invalid1                -1                  0                
    invalid 3                     0                     3                 -1                 3                 
   0                  1                 invalid -1               0                -1               -1              
 1                
 
-1              1               1                 1               
1               0               0                 0               1               0               1               invalid-1               1               0               1               1                
 1               1               1               0                2                0               1               0               invalid 0                invalid0               invalid  2                 invalid   2               -1                   0               
     invalid4                     0                     4                   -1               4                   
 0                   2                invalid   -1              0                 -1               -1              
2                 
-1              
2               2                 2               
2               0               0                 0               2               0               2               invalid-1               2               0               2               2                
 2               2               2               0                3                0               2               0               invalid 0                invalid0               invalid  3                 invalid   3               -1                   0               
     invalid5                     0                     5                   -1               5                   
 0                   3                invalid   -1              0                 -1               -1              
3                 
-1              
3               3                 3               
3               0               0                 0               3               0               3               invalid-1               3               0               3               3                
 3               3               3               0                4                0               3               0               invalid 0                invalid0               invalid  4                 invalid   4               -1                   0               
     invalid6                     0                     6                   -1               6                   
 0                   4                invalid   -1              0                 -1               -1              
4                 
-1              
4               4                 4               
4               0               0                 0               4               0               4               invalid-1               4               0               4               4                
 4               4               4               0                5                0               4               0               invalid 0                invalid0               invalid  5                 invalid   5               -1                   0               
     invalid7                     0                     7                   -1               7                   
 0                   5                invalid   -1              0                 -1               -1              
5                 
-1              
5               5                 5               
5               0               0                 0               5               0               5               invalid-1               5               0               5               5                
 5               5               5               0                6                0               5               0               invalid 0                invalid0               invalid  6                 invalid   6               -1                   0               
     invalid8                     0                     0                   -1               8                   
 1                   6                invalid   -1              0                 -1               -1              
6                 
-1              
6               6                 6               
6               0               0                 0               6               0               6               invalid-1               6               0               6               6                
 6               6               6               0                7                0               6               0               invalid 0                invalid0               invalid  7                 invalid   7               -1                   0               
     invalid9                     0                     1                   -1               9                   
 1                   7                invalid   -1              0                 -1               -1              
7                 
-1              
7               7                 7               
7               0               0                 0               7               0               7               invalid-1               7               0               7               7                
 7               7               7               0                8                0               7               0               invalid 0                invalid0               invalid  0                 invalid   8               -1                   1               
     invalid10                    0                     2                   -1               10                  
 1                   8                invalid   -1              0                 -1               -1              
0                 
-1              
8               8                 8               
8               0               1                 0               8               0               0               invalid-1               0               0               0               8                
 8               0               8               1                9                1               8               1               invalid 0                invalid1               invalid  1                 invalid   9               -1                   1               
     invalid11                    0                     3                   -1               11                  
 1                   9                invalid   -1              0                 -1               -1              
1                 
-1              
9               9                 9               
9               0               1                 0               9               0               1               invalid-1               1               0               1               9                
 9               1               9               1                10               1               9               1               invalid 0                invalid1               invalid  2                 invalid   10              -1                   1               
     invalid12                    0                     4                   -1               12                  
 1                   10               invalid   -1              0                 -1               -1              
2                 
-1              Number of physical cores: 
10              10              Number of physical cores:   10              Number of physical cores: 
10              0               Number of physical cores: 1               16Number of physical cores:   Number of physical cores: 0               16Linux arch_perfmon flag  : 10              0               2               16invalid
16-1               162               16
0               2               yes10              
 Number of logical cores: 

 
10              
Number of logical cores: 2               10              
1               Number of logical cores:  16Number of logical cores: 11              0                Number of logical cores: 1               Number of logical cores: 1610              1               Hybrid processor         : invalid16 
163                16invalid16
1               invalidno 
 Number of online logical cores: 
11               
 
Number of online logical cores: invalid  
 Number of online logical cores:  16Number of online logical cores: 1               -1              Number of online logical cores:  Number of online logical cores: 16   IBRS and IBPB supported  :  16 
16invalid
16
 16
   yes 
 Threads (logical cores) per physical core: 
  13              Threads (logical cores) per physical core:  
Threads (logical cores) per physical core:    
 Threads (logical cores) per physical core:  1Threads (logical cores) per physical core:   0               1 Threads (logical cores) per physical core: 1  STIBP supported          :  1 
1  5               
 1
  yes 
-1              Num sockets: 
  13              Num sockets:  
Num sockets: -1               
 Num sockets: 
2Num sockets:  1               2 Num sockets: 2
 Spec arch caps supported :  211              
2-1              invalid
 2
11               yes-1              
0               Physical cores per socket: 

 Physical cores per socket: -1              
Physical cores per socket: 0               -1              

Physical cores per socket: 3               8Physical cores per socket: 12               8
Physical cores per socket: 83               
Max CPUID level          : 11              811              
80                
11              8
11              11              220               
1               Last level cache slices per socket: 
4                Last level cache slices per socket: 0               
Last level cache slices per socket: 1               0               
3               Last level cache slices per socket: invalid0Last level cache slices per socket: 12               03               Last level cache slices per socket: 0invalid   3               CPU model number         : 11              0 
01                
11              0
 11              851               
 Core PMU (perfmon) version: 
invalid     Core PMU (perfmon) version: 1               
Core PMU (perfmon) version:     1               
invalidCore PMU (perfmon) version:  4Core PMU (perfmon) version:     4invalidCore PMU (perfmon) version: 4 invalid  4 
4  -1              
 4
-1                
 Number of core PMU generic (programmable) counters: 
 
Number of core PMU generic (programmable) counters:  
Number of core PMU generic (programmable) counters: 
   Number of core PMU generic (programmable) counters:  8Number of core PMU generic (programmable) counters: -1              14              8 Number of core PMU generic (programmable) counters: 812                 8 
8
0               
 8
0                  
 Width of generic (programmable) counters: 
13              6               Width of generic (programmable) counters:  
Width of generic (programmable) counters: 4                 Width of generic (programmable) counters:  48Width of generic (programmable) counters: 0               14              48 Width of generic (programmable) counters: 4812              -1               48-1               bits
485               1                bits
 48 bits
1               
  bits

Number of core PMU fixed counters:  bits
13              invalidNumber of core PMU fixed counters:   bits
Number of core PMU fixed counters: invalid12               Number of core PMU fixed counters: 12              3Number of core PMU fixed counters: 1                3 Number of core PMU fixed counters: 3 0               -1              30               
3invalid    
-1              3
 4               

4               Width of fixed counters: 
    Width of fixed counters: 

Width of fixed counters:  12              12              Width of fixed counters: 12              48Width of fixed counters:    4812              Width of fixed counters: 48 1               0               481                bits
48   bits
0               48 bits
 invalid4                bits
invalidNominal core frequency:  bits
-1               Nominal core frequency: 4                bits
Nominal core frequency:   12              Nominal core frequency:  2100000000Nominal core frequency: 
 210000000012              Nominal core frequency: 2100000000      1               2100000000  Hz
210000000014                 Hz
1               2100000000 Hz
   invalid Hz
 IBRS enabled in the kernel   :  Hz
0               -1              IBRS enabled in the kernel   : invalid Hz
IBRS enabled in the kernel   :    IBRS enabled in the kernel   :  noIBRS enabled in the kernel   : 6               
no IBRS enabled in the kernel   : no-1              -1               no 
no14              15              
 no


 
 STIBP enabled in the kernel  : 
1               0               STIBP enabled in the kernel  :  
STIBP enabled in the kernel  : 13              13               STIBP enabled in the kernel  :  noSTIBP enabled in the kernel  : invalid 7               no
 STIBP enabled in the kernel  : no0               0                no 
no     15              The processor is not susceptible to Rogue Data Cache Load:  no
5               5                
 The processor is not susceptible to Rogue Data Cache Load: 
  1               no 
The processor is not susceptible to Rogue Data Cache Load: 13              13               The processor is not susceptible to Rogue Data Cache Load: -1              noThe processor is not susceptible to Rogue Data Cache Load:  invalid
 The processor is not susceptible to Rogue Data Cache Load: no1               1                no

no-1               The processor supports enhanced IBRS                     :  no
invalidinvalid     
13              The processor supports enhanced IBRS                     : 

 no 
The processor supports enhanced IBRS                     :    -1              The processor supports enhanced IBRS                     : 0               noThe processor supports enhanced IBRS                     : 15               
-1              The processor supports enhanced IBRS                     : no  
no5               
no0                    

=====  Processor topology  =====
no
   13              
13              
=====  Processor topology  =====

7                13              OS_Processor    Thread_Id       Core_Id         Tile_Id         Package_Id      Core_Type   Native_CPU_Model

 -1              0               
=====  Processor topology  =====

=====  Processor topology  =====
1               OS_Processor    Thread_Id       Core_Id         Tile_Id         Package_Id      Core_Type   Native_CPU_Model
15              
=====  Processor topology  =====
-1              0               0                
=====  Processor topology  =====

5               OS_Processor    Thread_Id       Core_Id         Tile_Id         Package_Id      Core_Type   Native_CPU_Model
OS_Processor    Thread_Id       Core_Id         Tile_Id         Package_Id      Core_Type   Native_CPU_Model
invalid0               1               OS_Processor    Thread_Id       Core_Id         Tile_Id         Package_Id      Core_Type   Native_CPU_Model

5               0                OS_Processor    Thread_Id       Core_Id         Tile_Id         Package_Id      Core_Type   Native_CPU_Model
14              13              0               0                0               invalid0               =====  Placement on packages  =====
13              0                0               0               1               0               0                0                0               Package Id.    Core Id.     Processors
1               0                0               6               invalid0               0                0                0               0              invalid0                0               14               0               0                0                0               0, invalid-1              0               1               invalid    0               0                invalid 0               1  
0                  invalidinvalid   invalid,  14              invalid         2  0                           ,  6                -1                     3  14               
     -1                 ,  1                15                 
 -1               4  invalid 0                -1               14               
 ,    7               -1              
 0                =====  Placement on packages  =====
Package Id.    Core Id.     Processors
 5-1                 15              1               
  1               6                0              0 ,
-1                invalid    14              -1              0               14              -1              , 614              
   0               
1               1               
1-1              ,0                1               -1                6               1               1               invalid1               ,
76                0               
  14              0               0                0               2,
1               14               1               1               -1              1               invalid   1                1               3,1              0               1                1               0               
invalid   1                 1               401               invalid 0               1               =====  Placement on packages  =====
   0                0               ,,1                 -1              invalid 1               Package Id.    Core Id.     Processors
  invalid invalid510                 
  0               0               -1                 ,,invalid  15                invalid0 
   62   0                  , 2                  ,,  7                  1 0                -1               73 -1              15              -1               , 2               2                
 
, 
1               
 2 0                15               1              4 15              invalid2                , invalid     0                0, 0                0                3-1                 7                ,5 7                2                ,
   15               1, 15               2                415               -1              1               -1              ,6 1                0                ,0               -1              
invalid
2,-1              invalid invalid -1              57               15              
2                2               ,7
   
,1               3               0                0               3
2                      2               6invalid0               2                2               ,
=====  Core/Tile sharing  =====
0                     0               , 3               2                2               4Level      Processors
Core       2                    2               7 3               0                0               ,(2               -1              -1              -1              2               
 0               invalid invalid5,00               


0               1               invalid   6)invalid=====  Placement on packages  =====
=====  Placement on packages  =====
3               invalid0          ,( Package Id.    Core Id.     Processors
0              Package Id.    Core Id.     Processors
0                ,      71 00              3                1   -1               
) ,03                ,   
 
=====  Core/Tile sharing  =====
( 1,0                2 -1               =====  Placement on packages  =====
 Level      Processors
Core       2 ,1invalid     ,-1              
 Package Id.    Core Id.     Processors
 () 2,   3
4                0              0 0( ,2  ,=====  Placement on packages  =====
0               -1              , )3) 3,,   4Package Id.    Core Id.     Processors
4               
1-1              (( 43-1               ,0              4               3               ,
14-1              ,,
-1              500               0               23               ))
544               
,,invalid    3               ,30               ((3               ,,0               3               61  3               ,3               250               654               0               ,, 0               43               ))3               ,,4               3               72  invalid,0               ((3               760               3               
,-1               5invalid360               
,invalid0               
=====  Core/Tile sharing  =====
3
 , ))invalid1              7     invalidLevel      Processors
Core       ,5                   6 (( 0
   (40                , 47 ,1                 0,5                7 )) 10-1               )55                
 (( ,,
 (,0               -1              1               58 215                16invalid    
0 )() ,,0                ), 4               , 6( 325                (7   0               1 )9 ,,5                2
 4               ,-1              (7) 430                )1              -1              4               2
)(-1              ,,invalid   -1              (0
0               ,4               (10
54    
3),6               invalid30               8)(4               ,,  4               (10                ,4               )110               65-1              0               4),6                44               ()4               ,,
4               (26                 ,0               9(4               766               4               5,0                5invalid)(120               
,0               0               )3invalid    , 10)invalid
=====  Core/Tile sharing  =====
76               invalid(,   6 )( Level      Processors
Core       
6                64   , (13 (
=====  Core/Tile sharing  =====
0                ),   7 11) 0Level      Processors
Core       invalid   (5-1              -1              
 )( )(     7),


=====  Core/Tile sharing  =====
 (14 (0  (67               5               Level      Processors
Core        12)1 )  8,0               0               ( )() (  )77               5               0 (15)(  1-1               (
7               5               )-1              13
Tile / L2$ 2-1              )
 9
=====  Core/Tile sharing  =====
0               0               (
)()
(7               -1              )Level      Processors
Core       invalid  invalid15               (0(5               20               
((      )0               14)3)0               )7               5               100   (5               )((5               (7               0               ))-1               25               (145               30               5               ((
 )0               15))0               )invalid5               1118                (invalid)((invalid(    0               ))0                3 
Tile / L2$ 25 4  invalid((0                ) ()() )   12)28                 ( 03( (  (13)1               -1              4 ))6 5-1               )(invalid 
) (() )
 (3     6               ( 14)( (8                14))  0               5 )(7 60                (( 6               ) (5) )0                154-1              6               ( 2)( (8                ))
0               6-1              )(68-1              71                
Tile / L2$ (9               invalid)
())
)invalid    -1              (50                (6               3(7(6               (  
0)1                0               )0                6               ))9                86               ((6                 0               (1(1                )6               6)46               -1              6               )8invalid          (   0               9-1              ( invalid9)
)7-1              0                (
)10              6               )(
(invalid )10(79               0               (0               57                2 )(100               )2               8invalid)0                ) (9)1               (10              ) (7                ( 11)(9               81               Number of physical cores: ( 67                 3)(111               )invalid916 )0                 )(10)invalid( )
 (invalid  (12)( 9 (Number of logical cores:  7   4)(12 ) 1016 )  -1              )(11) ( )
 (  
(13)( 10 (Number of online logical cores:  8 -1              7               5)(13 ) 1116 ) 
0               )(12) ( )
-1              ( 7               7               (14)( 11 (Threads (logical cores) per physical core: 
9 0               7               6)(14 ) 1217               ) 7               0               )(13) (-1              )
0               ( 7               invalid(15)((-1              12
(Num sockets: 7               10-1              0                7)1415
)11              1327               )
invalid )
Tile / L2$ ))10              (0               )
0               (8                 (((
Tile / L2$ 0               133               (Physical cores per socket: invalid110                 8015(2               )11              148 )0                 )))010              (1               )
 (8                 ((
)1               14invalid(Last level cache slices per socket:  121                 91
(invalid) 150 )invalid  ))1Package thermal spec power:  (  )
 (   (()0 15 
Tile / L2$ Core PMU (perfmon) version:  13  -1              102( Watt;  ) (4 )  
))2Package minimum power:  
Tile / L2$  0
 ( -1              
8               (()0 ( )Number of core PMU generic (programmable) counters:  14 8               0               113( Watt;  0 (8-1              ) 0               0               ))3Package maximum power:  ) 1

( 0               8               (()0 (-1              )Width of generic (programmable) counters: 8               15 8               1               124( Watt;
 1
(480               ) 1               invalid))4-1              )12              2 bits
0               
-1              invalid (()
(0               )Number of core PMU fixed counters: 8               

  135(11              24               (31               Package thermal spec power: 9                 ))50               )12              3
invalid00                 (()3               (1               )Width of fixed counters:   Watt; 1                 146(11              3invalid(48
 Package minimum power: 9                 ))61               ) 4 bits
 01                 (()invalidCan't open MCFG table. Check permission of ( )Nominal core frequency:   Watt; invalid  157( /sys/firmware/acpi/tables/MCFG4 (2100000000 Package maximum power:    ))7 
) 5 Hz
 0  -1              
() Can't open MCFG table. Check permission of ( )IBRS enabled in the kernel   :   Watt;
 -1              

8(Package thermal spec power:  /sys/firmware/acpi/tables/MCFG15 (no  
9               )80 
) 6
  9               0               () Watt;  Can't open MCFG table. Check permission of ( )STIBP enabled in the kernel  : -1               0               1               9Package minimum power:  /pcm/sys/firmware/acpi/tables/MCFG6 (no
 1               9               )0 
)-1              7
9                9               1               ( Watt; 
 Can't open MCFG table. Check permission of (
)The processor is not susceptible to Rogue Data Cache Load: 0                1               invalid10Package maximum power: -1              /pcm/sys/firmware/acpi/tables/MCFG1713              (noCan't open MCFG table. Check permission of 1               -1              invalid )0

)0               8
/sys/firmware/acpi/tables/MCFG9               
  ( Watt;
WARNING: enumeration of devices in UncorePMUDiscovery failed
12              (5               )The processor supports enhanced IBRS                     : 
1               10                110               813              (noCan't open MCFG table. Check permission of invalid0                 )4               )1               9
/sys/firmware/acpi/tables/MCFG1 2                 (12              (invalid)
=====  Processor topology  =====

 10                121               9 (OS_Processor    Thread_Id       Core_Id         Tile_Id         Package_Id      Core_Type   Native_CPU_Model
Can't open MCFG table. Check permission of  1                 )invalid) 10
0               /pcm/sys/firmware/acpi/tables/MCFG invalid  ( ( )0               
    13Can't open MCFG table. Check permission of  10 (0               Can't open MCFG table. Check permission of    -1              )/sys/firmware/acpi/tables/MCFG ) 110               /pcm/sys/firmware/acpi/tables/MCFG1  -1              
(
 ( )0               
  
10              14Can't open MCFG table. Check permission of  11 (invalid  10              0               )/sys/firmware/acpi/tables/MCFG1 )WARNING: enumeration of devices in UncorePMUDiscovery failed
 12 -1               0               2               (
 ( ) 
 2               10              15Can't open MCFG table. Check permission of  12-1              ( 10               10              1               )/pcm/sys/firmware/acpi/tables/MCFG )
13 0                1               invalid

-1              (14              ) 2               -1              invalid 
Can't open MCFG table. Check permission of 
130               ( 10              
  Package thermal spec power: /pcm/sys/firmware/acpi/tables/MCFG113              )6               14 1               11                0
0               (INFO: Linux perf interface to program uncore PMUs is 14              ) invalid    0                  Watt; 5               14present
1               (  3               WARNING: enumeration of devices in UncorePMUDiscovery failed
  Package minimum power: 13              )INFO: using Linux perf interface to program uncore PMUs because env variable PCM_USE_UNCORE_PERF=1
invalid15-1               11                 01               (INFO: Secure Boot detected. Using Linux perf for uncore PMU programming.
 )
 1                  Watt; invalid15 
1                invalid  Package maximum power:  ) 
0                   0 
 Package thermal spec power: 1               -1               -1              -1               Watt;
 
 01               
 

 Package thermal spec power:   Watt; 0               11               11              11               0 Package minimum power: invalid0                0               0                 Watt;  0 3                3               3                Package minimum power:   Watt;  11               11              11               0-1              Package maximum power:  1                1               1                 Watt; 
0 invalid invalidinvalid-1              Package maximum power: 15              
 Watt;
  -1                
00                 
  14               Watt;
Can't open MCFG table. Check permission of 7                 12              INFO: Linux perf interface to program uncore PMUs is   0               /sys/firmware/acpi/tables/MCFG15                0               present
  6               
1                 4               INFO: using Linux perf interface to program uncore PMUs because env variable PCM_USE_UNCORE_PERF=1
  14              Can't open MCFG table. Check permission of invalid-1               12              INFO: Secure Boot detected. Using Linux perf for uncore PMU programming.
  1               /sys/firmware/acpi/tables/MCFG1 
 1                 invalid
 2                invalid   
Can't open MCFG table. Check permission of  0                   
 /pcm/sys/firmware/acpi/tables/MCFG 2               -1               -1              -1              Can't open MCFG table. Check permission of  
 2               
 
Can't open MCFG table. Check permission of 
/sys/firmware/acpi/tables/MCFG Can't open MCFG table. Check permission of  0               12               12              /sys/firmware/acpi/tables/MCFG12              
 /pcm/sys/firmware/acpi/tables/MCFG1 invalid0                0               
0               Can't open MCFG table. Check permission of  
  4                 4               Can't open MCFG table. Check permission of 4               /sys/firmware/acpi/tables/MCFG1   INFO: Linux perf interface to program uncore PMUs is 12               12              /sys/firmware/acpi/tables/MCFG112              
 -1              WARNING: enumeration of devices in UncorePMUDiscovery failed
 present
1                1               
1               Can't open MCFG table. Check permission of  
 INFO: using Linux perf interface to program uncore PMUs because env variable PCM_USE_UNCORE_PERF=1
invalid-1              invalidCan't open MCFG table. Check permission of invalid/pcm/sys/firmware/acpi/tables/MCFG-1              =====  Placement on packages  =====
 INFO: Secure Boot detected. Using Linux perf for uncore PMU programming.
 
 /pcm/sys/firmware/acpi/tables/MCFG 

Package Id.    Core Id.     Processors
  13               
 Can't open MCFG table. Check permission of 15              0                0                Can't open MCFG table. Check permission of  /pcm/sys/firmware/acpi/tables/MCFG10               0  5                /pcm/sys/firmware/acpi/tables/MCFG1 
7               ,  13               
 15              1-1              WARNING: enumeration of devices in UncorePMUDiscovery failed
 1                 1               ,
 invalid  invalid2WARNING: enumeration of devices in UncorePMUDiscovery failed
3                    ,0                    33               -1               -1              -1               ,3               
 

 40               13               13              13               ,invalid0                0               0                5 5                5               5                , 13               13              13               6 1                1               1                , invalid-1              invalidinvalid-1              7  
  

  14                =====  Placement on packages  =====
1                0                 Package Id.    Core Id.     Processors
0  6                 0              ,  14                01-1               1                 ,,
 invalid  124                   ,,0                   234               -1               -1              -1              ,,4               
 

340               14               14              14              ,,invalid0                0               0               45 6                6               6               ,, 14               14              14              56 1                1               1               ,, invalid-1              invalidinvalid67  
  ,
  15                7
=====  Core/Tile sharing  =====
  0                 
Level      Processors
Core         7                 1              (  15                00-1               1                 ,)
 invalid  1(5                   ,10                   2)5               -1               -1              -1              ,(5               
 

320               15               15              15              ,)invalid0                0               0               4( 7                7               7               ,3 15               15              15              5) 1                1               1               ,( invalid-1              invalidinvalid64  
  ,)  =====  Placement on packages  =====
  7(  Package Id.    Core Id.     Processors
  
5  0                
=====  Core/Tile sharing  =====
)  0  Level      Processors
Core       (-1               ,  (6
 1  0)6                ,  )(0                2  (76               -1              ,-1              -1              1)6               INFO: Linux perf interface to program uncore PMUs is 
3

)(0               present
=====  Placement on packages  =====
,=====  Placement on packages  =====
=====  Placement on packages  =====
(8invalidINFO: using Linux perf interface to program uncore PMUs because env variable PCM_USE_UNCORE_PERF=1
Package Id.    Core Id.     Processors
4Package Id.    Core Id.     Processors
Package Id.    Core Id.     Processors
2) INFO: Secure Boot detected. Using Linux perf for uncore PMU programming.
0              ,0              0              )( 0500(9 ,,,,3) 1611)( ,,,,(10 27224) ,
,,)( 31              33(11 ,0,,5)-1              4,44)(
,1,,(127               5,556)0               ,2,,)(7               6,66(137               ,3,,7)INFO: Linux perf interface to program uncore PMUs is 0               7,77)(present
invalid
INFO: Linux perf interface to program uncore PMUs is 4

(14INFO: using Linux perf interface to program uncore PMUs because env variable PCM_USE_UNCORE_PERF=1
 1              present
,1              1              8)INFO: Secure Boot detected. Using Linux perf for uncore PMU programming.
 0INFO: using Linux perf interface to program uncore PMUs because env variable PCM_USE_UNCORE_PERF=1
500)( ,INFO: Secure Boot detected. Using Linux perf for uncore PMU programming.
,,,(15 16119) ,,,,)
Tile / L2$  2722(( ,
,,100 3
=====  Core/Tile sharing  =====
33)) ,Level      Processors
Core       ,,((-1              4(44111
,0,,))8               5)55((0               ,(,,1220               6166))8               ,),,((1               7(77133invalid
2

)) 
=====  Core/Tile sharing  =====
)
=====  Core/Tile sharing  =====

=====  Core/Tile sharing  =====
(( Level      Processors
Core       (Level      Processors
Core       Level      Processors
Core       144 (3(()) 0)00(( )())155 (4(()) 1)11
Tile / L2$ ( )())(6 (5((0)-1              2)22)(
)())(79               (6((1)0               3)33)(1               )())(89               (7((2)1               4)44)(invalid)())(9 (8((3) 5)55)( )())(10 (9((4) 6)66)( )())(11 (10((5) 7)77)( )())(12-1              (11((6)
8)88)(10              )())(130               (12((7)2               9)99)(10              )())(141               (13((8)invalid10)1010)( )())(15 (14((9) 11)1111)
 )())(
 (15((10 Package thermal spec power: 12)1212) 0)
Tile / L2$ ))(  Watt; ((((11 Package minimum power: 1301313)-1              0))))(
 Watt; ((((1211              Package maximum power: 1411414)0               0))))(3                Watt;
((((1311              1521515)1               ))))(invalid
Tile / L2$ (
Tile / L2$ 
Tile / L2$ 14 (3(() 0)00( )())15 (4(() 1)11
 )())
 (5(( Package thermal spec power: 2)22 0)())-1               Watt; (6((
Package minimum power: 3)3312              0)())0                Watt; (7((4               Package maximum power: 4)44
12              0)())1                Watt;
(8((invalid5)5Number of physical cores: Number of physical cores: 16
Number of logical cores: (16165

9Number of logical cores: )Number of online logical cores: )16(16(
6
10Number of online logical cores: )Threads (logical cores) per physical core: )16(1(
7
11Threads (logical cores) per physical core: )Num sockets: )1(2(
8
12Num sockets: )Physical cores per socket: )2(8(
9
13Physical cores per socket: )Last level cache slices per socket: )Socket 8(0(0
10
14: Last level cache slices per socket: )Core PMU (perfmon) version: )20(4( memory controllers detected with total number of 
11
156Core PMU (perfmon) version: )Number of core PMU generic (programmable) counters: ) channels. 4(8
2
12

 Number of core PMU generic (programmable) counters: )Width of generic (programmable) counters: UPIPackage thermal spec power: 8  ) (( 6 9) )( (7 10) )(-1              (8
11)13              )(0               (95               12)13              )(1               (10invalid13) )( (11 14) )( (12 15) Can't open MCFG table. Check permission of )(
 /sys/firmware/acpi/tables/MCFG
13 
Socket 
))-1              Can't open MCFG table. Check permission of (0Can't open MCFG table. Check permission of Package thermal spec power: ((
/sys/firmware/acpi/tables/MCFG113: /sys/firmware/acpi/tables/MCFG014614              
)2
 Watt; ))0               Can't open MCFG table. Check permission of ( memory controllers detected with total number of Can't open MCFG table. Check permission of Package minimum power: ((6               /pcm/sys/firmware/acpi/tables/MCFG146/sys/firmware/acpi/tables/MCFG1015714              
)48 channels. 
 ports detected. Watt; ))1               Can't open MCFG table. Check permission of (2 bits
Can't open MCFG table. Check permission of Package maximum power:  
(0Socket  Watt; Package minimum power: 0Socket 0: 0Socket  Watt; 2Socket : Package maximum power: 0
 memory controllers detected with total number of 2invalid00/pcm/sys/firmware/acpi/tables/MCFG1: 15Width of generic (programmable) counters: 486 memory controllers detected with total number of  :  Watt;

2) bits
 channels. 6 2 memory controllers detected with total number of 
Number of core PMU fixed counters: 2 channels.   memory controllers detected with total number of 6
3 WARNING: enumeration of devices in UncorePMUDiscovery failed
2 6 channels. Package thermal spec power: 
UPI   channels. 20Width of fixed counters:   ports detected.UPI  2  Watt; 48 ports detected.Number of core PMU fixed counters: 2 /pcm/sys/firmware/acpi/tables/MCFGUPI UPIPackage minimum power:  bits
0  M2M (mesh to memory) blocks detected. 3 
 ports detected.UPI ports detected.02Nominal core frequency: 2 Watt;
0

 Can't open MCFG table. Check permission of   ports detected.  Watt;  M2M (mesh to memory) blocks detected. 2100000000 M2M (mesh to memory) blocks detected.  Home Agents detected. Width of fixed counters: -1              /pcm/sys/firmware/acpi/tables/MCFG12 2Package maximum power: Can't open MCFG table. Check permission of 0 Hz
0248

 M2M (mesh to memory) blocks detected. 2 M2M (mesh to memory) blocks detected. 0/sys/firmware/acpi/tables/MCFG Home Agents detected. IBRS enabled in the kernel   :  Home Agents detected.  M3UPI blocks detected.
 bits
15              0 M2M (mesh to memory) blocks detected. 0 Watt;

2no2Nominal core frequency: WARNING: enumeration of devices in UncorePMUDiscovery failed
0                Home Agents detected. 0 Home Agents detected. Can't open MCFG table. Check permission of  M3UPI blocks detected.

 M3UPI blocks detected.
21000000007               2 Home Agents detected. 2/sys/firmware/acpi/tables/MCFG1STIBP enabled in the kernel  :  Hz
15               M3UPI blocks detected.
2 M3UPI blocks detected.

no
IBRS enabled in the kernel   : 1                M3UPI blocks detected.
Can't open MCFG table. Check permission of 
noinvalid/pcm/sys/firmware/acpi/tables/MCFGThe processor is not susceptible to Rogue Data Cache Load: 
 
noSTIBP enabled in the kernel  : Can't open MCFG table. Check permission of  Can't open MCFG table. Check permission of 
no/sys/firmware/acpi/tables/MCFG /pcm/sys/firmware/acpi/tables/MCFG1The processor supports enhanced IBRS                     : 

 
no
The processor is not susceptible to Rogue Data Cache Load: Can't open MCFG table. Check permission of  
no/sys/firmware/acpi/tables/MCFG1 
=====  Processor topology  =====


WARNING: enumeration of devices in UncorePMUDiscovery failed
 OS_Processor    Thread_Id       Core_Id         Tile_Id         Package_Id      Core_Type   Native_CPU_Model
The processor supports enhanced IBRS                     : Can't open MCFG table. Check permission of  0               Can't open MCFG table. Check permission of no/pcm/sys/firmware/acpi/tables/MCFG 0               /sys/firmware/acpi/tables/MCFG

-1              0               

=====  Processor topology  =====
Can't open MCFG table. Check permission of 
0               Can't open MCFG table. Check permission of OS_Processor    Thread_Id       Core_Id         Tile_Id         Package_Id      Core_Type   Native_CPU_Model
/pcm/sys/firmware/acpi/tables/MCFG1=====  Placement on packages  =====
0               /sys/firmware/acpi/tables/MCFG10               
Package Id.    Core Id.     Processors
invalid
0               0               Can't open MCFG table. Check permission of 0               0 /pcm/sys/firmware/acpi/tables/MCFG0               , 
0               WARNING: enumeration of devices in UncorePMUDiscovery failed
1 Can't open MCFG table. Check permission of invalid, /pcm/sys/firmware/acpi/tables/MCFG1 2 
 ,  3  , WARNING: enumeration of devices in UncorePMUDiscovery failed
 4-1               ,
 51                ,0                61               -1              ,1               
70               1               
invalid0               1               1               0 1               , 0               1 invalid,  2  ,  3  ,  4-1               ,
 52                ,0                62               -1              ,2               
70               2               
invalid0               
=====  Core/Tile sharing  =====
 2               Level      Processors
Core        2               ( 0               0 invalid)  (  1  )  (  2-1               )
 (3                30                )3               -1              (3               
40               3               )invalid0               ( 3               5 3               ) 0               ( invalid6  )  (  7  )  (-1               8
 )4                (0                94               -1              )4               
(0               4               10invalid0               ) 4               ( 4               11 0               ) invalid(  12  )  (  13  )-1               (
 145                )0                (5               -1              155               
)0               5               
Tile / L2$ invalid0               ( 5               0 5               ) 0               ( invalid1  )  (  2  )  (-1               3
 )6                (0                46               -1              )6               
(0               6               5invalid0               ) 6               ( 6               6 0               ) invalid(  7  )  (  8  )-1               (
 97                )0                (7               -1              INFO: Linux perf interface to program uncore PMUs is 107               
present
)0               7               INFO: using Linux perf interface to program uncore PMUs because env variable PCM_USE_UNCORE_PERF=1
(invalid0               INFO: Secure Boot detected. Using Linux perf for uncore PMU programming.
11 7               ) 7               ( 0               12 invalid)  (  13  )  (  14-1               )
 (8                150                )0               -1              
8               

1               8               Package thermal spec power: invalid0               0 0                Watt;  8               Package minimum power:  1               0 invalid Watt;   Package maximum power:   0   Watt;
    -1               
 9                0                1               -1              9               
1               9               invalid0                1                9                1                invalid          -1               
 10               0                2               -1              10              
1               10              invalid0               
 2                10               1                invalid          -1               
 11               0               Can't open MCFG table. Check permission of  3               /sys/firmware/acpi/tables/MCFG-1              11              

1               Can't open MCFG table. Check permission of 11              invalid/sys/firmware/acpi/tables/MCFG10                
3                Can't open MCFG table. Check permission of 11               /pcm/sys/firmware/acpi/tables/MCFG1                
invalid Can't open MCFG table. Check permission of   /pcm/sys/firmware/acpi/tables/MCFG1  
     -1               
 WARNING: enumeration of devices in UncorePMUDiscovery failed
12               0                4               -1              12              
1               12              invalid0                4                12               1                invalid          -1               
 13               0                5               -1              13              
1               13              invalid0                5                13               1                invalid          -1               
 14               0                6               -1              14              
1               14              invalid0                6                14               1                invalid          -1               
 15               0                7               -1              15              
1               15              invalid0                7                15               1                invalid          -1               
 =====  Placement on packages  =====
INFO: Linux perf interface to program uncore PMUs is  Package Id.    Core Id.     Processors
present
 0              INFO: using Linux perf interface to program uncore PMUs because env variable PCM_USE_UNCORE_PERF=1
-1              0INFO: Secure Boot detected. Using Linux perf for uncore PMU programming.

,=====  Placement on packages  =====
1Package Id.    Core Id.     Processors
,0              20,,31,,42,,53,,64,,75
,1              60,,71
,1              20,,31,,42,,53,,64,,75
,
=====  Core/Tile sharing  =====
6Level      Processors
Core       ,(70
)
=====  Core/Tile sharing  =====
(Level      Processors
Core       1()0()2()1()3()2()4()3()5()4()6()5()7()6()8()7()9()8()10()9()11()10()12()11()13()12()14()13()15()14
Tile / L2$ )((015))(
Tile / L2$ 1()0()2()1()INFO: Linux perf interface to program uncore PMUs is 3(present
)2INFO: using Linux perf interface to program uncore PMUs because env variable PCM_USE_UNCORE_PERF=1
()INFO: Secure Boot detected. Using Linux perf for uncore PMU programming.
4()3()5()4()6()5()7()6()8()7()9()8()10()9()11()10()12()11()13()12()14()13()15()14
)
(15)Package thermal spec power: 
0
 Watt; Package minimum power: Package thermal spec power: 00 Watt;  Watt; Package maximum power: Package minimum power: 00 Watt;
 Watt; Package maximum power: 0 Watt;
INFO: Linux perf interface to program uncore PMUs is present
INFO: using Linux perf interface to program uncore PMUs because env variable PCM_USE_UNCORE_PERF=1
INFO: Secure Boot detected. Using Linux perf for uncore PMU programming.

INFO: Linux perf interface to program uncore PMUs is present
INFO: using Linux perf interface to program uncore PMUs because env variable PCM_USE_UNCORE_PERF=1
INFO: Secure Boot detected. Using Linux perf for uncore PMU programming.

Can't open MCFG table. Check permission of /sys/firmware/acpi/tables/MCFG
Can't open MCFG table. Check permission of /sys/firmware/acpi/tables/MCFG1
Can't open MCFG table. Check permission of /pcm/sys/firmware/acpi/tables/MCFG
Can't open MCFG table. Check permission of Can't open MCFG table. Check permission of /pcm/sys/firmware/acpi/tables/MCFG1/sys/firmware/acpi/tables/MCFG

Can't open MCFG table. Check permission of /sys/firmware/acpi/tables/MCFG1
Can't open MCFG table. Check permission of /pcm/sys/firmware/acpi/tables/MCFG
Can't open MCFG table. Check permission of /pcm/sys/firmware/acpi/tables/MCFG1
WARNING: enumeration of devices in UncorePMUDiscovery failed
WARNING: enumeration of devices in UncorePMUDiscovery failed
INFO: Linux perf interface to program uncore PMUs is present
INFO: using Linux perf interface to program uncore PMUs because env variable PCM_USE_UNCORE_PERF=1
INFO: Secure Boot detected. Using Linux perf for uncore PMU programming.
INFO: Linux perf interface to program uncore PMUs is present
INFO: using Linux perf interface to program uncore PMUs because env variable PCM_USE_UNCORE_PERF=1
INFO: Secure Boot detected. Using Linux perf for uncore PMU programming.
INFO: Linux perf interface to program uncore PMUs is present
INFO: using Linux perf interface to program uncore PMUs because env variable PCM_USE_UNCORE_PERF=1
INFO: Secure Boot detected. Using Linux perf for uncore PMU programming.

Package thermal spec power: 0 Watt; Package minimum power: 0 Watt; Package maximum power: 0 Watt;

Can't open MCFG table. Check permission of /sys/firmware/acpi/tables/MCFG
Can't open MCFG table. Check permission of /sys/firmware/acpi/tables/MCFG1
Can't open MCFG table. Check permission of /pcm/sys/firmware/acpi/tables/MCFG
Can't open MCFG table. Check permission of /pcm/sys/firmware/acpi/tables/MCFG1
WARNING: enumeration of devices in UncorePMUDiscovery failed
INFO: Linux perf interface to program uncore PMUs is 8Socket )(19: )2( memory controllers detected with total number of 106) channels. (211 )UPI( ports detected.12 )2( M2M (mesh to memory) blocks detected. 130) Home Agents detected. (214 M3UPI blocks detected.
)(15)

Package thermal spec power: 0 Watt; Package minimum power: 0 Watt; Package maximum power: 0 Watt;
Socket 1: Socket 2Socket Socket Socket 10: 1: 2: 2 memory controllers detected with total number of 2 memory controllers detected with total number of 6 memory controllers detected with total number of 6 channels. 6 channels. 2 channels. 2 UPI ports detected. 2 2 UPI M2M (mesh to memory) blocks detected. UPI ports detected.0 ports detected.  Home Agents detected.  222 M2M (mesh to memory) blocks detected.  M3UPI blocks detected.
 M2M (mesh to memory) blocks detected. 00 Home Agents detected.  Home Agents detected. 22 M3UPI blocks detected.
 M3UPI blocks detected.
Socket 0: 2 memory controllers detected with total number of 6 channels. 2 UPI ports detected. 2 M2M (mesh to memory) blocks detected. 0 Home Agents detected. 2 M3UPI blocks detected.
Socket 0: 2 memory controllers detected with total number of 6 channels. 2 UPI ports detected. 2 M2M (mesh to memory) blocks detected. 0 Home Agents detected. 2 M3UPI blocks detected.
present
Socket INFO: using Linux perf interface to program uncore PMUs because env variable PCM_USE_UNCORE_PERF=1
INFO: Secure Boot detected. Using Linux perf for uncore PMU programming.
0Socket : Socket 211 memory controllers detected with total number of : : 622 channels.  memory controllers detected with total number of  memory controllers detected with total number of 266  channels.  channels. UPI21 UPI
 ports detected.: Socket  22 memory controllers detected with total number of 0 M2M (mesh to memory) blocks detected. 6: 0 channels. 2 Home Agents detected. Can't open MCFG table. Check permission of 2 memory controllers detected with total number of 2/sys/firmware/acpi/tables/MCFG 6 M3UPI blocks detected.

UPI channels. Can't open MCFG table. Check permission of  ports detected.2/sys/firmware/acpi/tables/MCFG1  
2UPICan't open MCFG table. Check permission of  M2M (mesh to memory) blocks detected.  ports detected./pcm/sys/firmware/acpi/tables/MCFG0 
 Home Agents detected. 2Can't open MCFG table. Check permission of 2 M2M (mesh to memory) blocks detected. /pcm/sys/firmware/acpi/tables/MCFG1 M3UPI blocks detected.
0
 Home Agents detected. 2 M3UPI blocks detected.
WARNING: enumeration of devices in UncorePMUDiscovery failed
Socket 0: 2 memory controllers detected with total number of 6 channels. 2 UPI ports detected. 2 M2M (mesh to memory) blocks detected. 0 Home Agents detected. 2 M3UPI blocks detected.
INFO: Linux perf interface to program uncore PMUs is present
INFO: using Linux perf interface to program uncore PMUs because env variable PCM_USE_UNCORE_PERF=1
INFO: Secure Boot detected. Using Linux perf for uncore PMU programming.
Socket 0: 2 memory controllers detected with total number of 6 channels. 2 UPI ports detected. 2 M2M (mesh to memory) blocks detected. 0 Home Agents detected. 2 M3UPI blocks detected.
Socket 0: 2 memory controllers detected with total number of 6 channels. 2 UPI ports detected. 2 M2M (mesh to memory) blocks detected. 0 Home Agents detected. Socket 0: 2 memory controllers detected with total number of 6 channels. 2 UPI ports detected. 2 M2M (mesh to memory) blocks detected. 0 Home Agents detected. 2 M3UPI blocks detected.
 memory controllers detected with total number of 6 channels. 2 UPI ports detected. 2 M2M (mesh to memory) blocks detected. 0 Home Agents detected. 2 M3UPI blocks detected.
2 UPI ports detected. 2 M2M (mesh to memory) blocks detected. 0 Home Agents detected. 2 M3UPI blocks detected.
Socket 0: 2 memory controllers detected with total number of 6 channels. 2 UPI ports detected. 2 M2M (mesh to memory) blocks detected. 0 Home Agents detected. 2 M3UPI blocks detected.
Socket 1: 2 memory controllers detected with total number of 6 channels. 2 UPI ports detected. 2 M2M (mesh to memory) blocks detected. 0 Home Agents detected. 2 M3UPI blocks detected.
 ports detected. 2 M2M (mesh to memory) blocks detected. 0 Home Agents detected. 2 M3UPI blocks detected.
Socket 1: 2 memory controllers detected with total number of 6 channels. 2 UPI ports detected. 2 M2M (mesh to memory) blocks detected. 0 Home Agents detected. 2 M3UPI blocks detected.
INFO: using Linux resctrl driver for RDT metrics (L3OCC, LMB, RMB) because environment variable PCM_USE_RESCTRL=1
ERROR: /sys/fs/resctrl is not mounted
ERROR: RDT metrics (L3OCC,LMB,RMB) will not be available
Mount it to make it work: mount -t resctrl resctrl /sys/fs/resctrl
INFO: using Linux resctrl driver for RDT metrics (L3OCC, LMB, RMB) because environment variable PCM_USE_RESCTRL=1
ERROR: /sys/fs/resctrl is not mounted
ERROR: RDT metrics (L3OCC,LMB,RMB) will not be available
Mount it to make it work: mount -t resctrl resctrl /sys/fs/resctrl
INFO: using Linux resctrl driver for RDT metrics (L3OCC, LMB, RMB) because environment variable PCM_USE_RESCTRL=1
ERROR: /sys/fs/resctrl is not mounted
ERROR: RDT metrics (L3OCC,LMB,RMB) will not be available
Mount it to make it work: mount -t resctrl resctrl /sys/fs/resctrl



 Closed perf event handles
Trying to use Linux perf events...
 Closed perf event handles
Trying to use Linux perf events...
 Closed perf event handles
Trying to use Linux perf events...
Socket 1: 2 memory controllers detected with total number of 6 channels. 2 UPI ports detected. 2 M2M (mesh to memory) blocks detected. 0 Home Agents detected. 2 M3UPI blocks detected.
Socket 1: 2 memory controllers detected with total number of 6 channels. 2 UPI ports detected. 2 M2M (mesh to memory) blocks detected. 0 Home Agents detected. 2 M3UPI blocks detected.
Socket 21: Socket 2 M3UPI blocks detected.
 memory controllers detected with total number of Socket 16:  channels. 122:  memory controllers detected with total number of  26UPI memory controllers detected with total number of  channels.  ports detected.62  channels.  22UPI M2M (mesh to memory) blocks detected.   ports detected.0UPI  Home Agents detected.  ports detected.22  M2M (mesh to memory) blocks detected.  M3UPI blocks detected.
20 M2M (mesh to memory) blocks detected.  Home Agents detected. 02 Home Agents detected.  M3UPI blocks detected.
2 M3UPI blocks detected.
INFO: using Linux resctrl driver for RDT metrics (L3OCC, LMB, RMB) because environment variable PCM_USE_RESCTRL=1
ERROR: /sys/fs/resctrl is not mounted
ERROR: RDT metrics (L3OCC,LMB,RMB) will not be available
Mount it to make it work: mount -t resctrl resctrl /sys/fs/resctrl

Socket 1: 2 memory controllers detected with total number of 6 channels. 2 UPI ports detected. 2 M2M (mesh to memory) blocks detected. 0 Home Agents detected. 2 M3UPI blocks detected.
 Closed perf event handles
Trying to use Linux perf events...
Socket 1: 2 memory controllers detected with total number of 6 channels. 2 UPI ports detected. 2 M2M (mesh to memory) blocks detected. 0 Home Agents detected. 2 M3UPI blocks detected.
INFO: using Linux resctrl driver for RDT metrics (L3OCC, LMB, RMB) because environment variable PCM_USE_RESCTRL=1
ERROR: /sys/fs/resctrl is not mounted
ERROR: RDT metrics (L3OCC,LMB,RMB) will not be available
Mount it to make it work: mount -t resctrl resctrl /sys/fs/resctrl

 Closed perf event handles
Trying to use Linux perf events...
Successfully programmed on-core PMU using Linux perf
INFO: using Linux resctrl driver for RDT metrics (L3OCC, LMB, RMB) because environment variable PCM_USE_RESCTRL=1
ERROR: /sys/fs/resctrl is not mounted
ERROR: RDT metrics (L3OCC,LMB,RMB) will not be available
Mount it to make it work: mount -t resctrl resctrl /sys/fs/resctrl
Successfully programmed on-core PMU using Linux perf
INFO: using Linux resctrl driver for RDT metrics (L3OCC, LMB, RMB) because environment variable PCM_USE_RESCTRL=1
ERROR: /sys/fs/resctrl is not mounted
ERROR: RDT metrics (L3OCC,LMB,RMB) will not be available
Mount it to make it work: mount -t resctrl resctrl /sys/fs/resctrl
Successfully programmed on-core PMU using Linux perf

 Closed perf event handles
Trying to use Linux perf events...
INFO: using Linux resctrl driver for RDT metrics (L3OCC, LMB, RMB) because environment variable PCM_USE_RESCTRL=1
ERROR: /sys/fs/resctrl is not mounted
ERROR: RDT metrics (L3OCC,LMB,RMB) will not be available
Mount it to make it work: mount -t resctrl resctrl /sys/fs/resctrl
INFO: using Linux resctrl driver for RDT metrics (L3OCC, LMB, RMB) because environment variable PCM_USE_RESCTRL=1
INFO: using Linux resctrl driver for RDT metrics (L3OCC, LMB, RMB) because environment variable PCM_USE_RESCTRL=1
ERROR: /sys/fs/resctrl is not mounted
ERROR: RDT metrics (L3OCC,LMB,RMB) will not be available
ERROR: /sys/fs/resctrl is not mounted
Mount it to make it work: mount -t resctrl resctrl /sys/fs/resctrl
ERROR: RDT metrics (L3OCC,LMB,RMB) will not be available
Mount it to make it work: mount -t resctrl resctrl /sys/fs/resctrl
INFO: using Linux resctrl driver for RDT metrics (L3OCC, LMB, RMB) because environment variable PCM_USE_RESCTRL=1
ERROR: /sys/fs/resctrl is not mounted
ERROR: RDT metrics (L3OCC,LMB,RMB) will not be available
Mount it to make it work: mount -t resctrl resctrl /sys/fs/resctrl
Successfully programmed on-core PMU using Linux perf
INFO: using Linux resctrl driver for RDT metrics (L3OCC, LMB, RMB) because environment variable PCM_USE_RESCTRL=1
ERROR: /sys/fs/resctrl is not mounted
ERROR: RDT metrics (L3OCC,LMB,RMB) will not be available
Mount it to make it work: mount -t resctrl resctrl /sys/fs/resctrl
INFO: using Linux resctrl driver for RDT metrics (L3OCC, LMB, RMB) because environment variable PCM_USE_RESCTRL=1
ERROR: /sys/fs/resctrl is not mounted
ERROR: RDT metrics (L3OCC,LMB,RMB) will not be available
Mount it to make it work: mount -t resctrl resctrl /sys/fs/resctrl
INFO: using Linux resctrl driver for RDT metrics (L3OCC, LMB, RMB) because environment variable PCM_USE_RESCTRL=1
INFO: using Linux resctrl driver for RDT metrics (L3OCC, LMB, RMB) because environment variable PCM_USE_RESCTRL=1
ERROR: /sys/fs/resctrl is not mounted
ERROR: RDT metrics (L3OCC,LMB,RMB) will not be available
Mount it to make it work: mount -t resctrl resctrl /sys/fs/resctrl
ERROR: /sys/fs/resctrl is not mounted
ERROR: RDT metrics (L3OCC,LMB,RMB) will not be available
Mount it to make it work: mount -t resctrl resctrl /sys/fs/resctrl


INFO: using Linux resctrl driver for RDT metrics (L3OCC, LMB, RMB) because environment variable PCM_USE_RESCTRL=1

ERROR: /sys/fs/resctrl is not mounted
ERROR: RDT metrics (L3OCC,LMB,RMB) will not be available
Mount it to make it work: mount -t resctrl resctrl /sys/fs/resctrl
 Closed perf event handles
Trying to use Linux perf events...

 Closed perf event handles
Trying to use Linux perf events...

 Closed perf event handles
 Closed perf event handles
Trying to use Linux perf events...
Trying to use Linux perf events...
 Closed perf event handles
Trying to use Linux perf events...

 Closed perf event handles
Trying to use Linux perf events...

 Closed perf event handles
Trying to use Linux perf events...

 Closed perf event handles
Trying to use Linux perf events...


 Closed perf event handles
Trying to use Linux perf events...
 Closed perf event handles
Trying to use Linux perf events...
Successfully programmed on-core PMU using Linux perf
Successfully programmed on-core PMU using Linux perf
Successfully programmed on-core PMU using Linux perf
Successfully programmed on-core PMU using Linux perf
Successfully programmed on-core PMU using Linux perf
Successfully programmed on-core PMU using Linux perf
Successfully programmed on-core PMU using Linux perf
Successfully programmed on-core PMU using Linux perf
Successfully programmed on-core PMU using Linux perf
Successfully programmed on-core PMU using Linux perf
Successfully programmed on-core PMU using Linux perf
Successfully programmed on-core PMU using Linux perf
Socket 0
Max UPI link 0 speed: 1.1 GBytes/second (0.5 GT/second)
Max UPI link 1 speed: 1.1 GBytes/second (0.5 GT/second)
Socket 1
Max UPI link 0 speed: 2.0 GBytes/second (0.9 GT/second)
Max UPI link 1 speed: 2.0 GBytes/second (0.9 GT/second)

Detected Intel(R) Xeon(R) Silver 4208 CPU @ 2.10GHz "Intel(r) microarchitecture codename Cascade Lake-SP" stepping 7

Executing "./VH/himenoBM/himenoBMT" command:
Socket 0
Max UPI link 0 speed: 1.2 GBytes/second (0.6 GT/second)
Max UPI link 1 speed: 1.2 GBytes/second (0.6 GT/second)
Socket 1
Max UPI link 0 speed: 1.2 GBytes/second (0.6 GT/second)
Max UPI link 1 speed: 1.2 GBytes/second (0.6 GT/second)

Detected Intel(R) Xeon(R) Silver 4208 CPU @ 2.10GHz "Intel(r) microarchitecture codename Cascade Lake-SP" stepping 7

Executing "./VH/himenoBM/himenoBMT" command:
Socket 0
Max UPI link 0 speed: 1.2 GBytes/second (0.5 GT/second)
Max UPI link 1 speed: 1.2 GBytes/second (0.5 GT/second)
Socket 1
Max UPI link 0 speed: 1.3 GBytes/second (0.6 GT/second)
Max UPI link 1 speed: 1.3 GBytes/second (0.6 GT/second)

Detected Intel(R) Xeon(R) Silver 4208 CPU @ 2.10GHz "Intel(r) microarchitecture codename Cascade Lake-SP" stepping 7

Executing "./VH/himenoBM/himenoBMT" command:
Socket 0
Max UPI link 0 speed: 1.1 GBytes/second (0.5 GT/second)
Max UPI link 1 speed: 1.1 GBytes/second (0.5 GT/second)
Socket 1
Max UPI link 0 speed: 1.2 GBytes/second (0.5 GT/second)
Max UPI link 1 speed: 1.2 GBytes/second (0.5 GT/second)

Detected Intel(R) Xeon(R) Silver 4208 CPU @ 2.10GHz "Intel(r) microarchitecture codename Cascade Lake-SP" stepping 7

Executing "./VH/himenoBM/himenoBMT" command:
Socket 0
Max UPI link 0 speed: 1.2 GBytes/second (0.5 GT/second)
Max UPI link 1 speed: 1.2 GBytes/second (0.5 GT/second)
Socket 1
Max UPI link 0 speed: 1.1 GBytes/second (0.5 GT/second)
Max UPI link 1 speed: 1.1 GBytes/second (0.5 GT/second)

Detected Intel(R) Xeon(R) Silver 4208 CPU @ 2.10GHz "Intel(r) microarchitecture codename Cascade Lake-SP" stepping 7

Executing "./VH/himenoBM/himenoBMT" command:
Socket 0
Max UPI link 0 speed: 1.1 GBytes/second (0.5 GT/second)
Max UPI link 1 speed: 1.1 GBytes/second (0.5 GT/second)
Socket 1
Max UPI link 0 speed: 1.3 GBytes/second (0.6 GT/second)
Max UPI link 1 speed: 1.3 GBytes/second (0.6 GT/second)

Detected Socket Intel(R) Xeon(R) Silver 4208 CPU @ 2.10GHz "Intel(r) microarchitecture codename Cascade Lake-SP" stepping 07

Max UPI link 0 speed: 1.1 GBytes/second (0.5 GT/second)
Max UPI link 1 speed: 1.1 GBytes/second (0.5 GT/second)
Socket 1
Max UPI link 0 speed: 1.4 GBytes/second (0.6 GT/second)
Max UPI link 1 speed: 1.4 GBytes/second (0.6 GT/second)

Detected Intel(R) Xeon(R) Silver 4208 CPU @ 2.10GHz "Intel(r) microarchitecture codename Cascade Lake-SP" stepping 7

Executing "./VH/himenoBM/himenoBMT" command:

Executing "./VH/himenoBM/himenoBMT" command:
Socket 0
Max UPI link 0 speed: 1.2 GBytes/second (0.5 GT/second)
Max UPI link 1 speed: 1.2 GBytes/second (0.5 GT/second)
Socket 1
Max UPI link 0 speed: 1.4 GBytes/second (0.6 GT/second)
Socket Max UPI link 10 speed: 
Max UPI link 0 speed: 1.4 GBytes/second (0.61.3 GT/second)
 GBytes/second (0.6 GT/second)
Max UPI
Detected  link 1 speed: Intel(R) Xeon(R) Silver 4208 CPU @ 2.10GHz1.3 "Intel(r) microarchitecture codename  GBytes/second (Cascade Lake-SP0.6" stepping  GT/second)
7Socket 
1
Max UPI link 0 speed: 1.4 GBytes/second (0.6 GT/second)
Max UPI link 1 speed: 1.4 GBytes/second (0.6 GT/second)

Detected Intel(R) Xeon(R) Silver 4208 CPU @ 2.10GHz "Intel(r) microarchitecture codename Cascade Lake-SP" stepping 7

Executing "./VH/himenoBM/himenoBMT" command:

Executing "./VH/himenoBM/himenoBMT" command:
Socket 0
Max UPI link 0 speed: 1.2 GBytes/second (0.5 GT/second)
Max UPI link 1 speed: 1.2 GBytes/second (0.5 GT/second)
Socket 1
Max UPI link 0 speed: 1.4 GBytes/second (0.6 GT/second)
Max UPI link 1 speed: 1.4 GBytes/second (0.6 GT/second)

Detected Intel(R) Xeon(R) Silver 4208 CPU @ 2.10GHz "Intel(r) microarchitecture codename Cascade Lake-SP" stepping 7

Executing "./VH/himenoBM/himenoBMT" command:
Socket 0
Max UPI link 0 speed: 1.3 GBytes/second (0.6 GT/second)
Max UPI link 1 speed: 1.3 GBytes/second (0.6 GT/second)
Socket 1
Max UPI link 0 speed: 1.3 GBytes/second (0.6 GT/second)
Max UPI link 1 speed: 1.3 GBytes/second (0.6 GT/second)

Detected Intel(R) Xeon(R) Silver 4208 CPU @ 2.10GHz "Intel(r) microarchitecture codename Cascade Lake-SP" stepping 7

Executing "./VH/himenoBM/himenoBMT" command:
Socket 0
Max UPI link 0 speed: 1.3 GBytes/second (0.6 GT/second)
Max UPI link 1 speed: 1.3 GBytes/second (0.6 GT/second)
Socket 1
Max UPI link 0 speed: 1.0 GBytes/second (0.4 GT/second)
Max UPI link 1 speed: 1.0 GBytes/second (0.4 GT/second)

Detected Intel(R) Xeon(R) Silver 4208 CPU @ 2.10GHz "Intel(r) microarchitecture codename Cascade Lake-SP" stepping 7
Socket 
Executing "./VH/himenoBM/himenoBMT" command:
0
Max UPI link 0 speed: 1.4 GBytes/second (0.6 GT/second)
Max UPI link 1 speed: 1.4 GBytes/second (0.6 GT/second)
Socket 1
Max UPI link 0 speed: 1.2 GBytes/second (0.5 GT/second)
Max UPI link 1 speed: 1.2 GBytes/second (0.5 GT/second)

Detected Intel(R) Xeon(R) Silver 4208 CPU @ 2.10GHz "Intel(r) microarchitecture codename Cascade Lake-SP" stepping 7

Executing "./VH/himenoBM/himenoBMT" command:
Socket 0
Max UPI link 0 speed: 1.1 GBytes/second (0.5 GT/second)
Max UPI link 1 speed: 1.1 GBytes/second (0.5 GT/second)
Socket 1
Max UPI link 0 speed: 1.2 GBytes/second (0.6 GT/second)
Max UPI link 1 speed: 1.2 GBytes/second (0.6 GT/second)

Detected Intel(R) Xeon(R) Silver 4208 CPU @ 2.10GHz "Intel(r) microarchitecture codename Cascade Lake-SP" stepping 7

Executing "./VH/himenoBM/himenoBMT" command:
Socket 0
Max UPI link 0 speed: 1.3 GBytes/second (0.6 GT/second)
Max UPI link 1 speed: 1.3 GBytes/second (0.6 GT/second)
Socket 1
Max UPI link 0 speed: 1.2 GBytes/second (0.5 GT/second)
Max UPI link 1 speed: 1.2 GBytes/second (0.5 GT/second)

Detected Intel(R) Xeon(R) Silver 4208 CPU @ 2.10GHz "Intel(r) microarchitecture codename Cascade Lake-SP" stepping 7

Executing "./VH/himenoBM/himenoBMT" command:
Socket 0
Max UPI link 0 speed: 1.0 GBytes/second (0.5 GT/second)
Max UPI link 1 speed: 1.0 GBytes/second (0.5 GT/second)
Socket 1
Max UPI link 0 speed: 1.2 GBytes/second (0.6 GT/second)
Max UPI link 1 speed: 1.2 GBytes/second (0.6 GT/second)

Detected Intel(R) Xeon(R) Silver 4208 CPU @ 2.10GHz "Intel(r) microarchitecture codename Cascade Lake-SP" stepping 7

Executing "./VH/himenoBM/himenoBMT" command:
Sequential version array size
 mimax = 513 mjmax = 513 mkmax = 1025
Parallel version array size
 mimax = 131 mjmax = 131 mkmax = 1025
imax = 129 jmax = 129 kmax =1024
I-decomp = 4 J-decomp = 4 K-decomp =1
 Start rehearsal measurement process.
 Measure the performance in 3 times.

 MFLOPS: 3106.846352 time(s): 8.727134 4.719238e-04

 Now, start the actual measurement process.
 The loop will be excuted in 20 times
 This will take about one minute.
 Wait for a while

cpu : 53.296902 sec.
Loop executed for 20 times
Gosa : 4.650240e-04 
MFLOPS measured : 3391.549779
Score based on Pentium III 600MHz : 40.940968
DEBUG: caught signal to interrupt (Child exitedDEBUG: caught signal to interrupt (Child exited).
Cleaning up
DEBUG: caught signal to interrupt ().
Child exited).
Cleaning up
Cleaning up
DEBUG: caught signal to interrupt (DEBUG: caught signal to interrupt (Child exited).
 Closed perf event handles
DEBUG: caught signal to interrupt (Child exitedCleaning up
DEBUG: caught signal to interrupt ().
Child exitedChild exited).
).
Cleaning up
Cleaning up
Cleaning up
 Closed perf event handles
 Closed perf event handles
 Closed perf event handles
 Closed perf event handles
 Closed perf event handles
DEBUG: caught signal to interrupt (DEBUG: caught signal to interrupt (DEBUG: caught signal to interrupt (Child exitedChild exited).
).
Child exited).
Cleaning up
DEBUG: caught signal to interrupt (Cleaning up
Cleaning up
Child exited).
 Closed perf event handles
DEBUG: caught signal to interrupt (Cleaning up
Child exitedDEBUG: caught signal to interrupt (Child exited).
Cleaning up
 Closed perf event handles
DEBUG: caught signal to interrupt (Child exited).
Cleaning up
 Closed perf event handles
DEBUG: caught signal to interrupt ( Closed perf event handles
 Closed perf event handles
Child exited Closed perf event handles
 Closed perf event handles
).
Cleaning up
).
Cleaning up
 Closed perf event handles
 Closed perf event handles
 Zeroed uncore PMU registers
 Zeroed uncore PMU registers
DEBUG: caught signal to interrupt ( Zeroed uncore PMU registers
Child exited Zeroed uncore PMU registers
 Zeroed uncore PMU registers
 Zeroed uncore PMU registers
).
Cleaning up
 Closed perf event handles
 Zeroed uncore PMU registers
 Zeroed uncore PMU registers
 Zeroed uncore PMU registers
 Zeroed uncore PMU registers
 Zeroed uncore PMU registers
 Zeroed uncore PMU registers
 Zeroed uncore PMU registers
 Zeroed uncore PMU registers
 Zeroed uncore PMU registers
 Zeroed uncore PMU registers
	Command being timed: "mpirun -vh -n 16 /usr/sbin/pcm 0.1 -csv=./output/6/vh_Himeno_VH_6.csv -- ./VH/himenoBM/himenoBMT"
	User time (seconds): 7.64
	System time (seconds): 6.85
	Percent of CPU this job got: 21%
	Elapsed (wall clock) time (h:mm:ss or m:ss): 1:06.61
	Average shared text size (kbytes): 0
	Average unshared data size (kbytes): 0
	Average stack size (kbytes): 0
	Average total size (kbytes): 0
	Maximum resident set size (kbytes): 143644
	Average resident set size (kbytes): 0
	Major (requiring I/O) page faults: 2
	Minor (reclaiming a frame) page faults: 10623
	Voluntary context switches: 198780
	Involuntary context switches: 10883
	Swaps: 0
	File system inputs: 0
	File system outputs: 45544
	Socket messages sent: 0
	Socket messages received: 0
	Signals delivered: 0
	Page size (bytes): 4096
	Exit status: 0
