----------------------- Start VH IOR 2024-03-21_22-53-22 -----------------------
----------------------- Start VH IOR 2024-03-21_22-53-22 -----------------------

 Intel(r) Performance Counter Monitor (2022-11-24 10:18:12 +0100 ID=1b16bb4e)


PCM Info: setrlimit for file limit 1000000 failed with error Operation not permitted

=====  Processor information  =====

 Intel(r) Performance Counter Monitor 
(2022-11-24 10:18:12 +0100 ID=1b16bb4e)
 Intel(r) Performance Counter Monitor 

(2022-11-24 10:18:12 +0100 ID=1b16bb4e)
 Intel(r) Performance Counter Monitor 

(2022-11-24 10:18:12 +0100 ID=1b16bb4e) Intel(r) Performance Counter Monitor PCM Info: setrlimit for file limit 

(2022-11-24 10:18:12 +0100 ID=1b16bb4e)
1000000


 Intel(r) Performance Counter Monitor  failed with error 

(2022-11-24 10:18:12 +0100 ID=1b16bb4e)Operation not permittedPCM Info: setrlimit for file limit 


1000000
PCM Info: setrlimit for file limit  failed with error 
Operation not permitted1000000
PCM Info: setrlimit for file limit  failed with error 1000000PCM Info: setrlimit for file limit Operation not permitted failed with error 1000000
=====  Processor information  =====
Operation not permitted
 failed with error 
=====  Processor information  =====

Operation not permitted

=====  Processor information  =====

=====  Processor information  =====

=====  Processor information  =====
Linux arch_perfmon flag  : yesLinux arch_perfmon flag  : 
yesHybrid processor         : 
noHybrid processor         : 
noIBRS and IBPB supported  : 
yesIBRS and IBPB supported  : 
Linux arch_perfmon flag  : yesSTIBP supported          : yes
yesLinux arch_perfmon flag  : 
STIBP supported          : 
Linux arch_perfmon flag  : yesHybrid processor         : yesSpec arch caps supported : yes

Hybrid processor         : noHybrid processor         : no

noyes
Spec arch caps supported : IBRS and IBPB supported  : 


IBRS and IBPB supported  : yesyesIBRS and IBPB supported  : Max CPUID level          : yes Intel(r) Performance Counter Monitor 

yes22
(2022-11-24 10:18:12 +0100 ID=1b16bb4e)Max CPUID level          : STIBP supported          : 


STIBP supported          : 
22yesSTIBP supported          : CPU model number         : yes

 Intel(r) Performance Counter Monitor 
yes85

CPU model number         : (2022-11-24 10:18:12 +0100 ID=1b16bb4e)Spec arch caps supported : 

Spec arch caps supported : 85
yesSpec arch caps supported : yes


yesPCM Info: setrlimit for file limit 

Max CPUID level          : 
1000000Max CPUID level          : 22Max CPUID level          :  failed with error 22
CPU model number         : 2285

PCM Info: setrlimit for file limit CPU model number         : 1000000
85 failed with error Operation not permittedCPU model number         : 
Number of physical cores: 
Operation not permitted85Number of physical cores: 
16
16

Number of logical cores: Number of logical cores: 
=====  Processor information  =====
1616

Number of online logical cores: Number of online logical cores: 
=====  Processor information  =====
1616

Threads (logical cores) per physical core: Threads (logical cores) per physical core: 11

Num sockets: Num sockets: 22

Physical cores per socket: Physical cores per socket: 88

Last level cache slices per socket: Last level cache slices per socket: 00

Core PMU (perfmon) version: Core PMU (perfmon) version: 44

Number of core PMU generic (programmable) counters: Number of core PMU generic (programmable) counters: 88

Width of generic (programmable) counters: Width of generic (programmable) counters: 4848 bits
 bits
Number of core PMU fixed counters: Number of core PMU fixed counters: 33

Width of fixed counters: Width of fixed counters: 4848 bits
 bits
Nominal core frequency: Nominal core frequency: 21000000002100000000 Hz
 Hz
IBRS enabled in the kernel   : Linux arch_perfmon flag  : IBRS enabled in the kernel   : noyesno


STIBP enabled in the kernel  : Hybrid processor         : Linux arch_perfmon flag  : STIBP enabled in the kernel  : nonoyesno



The processor is not susceptible to Rogue Data Cache Load: IBRS and IBPB supported  : Hybrid processor         : The processor is not susceptible to Rogue Data Cache Load: noyesnono



The processor supports enhanced IBRS                     : STIBP supported          : IBRS and IBPB supported  : The processor supports enhanced IBRS                     : noyesyesno




=====  Processor topology  =====
Spec arch caps supported : STIBP supported          : OS_Processor    Thread_Id       Core_Id         Tile_Id         Package_Id      Core_Type   Native_CPU_Model
yesyes
=====  Processor topology  =====
0               

OS_Processor    Thread_Id       Core_Id         Tile_Id         Package_Id      Core_Type   Native_CPU_Model
0               Max CPUID level          : Spec arch caps supported : yes0               
Max CPUID level          : 0               0               220               
220               0               CPU model number         : Number of physical cores: 0               
0               85invalidCPU model number         : 16invalid
 85
  
Number of logical cores:   16  
  Number of online logical cores:   16  
  Threads (logical cores) per physical core:   1 -1              
-1              
Num sockets: 
21               
1               0               Physical cores per socket: 0               1               81               1               
1               0               Last level cache slices per socket: 0               invalid0invalid 
  Core PMU (perfmon) version:   4  
  Number of core PMU generic (programmable) counters:   8  
  Width of generic (programmable) counters:   48 -1               bits
-1              
Number of core PMU fixed counters: 
2               32               0               
0               2               Width of fixed counters: 2               2               482               0                bits
0               invalidNominal core frequency: invalid 2100000000   Hz
  IBRS enabled in the kernel   :   no  
  STIBP enabled in the kernel  :   no  
  The processor is not susceptible to Rogue Data Cache Load:  -1              no-1              


3               The processor supports enhanced IBRS                     : 3               0               no0               3               
3               3               
=====  Processor topology  =====
3               0               OS_Processor    Thread_Id       Core_Id         Tile_Id         Package_Id      Core_Type   Native_CPU_Model
0               invalid 0               
 invalid Intel(r) Performance Counter Monitor 0                
 0               (2022-11-24 10:18:12 +0100 ID=1b16bb4e)  Intel(r) Performance Counter Monitor  
0               (2022-11-24 10:18:12 +0100 ID=1b16bb4e) 
 
0               
 
 
invalid    PCM Info: setrlimit for file limit  1000000 PCM Info: setrlimit for file limit   failed with error  1000000 Operation not permitted-1               failed with error  
 Operation not permitted

  4               -1               0               
 4               
=====  Processor information  =====
4                4               0               
=====  Processor information  =====
 0               4               -1              invalid4               
 0                1               invalid 0                 1                 1                 0                 invalid       -1                
  5                -1              0                
5                5               
5                 Intel(r) Performance Counter Monitor 0               (2022-11-24 10:18:12 +0100 ID=1b16bb4e)0               
 
5               
invalid-1              5                
0                2               Linux arch_perfmon flag  : invalidLinux arch_perfmon flag  :  yes PCM Info: setrlimit for file limit  
 yes0               1000000 Hybrid processor         :  
Number of physical cores: 
 failed with error 2               
 noNumber of physical cores:  Intel(r) Performance Counter Monitor  Hybrid processor         : 2               Operation not permitted16 Intel(r) Performance Counter Monitor   
16(2022-11-24 10:18:12 +0100 ID=1b16bb4e)0               no

 (2022-11-24 10:18:12 +0100 ID=1b16bb4e) IBRS and IBPB supported  : 

invalid
Number of logical cores: 
=====  Processor information  =====
 
 yesNumber of logical cores: 
 IBRS and IBPB supported  : 16
 
-1              
16yes 

 
STIBP supported          : 

 yesNumber of online logical cores: PCM Info: setrlimit for file limit -1              STIBP supported          : 6               
Number of online logical cores: PCM Info: setrlimit for file limit  100000016yes
Spec arch caps supported : 0               100000016  failed with error 

6               Operation not permitted6               yes
 failed with error  Spec arch caps supported : Threads (logical cores) per physical core: 
0               
6               yesThreads (logical cores) per physical core: Operation not permitted Max CPUID level          : 1
6               Linux arch_perfmon flag  : 0               
122 
=====  Processor information  =====

Max CPUID level          : 6               yesinvalid

22Num sockets:  2-1              
Num sockets: 

0               
2  Intel(r) Performance Counter Monitor Physical cores per socket:  Intel(r) Performance Counter Monitor 3               Number of physical cores: 
invalid(2022-11-24 10:18:12 +0100 ID=1b16bb4e)Number of physical cores: (2022-11-24 10:18:12 +0100 ID=1b16bb4e)
CPU model number         :  8Hybrid processor         : 0               16
 
Physical cores per socket: 1685 no

3               

 8

 Last level cache slices per socket: 
3               Number of logical cores: 
=====  Processor information  =====
 


Number of logical cores:  0Linux arch_perfmon flag  : 0               16IBRS and IBPB supported  :  Last level cache slices per socket: yes16 

invalid
 PCM Info: setrlimit for file limit 0yes
 
Core PMU (perfmon) version:  
Number of online logical cores:  PCM Info: setrlimit for file limit 
1000000Number of online logical cores:   Intel(r) Performance Counter Monitor 4
 STIBP supported          : 16 CPU model number         : Core PMU (perfmon) version:  failed with error 1685 1000000
(2022-11-24 10:18:12 +0100 ID=1b16bb4e) Hybrid processor         : 
yes 4Operation not permitted
-1              
Number of core PMU generic (programmable) counters:  failed with error  
Threads (logical cores) per physical core: no Operation not permitted

Threads (logical cores) per physical core: 

8
 
1
-1              Spec arch caps supported : Number of core PMU generic (programmable) counters: 
1IBRS and IBPB supported  : 7               
yes 
=====  Processor information  =====


yes8


=====  Processor information  =====
0               PCM Info: setrlimit for file limit Width of generic (programmable) counters: 
 Max CPUID level          : Num sockets: 10000007               STIBP supported          : 
22Num sockets:  failed with error 7               yes48Linux arch_perfmon flag  :  
2Operation not permittedLinux arch_perfmon flag  : 
0               yesWidth of generic (programmable) counters: CPU model number         : 2
7               Spec arch caps supported :  bits

 85
yesyesHybrid processor         : 7               
48

no0               
=====  Processor information  =====
Number of core PMU fixed counters: Max CPUID level          : -1              
Physical cores per socket: IBRS and IBPB supported  : 
Linux arch_perfmon flag  : 7               22 bits
yesPhysical cores per socket: yesinvalid
3Linux arch_perfmon flag  : 

8
Hybrid processor         : CPU model number         : 0               yesNumber of core PMU fixed counters: STIBP supported          : 8Hybrid processor         :  85

4               yes
nono
invalidHybrid processor         : 3


 noWidth of fixed counters: Spec arch caps supported : 0               IBRS and IBPB supported  : Last level cache slices per socket: 

yes yes
IBRS and IBPB supported  : Last level cache slices per socket: 
 
484               yes0Max CPUID level          : IBRS and IBPB supported  : STIBP supported          :  
Width of fixed counters: Linux arch_perfmon flag  : 022 yes bits
STIBP supported          : 4               yes

yes
 yes48

CPU model number         :  Spec arch caps supported : Nominal core frequency: 
0               Hybrid processor         : Core PMU (perfmon) version: 85
yes Spec arch caps supported :  bits
noCore PMU (perfmon) version: 
 
2100000000yesinvalid
 Max CPUID level          : 4
STIBP supported          : IBRS and IBPB supported  :  22Nominal core frequency: Max CPUID level          : 4yes 
 Hz
 22 
 CPU model number         : 

yesSTIBP supported          :  852100000000CPU model number         : 85
yes

Spec arch caps supported : Number of core PMU generic (programmable) counters: 
 yes8
 Number of physical cores: IBRS enabled in the kernel   : Max CPUID level          : 
22-1              
 Number of physical cores: no16Width of generic (programmable) counters: CPU model number         : Number of core PMU generic (programmable) counters: Number of physical cores: 

 85
1648Number of logical cores: 8
8               16 
STIBP enabled in the kernel  : 16 bits


Number of logical cores: 0               
 Number of logical cores: no16Number of core PMU fixed counters: Number of online logical cores: Width of generic (programmable) counters: 160               
 16

3Number of online logical cores: 48
8               Number of online logical cores: -1              16The processor is not susceptible to Rogue Data Cache Load: Threads (logical cores) per physical core: 
16 bits

1               1

noThreads (logical cores) per physical core: Width of fixed counters: 
Number of core PMU fixed counters: Threads (logical cores) per physical core: invalid15               Num sockets: 
148
32 
0               Num sockets: The processor supports enhanced IBRS                     : 
 bits
Num sockets: 
2 Physical cores per socket: 5               2no
Nominal core frequency: 8Width of fixed counters: 
 Physical cores per socket: 5               

Physical cores per socket: 2100000000848Last level cache slices per socket:  80               
0

Last level cache slices per socket: 
Last level cache slices per socket: 
=====  Processor topology  =====
0 Hz
Core PMU (perfmon) version:  bits
0
 4 
invalidCore PMU (perfmon) version: OS_Processor    Thread_Id       Core_Id         Tile_Id         Package_Id      Core_Type   Native_CPU_Model
Core PMU (perfmon) version:  
IBRS enabled in the kernel   : 4 Hz
Number of physical cores: Spec arch caps supported : IBRS enabled in the kernel   : yes16noNumber of physical cores: 


Number of logical cores: Max CPUID level          : 4STIBP enabled in the kernel  : 162216noNumber of core PMU generic (programmable) counters: 



CPU model number         : The processor is not susceptible to Rogue Data Cache Load: Number of physical cores: 85
noNumber of logical cores: 
Number of physical cores: 
8The processor supports enhanced IBRS                     : Number of core PMU generic (programmable) counters: noNumber of physical cores: 
Number of online logical cores: Nominal core frequency: 16
=====  Processor topology  =====
16OS_Processor    Thread_Id       Core_Id         Tile_Id         Package_Id      Core_Type   Native_CPU_Model
162100000000
0               8 Hz
160               
IBRS enabled in the kernel   : 160               
no

Width of generic (programmable) counters: 0               
STIBP enabled in the kernel  : 
0               Number of logical cores: 
noNumber of online logical cores: invalidNumber of logical cores: 
48 Width of generic (programmable) counters: The processor is not susceptible to Rogue Data Cache Load: Threads (logical cores) per physical core:  16noNumber of logical cores:  1616
 bits
       0               -1               
0                48 no9               
0                Number of core PMU generic (programmable) counters: 8The processor supports enhanced IBRS                     : 
-1               bits
Width of generic (programmable) counters:  Number of core PMU fixed counters: 
0               480               3  bits
no

Number of core PMU fixed counters:  STIBP enabled in the kernel  : Width of fixed counters: 1               30               48 

 bits
 Width of fixed counters: 
=====  Processor topology  =====
48noNominal core frequency: 8                bits
9               invalid2100000000 Nominal core frequency:    Hz
OS_Processor    Thread_Id       Core_Id         Tile_Id         Package_Id      Core_Type   Native_CPU_Model
2100000000
IBRS enabled in the kernel   : 0                Hz
1                IBRS enabled in the kernel   : -1              no no0               
The processor is not susceptible to Rogue Data Cache Load: 
invalid        -1              STIBP enabled in the kernel  : 0               STIBP enabled in the kernel  : no
no-1              
0               
noThe processor is not susceptible to Rogue Data Cache Load:  The processor is not susceptible to Rogue Data Cache Load:  no
no8               
6               

The processor supports enhanced IBRS                     : 0               The processor supports enhanced IBRS                     : 
no no 
1               
1               
=====  Processor topology  =====
0               
=====  Processor topology  =====
6               1               16               OS_Processor    Thread_Id       Core_Id         Tile_Id         Package_Id      Core_Type   Native_CPU_Model
0               
0               0               invalid
1               Number of online logical cores:  0               1               Num sockets:  160                0               invalid2 
  0                
 Threads (logical cores) per physical core:   0                Physical cores per socket:  1 invalid 8 
-1                

 Num sockets: 7                 0               Last level cache slices per socket: -1              27                
07               
2               0                0               
invalid2               Physical cores per socket:   2               Core PMU (perfmon) version:  80                 invalid4  
   
  Last level cache slices per socket:    Number of core PMU generic (programmable) counters:  0   8 
-1               -1              

 Core PMU (perfmon) version: 8               
 Width of generic (programmable) counters: 0               4-1              0               48
1               8               
3               1                bits
0               0               invalidNumber of core PMU generic (programmable) counters: 3               Number of core PMU fixed counters:  1               3               8 0               3 1               invalid
  
 0                Width of generic (programmable) counters:   Width of fixed counters:  invalid  48 48    bits
-1                bits

  9               Number of core PMU fixed counters:  Nominal core frequency: 0                -1              31               
21000000009                4               
1               0                Hz
invalid 4               Width of fixed counters:  IBRS enabled in the kernel   : 4                 480               no  invalid bits
  
   Nominal core frequency:   STIBP enabled in the kernel  :     2100000000 no -1                Hz
-1              
 

IBRS enabled in the kernel   :  The processor is not susceptible to Rogue Data Cache Load: 10              2                0               no-1              no2               0               

10              
5               2               1               0               STIBP enabled in the kernel  : invalidThe processor supports enhanced IBRS                     : 5               2                no5               no 0               0               
 invalid
 invalid The processor is not susceptible to Rogue Data Cache Load:  
=====  Processor topology  =====
   no OS_Processor    Thread_Id       Core_Id         Tile_Id         Package_Id      Core_Type   Native_CPU_Model
   
 0               0                 The processor supports enhanced IBRS                     :  0               The processor supports enhanced IBRS                     :   no0                 
0               0               -1               no
=====  Processor topology  =====
 0                 invalidOS_Processor    Thread_Id       Core_Id         Tile_Id         Package_Id      Core_Type   Native_CPU_Model
0               invalid
 
0                    0               Number of physical cores:  11              -1              160               1                
=====  Processor topology  =====

 0                  3               0               0               
 1               0               OS_Processor    Thread_Id       Core_Id         Tile_Id         Package_Id      Core_Type   Native_CPU_Model
invalid-1                3                 3                Number of logical cores: 3               0                0                
0                -1              1611               16 invalid0               
6               invalid  
-1              1               

Threads (logical cores) per physical core:  0                0                 
10              Number of online logical cores: invalid1Number of online logical cores:  160                6                 1               0               
 
16   0               0               6               Num sockets:  Threads (logical cores) per physical core: 2                  
 1               invalid20               1  10                1               Threads (logical cores) per physical core: 
  
invalid -1              -1              1               0                Physical cores per socket: 1 Num sockets:    

invalidinvalid8 2
  1                  
 
  1               0               Num sockets:    Last level cache slices per socket:  Physical cores per socket:  -1               1               0                20 8 
 1                  
1               

4               -1              0                   Core PMU (perfmon) version:  Last level cache slices per socket: 1               0               Physical cores per socket: invalid
   4 0-1              4               0                82                 
 
 4               
 invalid 
Number of core PMU generic (programmable) counters: 0               Core PMU (perfmon) version:  0                   12              8 4Last level cache slices per socket: invalid2                -1              -1               
 
0                 0 2               

Width of generic (programmable) counters: -1              Number of core PMU generic (programmable) counters:   4                 2               
480               81                
 -1              12              0                 bits
Core PMU (perfmon) version: 
invalid 0                7               
2               1               Number of core PMU fixed counters:  Width of generic (programmable) counters: 4   1               0               2               11              3invalid48  
-1               0               1               
7                bits
0                 
 invalidNumber of core PMU generic (programmable) counters: Width of fixed counters:  Number of core PMU fixed counters: 0                7               2               3                  4883  invalid0               0                11               bits
 
 -1              
2                  invalidNominal core frequency: 1               Width of fixed counters:  
-1              2               Width of generic (programmable) counters:    2100000000 48invalid5                0               
 48 Hz
  bits
 0                invalid   2               IBRS enabled in the kernel   :  bits
Nominal core frequency:  5                    no 21000000000               5               Number of core PMU fixed counters:      
  Hz
 0               2                3 -1              STIBP enabled in the kernel  :  IBRS enabled in the kernel   :  invalid   -1              2               no
no
    
 
-1              
 0                Width of fixed counters: 3               3                The processor is not susceptible to Rogue Data Cache Load:   STIBP enabled in the kernel  :  invalid 
0               invalidno480               no     3                
 
  13                3                bits
The processor supports enhanced IBRS                     : 3               The processor is not susceptible to Rogue Data Cache Load: -1               -1              -1               0                no0               no  Nominal core frequency: 
2100000000
 Hz
 2               3               Number of core PMU fixed counters: IBRS enabled in the kernel   : Number of online logical cores: 0                
160               3no
2               
invalidThreads (logical cores) per physical core: 
8               -1              2                Width of fixed counters: STIBP enabled in the kernel  : 0               10                
no0               48invalid
  bits

Num sockets: 8                6                The processor is not susceptible to Rogue Data Cache Load: Nominal core frequency: 1               2  0               no2100000000invalid 
 
6                  Hz
 Physical cores per socket: The processor supports enhanced IBRS                     :  6                IBRS enabled in the kernel   :  no8  0                
no 
 -1              invalid
=====  Processor topology  =====

  Last level cache slices per socket: 
OS_Processor    Thread_Id       Core_Id         Tile_Id         Package_Id      Core_Type   Native_CPU_Model
  STIBP enabled in the kernel  :  04               0                 no-1              
0                0               
 Core PMU (perfmon) version: 
4                0               The processor is not susceptible to Rogue Data Cache Load:  3               44               0                -1              no0               0               
0                

3               Number of core PMU generic (programmable) counters: invalidinvalid 9               The processor supports enhanced IBRS                     : 3               8   no0               0               
   1               -1              invalid
  Width of generic (programmable) counters: 9                
 
=====  Processor topology  =====
 481               7                OS_Processor    Thread_Id       Core_Id         Tile_Id         Package_Id      Core_Type   Native_CPU_Model
  bits
 invalid0                0                Number of core PMU fixed counters:  7                0                 3 7                0                
 0                0                 Width of fixed counters:  invalid 0                48  -1              invalid-1               bits
    
Nominal core frequency: 
    5               21000000001                  -1               Hz
0                0                 IBRS enabled in the kernel   : 
 5                1               no 4                5                1               -1              
0                0                0               
STIBP enabled in the kernel  : 4               invalid invalid 10              no4                -1                0               
0               
 -1               2               The processor is not susceptible to Rogue Data Cache Load: invalid8                
 no10              0                1                
 0               1               0                The processor supports enhanced IBRS                     :   8               invalid1                no  1                1                
 invalid 0                
=====  Processor topology  =====
    invalid OS_Processor    Thread_Id       Core_Id         Tile_Id         Package_Id      Core_Type   Native_CPU_Model
      0                -1               -1                0                
 
  0                 6                2               0                -1               0                0               0                 
 6               invalid2                  5                6                2                -1               0               -1              0                0                
5               
invalid-1              invalid 11              9               5               
   0               0               0               2                  1               3               0               invalid  9                2               11                 1                2               1                  invalid 0               invalid-1                  invalid 
       1                     0                     1                 -1              -1                1                 

  0                 7                3               invalid -1               0                0                  
7               -1              3                  6               
7                3               -1              -1              0               10              0                0               

0               6                invalid3               invalid2               12               6               0                10                0               3               0                1                 4               3               invalidinvalid   0               12                -1               invalid  1               
     invalid2                     0                     2                     2                    0                  -1               -1              invalid    
 
  -1                8               4                 
-1               0               -1              0                11              
 0               
4               0                 7               4               8               4               3               -1               0               0               1               0               11              
 7               4               invalid1               invalid 13              4               7               invalid   0               0               0                 -1               invalid5                invalid
    13              3                    1               0               invalid     3                     3                     0                     invalid           -1              -1               -1                
  

-1               12                9               
5                0               -1               0               5               0               4               -1               
0               1               5               12              
 8               5               9               1               5                14              5               0               invalid1                0               0               0               0               invalid invalid-1              6               invalid8                  
14               1                 4                1                invalid   0               invalid     4                     4                     0                     invalid           -1                   
-1               -1              -1               13                


0                  6               10              5               6                 0               -1              13              0                0               -1              6               
2               1               6                
6               9               10              invalid6                15              0               0               1                0               -1              0               invalid1               invalid invalid
7                9                 5                 15              1                 0                 1                invalid5                   invalid 5                    0                     invalid           -1                     
    -1               14                -1              
-1              0                  7               
6               
  0                11              14              7                 7               -1              0               1               0                -1              7               
3               invalid7                
0               10               11              -1              7               invalid=====  Placement on packages  =====
0                1               
0                Package Id.    Core Id.     Processors
2                invalid6               invalid 0              10                0                 01                 6                , invalid   6               1     0               ,     invalid2      ,   -1                3   
  ,-1                15                4
 0                OS_Processor    Thread_Id       Core_Id         Tile_Id         Package_Id      Core_Type   Native_CPU_Model
-1              7                

0               15               0               5               12              invalid  3               13              
0                1               1               0               -1                0               4               
=====  Processor topology  =====
invalid-1              0                 3               invalidOS_Processor    Thread_Id       Core_Id         Tile_Id         Package_Id      Core_Type   Native_CPU_Model
  ,0               12                3               
0                  invalid
  0               51               0                   -1               12              invalid 0               , 8                invalid-1                  
 0               0                
60                  
  4                9               0                 , -1              The processor supports enhanced IBRS                     : 0                  11              invalid  12               0               no7 
         8                  0                 
1                1               -1              
-1              3                1                 3               
=====  Processor topology  =====
  invalid
9               
1              -1              0               invalid  OS_Processor    Thread_Id       Core_Id         Tile_Id         Package_Id      Core_Type   Native_CPU_Model
11               -1              4                1               1               
0 3               0                  1               0               
0                =====  Placement on packages  =====
 -1              invalid0               , 3               4                1                invalidPackage Id.    Core Id.     Processors
 
14              0                -1               4                1               10               0               1                0                
 0               0                0                0 0               ,invalid0                4                 invalid invalid6               , 1                invalid 0               2     1  1                 -1              4                14               -1                ,,0                  4                 
  2 invalid  1               0               
   3 ,  13              -1               invalidinvalid13                 , 3  0               
   0                  4,-1                 5                12                 5               4  ,
 -1               13              0                  13              ,  54                
 1               4                  1               5-1               , 0                9               -1              invalid-1              12               ,invalid 
-1              6 4               
0               
 1               6   
   5                2                ,10               ,4               1               1                 invalid0                0                7 -1                0                0                75               0               2               9               
 
 1                -1               5                 2               2               1              
2               invalid1                 
1               0                0                0 0                 0               -1              5               10              invalid
=====  Core/Tile sharing  =====
invalid , 2                invalid invalid0                  -1               
11               2               Level      Processors
Core         5                   -1              ,
0               14               invalid5               (     2 invalid
15               0               0                 0 -1              ,   13               0               invalid6                  )
3   0                7                14                 (,5                  -1               5               15               1                 41 0                  
13               1                invalid,          )55                  14               1               invalid-1               -1               ,  (5               -1                0               invalid
 
  6   
   6                3               20               ,  6                2                   0                0                7)-1              invalid0                  6                3                
-1              14              
  2                -1              -1              6               -1              3               (
=====  Core/Tile sharing  =====
 
3               1                2                

0               
0               3Level      Processors
Core        0               10              0               invalid6               -1               invalid15              invalid11              ()3                invalid  0               0                  
0 )0               3               0                (6               -1               2                 14              ( 0               7                3               6               4
 10                0               1 invalid15               11              0               )6                1                 6               )  1                1               invalid(0                invalid  14              (-1               invalid    invalid 5 6               2   1                
       )) 6                   invalid    =====  Placement on packages  =====
(          (30                      -1               -1               )Package Id.    Core Id.     Processors
  -1                6invalid
 
 (   
    7                4               0              4-1                3               )  0                0                ) -1              -1               0               0 
7                4               ((  

-1              3               ,-1              =====  Placement on packages  =====
7                4               7 5 4                3               15              

10               Package Id.    Core Id.     Processors
0                ) 0               )0               -1               7               0               15              invalid,invalid0              (-1              4               (invalid
0               -1              7                0                2604               
 87               7                
 15              7               ),0               , 12              7               )0                11               1               (15              invalid31 0               0               (7                0                invalid1               7, , 24               invalid97                3                 invalid)  4, 12               ) 0                11              (         , 3 1               8( invalid 1                     5), 4 invalid 10    invalid(    , ,-1              5-1               9)  -1                 
 
 )   -1              
6 ,8                5               ( (   4                 
,0               60                1011-1              -1              0                  =====  Placement on packages  =====
0               75               ,) 
)
4                -1               Package Id.    Core Id.     Processors
8               
5               7( 5               (8               4                
 0              1               1              0               
111              0                0               128               0               invalid invalid-1              0)05               0invalid 0               )0                   (
,5               , ,0                   (8               12 =====  Placement on packages  =====
0               1 18               1 -1               13)1               invalidinvalid -1              1               Package Id.    Core Id.     Processors
, , ,(
 )  
invalid0              2 2 21313              )(         12               0,(, , 0                14    0               14, 33 3 5                )  )4                1, , , 13               ((-1              12               ,4 4 4-1              1               -1              15
151                2,-1              , ,
invalid
))9                invalid
, 59               56               5
Tile / L2$   
Tile / L2$ 5               0                 3,0               ,0               ,( -1              (1               0               9                 1               ,6               60,
765               6-1               9               06               1               ) 6               4
5               ,
,1                0                ( 0               )invalid0                9               ,1              invalid0invalid7176               
invalid 0               (     )  6                 51               ,
 
=====  Core/Tile sharing  =====
  (10                   9               ,1 
=====  Core/Tile sharing  =====
 Level      Processors
Core       2 invalid)   1               6, Level      Processors
Core       ( 0)-1               (   ,invalid2 ( )(
 2-1                7 ,0 ( 14              3) 
 -1               
3 ) 1)0               (( 10               
 1               , (4) 6                3 0                13               04)1 ( 14               )2               -1              0               -1              ,(, )-1              2 1               
(
10              55                15
( )10              invalid0               47               1               )13               ,,6               2 (2               3  )10              )8                 (0               1               invalid0               ( (1                47               2-1               invalid60               5 0               invalid )6,7                , )
   8               ( 36                )70               (7                  -1              51               ,-1               6               
(6invalid 0                 ) 
4invalid
 0               
=====  Core/Tile sharing  =====
7)    7               ( , 10               7               Level      Processors
Core       invalid(  )  6 57                  (0               70               -1                () , 0                 0 )2               
7                 (86   invalid) ( 15              10               7               7 , -1              )( 8 0                  )1               70                
 1()-1              7                -1              -1              ( 
invalid11              invalid) ( 15              9

8 
=====  Core/Tile sharing  =====

0                ( 9 1               -1              14              ))8               Level      Processors
Core        3               11              2  ) invalid
0               ((0               ( 11              0               ) (  6                97               0101               0               ( 103                -1              14               ) )0               invalid)38               )  11              1               
( 10 (7                ()1               (   invalid1               )invalid19                 ( 117                11 invalid( )-1                40                )  0                )11 (   ) (    
) 21                 ( 12invalid   (( )  8               5 )9                   12 (12 -1              )0               ( -1              1                -1              )-1              3   ( 13 
  )(
)0                 6invalid)
=====  Placement on packages  =====

  13 ((-1              9               )8               ( Package Id.    Core Id.     Processors
  11              )8               4-1              
13(0               141               0               -1               ( )0               12              0               7
))01               
9               14invalid( 0                )3               (0               ,8               15              ()1               5 4               -1              ( 1511              18               0               0               (14)invalid 12              
8 )1               ,1               7               0               15)(  1                ) 
 2 15               )12              6 invalidinvalid(invalid
8               ,(1                
Tile / L2$  )  0               9 Package thermal spec power:  3 invalid1               (15(   )4               0 ,   0invalid7) -1              (  Watt; 12              4   ) )    10 Package minimum power:  ,
 
( (1                -1              ) 0 5   1
10              80                 (invalid Watt;  ,
  ) )  Package thermal spec power: 112               Package maximum power:  6  10              ( (   0)10              0-1              ,  0               2 9 -1                Watt; (1                Watt;

7  2               ) ) 
-1              Package minimum power: 12invalid
   (  ( 9               
 )10              1               -1               3010 0               13               (1               0-1              
)9               )-1               Watt; 0                131               , =====  Placement on packages  =====
invalid(
(0               5               
)Package maximum power: 1 Package Id.    Core Id.     Processors
 49               11 13               (12              ,1               0              9               )0)-1              1               1                
 140               29               00               ( Watt;

(invalidinvalid-1              ) 4               ,1               ,1               511              Can't open MCFG table. Check permission of  12
  (12              3invalid19               )0               /sys/firmware/acpi/tables/MCFG )13                151               , ,1               (3               
 (0                 )invalid4 2invalid611              Can't open MCFG table. Check permission of  135                 
Tile / L2$  , , ) /sys/firmware/acpi/tables/MCFG11               )  13              ( 5 3 ( 
invalid(    01               , , 7 Can't open MCFG table. Check permission of  14     )  6
4 )invalid/pcm/sys/firmware/acpi/tables/MCFG-1               )   (  , , (

 (   1 7Can't open MCFG table. Check permission of 5 8  Can't open MCFG table. Check permission of  1511              -1               -1              )/sys/firmware/acpi/tables/MCFG
-1              , ) /pcm/sys/firmware/acpi/tables/MCFG1  )-1              
 (0               
=====  Core/Tile sharing  =====
-1              6
,
(

-1              
Tile / L2$ 
14               23               Level      Processors
Core       
710              9Can't open MCFG table. Check permission of (10              
0               10               )11              (13              
0               )/sys/firmware/acpi/tables/MCFG1WARNING: enumeration of devices in UncorePMUDiscovery failed
0               12              00               6                (1               00               1              2               (
)2               0               14              2               3 )invalid05               1010              )Can't open MCFG table. Check permission of (10              4               1               10              ) ( ,13              (1               1/pcm/sys/firmware/acpi/tables/MCFGinvalid1               (12              11               1 11 )1                invalid4 ) , ) 
(invalid1                invalid)-1              (2 (invalid 2Can't open MCFG table. Check permission of   invalid( 2 , 12 )  
 5 ) 3 ) (/pcm/sys/firmware/acpi/tables/MCFG1  ) ( , (14              3   ( 3
4 13  )  0               6 ) ,-1              ) (   6               ) ( 5
(WARNING: enumeration of devices in UncorePMUDiscovery failed
4 -1                (14              4 , 14 ) -1               7 )11              6 )
( 1               
 )-1              (0               , (13              5 15              invalid(-1              5
73               15 )0               0                8 ) 

)14              11              ( 5               7                ) (12              
=====  Core/Tile sharing  =====
0               
1               6-1              13              15              -1              ( 60               Level      Processors
Core       6               
invalid)
1               1               9
) (4               Package thermal spec power: 14               (11              invalidinvalid )  ( 011              0 712              1                 (0               7 )  Watt;  )0                 101               )invalid( Package minimum power: 3               (   3               ) (invalid1 0 8    ( 811              )-1               Watt; 11              )   11 ) ( Package maximum power: 1               
(1                -1              ) ( 2 0 9invalid14               invalid(
9 )-1               Watt;
 ) 0                 1215              ) (
(   )6                (0               3 1015              -1                (14              101               ) )7               
 130               )-1              ( (invalid =====  Placement on packages  =====
 )15              ( 47               11
Package Id.    Core Id.     Processors
 (  11 ) ) 0               141               ) INFO: Linux perf interface to program uncore PMUs is 15              (12              (  0 ) (invalidpresent
 51               120               
 , (  12-1              INFO: using Linux perf interface to program uncore PMUs because env variable PCM_USE_UNCORE_PERF=1
invalid) ) 1 15 )4                INFO: Secure Boot detected. Using Linux perf for uncore PMU programming.
-1              ( Can't open MCFG table. Check permission of  (
, ) (12              6 /sys/firmware/acpi/tables/MCFG
13  213              
 13 )1               
-1              )15              -1              , 
0               ) (invalidCan't open MCFG table. Check permission of 
(0               
3 Package thermal spec power: 5               (-1              7 /sys/firmware/acpi/tables/MCFG112              147               ,12              0 14)13              

) 40                Watt; 15              )0               ( Can't open MCFG table. Check permission of  (1               =====  Placement on packages  =====
, Package minimum power: 4               1               (invalid84               /pcm/sys/firmware/acpi/tables/MCFG 15invalid5Package Id.    Core Id.     Processors
0 1512              ) 
 )  ,  Watt; 12              )-1              ( Can't open MCFG table. Check permission of 0              
 61               Package maximum power:   
Tile / L2$ 1               9
/pcm/sys/firmware/acpi/tables/MCFG1 
0, 0invalid( )invalid
=====  Placement on packages  =====
7 Package thermal spec power: , Watt;
 0 ( 
 0Package Id.    Core Id.     Processors
) 1011               WARNING: enumeration of devices in UncorePMUDiscovery failed
  Watt; -1              ( )0              0 Package minimum power: ,1 (INFO: Linux perf interface to program uncore PMUs is , 0
 )011 12 Watt; -1              (present
) ,=====  Placement on packages  =====
Package maximum power:  2,( 2,0
)INFO: using Linux perf interface to program uncore PMUs because env variable PCM_USE_UNCORE_PERF=1
12 ,Package Id.    Core Id.     Processors
 Watt;
 (1) 33313              (INFO: Secure Boot detected. Using Linux perf for uncore PMU programming.
, )0              13 4,( ),,440               ( 
0 52)-1              14,,5               ( ),6 5,(
,5Can't open MCFG table. Check permission of 13              ) 1517 /sys/firmware/acpi/tables/MCFG3(14              ),
1               
-1              6,
Tile / L2$ -1              
=====  Core/Tile sharing  =====
,Can't open MCFG table. Check permission of 0               )6(invalidLevel      Processors
Core       
/sys/firmware/acpi/tables/MCFG12

(406               ,( 
13              7,)30,Can't open MCFG table. Check permission of 13              ),(14              Can't open MCFG table. Check permission of 7) /pcm/sys/firmware/acpi/tables/MCFG0               4(0               15/sys/firmware/acpi/tables/MCFG1               (

 85               ),
5               1,Can't open MCFG table. Check permission of invalid)1              ( 13              Can't open MCFG table. Check permission of 5)13              /pcm/sys/firmware/acpi/tables/MCFG16( 20/sys/firmware/acpi/tables/MCFG1 (1               
,1               9,) 
,2 )invalid(6Can't open MCFG table. Check permission of invalid)7( WARNING: enumeration of devices in UncorePMUDiscovery failed
13  /pcm/sys/firmware/acpi/tables/MCFG,( 10
) 
,3 )( Can't open MCFG table. Check permission of 7) (1              4 /pcm/sys/firmware/acpi/tables/MCFG12( 11 )

 40) (,)-1              ( 51              ( 12,) WARNING: enumeration of devices in UncorePMUDiscovery failed
35
) (0) (16 (,1314              ) 6,) (,)( 74(0               14) 71) (2)-1              (,86               ( 15,) 8,)
(5)14              
 92( 
3)15              9,(1               Package thermal spec power: -1              ),10-1              0,(0               )6 Watt; invalid10
(3Package minimum power: 
)4117               0,()7 Watt;  1114              (,Package maximum power: 14              ),12015              (
)  Watt;
0               124(0               )5131               (
=====  Core/Tile sharing  =====
) 136               (,)5146               (,)invalid14Level      Processors
Core       ( )14              15,(6),1514              
6) 
(
Tile / L2$  (1               Package thermal spec power: 701               0,)  Watt; 0( Package minimum power: 1invalid0
)invalid Watt; 7( Package maximum power: )2 0)  Watt;

=====  Core/Tile sharing  =====
( 

3 )((14)) (5 Can't open MCFG table. Check permission of Level      Processors
Core       ) /sys/firmware/acpi/tables/MCFG
=====  Core/Tile sharing  =====
( 
6(Can't open MCFG table. Check permission of ) /sys/firmware/acpi/tables/MCFG1 ((
 7Level      Processors
Core       Can't open MCFG table. Check permission of  )2/pcm/sys/firmware/acpi/tables/MCFG-1              ( 
08 Can't open MCFG table. Check permission of ()/pcm/sys/firmware/acpi/tables/MCFG1 ()

9 ))( 100) ((1115              ) WARNING: enumeration of devices in UncorePMUDiscovery failed
(( 12)) (3
0               13 INFO: Linux perf interface to program uncore PMUs is 1) present
((-1              INFO: using Linux perf interface to program uncore PMUs because env variable PCM_USE_UNCORE_PERF=1
)147               INFO: Secure Boot detected. Using Linux perf for uncore PMU programming.
 ))Can't open MCFG table. Check permission of  (1/sys/firmware/acpi/tables/MCFG
15(
15              ) Can't open MCFG table. Check permission of (
 /sys/firmware/acpi/tables/MCFG1)
=====  Placement on packages  =====

4Package thermal spec power: 1               Can't open MCFG table. Check permission of -1              02/pcm/sys/firmware/acpi/tables/MCFG-1               Watt; (
Package Id.    Core Id.     Processors
Package minimum power: )Can't open MCFG table. Check permission of invalid0
/pcm/sys/firmware/acpi/tables/MCFG1) Watt; 

2Package maximum power: 0              0( Watt;
 15              (15              )0WARNING: enumeration of devices in UncorePMUDiscovery failed
5 0               30               (,) 7               )7               31( 15              (15              ),6 1               41               (2) invalid)invalid4,(  ( )37  5 (,)  ) 
5)4(-1               ( (,8
 6 Can't open MCFG table. Check permission of 6/sys/firmware/acpi/tables/MCFG5
)Can't open MCFG table. Check permission of =====  Placement on packages  =====
/sys/firmware/acpi/tables/MCFG1 
)Can't open MCFG table. Check permission of  /pcm/sys/firmware/acpi/tables/MCFG)
,Can't open MCFG table. Check permission of (/pcm/sys/firmware/acpi/tables/MCFG1Package Id.    Core Id.     Processors

 ( (690               7WARNING: enumeration of devices in UncorePMUDiscovery failed
 7,)0 ) )7(,-1              (-1              (
101
8
81              ),=====  Placement on packages  =====
)=====  Placement on packages  =====
)0(2Package Id.    Core Id.     Processors
(9Package Id.    Core Id.     Processors
(9,11,0              )0              )(1)30(010,(,,10,)21241)1(,),,(,113(52112),13),,),(4(63(312,14,,12,)5)74)4(,(
,(,13615)1              5135),
Tile / L2$ 0,),(7(,6(614
01,14,)
=====  Core/Tile sharing  =====
),7)7(Level      Processors
Core       (2
(
15(1,1              151              )0)30)0
Tile / L2$ )(,,
Tile / L2$ ,(0(2)41(1)1(,,0,()352)21(),,(,)2(6313()4),,),2((74(4)35
,2,())
=====  Core/Tile sharing  =====
5)53)((Level      Processors
Core       ,(,(46(6364))0,),)(()7(7(57(
4
5))1
=====  Core/Tile sharing  =====
INFO: Linux perf interface to program uncore PMUs is )
=====  Core/Tile sharing  =====
present
)INFO: using Linux perf interface to program uncore PMUs because env variable PCM_USE_UNCORE_PERF=1
(INFO: Secure Boot detected. Using Linux perf for uncore PMU programming.
()Level      Processors
Core       (Level      Processors
Core       (68((5(6))20)0)(())()(79((6(7)))31)1((())()8810((7()))42)2((())()9911((INFO: Linux perf interface to program uncore PMUs is 8present
(INFO: using Linux perf interface to program uncore PMUs because env variable PCM_USE_UNCORE_PERF=1
)INFO: Secure Boot detected. Using Linux perf for uncore PMU programming.
))53)3((())()101012((9()))64)4((())()111113((10()))75)5((())()121214((11()))86)6((())()131315((12()))97)7((

))()1414(Package thermal spec power: (13())1008)8(() Watt; )()1515(Package minimum power: (14())1109)9

Tile / L2$ ) Watt; )()
((Package maximum power: (15(Package thermal spec power: 012010)100)INFO: Linux perf interface to program uncore PMUs is )present
 Watt;
INFO: using Linux perf interface to program uncore PMUs because env variable PCM_USE_UNCORE_PERF=1
)INFO: Secure Boot detected. Using Linux perf for uncore PMU programming.

) Watt; (((
(Package minimum power: 1131111Package thermal spec power: 0))))0 Watt; (((( Watt; Package maximum power: 2141212Package minimum power: 0))))0 Watt;
(((( Watt; 3151313Package maximum power: ))))0(
Tile / L2$ 
(( Watt;
4(1414))0)(()(155(Can't open MCFG table. Check permission of 15))1/sys/firmware/acpi/tables/MCFG)
Tile / L2$ ()

Tile / L2$ (6(Can't open MCFG table. Check permission of (0)2/sys/firmware/acpi/tables/MCFG10)()
)(7(Can't open MCFG table. Check permission of 
(1)INFO: Linux perf interface to program uncore PMUs is 3present
/pcm/sys/firmware/acpi/tables/MCFGINFO: using Linux perf interface to program uncore PMUs because env variable PCM_USE_UNCORE_PERF=1
1INFO: Secure Boot detected. Using Linux perf for uncore PMU programming.
)()
)(8(Can't open MCFG table. Check permission of Can't open MCFG table. Check permission of 
(2)4/pcm/sys/firmware/acpi/tables/MCFG1/sys/firmware/acpi/tables/MCFG2)()

)(9(Can't open MCFG table. Check permission of (3)5/sys/firmware/acpi/tables/MCFG13)WARNING: enumeration of devices in UncorePMUDiscovery failed
()Can't open MCFG table. Check permission of 
)(10(/sys/firmware/acpi/tables/MCFGCan't open MCFG table. Check permission of (4)6
/pcm/sys/firmware/acpi/tables/MCFG4)()Can't open MCFG table. Check permission of 
)(11(/sys/firmware/acpi/tables/MCFG1Can't open MCFG table. Check permission of (5)7
/pcm/sys/firmware/acpi/tables/MCFG15)(()Can't open MCFG table. Check permission of 
)612(/pcm/sys/firmware/acpi/tables/MCFG())8
6(WARNING: enumeration of devices in UncorePMUDiscovery failed
()Can't open MCFG table. Check permission of )7INFO: Linux perf interface to program uncore PMUs is 13present
(INFO: using Linux perf interface to program uncore PMUs because env variable PCM_USE_UNCORE_PERF=1
/pcm/sys/firmware/acpi/tables/MCFG1INFO: Secure Boot detected. Using Linux perf for uncore PMU programming.
())9
7(8()))14((()WARNING: enumeration of devices in UncorePMUDiscovery failed
1089)())(15((10)119)
))(
((1112Package thermal spec power: 10))0)(( Watt; (1213Package minimum power: 11))0)(( Watt; (121314Package maximum power: )))0((( Watt;
131415)())14(
)15
()15Package thermal spec power: 
)0

 Watt; Package thermal spec power: 
Package minimum power: 0 Watt; Package thermal spec power: 0Package minimum power: 0 Watt; 0 Watt; Package maximum power:  Watt; Package minimum power: 0Package maximum power: 0 Watt;
0 Watt;  Watt;
Package maximum power: 0 Watt;

Can't open MCFG table. Check permission of /sys/firmware/acpi/tables/MCFG
Can't open MCFG table. Check permission of /sys/firmware/acpi/tables/MCFG1
Can't open MCFG table. Check permission of /pcm/sys/firmware/acpi/tables/MCFG
Can't open MCFG table. Check permission of /pcm/sys/firmware/acpi/tables/MCFG1

WARNING: enumeration of devices in UncorePMUDiscovery failed


Can't open MCFG table. Check permission of Can't open MCFG table. Check permission of /sys/firmware/acpi/tables/MCFG/sys/firmware/acpi/tables/MCFG

Can't open MCFG table. Check permission of Can't open MCFG table. Check permission of Can't open MCFG table. Check permission of /sys/firmware/acpi/tables/MCFG1/sys/firmware/acpi/tables/MCFG/sys/firmware/acpi/tables/MCFG1


Can't open MCFG table. Check permission of Can't open MCFG table. Check permission of Can't open MCFG table. Check permission of /pcm/sys/firmware/acpi/tables/MCFG/sys/firmware/acpi/tables/MCFG1/pcm/sys/firmware/acpi/tables/MCFG


Can't open MCFG table. Check permission of Can't open MCFG table. Check permission of Can't open MCFG table. Check permission of /pcm/sys/firmware/acpi/tables/MCFG1/pcm/sys/firmware/acpi/tables/MCFG/pcm/sys/firmware/acpi/tables/MCFG1


Can't open MCFG table. Check permission of /pcm/sys/firmware/acpi/tables/MCFG1
WARNING: enumeration of devices in UncorePMUDiscovery failed
WARNING: enumeration of devices in UncorePMUDiscovery failed
WARNING: enumeration of devices in UncorePMUDiscovery failed
)(3)(4)(5)(6)(7)(8)(9)(10)(11)(12)(13)(14)(15)
Tile / L2$ (0)(1)(2)(3)(4)(5)(6)(7)(8)(9)(10)(11)(12)(13)(14)(15)

Package thermal spec power: 0 Watt; Package minimum power: 0 Watt; Package maximum power: 0 Watt;

Can't open MCFG table. Check permission of /sys/firmware/acpi/tables/MCFG
Can't open MCFG table. Check permission of /sys/firmware/acpi/tables/MCFG1
Can't open MCFG table. Check permission of /pcm/sys/firmware/acpi/tables/MCFG
Can't open MCFG table. Check permission of /pcm/sys/firmware/acpi/tables/MCFG1
WARNING: enumeration of devices in UncorePMUDiscovery failed
INFO: Linux perf interface to program uncore PMUs is present
INFO: using Linux perf interface to program uncore PMUs because env variable PCM_USE_UNCORE_PERF=1
INFO: Secure Boot detected. Using Linux perf for uncore PMU programming.
INFO: Linux perf interface to program uncore PMUs is present
INFO: using Linux perf interface to program uncore PMUs because env variable PCM_USE_UNCORE_PERF=1
INFO: Secure Boot detected. Using Linux perf for uncore PMU programming.
INFO: Linux perf interface to program uncore PMUs is present
INFO: using Linux perf interface to program uncore PMUs because env variable PCM_USE_UNCORE_PERF=1
INFO: Secure Boot detected. Using Linux perf for uncore PMU programming.
INFO: Linux perf interface to program uncore PMUs is INFO: Linux perf interface to program uncore PMUs is present
present
INFO: using Linux perf interface to program uncore PMUs because env variable PCM_USE_UNCORE_PERF=1
INFO: using Linux perf interface to program uncore PMUs because env variable PCM_USE_UNCORE_PERF=1
INFO: Secure Boot detected. Using Linux perf for uncore PMU programming.
INFO: Secure Boot detected. Using Linux perf for uncore PMU programming.
INFO: Linux perf interface to program uncore PMUs is present
INFO: using Linux perf interface to program uncore PMUs because env variable PCM_USE_UNCORE_PERF=1
INFO: Secure Boot detected. Using Linux perf for uncore PMU programming.
INFO: Linux perf interface to program uncore PMUs is present
INFO: using Linux perf interface to program uncore PMUs because env variable PCM_USE_UNCORE_PERF=1
INFO: Secure Boot detected. Using Linux perf for uncore PMU programming.
Socket 0: 2 memory controllers detected with total number of 6 channels. 2 UPI ports detected. 2 M2M (mesh to memory) blocks detected. 0 Home Agents detected. 2 M3UPI blocks detected.
Socket 0: 2 memory controllers detected with total number of 6 channels. 2 UPI ports detected. 2 M2M (mesh to memory) blocks detected. 0 Home Agents detected. 2 M3UPI blocks detected.
INFO: Linux perf interface to program uncore PMUs is present
INFO: using Linux perf interface to program uncore PMUs because env variable PCM_USE_UNCORE_PERF=1
INFO: Secure Boot detected. Using Linux perf for uncore PMU programming.
Socket 0: 2 memory controllers detected with total number of 6 channels. 2 UPI ports detected. 2 M2M (mesh to memory) blocks detected. 0 Home Agents detected. 2 M3UPI blocks detected.
Socket 0: 2 memory controllers detected with total number of 6 channels. 2 UPI ports detected. 2 M2M (mesh to memory) blocks detected. 0 Home Agents detected. 2 M3UPI blocks detected.
Socket 0: 2 memory controllers detected with total number of 6 channels. 2 UPI ports detected. 2 M2M (mesh to memory) blocks detected. 0 Home Agents detected. 2 M3UPI blocks detected.
Socket 0: 2 memory controllers detected with total number of 6 channels. 2 UPI ports detected. 2 M2M (mesh to memory) blocks detected. 0 Home Agents detected. 2 M3UPI blocks detected.
Socket 0: 2 memory controllers detected with total number of 6 channels. 2 UPI ports detected. 2 M2M (mesh to memory) blocks detected. 0 Home Agents detected. 2 M3UPI blocks detected.
Socket 0: 2 memory controllers detected with total number of 6 channels. 2 UPI ports detected. 2 M2M (mesh to memory) blocks detected. 0 Home Agents detected. 2 M3UPI blocks detected.
Socket 1: 2 memory controllers detected with total number of 6 channels. 2 UPI ports detected. 2 M2M (mesh to memory) blocks detected. 0 Home Agents detected. 2 M3UPI blocks detected.
Socket 0: 2 memory controllers detected with total number of 6 channels. 2 UPI ports detected. 2 M2M (mesh to memory) blocks detected. 0 Home Agents detected. 2 M3UPI blocks detected.
Socket 1: 2 memory controllers detected with total number of 6 channels. 2 UPI ports detected. 2 M2M (mesh to memory) blocks detected. 0 Home Agents detected. 2 M3UPI blocks detected.
Socket 0: 2 memory controllers detected with total number of 6 channels. 2 UPI ports detected. 2 M2M (mesh to memory) blocks detected. 0 Home Agents detected. 2Socket  M3UPI blocks detected.
0Socket : 12:  memory controllers detected with total number of 26 memory controllers detected with total number of  channels. 62 channels.  2UPI  ports detected.UPI  ports detected.2  M2M (mesh to memory) blocks detected. 20 M2M (mesh to memory) blocks detected.  Home Agents detected. 02 Home Agents detected.  M3UPI blocks detected.
2 M3UPI blocks detected.
Socket 1: 2 memory controllers detected with total number of 6 channels. 2 UPI ports detected. 2 M2M (mesh to memory) blocks detected. 0 Home Agents detected. 2 M3UPI blocks detected.
Socket 0: 2 memory controllers detected with total number of 6 channels. 2 UPI ports detected. 2 M2M (mesh to memory) blocks detected. 0 Home Agents detected. 2 M3UPI blocks detected.
Socket 0: 2 memory controllers detected with total number of 6 channels. 2 UPI ports detected. 2 M2M (mesh to memory) blocks detected. 0 Home Agents detected. 2 M3UPI blocks detected.
Socket 0: 2 memory controllers detected with total number of 6 channels. 2 UPI ports detected. 2 M2M (mesh to memory) blocks detected. 0 Home Agents detected. 2 M3UPI blocks detected.
Socket 1: 2 memory controllers detected with total number of 6 channels. 2 UPI ports detected. 2 M2M (mesh to memory) blocks detected. 0 Home Agents detected. 2 M3UPI blocks detected.
Socket 0: 2 memory controllers detected with total number of 6 channels. 2 UPI ports detected. 2 M2M (mesh to memory) blocks detected. 0 Home Agents detected. 2 M3UPI blocks detected.
Socket 1: 2 memory controllers detected with total number of 6 channels. 2 UPI ports detected. 2 M2M (mesh to memory) blocks detected. 0 Home Agents detected. 2 M3UPI blocks detected.
Socket 0: 2 memory controllers detected with total number of 6 channels. 2 UPI ports detected. 2 M2M (mesh to memory) blocks detected. 0 Home Agents detected. 2 M3UPI blocks detected.
Socket 1: 2 memory controllers detected with total number of 6 channels. 2 UPI ports detected. 2 M2M (mesh to memory) blocks detected. 0 Home Agents detected. 2 M3UPI blocks detected.
Socket 1: 2 memory controllers detected with total number of 6 channels. 2 UPI ports detected. 2 M2M (mesh to memory) blocks detected. 0 Home Agents detected. 2 M3UPI blocks detected.
Socket 1: 2 memory controllers detected with total number of 6 channels. 2 UPI ports detected. 2 M2M (mesh to memory) blocks detected. 0 Home Agents detected. 2 M3UPI blocks detected.
Socket 1: 2 memory controllers detected with total number of 6 channels. 2 UPI ports detected. 2 M2M (mesh to memory) blocks detected. 0 Home Agents detected. 2 M3UPI blocks detected.
Socket 1: 2 memory controllers detected with total number of 6 channels. 2 UPI ports detected. 2 M2M (mesh to memory) blocks detected. 0 Home Agents detected. 2 M3UPI blocks detected.
Socket 1: 2 memory controllers detected with total number of 6 channels. 2 UPI ports detected. 2 M2M (mesh to memory) blocks detected. 0 Home Agents detected. 2 M3UPI blocks detected.
INFO: using Linux resctrl driver for RDT metrics (L3OCC, LMB, RMB) because environment variable PCM_USE_RESCTRL=1
ERROR: /sys/fs/resctrl is not mounted
ERROR: RDT metrics (L3OCC,LMB,RMB) will not be available
Mount it to make it work: mount -t resctrl resctrl /sys/fs/resctrl
INFO: using Linux resctrl driver for RDT metrics (L3OCC, LMB, RMB) because environment variable PCM_USE_RESCTRL=1
ERROR: /sys/fs/resctrl is not mounted
ERROR: RDT metrics (L3OCC,LMB,RMB) will not be available
Mount it to make it work: mount -t resctrl resctrl /sys/fs/resctrl
Socket 1: 2 memory controllers detected with total number of 6 channels. 2 UPI ports detected. 2 M2M (mesh to memory) blocks detected. 0 Home Agents detected. 2 M3UPI blocks detected.
Socket 1: 2 memory controllers detected with total number of 6 channels. 2 UPI ports detected. 2 M2M (mesh to memory) blocks detected. 0 Home Agents detected. 2 M3UPI blocks detected.


INFO: using Linux resctrl driver for RDT metrics (L3OCC, LMB, RMB) because environment variable PCM_USE_RESCTRL=1
ERROR: /sys/fs/resctrl is not mounted
ERROR: RDT metrics (L3OCC,LMB,RMB) will not be available
Mount it to make it work: mount -t resctrl resctrl /sys/fs/resctrl

 Closed perf event handles
Trying to use Linux perf events...
 Closed perf event handles
Trying to use Linux perf events...
 Closed perf event handles
Trying to use Linux perf events...
Successfully programmed on-core PMU using Linux perf
INFO: using Linux resctrl driver for RDT metrics (L3OCC, LMB, RMB) because environment variable PCM_USE_RESCTRL=1
ERROR: /sys/fs/resctrl is not mounted
ERROR: RDT metrics (L3OCC,LMB,RMB) will not be available
Mount it to make it work: mount -t resctrl resctrl /sys/fs/resctrl
Successfully programmed on-core PMU using Linux perf
Socket 1
: 2 memory controllers detected with total number of 6 channels. 2 UPI ports detected. 2 M2M (mesh to memory) blocks detected. 0 Home Agents detected. 2 M3UPI blocks detected.
INFO: using Linux resctrl driver for RDT metrics (L3OCC, LMB, RMB) because environment variable PCM_USE_RESCTRL=1
ERROR: /sys/fs/resctrl is not mounted
ERROR: RDT metrics (L3OCC,LMB,RMB) will not be available
Mount it to make it work: mount -t resctrl resctrl /sys/fs/resctrl
Successfully programmed on-core PMU using Linux perf

INFO: using Linux resctrl driver for RDT metrics (L3OCC, LMB, RMB) because environment variable PCM_USE_RESCTRL=1
ERROR: /sys/fs/resctrl is not mounted
ERROR: RDT metrics (L3OCC,LMB,RMB) will not be available
Mount it to make it work: mount -t resctrl resctrl /sys/fs/resctrl
INFO: using Linux resctrl driver for RDT metrics (L3OCC, LMB, RMB) because environment variable PCM_USE_RESCTRL=1
ERROR: /sys/fs/resctrl is not mounted
ERROR: RDT metrics (L3OCC,LMB,RMB) will not be available
 Closed perf event handles
Mount it to make it work: mount -t resctrl resctrl /sys/fs/resctrl
Trying to use Linux perf events...
INFO: using Linux resctrl driver for RDT metrics (L3OCC, LMB, RMB) because environment variable PCM_USE_RESCTRL=1
ERROR: /sys/fs/resctrl is not mounted
ERROR: RDT metrics (L3OCC,LMB,RMB) will not be available
Mount it to make it work: mount -t resctrl resctrl /sys/fs/resctrl
INFO: using Linux resctrl driver for RDT metrics (L3OCC, LMB, RMB) because environment variable PCM_USE_RESCTRL=1
ERROR: /sys/fs/resctrl is not mounted
ERROR: RDT metrics (L3OCC,LMB,RMB) will not be available
Mount it to make it work: mount -t resctrl resctrl /sys/fs/resctrl
 Closed perf event handles
Trying to use Linux perf events...
INFO: using Linux resctrl driver for RDT metrics (L3OCC, LMB, RMB) because environment variable PCM_USE_RESCTRL=1
ERROR: /sys/fs/resctrl is not mounted
ERROR: RDT metrics (L3OCC,LMB,RMB) will not be available
Mount it to make it work: mount -t resctrl resctrl /sys/fs/resctrl
INFO: using Linux resctrl driver for RDT metrics (L3OCC, LMB, RMB) because environment variable PCM_USE_RESCTRL=1
ERROR: /sys/fs/resctrl is not mounted
ERROR: RDT metrics (L3OCC,LMB,RMB) will not be available
Mount it to make it work: mount -t resctrl resctrl /sys/fs/resctrl
INFO: using Linux resctrl driver for RDT metrics (L3OCC, LMB, RMB) because environment variable PCM_USE_RESCTRL=1
ERROR: /sys/fs/resctrl is not mounted
ERROR: RDT metrics (L3OCC,LMB,RMB) will not be available
Mount it to make it work: mount -t resctrl resctrl /sys/fs/resctrl

INFO: using Linux resctrl driver for RDT metrics (L3OCC, LMB, RMB) because environment variable PCM_USE_RESCTRL=1
ERROR: /sys/fs/resctrl is not mounted
ERROR: RDT metrics (L3OCC,LMB,RMB) will not be available
Mount it to make it work: mount -t resctrl resctrl /sys/fs/resctrl
 Closed perf event handles
Trying to use Linux perf events...

 Closed perf event handles
Trying to use Linux perf events...


 Closed perf event handles
Trying to use Linux perf events...
Socket 1: 2 memory controllers detected with total number of 6 channels. 2 INFO: using Linux resctrl driver for RDT metrics (L3OCC, LMB, RMB) because environment variable PCM_USE_RESCTRL=1
UPIERROR: /sys/fs/resctrl is not mounted
 ports detected.ERROR: RDT metrics (L3OCC,LMB,RMB) will not be available
 Mount it to make it work: mount -t resctrl resctrl /sys/fs/resctrl
2 M2M (mesh to memory) blocks detected. 0 Home Agents detected. 2 M3UPI blocks detected.

INFO: using Linux resctrl driver for RDT metrics (L3OCC, LMB, RMB) because environment variable PCM_USE_RESCTRL=1
ERROR: /sys/fs/resctrl is not mounted
ERROR: RDT metrics (L3OCC,LMB,RMB) will not be available
Mount it to make it work: mount -t resctrl resctrl /sys/fs/resctrl
 Closed perf event handles
Trying to use Linux perf events...

 Closed perf event handles
Trying to use Linux perf events...

 Closed perf event handles
Trying to use Linux perf events...

 Closed perf event handles
Trying to use Linux perf events...
 Closed perf event handles
Trying to use Linux perf events...


 Closed perf event handles
Trying to use Linux perf events...
 Closed perf event handles
Trying to use Linux perf events...
INFO: using Linux resctrl driver for RDT metrics (L3OCC, LMB, RMB) because environment variable PCM_USE_RESCTRL=1
ERROR: /sys/fs/resctrl is not mounted
ERROR: RDT metrics (L3OCC,LMB,RMB) will not be available
Mount it to make it work: mount -t resctrl resctrl /sys/fs/resctrl
Successfully programmed on-core PMU using Linux perf
Successfully programmed on-core PMU using Linux perf
Successfully programmed on-core PMU using Linux perf
Successfully programmed on-core PMU using Linux perf
Successfully programmed on-core PMU using Linux perf

 Closed perf event handles
Trying to use Linux perf events...
Successfully programmed on-core PMU using Linux perf
Successfully programmed on-core PMU using Linux perf
Successfully programmed on-core PMU using Linux perf
Successfully programmed on-core PMU using Linux perf
Successfully programmed on-core PMU using Linux perf
Successfully programmed on-core PMU using Linux perf
Successfully programmed on-core PMU using Linux perf
Successfully programmed on-core PMU using Linux perf
Socket 0
Max UPI link 0 speed: 0.9 GBytes/second (0.4 GT/second)
Max UPI link 1 speed: 0.9 GBytes/second (0.4 GT/second)
Socket 1
Max UPI link 0 speed: 0.8 GBytes/second (0.3 GT/second)
Max UPI link 1 speed: 0.8 GBytes/second (0.3 GT/second)

Detected Intel(R) Xeon(R) Silver 4208 CPU @ 2.10GHz "Intel(r) microarchitecture codename Cascade Lake-SP" stepping 7

Executing "./VH/ior/src/ior" command:
Socket 0
Max UPI link 0 speed: 1.0 GBytes/second (0.5 GT/second)
Max UPI link 1 speed: 1.0 GBytes/second (0.5 GT/second)
Socket 1
Max UPI link 0 speed: 1.2 GBytes/second (0.5 GT/second)
Max UPI link 1 speed: 1.2 GBytes/second (0.5 GT/second)

Detected Intel(R) Xeon(R) Silver 4208 CPU @ 2.10GHz "Intel(r) microarchitecture codename Cascade Lake-SP" stepping 7

Executing "./VH/ior/src/ior" command:
Socket 0
Max UPI link 0 speed: 0.9 GBytes/second (0.4 GT/second)
Max UPI link 1 speed: 0.9 GBytes/second (0.4 GT/second)
Socket 1
Max UPI link 0 speed: 0.9 GBytes/second (0.4 GT/second)
Max UPI link 1 speed: 0.9 GBytes/second (0.4 GT/second)

Detected Intel(R) Xeon(R) Silver 4208 CPU @ 2.10GHz "Intel(r) microarchitecture codename Cascade Lake-SP" stepping 7

Executing "./VH/ior/src/ior" command:
Socket 0
Max UPI link 0 speed: 1.1 GBytes/second (0.5 GT/second)
Max UPI link 1 speed: 1.1 GBytes/second (0.5 GT/second)
Socket 1
Max UPI link 0 speed: 1.2 GBytes/second (0.5 GT/second)
Max UPI link 1 speed: 1.2 GBytes/second (0.5 GT/second)

Detected Intel(R) Xeon(R) Silver 4208 CPU @ 2.10GHz "Intel(r) microarchitecture codename Cascade Lake-SP" stepping 7

Executing "./VH/ior/src/ior" command:
Socket 0
Max UPI link 0 speed: 0.7 GBytes/second (0.3 GT/second)
Max UPI link 1 speed: 0.7 GBytes/second (0.3 GT/second)
Socket 1
Max UPI link 0 speed: 1.1 GBytes/second (0.5 GT/second)
Max UPI link 1 speed: 1.1 GBytes/second (0.5 GT/second)

Detected Intel(R) Xeon(R) Silver 4208 CPU @ 2.10GHz "Intel(r) microarchitecture codename Cascade Lake-SP" stepping 7

Executing "./VH/ior/src/ior" command:
Socket 0
Max UPI link 0 speed: 0.8 GBytes/second (0.4 GT/second)
Max UPI link 1 speed: 0.8 GBytes/second (0.4 GT/second)
Socket 1
Max UPI link 0 speed: 1.0 GBytes/second (0.4 GT/second)
Max UPI link 1 speed: 1.0 GBytes/second (0.4 GT/second)

Detected Intel(R) Xeon(R) Silver 4208 CPU @ 2.10GHz "Intel(r) microarchitecture codename Cascade Lake-SP" stepping 7

Executing "./VH/ior/src/ior" command:
Socket 0
Max UPI link 0 speed: 0.9 GBytes/second (0.4 GT/second)
Max UPI link 1 speed: 0.9 GBytes/second (0.4 GT/second)
Socket 1
Max UPI link 0 speed: 0.9 GBytes/second (0.4 GT/second)
Max UPI link 1 speed: 0.9 GBytes/second (0.4 GT/second)

Detected Intel(R) Xeon(R) Silver 4208 CPU @ 2.10GHz "Intel(r) microarchitecture codename Cascade Lake-SP" stepping 7

Executing "./VH/ior/src/ior" command:
Socket 0
Max UPI link 0 speed: 1.2 GBytes/second (0.6 GT/second)
Max UPI link 1 speed: 1.2 GBytes/second (0.6 GT/second)
Socket 1
Max UPI link 0 speed: 1.1 GBytes/second (0.5 GT/second)
Max UPI link 1 speed: 1.1 GBytes/second (0.5 GT/second)

Detected Intel(R) Xeon(R) Silver 4208 CPU @ 2.10GHz "Intel(r) microarchitecture codename Cascade Lake-SP" stepping 7

Executing "./VH/ior/src/ior" command:
Socket 0
Max UPI link 0 speed: 0.8 GBytes/second (0.4 GT/second)
Max UPI link 1 speed: 0.8 GBytes/second (0.4 GT/second)
Socket 1
Max UPI link 0 speed: 0.9 GBytes/second (0.4 GT/second)
Max UPI link 1 speed: 0.9 GBytes/second (0.4 GT/second)

Detected Intel(R) Xeon(R) Silver 4208 CPU @ 2.10GHz "Intel(r) microarchitecture codename Cascade Lake-SP" stepping 7

Executing "./VH/ior/src/ior" command:
Socket 0
Max UPI link 0 speed: 0.8 GBytes/second (0.4 GT/second)
Max UPI link 1 speed: 0.8 GBytes/second (0.4 GT/second)
Socket 1
Max UPI link 0 speed: 0.9 GBytes/second (0.4 GT/second)
Max UPI link 1 speed: 0.9 GBytes/second (0.4 GT/second)

Detected Intel(R) Xeon(R) Silver 4208 CPU @ 2.10GHz "Intel(r) microarchitecture codename Cascade Lake-SP" stepping 7

Executing "./VH/ior/src/ior" command:
Socket 0
Max UPI link 0 speed: 0.8 GBytes/second (0.4 GT/second)
Max UPI link 1 speed: 0.8 GBytes/second (0.4 GT/second)
Socket 1
Max UPI link 0 speed: 1.0 GBytes/second (0.4 GT/second)
Max UPI link 1 speed: 1.0 GBytes/second (0.4 GT/second)

Detected Intel(R) Xeon(R) Silver 4208 CPU @ 2.10GHz "Intel(r) microarchitecture codename Cascade Lake-SP" stepping 7
Socket 0
Max UPI link 0 speed: 1.0 GBytes/second (0.4 GT/second)
Max UPI link 1 speed: 1.0 GBytes/second (0.4 GT/second)
Socket 1
Max UPI link 0 speed: 0.8 GBytes/second (0.4 GT/second)
Max UPI link 1 speed: 0.8 GBytes/second (0.4 GT/second)

Detected Intel(R) Xeon(R) Silver 4208 CPU @ 2.10GHz "Intel(r) microarchitecture codename Cascade Lake-SP" stepping 7

Executing "./VH/ior/src/ior" command:

Executing "./VH/ior/src/ior" command:
Socket 0
Max UPI link 0 speed: 1.1 GBytes/second (0.5 GT/second)
Max UPI link 1 speed: 1.1 GBytes/second (0.5 GT/second)
Socket 1
Max UPI link 0 speed: 0.9 GBytes/second (0.4 GT/second)
Max UPI link 1 speed: 0.9 GBytes/second (0.4 GT/second)

Detected Intel(R) Xeon(R) Silver 4208 CPU @ 2.10GHz "Intel(r) microarchitecture codename Cascade Lake-SP" stepping 7

Executing "./VH/ior/src/ior" command:
Socket 0
Max UPI link 0 speed: 0.8 GBytes/second (0.3 GT/second)
Max UPI link 1 speed: 0.8 GBytes/second (0.3 GT/second)
Socket 1
Max UPI link 0 speed: 0.8 GBytes/second (0.3 GT/second)
Max UPI link 1 speed: 0.8 GBytes/second (0.3 GT/second)

Detected Intel(R) Xeon(R) Silver 4208 CPU @ 2.10GHz "Intel(r) microarchitecture codename Cascade Lake-SP" stepping 7

Executing "./VH/ior/src/ior" command:
Socket 0
Max UPI link 0 speed: 1.1 GBytes/second (0.5 GT/second)
Max UPI link 1 speed: 1.1 GBytes/second (0.5 GT/second)
Socket 1
Max UPI link 0 speed: 0.8 GBytes/second (0.4 GT/second)
Max UPI link 1 speed: 0.8 GBytes/second (0.4 GT/second)

Detected Intel(R) Xeon(R) Silver 4208 CPU @ 2.10GHz "Intel(r) microarchitecture codename Cascade Lake-SP" stepping 7

Executing "./VH/ior/src/ior" command:
Socket 0
Max UPI link 0 speed: 1.1 GBytes/second (0.5 GT/second)
Max UPI link 1 speed: 1.1 GBytes/second (0.5 GT/second)
Socket 1
Max UPI link 0 speed: 0.8 GBytes/second (0.4 GT/second)
Max UPI link 1 speed: 0.8 GBytes/second (0.4 GT/second)

Detected Intel(R) Xeon(R) Silver 4208 CPU @ 2.10GHz "Intel(r) microarchitecture codename Cascade Lake-SP" stepping 7

Executing "./VH/ior/src/ior" command:
IOR-4.1.0+dev: MPI Coordinated Test of Parallel I/O
Began               : Thu Mar 21 22:53:24 2024
Command line        : ./VH/ior/src/ior -t 1m -b 8m -s 8 -o test_actual -F
Machine             : Linux muffin
TestID              : 0
StartTime           : Thu Mar 21 22:53:24 2024
Path                : test_actual.00000000
FS                  : 79.0 TiB   Used FS: 12.7%   Inodes: 16179.2 Mi   Used Inodes: 0.2%

Options: 
api                 : POSIX
apiVersion          : 
test filename       : test_actual
access              : file-per-process
type                : independent
segments            : 8
ordering in a file  : sequential
ordering inter file : no tasks offsets
nodes               : 1
tasks               : 8
clients per node    : 8
memoryBuffer        : CPU
dataAccess          : CPU
GPUDirect           : 0
repetitions         : 1
xfersize            : 1 MiB
blocksize           : 8 MiB
aggregate filesize  : 512 MiB

Results: 
IOR-4.1.0+dev: MPI Coordinated Test of Parallel I/O
Began               : Thu Mar 21 22:53:24 2024
Command line        : ./VH/ior/src/ior -t 1m -b 8m -s 8 -o test_0 -F
Machine             : Linux muffin
TestID              : 0
StartTime           : Thu Mar 21 22:53:24 2024
Path                : test_0.00000000
FS                  : 79.0 TiB   Used FS: 12.7%   Inodes: 16179.2 Mi   Used Inodes: 0.2%

Options: 
api                 : POSIX
apiVersion          : 
test filename       : test_0
access              : file-per-process
type                : independent
segments            : 8
ordering in a file  : sequential
ordering inter file : no tasks offsets
nodes               : 1
tasks               : 8
clients per node    : 8
memoryBuffer        : CPU
dataAccess          : CPU
GPUDirect           : 0
repetitions         : 1
xfersize            : 1 MiB
blocksize           : 8 MiB
aggregate filesize  : 512 MiB

Results: 

access    bw(MiB/s)  IOPS       Latency(s)  block(KiB) xfer(KiB)  open(s)    wr/rd(s)   close(s)   total(s)   iter
------    ---------  ----       ----------  ---------- ---------  --------   --------   --------   --------   ----
write     6.30       88.96      0.004828    8192       1024.00    5.72       5.76       81.25      81.29      0   

access    bw(MiB/s)  IOPS       Latency(s)  block(KiB) xfer(KiB)  open(s)    wr/rd(s)   close(s)   total(s)   iter
------    ---------  ----       ----------  ---------- ---------  --------   --------   --------   --------   ----
write     5.70       40.98      0.004511    8192       1024.00    19.62      12.49      82.61      89.81      0   
read      8.56       8.79       7.24        8192       1024.00    1.35       58.26      0.624724   59.84      0   
read      10.85      11.06      0.002230    8192       1024.00    0.891106   46.28      46.27      47.18      0   

Summary of all tests:
Operation   Max(MiB)   Min(MiB)  Mean(MiB)     StdDev   Max(OPs)   Min(OPs)  Mean(OPs)     StdDev    Mean(s) Stonewall(s) Stonewall(MiB) Test# #Tasks tPN reps fPP reord reordoff reordrand seed segcnt   blksiz    xsize aggs(MiB)   API RefNum
write           6.30       6.30       6.30       0.00       6.30       6.30       6.30       0.00   81.29013         NA            NA     0      8   8    1   1     0        1         0    0      8  8388608  1048576     512.0 POSIX      0
read            8.56       8.56       8.56       0.00       8.56       8.56       8.56       0.00   59.83964         NA            NA     0      8   8    1   1     0        1         0    0      8  8388608  1048576     512.0 POSIX      0
Finished            : Thu Mar 21 22:55:49 2024
DEBUG: caught signal to interrupt (DEBUG: caught signal to interrupt (DEBUG: caught signal to interrupt (Child exited).
Child exited).
Child exited).
Cleaning up
Cleaning up
Cleaning up
DEBUG: caught signal to interrupt (Child exited).
Cleaning up
DEBUG: caught signal to interrupt (Child exited).
Cleaning up
DEBUG: caught signal to interrupt (Child exited).
Cleaning up
DEBUG: caught signal to interrupt (Child exited).
Cleaning up
 Closed perf event handles
 Closed perf event handles
 Closed perf event handles
 Closed perf event handles
 Closed perf event handles
DEBUG: caught signal to interrupt (Child exited).
Cleaning up
 Closed perf event handles
 Closed perf event handles
 Closed perf event handles
 Zeroed uncore PMU registers
 Zeroed uncore PMU registers
 Zeroed uncore PMU registers
 Zeroed uncore PMU registers
 Zeroed uncore PMU registers
 Zeroed uncore PMU registers
 Zeroed uncore PMU registers
 Zeroed uncore PMU registers
	Command being timed: "mpirun -vh -np 8 /usr/sbin/pcm 0.1 -csv=./output/8/vh_IOR_VH_8.csv -- ./VH/ior/src/ior -t 1m -b 8m -s 8 -o test_actual -F"
	User time (seconds): 6.12
	System time (seconds): 3.43
	Percent of CPU this job got: 6%
	Elapsed (wall clock) time (h:mm:ss or m:ss): 2:26.93
	Average shared text size (kbytes): 0
	Average unshared data size (kbytes): 0
	Average stack size (kbytes): 0
	Average total size (kbytes): 0
	Maximum resident set size (kbytes): 141572
	Average resident set size (kbytes): 0
	Major (requiring I/O) page faults: 2
	Minor (reclaiming a frame) page faults: 5251
	Voluntary context switches: 177877
	Involuntary context switches: 12050
	Swaps: 0
	File system inputs: 0
	File system outputs: 7072
	Socket messages sent: 0
	Socket messages received: 0
	Signals delivered: 0
	Page size (bytes): 4096
	Exit status: 0

Summary of all tests:
Operation   Max(MiB)   Min(MiB)  Mean(MiB)     StdDev   Max(OPs)   Min(OPs)  Mean(OPs)     StdDev    Mean(s) Stonewall(s) Stonewall(MiB) Test# #Tasks tPN reps fPP reord reordoff reordrand seed segcnt   blksiz    xsize aggs(MiB)   API RefNum
write           5.70       5.70       5.70       0.00       5.70       5.70       5.70       0.00   89.81122         NA            NA     0      8   8    1   1     0        1         0    0      8  8388608  1048576     512.0 POSIX      0
read           10.85      10.85      10.85       0.00      10.85      10.85      10.85       0.00   47.17935         NA            NA     0      8   8    1   1     0        1         0    0      8  8388608  1048576     512.0 POSIX      0
Finished            : Thu Mar 21 22:55:49 2024
DEBUG: caught signal to interrupt (Child exited).
Cleaning up
 Closed perf event handles
DEBUG: caught signal to interrupt (Child exited).
Cleaning up
 Closed perf event handles
DEBUG: caught signal to interrupt (DEBUG: caught signal to interrupt (Child exitedDEBUG: caught signal to interrupt ().
Child exited).
Child exitedCleaning up
).
Cleaning up
Cleaning up
DEBUG: caught signal to interrupt (Child exited).
Cleaning up
 Closed perf event handles
 Closed perf event handles
 Closed perf event handles
 Closed perf event handles
DEBUG: caught signal to interrupt (DEBUG: caught signal to interrupt (Child exited).
Child exited).
Cleaning up
Cleaning up
 Closed perf event handles
 Closed perf event handles
 Zeroed uncore PMU registers
 Zeroed uncore PMU registers
 Zeroed uncore PMU registers
 Zeroed uncore PMU registers
 Zeroed uncore PMU registers
 Zeroed uncore PMU registers
 Zeroed uncore PMU registers
 Zeroed uncore PMU registers
	Command being timed: "mpirun -vh -np 8 /usr/sbin/pcm 0.1 -csv=./output/8/vh_IOR_0_8.csv -- ./VH/ior/src/ior -t 1m -b 8m -s 8 -o test_0 -F"
	User time (seconds): 5.67
	System time (seconds): 3.32
	Percent of CPU this job got: 6%
	Elapsed (wall clock) time (h:mm:ss or m:ss): 2:27.13
	Average shared text size (kbytes): 0
	Average unshared data size (kbytes): 0
	Average stack size (kbytes): 0
	Average total size (kbytes): 0
	Maximum resident set size (kbytes): 141492
	Average resident set size (kbytes): 0
	Major (requiring I/O) page faults: 3
	Minor (reclaiming a frame) page faults: 6276
	Voluntary context switches: 159414
	Involuntary context switches: 11346
	Swaps: 0
	File system inputs: 0
	File system outputs: 8552
	Socket messages sent: 0
	Socket messages received: 0
	Signals delivered: 0
	Page size (bytes): 4096
	Exit status: 0
