
 Intel(r) Performance Counter Monitor (2022-11-24 10:18:12 +0100 ID=1b16bb4e)


PCM Info: setrlimit for file limit 1000000 failed with error Operation not permitted

=====  Processor information  =====
Linux arch_perfmon flag  : yes
Hybrid processor         : no
IBRS and IBPB supported  : yes
STIBP supported          : yes
Spec arch caps supported : yes
Max CPUID level          : 22
CPU model number         : 85

 Intel(r) Performance Counter Monitor (2022-11-24 10:18:12 +0100 ID=1b16bb4e)


PCM Info: setrlimit for file limit 1000000 failed with error Operation not permitted

=====  Processor information  =====

 Intel(r) Performance Counter Monitor (2022-11-24 10:18:12 +0100 ID=1b16bb4e)


PCM Info: setrlimit for file limit 1000000 failed with error Operation not permitted
Linux arch_perfmon flag  : yes
Hybrid processor         : no
IBRS and IBPB supported  : yes
STIBP supported          : 
=====  Processor information  =====
yes
Spec arch caps supported : yes
Max CPUID level          : 22
CPU model number         : 85
Linux arch_perfmon flag  : yes
Hybrid processor         : no
IBRS and IBPB supported  : yes
STIBP supported          : yes
Spec arch caps supported : yes
Max CPUID level          : 22
CPU model number         : 85

 Intel(r) Performance Counter Monitor (2022-11-24 10:18:12 +0100 ID=1b16bb4e)


PCM Info: setrlimit for file limit 1000000 failed with error Operation not permitted

=====  Processor information  =====
Linux arch_perfmon flag  : yes

Hybrid processor         : no Intel(r) Performance Counter Monitor 
(2022-11-24 10:18:12 +0100 ID=1b16bb4e)IBRS and IBPB supported  : 
yes


STIBP supported          : yes
Spec arch caps supported : yes
Max CPUID level          : 22
PCM Info: setrlimit for file limit CPU model number         : 100000085 failed with error 
Operation not permitted

=====  Processor information  =====

 Intel(r) Performance Counter Monitor (2022-11-24 10:18:12 +0100 ID=1b16bb4e)


Linux arch_perfmon flag  : PCM Info: setrlimit for file limit yes1000000
 failed with error Hybrid processor         : no
Operation not permittedIBRS and IBPB supported  : 
yes
STIBP supported          : yes
Spec arch caps supported : yes
Max CPUID level          : 22
=====  Processor information  =====

CPU model number         : 85
Linux arch_perfmon flag  : 
yes
Hybrid processor         : 
 Intel(r) Performance Counter Monitor no(2022-11-24 10:18:12 +0100 ID=1b16bb4e)
 Intel(r) Performance Counter Monitor 

 Intel(r) Performance Counter Monitor IBRS and IBPB supported  : 
(2022-11-24 10:18:12 +0100 ID=1b16bb4e)(2022-11-24 10:18:12 +0100 ID=1b16bb4e)yes





STIBP supported          : PCM Info: setrlimit for file limit 

yes1000000
 failed with error Spec arch caps supported : yesOperation not permitted

Max CPUID level          : PCM Info: setrlimit for file limit PCM Info: setrlimit for file limit 2210000001000000
 failed with error 
=====  Processor information  =====
 failed with error CPU model number         : Operation not permittedOperation not permitted85



=====  Processor information  =====

=====  Processor information  =====

 Intel(r) Performance Counter Monitor (2022-11-24 10:18:12 +0100 ID=1b16bb4e)


Linux arch_perfmon flag  : yesPCM Info: setrlimit for file limit 
1000000Hybrid processor         :  failed with error no
IBRS and IBPB supported  : Operation not permittedyes

STIBP supported          : yes
Spec arch caps supported : yes
Max CPUID level          : 22
CPU model number         : 85

=====  Processor information  =====
Linux arch_perfmon flag  : yes
Hybrid processor         : noLinux arch_perfmon flag  : 
yesIBRS and IBPB supported  : 
yesHybrid processor         : 
noSTIBP supported          : 
yesIBRS and IBPB supported  : 
yesSpec arch caps supported : 
yesSTIBP supported          : 
yesMax CPUID level          : 
22Spec arch caps supported : 
yesCPU model number         : 
85Max CPUID level          : 
22
CPU model number         : 85
Linux arch_perfmon flag  : yes
Hybrid processor         : no
IBRS and IBPB supported  : yes
STIBP supported          : yes
Spec arch caps supported : 
yes Intel(r) Performance Counter Monitor 
(2022-11-24 10:18:12 +0100 ID=1b16bb4e)Max CPUID level          : 
22


CPU model number         : 85
PCM Info: setrlimit for file limit 1000000 failed with error Operation not permitted

=====  Processor information  =====


 Intel(r) Performance Counter Monitor (2022-11-24 10:18:12 +0100 ID=1b16bb4e) Intel(r) Performance Counter Monitor 

(2022-11-24 10:18:12 +0100 ID=1b16bb4e)

 Intel(r) Performance Counter Monitor 


 Intel(r) Performance Counter Monitor (2022-11-24 10:18:12 +0100 ID=1b16bb4e)
 Intel(r) Performance Counter Monitor (2022-11-24 10:18:12 +0100 ID=1b16bb4e)(2022-11-24 10:18:12 +0100 ID=1b16bb4e)




PCM Info: setrlimit for file limit Linux arch_perfmon flag  : 


1000000yes
PCM Info: setrlimit for file limit 
 failed with error 
1000000Operation not permittedHybrid processor         : PCM Info: setrlimit for file limit  failed with error 
noPCM Info: setrlimit for file limit 1000000PCM Info: setrlimit for file limit 
Operation not permitted1000000 failed with error 1000000IBRS and IBPB supported  : 
 failed with error 
=====  Processor information  =====
 failed with error Operation not permittedyesOperation not permittedOperation not permitted




=====  Processor information  =====
STIBP supported          : yes
Spec arch caps supported : 
=====  Processor information  =====
yes
Max CPUID level          : 22
=====  Processor information  =====


=====  Processor information  =====
CPU model number         : 85
Linux arch_perfmon flag  : yes
Hybrid processor         : no
IBRS and IBPB supported  : yes
STIBP supported          : yes
Spec arch caps supported : yes
Max CPUID level          : 22
CPU model number         : Linux arch_perfmon flag  : 85yes
Linux arch_perfmon flag  : 
yesLinux arch_perfmon flag  : Linux arch_perfmon flag  : Hybrid processor         : 
yesyesnoHybrid processor         : 


noHybrid processor         : Hybrid processor         : IBRS and IBPB supported  : 
nonoyes
IBRS and IBPB supported  : 
IBRS and IBPB supported  : 
STIBP supported          : yesyesIBRS and IBPB supported  : yes

yes
STIBP supported          : STIBP supported          : yes
Spec arch caps supported : yes
STIBP supported          : yes
Spec arch caps supported : yes
Spec arch caps supported : yes
Max CPUID level          : yes
Spec arch caps supported : 22
Max CPUID level          : yes
Max CPUID level          : 22
CPU model number         : 22
Max CPUID level          : 85
CPU model number         : 22
CPU model number         : 85
85
CPU model number         : 
85
Number of physical cores: 16
Number of logical cores: 16
Number of online logical cores: 16
Threads (logical cores) per physical core: 1
Num sockets: 2
Physical cores per socket: 8
Last level cache slices per socket: 0
Core PMU (perfmon) version: 4
Number of core PMU generic (programmable) counters: 8
Width of generic (programmable) counters: 48 bits
Number of core PMU fixed counters: 3
Width of fixed counters: 48 bits
Nominal core frequency: 2100000000 Hz
IBRS enabled in the kernel   : no
STIBP enabled in the kernel  : no
The processor is not susceptible to Rogue Data Cache Load: no
The processor supports enhanced IBRS                     : no

=====  Processor topology  =====
OS_Processor    Thread_Id       Core_Id         Tile_Id         Package_Id      Core_Type   Native_CPU_Model
0               0               0               0               0               invalid         -1              
1               0               1               1               0               invalid         -1              
2               0               2               2               0               invalid         -1              
3               0               3               3               0               invalid         -1              
4               0               4               4               0               invalid         -1              
5               0               5               5               0               invalid         -1              
6               0               6               6               0               invalid         -1              
7               0               7               7               0               invalid         -1              
8               0               0               8               1               invalid         -1              
9               0               1               9               1               invalid         -1              
10              0               2               10              1               invalid         -1              
11              0               3               11              1               invalid         -1              
12              0               4               12              1               invalid         -1              
13              0               5               13              1               invalid         -1              
14              0               6               14              1               invalid         -1              
15              0               7               15              1               invalid         -1              
=====  Placement on packages  =====
Package Id.    Core Id.     Processors
0              0,1,2,3,4,5,6,7
1              0,1,2,3,4,5,6,7

=====  Core/Tile sharing  =====
Level      Processors
Core       (0)(1)(2)(3)(4)(5)(6)(7)(8)(9)(10)(11)(12)(13)(14)(15)
Tile / L2$ (0)(1)(2)(3)(4)(5)(6)(7)(8)(9)(10)(11)(12)(13)(14)(15)

Package thermal spec power: 0 Watt; Package minimum power: 0 Watt; Package maximum power: 0 Watt;

Can't open MCFG table. Check permission of /sys/firmware/acpi/tables/MCFG
Can't open MCFG table. Check permission of /sys/firmware/acpi/tables/MCFG1
Can't open MCFG table. Check permission of /pcm/sys/firmware/acpi/tables/MCFG
Can't open MCFG table. Check permission of /pcm/sys/firmware/acpi/tables/MCFG1
WARNING: enumeration of devices in UncorePMUDiscovery failed
INFO: Linux perf interface to program uncore PMUs is present
INFO: using Linux perf interface to program uncore PMUs because env variable PCM_USE_UNCORE_PERF=1
INFO: Secure Boot detected. Using Linux perf for uncore PMU programming.
Socket 0: 2 memory controllers detected with total number of 6 channels. 2 UPI ports detected. 2 M2M (mesh to memory) blocks detected. 0 Home Agents detected. 2 M3UPI blocks detected.
Number of physical cores: 16
Number of logical cores: 16
Number of online logical cores: 16
Threads (logical cores) per physical core: 1
Num sockets: 2
Physical cores per socket: 8
Last level cache slices per socket: 0
Core PMU (perfmon) version: 4
Number of core PMU generic (programmable) counters: 8
Width of generic (programmable) counters: 48 bits
Number of core PMU fixed counters: 3
Width of fixed counters: 48 bits
Nominal core frequency: 2100000000 Hz
IBRS enabled in the kernel   : no
STIBP enabled in the kernel  : no
The processor is not susceptible to Rogue Data Cache Load: no
The processor supports enhanced IBRS                     : Number of physical cores: no16


=====  Processor topology  =====
Number of logical cores: OS_Processor    Thread_Id       Core_Id         Tile_Id         Package_Id      Core_Type   Native_CPU_Model
160               
0               Number of online logical cores: 0               160               
0               Threads (logical cores) per physical core: invalid1 
 Num sockets:  2 
 Physical cores per socket:  8 
 Last level cache slices per socket:  0-1              

Core PMU (perfmon) version: 41               
0               Number of core PMU generic (programmable) counters: 1               81               
0               Width of generic (programmable) counters: invalid48  bits
 Number of core PMU fixed counters:  3 
 Width of fixed counters:  48  bits
 Nominal core frequency:  2100000000-1               Hz

IBRS enabled in the kernel   : 2               no0               
2               STIBP enabled in the kernel  : 2               no0               
invalidThe processor is not susceptible to Rogue Data Cache Load:  no 
 The processor supports enhanced IBRS                     :  no 
 
=====  Processor topology  =====
 OS_Processor    Thread_Id       Core_Id         Tile_Id         Package_Id      Core_Type   Native_CPU_Model
 0                0               -1              0               
0               3               0               0               invalid3                3                0                invalid            -1               
  1               -1              0               
1               4               1               0               0               4               invalid4                0                invalid              -1               
 2               -1              0               
2               5               2               0               0               5               invalid5                0                invalid              -1               
 3               -1              0               
3               6               3               0               0               6               invalid6                0                invalid              -1               
 4               -1              0               
4               7               4               0               0               7               invalid7                0                invalid              -1               
 5               -1              0               
5               8               5               0               0               0               invalid8                1                invalid              -1               
 6               -1              0               
6               9               6               0               0               1               invalid9                1                invalid              -1               
 7               -1              0               
7               10              7               0               0               2               invalid10               1                invalid              -1               
 8               -1              0               
0               11              8               0               1               3               invalid11               1                invalid              -1               
 9               -1              0               
1               12              9               0               1               4               invalid12               1                invalid              -1               
 10              -1              0               
2               13              10              0               1               5               invalid13               1                invalid              -1               
 11              -1              0               
3               14              11              0               1               6               invalid14               1                invalid              -1               
 12              -1              0               
4               15              12              0               1               7               invalid15               1                invalid              -1               
 13              -1              0               
5               =====  Placement on packages  =====
13              Package Id.    Core Id.     Processors
1               0              invalid0 , 1 , 2 , 3 , 4 ,-1              5
,14              60               ,6               714              
1               1              invalid0 , 1 , 2 , 3 , 4 ,-1              5
,15              60               ,7               715              
1               
=====  Core/Tile sharing  =====
invalidLevel      Processors
Core        ( 0 ) ( 1 ) ( 2 )-1              (
3=====  Placement on packages  =====
)Package Id.    Core Id.     Processors
(0              40),(15,)2(,63),(47,)5(,86),(79
)1              (010,)1(,112),(312,)4(,135),(614,)7(
15
=====  Core/Tile sharing  =====
)Level      Processors
Core       
Tile / L2$ ((00))((11))((22))((33))((44))((55))((66))((77))((88))((99))((1010))((1111))((1212))((1313))((1414))((1515))
Tile / L2$ 
(
0)Package thermal spec power: (01 Watt; )Package minimum power: (02 Watt; )Package maximum power: (03 Watt;
)(4)(5)(6)(7)(8)(9)(10)(11)(12)(13)(14)(15)

Package thermal spec power: 0 Watt; Package minimum power: 0 Watt; Package maximum power: 0 Watt;

Can't open MCFG table. Check permission of /sys/firmware/acpi/tables/MCFG
Can't open MCFG table. Check permission of /sys/firmware/acpi/tables/MCFG1
Can't open MCFG table. Check permission of /pcm/sys/firmware/acpi/tables/MCFG
Can't open MCFG table. Check permission of /pcm/sys/firmware/acpi/tables/MCFG1
WARNING: enumeration of devices in UncorePMUDiscovery failed

Can't open MCFG table. Check permission of /sys/firmware/acpi/tables/MCFG
Can't open MCFG table. Check permission of /sys/firmware/acpi/tables/MCFG1
Can't open MCFG table. Check permission of /pcm/sys/firmware/acpi/tables/MCFG
Can't open MCFG table. Check permission of /pcm/sys/firmware/acpi/tables/MCFG1
WARNING: enumeration of devices in UncorePMUDiscovery failed
Number of physical cores: 16
Number of logical cores: 16
Number of online logical cores: 16
Threads (logical cores) per physical core: 1
Num sockets: 2
Physical cores per socket: 8
Last level cache slices per socket: 0
Core PMU (perfmon) version: 4
Number of core PMU generic (programmable) counters: 8
Width of generic (programmable) counters: 48 bits
Number of core PMU fixed counters: 3
Width of fixed counters: 48 bits
Nominal core frequency: 2100000000 Hz
IBRS enabled in the kernel   : no
STIBP enabled in the kernel  : no
The processor is not susceptible to Rogue Data Cache Load: no
The processor supports enhanced IBRS                     : no

=====  Processor topology  =====
OS_Processor    Thread_Id       Core_Id         Tile_Id         Package_Id      Core_Type   Native_CPU_Model
0               0               0               0               0               invalid         -1              
1               0               1               1               0               invalid         -1              
2               0               2               2               0               invalid         -1              
3               0               3               3               0               invalid         -1              
4               0               4               4               0               invalid         -1              
5               0               5               5               0               invalid         -1              
6               0               6               6               0               invalid         -1              
7               0               7               7               0               invalid         -1              
8               0               0               8               1               invalid         -1              
9               0               1               9               1               invalid         -1              
10              0               2               10              1               invalid         -1              
11              0               3               11              1               invalid         -1              
12              0               4               12              1               invalid         -1              
13              0               5               13              1               invalid         -1              
14              0               6               14              1               invalid         -1              
15              0               7               15              1               invalid         -1              
=====  Placement on packages  =====
Package Id.    Core Id.     Processors
0              0,1,2,3,4,5,6,7
1              0,1,2,3,4,5,6,7

=====  Core/Tile sharing  =====
Level      Processors
Core       (0)(1)(2)(3)(4)(5)(6)(7)(8)(9)(10)(11)(12)(13)(14)(15)
Tile / L2$ (0)(1)(2)(3)(4)(5)(6)(7)(8)(9)(10)(11)(12)(13)(14)(15)

Package thermal spec power: 0 Watt; Package minimum power: 0 Watt; Package maximum power: 0 Watt;

Can't open MCFG table. Check permission of /sys/firmware/acpi/tables/MCFG
Can't open MCFG table. Check permission of /sys/firmware/acpi/tables/MCFG1
Can't open MCFG table. Check permission of /pcm/sys/firmware/acpi/tables/MCFG
Can't open MCFG table. Check permission of /pcm/sys/firmware/acpi/tables/MCFG1
WARNING: enumeration of devices in UncorePMUDiscovery failed
Number of physical cores: 16
Number of physical cores: Number of logical cores: 16
Number of online logical cores: 16
16Threads (logical cores) per physical core: 
1Number of logical cores: 
16Num sockets: 
2Number of online logical cores: 
16Physical cores per socket: 
8Threads (logical cores) per physical core: 
1Last level cache slices per socket: 
0Num sockets: 
2Core PMU (perfmon) version: 
4Physical cores per socket: 
8Number of core PMU generic (programmable) counters: 
8Last level cache slices per socket: 
0Width of generic (programmable) counters: 
48Core PMU (perfmon) version:  bits
4
Number of core PMU generic (programmable) counters: Number of core PMU fixed counters: 83

Width of generic (programmable) counters: Width of fixed counters: 4848 bits
 bits
Number of core PMU fixed counters: Nominal core frequency: 32100000000
 Hz
Width of fixed counters: IBRS enabled in the kernel   : 48no bits

Nominal core frequency: STIBP enabled in the kernel  : 2100000000no Hz

IBRS enabled in the kernel   : The processor is not susceptible to Rogue Data Cache Load: nono

STIBP enabled in the kernel  : The processor supports enhanced IBRS                     : nono

The processor is not susceptible to Rogue Data Cache Load: no
=====  Processor topology  =====

OS_Processor    Thread_Id       Core_Id         Tile_Id         Package_Id      Core_Type   Native_CPU_Model
The processor supports enhanced IBRS                     : 0               no0               
0               0               
=====  Processor topology  =====
0               OS_Processor    Thread_Id       Core_Id         Tile_Id         Package_Id      Core_Type   Native_CPU_Model
invalid0                0                0                0                0                invalid        -1               
   1                0               -1              1               
1               0               1               invalid0                1                1                0                invalid          -1               
 2                0                2               -1              2               
0               2               invalid0                2                2                0                invalid          -1               
 3                0                3               -1              3               
0               3               invalid0                3                3                0                invalid          -1               
 4                0                4               -1              4               
0               4               invalid0                4                4                0                invalid          -1               
 5                0                5               -1              5               
0               5               invalid0                5                5                0                invalid          INFO: Linux perf interface to program uncore PMUs is -1               present

 INFO: using Linux perf interface to program uncore PMUs because env variable PCM_USE_UNCORE_PERF=1
6                INFO: Secure Boot detected. Using Linux perf for uncore PMU programming.
0                6               -1              6               
0               6               invalid0                6                6                0                invalid          -1               
 7                0                7               -1              7               
0               7               invalid0                7                7                0                invalid          -1               
 8                0                0               -1              8               
1               8               invalid0                0                8                1                invalid          -1               
 9                0                1               -1              9               
1               9               invalid0                1                9                1                invalid          -1              Number of physical cores:  
 10               0                2               -1              1610              

1               10              Number of logical cores: invalid0               2               10              1               16 invalid
  Number of online logical cores:   16  
  Threads (logical cores) per physical core:   1  
  Num sockets:   2-1               

-1              Physical cores per socket: 11              
80               11              
3               0               Last level cache slices per socket: 11              3               01               11              
invalid1               Core PMU (perfmon) version:  invalid4  
  Number of core PMU generic (programmable) counters:   8  
  Width of generic (programmable) counters:   48   bits
  Number of core PMU fixed counters: -1               3
-1              
12              
Width of fixed counters: 0               12              484               0                bits
12              Nominal core frequency: 4               1               210000000012              invalid Hz
1                IBRS enabled in the kernel   : invalid no  
  STIBP enabled in the kernel  :   no  
  The processor is not susceptible to Rogue Data Cache Load:   no  
 -1              The processor supports enhanced IBRS                     :  
no-1              13              

0               
=====  Processor topology  =====
13              5               OS_Processor    Thread_Id       Core_Id         Tile_Id         Package_Id      Core_Type   Native_CPU_Model
0               13              0               5               1               0               13              invalid0               1                0               invalid 0                 invalid                   -1                
 -1              14               
0               -1              14              6               
0               14              6               1               1               14              0               invalid1               1                invalid1                 0                 invalid                  -1                
-1               15              
 0               15              -1              7               0               
15              7               2               1               15              0               invalid1               2                invalid2                 0                 invalid                  -1                
-1               =====  Placement on packages  =====

 Package Id.    Core Id.     Processors
=====  Placement on packages  =====
-1              0              Package Id.    Core Id.     Processors

00              3               ,00               1,3               ,13               2,0               ,2invalid3, ,3 4, ,4 5, ,5 6, ,6 7, 
7-1              1              

01              4               ,00               1,4               ,14               2,0               ,2invalid3, ,3 4, ,4 5, ,5 6, ,6 7, 
7-1              
=====  Core/Tile sharing  =====


Level      Processors
Core       
=====  Core/Tile sharing  =====
5               (Level      Processors
Core       0               0(5               )05               ()0               1(invalid)1 () 2( )2 () 3Number of physical cores: ( )3 () 4(16 )4
-1              ()Number of logical cores: 
5(166               )5
0               ()Number of online logical cores: 6               6(166               )6
0               ()Threads (logical cores) per physical core: invalid7(1 )7
 ()Num sockets:  8(2 )8
 ()Physical cores per socket:  9(8 )9
 ()Last level cache slices per socket:  10(0-1              )10

()Core PMU (perfmon) version: 7               11(40               )11
7               ()Number of core PMU generic (programmable) counters: 7               12(80               )12
invalid()Width of generic (programmable) counters:  13(48 )13 bits
 ()Number of core PMU fixed counters:  14(3 )14
 ()Width of fixed counters:  15(48 )15 bits
 
Tile / L2$ )Nominal core frequency: -1              (
Tile / L2$ 2100000000
0( Hz
8               )0IBRS enabled in the kernel   : 0               ()no0               1(
8               )1STIBP enabled in the kernel  : 1               ()noinvalid2(
 )2The processor is not susceptible to Rogue Data Cache Load:  ()no 3(
 )3The processor supports enhanced IBRS                     :  ()no 4(
 )4 
=====  Processor topology  =====
() OS_Processor    Thread_Id       Core_Id         Tile_Id         Package_Id      Core_Type   Native_CPU_Model
5(-1              0               )5
0               ()9               0               6(0               0               )61               0               ()9               invalid7(1                )7invalid ()  8(  )8  ()  9(  )9  ()  10( -1              )10 
()(-1              111               11
)0               )10              (1               (0               121               122               )0               )10              (invalid(1               13 13invalid) ) ( ( 14 14 ) ) ( ( 15 15 ) ) 
 
 
-1              
 
Package thermal spec power: -1              Package thermal spec power: 2               0
00                Watt; 11               Watt; 2               Package minimum power: 0               Package minimum power: 2               03               00                Watt; 11               Watt; invalidPackage maximum power: 1               Package maximum power:  0invalid0  Watt;
  Watt;
              -1               
-1              3               
0               12              3               0               3               4               0               12              invalid1                invalid                -1              Number of physical cores:  
-1              4               
0               13              164               0               
4               5               Number of logical cores: 0               
13              16invalid1               
 invalidNumber of online logical cores:   16  
  Threads (logical cores) per physical core:  
 Can't open MCFG table. Check permission of 1  /sys/firmware/acpi/tables/MCFG
  
Num sockets:   Can't open MCFG table. Check permission of 2  /sys/firmware/acpi/tables/MCFG1
-1               Can't open MCFG table. Check permission of 
Physical cores per socket: 
-1              /sys/firmware/acpi/tables/MCFGCan't open MCFG table. Check permission of 85               

/pcm/sys/firmware/acpi/tables/MCFG
0               14              Can't open MCFG table. Check permission of 
Last level cache slices per socket: 5               0               /sys/firmware/acpi/tables/MCFG1Can't open MCFG table. Check permission of 05               6               
/pcm/sys/firmware/acpi/tables/MCFG1
0               14              Can't open MCFG table. Check permission of 
Core PMU (perfmon) version: invalid1               /pcm/sys/firmware/acpi/tables/MCFG4 invalid

  Can't open MCFG table. Check permission of Number of core PMU generic (programmable) counters:   /pcm/sys/firmware/acpi/tables/MCFG18  
WARNING: enumeration of devices in UncorePMUDiscovery failed

  Width of generic (programmable) counters:   48   bits
  Number of core PMU fixed counters:   WARNING: enumeration of devices in UncorePMUDiscovery failed
3-1               

-1              Width of fixed counters: 6               
480               15               bits
6               0               Nominal core frequency: 6               7               21000000000               15               Hz
invalid1               IBRS enabled in the kernel   :  invalidno  
  STIBP enabled in the kernel  :   no  
  The processor is not susceptible to Rogue Data Cache Load:   no  
  The processor supports enhanced IBRS                     : -1               no
-1              
7               

=====  Processor topology  =====
0               =====  Placement on packages  =====
OS_Processor    Thread_Id       Core_Id         Tile_Id         Package_Id      Core_Type   Native_CPU_Model
7               Package Id.    Core Id.     Processors
0               7               0              0               0               00               invalid,0                10                ,invalid 2  ,  3  ,  4  ,  5 -1              , 
6 8               ,-1              0               7
0               
8               1               1              1               0               0invalid1               , 1               1 0               , invalid2  ,  3  ,  4  ,  5-1               ,
 69                ,0               -1              71               

9               2               
=====  Core/Tile sharing  =====
1               0               Level      Processors
Core       invalid2               ( 2               0 0               ) invalid(  1  )  (  2  )  (-1               3
 )10               (0               -1              42               
)10              3               (1               0               5invalid3               ) 3               ( 0               6 invalid)  (  7  )  (  8  )-1               (
 911               )0               -1              (3               
1011              4               )1               0               (invalid4               11 4               ) 0               ( invalid12  )  (  13  )  (  14-1               )
 (12               150               -1              )4               

Tile / L2$ 12              5               (1               0               0invalid5               )(1)(2)(3)(4)(55               )0               (invalid6 ) ( 7 ) ( 8 ) ( 9-1              
6               0               6               6               0               invalid ) ( 10 ) ( 11 ) ( 12-1              )
(7               130               )7               (7               140               )invalid( 15 ) 
 
  Package thermal spec power:  0  Watt;  Package minimum power: -1              0
 Watt; 8               Package maximum power: 0               00                Watt;
8               1               invalid         -1              Number of physical cores: 
9               0               1               9               1               16invalid
 Number of logical cores:  16 
 Number of online logical cores:  16 
 Threads (logical cores) per physical core:  1 
-1              Num sockets: 
210              
0               Physical cores per socket: 2               810              
1               Last level cache slices per socket: invalid0 
 Core PMU (perfmon) version:  4 
 Number of core PMU generic (programmable) counters:  8 
 Width of generic (programmable) counters:  48-1               bits

Number of core PMU fixed counters: 11              30               

3               Width of fixed counters: 11              481                bits
invalidNominal core frequency:  2100000000  Hz
 IBRS enabled in the kernel   :  no 
 STIBP enabled in the kernel  :  Can't open MCFG table. Check permission of no /sys/firmware/acpi/tables/MCFG
 
The processor is not susceptible to Rogue Data Cache Load: -1              Can't open MCFG table. Check permission of no
/sys/firmware/acpi/tables/MCFG1
12              
The processor supports enhanced IBRS                     : 0               Can't open MCFG table. Check permission of no4               /pcm/sys/firmware/acpi/tables/MCFG
12              

=====  Processor topology  =====
1               Can't open MCFG table. Check permission of OS_Processor    Thread_Id       Core_Id         Tile_Id         Package_Id      Core_Type   Native_CPU_Model
invalid/pcm/sys/firmware/acpi/tables/MCFG10                
0                0                0                0                invalid     WARNING: enumeration of devices in UncorePMUDiscovery failed
   -1               
 13               0                5                13              -1              1               
invalid 1                0                1                1                0                invalid      -1               
 14               0                6                14               1               -1              invalid
 2                0                2                2                0                invalid      -1               
 15               0                7                15               1               -1              invalid
 3                0                3                3                0                invalid      -1               
 =====  Placement on packages  =====
 Package Id.    Core Id.     Processors
 0               0 ,-1              1
,4               20               ,4               34               ,0               4invalid, 5 , 6 , 7 
 1               0 ,-1              1
,5               20               ,5               35               ,0               4invalid, 5 , 6 , 7 
 
=====  Core/Tile sharing  =====
 Level      Processors
Core        (-1              0
)6               (0               16               )6               (0               2invalid) ( 3 ) ( 4 ) ( 5 )-1              (
67               )0               (7               77               )0               (invalid8 ) ( 9 Number of physical cores: ) ( 10 )16 (
 11Number of logical cores: -1              )16
(
8               12Number of online logical cores: 0               )160               (
8               13Threads (logical cores) per physical core: 1               )1invalid(
 14Num sockets:  )2 (
 15Physical cores per socket:  )8 
Tile / L2$ 
 (Last level cache slices per socket:  00 )
-1              (Core PMU (perfmon) version: 
149               )
0               (Number of core PMU generic (programmable) counters: 1               289               )
1               (Width of generic (programmable) counters: invalid348 ) bits
 (Number of core PMU fixed counters:  43 )
 (Width of fixed counters:  548 ) bits
 (Nominal core frequency:  62100000000-1              ) Hz

(IBRS enabled in the kernel   : 10              7no0               )
2               (STIBP enabled in the kernel  : 10              8no1               )
invalid(The processor is not susceptible to Rogue Data Cache Load:  9no )
 (The processor supports enhanced IBRS                     :  10no )
 (
=====  Processor topology  =====
 11OS_Processor    Thread_Id       Core_Id         Tile_Id         Package_Id      Core_Type   Native_CPU_Model
 )0                (0               -1              120               
)0               11              (0               0               13invalid3               ) 11              ( 1               14 invalid)  (  15  )  
  
  -1              Package thermal spec power:  
0  Watt;  Package minimum power: 1               -1              00               
 Watt; 1               12              Package maximum power: 1               0               00               4                Watt;
invalid12               1                invalid              -1               
 2               -1              0               
2               13              2               0               0               5               invalid13               1                invalid              -1               
 3               INFO: Linux perf interface to program uncore PMUs is -1              0               INFO: Linux perf interface to program uncore PMUs is present

3               present
INFO: using Linux perf interface to program uncore PMUs because env variable PCM_USE_UNCORE_PERF=1
14              3               INFO: using Linux perf interface to program uncore PMUs because env variable PCM_USE_UNCORE_PERF=1
INFO: Secure Boot detected. Using Linux perf for uncore PMU programming.
0               0               INFO: Secure Boot detected. Using Linux perf for uncore PMU programming.
6               invalid14              
 1                invalid              -1               
 4               -1              0               Can't open MCFG table. Check permission of 
4               /sys/firmware/acpi/tables/MCFG15              4               
0               0               Can't open MCFG table. Check permission of 7               invalid/sys/firmware/acpi/tables/MCFG115               
1                Can't open MCFG table. Check permission of invalid /pcm/sys/firmware/acpi/tables/MCFG  
  Can't open MCFG table. Check permission of   /pcm/sys/firmware/acpi/tables/MCFG1  
     -1               
 5               -1              0               
5               WARNING: enumeration of devices in UncorePMUDiscovery failed
=====  Placement on packages  =====
5               Package Id.    Core Id.     Processors
0               0              invalid0 , 1 , 2 , 3 , 4 ,-1              5
,6               60               ,6               76               
0               1              invalid0 , 1 , 2 , 3 , 4 ,-1              5
,7               60               ,7               77               
0               
=====  Core/Tile sharing  =====
invalidLevel      Processors
Core        ( 0 ) ( 1 ) ( 2 )-1              (
38               )0               (0               48               )1               (invalid5 ) ( 6 ) ( 7 ) ( 8-1              )
(9               90               )1               (9               101               )invalid( 11 ) ( 12 ) ( 13 ) (-1              14
)10              (0               152               )10              
Tile / L2$ 1               (invalid0 ) ( 1 ) ( 2 ) ( 3-1              )
(11              40               )3               (11              51               )invalid( 6 ) ( 7 ) ( 8 ) (-1              9
)12              (0               104               )12              (1               11invalid) ( 12 ) ( 13 ) ( 14 )-1              (
1513              )0               
5               
13              1               Package thermal spec power: invalid0  Watt;  Package minimum power:  0  Watt;  Package maximum power:  0  Watt;
  -1              
14              0               6               14              1               invalid         -1              
15              0               7               15              1               invalid         -1              
=====  Placement on packages  =====
Package Id.    Core Id.     Processors
0              0,1,2,3,4,5,6,7
1              0,1,2,3,4,5,6,7

=====  Core/Tile sharing  =====
Level      Processors
Core       (0)(1)(2)(3)(4)(5)(6)(7)(8)(9)(10)(11)(12)(13)(14)(15)
Tile / L2$ (0)(1)(2)(3)(4)(5)(6)(7)(8)(9)(10)(11)(12)(13)(14)(15)

Package thermal spec power: 0 Watt; Package minimum power: 0 Watt; Package maximum power: 0 Watt;

Can't open MCFG table. Check permission of /sys/firmware/acpi/tables/MCFG
Can't open MCFG table. Check permission of /sys/firmware/acpi/tables/MCFG1
Can't open MCFG table. Check permission of /pcm/sys/firmware/acpi/tables/MCFG
Can't open MCFG table. Check permission of /pcm/sys/firmware/acpi/tables/MCFG1
WARNING: enumeration of devices in UncorePMUDiscovery failed
INFO: Linux perf interface to program uncore PMUs is present
INFO: using Linux perf interface to program uncore PMUs because env variable PCM_USE_UNCORE_PERF=1
INFO: Secure Boot detected. Using Linux perf for uncore PMU programming.

Can't open MCFG table. Check permission of /sys/firmware/acpi/tables/MCFG
Can't open MCFG table. Check permission of /sys/firmware/acpi/tables/MCFG1
Can't open MCFG table. Check permission of /pcm/sys/firmware/acpi/tables/MCFG
Can't open MCFG table. Check permission of /pcm/sys/firmware/acpi/tables/MCFG1
WARNING: enumeration of devices in UncorePMUDiscovery failed
Number of physical cores: 16
Number of logical cores: 16
Number of online logical cores: 16
Threads (logical cores) per physical core: 1
Num sockets: 2
Physical cores per socket: 8
Last level cache slices per socket: 0
Core PMU (perfmon) version: 4
Number of core PMU generic (programmable) counters: 8
Width of generic (programmable) counters: 48 bits
Number of core PMU fixed counters: 3
Width of fixed counters: 48 bits
Nominal core frequency: 2100000000 Hz
IBRS enabled in the kernel   : no
STIBP enabled in the kernel  : no
The processor is not susceptible to Rogue Data Cache Load: no
The processor supports enhanced IBRS                     : no

=====  Processor topology  =====
OS_Processor    Thread_Id       Core_Id         Tile_Id         Package_Id      Core_Type   Native_CPU_Model
0               0               0               0               0               invalid         -1              
1               0               1               1               0               invalid         -1              
2               0               2               2               0               invalid         -1              
3               0               3               3               0               invalid         -1              
4               0               4               4               0               invalid         -1              
5               0               5               5               0               invalid         -1              
6               0               6               6               0               invalid         -1              
7               0               7               7               0               invalid         -1              
8               0               0               8               1               invalid         -1              
9               0               1               9               1               invalid         -1              
10              0               2               10              1               invalid         -1              
11              0               3               11              1               invalid         -1              
12              0               4               12              1               invalid         -1              
13              0               5               13              1               invalid         -1              
14              0               6               14              1               invalid         -1              
15              0               7               15              1               invalid         -1              
=====  Placement on packages  =====
Package Id.    Core Id.     Processors
0              0,1,2,3,4,5,6,7
1              0,1,2,3,4,5,6,7

=====  Core/Tile sharing  =====
Level      Processors
Core       (0)(1)(2)(3)(4)(5)(6)(7)(8)(9)(10)(11)(INFO: Linux perf interface to program uncore PMUs is 12present
)INFO: using Linux perf interface to program uncore PMUs because env variable PCM_USE_UNCORE_PERF=1
(INFO: Secure Boot detected. Using Linux perf for uncore PMU programming.
13)(14)(15)
Tile / L2$ (0)(1)(2)(3)(4)(5)(6)(7)(8)(9)(10)(11)(12)(13)(14)(15)

Package thermal spec power: 0 Watt; Package minimum power: 0 Watt; Package maximum power: 0 Watt;

Can't open MCFG table. Check permission of /sys/firmware/acpi/tables/MCFG
Can't open MCFG table. Check permission of /sys/firmware/acpi/tables/MCFG1
Can't open MCFG table. Check permission of /pcm/sys/firmware/acpi/tables/MCFG
Can't open MCFG table. Check permission of /pcm/sys/firmware/acpi/tables/MCFG1
WARNING: enumeration of devices in UncorePMUDiscovery failed
INFO: Linux perf interface to program uncore PMUs is present
INFO: using Linux perf interface to program uncore PMUs because env variable PCM_USE_UNCORE_PERF=1
INFO: Secure Boot detected. Using Linux perf for uncore PMU programming.
INFO: Linux perf interface to program uncore PMUs is present
INFO: using Linux perf interface to program uncore PMUs because env variable PCM_USE_UNCORE_PERF=1
INFO: Secure Boot detected. Using Linux perf for uncore PMU programming.
INFO: Linux perf interface to program uncore PMUs is present
INFO: using Linux perf interface to program uncore PMUs because env variable PCM_USE_UNCORE_PERF=1
INFO: Secure Boot detected. Using Linux perf for uncore PMU programming.
Socket Number of physical cores: 16
Number of logical cores: 16
Number of online logical cores: 16
Threads (logical cores) per physical core: 1
Num sockets: 2
Physical cores per socket: 8
Last level cache slices per socket: 0
Core PMU (perfmon) version: 4
Number of core PMU generic (programmable) counters: 8
Width of generic (programmable) counters: 48 bits
Number of core PMU fixed counters: 3
Width of fixed counters: 48 bits
Nominal core frequency: 2100000000 Hz
IBRS enabled in the kernel   : no
STIBP enabled in the kernel  : no
The processor is not susceptible to Rogue Data Cache Load: no
The processor supports enhanced IBRS                     : no

=====  Processor topology  =====
OS_Processor    Thread_Id       Core_Id         Tile_Id         Package_Id      Core_Type   Native_CPU_Model
0               0               0               0               0               invalid         -1              
1               0               1               1               0               invalid         -1              
2               0               2               2               0               invalid         -1              
3               0               3               3               0               invalid         -1              
4               0               4               4               0               invalid         -1              
5               0               5               5               0               invalid         -1              
6               0               6               6               0               invalid         -1              
7               0               7               7               0               invalid         -1              
8               0               0               8               1               invalid         -1              
9               0               1               9               1               invalid         -1              
10              0               2               10              1               invalid         -1              
11              0               3               11              1               invalid         -1              
12              0               4               12              1               invalid         -1              
13              0               5               13              1               invalid         -1              
14              0               6               14              1               invalid         -1              
15              0               7               15              1               invalid         -1              
=====  Placement on packages  =====
Package Id.    Core Id.     Processors
0              0,1,2,3,4,5,6,7
1              0,1,2,3,4,5,6,7

=====  Core/Tile sharing  =====
Level      Processors
Core       (0)(1)(2)(3)(4)(5)(6)(7)(8)(9)(10)(11)(12)(13)(14)(15)
Tile / L2$ (0)(1)(2)(3)(4)(5)(6)(7)(8)(9)(10)(11)(12)(13)(14)(15)

Package thermal spec power: 0 Watt; Package minimum power: 0 Watt; Package maximum power: 0 Watt;

Can't open MCFG table. Check permission of /sys/firmware/acpi/tables/MCFG
Can't open MCFG table. Check permission of /sys/firmware/acpi/tables/MCFG1
Can't open MCFG table. Check permission of /pcm/sys/firmware/acpi/tables/MCFG
Can't open MCFG table. Check permission of /pcm/sys/firmware/acpi/tables/MCFG1
WARNING: enumeration of devices in UncorePMUDiscovery failed
Socket 0: 2 memory controllers detected with total number of 6 channels. 2 UPI ports detected. 2 M2M (mesh to memory) blocks detected. 0 Home Agents detected. 2 M3UPI blocks detected.
Socket 0: 2 memory controllers detected with total number of 6 channels. 2 UPI ports detected. 2 M2M (mesh to memory) blocks detected. 0 Home Agents detected. 2 M3UPI blocks detected.
INFO: Linux perf interface to program uncore PMUs is present
INFO: using Linux perf interface to program uncore PMUs because env variable PCM_USE_UNCORE_PERF=1
INFO: Secure Boot detected. Using Linux perf for uncore PMU programming.
Socket 0: 2 memory controllers detected with total number of 6 channels. 2 UPI ports detected. 2 M2M (mesh to memory) blocks detected. 0 Home Agents detected. 2 M3UPI blocks detected.
Socket 0: 2 memory controllers detected with total number of 6 channels. 2 UPI ports detected. 2 M2M (mesh to memory) blocks detected. 0 Home Agents detected. 2 M3UPI blocks detected.
Socket 0: 2 memory controllers detected with total number of 6 channels. 2 UPI ports detected. 2 M2M (mesh to memory) blocks detected. 0 Home Agents detected. 2 M3UPI blocks detected.
Socket 0: 2 memory controllers detected with total number of 6 channels. 2 UPI ports detected. 2 M2M (mesh to memory) blocks detected. 0 Home Agents detected. 2 M3UPI blocks detected.
Number of physical cores: 16
Number of logical cores: 16
Number of online logical cores: 16
Threads (logical cores) per physical core: 1
Num sockets: 2
Physical cores per socket: 8
Last level cache slices per socket: 0
Core PMU (perfmon) version: 4
Number of core PMU generic (programmable) counters: 8
Width of generic (programmable) counters: 48 bits
Number of core PMU fixed counters: 3
Width of fixed counters: 48 bits
Nominal core frequency: 2100000000 Hz
IBRS enabled in the kernel   : no
STIBP enabled in the kernel  : no
The processor is not susceptible to Rogue Data Cache Load: no
The processor supports enhanced IBRS                     : no

=====  Processor topology  =====
OS_Processor    Thread_Id       Core_Id         Tile_Id         Package_Id      Core_Type   Native_CPU_Model
0               0               0               0               0               invalid         -1              
1               0               1               1               0               invalid         -1              
2               0               2               2               0               invalid         -1              
3               0               3               3               0               invalid         -1              
4               0               4               4               0               invalid         -1              
5               0               5               5               0               invalid         -1              
6               0               6               6               0               invalid         -1              
7               0               7               7               0               invalid         -1              
8               0               0               8               1               invalid         -1              
9               0               1               9               1               invalid         -1              
10              0               2               10              1               invalid         -1              
11              0               3               11              1               invalid         -1              
12              0               4               12              1               invalid         -1              
13              0               5               13              1               invalid         -1              
14              0               6               14              1               invalid         -1              
15              0               7               15              1               invalid         -1              
=====  Placement on packages  =====
Package Id.    Core Id.     Processors
0              0,1,2,3,4,5,6,7
1              0,1,2,3,4,5,6,7

=====  Core/Tile sharing  =====
Level      Processors
Core       (0)(1)(2)(3)(4)(5)(6)(7)(8)(9)(10)(11)(12)(13)(14)(15)
Tile / L2$ (0)(1)(2)(3)(4)(5)(6)(7)(8)(9)(10)(11)(12)(13)(14)(15)

Package thermal spec power: 0 Watt; Package minimum power: 0 Watt; Package maximum power: 0 Watt;

Can't open MCFG table. Check permission of /sys/firmware/acpi/tables/MCFG
Can't open MCFG table. Check permission of /sys/firmware/acpi/tables/MCFG1
Can't open MCFG table. Check permission of /pcm/sys/firmware/acpi/tables/MCFG
Can't open MCFG table. Check permission of /pcm/sys/firmware/acpi/tables/MCFG1
WARNING: enumeration of devices in UncorePMUDiscovery failed
INFO: Linux perf interface to program uncore PMUs is present
INFO: using Linux perf interface to program uncore PMUs because env variable PCM_USE_UNCORE_PERF=1
INFO: Secure Boot detected. Using Linux perf for uncore PMU programming.
Socket 1: 2 memory controllers detected with total number of 6 channels. 2 UPI ports detected. 2 M2M (mesh to memory) blocks detected. 0 Home Agents detected. 2 M3UPI blocks detected.
Number of physical cores: Number of physical cores: 16
Number of logical cores: INFO: Linux perf interface to program uncore PMUs is 1616

present
Number of online logical cores: Number of logical cores: INFO: using Linux perf interface to program uncore PMUs because env variable PCM_USE_UNCORE_PERF=1
1616Socket INFO: Secure Boot detected. Using Linux perf for uncore PMU programming.


1Threads (logical cores) per physical core: Number of online logical cores: : 1162

 memory controllers detected with total number of Num sockets: Threads (logical cores) per physical core: 621 channels. 

2Physical cores per socket: Num sockets:  82UPI

 ports detected.Last level cache slices per socket: Physical cores per socket:  082

 M2M (mesh to memory) blocks detected. Core PMU (perfmon) version: Last level cache slices per socket: 040 Home Agents detected. 

2Number of core PMU generic (programmable) counters: Core PMU (perfmon) version:  M3UPI blocks detected.
84

Width of generic (programmable) counters: Number of core PMU generic (programmable) counters: 488 bits

Number of core PMU fixed counters: Width of generic (programmable) counters: 348
 bits
Width of fixed counters: Number of core PMU fixed counters: 483 bits

Nominal core frequency: Width of fixed counters: 210000000048 Hz
 bits
IBRS enabled in the kernel   : Nominal core frequency: no2100000000
 Hz
STIBP enabled in the kernel  : IBRS enabled in the kernel   : nono

The processor is not susceptible to Rogue Data Cache Load: STIBP enabled in the kernel  : nono

The processor supports enhanced IBRS                     : The processor is not susceptible to Rogue Data Cache Load: nono


=====  Processor topology  =====
The processor supports enhanced IBRS                     : OS_Processor    Thread_Id       Core_Id         Tile_Id         Package_Id      Core_Type   Native_CPU_Model
no0               
0               
=====  Processor topology  =====
0               OS_Processor    Thread_Id       Core_Id         Tile_Id         Package_Id      Core_Type   Native_CPU_Model
0               0               0               0               invalid0                0                0                invalid            -1               
  1               -1              0               
1               1               1               0               0               invalid1                1                0                invalid            -1               
 2                0               -1              2               
2               2               0               0               invalid2                2                0                invalid            -1               
 3                0               -1              3               
3               3               0               0               invalid3                3                0                invalid            -1               
 4                0               -1              4               
4               4               0               0               invalid4                4                0                invalid            -1               
 5                0               -1              5               
5               5               0               0               invalid5                5                0                invalid            -1               
 6                0               -1              6               
6               6               0               0               invalid6                6                0                invalid            -1               
 7                0               -1              7               
7               7               0               0               invalid7                7                0                invalid            -1               
 8                0               -1              0               
8               8               1               0               invalid0                8                1                invalid            -1               
 9                0               -1              1               
9               9               1               0               invalid1                9                1                invalid            -1               
 10               0               -1              2               
10              10              1               0               invalid2                10               1                invalid            -1               
 11               0               -1              3               
11              11              1               0               invalid3                11               1                invalid            -1               
 12               0               -1              4               
12              12              1               0               invalid4                12               1                invalid            -1               
 13               0               -1              5               
13              13              1               0               invalid5                13               1                invalid            -1               
 14               0               -1              6               
14              14              1               0               invalid6                14               1                invalid            -1               
 15               0               -1              7               
15              15              1               0               invalid7                15               1                invalid            -1               
 =====  Placement on packages  =====
 Package Id.    Core Id.     Processors
-1              0              
0=====  Placement on packages  =====
,Package Id.    Core Id.     Processors
10              ,02,,13,,24,,35,,46,,57,
61              ,07,
11              Socket ,012,: ,123, memory controllers detected with total number of ,264, channels. ,532,, 64UPI,, ports detected.75 
,2
=====  Core/Tile sharing  =====
6 M2M (mesh to memory) blocks detected. Level      Processors
Core       ,0(7 Home Agents detected. 0
2)
=====  Core/Tile sharing  =====
 M3UPI blocks detected.
(Level      Processors
Core       1()0()2()1()3()2()4()3()5()4()6()5()7()6()8()7()9()8()10()9()11()10()12()11()13()12()14()13()15()14
Tile / L2$ )((015))(
Tile / L2$ 1()0()2()1()3()2()4()3()5()4()6()5()7()6()8()7()9()8()10()9()11()10()12()11()13()12()14()13()15()14
)
(15Package thermal spec power: )0
 Watt; 
Package minimum power: 0Package thermal spec power:  Watt; 0Package maximum power:  Watt; 0Package minimum power:  Watt;
0 Watt; Package maximum power: 0 Watt;


Can't open MCFG table. Check permission of /sys/firmware/acpi/tables/MCFG
Can't open MCFG table. Check permission of Can't open MCFG table. Check permission of /sys/firmware/acpi/tables/MCFG1/sys/firmware/acpi/tables/MCFG

Can't open MCFG table. Check permission of Can't open MCFG table. Check permission of /pcm/sys/firmware/acpi/tables/MCFG/sys/firmware/acpi/tables/MCFG1

Can't open MCFG table. Check permission of Can't open MCFG table. Check permission of /pcm/sys/firmware/acpi/tables/MCFG1/pcm/sys/firmware/acpi/tables/MCFG

Can't open MCFG table. Check permission of /pcm/sys/firmware/acpi/tables/MCFG1
WARNING: enumeration of devices in UncorePMUDiscovery failed
WARNING: enumeration of devices in UncorePMUDiscovery failed
INFO: Linux perf interface to program uncore PMUs is present
INFO: using Linux perf interface to program uncore PMUs because env variable PCM_USE_UNCORE_PERF=1
INFO: Secure Boot detected. Using Linux perf for uncore PMU programming.
Socket 1: 2 memory controllers detected with total number of 6 channels. 2 UPI ports detected. 2 M2M (mesh to memory) blocks detected. 0 Home Agents detected. 2 M3UPI blocks detected.
Socket 1: 2 memory controllers detected with total number of 6 channels. 2 UPI ports detected. 2 M2M (mesh to memory) blocks detected. 0 Home Agents detected. 2 M3UPI blocks detected.
Socket 1: 2 memory controllers detected with total number of 6 channels. 2 UPI ports detected. 2 M2M (mesh to memory) blocks detected. 0 Home Agents detected. 2 M3UPI blocks detected.
Socket 0: 2 memory controllers detected with total number of 6 channels. 2 UPI ports detected. 2 M2M (mesh to memory) blocks detected. 0 Home Agents detected. 2 M3UPI blocks detected.
INFO: Linux perf interface to program uncore PMUs is present
INFO: using Linux perf interface to program uncore PMUs because env variable PCM_USE_UNCORE_PERF=1
INFO: Secure Boot detected. Using Linux perf for uncore PMU programming.
INFO: Linux perf interface to program uncore PMUs is present
INFO: using Linux perf interface to program uncore PMUs because env variable PCM_USE_UNCORE_PERF=1
INFO: Secure Boot detected. Using Linux perf for uncore PMU programming.
Socket 0: 2 memory controllers detected with total number of 6 channels. 2 UPI ports detected. 2 M2M (mesh to memory) blocks detected. 0 Home Agents detected. 2 M3UPI blocks detected.
Socket 1         -1              
13              0               5               13              1               invalid         -1              
14              0               6               14              1               invalid         -1              
15              0               7               15              1               invalid         -1              
=====  Placement on packages  =====
Package Id.    Core Id.     Processors
0              0,1,2,3,4,5,6,7
1              0,1,2,3,4,5,6,7

=====  Core/Tile sharing  =====
Level      Processors
Core       (0)(1)(2)(3)(4)(5)(6)(7)(8)(9)(10)(11)(12)(13)(14)(15)
Tile / L2$ (0)(1)(2)(3)(4)(5)(6)(7)(8)(9)(10)(11)(12)(13)(14)(15)

Package thermal spec power: 0 Watt; Package minimum power: 0 Watt; Package maximum power: 0 Watt;

Can't open MCFG table. Check permission of /sys/firmware/acpi/tables/MCFG
Can't open MCFG table. Check permission of /sys/firmware/acpi/tables/MCFG1
Can't open MCFG table. Check permission of /pcm/sys/firmware/acpi/tables/MCFG
Can't open MCFG table. Check permission of /pcm/sys/firmware/acpi/tables/MCFG1
WARNING: enumeration of devices in UncorePMUDiscovery failed
INFO: Linux perf interface to program uncore PMUs is present
INFO: using Linux perf interface to program uncore PMUs because env variable PCM_USE_UNCORE_PERF=1
INFO: Secure Boot detected. Using Linux perf for uncore PMU programming.
Socket 1: 2 memory controllers detected with total number of 6 channels. 2 UPI ports detected. 2 M2M (mesh to memory) blocks detected. 0 Home Agents detected. 2 M3UPI blocks detected.
Socket 1: 2 memory controllers detected with total number of 6 channels. 2 UPI ports detected. 2 M2M (mesh to memory) blocks detected. 0 Home Agents detected. 2 M3UPI blocks detected.
0: 2 memory controllers detected with total number of 6 channels. 2 UPI ports detected. 2 M2M (mesh to memory) blocks detected. 0 Home Agents detected. 2 M3UPI blocks detected.
: 2 memory controllers detected with total number of 6 channels. 2 UPI ports detected. 2 M2M (mesh to memory) blocks detected. 0 Home Agents detected. 2 M3UPI blocks detected.
INFO: using Linux resctrl driver for RDT metrics (L3OCC, LMB, RMB) because environment variable PCM_USE_RESCTRL=1
ERROR: /sys/fs/resctrl is not mounted
ERROR: RDT metrics (L3OCC,LMB,RMB) will not be available
Mount it to make it work: mount -t resctrl resctrl /sys/fs/resctrl

 Closed perf event handles
Trying to use Linux perf events...
INFO: using Linux resctrl driver for RDT metrics (L3OCC, LMB, RMB) because environment variable PCM_USE_RESCTRL=1
ERROR: /sys/fs/resctrl is not mounted
ERROR: RDT metrics (L3OCC,LMB,RMB) will not be available
Mount it to make it work: mount -t resctrl resctrl /sys/fs/resctrl
Socket 0: 2 memory controllers detected with total number of 6 channels. 2 UPI ports detected. 2 M2M (mesh to memory) blocks detected. 0 Home Agents detected. 2 M3UPI blocks detected.
INFO: using Linux resctrl driver for RDT metrics (L3OCC, LMB, RMB) because environment variable PCM_USE_RESCTRL=1
ERROR: /sys/fs/resctrl is not mounted
ERROR: RDT metrics (L3OCC,LMB,RMB) will not be available
Mount it to make it work: mount -t resctrl resctrl /sys/fs/resctrl
INFO: using Linux resctrl driver for RDT metrics (L3OCC, LMB, RMB) because environment variable PCM_USE_RESCTRL=1
ERROR: /sys/fs/resctrl is not mounted
ERROR: RDT metrics (L3OCC,LMB,RMB) will not be available
Mount it to make it work: mount -t resctrl resctrl /sys/fs/resctrl


INFO: using Linux resctrl driver for RDT metrics (L3OCC, LMB, RMB) because environment variable PCM_USE_RESCTRL=1
ERROR: /sys/fs/resctrl is not mounted
ERROR: RDT metrics (L3OCC,LMB,RMB) will not be available
Mount it to make it work: mount -t resctrl resctrl /sys/fs/resctrl

 Closed perf event handles
Trying to use Linux perf events...
Socket 0: 2 memory controllers detected with total number of 6 channels. 2 UPI ports detected. 2 M2M (mesh to memory) blocks detected. 0 Home Agents detected. 2 M3UPI blocks detected.
 Closed perf event handles
Trying to use Linux perf events...

 Closed perf event handles
Trying to use Linux perf events...
Socket 1: 2 memory controllers detected with total number of 6 channels. 2 UPI ports detected. 2 M2M (mesh to memory) blocks detected. 0 Home Agents detected. 2 M3UPI blocks detected.
 Closed perf event handles
Trying to use Linux perf events...
Socket 1: 2 memory controllers detected with total number of 6 channels. 2 UPI ports detected. 2 M2M (mesh to memory) blocks detected. 0 Home Agents detected. 2 M3UPI blocks detected.
Socket 0: 2 memory controllers detected with total number of 6 channels. 2 UPI ports detected. 2 M2M (mesh to memory) blocks detected. 0 Home Agents detected. 2 M3UPI blocks detected.
INFO: using Linux resctrl driver for RDT metrics (L3OCC, LMB, RMB) because environment variable PCM_USE_RESCTRL=1
ERROR: /sys/fs/resctrl is not mounted
ERROR: RDT metrics (L3OCC,LMB,RMB) will not be available
Mount it to make it work: mount -t resctrl resctrl /sys/fs/resctrl
Socket 0: 2 memory controllers detected with total number of 6 channels. 2 UPI ports detected. 2 M2M (mesh to memory) blocks detected. 0 Home Agents detected. 2 M3UPI blocks detected.

 Closed perf event handles
Trying to use Linux perf events...
Socket 1: 2 memory controllers detected with total number of 6 channels. 2 UPI ports detected. 2 M2M (mesh to memory) blocks detected. 0 Home Agents detected. 2 M3UPI blocks detected.
Socket 1: 2 memory controllers detected with total number of 6 channels. 2 UPI ports detected. 2 M2M (mesh to memory) blocks detected. 0 Home Agents detected. 2 M3UPI blocks detected.
Socket 1: 2 memory controllers detected with total number of 6 channels. 2 UPI ports detected. 2 M2M (mesh to memory) blocks detected. 0 Home Agents detected. 2 M3UPI blocks detected.
INFO: using Linux resctrl driver for RDT metrics (L3OCC, LMB, RMB) because environment variable PCM_USE_RESCTRL=1
ERROR: /sys/fs/resctrl is not mounted
ERROR: RDT metrics (L3OCC,LMB,RMB) will not be available
Mount it to make it work: mount -t resctrl resctrl /sys/fs/resctrl

INFO: using Linux resctrl driver for RDT metrics (L3OCC, LMB, RMB) because environment variable PCM_USE_RESCTRL=1
ERROR: /sys/fs/resctrl is not mounted
ERROR: RDT metrics (L3OCC,LMB,RMB) will not be available
Mount it to make it work: mount -t resctrl resctrl /sys/fs/resctrl
 Closed perf event handles
Trying to use Linux perf events...

 Closed perf event handles
Trying to use Linux perf events...
INFO: using Linux resctrl driver for RDT metrics (L3OCC, LMB, RMB) because environment variable PCM_USE_RESCTRL=1
ERROR: /sys/fs/resctrl is not mounted
ERROR: RDT metrics (L3OCC,LMB,RMB) will not be available
Mount it to make it work: mount -t resctrl resctrl /sys/fs/resctrl

 Closed perf event handles
Trying to use Linux perf events...
INFO: using Linux resctrl driver for RDT metrics (L3OCC, LMB, RMB) because environment variable PCM_USE_RESCTRL=1
ERROR: /sys/fs/resctrl is not mounted
ERROR: RDT metrics (L3OCC,LMB,RMB) will not be available
Mount it to make it work: mount -t resctrl resctrl /sys/fs/resctrl

 Closed perf event handles
Trying to use Linux perf events...
INFO: using Linux resctrl driver for RDT metrics (L3OCC, LMB, RMB) because environment variable PCM_USE_RESCTRL=1
ERROR: /sys/fs/resctrl is not mounted
ERROR: RDT metrics (L3OCC,LMB,RMB) will not be available
Mount it to make it work: mount -t resctrl resctrl /sys/fs/resctrl

 Closed perf event handles
Trying to use Linux perf events...
Socket 0: 2 memory controllers detected with total number of 6 channels. 2 UPI ports detected. 2 M2M (mesh to memory) blocks detected. 0 Home Agents detected. 2 M3UPI blocks detected.
Socket 0: 2 memory controllers detected with total number of 6 channels. 2 UPI ports detected. 2 M2M (mesh to memory) blocks detected. 0 Home Agents detected. 2 M3UPI blocks detected.
INFO: using Linux resctrl driver for RDT metrics (L3OCC, LMB, RMB) because environment variable PCM_USE_RESCTRL=1
ERROR: /sys/fs/resctrl is not mounted
ERROR: RDT metrics (L3OCC,LMB,RMB) will not be available
Mount it to make it work: mount -t resctrl resctrl /sys/fs/resctrl

 Closed perf event handles
Trying to use Linux perf events...
Socket Successfully programmed on-core PMU using Linux perf
1: 2 memory controllers detected with total number of 6 channels. 2 UPI ports detected. 2 M2M (mesh to memory) blocks detected. 0 Home Agents detected. 2 M3UPI blocks detected.
Successfully programmed on-core PMU using Linux perf
Socket 1: 2 memory controllers detected with total number of 6 channels. 2 UPI ports detected. 2 M2M (mesh to memory) blocks detected. 0 Home Agents detected. 2 M3UPI blocks detected.
Successfully programmed on-core PMU using Linux perf
Successfully programmed on-core PMU using Linux perf
INFO: using Linux resctrl driver for RDT metrics (L3OCC, LMB, RMB) because environment variable PCM_USE_RESCTRL=1
INFO: using Linux resctrl driver for RDT metrics (L3OCC, LMB, RMB) because environment variable PCM_USE_RESCTRL=1
ERROR: /sys/fs/resctrl is not mounted
ERROR: RDT metrics (L3OCC,LMB,RMB) will not be available
Mount it to make it work: mount -t resctrl resctrl /sys/fs/resctrl
ERROR: /sys/fs/resctrl is not mounted
ERROR: RDT metrics (L3OCC,LMB,RMB) will not be available
Mount it to make it work: mount -t resctrl resctrl /sys/fs/resctrl
Successfully programmed on-core PMU using Linux perf
Successfully programmed on-core PMU using Linux perf
Successfully programmed on-core PMU using Linux perf
Successfully programmed on-core PMU using Linux perf
Successfully programmed on-core PMU using Linux perf
Successfully programmed on-core PMU using Linux perf
INFO: using Linux resctrl driver for RDT metrics (L3OCC, LMB, RMB) because environment variable PCM_USE_RESCTRL=1
ERROR: /sys/fs/resctrl is not mounted
ERROR: RDT metrics (L3OCC,LMB,RMB) will not be available
Mount it to make it work: mount -t resctrl resctrl /sys/fs/resctrl
INFO: using Linux resctrl driver for RDT metrics (L3OCC, LMB, RMB) because environment variable PCM_USE_RESCTRL=1
ERROR: /sys/fs/resctrl is not mounted
ERROR: RDT metrics (L3OCC,LMB,RMB) will not be available
Mount it to make it work: mount -t resctrl resctrl /sys/fs/resctrl
Successfully programmed on-core PMU using Linux perf


 Closed perf event handles
Trying to use Linux perf events...
 Closed perf event handles
Trying to use Linux perf events...


 Closed perf event handles
Trying to use Linux perf events...
 Closed perf event handles
Trying to use Linux perf events...
Successfully programmed on-core PMU using Linux perf
Successfully programmed on-core PMU using Linux perf
Successfully programmed on-core PMU using Linux perf
Successfully programmed on-core PMU using Linux perf
Successfully programmed on-core PMU using Linux perf
Socket 0
Max UPI link 0 speed: 0.6 GBytes/second (0.3 GT/second)
Max UPI link 1 speed: 0.6 GBytes/second (0.3 GT/second)
Socket 1
Max UPI link 0 speed: 0.8 GBytes/second (0.3 GT/second)
Max UPI link 1 speed: 0.8 GBytes/second (0.3 GT/second)

Detected Intel(R) Xeon(R) Silver 4208 CPU @ 2.10GHz "Intel(r) microarchitecture codename Cascade Lake-SP" stepping 7

Executing "./VE/himenoBM/himenoBMT" command:
Socket 0
Max UPI link 0 speed: 0.8 GBytes/second (0.4 GT/second)
Max UPI link 1 speed: 0.8 GBytes/second (0.4 GT/second)
Socket 1
Max UPI link 0 speed: 0.7 GBytes/second (0.3 GT/second)
Max UPI link 1 speed: 0.7 GBytes/second (0.3 GT/second)

Detected Intel(R) Xeon(R) Silver 4208 CPU @ 2.10GHz "Intel(r) microarchitecture codename Cascade Lake-SP" stepping 7

Executing "./VE/himenoBM/himenoBMT" command:
Socket 0
Max UPI link 0 speed: 0.7 GBytes/second (0.3 GT/second)
Max UPI link 1 speed: 0.7 GBytes/second (0.3 GT/second)
Socket 1
Max UPI link 0 speed: 0.8 GBytes/second (0.3 GT/second)
Max UPI link 1 speed: 0.8 GBytes/second (0.3 GT/second)
Socket 
Detected 0Intel(R) Xeon(R) Silver 4208 CPU @ 2.10GHz
 "Intel(r) microarchitecture codename Max Cascade Lake-SPUPI" stepping  link 70
 speed: 0.7 GBytes/second (0.3 GT/second)
Max UPI link 1 speed: 0.7 GBytes/second (0.3 GT/second)
Socket 1
Max UPI link 0 speed: 0.6 GBytes/second (0.2 GT/second)
Max UPI link 1 speed: 0.6 GBytes/second (0.2 GT/second)

Detected Intel(R) Xeon(R) Silver 4208 CPU @ 2.10GHz "Intel(r) microarchitecture codename Cascade Lake-SP" stepping 7

Executing "./VE/himenoBM/himenoBMT
Executing "" command:
./VE/himenoBM/himenoBMT" command:
Socket 0
Max UPI link 0 speed: 0.8 GBytes/second (0.4 GT/second)
Max UPI link 1 speed: 0.8 GBytes/second (0.4 GT/second)
Socket 1
Max UPI link 0 speed: 0.7 GBytes/second (0.3 GT/second)
Max UPI link 1 speed: 0.7 GBytes/second (0.3 GT/second)

Detected Intel(R) Xeon(R) Silver 4208 CPU @ 2.10GHz "Intel(r) microarchitecture codename Cascade Lake-SP" stepping 7

Executing "./VE/himenoBM/himenoBMT" command:
Socket 0
Max UPI link 0 speed: 0.4 GBytes/second (0.2 GT/second)
Max UPI link 1 speed: 0.4 GBytes/second (0.2 GT/second)
Socket 1
Max UPI link 0 speed: 0.6 GBytes/second (0.3 GT/second)
Max UPI link 1 speed: 0.6 GBytes/second (0.3 GT/second)

Detected Intel(R) Xeon(R) Silver 4208 CPU @ 2.10GHz "Intel(r) microarchitecture codename Cascade Lake-SP" stepping 7

Executing "./VE/himenoBM/himenoBMT" command:
Socket 0
Max UPI link 0 speed: 0.4 GBytes/second (0.2 GT/second)
Max UPI link 1 speed: 0.4 GBytes/second (0.2 GT/second)
Socket 1
Max UPI link 0 speed: 0.6 GBytes/second (0.2 GT/second)
Max UPI link 1 speed: 0.6 GBytes/second (0.2 GT/second)

Detected Intel(R) Xeon(R) Silver 4208 CPU @ 2.10GHz "Intel(r) microarchitecture codename Cascade Lake-SP" stepping 7

Executing "./VE/himenoBM/himenoBMT" command:
Socket 0
Max UPI link 0 speed: 0.8 GBytes/second (0.4 GT/second)
Max UPI link 1 speed: 0.8 GBytes/second (0.4 GT/second)
Socket 1
Max UPI link 0 speed: 0.7 GBytes/second (0.3 GT/second)
Max UPI link 1 speed: 0.7 GBytes/second (0.3 GT/second)

Detected Intel(R) Xeon(R) Silver 4208 CPU @ 2.10GHz "Intel(r) microarchitecture codename Cascade Lake-SP" stepping 7

Executing "./VE/himenoBM/himenoBMT" command:
Socket 0
Max UPI link 0 speed: 0.8 GBytes/second (0.4 GT/second)
Max UPI link 1 speed: 0.8 GBytes/second (0.4 GT/second)
Socket 1
Max UPI link 0 speed: 0.8 GBytes/second (0.4 GT/second)
Max UPI link 1 speed: 0.8 GBytes/second (0.4 GT/second)

Detected Intel(R) Xeon(R) Silver 4208 CPU @ 2.10GHz "Intel(r) microarchitecture codename Cascade Lake-SP" stepping 7

Executing "./VE/himenoBM/himenoBMT" command:
Socket 0
Max UPI link 0 speed: 0.8 GBytes/second (0.4 GT/second)
Max UPI link 1 speed: 0.8 GBytes/second (0.4 GT/second)
Socket 1
Max UPI link 0 speed: 0.7 GBytes/second (0.3 GT/second)
Max UPI link 1 speed: 0.7 GBytes/second (0.3 GT/second)

Detected Intel(R) Xeon(R) Silver 4208 CPU @ 2.10GHz "Intel(r) microarchitecture codename Cascade Lake-SP" stepping 7

Executing "./VE/himenoBM/himenoBMT" command:
Socket 0
Max UPI link 0 speed: 0.6 GBytes/second (0.3 GT/second)
Max UPI link 1 speed: 0.6 GBytes/second (0.3 GT/second)
Socket 1
Max UPI link 0 speed: 0.7 GBytes/second (0.3 GT/second)
Max UPI link 1 speed: 0.7 GBytes/second (0.3 GT/second)

Detected Intel(R) Xeon(R) Silver 4208 CPU @ 2.10GHz "Intel(r) microarchitecture codename Cascade Lake-SP" stepping 7

Executing "./VE/himenoBM/himenoBMT" command:
Socket 0
Max UPI link 0 speed: 0.7 GBytes/second (0.3 GT/second)
Max UPI link 1 speed: 0.7 GBytes/second (0.3 GT/second)
Socket 1
Max UPI link 0 speed: 0.7 GBytes/second (0.3 GT/second)
Max UPI link 1 speed: 0.7 GBytes/second (0.3 GT/second)

Detected Intel(R) Xeon(R) Silver 4208 CPU @ 2.10GHz "Intel(r) microarchitecture codename Cascade Lake-SP" stepping 7

Executing "./VE/himenoBM/himenoBMT" command:
Socket 0
Max UPI link 0 speed: 0.7 GBytes/second (0.3 GT/second)
Max UPI link 1 speed: 0.7 GBytes/second (0.3 GT/second)
Socket 1
Max UPI link 0 speed: 0.7 GBytes/second (0.3 GT/second)
Max UPI link 1 speed: 0.7 GBytes/second (0.3 GT/second)

Detected Intel(R) Xeon(R) Silver 4208 CPU @ 2.10GHz "Intel(r) microarchitecture codename Cascade Lake-SP" stepping 7

Executing "./VE/himenoBM/himenoBMT" command:
Socket 0
Max UPI link 0 speed: 0.6 GBytes/second (0.3 GT/second)
Max UPI link 1 speed: 0.6 GBytes/second (0.3 GT/second)
Socket 1
Max UPI link 0 speed: 0.6 GBytes/second (0.3 GT/second)
Max UPI link 1 speed: 0.6 GBytes/second (0.3 GT/second)

Detected Intel(R) Xeon(R) Silver 4208 CPU @ 2.10GHz "Intel(r) microarchitecture codename Cascade Lake-SP" stepping 7

Executing "./VE/himenoBM/himenoBMT" command:
Socket 0
Max UPI link 0 speed: 0.7 GBytes/second (0.3 GT/second)
Max UPI link 1 speed: 0.7 GBytes/second (0.3 GT/second)
Socket 1
Max UPI link 0 speed: 0.9 GBytes/second (0.4 GT/second)
Max UPI link 1 speed: 0.9 GBytes/second (0.4 GT/second)

Detected Intel(R) Xeon(R) Silver 4208 CPU @ 2.10GHz "Intel(r) microarchitecture codename Cascade Lake-SP" stepping 7

Executing "./VE/himenoBM/himenoBMT" command:
Socket 0
Max UPI link 0 speed: 1.6 GBytes/second (0.7 GT/second)
Max UPI link 1 speed: 1.6 GBytes/second (0.7 GT/second)
Socket 1
Max UPI link 0 speed: 0.4 GBytes/second (0.2 GT/second)
Max UPI link 1 speed: 0.4 GBytes/second (0.2 GT/second)

Detected Intel(R) Xeon(R) Silver 4208 CPU @ 2.10GHz "Intel(r) microarchitecture codename Cascade Lake-SP" stepping 7

Executing "./VE/himenoBM/himenoBMT" command:
Sequential version array size
 mimax = 513 mjmax = 513 mkmax = 1025
Parallel version array size
 mimax = 131 mjmax = 131 mkmax = 1025
imax = 129 jmax = 129 kmax =1024
I-decomp = 4 J-decomp = 4 K-decomp =1
 Start rehearsal measurement process.
 Measure the performance in 3 times.

 MFLOPS: 1368.706573 time(s): 19.809845 4.389706e-04

 Now, start the actual measurement process.
 The loop will be excuted in 9 times
 This will take about one minute.
 Wait for a while

cpu : 59.370051 sec.
Loop executed for 9 times
Gosa : 4.345517e-04 
MFLOPS measured : 1370.077875
Score based on Pentium III 600MHz : 16.538844
DEBUG: caught signal to interrupt (Child exited).
Cleaning up
 Closed perf event handles
 Zeroed uncore PMU registers
DEBUG: caught signal to interrupt (Child exited).
Cleaning up
 Closed perf event handles
DEBUG: caught signal to interrupt (Child exited).
Cleaning up
 Closed perf event handles
 Zeroed uncore PMU registers
 Zeroed uncore PMU registers
DEBUG: caught signal to interrupt (Child exited).
Cleaning up
 Closed perf event handles
DEBUG: caught signal to interrupt (Child exited).
Cleaning up
DEBUG: caught signal to interrupt (Child exited).
Cleaning up
 Closed perf event handles
 Closed perf event handles
DEBUG: caught signal to interrupt (Child exited).
Cleaning up
DEBUG: caught signal to interrupt (Child exited).
Cleaning up
DEBUG: caught signal to interrupt (Child exited).
 Closed perf event handles
Cleaning up
 Closed perf event handles
DEBUG: caught signal to interrupt (Child exited).
Cleaning up
 Closed perf event handles
 Closed perf event handles
 Zeroed uncore PMU registers
DEBUG: caught signal to interrupt (Child exited).
Cleaning up
 Closed perf event handles
 Zeroed uncore PMU registers
DEBUG: caught signal to interrupt (Child exited).
Cleaning up
 Closed perf event handles
 Zeroed uncore PMU registers
 Zeroed uncore PMU registers
 Zeroed uncore PMU registers
 Zeroed uncore PMU registers
 Zeroed uncore PMU registers
 Zeroed uncore PMU registers
DEBUG: caught signal to interrupt (Child exited).
Cleaning up
 Zeroed uncore PMU registers
 Closed perf event handles
DEBUG: caught signal to interrupt (Child exited).
Cleaning up
 Closed perf event handles
DEBUG: caught signal to interrupt (Child exited).
Cleaning up
 Closed perf event handles
DEBUG: caught signal to interrupt (Child exited).
Cleaning up
 Closed perf event handles
 Zeroed uncore PMU registers
 Zeroed uncore PMU registers
 Zeroed uncore PMU registers
 Zeroed uncore PMU registers
	Command being timed: "/opt/nec/ve/bin/mpirun -np 16 /usr/sbin/pcm 0.1 -csv=./output/1/ve_Himeno_VE_1.csv -- ./VE/himenoBM/himenoBMT"
	User time (seconds): 15.97
	System time (seconds): 10.71
	Percent of CPU this job got: 18%
	Elapsed (wall clock) time (h:mm:ss or m:ss): 2:21.66
	Average shared text size (kbytes): 0
	Average unshared data size (kbytes): 0
	Average stack size (kbytes): 0
	Average total size (kbytes): 0
	Maximum resident set size (kbytes): 141544
	Average resident set size (kbytes): 0
	Major (requiring I/O) page faults: 1
	Minor (reclaiming a frame) page faults: 10745
	Voluntary context switches: 441657
	Involuntary context switches: 22079
	Swaps: 0
	File system inputs: 0
	File system outputs: 127240
	Socket messages sent: 0
	Socket messages received: 0
	Signals delivered: 0
	Page size (bytes): 4096
	Exit status: 0
