----------------------- Start VH b_eff 2024-03-19_10-37-03 -----------------------

 Intel(r) Performance Counter Monitor (2022-11-24 10:18:12 +0100 ID=1b16bb4e)


PCM Info: setrlimit for file limit 1000000 failed with error Operation not permitted

=====  Processor information  =====


 Intel(r) Performance Counter Monitor 
 Intel(r) Performance Counter Monitor (2022-11-24 10:18:12 +0100 ID=1b16bb4e)(2022-11-24 10:18:12 +0100 ID=1b16bb4e)
 Intel(r) Performance Counter Monitor 

 Intel(r) Performance Counter Monitor (2022-11-24 10:18:12 +0100 ID=1b16bb4e)

(2022-11-24 10:18:12 +0100 ID=1b16bb4e)







PCM Info: setrlimit for file limit PCM Info: setrlimit for file limit 1000000PCM Info: setrlimit for file limit 1000000 failed with error PCM Info: setrlimit for file limit Operation not permitted10000001000000 failed with error 

 failed with error  failed with error Operation not permitted Intel(r) Performance Counter Monitor 
(2022-11-24 10:18:12 +0100 ID=1b16bb4e)


Operation not permittedOperation not permitted
=====  Processor information  =====


PCM Info: setrlimit for file limit 
=====  Processor information  =====
1000000 failed with error Operation not permitted

=====  Processor information  =====

=====  Processor information  =====

=====  Processor information  =====
Linux arch_perfmon flag  : yes
Hybrid processor         : no
IBRS and IBPB supported  : yesLinux arch_perfmon flag  : 
yesSTIBP supported          : 
Linux arch_perfmon flag  : yesHybrid processor         : Linux arch_perfmon flag  : yes
noyes
Spec arch caps supported : Linux arch_perfmon flag  : 

Hybrid processor         : yesyesIBRS and IBPB supported  : Hybrid processor         : no

yesno
Max CPUID level          : Hybrid processor         : 

IBRS and IBPB supported  : 22noSTIBP supported          : IBRS and IBPB supported  : yes
CPU model number         : 85

IBRS and IBPB supported  : yesyes

yesSpec arch caps supported : STIBP supported          : 

STIBP supported          : 
yesyesSTIBP supported          : yes


 Intel(r) Performance Counter Monitor yes
Max CPUID level          : Spec arch caps supported : (2022-11-24 10:18:12 +0100 ID=1b16bb4e) Intel(r) Performance Counter Monitor 
Spec arch caps supported : 22yes
(2022-11-24 10:18:12 +0100 ID=1b16bb4e)Spec arch caps supported : yes



yes
CPU model number         : Max CPUID level          : 


Max CPUID level          : 8522
Max CPUID level          : 22

PCM Info: setrlimit for file limit 22
CPU model number         : 1000000
CPU model number         : 85 failed with error CPU model number         : 85
PCM Info: setrlimit for file limit 85
Operation not permitted1000000

 failed with error Operation not permitted

=====  Processor information  =====

=====  Processor information  =====
Linux arch_perfmon flag  : yesLinux arch_perfmon flag  : 
Hybrid processor         : no
yesIBRS and IBPB supported  : 
yesHybrid processor         : 
noSTIBP supported          : 
yesIBRS and IBPB supported  : 
yesSpec arch caps supported : 
yesSTIBP supported          : 
yesMax CPUID level          : 
22Spec arch caps supported : 
yesCPU model number         : 
85Max CPUID level          : 
22
CPU model number         : 85
Number of physical cores: 16
Number of logical cores: 16
Number of online logical cores: 16
Threads (logical cores) per physical core: 1
Num sockets: 2
Physical cores per socket: 8
Last level cache slices per socket: 0
Core PMU (perfmon) version: 4
Number of core PMU generic (programmable) counters: 8
Width of generic (programmable) counters: 48 bits
Number of core PMU fixed counters: 3
Width of fixed counters: 48 bits
Nominal core frequency: 2100000000 Hz
IBRS enabled in the kernel   : no
STIBP enabled in the kernel  : no
The processor is not susceptible to Rogue Data Cache Load: Number of physical cores: no
Number of physical cores: 16The processor supports enhanced IBRS                     : 
no16Number of logical cores: 

16
=====  Processor topology  =====
Number of logical cores: 
OS_Processor    Thread_Id       Core_Id         Tile_Id         Package_Id      Core_Type   Native_CPU_Model
Number of physical cores: 16Number of online logical cores: Number of physical cores: 0               
Number of physical cores: 16160               16Number of online logical cores: 
16
0               
16Threads (logical cores) per physical core: 
Number of logical cores: 0               Number of logical cores: 
1Number of logical cores: 160               16Threads (logical cores) per physical core: 
16
invalid
1Num sockets: 
Number of online logical cores:  Number of online logical cores: 
2Number of online logical cores: 16 16Num sockets: 
16
 
2Physical cores per socket: 
Threads (logical cores) per physical core:  Threads (logical cores) per physical core: 
8Threads (logical cores) per physical core: 1 1Physical cores per socket: 
1
Num sockets: 2 
8Last level cache slices per socket: 

 Num sockets: 
0Num sockets: Physical cores per socket:  2Last level cache slices per socket: 
28 
0Core PMU (perfmon) version: 

-1              Physical cores per socket: 
4Physical cores per socket: Last level cache slices per socket: 
8Core PMU (perfmon) version: 
80
1               4Number of core PMU generic (programmable) counters: 

Last level cache slices per socket: 0               
8Last level cache slices per socket: Core PMU (perfmon) version: 01               Number of core PMU generic (programmable) counters: 
04
1               8Width of generic (programmable) counters: 

Core PMU (perfmon) version: 0               
48Core PMU (perfmon) version: Number of core PMU generic (programmable) counters: 4invalidWidth of generic (programmable) counters:  bits
48
 48Number of core PMU fixed counters: 

Number of core PMU generic (programmable) counters:   bits
3Number of core PMU generic (programmable) counters: Width of generic (programmable) counters: 8 Number of core PMU fixed counters: 3
Width of fixed counters: 
848
 48Width of fixed counters: 
Width of generic (programmable) counters:  bits
48Number of core PMU fixed counters: Width of generic (programmable) counters:  bits
3Number of core PMU fixed counters:  48  bits

348 bits
 Width of fixed counters: Nominal core frequency: 
Number of core PMU fixed counters:  bits
 482100000000Width of fixed counters: 3Nominal core frequency:   bits
 Hz
Nominal core frequency: Linux arch_perfmon flag  : 48
2100000000-1              IBRS enabled in the kernel   : 2100000000yes bits
Width of fixed counters:  Hz

no Hz

Nominal core frequency: 48IBRS enabled in the kernel   : 
2               IBRS enabled in the kernel   : Hybrid processor         : 2100000000 bits
noSTIBP enabled in the kernel  : 0               nono Hz
Nominal core frequency: 
no2               

IBRS enabled in the kernel   : 2100000000STIBP enabled in the kernel  : 
2               STIBP enabled in the kernel  : IBRS and IBPB supported  : no Hz
noThe processor is not susceptible to Rogue Data Cache Load: 0               noyes
IBRS enabled in the kernel   : 
noinvalid

STIBP enabled in the kernel  : noThe processor is not susceptible to Rogue Data Cache Load: 
 The processor is not susceptible to Rogue Data Cache Load: STIBP supported          : no
noThe processor supports enhanced IBRS                     :  noyes
STIBP enabled in the kernel  : 
no 

The processor is not susceptible to Rogue Data Cache Load: noThe processor supports enhanced IBRS                     : 
 The processor supports enhanced IBRS                     : Spec arch caps supported : no
no
=====  Processor topology  =====
 noyes
The processor is not susceptible to Rogue Data Cache Load: 
OS_Processor    Thread_Id       Core_Id         Tile_Id         Package_Id      Core_Type   Native_CPU_Model
 

The processor supports enhanced IBRS                     : no
=====  Processor topology  =====
0                Max CPUID level          : 
=====  Processor topology  =====
no
OS_Processor    Thread_Id       Core_Id         Tile_Id         Package_Id      Core_Type   Native_CPU_Model
0                22OS_Processor    Thread_Id       Core_Id         Tile_Id         Package_Id      Core_Type   Native_CPU_Model

The processor supports enhanced IBRS                     : 0               0                
0               
=====  Processor topology  =====
no0               0               -1              CPU model number         : 0               OS_Processor    Thread_Id       Core_Id         Tile_Id         Package_Id      Core_Type   Native_CPU_Model

0               0               
85
0               0               0               0               0               0               invalid
=====  Processor topology  =====
0               0                invalid0               OS_Processor    Thread_Id       Core_Id         Tile_Id         Package_Id      Core_Type   Native_CPU_Model
3               invalid  0               0                0                 invalid0                3                  0                3                  0                0                  0                invalid   invalid                -1                   
-1               1                -1               
 0                
 -1              1               1                 1               
1               0                -1              0               0               1               1                
1               invalid0               1                4               1                1               0               -1              0               0                1               invalid
4               invalid 0                4               1                 invalid 0               0                   invalid1                    1                    0                    invalid       -1                       
-1                
2                  2                0                 -1               0               2                 
-1              2               2               -1               2               
2               0               
0               2               -1              0               2               invalid2               0               
invalid0                2               2                5               2                0               2                0               2                invalid0                5               0                 invalid 5               invalid    0                    invalid                   -1                -1                
  
  3                 3                 0               -1               0                 3               
-1              3                -1              3               3               
3                
0               0               3               0               -1              3               invalid3               0               invalid
0                3               3                6               3                0               3                0               3                invalid0                6               0                 invalid  6                 invalid 0                   invalid   -1                   
     4                    0                 -1                4                 
  4                 4                 0                 0                 invalid-1              -1               4                 

 4               -1               4               4               -1              0               
 0               0               
invalid4                4               4               7                0                4               4               0                4                0               0               7                4                invalidinvalid7                0                  0                invalid   invalid  -1                   
     5                    0                  -1              
 5                5               0                 5               5                   0               5                   invalid0                -1              -1                invalid-1              

   
5               5                  5               0               0               -1                0               5               5               
  5               5               5               8                 5               0               0               0                 0               invalidinvalid0                 invalid  8                    1               -1                  invalid
-1                  6               
    0               6                   6               0                   6               6                   0               6                   invalid0                -1              -1                invalid-1              

   
6               6                  6               0               0               6               6               0               6               6               -1              0               6                0               
 invalid6                Number of physical cores: invalid9                 0                 0                 16invalid  1                 
   9                 Number of logical cores:    1                 16 -1               invalid  
 
  -1               Number of online logical cores:  7                 
 16 0                 7                
 7                 0               -1              Threads (logical cores) per physical core:  7               -1               7               
1 0               
 7               7               
-1              invalid7                0               0               Num sockets: 
 0                invalid7               27                7                 7               
0                7               -1               Number of physical cores: 0               Physical cores per socket: 7               16 0               
 invalid87               
 invalid 10               0                 2                  
10               0                 Last level cache slices per socket: Number of logical cores: 1                 invalid  0invalid16     
 
     Core PMU (perfmon) version:  Number of online logical cores:    -1               4 16 -1               
-1              
 
 
 8               
Number of core PMU generic (programmable) counters:  Threads (logical cores) per physical core:  8                0               8               8 1-1              0                0               0               
 

0                8               0               Width of generic (programmable) counters:   Num sockets: 8               8                1               8               48-1              20               1               -1              invalid1                bits


0               invalid
 invalidNumber of core PMU fixed counters: 11              Physical cores per socket: 8                8                 30               81                0                 
3               
invalid 0                  Width of fixed counters:   11              48  bits
Last level cache slices per socket: 1                 Nominal core frequency: invalid 08                  2100000000   
1               -1                 Hz
   Core PMU (perfmon) version: invalid
  IBRS enabled in the kernel   :    4 9                 no   
 0                 
  Number of core PMU generic (programmable) counters:  1                -1              STIBP enabled in the kernel  : -1              -1              8 9                
no


 1                9               
12              9               Width of generic (programmable) counters:  invalid-1              0               The processor is not susceptible to Rogue Data Cache Load: 0               0               48  
1               no4               1                bits
  9               9               
12              9               Number of core PMU fixed counters:   0               1               The processor supports enhanced IBRS                     : 1               1               3-1               1               invalidnoinvalid    invalid

  9                  1                
 invalid -1                 
=====  Processor topology  =====
 Width of fixed counters: 
 9                 OS_Processor    Thread_Id       Core_Id         Tile_Id         Package_Id      Core_Type   Native_CPU_Model
 48 10              0                 0                 bits
 0               1                 0                Nominal core frequency:  2               9                 0               -1              2100000000 10              1                 0               
 Hz
 1               invalid  0               13              IBRS enabled in the kernel   : -1              invalid   invalid0               no
      5               
10                -1              -1                13              STIBP enabled in the kernel  : 0                 

  1               no2                 10              10                invalid
10                 0                 2               0               -1              10               2               
 1                -1              The processor is not susceptible to Rogue Data Cache Load: 10              10              1               invalid  
no1               0               invalid     1               
invalid2                  -1              0               The processor supports enhanced IBRS                     :  10                 
1               no 1                  11              1               
 invalid   0               0                
=====  Processor topology  =====
    3               invalid OS_Processor    Thread_Id       Core_Id         Tile_Id         Package_Id      Core_Type   Native_CPU_Model
   -1              11                  0                  
1                 0                  14              invalid    0                 -1              0                   0                -1              
6                  -1               
-1               2                0               
0                 invalid
11              2               11                14               11              0               2               0                -1              1                0               3               0               3               -1              
invalid 3               11              invalid11              
12                11              1                1               11              0                 1               invalid invalid0               4                  invalid   3               12                    11              1                     1               invalid       invalid      -1                      
      -1               1                   -1              
 0                -1                
15              0                7                15              1               -1              1                1               

invalid -1               0               3               12               -1              13              
 invalid0               0                
0               12                3               4                12              5               0                 3               12               0               13              4                 0               1                4               1               12              -1               invalidinvalid 12              invalid1               
    1                invalid 12                  invalid   0                      4                  -1                   12                 
    1               -1                =====  Placement on packages  =====
  -1              
invalid13               0               
 5                  2               Package Id.    Core Id.     Processors
13                   0               0              1                    2               0invalid-1                -1               2               , 
  
-1              0               1 4                 13              
invalid, 0               -1               0               14               2 4               
-1              5               0                , 4               13              
13              6                3 0               0               13              1               14               , invalid5               0               invalid1                4  13              5                 invalid ,  1               13                  5-1               invalid1                   ,
  invalid    614                   -1              ,0                  -1               
76                  
 3               
14                 14               0               1              1                  0                 3               0invalid-1                6               -1              3               , 
  14              
0               1 5                 1               15              invalid, 0               -1               invalid    0                2 5               
-1                7                , 5               14              
 15               3 0               0               14                1                , invalid6               0               -1              invalid 4  14              6               
  ,  1               14              15                5-1               invalid1               0                 ,
  invalid7                 615                 15               -1              ,0                  1                
77                  invalid      4               
15                    0               
=====  Core/Tile sharing  =====
1                    -1              
4               Level      Processors
Core       invalid-1                 =====  Placement on packages  =====
4               ( 
  -1              Package Id.    Core Id.     Processors
0               0 6                 
0              invalid) 0               -1               =====  Placement on packages  =====
0 ( 6               
-1              Package Id.    Core Id.     Processors
, 1 6               15              
0              1 ) 0               0               15              0,, ( invalid7               0               12 2  15              7               ,, )  1               15              23 (-1               invalid1               ,,4 3
  invalid3, )=====  Placement on packages  =====
   ,5-1              (Package Id.    Core Id.     Processors
   4,
40                 ,65               )0   5,0               (,   ,75               51-1                6
5               ),
  ,1              0               (27                 70invalid6,0               -1               
, )37               
-1              1              01 (,7               =====  Placement on packages  =====

,, 740               Package Id.    Core Id.     Processors
=====  Placement on packages  =====
1,2 ),invalid0              Package Id.    Core Id.     Processors
2,3 (5 00              ,, 8, ,034 )6 1,,, (, ,145 97 2,,,-1              )
 ,256
(1               3,,,6               100 ,3670               ), 4,,
6               (1-1              ,47
=====  Core/Tile sharing  =====
6               11,
5,
Level      Processors
Core       (0               )28               ,5
=====  Core/Tile sharing  =====
0invalid(,0               6,Level      Processors
Core       ) 1230               ,6(( ),8               7,01 (41               
7)) 13,invalid1              
(( )5 01              12 (, ,0)) 146 1,(( ), ,123 (7 2,))-1              15
 ,2((
)
=====  Core/Tile sharing  =====
 3,347               
Tile / L2$ Level      Processors
Core        ,3))0               (( 4,((7               00-1              ,4457               ))
5,))0               ((9               ,5((invalid110               6,56 ))1               ,6)) ((9               7,(( 221               
767 ))invalid
=====  Core/Tile sharing  =====

)) (( Level      Processors
Core       
=====  Core/Tile sharing  =====
(7( 33 (Level      Processors
Core       )(88)) (() )99 (0 (()) 4)(-1              04(( )1
))1010 ()8               (()) 5(0               15(( )20               ))1111 (6)8               (())-1              )(1               26((
(3invalid))121210              7) (())0               )( 37((2               (4 ))131310              8) (())1               )( 48((14invalid) (( 5915  )))) ) 14(((
Tile / L2$  ( 6)105(    9 )())0-1              )-1              (15(()
(
7)116(11              109               )
Tile / L2$ ))10               )0               (((()3               (1               80127(11              119               ))))21               )1               (((()invalid    (invalid91138(  12  )  () )-1              13)( )(
3)(10 (212              )(14) 9)0               (14)( )(4               4)(11 (312              )(15) 10)1               (15)( )(invalid5)
12-1              (4 )
Tile / L2$ 
)
11) (((Package thermal spec power: 10              )( 601300               (5 ))) Watt; 2               12) (((Package minimum power: 010               Watt; 1               )Package maximum power: (invalid (0761 14 13 Watt;
))) ) )((( ( (872 15-1              14))) )
)((( 
Tile / L2$ 13              (983 (0               15))) 05               )((( )13              
Tile / L2$ 1094-1              (1               ()))
1invalid0(((11              ) )111050               ( ()))(3               2 1((611              ) )12
11)1               ( ())(invalid 3 Can't open MCFG table. Check permission of )  /sys/firmware/acpi/tables/MCFG(2 ( 
(4)7 13 Can't open MCFG table. Check permission of 12)() ) /sys/firmware/acpi/tables/MCFG1)(3( (-1              
(5)8 14
Can't open MCFG table. Check permission of 13)() )14              /pcm/sys/firmware/acpi/tables/MCFG)(4(-1              (0               
(6)9
156               Can't open MCFG table. Check permission of 14)()12              )14              /pcm/sys/firmware/acpi/tables/MCFG1)(5(0               
1               
(7)104               
invalid15)()12               Package thermal spec power: )(6WARNING: enumeration of devices in UncorePMUDiscovery failed
(1                0
8)11invalid  Watt; 
)(Package thermal spec power: )  Package minimum power: (70(  09) Watt; 12) (  13  Watt;  Package maximum power: ))( Package minimum power:  0INFO: Linux perf interface to program uncore PMUs is ((8 0  Watt;
present
1014)  Watt; -1              INFO: using Linux perf interface to program uncore PMUs because env variable PCM_USE_UNCORE_PERF=1
))(( Package maximum power: 
INFO: Secure Boot detected. Using Linux perf for uncore PMU programming.
15              (159-1              00               11))
 Watt;
7               )
(13              15              (
100               1               12)Package thermal spec power: 5               invalid)(013               (11 Watt; 1                13)Package minimum power: invalid )(0  (12 Watt;   14)Package maximum power:   )(0  (13 Watt;
   
   15 )-1              
)-1              
(Can't open MCFG table. Check permission of 


14/sys/firmware/acpi/tables/MCFG14              
Can't open MCFG table. Check permission of =====  Placement on packages  =====
)
Can't open MCFG table. Check permission of 0               /sys/firmware/acpi/tables/MCFGPackage thermal spec power: Package Id.    Core Id.     Processors
(Can't open MCFG table. Check permission of /sys/firmware/acpi/tables/MCFG6               
00              15/sys/firmware/acpi/tables/MCFG1
14              Can't open MCFG table. Check permission of  Watt; 0)
Can't open MCFG table. Check permission of 1               /sys/firmware/acpi/tables/MCFG1Package minimum power: ,
Can't open MCFG table. Check permission of /sys/firmware/acpi/tables/MCFG1invalid
01
/pcm/sys/firmware/acpi/tables/MCFG
 Can't open MCFG table. Check permission of  Watt; ,
Package thermal spec power: Can't open MCFG table. Check permission of  /pcm/sys/firmware/acpi/tables/MCFGPackage maximum power: 2Can't open MCFG table. Check permission of 0/pcm/sys/firmware/acpi/tables/MCFG 
0,/pcm/sys/firmware/acpi/tables/MCFG1 Watt; 
 Can't open MCFG table. Check permission of  Watt;
3
Package minimum power: Can't open MCFG table. Check permission of  /pcm/sys/firmware/acpi/tables/MCFG1,0/pcm/sys/firmware/acpi/tables/MCFG1 
4, Watt; 5Package maximum power: 
,06  Watt;
,WARNING: enumeration of devices in UncorePMUDiscovery failed
 WARNING: enumeration of devices in UncorePMUDiscovery failed
7WARNING: enumeration of devices in UncorePMUDiscovery failed

 
-1              1              
015              ,0               1Can't open MCFG table. Check permission of 7               ,/sys/firmware/acpi/tables/MCFG15              2,
1               3Can't open MCFG table. Check permission of invalid,4/sys/firmware/acpi/tables/MCFG1 ,
 5Can't open MCFG table. Check permission of  ,/pcm/sys/firmware/acpi/tables/MCFG 6
 ,Can't open MCFG table. Check permission of  7/pcm/sys/firmware/acpi/tables/MCFG1 


 
=====  Core/Tile sharing  =====
 Level      Processors
Core       -1              (
0=====  Placement on packages  =====
WARNING: enumeration of devices in UncorePMUDiscovery failed
)Can't open MCFG table. Check permission of Package Id.    Core Id.     Processors
(/sys/firmware/acpi/tables/MCFG0              1
0)(Can't open MCFG table. Check permission of Socket ,2/sys/firmware/acpi/tables/MCFG101)
: ,(Can't open MCFG table. Check permission of 223)/pcm/sys/firmware/acpi/tables/MCFG( memory controllers detected with total number of 4
),6Can't open MCFG table. Check permission of INFO: Linux perf interface to program uncore PMUs is (INFO: Linux perf interface to program uncore PMUs is 3INFO: Linux perf interface to program uncore PMUs is  channels. /pcm/sys/firmware/acpi/tables/MCFG1INFO: Linux perf interface to program uncore PMUs is present
5INFO: using Linux perf interface to program uncore PMUs because env variable PCM_USE_UNCORE_PERF=1
present
,present
2
present
)INFO: Secure Boot detected. Using Linux perf for uncore PMU programming.
INFO: using Linux perf interface to program uncore PMUs because env variable PCM_USE_UNCORE_PERF=1
4INFO: using Linux perf interface to program uncore PMUs because env variable PCM_USE_UNCORE_PERF=1
 INFO: using Linux perf interface to program uncore PMUs because env variable PCM_USE_UNCORE_PERF=1
(INFO: Secure Boot detected. Using Linux perf for uncore PMU programming.
,INFO: Secure Boot detected. Using Linux perf for uncore PMU programming.
UPIINFO: Secure Boot detected. Using Linux perf for uncore PMU programming.
6WARNING: enumeration of devices in UncorePMUDiscovery failed
5 ports detected.), (627, M2M (mesh to memory) blocks detected. )70(
 Home Agents detected. 81              2)0 M3UPI blocks detected.
(,91),(210,)3(,114),(512,)6(,137)
(
=====  Core/Tile sharing  =====
14Level      Processors
Core       )((015))(
Tile / L2$ 1()0(2))((INFO: Linux perf interface to program uncore PMUs is 31present
))INFO: using Linux perf interface to program uncore PMUs because env variable PCM_USE_UNCORE_PERF=1
((INFO: Secure Boot detected. Using Linux perf for uncore PMU programming.
42))((53))((64))((75))((86))((97))((108))((119))((1210))((1311))((1412))((1513))
Tile / L2$ ((140))((151))(2
)
(3Package thermal spec power: )0( Watt; 4Package minimum power: )0( Watt; 5Package maximum power: )0( Watt;
6)(7)(8)(9)(10)(11)(12)(13)(14)(15)

Package thermal spec power: 0 Watt; Package minimum power: 0 Watt; Package maximum power: 0 Watt;

Can't open MCFG table. Check permission of /sys/firmware/acpi/tables/MCFG

Can't open MCFG table. Check permission of /sys/firmware/acpi/tables/MCFG1
Can't open MCFG table. Check permission of /pcm/sys/firmware/acpi/tables/MCFG
Can't open MCFG table. Check permission of /pcm/sys/firmware/acpi/tables/MCFG1
WARNING: enumeration of devices in UncorePMUDiscovery failed
Can't open MCFG table. Check permission of /sys/firmware/acpi/tables/MCFG
Can't open MCFG table. Check permission of /sys/firmware/acpi/tables/MCFG1
Can't open MCFG table. Check permission of /pcm/sys/firmware/acpi/tables/MCFG
Can't open MCFG table. Check permission of /pcm/sys/firmware/acpi/tables/MCFG1
WARNING: enumeration of devices in UncorePMUDiscovery failed
INFO: Linux perf interface to program uncore PMUs is present
INFO: using Linux perf interface to program uncore PMUs because env variable PCM_USE_UNCORE_PERF=1
INFO: Secure Boot detected. Using Linux perf for uncore PMU programming.
INFO: Linux perf interface to program uncore PMUs is present
Socket INFO: using Linux perf interface to program uncore PMUs because env variable PCM_USE_UNCORE_PERF=1
INFO: Secure Boot detected. Using Linux perf for uncore PMU programming.
0Socket : 2Socket 0 memory controllers detected with total number of Socket : 0Socket 620: 1 channels.  memory controllers detected with total number of : 2: 262 memory controllers detected with total number of 2  channels.  memory controllers detected with total number of 6 memory controllers detected with total number of UPI26 channels. 6 ports detected.  channels. 2 channels.  UPI2 22 ports detected. UPI  M2M (mesh to memory) blocks detected.  UPI ports detected.UPI02 ports detected.  ports detected. Home Agents detected.  M2M (mesh to memory) blocks detected.  2 202 M2M (mesh to memory) blocks detected. 2 M3UPI blocks detected.
 Home Agents detected.  M2M (mesh to memory) blocks detected. 0 M2M (mesh to memory) blocks detected. 20 Home Agents detected. 0 M3UPI blocks detected.
 Home Agents detected. 2 Home Agents detected. 2 M3UPI blocks detected.
2 M3UPI blocks detected.
 M3UPI blocks detected.
Socket 0: 2 memory controllers detected with total number of 6 channels. 2 UPI ports detected. 2 M2M (mesh to memory) blocks detected. 0 Home Agents detected. 2 M3UPI blocks detected.
Socket 0: 2 memory controllers detected with total number of 6 channels. 2 UPI ports detected. 2 M2M (mesh to memory) blocks detected. 0 Home Agents detected. 2 M3UPI blocks detected.
Socket 0: 2 memory controllers detected with total number of 6 channels. 2 UPI ports detected. 2 M2M (mesh to memory) blocks detected. 0 Home Agents detected. 2 M3UPI blocks detected.
Socket 1Socket : 1Socket 2: Socket 1 memory controllers detected with total number of Socket 21: 61 memory controllers detected with total number of : 2 channels. : 62 memory controllers detected with total number of 22 channels.  memory controllers detected with total number of 6  memory controllers detected with total number of 26 channels. UPI6  channels. 2 ports detected. channels. UPI2  2 ports detected. UPI2  UPI ports detected. M2M (mesh to memory) blocks detected. UPI2 ports detected. 0 ports detected. M2M (mesh to memory) blocks detected.  2 Home Agents detected.  02 M2M (mesh to memory) blocks detected. 22 Home Agents detected.  M2M (mesh to memory) blocks detected. 0 M3UPI blocks detected.
 M2M (mesh to memory) blocks detected. 20 Home Agents detected. 0 M3UPI blocks detected.
 Home Agents detected. 2 Home Agents detected. 2 M3UPI blocks detected.
2 M3UPI blocks detected.
 M3UPI blocks detected.
Socket 1: 2 memory controllers detected with total number of 6 channels. 2 UPI ports detected. 2 M2M (mesh to memory) blocks detected. 0 Home Agents detected. 2 M3UPI blocks detected.
Socket 1: 2 memory controllers detected with total number of 6 channels. 2 UPI ports detected. 2 M2M (mesh to memory) blocks detected. 0 Home Agents detected. 2 M3UPI blocks detected.
INFO: using Linux resctrl driver for RDT metrics (L3OCC, LMB, RMB) because environment variable PCM_USE_RESCTRL=1
ERROR: /sys/fs/resctrl is not mounted
ERROR: RDT metrics (L3OCC,LMB,RMB) will not be available
Mount it to make it work: mount -t resctrl resctrl /sys/fs/resctrl

 Closed perf event handles
Trying to use Linux perf events...
INFO: using Linux resctrl driver for RDT metrics (L3OCC, LMB, RMB) because environment variable PCM_USE_RESCTRL=1
ERROR: /sys/fs/resctrl is not mounted
ERROR: RDT metrics (L3OCC,LMB,RMB) will not be available
Mount it to make it work: mount -t resctrl resctrl /sys/fs/resctrl

 Closed perf event handles
Trying to use Linux perf events...
INFO: using Linux resctrl driver for RDT metrics (L3OCC, LMB, RMB) because environment variable PCM_USE_RESCTRL=1
INFO: using Linux resctrl driver for RDT metrics (L3OCC, LMB, RMB) because environment variable PCM_USE_RESCTRL=1
ERROR: /sys/fs/resctrl is not mounted
ERROR: RDT metrics (L3OCC,LMB,RMB) will not be available
Mount it to make it work: mount -t resctrl resctrl /sys/fs/resctrl
ERROR: /sys/fs/resctrl is not mounted
ERROR: RDT metrics (L3OCC,LMB,RMB) will not be available
Mount it to make it work: mount -t resctrl resctrl /sys/fs/resctrl
INFO: using Linux resctrl driver for RDT metrics (L3OCC, LMB, RMB) because environment variable PCM_USE_RESCTRL=1
INFO: using Linux resctrl driver for RDT metrics (L3OCC, LMB, RMB) because environment variable PCM_USE_RESCTRL=1
ERROR: /sys/fs/resctrl is not mounted
ERROR: RDT metrics (L3OCC,LMB,RMB) will not be available
Mount it to make it work: mount -t resctrl resctrl /sys/fs/resctrl
ERROR: /sys/fs/resctrl is not mounted
ERROR: RDT metrics (L3OCC,LMB,RMB) will not be available
Mount it to make it work: mount -t resctrl resctrl /sys/fs/resctrl
INFO: using Linux resctrl driver for RDT metrics (L3OCC, LMB, RMB) because environment variable PCM_USE_RESCTRL=1
ERROR: /sys/fs/resctrl is not mounted
ERROR: RDT metrics (L3OCC,LMB,RMB) will not be available
Mount it to make it work: mount -t resctrl resctrl /sys/fs/resctrl
INFO: using Linux resctrl driver for RDT metrics (L3OCC, LMB, RMB) because environment variable PCM_USE_RESCTRL=1
ERROR: /sys/fs/resctrl is not mounted
ERROR: RDT metrics (L3OCC,LMB,RMB) will not be available
Mount it to make it work: mount -t resctrl resctrl /sys/fs/resctrl


 Closed perf event handles
Trying to use Linux perf events...



 Closed perf event handles
Trying to use Linux perf events...
 Closed perf event handles
Trying to use Linux perf events...
 Closed perf event handles
 Closed perf event handles
Trying to use Linux perf events...
Trying to use Linux perf events...

 Closed perf event handles
Trying to use Linux perf events...
Successfully programmed on-core PMU using Linux perf
Successfully programmed on-core PMU using Linux perf
Successfully programmed on-core PMU using Linux perf
Successfully programmed on-core PMU using Linux perf
Successfully programmed on-core PMU using Linux perf
Successfully programmed on-core PMU using Linux perf
Successfully programmed on-core PMU using Linux perf
Successfully programmed on-core PMU using Linux perf
Socket 0
Max UPI link 0 speed: 2.4 GBytes/second (1.1 GT/second)
Max UPI link 1 speed: 2.4 GBytes/second (1.1 GT/second)
Socket 1
Max UPI link 0 speed: 2.4 GBytes/second (1.1 GT/second)
Max UPI link 1 speed: 2.4 GBytes/second (1.1 GT/second)

Detected Intel(R) Xeon(R) Silver 4208 CPU @ 2.10GHz "Intel(r) microarchitecture codename Cascade Lake-SP" stepping 7

Executing "./VH/b_eff1/b_eff" command:
Socket 0
Max UPI link 0 speed: 2.4 GBytes/second (1.1 GT/second)
Max UPI link 1 speed: 2.4 GBytes/second (1.1 GT/second)
Socket 1
Max UPI link 0 speed: 2.5 GBytes/second (1.1 GT/second)
Max UPI link 1 speed: 2.5 GBytes/second (1.1 GT/second)

Detected Intel(R) Xeon(R) Silver 4208 CPU @ 2.10GHz "Intel(r) microarchitecture codename Cascade Lake-SP" stepping 7

Executing "./VH/b_eff1/b_eff" command:
Socket 0
Max UPI link 0 speed: 2.5 GBytes/second (1.1 GT/second)
Max UPI link 1 speed: 2.5 GBytes/second (1.1 GT/second)
Socket 1
Max UPI link 0 speed: 2.3 GBytes/second (1.0 GT/second)
Max UPI link 1 speed: 2.3 GBytes/second (1.0 GT/second)

Detected Intel(R) Xeon(R) Silver 4208 CPU @ 2.10GHz "Intel(r) microarchitecture codename Cascade Lake-SP" stepping 7
Socket 0
Max UPI link 0 speed: 2.4 GBytes/second (1.1 GT/second)
Max UPI link 1 speed: 2.4 GBytes/second (1.1 GT/second)
Socket 1
Max UPI link 0 speed: 2.5 GBytes/second (1.1 GT/second)
Max UPI link 1 speed: 2.5 GBytes/second (1.1 GT/second)

Detected Intel(R) Xeon(R) Silver 4208 CPU @ 2.10GHz "Intel(r) microarchitecture codename Cascade Lake-SP" stepping 7

Executing "./VH/b_eff1/b_eff" command:

Executing "./VH/b_eff1/b_eff" command:
Socket 0
Max UPI link 0 speed: 2.3 GBytes/second (1.0 GT/second)
Max UPI link 1 speed: 2.3 GBytes/second (1.0 GT/second)
Socket 1
Max UPI link 0 speed: 2.2 GBytes/second (1.0 GT/second)
Max UPI link 1 speed: 2.2 GBytes/second (1.0 GT/second)

Detected Intel(R) Xeon(R) Silver 4208 CPU @ 2.10GHz "Intel(r) microarchitecture codename Cascade Lake-SP" stepping 7
Socket 0
Max UPI link 0 speed: 2.5 GBytes/second (1.1 GT/second)
Max UPI link 1 speed: 2.5 GBytes/second (1.1 GT/second)
Socket 1
Max UPI link 0 speed: 2.5 GBytes/second (1.1 GT/second)
Max UPI link 1 speed: 2.5 GBytes/second (1.1 GT/second)

Detected Intel(R) Xeon(R) Silver 4208 CPU @ 2.10GHz "Intel(r) microarchitecture codename Cascade Lake-SP" stepping 7

Executing "./VH/b_eff1/b_eff" command:

Executing "./VH/b_eff1/b_eff" command:
Socket 0
Max UPI link 0 speed: 2.4 GBytes/second (1.1 GT/second)
Max UPI link 1 speed: 2.4 GBytes/second (1.1 GT/second)
Socket 1
Max UPISocket  link 0 speed: 02.4
 GBytes/second (Max 1.1UPI GT/second)
 link Max 0UPI speed:  link 1 speed: 2.4 GBytes/second (1.1 GT/second)
2.1
Detected  GBytes/second (0.9Intel(R) Xeon(R) Silver 4208 CPU @ 2.10GHz GT/second)
 "Intel(r) microarchitecture codename Max Cascade Lake-SPUPI" stepping  link 71
 speed: 2.1 GBytes/second (0.9 GT/second)
Socket 1
Max UPI link 0 speed: 2.5 GBytes/second (1.1 GT/second)
Max UPI link 1 speed: 2.5 GBytes/second (1.1 GT/second)

Detected Intel(R) Xeon(R) Silver 4208 CPU @ 2.10GHz "Intel(r) microarchitecture codename Cascade Lake-SP" stepping 7

Executing "./VH/b_eff1/b_eff" command:

Executing "./VH/b_eff1/b_eff" command:
b_eff =   5563.557 MB/s = 695.445 *   8 PEs with 256 MB/PE on Linux muffin 4.18.0-477.15.1.el8_8.x86_64 #1 SMP Wed Jun 28 15:04:18 UTC 2023 x86_64
DEBUG: caught signal to interrupt (Child exited).
Cleaning up
DEBUG: caught signal to interrupt (Child exited).
Cleaning up
 Closed perf event handles
 Closed perf event handles
DEBUG: caught signal to interrupt (DEBUG: caught signal to interrupt (Child exited).
DEBUG: caught signal to interrupt (Child exited).
Cleaning up
DEBUG: caught signal to interrupt (Child exited).
Cleaning up
Child exitedCleaning up
).
Cleaning up
 Closed perf event handles
 Closed perf event handles
 Closed perf event handles
 Closed perf event handles
DEBUG: caught signal to interrupt (Child exited).
Cleaning up
 Closed perf event handles
DEBUG: caught signal to interrupt (Child exited).
Cleaning up
 Closed perf event handles
 Zeroed uncore PMU registers
 Zeroed uncore PMU registers
 Zeroed uncore PMU registers
 Zeroed uncore PMU registers
 Zeroed uncore PMU registers
 Zeroed uncore PMU registers
 Zeroed uncore PMU registers
 Zeroed uncore PMU registers
	Command being timed: "mpirun -vh -np 8 /usr/sbin/pcm 0.1 -csv=./output/4/vh_b_eff_VH_4.csv -- ./VH/b_eff1/b_eff"
	User time (seconds): 4.27
	System time (seconds): 3.97
	Percent of CPU this job got: 11%
	Elapsed (wall clock) time (h:mm:ss or m:ss): 1:09.06
	Average shared text size (kbytes): 0
	Average unshared data size (kbytes): 0
	Average stack size (kbytes): 0
	Average total size (kbytes): 0
	Maximum resident set size (kbytes): 143552
	Average resident set size (kbytes): 0
	Major (requiring I/O) page faults: 2
	Minor (reclaiming a frame) page faults: 6833
	Voluntary context switches: 116370
	Involuntary context switches: 6088
	Swaps: 0
	File system inputs: 0
	File system outputs: 39816
	Socket messages sent: 0
	Socket messages received: 0
	Signals delivered: 0
	Page size (bytes): 4096
	Exit status: 0
