----------------------- Start VH IOR 2024-03-19_10-05-10 -----------------------

 Intel(r) Performance Counter Monitor (2022-11-24 10:18:12 +0100 ID=1b16bb4e)


PCM Info: setrlimit for file limit 1000000 failed with error Operation not permitted

=====  Processor information  =====

 Intel(r) Performance Counter Monitor 
(2022-11-24 10:18:12 +0100 ID=1b16bb4e)
 Intel(r) Performance Counter Monitor 

(2022-11-24 10:18:12 +0100 ID=1b16bb4e) Intel(r) Performance Counter Monitor 
(2022-11-24 10:18:12 +0100 ID=1b16bb4e)





PCM Info: setrlimit for file limit 1000000 failed with error Operation not permitted
PCM Info: setrlimit for file limit PCM Info: setrlimit for file limit 10000001000000 failed with error  failed with error Operation not permittedOperation not permitted


=====  Processor information  =====

=====  Processor information  =====

=====  Processor information  =====

 Intel(r) Performance Counter Monitor (2022-11-24 10:18:12 +0100 ID=1b16bb4e)



 Intel(r) Performance Counter Monitor (2022-11-24 10:18:12 +0100 ID=1b16bb4e)


PCM Info: setrlimit for file limit 1000000 failed with error Operation not permitted
Linux arch_perfmon flag  : PCM Info: setrlimit for file limit yes1000000Linux arch_perfmon flag  : 
 failed with error Linux arch_perfmon flag  : yesHybrid processor         : 
=====  Processor information  =====
yesOperation not permitted
no

Hybrid processor         : 
Hybrid processor         : noIBRS and IBPB supported  : no
yes
IBRS and IBPB supported  : 

=====  Processor information  =====
IBRS and IBPB supported  : yesSTIBP supported          : yes
yes
STIBP supported          : 
STIBP supported          : yesSpec arch caps supported : yes
yes
Spec arch caps supported : 
Spec arch caps supported : yesyes

Max CPUID level          : Max CPUID level          : Max CPUID level          : Linux arch_perfmon flag  : 22
2222
 Intel(r) Performance Counter Monitor yes
 Intel(r) Performance Counter Monitor 

(2022-11-24 10:18:12 +0100 ID=1b16bb4e)
CPU model number         : (2022-11-24 10:18:12 +0100 ID=1b16bb4e)CPU model number         : CPU model number         : 
Hybrid processor         : 85
8585
no






IBRS and IBPB supported  : yes
STIBP supported          : yes
Spec arch caps supported : yesPCM Info: setrlimit for file limit 
PCM Info: setrlimit for file limit 1000000Max CPUID level          : 1000000 failed with error 22 failed with error 
Operation not permittedCPU model number         : Operation not permitted
85


=====  Processor information  =====

=====  Processor information  =====
Linux arch_perfmon flag  : yesLinux arch_perfmon flag  : 
Hybrid processor         : yesno

Hybrid processor         : IBRS and IBPB supported  : noyes

IBRS and IBPB supported  : STIBP supported          : yesyes

STIBP supported          : Spec arch caps supported : yesyes

Spec arch caps supported : Max CPUID level          : yes22

Max CPUID level          : CPU model number         : 2285

CPU model number         : 85
Number of physical cores: 16
Number of logical cores: 16
Number of online logical cores: 16
Threads (logical cores) per physical core: 1
Num sockets: 2
Physical cores per socket: 8
Last level cache slices per socket: 0
Core PMU (perfmon) version: 4
Number of core PMU generic (programmable) counters: 8
Width of generic (programmable) counters: 48 bits
Number of core PMU fixed counters: 3
Width of fixed counters: Linux arch_perfmon flag  : 48yes bits

Nominal core frequency: Hybrid processor         : 2100000000no
 Hz
IBRS and IBPB supported  : yes
Number of physical cores: STIBP supported          : IBRS enabled in the kernel   : yesNumber of physical cores: no16
Number of physical cores: 
16
Number of physical cores: Spec arch caps supported : STIBP enabled in the kernel  : 
Number of physical cores: 16Number of logical cores: yesno16Number of logical cores: 
1616


16Number of logical cores: 

Max CPUID level          : The processor is not susceptible to Rogue Data Cache Load: Number of logical cores: 
16Number of online logical cores: Number of logical cores: 22no16Number of online logical cores: 
1616


16Number of online logical cores: 

CPU model number         : The processor supports enhanced IBRS                     : Number of online logical cores: 
16Threads (logical cores) per physical core: Number of online logical cores: 85no16Threads (logical cores) per physical core: 
116


1Threads (logical cores) per physical core: 

Threads (logical cores) per physical core: 
=====  Processor topology  =====

1Num sockets: Threads (logical cores) per physical core: 1OS_Processor    Thread_Id       Core_Id         Tile_Id         Package_Id      Core_Type   Native_CPU_Model
Num sockets: 
21
20               Num sockets: 

Num sockets: 
0               2Physical cores per socket: Num sockets: 2Physical cores per socket: 0               
82
80               Physical cores per socket: 

Physical cores per socket: 
0               8Last level cache slices per socket: Physical cores per socket: 8
Last level cache slices per socket: 0Last level cache slices per socket: invalid
08
0 Last level cache slices per socket: 

Core PMU (perfmon) version: 
 0Core PMU (perfmon) version: Last level cache slices per socket: 4Core PMU (perfmon) version:  4 

 4Number of core PMU generic (programmable) counters: Core PMU (perfmon) version:  08
4
 

Number of core PMU generic (programmable) counters: 
 Width of generic (programmable) counters: Number of core PMU generic (programmable) counters: Core PMU (perfmon) version: 8Number of core PMU generic (programmable) counters:  4884
8 bits
-1              

Width of generic (programmable) counters: 
Number of core PMU fixed counters: 
Width of generic (programmable) counters: Number of core PMU generic (programmable) counters: 48Width of generic (programmable) counters: 34881                bits
48
 bits

0               Number of core PMU fixed counters:  bits
Width of fixed counters: Number of core PMU fixed counters: Width of generic (programmable) counters: 1               3Number of core PMU fixed counters: 483481               
3 bits

 bits
0               Width of fixed counters: 
Nominal core frequency: Width of fixed counters: Number of core PMU fixed counters: invalid48Width of fixed counters: 2100000000483  bits
48 Hz
 bits

 Nominal core frequency:  bits
IBRS enabled in the kernel   : Nominal core frequency: Width of fixed counters:  2100000000Nominal core frequency: no210000000048  Hz
2100000000
 Hz
 bits
 IBRS enabled in the kernel   :  Hz
STIBP enabled in the kernel  : IBRS enabled in the kernel   : Nominal core frequency:  noIBRS enabled in the kernel   : nono2100000000 
no

 Hz
 STIBP enabled in the kernel  : 
The processor is not susceptible to Rogue Data Cache Load: STIBP enabled in the kernel  : IBRS enabled in the kernel   :  noSTIBP enabled in the kernel  : no
The processor supports enhanced IBRS                     : nono-1              
nono


The processor is not susceptible to Rogue Data Cache Load: 

The processor is not susceptible to Rogue Data Cache Load: STIBP enabled in the kernel  : 2               noThe processor is not susceptible to Rogue Data Cache Load: no
=====  Processor topology  =====
no0               Linux arch_perfmon flag  : 2               yes
2               
no0               

Hybrid processor         : The processor supports enhanced IBRS                     : invalidOS_Processor    Thread_Id       Core_Id         Tile_Id         Package_Id      Core_Type   Native_CPU_Model
The processor supports enhanced IBRS                     : noThe processor supports enhanced IBRS                     : 
no no
The processor is not susceptible to Rogue Data Cache Load: no0               
 
IBRS and IBPB supported  : no
0                
=====  Processor topology  =====
yes
=====  Processor topology  =====

0               
=====  Processor topology  =====
 OS_Processor    Thread_Id       Core_Id         Tile_Id         Package_Id      Core_Type   Native_CPU_Model

OS_Processor    Thread_Id       Core_Id         Tile_Id         Package_Id      Core_Type   Native_CPU_Model
The processor supports enhanced IBRS                     : 0               OS_Processor    Thread_Id       Core_Id         Tile_Id         Package_Id      Core_Type   Native_CPU_Model
 STIBP supported          : 0               0               no0               0                yes0               0               
invalid0                
0               0                
=====  Processor topology  =====
0                Spec arch caps supported : 0               0                OS_Processor    Thread_Id       Core_Id         Tile_Id         Package_Id      Core_Type   Native_CPU_Model
0                yes0               0                0               0               -1              
invalidinvalid 0               invalid
Max CPUID level          :    0                3               22   0                0               
   0                3               CPU model number         :    invalid 3               85     0               
  -1                invalid  
       1                    0                -1              -1               -1              1                

  
1                1               0               1               -1               1               0               1               0               
0               1                1               invalid1               0                1                1               1               invalid 0                0               0                 invalid 1               invalid  -1               1                  
 4               0                   0               invalid    4                    4                    0                   -1              invalid    
   -1                2                 
-1               0                -1              2               
 2                
0               2                2                2               2               0                0               -1              0               2               2                invalid
2               0               2                 2               2               invalid0                 0               0                invalid-1               2               invalid  
  2                   0                   invalid 5                0               -1                  5               
    5               3                   0               0                   invalid  3                    3                 -1                0                 
-1               invalid-1               3               
  
 0               3                 3               -1              3               0                 0               
3               3                 3               3               0               3               -1               3               0               invalid0               
 0               3                invalid6                invalid3                 0                 0                 6                 invalid  6               -1                  0               
    invalid4                    0                    4                    4                 -1                0                 
-1               invalid-1               4               
  
 0               4                 4               -1              4               4               0               0               4                invalid4                  0               0                
-1               4               Number of physical cores: invalid 
 164               4                 7                
0               0                 0                Number of logical cores: 4               invalid  7                164                  7                
0                 -1              0                Number of online logical cores: invalid  
invalid 16   5                -1              
   0                
Threads (logical cores) per physical core:    5                5               1  -1              5                0               
  
0                5               Num sockets:   5               invalid 5               2 -1              0                 0               
 
5                 Number of physical cores: invalidPhysical cores per socket:  5               5                  168-1              0               0                -1               
Number of logical cores: 16

Number of online logical cores: 
Last level cache slices per socket: 165               5               0invalid
5                0               

 Threads (logical cores) per physical core:  0                5               Core PMU (perfmon) version: 8                1 invalid 5               40                
   0               
0                Num sockets:    invalidNumber of core PMU generic (programmable) counters: 8                2  -1               81                
  
 
invalid Physical cores per socket:   6                Width of generic (programmable) counters:    8-1               0                48   

 6                 bits
  -1              Last level cache slices per socket: 6                6                Number of core PMU fixed counters:  
00                0                3  6               
6               -1              invalid 
-1              0               Core PMU (perfmon) version: 6               
  Width of fixed counters: 
6               40               6                -1              
486               0               9                bits
6               6               0               Nominal core frequency: 6               
1               0               invalid21000000000               0               Number of core PMU generic (programmable) counters: 9                invalid  Hz
invalid6               81                  IBRS enabled in the kernel   :  6               
invalid   no 0               Width of generic (programmable) counters:     
  invalid48    STIBP enabled in the kernel  :     bits
    no   Number of core PMU fixed counters:     
  3 -1                The processor is not susceptible to Rogue Data Cache Load: -1               
 
  no
 Width of fixed counters:  7                -1              
7                48 0               -1              
The processor supports enhanced IBRS                     : 0                 bits
 7               
7               no7                Nominal core frequency: -1              7               7               0               
7                0               -1              2100000000invalid

 Hz
 0               7               10              0               IBRS enabled in the kernel   : 7                invalid
=====  Processor topology  =====
0               0               7               no7                 OS_Processor    Thread_Id       Core_Id         Tile_Id         Package_Id      Core_Type   Native_CPU_Model
7               2               7               
0                 0               7               10              0               STIBP enabled in the kernel  : invalid  0               0               1               invalidno   0               invalidinvalid 
   0                   The processor is not susceptible to Rogue Data Cache Load:    0                      no   invalid    
 -1                 -1               The processor supports enhanced IBRS                     :  
 8                 
 no -1              0                 11               
 
0                 0                  
=====  Processor topology  =====
OS_Processor    Thread_Id       Core_Id         Tile_Id         Package_Id      Core_Type   Native_CPU_Model
8               0               0               8               0                0               1                0                3               8               invalid-1               -1              0                11              1                
-1              
0                1               invalid 8               
8               invalid invalid  0               8               0                -1                 0               0               0                
   8               0               8                   1               8               1               1                   invalid1               invalid  0                    invalid    1                       1                  -1                 0                  
  -1              invalid  -1              9                 
 -1              -1              
0                   9                0                 1                
-1              9               
 
9               1               1               1                 12              9               0               invalid9               0                 0               0               1                    1               1                 4               1               9                 invalid1               -1               12              9               1                   0               
 1               1               invalid-1               invalid9               -1              invalidinvalid 
  0               
   10                1               2                  0                 9               0                  2                 1               2                  10                invalid2                  1                  0                  invalid    -1                   invalid -1                  
      
2                     10              0               -1              -1                 -1              0               2               

   
2               2               10              13                -1              10              10              0               0               0                -1              
0               1               invalid2               5                
10              2               invalid 10              13               11              0               10                1               1               -1              0               2               1                  invalidinvalid
3               10              invalid    3               11              1                        0               1               invalid      3               invalid      3                       0                invalid      -1                  -1              
    -1               
11              -1                 
 14              0               
   11               0               3               3                  0                6               11              0                 -1              3                14              1               3                -1              
11              -1              1               invalid3                
11              1               
invalid     0               -1              11              0               invalid12                 invalid
0               3                0                   4               3               11               4                  0               11              1                12              -1                4               1               invalid 1               
  4               invalid  invalid15                0                   0               7                  invalid    15              -1                        -1              1                 

invalid   12               12                  -1              0                0                    -1              
4                4                   
12              12               12                -1              4               0               1                1                -1              
0               4               invalid invalid 
13              4               12                  12              0               4               1                   0               5               0               invalid -1                4               13              invalid  
 -1              12              1                  5                
1               invalid   0                =====  Placement on packages  =====
invalid        5                Package Id.    Core Id.     Processors
        5                -1               0                0              
  invalid-1               013              -1                 
 13              ,0               
    0               15               13                  5               ,13              0                -1                13              21               5                
  1               ,invalid13              -1              13                invalid3     1               
0                -1               ,  invalid5               5                
 4  0               13               14               ,   5               1               -1              0                5-1               5               invalid
6                ,
 0                6               14               614               invalid 0               1                ,0                   -1                
 6                14              invalid  6                70                6                 0                
6                 14               -1              invalid 1              14                1                
  01                 invalid 14                ,invalid    0                -1              1 -1               -1              6                
, 
  
14               14              2 15               6               1                0               , 0                0               invalid 6               3 7                6                 14              , 15               6                 1               4 1                0                -1              invalid, invalid -1              invalid 
 5      
  15                0                 7               -1              7                  ,0               
-1              15                  67               =====  Placement on packages  =====

1                   ,7               Package Id.    Core Id.     Processors
15              invalid    70               0              0                 -1               
invalid07                -1              
 
=====  Core/Tile sharing  =====
 ,15               
15               Level      Processors
Core        11                15              0               -1              ( ,invalid 0               7               
0 2  7               15              7               ) ,  15              1               0               ( 3  1               invalid7               1 ,  invalid   7               0               invalid) (  42   -1              ,) -1                 
5( 
   =====  Placement on packages  =====
,3 8                   Package Id.    Core Id.     Processors
6) 0               -1                0              ,( 0               
   074 8               =====  Placement on packages  =====
  ,
) 1               Package Id.    Core Id.     Processors
 -1              11              (-1              invalid0              -1              
,05
 0
8               2,)=====  Placement on packages  =====
 ,=====  Placement on packages  =====
0               ,1(Package Id.    Core Id.     Processors
 1Package Id.    Core Id.     Processors
0               3,60               ,0              8               ,2)0 201               4,(, ,,1,invalid2 ,, 3537 1,, ,)3 ,46 4(, 2,, ,84 ,57-1              5), 3,

,(5 ,61              9               69, 4,00               ,)6-1              ,7,1               7(,
5
19               
1079               ,
=====  Core/Tile sharing  =====
,1               1              )
0               6Level      Processors
Core       2invalid0(1              1               ,(, ,1109               703 1),1               invalid
 1              ) ,04 ( ,,,( 1211 215 ),) ,,, (2( 326 13,2 ,,, )3) 437 (,( ,,
-1              1443-1              54
=====  Core/Tile sharing  =====

),)
,,Level      Processors
Core       (10              5(10              65(150               ,40               ,,0)2               6)2               76)
Tile / L2$ 10              ,(10              
,((1               751               
=====  Core/Tile sharing  =====
710invalid
)invalidLevel      Processors
Core       
)) 
=====  Core/Tile sharing  =====
(6) ( (7 
=====  Core/Tile sharing  =====
0)( Level      Processors
Core       ()1 (2Level      Processors
Core        (() 8)( 01( )(0 ))2 (3) (() 9)( 12( )(1-1              ))3 (4)
(() 10)(11              23(-1              )(20               ))4
(5)3               (()11              11)(11              34(0               )(31               ))53               (6)invalid(()11              12)((74) )(4 5(8()1                ))5)6(invalid (()()5  136(69()  ))))7(   (((()6  147710()  ))))8( -1              (((()7 
158811()( 12              ))))98)-1              0               
Tile / L2$ ((()(
4               (9912(912              12              0)))10)0               4               1               12              invalid)1                ((invalid( (101) 10( 13))( )10 )((11 () (112) 11( 14))( )11 )((12 () (123) 12( 15))( )12-1              )((13 ()

Tile / L2$ 134)-1              13(13              ())(
)130               0((1413              ()5               )145)0               14(13              ())(5               )141               1(15()615
Tile / L2$ )13              )(((1               )
(0invalid157)invalid
15) ))( )(Package thermal spec power:  
Tile / L2$ (2 
Tile / L2$ 10 (8) () Watt;  0)( 0(Package minimum power:  )(3 )20 (9) () Watt;  1)( 1(Package maximum power:  )(4 )30 (10) () Watt;
-1              2)(-1              2(
)(5
)(414              (11)14              3)0               3)(0               )(6               )(66               (514              (12)(14              7)41               ())invalid81               ((4 ))invalid6
5) (( ))( 913 ((5 )) 76Can't open MCFG table. Check permission of ) (( ))/sys/firmware/acpi/tables/MCFG( 1014 ((
6 )) 87Can't open MCFG table. Check permission of ) (( ))/sys/firmware/acpi/tables/MCFG1( 1115 ((
7-1              )) 98Can't open MCFG table. Check permission of )
(
-1              ))/pcm/sys/firmware/acpi/tables/MCFG(15              12

Package thermal spec power: ((
80               )15              0109Can't open MCFG table. Check permission of )7               (0                Watt; Package minimum power: )0() Watt; 11/pcm/sys/firmware/acpi/tables/MCFG1(Package maximum power: ()
15              101               1309(7               )invalid) Watt;
)1215              ( (()1               WARNING: enumeration of devices in UncorePMUDiscovery failed
11 1410(invalid) ))13 ( (() 12 1511( ) ))14 ( 
(12) 13 
)( ) (Package thermal spec power: 15 (-1              130) 14
) Watt; 
 )=====  Placement on packages  =====
(Package minimum power: 
-1              (Package Id.    Core Id.     Processors
140
Package thermal spec power: 150              ) Watt; 
=====  Placement on packages  =====
0)0(Package maximum power: 0Can't open MCFG table. Check permission of  Watt;
/sys/firmware/acpi/tables/MCFGPackage Id.    Core Id.     Processors

0               Watt; Can't open MCFG table. Check permission of 0
Package minimum power: /sys/firmware/acpi/tables/MCFG1,,15
0
11) Watt; Can't open MCFG table. Check permission of Package thermal spec power: INFO: Linux perf interface to program uncore PMUs is ,,
Package maximum power: present
/pcm/sys/firmware/acpi/tables/MCFG022
0
INFO: using Linux perf interface to program uncore PMUs because env variable PCM_USE_UNCORE_PERF=1
 Watt; ,, Watt;
Package thermal spec power: Can't open MCFG table. Check permission of INFO: Secure Boot detected. Using Linux perf for uncore PMU programming.
Package minimum power: 330/pcm/sys/firmware/acpi/tables/MCFG10,, Watt; 
 Watt; 44Package minimum power: Package maximum power: 
,,0055 Watt;  Watt;
Can't open MCFG table. Check permission of ,,Package maximum power: WARNING: enumeration of devices in UncorePMUDiscovery failed
/sys/firmware/acpi/tables/MCFG660
,, Watt;
Can't open MCFG table. Check permission of 77/sys/firmware/acpi/tables/MCFG1


1              1              Can't open MCFG table. Check permission of 00/pcm/sys/firmware/acpi/tables/MCFG,,
11Can't open MCFG table. Check permission of ,,/pcm/sys/firmware/acpi/tables/MCFG122

,,33,,4,WARNING: enumeration of devices in UncorePMUDiscovery failed
5,64,,Can't open MCFG table. Check permission of 7

5
/sys/firmware/acpi/tables/MCFG
=====  Core/Tile sharing  =====
INFO: Linux perf interface to program uncore PMUs is ,
Level      Processors
Core       present
Can't open MCFG table. Check permission of 6Can't open MCFG table. Check permission of (INFO: using Linux perf interface to program uncore PMUs because env variable PCM_USE_UNCORE_PERF=1
/sys/firmware/acpi/tables/MCFGCan't open MCFG table. Check permission of ,/sys/firmware/acpi/tables/MCFG10INFO: Secure Boot detected. Using Linux perf for uncore PMU programming.

/sys/firmware/acpi/tables/MCFG7
)Can't open MCFG table. Check permission of 

Can't open MCFG table. Check permission of (/sys/firmware/acpi/tables/MCFG1Can't open MCFG table. Check permission of 
=====  Core/Tile sharing  =====
/pcm/sys/firmware/acpi/tables/MCFG1
/sys/firmware/acpi/tables/MCFG1Level      Processors
Core       
)Can't open MCFG table. Check permission of 
(Can't open MCFG table. Check permission of (/pcm/sys/firmware/acpi/tables/MCFGCan't open MCFG table. Check permission of 0/pcm/sys/firmware/acpi/tables/MCFG12
/pcm/sys/firmware/acpi/tables/MCFG)
)Can't open MCFG table. Check permission of 
((/pcm/sys/firmware/acpi/tables/MCFG1Can't open MCFG table. Check permission of 13
/pcm/sys/firmware/acpi/tables/MCFG1)WARNING: enumeration of devices in UncorePMUDiscovery failed
)
((24WARNING: enumeration of devices in UncorePMUDiscovery failed
))((3WARNING: enumeration of devices in UncorePMUDiscovery failed
5))((46))((57))((68))((79))((810))((9)11()INFO: Linux perf interface to program uncore PMUs is 10INFO: Linux perf interface to program uncore PMUs is (present
INFO: Linux perf interface to program uncore PMUs is present
)INFO: Linux perf interface to program uncore PMUs is 12INFO: using Linux perf interface to program uncore PMUs because env variable PCM_USE_UNCORE_PERF=1
present
INFO: using Linux perf interface to program uncore PMUs because env variable PCM_USE_UNCORE_PERF=1
(present
)INFO: Secure Boot detected. Using Linux perf for uncore PMU programming.
INFO: using Linux perf interface to program uncore PMUs because env variable PCM_USE_UNCORE_PERF=1
INFO: Secure Boot detected. Using Linux perf for uncore PMU programming.
11INFO: using Linux perf interface to program uncore PMUs because env variable PCM_USE_UNCORE_PERF=1
(INFO: Secure Boot detected. Using Linux perf for uncore PMU programming.
)INFO: Secure Boot detected. Using Linux perf for uncore PMU programming.
13()12()14()13()15()14
Tile / L2$ )((015))(
Tile / L2$ 1()0()2()1()3()2()4()3()5()4()6()5()7()6()8()7()9()8(10))((119))((1210))((1311))((1412))((1513))
(
14)Package thermal spec power: (015 Watt; )Package minimum power: 
0
 Watt; Package maximum power: Package thermal spec power: 00 Watt;
 Watt; Package minimum power: 0 Watt; Package maximum power: 0 Watt;


Socket Can't open MCFG table. Check permission of 0/sys/firmware/acpi/tables/MCFG: 
2Can't open MCFG table. Check permission of  memory controllers detected with total number of /sys/firmware/acpi/tables/MCFG16Can't open MCFG table. Check permission of 
 channels. /sys/firmware/acpi/tables/MCFGCan't open MCFG table. Check permission of 2
/pcm/sys/firmware/acpi/tables/MCFG Can't open MCFG table. Check permission of 
UPI/sys/firmware/acpi/tables/MCFG1Can't open MCFG table. Check permission of  ports detected.
/pcm/sys/firmware/acpi/tables/MCFG1 Can't open MCFG table. Check permission of 
2/pcm/sys/firmware/acpi/tables/MCFG M2M (mesh to memory) blocks detected. 
0Can't open MCFG table. Check permission of  Home Agents detected. /pcm/sys/firmware/acpi/tables/MCFG12
 M3UPI blocks detected.
WARNING: enumeration of devices in UncorePMUDiscovery failed
WARNING: enumeration of devices in UncorePMUDiscovery failed
INFO: Linux perf interface to program uncore PMUs is present
INFO: using Linux perf interface to program uncore PMUs because env variable PCM_USE_UNCORE_PERF=1
INFO: Secure Boot detected. Using Linux perf for uncore PMU programming.
Socket 0: 2 memory controllers detected with total number of 6 channels. 2 UPI ports detected. 2 M2M (mesh to memory) blocks detected. 0 Home Agents detected. 2 M3UPI blocks detected.
INFO: Linux perf interface to program uncore PMUs is present
INFO: using Linux perf interface to program uncore PMUs because env variable PCM_USE_UNCORE_PERF=1
INFO: Secure Boot detected. Using Linux perf for uncore PMU programming.
Socket 0Socket : 2Socket 0 memory controllers detected with total number of Socket 0: 60: 2 channels. : 2 memory controllers detected with total number of 22 memory controllers detected with total number of 6  memory controllers detected with total number of 6 channels. UPI6 channels. 2 ports detected. channels. 2  2 UPI2 UPI ports detected. M2M (mesh to memory) blocks detected. UPI ports detected. 0 ports detected. 2 Home Agents detected.  2 M2M (mesh to memory) blocks detected. 22 M2M (mesh to memory) blocks detected. 0 M3UPI blocks detected.
 M2M (mesh to memory) blocks detected. 0 Home Agents detected. 0 Home Agents detected. 2 Home Agents detected. 2 M3UPI blocks detected.
2 M3UPI blocks detected.
 M3UPI blocks detected.
Socket 1: 2 memory controllers detected with total number of 6 channels. 2 UPI ports detected. 2 M2M (mesh to memory) blocks detected. 0 Home Agents detected. 2 M3UPI blocks detected.
Socket 0: 2 memory controllers detected with total number of 6 channels. 2 UPI ports detected. 2 M2M (mesh to memory) blocks detected. 0 Home Agents detected. 2 M3UPI blocks detected.
Socket 1: 2 memory controllers detected with total number of 6 channels. 2 UPI ports detected. 2 M2M (mesh to memory) blocks detected. 0 Home Agents detected. 2 M3UPI blocks detected.
Socket 0: 2 memory controllers detected with total number of 6 channels. 2 UPI ports detected. 2 M2M (mesh to memory) blocks detected. 0 Home Agents detected. 2 M3UPI blocks detected.
Socket 1: 2 memory controllers detected with total number of 6 channels. 2 UPI ports detected. 2 M2M (mesh to memory) blocks detected. 0 Home Agents detected. 2 M3UPI blocks detected.
Socket 1Socket : 2Socket 1 memory controllers detected with total number of 1: 6: 2 channels. 2 memory controllers detected with total number of 2 memory controllers detected with total number of 6 6 channels. UPI channels. 2 ports detected.2   UPI2UPI ports detected. M2M (mesh to memory) blocks detected.  ports detected. 0 2 Home Agents detected. 2 M2M (mesh to memory) blocks detected. 2 M2M (mesh to memory) blocks detected. 0 M3UPI blocks detected.
0 Home Agents detected.  Home Agents detected. 22 M3UPI blocks detected.
 M3UPI blocks detected.
Socket 1: 2 memory controllers detected with total number of 6 channels. 2 UPI ports detected. 2 M2M (mesh to memory) blocks detected. 0 Home Agents detected. 2 M3UPI blocks detected.
Socket 1: 2 memory controllers detected with total number of 6 channels. 2 UPI ports detected. 2 M2M (mesh to memory) blocks detected. 0 Home Agents detected. 2 M3UPI blocks detected.
INFO: using Linux resctrl driver for RDT metrics (L3OCC, LMB, RMB) because environment variable PCM_USE_RESCTRL=1
ERROR: /sys/fs/resctrl is not mounted
ERROR: RDT metrics (L3OCC,LMB,RMB) will not be available
Mount it to make it work: mount -t resctrl resctrl /sys/fs/resctrl

 Closed perf event handles
Trying to use Linux perf events...
INFO: using Linux resctrl driver for RDT metrics (L3OCC, LMB, RMB) because environment variable PCM_USE_RESCTRL=1
ERROR: /sys/fs/resctrl is not mounted
ERROR: RDT metrics (L3OCC,LMB,RMB) will not be available
Mount it to make it work: mount -t resctrl resctrl /sys/fs/resctrl
INFO: using Linux resctrl driver for RDT metrics (L3OCC, LMB, RMB) because environment variable PCM_USE_RESCTRL=1
ERROR: /sys/fs/resctrl is not mounted
ERROR: RDT metrics (L3OCC,LMB,RMB) will not be available
Mount it to make it work: mount -t resctrl resctrl /sys/fs/resctrl

INFO: using Linux resctrl driver for RDT metrics (L3OCC, LMB, RMB) because environment variable PCM_USE_RESCTRL=1
ERROR: /sys/fs/resctrl is not mounted
ERROR: RDT metrics (L3OCC,LMB,RMB) will not be available
Mount it to make it work: mount -t resctrl resctrl /sys/fs/resctrl
INFO: using Linux resctrl driver for RDT metrics (L3OCC, LMB, RMB) because environment variable PCM_USE_RESCTRL=1
INFO: using Linux resctrl driver for RDT metrics (L3OCC, LMB, RMB) because environment variable PCM_USE_RESCTRL=1
 Closed perf event handles
ERROR: /sys/fs/resctrl is not mounted
ERROR: /sys/fs/resctrl is not mounted
INFO: using Linux resctrl driver for RDT metrics (L3OCC, LMB, RMB) because environment variable PCM_USE_RESCTRL=1
Trying to use Linux perf events...
ERROR: RDT metrics (L3OCC,LMB,RMB) will not be available

ERROR: RDT metrics (L3OCC,LMB,RMB) will not be available
ERROR: /sys/fs/resctrl is not mounted
Mount it to make it work: mount -t resctrl resctrl /sys/fs/resctrl
Mount it to make it work: mount -t resctrl resctrl /sys/fs/resctrl
ERROR: RDT metrics (L3OCC,LMB,RMB) will not be available
Mount it to make it work: mount -t resctrl resctrl /sys/fs/resctrl
 Closed perf event handles

Trying to use Linux perf events...
INFO: using Linux resctrl driver for RDT metrics (L3OCC, LMB, RMB) because environment variable PCM_USE_RESCTRL=1

ERROR: /sys/fs/resctrl is not mounted
ERROR: RDT metrics (L3OCC,LMB,RMB) will not be available
Mount it to make it work: mount -t resctrl resctrl /sys/fs/resctrl


 Closed perf event handles
Trying to use Linux perf events...
 Closed perf event handles
 Closed perf event handles
Trying to use Linux perf events...
Trying to use Linux perf events...
 Closed perf event handles
Trying to use Linux perf events...

 Closed perf event handles
Successfully programmed on-core PMU using Linux perf
Trying to use Linux perf events...
Successfully programmed on-core PMU using Linux perf
Successfully programmed on-core PMU using Linux perf
Successfully programmed on-core PMU using Linux perf
Successfully programmed on-core PMU using Linux perf
Successfully programmed on-core PMU using Linux perf
Successfully programmed on-core PMU using Linux perf
Successfully programmed on-core PMU using Linux perf
Socket 0
Max UPI link 0 speed: 2.5 GBytes/second (1.1 GT/second)
Max UPI link 1 speed: 2.5 GBytes/second (1.1 GT/second)
Socket 1
Max UPI link 0 speed: 2.3 GBytes/second (1.0 GT/second)
Max UPI link 1 speed: 2.3 GBytes/second (1.0 GT/second)

Detected Intel(R) Xeon(R) Silver 4208 CPU @ 2.10GHz "Intel(r) microarchitecture codename Cascade Lake-SP" stepping 7

Executing "./VH/ior/src/ior" command:
Socket 0
Max UPI link 0 speed: 2.1 GBytes/second (0.9 GT/second)
Max UPI link 1 speed: 2.1 GBytes/second (0.9 GT/second)
Socket 1
Max UPI link 0 speed: 2.4 GBytes/second (1.1 GT/second)
Max UPI link 1 speed: 2.4 GBytes/second (1.1 GT/second)

Detected Intel(R) Xeon(R) Silver 4208 CPU @ 2.10GHz "Intel(r) microarchitecture codename Cascade Lake-SP" stepping 7

Executing "./VH/ior/src/ior" command:
Socket 0
Max UPI link 0 speed: 2.1 GBytes/second (0.9 GT/second)
Max UPI link 1 speed: 2.1 GBytes/second (0.9 GT/second)
Socket 1
Max UPI link 0 speed: 2.5 GBytes/second (1.1 GT/second)
Max UPI link 1 speed: 2.5 GBytes/second (1.1 GT/second)

Detected Intel(R) Xeon(R) Silver 4208 CPU @ 2.10GHz "Intel(r) microarchitecture codename Cascade Lake-SP" stepping 7

Executing "./VH/ior/src/ior" command:
Socket 0
Max UPI link 0 speed: 2.5 GBytes/second (1.1 GT/second)
Max UPI link 1 speed: 2.5 GBytes/second (1.1 GT/second)
Socket 1
Max UPI link 0 speed: 2.1 GBytes/second (1.0 GT/second)
Max UPI link 1 speed: 2.1 GBytes/second (1.0 GT/second)

Detected Intel(R) Xeon(R) Silver 4208 CPU @ 2.10GHz "Intel(r) microarchitecture codename Cascade Lake-SP" stepping 7
Socket 0
Max UPI link 0 speed: 2.2 GBytes/second (1.0 GT/second)
Max UPI link 1 speed: 2.2 GBytes/second (1.0 GT/second)
Socket 1
Max UPI link 0 speed: 2.3 GBytes/second (1.0 GT/second)
Max UPI link 1 speed: 2.3 GBytes/second (1.0 GT/second)

Detected Intel(R) Xeon(R) Silver 4208 CPU @ 2.10GHz "Intel(r) microarchitecture codename Cascade Lake-SP" stepping 7

Executing "./VH/ior/src/ior" command:

Executing "./VH/ior/src/ior" command:
Socket 0
Max UPI link 0 speed: 2.3 GBytes/second (1.0 GT/second)
Max UPI link 1 speed: 2.3 GBytes/second (1.0 GT/second)
Socket 1
Max UPI link 0 speed: 2.1 GBytes/second (1.0 GT/second)
Max UPI link 1 speed: 2.1 GBytes/second (1.0 GT/second)

Detected Intel(R) Xeon(R) Silver 4208 CPU @ 2.10GHz "Intel(r) microarchitecture codename Cascade Lake-SP" stepping 7
Socket 0
Max UPI link 0 speed: 2.5 GBytes/second (1.1 GT/second)
Max UPI link 1 speed: 2.5 GBytes/second (1.1 GT/second)
Socket 1
Max UPI link 0 speed: 2.5 GBytes/second (1.1 GT/second)
Max UPI link 1 speed: 2.5 GBytes/second (1.1 GT/second)

Detected Intel(R) Xeon(R) Silver 4208 CPU @ 2.10GHz "Intel(r) microarchitecture codename Cascade Lake-SP" stepping 7

Executing "./VH/ior/src/ior" command:

Executing "./VH/ior/src/ior" command:
Socket 0
Max UPI link 0 speed: 2.4 GBytes/second (1.1 GT/second)
Max UPI link 1 speed: 2.4 GBytes/second (1.1 GT/second)
Socket 1
Max UPI link 0 speed: 2.5 GBytes/second (1.1 GT/second)
Max UPI link 1 speed: 2.5 GBytes/second (1.1 GT/second)

Detected Intel(R) Xeon(R) Silver 4208 CPU @ 2.10GHz "Intel(r) microarchitecture codename Cascade Lake-SP" stepping 7

Executing "./VH/ior/src/ior" command:
IOR-4.1.0+dev: MPI Coordinated Test of Parallel I/O
Began               : Tue Mar 19 10:05:11 2024
Command line        : ./VH/ior/src/ior -t 1m -b 8m -s 8 -F
Machine             : Linux muffin
TestID              : 0
StartTime           : Tue Mar 19 10:05:11 2024
Path                : testFile.00000000
FS                  : 79.0 TiB   Used FS: 12.7%   Inodes: 16179.2 Mi   Used Inodes: 0.2%

Options: 
api                 : POSIX
apiVersion          : 
test filename       : testFile
access              : file-per-process
type                : independent
segments            : 8
ordering in a file  : sequential
ordering inter file : no tasks offsets
nodes               : 1
tasks               : 8
clients per node    : 8
memoryBuffer        : CPU
dataAccess          : CPU
GPUDirect           : 0
repetitions         : 1
xfersize            : 1 MiB
blocksize           : 8 MiB
aggregate filesize  : 512 MiB

Results: 

access    bw(MiB/s)  IOPS       Latency(s)  block(KiB) xfer(KiB)  open(s)    wr/rd(s)   close(s)   total(s)   iter
------    ---------  ----       ----------  ---------- ---------  --------   --------   --------   --------   ----
write     11.18      123.10     0.004795    8192       1024.00    4.13       4.16       45.77      45.81      0   
read      44.80      44.80      0.001756    8192       1024.00    0.000722   11.43      11.42      11.43      0   

Summary of all tests:
Operation   Max(MiB)   Min(MiB)  Mean(MiB)     StdDev   Max(OPs)   Min(OPs)  Mean(OPs)     StdDev    Mean(s) Stonewall(s) Stonewall(MiB) Test# #Tasks tPN reps fPP reord reordoff reordrand seed segcnt   blksiz    xsize aggs(MiB)   API RefNum
write          11.18      11.18      11.18       0.00      11.18      11.18      11.18       0.00   45.80579         NA            NA     0      8   8    1   1     0        1         0    0      8  8388608  1048576     512.0 POSIX      0
read           44.80      44.80      44.80       0.00      44.80      44.80      44.80       0.00   11.42824         NA            NA     0      8   8    1   1     0        1         0    0      8  8388608  1048576     512.0 POSIX      0
Finished            : Tue Mar 19 10:06:08 2024
DEBUG: caught signal to interrupt (Child exited).
Cleaning up
 Closed perf event handles
DEBUG: caught signal to interrupt (Child exited).
Cleaning up
 Closed perf event handles
DEBUG: caught signal to interrupt (DEBUG: caught signal to interrupt (Child exited).
Child exited).
Cleaning up
Cleaning up
DEBUG: caught signal to interrupt (DEBUG: caught signal to interrupt (DEBUG: caught signal to interrupt (Child exitedDEBUG: caught signal to interrupt ().
Child exited).
Child exited).
Cleaning up
Cleaning up
Cleaning up
Child exited).
Cleaning up
 Closed perf event handles
 Closed perf event handles
 Closed perf event handles
 Closed perf event handles
 Closed perf event handles
 Closed perf event handles
 Zeroed uncore PMU registers
 Zeroed uncore PMU registers
 Zeroed uncore PMU registers
 Zeroed uncore PMU registers
 Zeroed uncore PMU registers
 Zeroed uncore PMU registers
 Zeroed uncore PMU registers
 Zeroed uncore PMU registers
	Command being timed: "mpirun -vh -np 8 /usr/sbin/pcm 0.1 -csv=./output/6/vh_IOR_VH_6.csv -- ./VH/ior/src/ior -t 1m -b 8m -s 8 -F"
	User time (seconds): 2.78
	System time (seconds): 2.21
	Percent of CPU this job got: 8%
	Elapsed (wall clock) time (h:mm:ss or m:ss): 0:58.67
	Average shared text size (kbytes): 0
	Average unshared data size (kbytes): 0
	Average stack size (kbytes): 0
	Average total size (kbytes): 0
	Maximum resident set size (kbytes): 141564
	Average resident set size (kbytes): 0
	Major (requiring I/O) page faults: 2
	Minor (reclaiming a frame) page faults: 5758
	Voluntary context switches: 67260
	Involuntary context switches: 5418
	Swaps: 0
	File system inputs: 0
	File system outputs: 4448
	Socket messages sent: 0
	Socket messages received: 0
	Signals delivered: 0
	Page size (bytes): 4096
	Exit status: 0
